20 Jan 2017, 20:38:06.397 [   INFO] [   FXGL.SystemLogger] [JavaFX Application Thread] System Logger is initialized
20 Jan 2017, 20:38:06.413 [  FINER] [   FXGL.SystemLogger] [JavaFX Application Thread] Logging System Info
20 Jan 2017, 20:38:06.414 [  FINER] [   FXGL.SystemLogger] [JavaFX Application Thread] CPU cores: 4
20 Jan 2017, 20:38:06.415 [  FINER] [   FXGL.SystemLogger] [JavaFX Application Thread] Free Memory: 230MB
20 Jan 2017, 20:38:06.416 [  FINER] [   FXGL.SystemLogger] [JavaFX Application Thread] Max Memory: 3620MB
20 Jan 2017, 20:38:06.416 [  FINER] [   FXGL.SystemLogger] [JavaFX Application Thread] Total Memory: 246MB
20 Jan 2017, 20:38:06.418 [  FINER] [   FXGL.SystemLogger] [JavaFX Application Thread] System Properties:
20 Jan 2017, 20:38:06.419 [  FINER] [   FXGL.SystemLogger] [JavaFX Application Thread] sun.cpu.isalist=amd64
20 Jan 2017, 20:38:06.419 [  FINER] [   FXGL.SystemLogger] [JavaFX Application Thread] sun.desktop=windows
20 Jan 2017, 20:38:06.420 [  FINER] [   FXGL.SystemLogger] [JavaFX Application Thread] sun.io.unicode.encoding=UnicodeLittle
20 Jan 2017, 20:38:06.420 [  FINER] [   FXGL.SystemLogger] [JavaFX Application Thread] sun.cpu.endian=little
20 Jan 2017, 20:38:06.420 [  FINER] [   FXGL.SystemLogger] [JavaFX Application Thread] java.vendor.url.bug=http://bugreport.sun.com/bugreport/
20 Jan 2017, 20:38:06.421 [  FINER] [   FXGL.SystemLogger] [JavaFX Application Thread] file.separator=\
20 Jan 2017, 20:38:06.421 [  FINER] [   FXGL.SystemLogger] [JavaFX Application Thread] java.vendor=Oracle Corporation
20 Jan 2017, 20:38:06.421 [  FINER] [   FXGL.SystemLogger] [JavaFX Application Thread] sun.boot.class.path=C:\Program Files\Java\jdk1.8.0_111\jre\lib\resources.jar;C:\Program Files\Java\jdk1.8.0_111\jre\lib\rt.jar;C:\Program Files\Java\jdk1.8.0_111\jre\lib\sunrsasign.jar;C:\Program Files\Java\jdk1.8.0_111\jre\lib\jsse.jar;C:\Program Files\Java\jdk1.8.0_111\jre\lib\jce.jar;C:\Program Files\Java\jdk1.8.0_111\jre\lib\charsets.jar;C:\Program Files\Java\jdk1.8.0_111\jre\lib\jfr.jar;C:\Program Files\Java\jdk1.8.0_111\jre\classes
20 Jan 2017, 20:38:06.421 [  FINER] [   FXGL.SystemLogger] [JavaFX Application Thread] java.ext.dirs=C:\Program Files\Java\jdk1.8.0_111\jre\lib\ext;C:\WINDOWS\Sun\Java\lib\ext
20 Jan 2017, 20:38:06.422 [  FINER] [   FXGL.SystemLogger] [JavaFX Application Thread] java.version=1.8.0_111
20 Jan 2017, 20:38:06.422 [  FINER] [   FXGL.SystemLogger] [JavaFX Application Thread] java.vm.info=mixed mode
20 Jan 2017, 20:38:06.423 [  FINER] [   FXGL.SystemLogger] [JavaFX Application Thread] awt.toolkit=sun.awt.windows.WToolkit
20 Jan 2017, 20:38:06.423 [  FINER] [   FXGL.SystemLogger] [JavaFX Application Thread] user.language=en
20 Jan 2017, 20:38:06.425 [  FINER] [   FXGL.SystemLogger] [JavaFX Application Thread] java.specification.vendor=Oracle Corporation
20 Jan 2017, 20:38:06.425 [  FINER] [   FXGL.SystemLogger] [JavaFX Application Thread] sun.java.command=io.github.tdselliott.ml.MotherLoadApp
20 Jan 2017, 20:38:06.425 [  FINER] [   FXGL.SystemLogger] [JavaFX Application Thread] java.home=C:\Program Files\Java\jdk1.8.0_111\jre
20 Jan 2017, 20:38:06.426 [  FINER] [   FXGL.SystemLogger] [JavaFX Application Thread] sun.arch.data.model=64
20 Jan 2017, 20:38:06.426 [  FINER] [   FXGL.SystemLogger] [JavaFX Application Thread] java.vm.specification.version=1.8
20 Jan 2017, 20:38:06.427 [  FINER] [   FXGL.SystemLogger] [JavaFX Application Thread] java.class.path=C:\Users\Vic Spet\Documents\NetBeansProjects\MotherLoadProject\MotherLoad\lib\fxgl-0.2.9-uber.jar;C:\Users\Vic Spet\Documents\NetBeansProjects\MotherLoadProject\MotherLoad\build\classes
20 Jan 2017, 20:38:06.428 [  FINER] [   FXGL.SystemLogger] [JavaFX Application Thread] user.name=Vic Spet
20 Jan 2017, 20:38:06.428 [  FINER] [   FXGL.SystemLogger] [JavaFX Application Thread] file.encoding=UTF-8
20 Jan 2017, 20:38:06.429 [  FINER] [   FXGL.SystemLogger] [JavaFX Application Thread] java.specification.version=1.8
20 Jan 2017, 20:38:06.429 [  FINER] [   FXGL.SystemLogger] [JavaFX Application Thread] java.awt.printerjob=sun.awt.windows.WPrinterJob
20 Jan 2017, 20:38:06.429 [  FINER] [   FXGL.SystemLogger] [JavaFX Application Thread] user.timezone=America/New_York
20 Jan 2017, 20:38:06.430 [  FINER] [   FXGL.SystemLogger] [JavaFX Application Thread] user.home=C:\Users\Vic Spet
20 Jan 2017, 20:38:06.430 [  FINER] [   FXGL.SystemLogger] [JavaFX Application Thread] os.version=10.0
20 Jan 2017, 20:38:06.430 [  FINER] [   FXGL.SystemLogger] [JavaFX Application Thread] sun.management.compiler=HotSpot 64-Bit Tiered Compilers
20 Jan 2017, 20:38:06.430 [  FINER] [   FXGL.SystemLogger] [JavaFX Application Thread] java.specification.name=Java Platform API Specification
20 Jan 2017, 20:38:06.431 [  FINER] [   FXGL.SystemLogger] [JavaFX Application Thread] java.class.version=52.0
20 Jan 2017, 20:38:06.431 [  FINER] [   FXGL.SystemLogger] [JavaFX Application Thread] java.library.path=C:\Program Files\Java\jdk1.8.0_111\bin;C:\WINDOWS\Sun\Java\bin;C:\WINDOWS\system32;C:\WINDOWS;C:\ProgramData\Oracle\Java\javapath;C:\Program Files (x86)\Intel\iCLS Client\;C:\Program Files\Intel\iCLS Client\;C:\Windows\system32;C:\Windows;C:\Windows\System32\Wbem;C:\Windows\System32\WindowsPowerShell\v1.0\;C:\Program Files (x86)\Intel\Intel(R) Management Engine Components\DAL;C:\Program Files\Intel\Intel(R) Management Engine Components\DAL;C:\Program Files (x86)\Intel\Intel(R) Management Engine Components\IPT;C:\Program Files\Intel\Intel(R) Management Engine Components\IPT;C:\Program Files (x86)\NVIDIA Corporation\PhysX\Common;C:\Program Files\Intel\WiFi\bin\;C:\Program Files\Common Files\Intel\WirelessCommon\;C:\WINDOWS\system32;C:\WINDOWS;C:\WINDOWS\System32\Wbem;C:\WINDOWS\System32\WindowsPowerShell\v1.0\;C:\Program Files (x86)\AOMEI Backupper;C:\Users\Vic Spet\AppData\Local\Microsoft\WindowsApps;;.
20 Jan 2017, 20:38:06.431 [  FINER] [   FXGL.SystemLogger] [JavaFX Application Thread] sun.jnu.encoding=Cp1252
20 Jan 2017, 20:38:06.431 [  FINER] [   FXGL.SystemLogger] [JavaFX Application Thread] os.name=Windows 10
20 Jan 2017, 20:38:06.431 [  FINER] [   FXGL.SystemLogger] [JavaFX Application Thread] user.variant=
20 Jan 2017, 20:38:06.432 [  FINER] [   FXGL.SystemLogger] [JavaFX Application Thread] java.vm.specification.vendor=Oracle Corporation
20 Jan 2017, 20:38:06.432 [  FINER] [   FXGL.SystemLogger] [JavaFX Application Thread] java.io.tmpdir=C:\Users\VICSPE~1\AppData\Local\Temp\
20 Jan 2017, 20:38:06.432 [  FINER] [   FXGL.SystemLogger] [JavaFX Application Thread] line.separator=

20 Jan 2017, 20:38:06.432 [  FINER] [   FXGL.SystemLogger] [JavaFX Application Thread] java.endorsed.dirs=C:\Program Files\Java\jdk1.8.0_111\jre\lib\endorsed
20 Jan 2017, 20:38:06.432 [  FINER] [   FXGL.SystemLogger] [JavaFX Application Thread] os.arch=amd64
20 Jan 2017, 20:38:06.433 [  FINER] [   FXGL.SystemLogger] [JavaFX Application Thread] javafx.runtime.version=8.0.111-b14
20 Jan 2017, 20:38:06.433 [  FINER] [   FXGL.SystemLogger] [JavaFX Application Thread] java.awt.graphicsenv=sun.awt.Win32GraphicsEnvironment
20 Jan 2017, 20:38:06.433 [  FINER] [   FXGL.SystemLogger] [JavaFX Application Thread] java.runtime.version=1.8.0_111-b14
20 Jan 2017, 20:38:06.433 [  FINER] [   FXGL.SystemLogger] [JavaFX Application Thread] java.vm.specification.name=Java Virtual Machine Specification
20 Jan 2017, 20:38:06.434 [  FINER] [   FXGL.SystemLogger] [JavaFX Application Thread] user.dir=C:\Users\Vic Spet\Documents\NetBeansProjects\MotherLoadProject\MotherLoad
20 Jan 2017, 20:38:06.434 [  FINER] [   FXGL.SystemLogger] [JavaFX Application Thread] user.country=CA
20 Jan 2017, 20:38:06.434 [  FINER] [   FXGL.SystemLogger] [JavaFX Application Thread] user.script=
20 Jan 2017, 20:38:06.434 [  FINER] [   FXGL.SystemLogger] [JavaFX Application Thread] sun.java.launcher=SUN_STANDARD
20 Jan 2017, 20:38:06.435 [  FINER] [   FXGL.SystemLogger] [JavaFX Application Thread] sun.os.patch.level=
20 Jan 2017, 20:38:06.435 [  FINER] [   FXGL.SystemLogger] [JavaFX Application Thread] java.vm.name=Java HotSpot(TM) 64-Bit Server VM
20 Jan 2017, 20:38:06.435 [  FINER] [   FXGL.SystemLogger] [JavaFX Application Thread] file.encoding.pkg=sun.io
20 Jan 2017, 20:38:06.435 [  FINER] [   FXGL.SystemLogger] [JavaFX Application Thread] path.separator=;
20 Jan 2017, 20:38:06.436 [  FINER] [   FXGL.SystemLogger] [JavaFX Application Thread] java.vm.vendor=Oracle Corporation
20 Jan 2017, 20:38:06.436 [  FINER] [   FXGL.SystemLogger] [JavaFX Application Thread] java.vendor.url=http://java.oracle.com/
20 Jan 2017, 20:38:06.436 [  FINER] [   FXGL.SystemLogger] [JavaFX Application Thread] sun.boot.library.path=C:\Program Files\Java\jdk1.8.0_111\jre\bin
20 Jan 2017, 20:38:06.436 [  FINER] [   FXGL.SystemLogger] [JavaFX Application Thread] java.vm.version=25.111-b14
20 Jan 2017, 20:38:06.436 [  FINER] [   FXGL.SystemLogger] [JavaFX Application Thread] java.runtime.name=Java(TM) SE Runtime Environment
20 Jan 2017, 20:38:06.437 [  FINER] [   FXGL.SystemLogger] [JavaFX Application Thread] javafx.version=8.0.111
20 Jan 2017, 20:38:06.440 [   INFO] [   FXGL.SystemLogger] [JavaFX Application Thread] FXGL-0.2.9
20 Jan 2017, 20:38:06.441 [   INFO] [   FXGL.SystemLogger] [JavaFX Application Thread] Source code and latest versions at: https://github.com/AlmasB/FXGL
20 Jan 2017, 20:38:06.443 [   INFO] [   FXGL.SystemLogger] [JavaFX Application Thread]              Join the FXGL chat at: https://gitter.im/AlmasB/FXGL
20 Jan 2017, 20:38:06.495 [  FINER] [   FXGL.SystemLogger] [JavaFX Application Thread] Starting JavaFX
20 Jan 2017, 20:38:06.496 [  FINER] [   FXGL.SystemLogger] [          JavaFX-Launcher] Initializing FXGL
20 Jan 2017, 20:38:06.514 [  FINER] [   FXGL.SystemLogger] [JavaFX Application Thread] Starting FXGL
20 Jan 2017, 20:38:06.737 [  FINER] [   FXGL.SystemLogger] [     FXGL Launcher Thread] Configuring FXGL
20 Jan 2017, 20:38:06.738 [  FINER] [   FXGL.SystemLogger] [     FXGL Launcher Thread] Initializing system properties
20 Jan 2017, 20:38:06.762 [  FINER] [   FXGL.SystemLogger] [     FXGL Launcher Thread] sound.notification = system/notification.wav
20 Jan 2017, 20:38:06.763 [  FINER] [   FXGL.SystemLogger] [     FXGL Launcher Thread] url.storage = https://raw.githubusercontent.com/AlmasB/git-server/master/storage/
20 Jan 2017, 20:38:06.763 [  FINER] [   FXGL.SystemLogger] [     FXGL Launcher Thread] asset.cache.size = 35
20 Jan 2017, 20:38:06.763 [  FINER] [   FXGL.SystemLogger] [     FXGL Launcher Thread] fs.profiledir = profiles/
20 Jan 2017, 20:38:06.764 [  FINER] [   FXGL.SystemLogger] [     FXGL Launcher Thread] url.pom = https://raw.githubusercontent.com/AlmasB/FXGL/master/pom.xml
20 Jan 2017, 20:38:06.764 [  FINER] [   FXGL.SystemLogger] [     FXGL Launcher Thread] dev.showbbox = false
20 Jan 2017, 20:38:06.764 [  FINER] [   FXGL.SystemLogger] [     FXGL Launcher Thread] fs.datafile.ext = .dat
20 Jan 2017, 20:38:06.764 [  FINER] [   FXGL.SystemLogger] [     FXGL Launcher Thread] sound.menu.back = menu/back.wav
20 Jan 2017, 20:38:06.765 [  FINER] [   FXGL.SystemLogger] [     FXGL Launcher Thread] sound.menu.select = menu/select.wav
20 Jan 2017, 20:38:06.765 [  FINER] [   FXGL.SystemLogger] [     FXGL Launcher Thread] url.github = https://github.com/AlmasB/FXGL
20 Jan 2017, 20:38:06.765 [  FINER] [   FXGL.SystemLogger] [     FXGL Launcher Thread] url.surveymonkey = https://www.surveymonkey.co.uk/r/BH6LLPM
20 Jan 2017, 20:38:06.765 [  FINER] [   FXGL.SystemLogger] [     FXGL Launcher Thread] physics.ppm = 50.0
20 Jan 2017, 20:38:06.766 [  FINER] [   FXGL.SystemLogger] [     FXGL Launcher Thread] ui.css = fxgl.css
20 Jan 2017, 20:38:06.767 [  FINER] [   FXGL.SystemLogger] [     FXGL Launcher Thread] version.check.days = 7
20 Jan 2017, 20:38:06.767 [  FINER] [   FXGL.SystemLogger] [     FXGL Launcher Thread] fs.savefile.ext = .sav
20 Jan 2017, 20:38:06.767 [  FINER] [   FXGL.SystemLogger] [     FXGL Launcher Thread] pooling.initialSize = 128
20 Jan 2017, 20:38:06.768 [  FINER] [   FXGL.SystemLogger] [     FXGL Launcher Thread] ui.font = Copperplate_Gothic_Light_Regular.ttf
20 Jan 2017, 20:38:06.768 [  FINER] [   FXGL.SystemLogger] [     FXGL Launcher Thread] fs.savedir = saves/
20 Jan 2017, 20:38:06.768 [  FINER] [   FXGL.SystemLogger] [     FXGL Launcher Thread] fs.profilename = user.profile
20 Jan 2017, 20:38:06.769 [  FINER] [   FXGL.SystemLogger] [     FXGL Launcher Thread] ui.icon.name = fxgl_icon.png
20 Jan 2017, 20:38:06.769 [  FINER] [   FXGL.SystemLogger] [     FXGL Launcher Thread] url.googleforms = https://goo.gl/forms/6wrMnOBxTE1fEpOy2
20 Jan 2017, 20:38:06.769 [  FINER] [   FXGL.SystemLogger] [     FXGL Launcher Thread] sound.menu.press = menu/press.wav
20 Jan 2017, 20:38:06.770 [  FINER] [   FXGL.SystemLogger] [     FXGL Launcher Thread] Initializing user properties
20 Jan 2017, 20:38:06.770 [   INFO] [   FXGL.SystemLogger] [     FXGL Launcher Thread] User properties not found. Using system
20 Jan 2017, 20:38:06.771 [  FINER] [   FXGL.SystemLogger] [     FXGL Launcher Thread] Initializing app settings
20 Jan 2017, 20:38:06.778 [  FINER] [   FXGL.SystemLogger] [     FXGL Launcher Thread] Logging settings
Title: MotherLoad
Version: 0.5 [BETA]
Width: 800
Height: 700
Fullscreen: false
Intro: false
Menus: false
Profiling: true
App Mode: DEVELOPER
Menu Style: FXGL_DEFAULT
Menu Key: ESCAPE
Services: []
20 Jan 2017, 20:38:07.455 [  FINER] [   FXGL.SystemLogger] [     FXGL Launcher Thread] FXGL configuration complete
20 Jan 2017, 20:38:07.455 [   INFO] [   FXGL.SystemLogger] [     FXGL Launcher Thread] FXGL configuration took:  0.717 sec
20 Jan 2017, 20:38:07.459 [  FINER] [   FXGL.SystemLogger] [JavaFX Application Thread] Running task: UpdaterTask
20 Jan 2017, 20:38:07.463 [  FINER] [   FXGL.SystemLogger] [     FXGL Launcher Thread] Running task: PreInitTask
20 Jan 2017, 20:38:07.539 [  FINER] [   FXGL.SystemLogger] [     FXGL Launcher Thread] Running task: InitScenesTask
20 Jan 2017, 20:38:07.877 [  FINER] [   FXGL.SystemLogger] [     FXGL Launcher Thread] Running task: InitEventHandlersTask
20 Jan 2017, 20:38:07.925 [  FINER] [   FXGL.SystemLogger] [     FXGL Launcher Thread] Running task: InitProfilerTask
20 Jan 2017, 20:38:07.931 [  FINER] [   FXGL.SystemLogger] [     FXGL Launcher Thread] Pausing main loop
20 Jan 2017, 20:38:07.933 [  FINER] [   FXGL.SystemLogger] [     FXGL Launcher Thread] Resetting FXGL application
20 Jan 2017, 20:38:08.026 [   INFO] [   FXGL.SystemLogger] [     FXGL Launcher Thread] Game configuration took:  0.563 sec
20 Jan 2017, 20:38:08.357 [   INFO] [   FXGL.SystemLogger] [ FXGL Background Thread 1] Game initialization took: 0.328 sec
20 Jan 2017, 20:38:08.358 [  FINER] [   FXGL.SystemLogger] [JavaFX Application Thread] Resuming main loop
20 Jan 2017, 20:40:06.934 [  FINER] [   FXGL.SystemLogger] [JavaFX Application Thread] Exiting Normally
20 Jan 2017, 20:40:06.935 [   INFO] [   FXGL.SystemLogger] [JavaFX Application Thread] Processed Frames: 7097
20 Jan 2017, 20:40:06.935 [   INFO] [   FXGL.SystemLogger] [JavaFX Application Thread] Average FPS: 61
20 Jan 2017, 20:40:06.935 [   INFO] [   FXGL.SystemLogger] [JavaFX Application Thread] Avg Performance: 4026
20 Jan 2017, 20:40:06.936 [   INFO] [   FXGL.SystemLogger] [JavaFX Application Thread] Avg Memory Usage: 174 MB
20 Jan 2017, 20:40:06.936 [   INFO] [   FXGL.SystemLogger] [JavaFX Application Thread] Min Memory Usage: 97 MB
20 Jan 2017, 20:40:06.936 [   INFO] [   FXGL.SystemLogger] [JavaFX Application Thread] Max Memory Usage: 279 MB
20 Jan 2017, 20:40:06.937 [   INFO] [   FXGL.SystemLogger] [JavaFX Application Thread] Estimated GC runs: 2
20 Jan 2017, 20:40:06.946 [  FINER] [   FXGL.SystemLogger] [JavaFX Application Thread] Exiting FXGL
20 Jan 2017, 20:40:06.946 [  FINER] [   FXGL.SystemLogger] [JavaFX Application Thread] Logger is closing
