25 Jan 2017, 12:18:46.945 [   INFO] [   FXGL.SystemLogger] [JavaFX Application Thread] System Logger is initialized
25 Jan 2017, 12:18:46.958 [  FINER] [   FXGL.SystemLogger] [JavaFX Application Thread] Logging System Info
25 Jan 2017, 12:18:46.958 [  FINER] [   FXGL.SystemLogger] [JavaFX Application Thread] CPU cores: 4
25 Jan 2017, 12:18:46.960 [  FINER] [   FXGL.SystemLogger] [JavaFX Application Thread] Free Memory: 230MB
25 Jan 2017, 12:18:46.961 [  FINER] [   FXGL.SystemLogger] [JavaFX Application Thread] Max Memory: 3620MB
25 Jan 2017, 12:18:46.961 [  FINER] [   FXGL.SystemLogger] [JavaFX Application Thread] Total Memory: 246MB
25 Jan 2017, 12:18:46.963 [  FINER] [   FXGL.SystemLogger] [JavaFX Application Thread] System Properties:
25 Jan 2017, 12:18:46.964 [  FINER] [   FXGL.SystemLogger] [JavaFX Application Thread] sun.cpu.isalist=amd64
25 Jan 2017, 12:18:46.964 [  FINER] [   FXGL.SystemLogger] [JavaFX Application Thread] sun.desktop=windows
25 Jan 2017, 12:18:46.964 [  FINER] [   FXGL.SystemLogger] [JavaFX Application Thread] sun.io.unicode.encoding=UnicodeLittle
25 Jan 2017, 12:18:46.965 [  FINER] [   FXGL.SystemLogger] [JavaFX Application Thread] sun.cpu.endian=little
25 Jan 2017, 12:18:46.965 [  FINER] [   FXGL.SystemLogger] [JavaFX Application Thread] java.vendor.url.bug=http://bugreport.sun.com/bugreport/
25 Jan 2017, 12:18:46.965 [  FINER] [   FXGL.SystemLogger] [JavaFX Application Thread] file.separator=\
25 Jan 2017, 12:18:46.966 [  FINER] [   FXGL.SystemLogger] [JavaFX Application Thread] java.vendor=Oracle Corporation
25 Jan 2017, 12:18:46.966 [  FINER] [   FXGL.SystemLogger] [JavaFX Application Thread] sun.boot.class.path=C:\Program Files\Java\jdk1.8.0_111\jre\lib\resources.jar;C:\Program Files\Java\jdk1.8.0_111\jre\lib\rt.jar;C:\Program Files\Java\jdk1.8.0_111\jre\lib\sunrsasign.jar;C:\Program Files\Java\jdk1.8.0_111\jre\lib\jsse.jar;C:\Program Files\Java\jdk1.8.0_111\jre\lib\jce.jar;C:\Program Files\Java\jdk1.8.0_111\jre\lib\charsets.jar;C:\Program Files\Java\jdk1.8.0_111\jre\lib\jfr.jar;C:\Program Files\Java\jdk1.8.0_111\jre\classes
25 Jan 2017, 12:18:46.966 [  FINER] [   FXGL.SystemLogger] [JavaFX Application Thread] java.ext.dirs=C:\Program Files\Java\jdk1.8.0_111\jre\lib\ext;C:\WINDOWS\Sun\Java\lib\ext
25 Jan 2017, 12:18:46.966 [  FINER] [   FXGL.SystemLogger] [JavaFX Application Thread] java.version=1.8.0_111
25 Jan 2017, 12:18:46.967 [  FINER] [   FXGL.SystemLogger] [JavaFX Application Thread] java.vm.info=mixed mode
25 Jan 2017, 12:18:46.967 [  FINER] [   FXGL.SystemLogger] [JavaFX Application Thread] awt.toolkit=sun.awt.windows.WToolkit
25 Jan 2017, 12:18:46.967 [  FINER] [   FXGL.SystemLogger] [JavaFX Application Thread] user.language=en
25 Jan 2017, 12:18:46.967 [  FINER] [   FXGL.SystemLogger] [JavaFX Application Thread] java.specification.vendor=Oracle Corporation
25 Jan 2017, 12:18:46.968 [  FINER] [   FXGL.SystemLogger] [JavaFX Application Thread] sun.java.command=io.github.tdselliott.ml.MotherLoadApp
25 Jan 2017, 12:18:46.968 [  FINER] [   FXGL.SystemLogger] [JavaFX Application Thread] java.home=C:\Program Files\Java\jdk1.8.0_111\jre
25 Jan 2017, 12:18:46.968 [  FINER] [   FXGL.SystemLogger] [JavaFX Application Thread] sun.arch.data.model=64
25 Jan 2017, 12:18:46.968 [  FINER] [   FXGL.SystemLogger] [JavaFX Application Thread] java.vm.specification.version=1.8
25 Jan 2017, 12:18:46.968 [  FINER] [   FXGL.SystemLogger] [JavaFX Application Thread] java.class.path=C:\Users\Vic Spet\Documents\NetBeansProjects\MotherLoadProject\MotherLoad\lib\fxgl-0.2.9-uber.jar;C:\Users\Vic Spet\Documents\NetBeansProjects\MotherLoadProject\MotherLoad\build\classes
25 Jan 2017, 12:18:46.969 [  FINER] [   FXGL.SystemLogger] [JavaFX Application Thread] user.name=Vic Spet
25 Jan 2017, 12:18:46.969 [  FINER] [   FXGL.SystemLogger] [JavaFX Application Thread] file.encoding=UTF-8
25 Jan 2017, 12:18:46.969 [  FINER] [   FXGL.SystemLogger] [JavaFX Application Thread] java.specification.version=1.8
25 Jan 2017, 12:18:46.969 [  FINER] [   FXGL.SystemLogger] [JavaFX Application Thread] java.awt.printerjob=sun.awt.windows.WPrinterJob
25 Jan 2017, 12:18:46.970 [  FINER] [   FXGL.SystemLogger] [JavaFX Application Thread] user.timezone=America/New_York
25 Jan 2017, 12:18:46.970 [  FINER] [   FXGL.SystemLogger] [JavaFX Application Thread] user.home=C:\Users\Vic Spet
25 Jan 2017, 12:18:46.970 [  FINER] [   FXGL.SystemLogger] [JavaFX Application Thread] os.version=10.0
25 Jan 2017, 12:18:46.970 [  FINER] [   FXGL.SystemLogger] [JavaFX Application Thread] sun.management.compiler=HotSpot 64-Bit Tiered Compilers
25 Jan 2017, 12:18:46.970 [  FINER] [   FXGL.SystemLogger] [JavaFX Application Thread] java.specification.name=Java Platform API Specification
25 Jan 2017, 12:18:46.971 [  FINER] [   FXGL.SystemLogger] [JavaFX Application Thread] java.class.version=52.0
25 Jan 2017, 12:18:46.971 [  FINER] [   FXGL.SystemLogger] [JavaFX Application Thread] java.library.path=C:\Program Files\Java\jdk1.8.0_111\bin;C:\WINDOWS\Sun\Java\bin;C:\WINDOWS\system32;C:\WINDOWS;C:\ProgramData\Oracle\Java\javapath;C:\Program Files (x86)\Intel\iCLS Client\;C:\Program Files\Intel\iCLS Client\;C:\Windows\system32;C:\Windows;C:\Windows\System32\Wbem;C:\Windows\System32\WindowsPowerShell\v1.0\;C:\Program Files (x86)\Intel\Intel(R) Management Engine Components\DAL;C:\Program Files\Intel\Intel(R) Management Engine Components\DAL;C:\Program Files (x86)\Intel\Intel(R) Management Engine Components\IPT;C:\Program Files\Intel\Intel(R) Management Engine Components\IPT;C:\Program Files (x86)\NVIDIA Corporation\PhysX\Common;C:\Program Files\Intel\WiFi\bin\;C:\Program Files\Common Files\Intel\WirelessCommon\;C:\WINDOWS\system32;C:\WINDOWS;C:\WINDOWS\System32\Wbem;C:\WINDOWS\System32\WindowsPowerShell\v1.0\;C:\Program Files (x86)\AOMEI Backupper;C:\Users\Vic Spet\AppData\Local\Microsoft\WindowsApps;;.
25 Jan 2017, 12:18:46.971 [  FINER] [   FXGL.SystemLogger] [JavaFX Application Thread] sun.jnu.encoding=Cp1252
25 Jan 2017, 12:18:46.971 [  FINER] [   FXGL.SystemLogger] [JavaFX Application Thread] os.name=Windows 10
25 Jan 2017, 12:18:46.971 [  FINER] [   FXGL.SystemLogger] [JavaFX Application Thread] user.variant=
25 Jan 2017, 12:18:46.972 [  FINER] [   FXGL.SystemLogger] [JavaFX Application Thread] java.vm.specification.vendor=Oracle Corporation
25 Jan 2017, 12:18:46.972 [  FINER] [   FXGL.SystemLogger] [JavaFX Application Thread] java.io.tmpdir=C:\Users\VICSPE~1\AppData\Local\Temp\
25 Jan 2017, 12:18:46.972 [  FINER] [   FXGL.SystemLogger] [JavaFX Application Thread] line.separator=

25 Jan 2017, 12:18:46.973 [  FINER] [   FXGL.SystemLogger] [JavaFX Application Thread] java.endorsed.dirs=C:\Program Files\Java\jdk1.8.0_111\jre\lib\endorsed
25 Jan 2017, 12:18:46.973 [  FINER] [   FXGL.SystemLogger] [JavaFX Application Thread] os.arch=amd64
25 Jan 2017, 12:18:46.974 [  FINER] [   FXGL.SystemLogger] [JavaFX Application Thread] javafx.runtime.version=8.0.111-b14
25 Jan 2017, 12:18:46.974 [  FINER] [   FXGL.SystemLogger] [JavaFX Application Thread] java.awt.graphicsenv=sun.awt.Win32GraphicsEnvironment
25 Jan 2017, 12:18:46.975 [  FINER] [   FXGL.SystemLogger] [JavaFX Application Thread] java.runtime.version=1.8.0_111-b14
25 Jan 2017, 12:18:46.975 [  FINER] [   FXGL.SystemLogger] [JavaFX Application Thread] java.vm.specification.name=Java Virtual Machine Specification
25 Jan 2017, 12:18:46.975 [  FINER] [   FXGL.SystemLogger] [JavaFX Application Thread] user.dir=C:\Users\Vic Spet\Documents\NetBeansProjects\MotherLoadProject\MotherLoad
25 Jan 2017, 12:18:46.975 [  FINER] [   FXGL.SystemLogger] [JavaFX Application Thread] user.country=CA
25 Jan 2017, 12:18:46.975 [  FINER] [   FXGL.SystemLogger] [JavaFX Application Thread] user.script=
25 Jan 2017, 12:18:46.975 [  FINER] [   FXGL.SystemLogger] [JavaFX Application Thread] sun.java.launcher=SUN_STANDARD
25 Jan 2017, 12:18:46.975 [  FINER] [   FXGL.SystemLogger] [JavaFX Application Thread] sun.os.patch.level=
25 Jan 2017, 12:18:46.976 [  FINER] [   FXGL.SystemLogger] [JavaFX Application Thread] java.vm.name=Java HotSpot(TM) 64-Bit Server VM
25 Jan 2017, 12:18:46.976 [  FINER] [   FXGL.SystemLogger] [JavaFX Application Thread] file.encoding.pkg=sun.io
25 Jan 2017, 12:18:46.976 [  FINER] [   FXGL.SystemLogger] [JavaFX Application Thread] path.separator=;
25 Jan 2017, 12:18:46.976 [  FINER] [   FXGL.SystemLogger] [JavaFX Application Thread] java.vm.vendor=Oracle Corporation
25 Jan 2017, 12:18:46.977 [  FINER] [   FXGL.SystemLogger] [JavaFX Application Thread] java.vendor.url=http://java.oracle.com/
25 Jan 2017, 12:18:46.977 [  FINER] [   FXGL.SystemLogger] [JavaFX Application Thread] sun.boot.library.path=C:\Program Files\Java\jdk1.8.0_111\jre\bin
25 Jan 2017, 12:18:46.977 [  FINER] [   FXGL.SystemLogger] [JavaFX Application Thread] java.vm.version=25.111-b14
25 Jan 2017, 12:18:46.978 [  FINER] [   FXGL.SystemLogger] [JavaFX Application Thread] java.runtime.name=Java(TM) SE Runtime Environment
25 Jan 2017, 12:18:46.978 [  FINER] [   FXGL.SystemLogger] [JavaFX Application Thread] javafx.version=8.0.111
25 Jan 2017, 12:18:46.982 [   INFO] [   FXGL.SystemLogger] [JavaFX Application Thread] FXGL-0.2.9
25 Jan 2017, 12:18:46.982 [   INFO] [   FXGL.SystemLogger] [JavaFX Application Thread] Source code and latest versions at: https://github.com/AlmasB/FXGL
25 Jan 2017, 12:18:46.983 [   INFO] [   FXGL.SystemLogger] [JavaFX Application Thread]              Join the FXGL chat at: https://gitter.im/AlmasB/FXGL
25 Jan 2017, 12:18:47.030 [  FINER] [   FXGL.SystemLogger] [JavaFX Application Thread] Starting JavaFX
25 Jan 2017, 12:18:47.031 [  FINER] [   FXGL.SystemLogger] [          JavaFX-Launcher] Initializing FXGL
25 Jan 2017, 12:18:47.047 [  FINER] [   FXGL.SystemLogger] [JavaFX Application Thread] Starting FXGL
25 Jan 2017, 12:18:47.252 [  FINER] [   FXGL.SystemLogger] [     FXGL Launcher Thread] Configuring FXGL
25 Jan 2017, 12:18:47.252 [  FINER] [   FXGL.SystemLogger] [     FXGL Launcher Thread] Initializing system properties
25 Jan 2017, 12:18:47.277 [  FINER] [   FXGL.SystemLogger] [     FXGL Launcher Thread] sound.notification = system/notification.wav
25 Jan 2017, 12:18:47.278 [  FINER] [   FXGL.SystemLogger] [     FXGL Launcher Thread] url.storage = https://raw.githubusercontent.com/AlmasB/git-server/master/storage/
25 Jan 2017, 12:18:47.278 [  FINER] [   FXGL.SystemLogger] [     FXGL Launcher Thread] asset.cache.size = 35
25 Jan 2017, 12:18:47.278 [  FINER] [   FXGL.SystemLogger] [     FXGL Launcher Thread] fs.profiledir = profiles/
25 Jan 2017, 12:18:47.278 [  FINER] [   FXGL.SystemLogger] [     FXGL Launcher Thread] url.pom = https://raw.githubusercontent.com/AlmasB/FXGL/master/pom.xml
25 Jan 2017, 12:18:47.279 [  FINER] [   FXGL.SystemLogger] [     FXGL Launcher Thread] dev.showbbox = false
25 Jan 2017, 12:18:47.279 [  FINER] [   FXGL.SystemLogger] [     FXGL Launcher Thread] fs.datafile.ext = .dat
25 Jan 2017, 12:18:47.279 [  FINER] [   FXGL.SystemLogger] [     FXGL Launcher Thread] sound.menu.back = menu/back.wav
25 Jan 2017, 12:18:47.279 [  FINER] [   FXGL.SystemLogger] [     FXGL Launcher Thread] sound.menu.select = menu/select.wav
25 Jan 2017, 12:18:47.279 [  FINER] [   FXGL.SystemLogger] [     FXGL Launcher Thread] url.github = https://github.com/AlmasB/FXGL
25 Jan 2017, 12:18:47.280 [  FINER] [   FXGL.SystemLogger] [     FXGL Launcher Thread] url.surveymonkey = https://www.surveymonkey.co.uk/r/BH6LLPM
25 Jan 2017, 12:18:47.280 [  FINER] [   FXGL.SystemLogger] [     FXGL Launcher Thread] physics.ppm = 50.0
25 Jan 2017, 12:18:47.280 [  FINER] [   FXGL.SystemLogger] [     FXGL Launcher Thread] ui.css = fxgl.css
25 Jan 2017, 12:18:47.280 [  FINER] [   FXGL.SystemLogger] [     FXGL Launcher Thread] version.check.days = 7
25 Jan 2017, 12:18:47.281 [  FINER] [   FXGL.SystemLogger] [     FXGL Launcher Thread] fs.savefile.ext = .sav
25 Jan 2017, 12:18:47.281 [  FINER] [   FXGL.SystemLogger] [     FXGL Launcher Thread] pooling.initialSize = 128
25 Jan 2017, 12:18:47.281 [  FINER] [   FXGL.SystemLogger] [     FXGL Launcher Thread] ui.font = Copperplate_Gothic_Light_Regular.ttf
25 Jan 2017, 12:18:47.281 [  FINER] [   FXGL.SystemLogger] [     FXGL Launcher Thread] fs.savedir = saves/
25 Jan 2017, 12:18:47.281 [  FINER] [   FXGL.SystemLogger] [     FXGL Launcher Thread] fs.profilename = user.profile
25 Jan 2017, 12:18:47.281 [  FINER] [   FXGL.SystemLogger] [     FXGL Launcher Thread] ui.icon.name = fxgl_icon.png
25 Jan 2017, 12:18:47.282 [  FINER] [   FXGL.SystemLogger] [     FXGL Launcher Thread] url.googleforms = https://goo.gl/forms/6wrMnOBxTE1fEpOy2
25 Jan 2017, 12:18:47.282 [  FINER] [   FXGL.SystemLogger] [     FXGL Launcher Thread] sound.menu.press = menu/press.wav
25 Jan 2017, 12:18:47.282 [  FINER] [   FXGL.SystemLogger] [     FXGL Launcher Thread] Initializing user properties
25 Jan 2017, 12:18:47.282 [   INFO] [   FXGL.SystemLogger] [     FXGL Launcher Thread] User properties not found. Using system
25 Jan 2017, 12:18:47.283 [  FINER] [   FXGL.SystemLogger] [     FXGL Launcher Thread] Initializing app settings
25 Jan 2017, 12:18:47.289 [  FINER] [   FXGL.SystemLogger] [     FXGL Launcher Thread] Logging settings
Title: MotherLoad
Version: 0.5 [BETA]
Width: 800
Height: 700
Fullscreen: false
Intro: false
Menus: false
Profiling: true
App Mode: DEVELOPER
Menu Style: WARCRAFT3
Menu Key: ESCAPE
Services: []
25 Jan 2017, 12:18:47.862 [  FINER] [   FXGL.SystemLogger] [     FXGL Launcher Thread] FXGL configuration complete
25 Jan 2017, 12:18:47.862 [   INFO] [   FXGL.SystemLogger] [     FXGL Launcher Thread] FXGL configuration took:  0.610 sec
25 Jan 2017, 12:18:47.864 [  FINER] [   FXGL.SystemLogger] [JavaFX Application Thread] Running task: UpdaterTask
25 Jan 2017, 12:18:47.867 [  FINER] [   FXGL.SystemLogger] [     FXGL Launcher Thread] Running task: PreInitTask
25 Jan 2017, 12:18:47.934 [ SEVERE] [   FXGL.SystemLogger] [     FXGL Launcher Thread] Exception during system configuration:
25 Jan 2017, 12:18:47.935 [ SEVERE] [   FXGL.SystemLogger] [     FXGL Launcher Thread] 

Exception occurred: kotlin.KotlinNullPointerException : null
E: com.almasb.fxgl.input.FXGLInput$scanForUserActions$1.accept(FXGLInput.kt:359)
E: com.almasb.fxgl.input.FXGLInput$scanForUserActions$1.accept(FXGLInput.kt:43)
E: java.util.HashMap.forEach(HashMap.java:1288)
E: com.almasb.fxgl.input.FXGLInput.scanForUserActions(FXGLInput.kt:344)
E: com.almasb.fxgl.app.PreInitTask.run(PreInitTask.kt:63)
E: com.almasb.fxgl.app.FXGLApplication.runTask(FXGLApplication.java:145)
E: com.almasb.fxgl.app.GameApplication.configureApp(GameApplication.java:359)
E: com.almasb.fxgl.app.FXGLApplication.lambda$start$1(FXGLApplication.java:177)
E: java.lang.Thread.run(Thread.java:745)

25 Jan 2017, 12:18:47.936 [ SEVERE] [   FXGL.SystemLogger] [     FXGL Launcher Thread] System will now exit
25 Jan 2017, 12:18:47.936 [  FINER] [   FXGL.SystemLogger] [     FXGL Launcher Thread] Logger is closing
