13 Jan 2017, 13:12:14.360 [   INFO] [   FXGL.SystemLogger] [JavaFX Application Thread] System Logger is initialized
13 Jan 2017, 13:12:14.381 [  FINER] [   FXGL.SystemLogger] [JavaFX Application Thread] Logging System Info
13 Jan 2017, 13:12:14.381 [  FINER] [   FXGL.SystemLogger] [JavaFX Application Thread] CPU cores: 4
13 Jan 2017, 13:12:14.384 [  FINER] [   FXGL.SystemLogger] [JavaFX Application Thread] Free Memory: 49MB
13 Jan 2017, 13:12:14.385 [  FINER] [   FXGL.SystemLogger] [JavaFX Application Thread] Max Memory: 866MB
13 Jan 2017, 13:12:14.385 [  FINER] [   FXGL.SystemLogger] [JavaFX Application Thread] Total Memory: 60MB
13 Jan 2017, 13:12:14.386 [  FINER] [   FXGL.SystemLogger] [JavaFX Application Thread] System Properties:
13 Jan 2017, 13:12:14.389 [  FINER] [   FXGL.SystemLogger] [JavaFX Application Thread] sun.cpu.isalist=amd64
13 Jan 2017, 13:12:14.390 [  FINER] [   FXGL.SystemLogger] [JavaFX Application Thread] sun.desktop=windows
13 Jan 2017, 13:12:14.391 [  FINER] [   FXGL.SystemLogger] [JavaFX Application Thread] sun.io.unicode.encoding=UnicodeLittle
13 Jan 2017, 13:12:14.391 [  FINER] [   FXGL.SystemLogger] [JavaFX Application Thread] sun.cpu.endian=little
13 Jan 2017, 13:12:14.392 [  FINER] [   FXGL.SystemLogger] [JavaFX Application Thread] java.vendor.url.bug=http://bugreport.sun.com/bugreport/
13 Jan 2017, 13:12:14.393 [  FINER] [   FXGL.SystemLogger] [JavaFX Application Thread] file.separator=\
13 Jan 2017, 13:12:14.393 [  FINER] [   FXGL.SystemLogger] [JavaFX Application Thread] java.vendor=Oracle Corporation
13 Jan 2017, 13:12:14.394 [  FINER] [   FXGL.SystemLogger] [JavaFX Application Thread] sun.boot.class.path=C:\Program Files\Java\jdk1.8.0_111\jre\lib\resources.jar;C:\Program Files\Java\jdk1.8.0_111\jre\lib\rt.jar;C:\Program Files\Java\jdk1.8.0_111\jre\lib\sunrsasign.jar;C:\Program Files\Java\jdk1.8.0_111\jre\lib\jsse.jar;C:\Program Files\Java\jdk1.8.0_111\jre\lib\jce.jar;C:\Program Files\Java\jdk1.8.0_111\jre\lib\charsets.jar;C:\Program Files\Java\jdk1.8.0_111\jre\lib\jfr.jar;C:\Program Files\Java\jdk1.8.0_111\jre\classes
13 Jan 2017, 13:12:14.394 [  FINER] [   FXGL.SystemLogger] [JavaFX Application Thread] java.ext.dirs=C:\Program Files\Java\jdk1.8.0_111\jre\lib\ext;C:\WINDOWS\Sun\Java\lib\ext
13 Jan 2017, 13:12:14.395 [  FINER] [   FXGL.SystemLogger] [JavaFX Application Thread] java.version=1.8.0_111
13 Jan 2017, 13:12:14.395 [  FINER] [   FXGL.SystemLogger] [JavaFX Application Thread] java.vm.info=mixed mode
13 Jan 2017, 13:12:14.396 [  FINER] [   FXGL.SystemLogger] [JavaFX Application Thread] awt.toolkit=sun.awt.windows.WToolkit
13 Jan 2017, 13:12:14.396 [  FINER] [   FXGL.SystemLogger] [JavaFX Application Thread] user.language=en
13 Jan 2017, 13:12:14.397 [  FINER] [   FXGL.SystemLogger] [JavaFX Application Thread] java.specification.vendor=Oracle Corporation
13 Jan 2017, 13:12:14.397 [  FINER] [   FXGL.SystemLogger] [JavaFX Application Thread] sun.java.command=io.github.tdselliott.ml.MotherLoadApp
13 Jan 2017, 13:12:14.397 [  FINER] [   FXGL.SystemLogger] [JavaFX Application Thread] java.home=C:\Program Files\Java\jdk1.8.0_111\jre
13 Jan 2017, 13:12:14.397 [  FINER] [   FXGL.SystemLogger] [JavaFX Application Thread] sun.arch.data.model=64
13 Jan 2017, 13:12:14.397 [  FINER] [   FXGL.SystemLogger] [JavaFX Application Thread] java.vm.specification.version=1.8
13 Jan 2017, 13:12:14.398 [  FINER] [   FXGL.SystemLogger] [JavaFX Application Thread] java.class.path=C:\Users\Tyler\Documents\NetBeansProjects\MotherLoadGit\MotherLoad\lib\fxgl-0.2.9-uber.jar;C:\Users\Tyler\Documents\NetBeansProjects\MotherLoadGit\MotherLoad\build\classes
13 Jan 2017, 13:12:14.398 [  FINER] [   FXGL.SystemLogger] [JavaFX Application Thread] user.name=Tyler
13 Jan 2017, 13:12:14.398 [  FINER] [   FXGL.SystemLogger] [JavaFX Application Thread] file.encoding=UTF-8
13 Jan 2017, 13:12:14.399 [  FINER] [   FXGL.SystemLogger] [JavaFX Application Thread] java.specification.version=1.8
13 Jan 2017, 13:12:14.399 [  FINER] [   FXGL.SystemLogger] [JavaFX Application Thread] java.awt.printerjob=sun.awt.windows.WPrinterJob
13 Jan 2017, 13:12:14.399 [  FINER] [   FXGL.SystemLogger] [JavaFX Application Thread] user.timezone=America/New_York
13 Jan 2017, 13:12:14.399 [  FINER] [   FXGL.SystemLogger] [JavaFX Application Thread] user.home=C:\Users\Tyler
13 Jan 2017, 13:12:14.400 [  FINER] [   FXGL.SystemLogger] [JavaFX Application Thread] os.version=10.0
13 Jan 2017, 13:12:14.400 [  FINER] [   FXGL.SystemLogger] [JavaFX Application Thread] sun.management.compiler=HotSpot 64-Bit Tiered Compilers
13 Jan 2017, 13:12:14.400 [  FINER] [   FXGL.SystemLogger] [JavaFX Application Thread] java.specification.name=Java Platform API Specification
13 Jan 2017, 13:12:14.401 [  FINER] [   FXGL.SystemLogger] [JavaFX Application Thread] java.class.version=52.0
13 Jan 2017, 13:12:14.401 [  FINER] [   FXGL.SystemLogger] [JavaFX Application Thread] java.library.path=C:\Program Files\Java\jdk1.8.0_111\bin;C:\WINDOWS\Sun\Java\bin;C:\WINDOWS\system32;C:\WINDOWS;C:\ProgramData\Oracle\Java\javapath;C:\Program Files (x86)\NVIDIA Corporation\PhysX\Common;C:\WINDOWS\system32;C:\WINDOWS;C:\WINDOWS\System32\Wbem;C:\WINDOWS\System32\WindowsPowerShell\v1.0\;C:\Program Files (x86)\QuickTime\QTSystem\;C:\Program Files (x86)\Calibre2\;C:\Program Files (x86)\Skype\Phone\;C:\Program Files (x86)\Extensis\Suitcase Fusion 6\;C:\Program Files (x86)\MiKTeX 2.9\miktex\bin\;C:\Program Files (x86)\Brackets\command;C:\Program Files\Java\jdk1.8.0_111\bin;C:\Users\Tyler\AppData\Local\Programs\Python\Python35-32\Scripts\;C:\Users\Tyler\AppData\Local\Programs\Python\Python35-32\;C:\Users\Tyler\AppData\Local\Microsoft\WindowsApps;.
13 Jan 2017, 13:12:14.401 [  FINER] [   FXGL.SystemLogger] [JavaFX Application Thread] sun.jnu.encoding=Cp1252
13 Jan 2017, 13:12:14.402 [  FINER] [   FXGL.SystemLogger] [JavaFX Application Thread] os.name=Windows 10
13 Jan 2017, 13:12:14.402 [  FINER] [   FXGL.SystemLogger] [JavaFX Application Thread] user.variant=
13 Jan 2017, 13:12:14.402 [  FINER] [   FXGL.SystemLogger] [JavaFX Application Thread] java.vm.specification.vendor=Oracle Corporation
13 Jan 2017, 13:12:14.403 [  FINER] [   FXGL.SystemLogger] [JavaFX Application Thread] java.io.tmpdir=C:\Users\Tyler\AppData\Local\Temp\
13 Jan 2017, 13:12:14.403 [  FINER] [   FXGL.SystemLogger] [JavaFX Application Thread] line.separator=

13 Jan 2017, 13:12:14.404 [  FINER] [   FXGL.SystemLogger] [JavaFX Application Thread] java.endorsed.dirs=C:\Program Files\Java\jdk1.8.0_111\jre\lib\endorsed
13 Jan 2017, 13:12:14.405 [  FINER] [   FXGL.SystemLogger] [JavaFX Application Thread] os.arch=amd64
13 Jan 2017, 13:12:14.405 [  FINER] [   FXGL.SystemLogger] [JavaFX Application Thread] javafx.runtime.version=8.0.111-b14
13 Jan 2017, 13:12:14.405 [  FINER] [   FXGL.SystemLogger] [JavaFX Application Thread] java.awt.graphicsenv=sun.awt.Win32GraphicsEnvironment
13 Jan 2017, 13:12:14.406 [  FINER] [   FXGL.SystemLogger] [JavaFX Application Thread] java.runtime.version=1.8.0_111-b14
13 Jan 2017, 13:12:14.406 [  FINER] [   FXGL.SystemLogger] [JavaFX Application Thread] java.vm.specification.name=Java Virtual Machine Specification
13 Jan 2017, 13:12:14.407 [  FINER] [   FXGL.SystemLogger] [JavaFX Application Thread] user.dir=C:\Users\Tyler\Documents\NetBeansProjects\MotherLoadGit\MotherLoad
13 Jan 2017, 13:12:14.407 [  FINER] [   FXGL.SystemLogger] [JavaFX Application Thread] user.country=GB
13 Jan 2017, 13:12:14.407 [  FINER] [   FXGL.SystemLogger] [JavaFX Application Thread] user.script=
13 Jan 2017, 13:12:14.408 [  FINER] [   FXGL.SystemLogger] [JavaFX Application Thread] sun.java.launcher=SUN_STANDARD
13 Jan 2017, 13:12:14.408 [  FINER] [   FXGL.SystemLogger] [JavaFX Application Thread] sun.os.patch.level=
13 Jan 2017, 13:12:14.409 [  FINER] [   FXGL.SystemLogger] [JavaFX Application Thread] java.vm.name=Java HotSpot(TM) 64-Bit Server VM
13 Jan 2017, 13:12:14.410 [  FINER] [   FXGL.SystemLogger] [JavaFX Application Thread] file.encoding.pkg=sun.io
13 Jan 2017, 13:12:14.410 [  FINER] [   FXGL.SystemLogger] [JavaFX Application Thread] path.separator=;
13 Jan 2017, 13:12:14.411 [  FINER] [   FXGL.SystemLogger] [JavaFX Application Thread] java.vm.vendor=Oracle Corporation
13 Jan 2017, 13:12:14.412 [  FINER] [   FXGL.SystemLogger] [JavaFX Application Thread] java.vendor.url=http://java.oracle.com/
13 Jan 2017, 13:12:14.413 [  FINER] [   FXGL.SystemLogger] [JavaFX Application Thread] sun.boot.library.path=C:\Program Files\Java\jdk1.8.0_111\jre\bin
13 Jan 2017, 13:12:14.413 [  FINER] [   FXGL.SystemLogger] [JavaFX Application Thread] java.vm.version=25.111-b14
13 Jan 2017, 13:12:14.414 [  FINER] [   FXGL.SystemLogger] [JavaFX Application Thread] java.runtime.name=Java(TM) SE Runtime Environment
13 Jan 2017, 13:12:14.414 [  FINER] [   FXGL.SystemLogger] [JavaFX Application Thread] javafx.version=8.0.111
13 Jan 2017, 13:12:14.422 [   INFO] [   FXGL.SystemLogger] [JavaFX Application Thread] FXGL-0.2.9
13 Jan 2017, 13:12:14.423 [   INFO] [   FXGL.SystemLogger] [JavaFX Application Thread] Source code and latest versions at: https://github.com/AlmasB/FXGL
13 Jan 2017, 13:12:14.424 [   INFO] [   FXGL.SystemLogger] [JavaFX Application Thread]              Join the FXGL chat at: https://gitter.im/AlmasB/FXGL
13 Jan 2017, 13:12:14.432 [  FINER] [   FXGL.SystemLogger] [JavaFX Application Thread] Starting JavaFX
13 Jan 2017, 13:12:14.434 [  FINER] [   FXGL.SystemLogger] [          JavaFX-Launcher] Initializing FXGL
13 Jan 2017, 13:12:14.463 [  FINER] [   FXGL.SystemLogger] [JavaFX Application Thread] Starting FXGL
13 Jan 2017, 13:12:14.865 [  FINER] [   FXGL.SystemLogger] [     FXGL Launcher Thread] Configuring FXGL
13 Jan 2017, 13:12:14.866 [  FINER] [   FXGL.SystemLogger] [     FXGL Launcher Thread] Initializing system properties
13 Jan 2017, 13:12:14.913 [  FINER] [   FXGL.SystemLogger] [     FXGL Launcher Thread] sound.notification = system/notification.wav
13 Jan 2017, 13:12:14.914 [  FINER] [   FXGL.SystemLogger] [     FXGL Launcher Thread] url.storage = https://raw.githubusercontent.com/AlmasB/git-server/master/storage/
13 Jan 2017, 13:12:14.914 [  FINER] [   FXGL.SystemLogger] [     FXGL Launcher Thread] asset.cache.size = 35
13 Jan 2017, 13:12:14.915 [  FINER] [   FXGL.SystemLogger] [     FXGL Launcher Thread] fs.profiledir = profiles/
13 Jan 2017, 13:12:14.915 [  FINER] [   FXGL.SystemLogger] [     FXGL Launcher Thread] url.pom = https://raw.githubusercontent.com/AlmasB/FXGL/master/pom.xml
13 Jan 2017, 13:12:14.916 [  FINER] [   FXGL.SystemLogger] [     FXGL Launcher Thread] dev.showbbox = false
13 Jan 2017, 13:12:14.916 [  FINER] [   FXGL.SystemLogger] [     FXGL Launcher Thread] fs.datafile.ext = .dat
13 Jan 2017, 13:12:14.916 [  FINER] [   FXGL.SystemLogger] [     FXGL Launcher Thread] sound.menu.back = menu/back.wav
13 Jan 2017, 13:12:14.917 [  FINER] [   FXGL.SystemLogger] [     FXGL Launcher Thread] sound.menu.select = menu/select.wav
13 Jan 2017, 13:12:14.917 [  FINER] [   FXGL.SystemLogger] [     FXGL Launcher Thread] url.github = https://github.com/AlmasB/FXGL
13 Jan 2017, 13:12:14.918 [  FINER] [   FXGL.SystemLogger] [     FXGL Launcher Thread] url.surveymonkey = https://www.surveymonkey.co.uk/r/BH6LLPM
13 Jan 2017, 13:12:14.918 [  FINER] [   FXGL.SystemLogger] [     FXGL Launcher Thread] physics.ppm = 50.0
13 Jan 2017, 13:12:14.919 [  FINER] [   FXGL.SystemLogger] [     FXGL Launcher Thread] ui.css = fxgl.css
13 Jan 2017, 13:12:14.919 [  FINER] [   FXGL.SystemLogger] [     FXGL Launcher Thread] version.check.days = 7
13 Jan 2017, 13:12:14.920 [  FINER] [   FXGL.SystemLogger] [     FXGL Launcher Thread] fs.savefile.ext = .sav
13 Jan 2017, 13:12:14.920 [  FINER] [   FXGL.SystemLogger] [     FXGL Launcher Thread] pooling.initialSize = 128
13 Jan 2017, 13:12:14.921 [  FINER] [   FXGL.SystemLogger] [     FXGL Launcher Thread] ui.font = Copperplate_Gothic_Light_Regular.ttf
13 Jan 2017, 13:12:14.921 [  FINER] [   FXGL.SystemLogger] [     FXGL Launcher Thread] fs.savedir = saves/
13 Jan 2017, 13:12:14.921 [  FINER] [   FXGL.SystemLogger] [     FXGL Launcher Thread] fs.profilename = user.profile
13 Jan 2017, 13:12:14.922 [  FINER] [   FXGL.SystemLogger] [     FXGL Launcher Thread] ui.icon.name = fxgl_icon.png
13 Jan 2017, 13:12:14.922 [  FINER] [   FXGL.SystemLogger] [     FXGL Launcher Thread] url.googleforms = https://goo.gl/forms/6wrMnOBxTE1fEpOy2
13 Jan 2017, 13:12:14.923 [  FINER] [   FXGL.SystemLogger] [     FXGL Launcher Thread] sound.menu.press = menu/press.wav
13 Jan 2017, 13:12:14.924 [  FINER] [   FXGL.SystemLogger] [     FXGL Launcher Thread] Initializing user properties
13 Jan 2017, 13:12:14.925 [   INFO] [   FXGL.SystemLogger] [     FXGL Launcher Thread] User properties not found. Using system
13 Jan 2017, 13:12:14.926 [  FINER] [   FXGL.SystemLogger] [     FXGL Launcher Thread] Initializing app settings
13 Jan 2017, 13:12:14.938 [  FINER] [   FXGL.SystemLogger] [     FXGL Launcher Thread] Logging settings
Title: MotherLoad
Version: 0.01 [ALPHA]
Width: 800
Height: 700
Fullscreen: false
Intro: false
Menus: false
Profiling: true
App Mode: DEVELOPER
Menu Style: FXGL_DEFAULT
Menu Key: ESCAPE
Services: []
13 Jan 2017, 13:12:16.182 [  FINER] [   FXGL.SystemLogger] [     FXGL Launcher Thread] FXGL configuration complete
13 Jan 2017, 13:12:16.183 [   INFO] [   FXGL.SystemLogger] [     FXGL Launcher Thread] FXGL configuration took:  1.316 sec
13 Jan 2017, 13:12:16.185 [  FINER] [   FXGL.SystemLogger] [JavaFX Application Thread] Running task: UpdaterTask
13 Jan 2017, 13:12:16.190 [  FINER] [   FXGL.SystemLogger] [     FXGL Launcher Thread] Running task: PreInitTask
13 Jan 2017, 13:12:16.295 [  FINER] [   FXGL.SystemLogger] [     FXGL Launcher Thread] Running task: InitScenesTask
13 Jan 2017, 13:12:16.822 [  FINER] [   FXGL.SystemLogger] [     FXGL Launcher Thread] Running task: InitEventHandlersTask
13 Jan 2017, 13:12:16.890 [  FINER] [   FXGL.SystemLogger] [     FXGL Launcher Thread] Running task: InitProfilerTask
13 Jan 2017, 13:12:16.900 [  FINER] [   FXGL.SystemLogger] [     FXGL Launcher Thread] Pausing main loop
13 Jan 2017, 13:12:16.907 [  FINER] [   FXGL.SystemLogger] [     FXGL Launcher Thread] Resetting FXGL application
13 Jan 2017, 13:12:17.083 [   INFO] [   FXGL.SystemLogger] [     FXGL Launcher Thread] Game configuration took:  0.892 sec
13 Jan 2017, 13:12:17.429 [   INFO] [   FXGL.SystemLogger] [ FXGL Background Thread 1] Game initialization took: 0.343 sec
13 Jan 2017, 13:12:17.432 [  FINER] [   FXGL.SystemLogger] [JavaFX Application Thread] Resuming main loop
13 Jan 2017, 13:12:35.701 [  FINER] [   FXGL.SystemLogger] [JavaFX Application Thread] Exiting Normally
13 Jan 2017, 13:12:35.704 [   INFO] [   FXGL.SystemLogger] [JavaFX Application Thread] Processed Frames: 1075
13 Jan 2017, 13:12:35.705 [   INFO] [   FXGL.SystemLogger] [JavaFX Application Thread] Average FPS: 64
13 Jan 2017, 13:12:35.706 [   INFO] [   FXGL.SystemLogger] [JavaFX Application Thread] Avg Performance: 3544
13 Jan 2017, 13:12:35.707 [   INFO] [   FXGL.SystemLogger] [JavaFX Application Thread] Avg Memory Usage: 28 MB
13 Jan 2017, 13:12:35.708 [   INFO] [   FXGL.SystemLogger] [JavaFX Application Thread] Min Memory Usage: 20 MB
13 Jan 2017, 13:12:35.710 [   INFO] [   FXGL.SystemLogger] [JavaFX Application Thread] Max Memory Usage: 35 MB
13 Jan 2017, 13:12:35.711 [   INFO] [   FXGL.SystemLogger] [JavaFX Application Thread] Estimated GC runs: 0
13 Jan 2017, 13:12:35.727 [  FINER] [   FXGL.SystemLogger] [JavaFX Application Thread] Exiting FXGL
13 Jan 2017, 13:12:35.728 [  FINER] [   FXGL.SystemLogger] [JavaFX Application Thread] Logger is closing
