23 Jan 2017, 11:32:26.293 [   INFO] [   FXGL.SystemLogger] [JavaFX Application Thread] System Logger is initialized
23 Jan 2017, 11:32:26.305 [  FINER] [   FXGL.SystemLogger] [JavaFX Application Thread] Logging System Info
23 Jan 2017, 11:32:26.306 [  FINER] [   FXGL.SystemLogger] [JavaFX Application Thread] CPU cores: 4
23 Jan 2017, 11:32:26.307 [  FINER] [   FXGL.SystemLogger] [JavaFX Application Thread] Free Memory: 230MB
23 Jan 2017, 11:32:26.308 [  FINER] [   FXGL.SystemLogger] [JavaFX Application Thread] Max Memory: 3620MB
23 Jan 2017, 11:32:26.308 [  FINER] [   FXGL.SystemLogger] [JavaFX Application Thread] Total Memory: 246MB
23 Jan 2017, 11:32:26.310 [  FINER] [   FXGL.SystemLogger] [JavaFX Application Thread] System Properties:
23 Jan 2017, 11:32:26.311 [  FINER] [   FXGL.SystemLogger] [JavaFX Application Thread] sun.cpu.isalist=amd64
23 Jan 2017, 11:32:26.311 [  FINER] [   FXGL.SystemLogger] [JavaFX Application Thread] sun.desktop=windows
23 Jan 2017, 11:32:26.311 [  FINER] [   FXGL.SystemLogger] [JavaFX Application Thread] sun.io.unicode.encoding=UnicodeLittle
23 Jan 2017, 11:32:26.311 [  FINER] [   FXGL.SystemLogger] [JavaFX Application Thread] sun.cpu.endian=little
23 Jan 2017, 11:32:26.312 [  FINER] [   FXGL.SystemLogger] [JavaFX Application Thread] java.vendor.url.bug=http://bugreport.sun.com/bugreport/
23 Jan 2017, 11:32:26.312 [  FINER] [   FXGL.SystemLogger] [JavaFX Application Thread] file.separator=\
23 Jan 2017, 11:32:26.312 [  FINER] [   FXGL.SystemLogger] [JavaFX Application Thread] java.vendor=Oracle Corporation
23 Jan 2017, 11:32:26.313 [  FINER] [   FXGL.SystemLogger] [JavaFX Application Thread] sun.boot.class.path=C:\Program Files\Java\jdk1.8.0_111\jre\lib\resources.jar;C:\Program Files\Java\jdk1.8.0_111\jre\lib\rt.jar;C:\Program Files\Java\jdk1.8.0_111\jre\lib\sunrsasign.jar;C:\Program Files\Java\jdk1.8.0_111\jre\lib\jsse.jar;C:\Program Files\Java\jdk1.8.0_111\jre\lib\jce.jar;C:\Program Files\Java\jdk1.8.0_111\jre\lib\charsets.jar;C:\Program Files\Java\jdk1.8.0_111\jre\lib\jfr.jar;C:\Program Files\Java\jdk1.8.0_111\jre\classes
23 Jan 2017, 11:32:26.313 [  FINER] [   FXGL.SystemLogger] [JavaFX Application Thread] java.ext.dirs=C:\Program Files\Java\jdk1.8.0_111\jre\lib\ext;C:\WINDOWS\Sun\Java\lib\ext
23 Jan 2017, 11:32:26.313 [  FINER] [   FXGL.SystemLogger] [JavaFX Application Thread] java.version=1.8.0_111
23 Jan 2017, 11:32:26.313 [  FINER] [   FXGL.SystemLogger] [JavaFX Application Thread] java.vm.info=mixed mode
23 Jan 2017, 11:32:26.314 [  FINER] [   FXGL.SystemLogger] [JavaFX Application Thread] awt.toolkit=sun.awt.windows.WToolkit
23 Jan 2017, 11:32:26.314 [  FINER] [   FXGL.SystemLogger] [JavaFX Application Thread] user.language=en
23 Jan 2017, 11:32:26.314 [  FINER] [   FXGL.SystemLogger] [JavaFX Application Thread] java.specification.vendor=Oracle Corporation
23 Jan 2017, 11:32:26.314 [  FINER] [   FXGL.SystemLogger] [JavaFX Application Thread] sun.java.command=io.github.tdselliott.ml.MotherLoadApp
23 Jan 2017, 11:32:26.315 [  FINER] [   FXGL.SystemLogger] [JavaFX Application Thread] java.home=C:\Program Files\Java\jdk1.8.0_111\jre
23 Jan 2017, 11:32:26.315 [  FINER] [   FXGL.SystemLogger] [JavaFX Application Thread] sun.arch.data.model=64
23 Jan 2017, 11:32:26.315 [  FINER] [   FXGL.SystemLogger] [JavaFX Application Thread] java.vm.specification.version=1.8
23 Jan 2017, 11:32:26.315 [  FINER] [   FXGL.SystemLogger] [JavaFX Application Thread] java.class.path=C:\Users\Vic Spet\Documents\NetBeansProjects\MotherLoadProject\MotherLoad\lib\fxgl-0.2.9-uber.jar;C:\Users\Vic Spet\Documents\NetBeansProjects\MotherLoadProject\MotherLoad\build\classes
23 Jan 2017, 11:32:26.315 [  FINER] [   FXGL.SystemLogger] [JavaFX Application Thread] user.name=Vic Spet
23 Jan 2017, 11:32:26.316 [  FINER] [   FXGL.SystemLogger] [JavaFX Application Thread] file.encoding=UTF-8
23 Jan 2017, 11:32:26.316 [  FINER] [   FXGL.SystemLogger] [JavaFX Application Thread] java.specification.version=1.8
23 Jan 2017, 11:32:26.316 [  FINER] [   FXGL.SystemLogger] [JavaFX Application Thread] java.awt.printerjob=sun.awt.windows.WPrinterJob
23 Jan 2017, 11:32:26.316 [  FINER] [   FXGL.SystemLogger] [JavaFX Application Thread] user.timezone=America/New_York
23 Jan 2017, 11:32:26.316 [  FINER] [   FXGL.SystemLogger] [JavaFX Application Thread] user.home=C:\Users\Vic Spet
23 Jan 2017, 11:32:26.317 [  FINER] [   FXGL.SystemLogger] [JavaFX Application Thread] os.version=10.0
23 Jan 2017, 11:32:26.317 [  FINER] [   FXGL.SystemLogger] [JavaFX Application Thread] sun.management.compiler=HotSpot 64-Bit Tiered Compilers
23 Jan 2017, 11:32:26.317 [  FINER] [   FXGL.SystemLogger] [JavaFX Application Thread] java.specification.name=Java Platform API Specification
23 Jan 2017, 11:32:26.317 [  FINER] [   FXGL.SystemLogger] [JavaFX Application Thread] java.class.version=52.0
23 Jan 2017, 11:32:26.317 [  FINER] [   FXGL.SystemLogger] [JavaFX Application Thread] java.library.path=C:\Program Files\Java\jdk1.8.0_111\bin;C:\WINDOWS\Sun\Java\bin;C:\WINDOWS\system32;C:\WINDOWS;C:\ProgramData\Oracle\Java\javapath;C:\Program Files (x86)\Intel\iCLS Client\;C:\Program Files\Intel\iCLS Client\;C:\Windows\system32;C:\Windows;C:\Windows\System32\Wbem;C:\Windows\System32\WindowsPowerShell\v1.0\;C:\Program Files (x86)\Intel\Intel(R) Management Engine Components\DAL;C:\Program Files\Intel\Intel(R) Management Engine Components\DAL;C:\Program Files (x86)\Intel\Intel(R) Management Engine Components\IPT;C:\Program Files\Intel\Intel(R) Management Engine Components\IPT;C:\Program Files (x86)\NVIDIA Corporation\PhysX\Common;C:\Program Files\Intel\WiFi\bin\;C:\Program Files\Common Files\Intel\WirelessCommon\;C:\WINDOWS\system32;C:\WINDOWS;C:\WINDOWS\System32\Wbem;C:\WINDOWS\System32\WindowsPowerShell\v1.0\;C:\Program Files (x86)\AOMEI Backupper;C:\Users\Vic Spet\AppData\Local\Microsoft\WindowsApps;;.
23 Jan 2017, 11:32:26.318 [  FINER] [   FXGL.SystemLogger] [JavaFX Application Thread] sun.jnu.encoding=Cp1252
23 Jan 2017, 11:32:26.318 [  FINER] [   FXGL.SystemLogger] [JavaFX Application Thread] os.name=Windows 10
23 Jan 2017, 11:32:26.318 [  FINER] [   FXGL.SystemLogger] [JavaFX Application Thread] user.variant=
23 Jan 2017, 11:32:26.318 [  FINER] [   FXGL.SystemLogger] [JavaFX Application Thread] java.vm.specification.vendor=Oracle Corporation
23 Jan 2017, 11:32:26.318 [  FINER] [   FXGL.SystemLogger] [JavaFX Application Thread] java.io.tmpdir=C:\Users\VICSPE~1\AppData\Local\Temp\
23 Jan 2017, 11:32:26.319 [  FINER] [   FXGL.SystemLogger] [JavaFX Application Thread] line.separator=

23 Jan 2017, 11:32:26.319 [  FINER] [   FXGL.SystemLogger] [JavaFX Application Thread] java.endorsed.dirs=C:\Program Files\Java\jdk1.8.0_111\jre\lib\endorsed
23 Jan 2017, 11:32:26.319 [  FINER] [   FXGL.SystemLogger] [JavaFX Application Thread] os.arch=amd64
23 Jan 2017, 11:32:26.319 [  FINER] [   FXGL.SystemLogger] [JavaFX Application Thread] javafx.runtime.version=8.0.111-b14
23 Jan 2017, 11:32:26.319 [  FINER] [   FXGL.SystemLogger] [JavaFX Application Thread] java.awt.graphicsenv=sun.awt.Win32GraphicsEnvironment
23 Jan 2017, 11:32:26.320 [  FINER] [   FXGL.SystemLogger] [JavaFX Application Thread] java.runtime.version=1.8.0_111-b14
23 Jan 2017, 11:32:26.320 [  FINER] [   FXGL.SystemLogger] [JavaFX Application Thread] java.vm.specification.name=Java Virtual Machine Specification
23 Jan 2017, 11:32:26.320 [  FINER] [   FXGL.SystemLogger] [JavaFX Application Thread] user.dir=C:\Users\Vic Spet\Documents\NetBeansProjects\MotherLoadProject\MotherLoad
23 Jan 2017, 11:32:26.320 [  FINER] [   FXGL.SystemLogger] [JavaFX Application Thread] user.country=CA
23 Jan 2017, 11:32:26.320 [  FINER] [   FXGL.SystemLogger] [JavaFX Application Thread] user.script=
23 Jan 2017, 11:32:26.321 [  FINER] [   FXGL.SystemLogger] [JavaFX Application Thread] sun.java.launcher=SUN_STANDARD
23 Jan 2017, 11:32:26.321 [  FINER] [   FXGL.SystemLogger] [JavaFX Application Thread] sun.os.patch.level=
23 Jan 2017, 11:32:26.321 [  FINER] [   FXGL.SystemLogger] [JavaFX Application Thread] java.vm.name=Java HotSpot(TM) 64-Bit Server VM
23 Jan 2017, 11:32:26.321 [  FINER] [   FXGL.SystemLogger] [JavaFX Application Thread] file.encoding.pkg=sun.io
23 Jan 2017, 11:32:26.322 [  FINER] [   FXGL.SystemLogger] [JavaFX Application Thread] path.separator=;
23 Jan 2017, 11:32:26.322 [  FINER] [   FXGL.SystemLogger] [JavaFX Application Thread] java.vm.vendor=Oracle Corporation
23 Jan 2017, 11:32:26.322 [  FINER] [   FXGL.SystemLogger] [JavaFX Application Thread] java.vendor.url=http://java.oracle.com/
23 Jan 2017, 11:32:26.322 [  FINER] [   FXGL.SystemLogger] [JavaFX Application Thread] sun.boot.library.path=C:\Program Files\Java\jdk1.8.0_111\jre\bin
23 Jan 2017, 11:32:26.322 [  FINER] [   FXGL.SystemLogger] [JavaFX Application Thread] java.vm.version=25.111-b14
23 Jan 2017, 11:32:26.323 [  FINER] [   FXGL.SystemLogger] [JavaFX Application Thread] java.runtime.name=Java(TM) SE Runtime Environment
23 Jan 2017, 11:32:26.323 [  FINER] [   FXGL.SystemLogger] [JavaFX Application Thread] javafx.version=8.0.111
23 Jan 2017, 11:32:26.326 [   INFO] [   FXGL.SystemLogger] [JavaFX Application Thread] FXGL-0.2.9
23 Jan 2017, 11:32:26.327 [   INFO] [   FXGL.SystemLogger] [JavaFX Application Thread] Source code and latest versions at: https://github.com/AlmasB/FXGL
23 Jan 2017, 11:32:26.327 [   INFO] [   FXGL.SystemLogger] [JavaFX Application Thread]              Join the FXGL chat at: https://gitter.im/AlmasB/FXGL
23 Jan 2017, 11:32:26.369 [  FINER] [   FXGL.SystemLogger] [JavaFX Application Thread] Starting JavaFX
23 Jan 2017, 11:32:26.370 [  FINER] [   FXGL.SystemLogger] [          JavaFX-Launcher] Initializing FXGL
23 Jan 2017, 11:32:26.386 [  FINER] [   FXGL.SystemLogger] [JavaFX Application Thread] Starting FXGL
23 Jan 2017, 11:32:26.613 [  FINER] [   FXGL.SystemLogger] [     FXGL Launcher Thread] Configuring FXGL
23 Jan 2017, 11:32:26.614 [  FINER] [   FXGL.SystemLogger] [     FXGL Launcher Thread] Initializing system properties
23 Jan 2017, 11:32:26.633 [  FINER] [   FXGL.SystemLogger] [     FXGL Launcher Thread] sound.notification = system/notification.wav
23 Jan 2017, 11:32:26.633 [  FINER] [   FXGL.SystemLogger] [     FXGL Launcher Thread] url.storage = https://raw.githubusercontent.com/AlmasB/git-server/master/storage/
23 Jan 2017, 11:32:26.633 [  FINER] [   FXGL.SystemLogger] [     FXGL Launcher Thread] asset.cache.size = 35
23 Jan 2017, 11:32:26.633 [  FINER] [   FXGL.SystemLogger] [     FXGL Launcher Thread] fs.profiledir = profiles/
23 Jan 2017, 11:32:26.633 [  FINER] [   FXGL.SystemLogger] [     FXGL Launcher Thread] url.pom = https://raw.githubusercontent.com/AlmasB/FXGL/master/pom.xml
23 Jan 2017, 11:32:26.634 [  FINER] [   FXGL.SystemLogger] [     FXGL Launcher Thread] dev.showbbox = false
23 Jan 2017, 11:32:26.634 [  FINER] [   FXGL.SystemLogger] [     FXGL Launcher Thread] fs.datafile.ext = .dat
23 Jan 2017, 11:32:26.634 [  FINER] [   FXGL.SystemLogger] [     FXGL Launcher Thread] sound.menu.back = menu/back.wav
23 Jan 2017, 11:32:26.634 [  FINER] [   FXGL.SystemLogger] [     FXGL Launcher Thread] sound.menu.select = menu/select.wav
23 Jan 2017, 11:32:26.634 [  FINER] [   FXGL.SystemLogger] [     FXGL Launcher Thread] url.github = https://github.com/AlmasB/FXGL
23 Jan 2017, 11:32:26.635 [  FINER] [   FXGL.SystemLogger] [     FXGL Launcher Thread] url.surveymonkey = https://www.surveymonkey.co.uk/r/BH6LLPM
23 Jan 2017, 11:32:26.635 [  FINER] [   FXGL.SystemLogger] [     FXGL Launcher Thread] physics.ppm = 50.0
23 Jan 2017, 11:32:26.635 [  FINER] [   FXGL.SystemLogger] [     FXGL Launcher Thread] ui.css = fxgl.css
23 Jan 2017, 11:32:26.635 [  FINER] [   FXGL.SystemLogger] [     FXGL Launcher Thread] version.check.days = 7
23 Jan 2017, 11:32:26.636 [  FINER] [   FXGL.SystemLogger] [     FXGL Launcher Thread] fs.savefile.ext = .sav
23 Jan 2017, 11:32:26.636 [  FINER] [   FXGL.SystemLogger] [     FXGL Launcher Thread] pooling.initialSize = 128
23 Jan 2017, 11:32:26.636 [  FINER] [   FXGL.SystemLogger] [     FXGL Launcher Thread] ui.font = Copperplate_Gothic_Light_Regular.ttf
23 Jan 2017, 11:32:26.636 [  FINER] [   FXGL.SystemLogger] [     FXGL Launcher Thread] fs.savedir = saves/
23 Jan 2017, 11:32:26.636 [  FINER] [   FXGL.SystemLogger] [     FXGL Launcher Thread] fs.profilename = user.profile
23 Jan 2017, 11:32:26.637 [  FINER] [   FXGL.SystemLogger] [     FXGL Launcher Thread] ui.icon.name = fxgl_icon.png
23 Jan 2017, 11:32:26.637 [  FINER] [   FXGL.SystemLogger] [     FXGL Launcher Thread] url.googleforms = https://goo.gl/forms/6wrMnOBxTE1fEpOy2
23 Jan 2017, 11:32:26.637 [  FINER] [   FXGL.SystemLogger] [     FXGL Launcher Thread] sound.menu.press = menu/press.wav
23 Jan 2017, 11:32:26.637 [  FINER] [   FXGL.SystemLogger] [     FXGL Launcher Thread] Initializing user properties
23 Jan 2017, 11:32:26.638 [   INFO] [   FXGL.SystemLogger] [     FXGL Launcher Thread] User properties not found. Using system
23 Jan 2017, 11:32:26.638 [  FINER] [   FXGL.SystemLogger] [     FXGL Launcher Thread] Initializing app settings
23 Jan 2017, 11:32:26.644 [  FINER] [   FXGL.SystemLogger] [     FXGL Launcher Thread] Logging settings
Title: MotherLoad
Version: 0.5 [BETA]
Width: 800
Height: 700
Fullscreen: false
Intro: false
Menus: true
Profiling: true
App Mode: DEVELOPER
Menu Style: WARCRAFT3
Menu Key: ESCAPE
Services: []
23 Jan 2017, 11:32:27.232 [  FINER] [   FXGL.SystemLogger] [     FXGL Launcher Thread] FXGL configuration complete
23 Jan 2017, 11:32:27.232 [   INFO] [   FXGL.SystemLogger] [     FXGL Launcher Thread] FXGL configuration took:  0.619 sec
23 Jan 2017, 11:32:27.245 [  FINER] [   FXGL.SystemLogger] [JavaFX Application Thread] Running task: UpdaterTask
23 Jan 2017, 11:32:27.248 [  FINER] [   FXGL.SystemLogger] [     FXGL Launcher Thread] Running task: PreInitTask
23 Jan 2017, 11:32:27.313 [  FINER] [   FXGL.SystemLogger] [     FXGL Launcher Thread] Running task: InitScenesTask
23 Jan 2017, 11:32:27.655 [  FINER] [   FXGL.SystemLogger] [     FXGL Launcher Thread] Running task: InitEventHandlersTask
23 Jan 2017, 11:32:27.692 [  FINER] [   FXGL.SystemLogger] [     FXGL Launcher Thread] Running task: InitProfilerTask
23 Jan 2017, 11:32:27.741 [   INFO] [   FXGL.SystemLogger] [     FXGL Launcher Thread] Game configuration took:  0.493 sec
23 Jan 2017, 11:32:29.211 [  FINER] [   FXGL.SystemLogger] [JavaFX Application Thread] Pausing main loop
23 Jan 2017, 11:32:29.212 [  FINER] [   FXGL.SystemLogger] [JavaFX Application Thread] Resetting FXGL application
23 Jan 2017, 11:32:29.424 [   INFO] [   FXGL.SystemLogger] [ FXGL Background Thread 1] Game initialization took: 0.140 sec
23 Jan 2017, 11:32:29.424 [  FINER] [   FXGL.SystemLogger] [JavaFX Application Thread] Resuming main loop
23 Jan 2017, 11:33:51.525 [  FINER] [   FXGL.SystemLogger] [JavaFX Application Thread] Exiting Normally
23 Jan 2017, 11:33:51.533 [   INFO] [   FXGL.SystemLogger] [JavaFX Application Thread] Processed Frames: 4919
23 Jan 2017, 11:33:51.534 [   INFO] [   FXGL.SystemLogger] [JavaFX Application Thread] Average FPS: 61
23 Jan 2017, 11:33:51.534 [   INFO] [   FXGL.SystemLogger] [JavaFX Application Thread] Avg Performance: 3639
23 Jan 2017, 11:33:51.534 [   INFO] [   FXGL.SystemLogger] [JavaFX Application Thread] Avg Memory Usage: 211 MB
23 Jan 2017, 11:33:51.535 [   INFO] [   FXGL.SystemLogger] [JavaFX Application Thread] Min Memory Usage: 98 MB
23 Jan 2017, 11:33:51.535 [   INFO] [   FXGL.SystemLogger] [JavaFX Application Thread] Max Memory Usage: 272 MB
23 Jan 2017, 11:33:51.535 [   INFO] [   FXGL.SystemLogger] [JavaFX Application Thread] Estimated GC runs: 2
23 Jan 2017, 11:33:51.539 [  FINER] [   FXGL.SystemLogger] [JavaFX Application Thread] Exiting FXGL
23 Jan 2017, 11:33:51.539 [  FINER] [   FXGL.SystemLogger] [JavaFX Application Thread] Logger is closing
