19 Jan 2017, 12:55:31.112 [   INFO] [   FXGL.SystemLogger] [JavaFX Application Thread] System Logger is initialized
19 Jan 2017, 12:55:31.124 [  FINER] [   FXGL.SystemLogger] [JavaFX Application Thread] Logging System Info
19 Jan 2017, 12:55:31.125 [  FINER] [   FXGL.SystemLogger] [JavaFX Application Thread] CPU cores: 8
19 Jan 2017, 12:55:31.126 [  FINER] [   FXGL.SystemLogger] [JavaFX Application Thread] Free Memory: 230MB
19 Jan 2017, 12:55:31.127 [  FINER] [   FXGL.SystemLogger] [JavaFX Application Thread] Max Memory: 3622MB
19 Jan 2017, 12:55:31.127 [  FINER] [   FXGL.SystemLogger] [JavaFX Application Thread] Total Memory: 246MB
19 Jan 2017, 12:55:31.128 [  FINER] [   FXGL.SystemLogger] [JavaFX Application Thread] System Properties:
19 Jan 2017, 12:55:31.129 [  FINER] [   FXGL.SystemLogger] [JavaFX Application Thread] sun.cpu.isalist=amd64
19 Jan 2017, 12:55:31.129 [  FINER] [   FXGL.SystemLogger] [JavaFX Application Thread] sun.desktop=windows
19 Jan 2017, 12:55:31.130 [  FINER] [   FXGL.SystemLogger] [JavaFX Application Thread] sun.io.unicode.encoding=UnicodeLittle
19 Jan 2017, 12:55:31.130 [  FINER] [   FXGL.SystemLogger] [JavaFX Application Thread] sun.cpu.endian=little
19 Jan 2017, 12:55:31.130 [  FINER] [   FXGL.SystemLogger] [JavaFX Application Thread] java.vendor.url.bug=http://bugreport.sun.com/bugreport/
19 Jan 2017, 12:55:31.131 [  FINER] [   FXGL.SystemLogger] [JavaFX Application Thread] file.separator=\
19 Jan 2017, 12:55:31.131 [  FINER] [   FXGL.SystemLogger] [JavaFX Application Thread] java.vendor=Oracle Corporation
19 Jan 2017, 12:55:31.131 [  FINER] [   FXGL.SystemLogger] [JavaFX Application Thread] sun.boot.class.path=C:\Program Files\Java\jdk1.8.0_74\jre\lib\resources.jar;C:\Program Files\Java\jdk1.8.0_74\jre\lib\rt.jar;C:\Program Files\Java\jdk1.8.0_74\jre\lib\sunrsasign.jar;C:\Program Files\Java\jdk1.8.0_74\jre\lib\jsse.jar;C:\Program Files\Java\jdk1.8.0_74\jre\lib\jce.jar;C:\Program Files\Java\jdk1.8.0_74\jre\lib\charsets.jar;C:\Program Files\Java\jdk1.8.0_74\jre\lib\jfr.jar;C:\Program Files\Java\jdk1.8.0_74\jre\classes
19 Jan 2017, 12:55:31.132 [  FINER] [   FXGL.SystemLogger] [JavaFX Application Thread] java.ext.dirs=C:\Program Files\Java\jdk1.8.0_74\jre\lib\ext;C:\WINDOWS\Sun\Java\lib\ext
19 Jan 2017, 12:55:31.132 [  FINER] [   FXGL.SystemLogger] [JavaFX Application Thread] java.version=1.8.0_74
19 Jan 2017, 12:55:31.132 [  FINER] [   FXGL.SystemLogger] [JavaFX Application Thread] java.vm.info=mixed mode
19 Jan 2017, 12:55:31.132 [  FINER] [   FXGL.SystemLogger] [JavaFX Application Thread] awt.toolkit=sun.awt.windows.WToolkit
19 Jan 2017, 12:55:31.133 [  FINER] [   FXGL.SystemLogger] [JavaFX Application Thread] user.language=en
19 Jan 2017, 12:55:31.133 [  FINER] [   FXGL.SystemLogger] [JavaFX Application Thread] java.specification.vendor=Oracle Corporation
19 Jan 2017, 12:55:31.133 [  FINER] [   FXGL.SystemLogger] [JavaFX Application Thread] sun.java.command=io.github.tdselliott.ml.MotherLoadApp
19 Jan 2017, 12:55:31.133 [  FINER] [   FXGL.SystemLogger] [JavaFX Application Thread] java.home=C:\Program Files\Java\jdk1.8.0_74\jre
19 Jan 2017, 12:55:31.133 [  FINER] [   FXGL.SystemLogger] [JavaFX Application Thread] sun.arch.data.model=64
19 Jan 2017, 12:55:31.134 [  FINER] [   FXGL.SystemLogger] [JavaFX Application Thread] java.vm.specification.version=1.8
19 Jan 2017, 12:55:31.134 [  FINER] [   FXGL.SystemLogger] [JavaFX Application Thread] java.class.path=C:\Users\Mack\Documents\NetBeansProjects\MotherLoad\MotherLoad\lib\fxgl-0.2.9-uber.jar;C:\Users\Mack\Documents\NetBeansProjects\MotherLoad\MotherLoad\build\classes
19 Jan 2017, 12:55:31.134 [  FINER] [   FXGL.SystemLogger] [JavaFX Application Thread] user.name=Mack
19 Jan 2017, 12:55:31.134 [  FINER] [   FXGL.SystemLogger] [JavaFX Application Thread] file.encoding=UTF-8
19 Jan 2017, 12:55:31.135 [  FINER] [   FXGL.SystemLogger] [JavaFX Application Thread] java.specification.version=1.8
19 Jan 2017, 12:55:31.135 [  FINER] [   FXGL.SystemLogger] [JavaFX Application Thread] java.awt.printerjob=sun.awt.windows.WPrinterJob
19 Jan 2017, 12:55:31.135 [  FINER] [   FXGL.SystemLogger] [JavaFX Application Thread] user.timezone=America/New_York
19 Jan 2017, 12:55:31.135 [  FINER] [   FXGL.SystemLogger] [JavaFX Application Thread] user.home=C:\Users\Mack
19 Jan 2017, 12:55:31.136 [  FINER] [   FXGL.SystemLogger] [JavaFX Application Thread] os.version=6.3
19 Jan 2017, 12:55:31.136 [  FINER] [   FXGL.SystemLogger] [JavaFX Application Thread] sun.management.compiler=HotSpot 64-Bit Tiered Compilers
19 Jan 2017, 12:55:31.136 [  FINER] [   FXGL.SystemLogger] [JavaFX Application Thread] java.specification.name=Java Platform API Specification
19 Jan 2017, 12:55:31.136 [  FINER] [   FXGL.SystemLogger] [JavaFX Application Thread] java.class.version=52.0
19 Jan 2017, 12:55:31.136 [  FINER] [   FXGL.SystemLogger] [JavaFX Application Thread] java.library.path=C:\Program Files\Java\jdk1.8.0_74\bin;C:\WINDOWS\Sun\Java\bin;C:\WINDOWS\system32;C:\WINDOWS;C:\ProgramData\Oracle\Java\javapath;C:\Program Files (x86)\Intel\iCLS Client\;C:\Program Files\Intel\iCLS Client\;C:\WINDOWS\system32;C:\WINDOWS;C:\WINDOWS\System32\Wbem;C:\WINDOWS\System32\WindowsPowerShell\v1.0\;C:\Program Files\Intel\Intel(R) Management Engine Components\DAL;C:\Program Files\Intel\Intel(R) Management Engine Components\IPT;C:\Program Files (x86)\Intel\Intel(R) Management Engine Components\DAL;C:\Program Files (x86)\Intel\Intel(R) Management Engine Components\IPT;C:\Program Files (x86)\Intel\OpenCL SDK\3.0\bin\x86;C:\Program Files (x86)\Intel\OpenCL SDK\3.0\bin\x64;C:\Program Files (x86)\Skype\Phone\;C:\Program Files (x86)\NVIDIA Corporation\PhysX\Common;%SystemRoot%\system32;%SystemRoot%;%SystemRoot%\System32\Wbem;%SYSTEMROOT%\System32\WindowsPowerShell\v1.0\;.
19 Jan 2017, 12:55:31.137 [  FINER] [   FXGL.SystemLogger] [JavaFX Application Thread] sun.jnu.encoding=Cp1252
19 Jan 2017, 12:55:31.137 [  FINER] [   FXGL.SystemLogger] [JavaFX Application Thread] os.name=Windows 8.1
19 Jan 2017, 12:55:31.137 [  FINER] [   FXGL.SystemLogger] [JavaFX Application Thread] user.variant=
19 Jan 2017, 12:55:31.137 [  FINER] [   FXGL.SystemLogger] [JavaFX Application Thread] java.vm.specification.vendor=Oracle Corporation
19 Jan 2017, 12:55:31.138 [  FINER] [   FXGL.SystemLogger] [JavaFX Application Thread] java.io.tmpdir=C:\Users\Mack\AppData\Local\Temp\
19 Jan 2017, 12:55:31.138 [  FINER] [   FXGL.SystemLogger] [JavaFX Application Thread] line.separator=

19 Jan 2017, 12:55:31.138 [  FINER] [   FXGL.SystemLogger] [JavaFX Application Thread] java.endorsed.dirs=C:\Program Files\Java\jdk1.8.0_74\jre\lib\endorsed
19 Jan 2017, 12:55:31.138 [  FINER] [   FXGL.SystemLogger] [JavaFX Application Thread] os.arch=amd64
19 Jan 2017, 12:55:31.138 [  FINER] [   FXGL.SystemLogger] [JavaFX Application Thread] javafx.runtime.version=8.0.72-b15
19 Jan 2017, 12:55:31.139 [  FINER] [   FXGL.SystemLogger] [JavaFX Application Thread] java.awt.graphicsenv=sun.awt.Win32GraphicsEnvironment
19 Jan 2017, 12:55:31.139 [  FINER] [   FXGL.SystemLogger] [JavaFX Application Thread] java.runtime.version=1.8.0_74-b02
19 Jan 2017, 12:55:31.139 [  FINER] [   FXGL.SystemLogger] [JavaFX Application Thread] java.vm.specification.name=Java Virtual Machine Specification
19 Jan 2017, 12:55:31.139 [  FINER] [   FXGL.SystemLogger] [JavaFX Application Thread] user.dir=C:\Users\Mack\Documents\NetBeansProjects\MotherLoad\MotherLoad
19 Jan 2017, 12:55:31.139 [  FINER] [   FXGL.SystemLogger] [JavaFX Application Thread] user.country=CA
19 Jan 2017, 12:55:31.140 [  FINER] [   FXGL.SystemLogger] [JavaFX Application Thread] user.script=
19 Jan 2017, 12:55:31.140 [  FINER] [   FXGL.SystemLogger] [JavaFX Application Thread] sun.java.launcher=SUN_STANDARD
19 Jan 2017, 12:55:31.140 [  FINER] [   FXGL.SystemLogger] [JavaFX Application Thread] sun.os.patch.level=
19 Jan 2017, 12:55:31.140 [  FINER] [   FXGL.SystemLogger] [JavaFX Application Thread] java.vm.name=Java HotSpot(TM) 64-Bit Server VM
19 Jan 2017, 12:55:31.141 [  FINER] [   FXGL.SystemLogger] [JavaFX Application Thread] file.encoding.pkg=sun.io
19 Jan 2017, 12:55:31.141 [  FINER] [   FXGL.SystemLogger] [JavaFX Application Thread] path.separator=;
19 Jan 2017, 12:55:31.141 [  FINER] [   FXGL.SystemLogger] [JavaFX Application Thread] java.vm.vendor=Oracle Corporation
19 Jan 2017, 12:55:31.141 [  FINER] [   FXGL.SystemLogger] [JavaFX Application Thread] java.vendor.url=http://java.oracle.com/
19 Jan 2017, 12:55:31.141 [  FINER] [   FXGL.SystemLogger] [JavaFX Application Thread] sun.boot.library.path=C:\Program Files\Java\jdk1.8.0_74\jre\bin
19 Jan 2017, 12:55:31.141 [  FINER] [   FXGL.SystemLogger] [JavaFX Application Thread] java.vm.version=25.74-b02
19 Jan 2017, 12:55:31.142 [  FINER] [   FXGL.SystemLogger] [JavaFX Application Thread] java.runtime.name=Java(TM) SE Runtime Environment
19 Jan 2017, 12:55:31.142 [  FINER] [   FXGL.SystemLogger] [JavaFX Application Thread] javafx.version=8.0.72
19 Jan 2017, 12:55:31.145 [   INFO] [   FXGL.SystemLogger] [JavaFX Application Thread] FXGL-0.2.9
19 Jan 2017, 12:55:31.146 [   INFO] [   FXGL.SystemLogger] [JavaFX Application Thread] Source code and latest versions at: https://github.com/AlmasB/FXGL
19 Jan 2017, 12:55:31.146 [   INFO] [   FXGL.SystemLogger] [JavaFX Application Thread]              Join the FXGL chat at: https://gitter.im/AlmasB/FXGL
19 Jan 2017, 12:55:31.201 [  FINER] [   FXGL.SystemLogger] [JavaFX Application Thread] Starting JavaFX
19 Jan 2017, 12:55:31.202 [  FINER] [   FXGL.SystemLogger] [          JavaFX-Launcher] Initializing FXGL
19 Jan 2017, 12:55:31.220 [  FINER] [   FXGL.SystemLogger] [JavaFX Application Thread] Starting FXGL
19 Jan 2017, 12:55:31.429 [  FINER] [   FXGL.SystemLogger] [     FXGL Launcher Thread] Configuring FXGL
19 Jan 2017, 12:55:31.429 [  FINER] [   FXGL.SystemLogger] [     FXGL Launcher Thread] Initializing system properties
19 Jan 2017, 12:55:31.452 [  FINER] [   FXGL.SystemLogger] [     FXGL Launcher Thread] sound.notification = system/notification.wav
19 Jan 2017, 12:55:31.453 [  FINER] [   FXGL.SystemLogger] [     FXGL Launcher Thread] url.storage = https://raw.githubusercontent.com/AlmasB/git-server/master/storage/
19 Jan 2017, 12:55:31.453 [  FINER] [   FXGL.SystemLogger] [     FXGL Launcher Thread] asset.cache.size = 35
19 Jan 2017, 12:55:31.453 [  FINER] [   FXGL.SystemLogger] [     FXGL Launcher Thread] fs.profiledir = profiles/
19 Jan 2017, 12:55:31.454 [  FINER] [   FXGL.SystemLogger] [     FXGL Launcher Thread] url.pom = https://raw.githubusercontent.com/AlmasB/FXGL/master/pom.xml
19 Jan 2017, 12:55:31.454 [  FINER] [   FXGL.SystemLogger] [     FXGL Launcher Thread] dev.showbbox = false
19 Jan 2017, 12:55:31.454 [  FINER] [   FXGL.SystemLogger] [     FXGL Launcher Thread] fs.datafile.ext = .dat
19 Jan 2017, 12:55:31.455 [  FINER] [   FXGL.SystemLogger] [     FXGL Launcher Thread] sound.menu.back = menu/back.wav
19 Jan 2017, 12:55:31.455 [  FINER] [   FXGL.SystemLogger] [     FXGL Launcher Thread] sound.menu.select = menu/select.wav
19 Jan 2017, 12:55:31.455 [  FINER] [   FXGL.SystemLogger] [     FXGL Launcher Thread] url.github = https://github.com/AlmasB/FXGL
19 Jan 2017, 12:55:31.456 [  FINER] [   FXGL.SystemLogger] [     FXGL Launcher Thread] url.surveymonkey = https://www.surveymonkey.co.uk/r/BH6LLPM
19 Jan 2017, 12:55:31.456 [  FINER] [   FXGL.SystemLogger] [     FXGL Launcher Thread] physics.ppm = 50.0
19 Jan 2017, 12:55:31.457 [  FINER] [   FXGL.SystemLogger] [     FXGL Launcher Thread] ui.css = fxgl.css
19 Jan 2017, 12:55:31.457 [  FINER] [   FXGL.SystemLogger] [     FXGL Launcher Thread] version.check.days = 7
19 Jan 2017, 12:55:31.457 [  FINER] [   FXGL.SystemLogger] [     FXGL Launcher Thread] fs.savefile.ext = .sav
19 Jan 2017, 12:55:31.458 [  FINER] [   FXGL.SystemLogger] [     FXGL Launcher Thread] pooling.initialSize = 128
19 Jan 2017, 12:55:31.458 [  FINER] [   FXGL.SystemLogger] [     FXGL Launcher Thread] ui.font = Copperplate_Gothic_Light_Regular.ttf
19 Jan 2017, 12:55:31.458 [  FINER] [   FXGL.SystemLogger] [     FXGL Launcher Thread] fs.savedir = saves/
19 Jan 2017, 12:55:31.459 [  FINER] [   FXGL.SystemLogger] [     FXGL Launcher Thread] fs.profilename = user.profile
19 Jan 2017, 12:55:31.459 [  FINER] [   FXGL.SystemLogger] [     FXGL Launcher Thread] ui.icon.name = fxgl_icon.png
19 Jan 2017, 12:55:31.459 [  FINER] [   FXGL.SystemLogger] [     FXGL Launcher Thread] url.googleforms = https://goo.gl/forms/6wrMnOBxTE1fEpOy2
19 Jan 2017, 12:55:31.459 [  FINER] [   FXGL.SystemLogger] [     FXGL Launcher Thread] sound.menu.press = menu/press.wav
19 Jan 2017, 12:55:31.459 [  FINER] [   FXGL.SystemLogger] [     FXGL Launcher Thread] Initializing user properties
19 Jan 2017, 12:55:31.460 [   INFO] [   FXGL.SystemLogger] [     FXGL Launcher Thread] User properties not found. Using system
19 Jan 2017, 12:55:31.460 [  FINER] [   FXGL.SystemLogger] [     FXGL Launcher Thread] Initializing app settings
19 Jan 2017, 12:55:31.467 [  FINER] [   FXGL.SystemLogger] [     FXGL Launcher Thread] Logging settings
Title: MotherLoad
Version: 0.5 [BETA]
Width: 800
Height: 700
Fullscreen: false
Intro: false
Menus: true
Profiling: true
App Mode: DEVELOPER
Menu Style: FXGL_DEFAULT
Menu Key: ESCAPE
Services: []
19 Jan 2017, 12:55:32.075 [  FINER] [   FXGL.SystemLogger] [     FXGL Launcher Thread] FXGL configuration complete
19 Jan 2017, 12:55:32.076 [   INFO] [   FXGL.SystemLogger] [     FXGL Launcher Thread] FXGL configuration took:  0.647 sec
19 Jan 2017, 12:55:32.082 [  FINER] [   FXGL.SystemLogger] [JavaFX Application Thread] Running task: UpdaterTask
19 Jan 2017, 12:55:32.086 [  FINER] [   FXGL.SystemLogger] [     FXGL Launcher Thread] Running task: PreInitTask
19 Jan 2017, 12:55:32.154 [  FINER] [   FXGL.SystemLogger] [     FXGL Launcher Thread] Running task: InitScenesTask
19 Jan 2017, 12:55:32.402 [  FINER] [   FXGL.SystemLogger] [     FXGL Launcher Thread] Running task: InitEventHandlersTask
19 Jan 2017, 12:55:32.437 [  FINER] [   FXGL.SystemLogger] [     FXGL Launcher Thread] Running task: InitProfilerTask
19 Jan 2017, 12:55:32.490 [   INFO] [   FXGL.SystemLogger] [     FXGL Launcher Thread] Game configuration took:  0.405 sec
19 Jan 2017, 12:55:35.761 [  FINER] [   FXGL.SystemLogger] [JavaFX Application Thread] Pausing main loop
19 Jan 2017, 12:55:35.763 [  FINER] [   FXGL.SystemLogger] [JavaFX Application Thread] Resetting FXGL application
19 Jan 2017, 12:55:35.896 [   INFO] [   FXGL.SystemLogger] [ FXGL Background Thread 1] Game initialization took: 0.051 sec
19 Jan 2017, 12:55:35.946 [  FINER] [   FXGL.SystemLogger] [JavaFX Application Thread] Resuming main loop
19 Jan 2017, 12:58:23.296 [  FINER] [   FXGL.SystemLogger] [JavaFX Application Thread] Exiting Normally
19 Jan 2017, 12:58:23.307 [   INFO] [   FXGL.SystemLogger] [JavaFX Application Thread] Processed Frames: 10037
19 Jan 2017, 12:58:23.307 [   INFO] [   FXGL.SystemLogger] [JavaFX Application Thread] Average FPS: 61
19 Jan 2017, 12:58:23.308 [   INFO] [   FXGL.SystemLogger] [JavaFX Application Thread] Avg Performance: 4363
19 Jan 2017, 12:58:23.308 [   INFO] [   FXGL.SystemLogger] [JavaFX Application Thread] Avg Memory Usage: 182 MB
19 Jan 2017, 12:58:23.308 [   INFO] [   FXGL.SystemLogger] [JavaFX Application Thread] Min Memory Usage: 90 MB
19 Jan 2017, 12:58:23.309 [   INFO] [   FXGL.SystemLogger] [JavaFX Application Thread] Max Memory Usage: 271 MB
19 Jan 2017, 12:58:23.309 [   INFO] [   FXGL.SystemLogger] [JavaFX Application Thread] Estimated GC runs: 1
19 Jan 2017, 12:58:23.340 [  FINER] [   FXGL.SystemLogger] [JavaFX Application Thread] Exiting FXGL
19 Jan 2017, 12:58:23.340 [  FINER] [   FXGL.SystemLogger] [JavaFX Application Thread] Logger is closing
