15 Jan 2017, 21:41:00.855 [   INFO] [   FXGL.SystemLogger] [JavaFX Application Thread] System Logger is initialized
15 Jan 2017, 21:41:00.871 [  FINER] [   FXGL.SystemLogger] [JavaFX Application Thread] Logging System Info
15 Jan 2017, 21:41:00.872 [  FINER] [   FXGL.SystemLogger] [JavaFX Application Thread] CPU cores: 4
15 Jan 2017, 21:41:00.875 [  FINER] [   FXGL.SystemLogger] [JavaFX Application Thread] Free Memory: 230MB
15 Jan 2017, 21:41:00.877 [  FINER] [   FXGL.SystemLogger] [JavaFX Application Thread] Max Memory: 3620MB
15 Jan 2017, 21:41:00.878 [  FINER] [   FXGL.SystemLogger] [JavaFX Application Thread] Total Memory: 246MB
15 Jan 2017, 21:41:00.880 [  FINER] [   FXGL.SystemLogger] [JavaFX Application Thread] System Properties:
15 Jan 2017, 21:41:00.881 [  FINER] [   FXGL.SystemLogger] [JavaFX Application Thread] sun.cpu.isalist=amd64
15 Jan 2017, 21:41:00.881 [  FINER] [   FXGL.SystemLogger] [JavaFX Application Thread] sun.desktop=windows
15 Jan 2017, 21:41:00.882 [  FINER] [   FXGL.SystemLogger] [JavaFX Application Thread] sun.io.unicode.encoding=UnicodeLittle
15 Jan 2017, 21:41:00.882 [  FINER] [   FXGL.SystemLogger] [JavaFX Application Thread] sun.cpu.endian=little
15 Jan 2017, 21:41:00.882 [  FINER] [   FXGL.SystemLogger] [JavaFX Application Thread] java.vendor.url.bug=http://bugreport.sun.com/bugreport/
15 Jan 2017, 21:41:00.883 [  FINER] [   FXGL.SystemLogger] [JavaFX Application Thread] file.separator=\
15 Jan 2017, 21:41:00.883 [  FINER] [   FXGL.SystemLogger] [JavaFX Application Thread] java.vendor=Oracle Corporation
15 Jan 2017, 21:41:00.883 [  FINER] [   FXGL.SystemLogger] [JavaFX Application Thread] sun.boot.class.path=C:\Program Files\Java\jdk1.8.0_111\jre\lib\resources.jar;C:\Program Files\Java\jdk1.8.0_111\jre\lib\rt.jar;C:\Program Files\Java\jdk1.8.0_111\jre\lib\sunrsasign.jar;C:\Program Files\Java\jdk1.8.0_111\jre\lib\jsse.jar;C:\Program Files\Java\jdk1.8.0_111\jre\lib\jce.jar;C:\Program Files\Java\jdk1.8.0_111\jre\lib\charsets.jar;C:\Program Files\Java\jdk1.8.0_111\jre\lib\jfr.jar;C:\Program Files\Java\jdk1.8.0_111\jre\classes
15 Jan 2017, 21:41:00.883 [  FINER] [   FXGL.SystemLogger] [JavaFX Application Thread] java.ext.dirs=C:\Program Files\Java\jdk1.8.0_111\jre\lib\ext;C:\WINDOWS\Sun\Java\lib\ext
15 Jan 2017, 21:41:00.884 [  FINER] [   FXGL.SystemLogger] [JavaFX Application Thread] java.version=1.8.0_111
15 Jan 2017, 21:41:00.884 [  FINER] [   FXGL.SystemLogger] [JavaFX Application Thread] java.vm.info=mixed mode
15 Jan 2017, 21:41:00.884 [  FINER] [   FXGL.SystemLogger] [JavaFX Application Thread] awt.toolkit=sun.awt.windows.WToolkit
15 Jan 2017, 21:41:00.884 [  FINER] [   FXGL.SystemLogger] [JavaFX Application Thread] user.language=en
15 Jan 2017, 21:41:00.885 [  FINER] [   FXGL.SystemLogger] [JavaFX Application Thread] java.specification.vendor=Oracle Corporation
15 Jan 2017, 21:41:00.885 [  FINER] [   FXGL.SystemLogger] [JavaFX Application Thread] sun.java.command=io.github.tdselliott.ml.MotherLoadApp
15 Jan 2017, 21:41:00.885 [  FINER] [   FXGL.SystemLogger] [JavaFX Application Thread] java.home=C:\Program Files\Java\jdk1.8.0_111\jre
15 Jan 2017, 21:41:00.885 [  FINER] [   FXGL.SystemLogger] [JavaFX Application Thread] sun.arch.data.model=64
15 Jan 2017, 21:41:00.885 [  FINER] [   FXGL.SystemLogger] [JavaFX Application Thread] java.vm.specification.version=1.8
15 Jan 2017, 21:41:00.886 [  FINER] [   FXGL.SystemLogger] [JavaFX Application Thread] java.class.path=C:\Users\Vic Spet\Documents\NetBeansProjects\MotherLoadProject\MotherLoad\lib\fxgl-0.2.9-uber.jar;C:\Users\Vic Spet\Documents\NetBeansProjects\MotherLoadProject\MotherLoad\build\classes
15 Jan 2017, 21:41:00.886 [  FINER] [   FXGL.SystemLogger] [JavaFX Application Thread] user.name=Vic Spet
15 Jan 2017, 21:41:00.886 [  FINER] [   FXGL.SystemLogger] [JavaFX Application Thread] file.encoding=UTF-8
15 Jan 2017, 21:41:00.886 [  FINER] [   FXGL.SystemLogger] [JavaFX Application Thread] java.specification.version=1.8
15 Jan 2017, 21:41:00.887 [  FINER] [   FXGL.SystemLogger] [JavaFX Application Thread] java.awt.printerjob=sun.awt.windows.WPrinterJob
15 Jan 2017, 21:41:00.887 [  FINER] [   FXGL.SystemLogger] [JavaFX Application Thread] user.timezone=America/New_York
15 Jan 2017, 21:41:00.887 [  FINER] [   FXGL.SystemLogger] [JavaFX Application Thread] user.home=C:\Users\Vic Spet
15 Jan 2017, 21:41:00.887 [  FINER] [   FXGL.SystemLogger] [JavaFX Application Thread] os.version=10.0
15 Jan 2017, 21:41:00.888 [  FINER] [   FXGL.SystemLogger] [JavaFX Application Thread] sun.management.compiler=HotSpot 64-Bit Tiered Compilers
15 Jan 2017, 21:41:00.888 [  FINER] [   FXGL.SystemLogger] [JavaFX Application Thread] java.specification.name=Java Platform API Specification
15 Jan 2017, 21:41:00.888 [  FINER] [   FXGL.SystemLogger] [JavaFX Application Thread] java.class.version=52.0
15 Jan 2017, 21:41:00.888 [  FINER] [   FXGL.SystemLogger] [JavaFX Application Thread] java.library.path=C:\Program Files\Java\jdk1.8.0_111\bin;C:\WINDOWS\Sun\Java\bin;C:\WINDOWS\system32;C:\WINDOWS;C:\ProgramData\Oracle\Java\javapath;C:\Program Files (x86)\Intel\iCLS Client\;C:\Program Files\Intel\iCLS Client\;C:\Windows\system32;C:\Windows;C:\Windows\System32\Wbem;C:\Windows\System32\WindowsPowerShell\v1.0\;C:\Program Files (x86)\Intel\Intel(R) Management Engine Components\DAL;C:\Program Files\Intel\Intel(R) Management Engine Components\DAL;C:\Program Files (x86)\Intel\Intel(R) Management Engine Components\IPT;C:\Program Files\Intel\Intel(R) Management Engine Components\IPT;C:\Program Files (x86)\NVIDIA Corporation\PhysX\Common;C:\Program Files\Intel\WiFi\bin\;C:\Program Files\Common Files\Intel\WirelessCommon\;C:\WINDOWS\system32;C:\WINDOWS;C:\WINDOWS\System32\Wbem;C:\WINDOWS\System32\WindowsPowerShell\v1.0\;C:\Program Files (x86)\AOMEI Backupper;C:\Users\Vic Spet\AppData\Local\Microsoft\WindowsApps;;.
15 Jan 2017, 21:41:00.889 [  FINER] [   FXGL.SystemLogger] [JavaFX Application Thread] sun.jnu.encoding=Cp1252
15 Jan 2017, 21:41:00.889 [  FINER] [   FXGL.SystemLogger] [JavaFX Application Thread] os.name=Windows 10
15 Jan 2017, 21:41:00.889 [  FINER] [   FXGL.SystemLogger] [JavaFX Application Thread] user.variant=
15 Jan 2017, 21:41:00.889 [  FINER] [   FXGL.SystemLogger] [JavaFX Application Thread] java.vm.specification.vendor=Oracle Corporation
15 Jan 2017, 21:41:00.890 [  FINER] [   FXGL.SystemLogger] [JavaFX Application Thread] java.io.tmpdir=C:\Users\VICSPE~1\AppData\Local\Temp\
15 Jan 2017, 21:41:00.890 [  FINER] [   FXGL.SystemLogger] [JavaFX Application Thread] line.separator=

15 Jan 2017, 21:41:00.890 [  FINER] [   FXGL.SystemLogger] [JavaFX Application Thread] java.endorsed.dirs=C:\Program Files\Java\jdk1.8.0_111\jre\lib\endorsed
15 Jan 2017, 21:41:00.890 [  FINER] [   FXGL.SystemLogger] [JavaFX Application Thread] os.arch=amd64
15 Jan 2017, 21:41:00.891 [  FINER] [   FXGL.SystemLogger] [JavaFX Application Thread] javafx.runtime.version=8.0.111-b14
15 Jan 2017, 21:41:00.891 [  FINER] [   FXGL.SystemLogger] [JavaFX Application Thread] java.awt.graphicsenv=sun.awt.Win32GraphicsEnvironment
15 Jan 2017, 21:41:00.891 [  FINER] [   FXGL.SystemLogger] [JavaFX Application Thread] java.runtime.version=1.8.0_111-b14
15 Jan 2017, 21:41:00.891 [  FINER] [   FXGL.SystemLogger] [JavaFX Application Thread] java.vm.specification.name=Java Virtual Machine Specification
15 Jan 2017, 21:41:00.892 [  FINER] [   FXGL.SystemLogger] [JavaFX Application Thread] user.dir=C:\Users\Vic Spet\Documents\NetBeansProjects\MotherLoadProject\MotherLoad
15 Jan 2017, 21:41:00.892 [  FINER] [   FXGL.SystemLogger] [JavaFX Application Thread] user.country=CA
15 Jan 2017, 21:41:00.892 [  FINER] [   FXGL.SystemLogger] [JavaFX Application Thread] user.script=
15 Jan 2017, 21:41:00.892 [  FINER] [   FXGL.SystemLogger] [JavaFX Application Thread] sun.java.launcher=SUN_STANDARD
15 Jan 2017, 21:41:00.892 [  FINER] [   FXGL.SystemLogger] [JavaFX Application Thread] sun.os.patch.level=
15 Jan 2017, 21:41:00.893 [  FINER] [   FXGL.SystemLogger] [JavaFX Application Thread] java.vm.name=Java HotSpot(TM) 64-Bit Server VM
15 Jan 2017, 21:41:00.893 [  FINER] [   FXGL.SystemLogger] [JavaFX Application Thread] file.encoding.pkg=sun.io
15 Jan 2017, 21:41:00.893 [  FINER] [   FXGL.SystemLogger] [JavaFX Application Thread] path.separator=;
15 Jan 2017, 21:41:00.893 [  FINER] [   FXGL.SystemLogger] [JavaFX Application Thread] java.vm.vendor=Oracle Corporation
15 Jan 2017, 21:41:00.894 [  FINER] [   FXGL.SystemLogger] [JavaFX Application Thread] java.vendor.url=http://java.oracle.com/
15 Jan 2017, 21:41:00.894 [  FINER] [   FXGL.SystemLogger] [JavaFX Application Thread] sun.boot.library.path=C:\Program Files\Java\jdk1.8.0_111\jre\bin
15 Jan 2017, 21:41:00.894 [  FINER] [   FXGL.SystemLogger] [JavaFX Application Thread] java.vm.version=25.111-b14
15 Jan 2017, 21:41:00.894 [  FINER] [   FXGL.SystemLogger] [JavaFX Application Thread] java.runtime.name=Java(TM) SE Runtime Environment
15 Jan 2017, 21:41:00.895 [  FINER] [   FXGL.SystemLogger] [JavaFX Application Thread] javafx.version=8.0.111
15 Jan 2017, 21:41:00.901 [   INFO] [   FXGL.SystemLogger] [JavaFX Application Thread] FXGL-0.2.9
15 Jan 2017, 21:41:00.901 [   INFO] [   FXGL.SystemLogger] [JavaFX Application Thread] Source code and latest versions at: https://github.com/AlmasB/FXGL
15 Jan 2017, 21:41:00.901 [   INFO] [   FXGL.SystemLogger] [JavaFX Application Thread]              Join the FXGL chat at: https://gitter.im/AlmasB/FXGL
15 Jan 2017, 21:41:00.907 [  FINER] [   FXGL.SystemLogger] [JavaFX Application Thread] Starting JavaFX
15 Jan 2017, 21:41:00.909 [  FINER] [   FXGL.SystemLogger] [          JavaFX-Launcher] Initializing FXGL
15 Jan 2017, 21:41:00.929 [  FINER] [   FXGL.SystemLogger] [JavaFX Application Thread] Starting FXGL
15 Jan 2017, 21:41:01.171 [  FINER] [   FXGL.SystemLogger] [     FXGL Launcher Thread] Configuring FXGL
15 Jan 2017, 21:41:01.171 [  FINER] [   FXGL.SystemLogger] [     FXGL Launcher Thread] Initializing system properties
15 Jan 2017, 21:41:01.201 [  FINER] [   FXGL.SystemLogger] [     FXGL Launcher Thread] sound.notification = system/notification.wav
15 Jan 2017, 21:41:01.201 [  FINER] [   FXGL.SystemLogger] [     FXGL Launcher Thread] url.storage = https://raw.githubusercontent.com/AlmasB/git-server/master/storage/
15 Jan 2017, 21:41:01.201 [  FINER] [   FXGL.SystemLogger] [     FXGL Launcher Thread] asset.cache.size = 35
15 Jan 2017, 21:41:01.201 [  FINER] [   FXGL.SystemLogger] [     FXGL Launcher Thread] fs.profiledir = profiles/
15 Jan 2017, 21:41:01.202 [  FINER] [   FXGL.SystemLogger] [     FXGL Launcher Thread] url.pom = https://raw.githubusercontent.com/AlmasB/FXGL/master/pom.xml
15 Jan 2017, 21:41:01.202 [  FINER] [   FXGL.SystemLogger] [     FXGL Launcher Thread] dev.showbbox = false
15 Jan 2017, 21:41:01.202 [  FINER] [   FXGL.SystemLogger] [     FXGL Launcher Thread] fs.datafile.ext = .dat
15 Jan 2017, 21:41:01.202 [  FINER] [   FXGL.SystemLogger] [     FXGL Launcher Thread] sound.menu.back = menu/back.wav
15 Jan 2017, 21:41:01.203 [  FINER] [   FXGL.SystemLogger] [     FXGL Launcher Thread] sound.menu.select = menu/select.wav
15 Jan 2017, 21:41:01.203 [  FINER] [   FXGL.SystemLogger] [     FXGL Launcher Thread] url.github = https://github.com/AlmasB/FXGL
15 Jan 2017, 21:41:01.203 [  FINER] [   FXGL.SystemLogger] [     FXGL Launcher Thread] url.surveymonkey = https://www.surveymonkey.co.uk/r/BH6LLPM
15 Jan 2017, 21:41:01.203 [  FINER] [   FXGL.SystemLogger] [     FXGL Launcher Thread] physics.ppm = 50.0
15 Jan 2017, 21:41:01.204 [  FINER] [   FXGL.SystemLogger] [     FXGL Launcher Thread] ui.css = fxgl.css
15 Jan 2017, 21:41:01.204 [  FINER] [   FXGL.SystemLogger] [     FXGL Launcher Thread] version.check.days = 7
15 Jan 2017, 21:41:01.204 [  FINER] [   FXGL.SystemLogger] [     FXGL Launcher Thread] fs.savefile.ext = .sav
15 Jan 2017, 21:41:01.204 [  FINER] [   FXGL.SystemLogger] [     FXGL Launcher Thread] pooling.initialSize = 128
15 Jan 2017, 21:41:01.204 [  FINER] [   FXGL.SystemLogger] [     FXGL Launcher Thread] ui.font = Copperplate_Gothic_Light_Regular.ttf
15 Jan 2017, 21:41:01.205 [  FINER] [   FXGL.SystemLogger] [     FXGL Launcher Thread] fs.savedir = saves/
15 Jan 2017, 21:41:01.205 [  FINER] [   FXGL.SystemLogger] [     FXGL Launcher Thread] fs.profilename = user.profile
15 Jan 2017, 21:41:01.205 [  FINER] [   FXGL.SystemLogger] [     FXGL Launcher Thread] ui.icon.name = fxgl_icon.png
15 Jan 2017, 21:41:01.205 [  FINER] [   FXGL.SystemLogger] [     FXGL Launcher Thread] url.googleforms = https://goo.gl/forms/6wrMnOBxTE1fEpOy2
15 Jan 2017, 21:41:01.206 [  FINER] [   FXGL.SystemLogger] [     FXGL Launcher Thread] sound.menu.press = menu/press.wav
15 Jan 2017, 21:41:01.206 [  FINER] [   FXGL.SystemLogger] [     FXGL Launcher Thread] Initializing user properties
15 Jan 2017, 21:41:01.206 [   INFO] [   FXGL.SystemLogger] [     FXGL Launcher Thread] User properties not found. Using system
15 Jan 2017, 21:41:01.206 [  FINER] [   FXGL.SystemLogger] [     FXGL Launcher Thread] Initializing app settings
15 Jan 2017, 21:41:01.214 [  FINER] [   FXGL.SystemLogger] [     FXGL Launcher Thread] Logging settings
Title: MotherLoad
Version: 0.01 [ALPHA]
Width: 800
Height: 700
Fullscreen: false
Intro: false
Menus: false
Profiling: true
App Mode: DEVELOPER
Menu Style: FXGL_DEFAULT
Menu Key: ESCAPE
Services: []
15 Jan 2017, 21:41:01.941 [  FINER] [   FXGL.SystemLogger] [     FXGL Launcher Thread] FXGL configuration complete
15 Jan 2017, 21:41:01.941 [   INFO] [   FXGL.SystemLogger] [     FXGL Launcher Thread] FXGL configuration took:  0.770 sec
15 Jan 2017, 21:41:01.947 [  FINER] [   FXGL.SystemLogger] [JavaFX Application Thread] Running task: UpdaterTask
15 Jan 2017, 21:41:01.951 [  FINER] [   FXGL.SystemLogger] [     FXGL Launcher Thread] Running task: PreInitTask
15 Jan 2017, 21:41:02.034 [  FINER] [   FXGL.SystemLogger] [     FXGL Launcher Thread] Running task: InitScenesTask
15 Jan 2017, 21:41:02.294 [  FINER] [   FXGL.SystemLogger] [     FXGL Launcher Thread] Running task: InitEventHandlersTask
15 Jan 2017, 21:41:02.324 [  FINER] [   FXGL.SystemLogger] [     FXGL Launcher Thread] Running task: InitProfilerTask
15 Jan 2017, 21:41:02.330 [  FINER] [   FXGL.SystemLogger] [     FXGL Launcher Thread] Pausing main loop
15 Jan 2017, 21:41:02.334 [  FINER] [   FXGL.SystemLogger] [     FXGL Launcher Thread] Resetting FXGL application
15 Jan 2017, 21:41:02.424 [   INFO] [   FXGL.SystemLogger] [     FXGL Launcher Thread] Game configuration took:  0.473 sec
15 Jan 2017, 21:41:03.129 [   INFO] [   FXGL.SystemLogger] [ FXGL Background Thread 1] Game initialization took: 0.705 sec
15 Jan 2017, 21:41:03.132 [  FINER] [   FXGL.SystemLogger] [JavaFX Application Thread] Resuming main loop
