23 Jan 2017, 12:11:16.848 [   INFO] [   FXGL.SystemLogger] [JavaFX Application Thread] System Logger is initialized
23 Jan 2017, 12:11:16.868 [  FINER] [   FXGL.SystemLogger] [JavaFX Application Thread] Logging System Info
23 Jan 2017, 12:11:16.870 [  FINER] [   FXGL.SystemLogger] [JavaFX Application Thread] CPU cores: 4
23 Jan 2017, 12:11:16.873 [  FINER] [   FXGL.SystemLogger] [JavaFX Application Thread] Free Memory: 230MB
23 Jan 2017, 12:11:16.874 [  FINER] [   FXGL.SystemLogger] [JavaFX Application Thread] Max Memory: 3620MB
23 Jan 2017, 12:11:16.875 [  FINER] [   FXGL.SystemLogger] [JavaFX Application Thread] Total Memory: 246MB
23 Jan 2017, 12:11:16.875 [  FINER] [   FXGL.SystemLogger] [JavaFX Application Thread] System Properties:
23 Jan 2017, 12:11:16.876 [  FINER] [   FXGL.SystemLogger] [JavaFX Application Thread] sun.cpu.isalist=amd64
23 Jan 2017, 12:11:16.877 [  FINER] [   FXGL.SystemLogger] [JavaFX Application Thread] sun.desktop=windows
23 Jan 2017, 12:11:16.877 [  FINER] [   FXGL.SystemLogger] [JavaFX Application Thread] sun.io.unicode.encoding=UnicodeLittle
23 Jan 2017, 12:11:16.877 [  FINER] [   FXGL.SystemLogger] [JavaFX Application Thread] sun.cpu.endian=little
23 Jan 2017, 12:11:16.877 [  FINER] [   FXGL.SystemLogger] [JavaFX Application Thread] java.vendor.url.bug=http://bugreport.sun.com/bugreport/
23 Jan 2017, 12:11:16.878 [  FINER] [   FXGL.SystemLogger] [JavaFX Application Thread] file.separator=\
23 Jan 2017, 12:11:16.879 [  FINER] [   FXGL.SystemLogger] [JavaFX Application Thread] java.vendor=Oracle Corporation
23 Jan 2017, 12:11:16.879 [  FINER] [   FXGL.SystemLogger] [JavaFX Application Thread] sun.boot.class.path=C:\Program Files\Java\jdk1.8.0_111\jre\lib\resources.jar;C:\Program Files\Java\jdk1.8.0_111\jre\lib\rt.jar;C:\Program Files\Java\jdk1.8.0_111\jre\lib\sunrsasign.jar;C:\Program Files\Java\jdk1.8.0_111\jre\lib\jsse.jar;C:\Program Files\Java\jdk1.8.0_111\jre\lib\jce.jar;C:\Program Files\Java\jdk1.8.0_111\jre\lib\charsets.jar;C:\Program Files\Java\jdk1.8.0_111\jre\lib\jfr.jar;C:\Program Files\Java\jdk1.8.0_111\jre\classes
23 Jan 2017, 12:11:16.880 [  FINER] [   FXGL.SystemLogger] [JavaFX Application Thread] java.ext.dirs=C:\Program Files\Java\jdk1.8.0_111\jre\lib\ext;C:\WINDOWS\Sun\Java\lib\ext
23 Jan 2017, 12:11:16.880 [  FINER] [   FXGL.SystemLogger] [JavaFX Application Thread] java.version=1.8.0_111
23 Jan 2017, 12:11:16.880 [  FINER] [   FXGL.SystemLogger] [JavaFX Application Thread] java.vm.info=mixed mode
23 Jan 2017, 12:11:16.881 [  FINER] [   FXGL.SystemLogger] [JavaFX Application Thread] awt.toolkit=sun.awt.windows.WToolkit
23 Jan 2017, 12:11:16.881 [  FINER] [   FXGL.SystemLogger] [JavaFX Application Thread] user.language=en
23 Jan 2017, 12:11:16.881 [  FINER] [   FXGL.SystemLogger] [JavaFX Application Thread] java.specification.vendor=Oracle Corporation
23 Jan 2017, 12:11:16.882 [  FINER] [   FXGL.SystemLogger] [JavaFX Application Thread] sun.java.command=io.github.tdselliott.ml.MotherLoadApp
23 Jan 2017, 12:11:16.883 [  FINER] [   FXGL.SystemLogger] [JavaFX Application Thread] java.home=C:\Program Files\Java\jdk1.8.0_111\jre
23 Jan 2017, 12:11:16.885 [  FINER] [   FXGL.SystemLogger] [JavaFX Application Thread] sun.arch.data.model=64
23 Jan 2017, 12:11:16.885 [  FINER] [   FXGL.SystemLogger] [JavaFX Application Thread] java.vm.specification.version=1.8
23 Jan 2017, 12:11:16.886 [  FINER] [   FXGL.SystemLogger] [JavaFX Application Thread] java.class.path=C:\Users\Vic Spet\Documents\NetBeansProjects\MotherLoadProject\MotherLoad\lib\fxgl-0.2.9-uber.jar;C:\Users\Vic Spet\Documents\NetBeansProjects\MotherLoadProject\MotherLoad\build\classes
23 Jan 2017, 12:11:16.886 [  FINER] [   FXGL.SystemLogger] [JavaFX Application Thread] user.name=Vic Spet
23 Jan 2017, 12:11:16.887 [  FINER] [   FXGL.SystemLogger] [JavaFX Application Thread] file.encoding=UTF-8
23 Jan 2017, 12:11:16.888 [  FINER] [   FXGL.SystemLogger] [JavaFX Application Thread] java.specification.version=1.8
23 Jan 2017, 12:11:16.888 [  FINER] [   FXGL.SystemLogger] [JavaFX Application Thread] java.awt.printerjob=sun.awt.windows.WPrinterJob
23 Jan 2017, 12:11:16.889 [  FINER] [   FXGL.SystemLogger] [JavaFX Application Thread] user.timezone=America/New_York
23 Jan 2017, 12:11:16.891 [  FINER] [   FXGL.SystemLogger] [JavaFX Application Thread] user.home=C:\Users\Vic Spet
23 Jan 2017, 12:11:16.891 [  FINER] [   FXGL.SystemLogger] [JavaFX Application Thread] os.version=10.0
23 Jan 2017, 12:11:16.891 [  FINER] [   FXGL.SystemLogger] [JavaFX Application Thread] sun.management.compiler=HotSpot 64-Bit Tiered Compilers
23 Jan 2017, 12:11:16.891 [  FINER] [   FXGL.SystemLogger] [JavaFX Application Thread] java.specification.name=Java Platform API Specification
23 Jan 2017, 12:11:16.892 [  FINER] [   FXGL.SystemLogger] [JavaFX Application Thread] java.class.version=52.0
23 Jan 2017, 12:11:16.892 [  FINER] [   FXGL.SystemLogger] [JavaFX Application Thread] java.library.path=C:\Program Files\Java\jdk1.8.0_111\bin;C:\WINDOWS\Sun\Java\bin;C:\WINDOWS\system32;C:\WINDOWS;C:\ProgramData\Oracle\Java\javapath;C:\Program Files (x86)\Intel\iCLS Client\;C:\Program Files\Intel\iCLS Client\;C:\Windows\system32;C:\Windows;C:\Windows\System32\Wbem;C:\Windows\System32\WindowsPowerShell\v1.0\;C:\Program Files (x86)\Intel\Intel(R) Management Engine Components\DAL;C:\Program Files\Intel\Intel(R) Management Engine Components\DAL;C:\Program Files (x86)\Intel\Intel(R) Management Engine Components\IPT;C:\Program Files\Intel\Intel(R) Management Engine Components\IPT;C:\Program Files (x86)\NVIDIA Corporation\PhysX\Common;C:\Program Files\Intel\WiFi\bin\;C:\Program Files\Common Files\Intel\WirelessCommon\;C:\WINDOWS\system32;C:\WINDOWS;C:\WINDOWS\System32\Wbem;C:\WINDOWS\System32\WindowsPowerShell\v1.0\;C:\Program Files (x86)\AOMEI Backupper;C:\Users\Vic Spet\AppData\Local\Microsoft\WindowsApps;;.
23 Jan 2017, 12:11:16.892 [  FINER] [   FXGL.SystemLogger] [JavaFX Application Thread] sun.jnu.encoding=Cp1252
23 Jan 2017, 12:11:16.892 [  FINER] [   FXGL.SystemLogger] [JavaFX Application Thread] os.name=Windows 10
23 Jan 2017, 12:11:16.893 [  FINER] [   FXGL.SystemLogger] [JavaFX Application Thread] user.variant=
23 Jan 2017, 12:11:16.893 [  FINER] [   FXGL.SystemLogger] [JavaFX Application Thread] java.vm.specification.vendor=Oracle Corporation
23 Jan 2017, 12:11:16.893 [  FINER] [   FXGL.SystemLogger] [JavaFX Application Thread] java.io.tmpdir=C:\Users\VICSPE~1\AppData\Local\Temp\
23 Jan 2017, 12:11:16.893 [  FINER] [   FXGL.SystemLogger] [JavaFX Application Thread] line.separator=

23 Jan 2017, 12:11:16.893 [  FINER] [   FXGL.SystemLogger] [JavaFX Application Thread] java.endorsed.dirs=C:\Program Files\Java\jdk1.8.0_111\jre\lib\endorsed
23 Jan 2017, 12:11:16.894 [  FINER] [   FXGL.SystemLogger] [JavaFX Application Thread] os.arch=amd64
23 Jan 2017, 12:11:16.894 [  FINER] [   FXGL.SystemLogger] [JavaFX Application Thread] javafx.runtime.version=8.0.111-b14
23 Jan 2017, 12:11:16.894 [  FINER] [   FXGL.SystemLogger] [JavaFX Application Thread] java.awt.graphicsenv=sun.awt.Win32GraphicsEnvironment
23 Jan 2017, 12:11:16.894 [  FINER] [   FXGL.SystemLogger] [JavaFX Application Thread] java.runtime.version=1.8.0_111-b14
23 Jan 2017, 12:11:16.894 [  FINER] [   FXGL.SystemLogger] [JavaFX Application Thread] java.vm.specification.name=Java Virtual Machine Specification
23 Jan 2017, 12:11:16.896 [  FINER] [   FXGL.SystemLogger] [JavaFX Application Thread] user.dir=C:\Users\Vic Spet\Documents\NetBeansProjects\MotherLoadProject\MotherLoad
23 Jan 2017, 12:11:16.896 [  FINER] [   FXGL.SystemLogger] [JavaFX Application Thread] user.country=CA
23 Jan 2017, 12:11:16.896 [  FINER] [   FXGL.SystemLogger] [JavaFX Application Thread] user.script=
23 Jan 2017, 12:11:16.896 [  FINER] [   FXGL.SystemLogger] [JavaFX Application Thread] sun.java.launcher=SUN_STANDARD
23 Jan 2017, 12:11:16.897 [  FINER] [   FXGL.SystemLogger] [JavaFX Application Thread] sun.os.patch.level=
23 Jan 2017, 12:11:16.897 [  FINER] [   FXGL.SystemLogger] [JavaFX Application Thread] java.vm.name=Java HotSpot(TM) 64-Bit Server VM
23 Jan 2017, 12:11:16.897 [  FINER] [   FXGL.SystemLogger] [JavaFX Application Thread] file.encoding.pkg=sun.io
23 Jan 2017, 12:11:16.897 [  FINER] [   FXGL.SystemLogger] [JavaFX Application Thread] path.separator=;
23 Jan 2017, 12:11:16.897 [  FINER] [   FXGL.SystemLogger] [JavaFX Application Thread] java.vm.vendor=Oracle Corporation
23 Jan 2017, 12:11:16.898 [  FINER] [   FXGL.SystemLogger] [JavaFX Application Thread] java.vendor.url=http://java.oracle.com/
23 Jan 2017, 12:11:16.898 [  FINER] [   FXGL.SystemLogger] [JavaFX Application Thread] sun.boot.library.path=C:\Program Files\Java\jdk1.8.0_111\jre\bin
23 Jan 2017, 12:11:16.898 [  FINER] [   FXGL.SystemLogger] [JavaFX Application Thread] java.vm.version=25.111-b14
23 Jan 2017, 12:11:16.898 [  FINER] [   FXGL.SystemLogger] [JavaFX Application Thread] java.runtime.name=Java(TM) SE Runtime Environment
23 Jan 2017, 12:11:16.899 [  FINER] [   FXGL.SystemLogger] [JavaFX Application Thread] javafx.version=8.0.111
23 Jan 2017, 12:11:16.904 [   INFO] [   FXGL.SystemLogger] [JavaFX Application Thread] FXGL-0.2.9
23 Jan 2017, 12:11:16.905 [   INFO] [   FXGL.SystemLogger] [JavaFX Application Thread] Source code and latest versions at: https://github.com/AlmasB/FXGL
23 Jan 2017, 12:11:16.906 [   INFO] [   FXGL.SystemLogger] [JavaFX Application Thread]              Join the FXGL chat at: https://gitter.im/AlmasB/FXGL
23 Jan 2017, 12:11:16.963 [  FINER] [   FXGL.SystemLogger] [JavaFX Application Thread] Starting JavaFX
23 Jan 2017, 12:11:16.964 [  FINER] [   FXGL.SystemLogger] [          JavaFX-Launcher] Initializing FXGL
23 Jan 2017, 12:11:16.981 [  FINER] [   FXGL.SystemLogger] [JavaFX Application Thread] Starting FXGL
23 Jan 2017, 12:11:17.190 [  FINER] [   FXGL.SystemLogger] [     FXGL Launcher Thread] Configuring FXGL
23 Jan 2017, 12:11:17.191 [  FINER] [   FXGL.SystemLogger] [     FXGL Launcher Thread] Initializing system properties
23 Jan 2017, 12:11:17.218 [  FINER] [   FXGL.SystemLogger] [     FXGL Launcher Thread] sound.notification = system/notification.wav
23 Jan 2017, 12:11:17.219 [  FINER] [   FXGL.SystemLogger] [     FXGL Launcher Thread] url.storage = https://raw.githubusercontent.com/AlmasB/git-server/master/storage/
23 Jan 2017, 12:11:17.219 [  FINER] [   FXGL.SystemLogger] [     FXGL Launcher Thread] asset.cache.size = 35
23 Jan 2017, 12:11:17.219 [  FINER] [   FXGL.SystemLogger] [     FXGL Launcher Thread] fs.profiledir = profiles/
23 Jan 2017, 12:11:17.219 [  FINER] [   FXGL.SystemLogger] [     FXGL Launcher Thread] url.pom = https://raw.githubusercontent.com/AlmasB/FXGL/master/pom.xml
23 Jan 2017, 12:11:17.220 [  FINER] [   FXGL.SystemLogger] [     FXGL Launcher Thread] dev.showbbox = false
23 Jan 2017, 12:11:17.220 [  FINER] [   FXGL.SystemLogger] [     FXGL Launcher Thread] fs.datafile.ext = .dat
23 Jan 2017, 12:11:17.220 [  FINER] [   FXGL.SystemLogger] [     FXGL Launcher Thread] sound.menu.back = menu/back.wav
23 Jan 2017, 12:11:17.220 [  FINER] [   FXGL.SystemLogger] [     FXGL Launcher Thread] sound.menu.select = menu/select.wav
23 Jan 2017, 12:11:17.220 [  FINER] [   FXGL.SystemLogger] [     FXGL Launcher Thread] url.github = https://github.com/AlmasB/FXGL
23 Jan 2017, 12:11:17.221 [  FINER] [   FXGL.SystemLogger] [     FXGL Launcher Thread] url.surveymonkey = https://www.surveymonkey.co.uk/r/BH6LLPM
23 Jan 2017, 12:11:17.221 [  FINER] [   FXGL.SystemLogger] [     FXGL Launcher Thread] physics.ppm = 50.0
23 Jan 2017, 12:11:17.221 [  FINER] [   FXGL.SystemLogger] [     FXGL Launcher Thread] ui.css = fxgl.css
23 Jan 2017, 12:11:17.221 [  FINER] [   FXGL.SystemLogger] [     FXGL Launcher Thread] version.check.days = 7
23 Jan 2017, 12:11:17.221 [  FINER] [   FXGL.SystemLogger] [     FXGL Launcher Thread] fs.savefile.ext = .sav
23 Jan 2017, 12:11:17.222 [  FINER] [   FXGL.SystemLogger] [     FXGL Launcher Thread] pooling.initialSize = 128
23 Jan 2017, 12:11:17.222 [  FINER] [   FXGL.SystemLogger] [     FXGL Launcher Thread] ui.font = Copperplate_Gothic_Light_Regular.ttf
23 Jan 2017, 12:11:17.222 [  FINER] [   FXGL.SystemLogger] [     FXGL Launcher Thread] fs.savedir = saves/
23 Jan 2017, 12:11:17.222 [  FINER] [   FXGL.SystemLogger] [     FXGL Launcher Thread] fs.profilename = user.profile
23 Jan 2017, 12:11:17.222 [  FINER] [   FXGL.SystemLogger] [     FXGL Launcher Thread] ui.icon.name = fxgl_icon.png
23 Jan 2017, 12:11:17.223 [  FINER] [   FXGL.SystemLogger] [     FXGL Launcher Thread] url.googleforms = https://goo.gl/forms/6wrMnOBxTE1fEpOy2
23 Jan 2017, 12:11:17.223 [  FINER] [   FXGL.SystemLogger] [     FXGL Launcher Thread] sound.menu.press = menu/press.wav
23 Jan 2017, 12:11:17.223 [  FINER] [   FXGL.SystemLogger] [     FXGL Launcher Thread] Initializing user properties
23 Jan 2017, 12:11:17.223 [   INFO] [   FXGL.SystemLogger] [     FXGL Launcher Thread] User properties not found. Using system
23 Jan 2017, 12:11:17.224 [  FINER] [   FXGL.SystemLogger] [     FXGL Launcher Thread] Initializing app settings
23 Jan 2017, 12:11:17.230 [  FINER] [   FXGL.SystemLogger] [     FXGL Launcher Thread] Logging settings
Title: MotherLoad
Version: 0.5 [BETA]
Width: 800
Height: 700
Fullscreen: false
Intro: false
Menus: false
Profiling: true
App Mode: DEVELOPER
Menu Style: WARCRAFT3
Menu Key: ESCAPE
Services: []
23 Jan 2017, 12:11:17.830 [  FINER] [   FXGL.SystemLogger] [     FXGL Launcher Thread] FXGL configuration complete
23 Jan 2017, 12:11:17.830 [   INFO] [   FXGL.SystemLogger] [     FXGL Launcher Thread] FXGL configuration took:  0.640 sec
23 Jan 2017, 12:11:17.848 [  FINER] [   FXGL.SystemLogger] [JavaFX Application Thread] Running task: UpdaterTask
23 Jan 2017, 12:11:17.859 [  FINER] [   FXGL.SystemLogger] [     FXGL Launcher Thread] Running task: PreInitTask
23 Jan 2017, 12:11:17.978 [  FINER] [   FXGL.SystemLogger] [     FXGL Launcher Thread] Running task: InitScenesTask
23 Jan 2017, 12:11:18.203 [  FINER] [   FXGL.SystemLogger] [     FXGL Launcher Thread] Running task: InitEventHandlersTask
23 Jan 2017, 12:11:18.230 [  FINER] [   FXGL.SystemLogger] [     FXGL Launcher Thread] Running task: InitProfilerTask
23 Jan 2017, 12:11:18.235 [  FINER] [   FXGL.SystemLogger] [     FXGL Launcher Thread] Pausing main loop
23 Jan 2017, 12:11:18.238 [  FINER] [   FXGL.SystemLogger] [     FXGL Launcher Thread] Resetting FXGL application
23 Jan 2017, 12:11:18.322 [   INFO] [   FXGL.SystemLogger] [     FXGL Launcher Thread] Game configuration took:  0.463 sec
23 Jan 2017, 12:11:18.494 [   INFO] [   FXGL.SystemLogger] [ FXGL Background Thread 1] Game initialization took: 0.170 sec
23 Jan 2017, 12:11:18.496 [  FINER] [   FXGL.SystemLogger] [JavaFX Application Thread] Resuming main loop
23 Jan 2017, 12:11:25.801 [  FINER] [   FXGL.SystemLogger] [JavaFX Application Thread] Exiting Normally
23 Jan 2017, 12:11:25.802 [   INFO] [   FXGL.SystemLogger] [JavaFX Application Thread] Processed Frames: 423
23 Jan 2017, 12:11:25.802 [   INFO] [   FXGL.SystemLogger] [JavaFX Application Thread] Average FPS: 56
23 Jan 2017, 12:11:25.803 [   INFO] [   FXGL.SystemLogger] [JavaFX Application Thread] Avg Performance: 2295
23 Jan 2017, 12:11:25.803 [   INFO] [   FXGL.SystemLogger] [JavaFX Application Thread] Avg Memory Usage: 152 MB
23 Jan 2017, 12:11:25.803 [   INFO] [   FXGL.SystemLogger] [JavaFX Application Thread] Min Memory Usage: 93 MB
23 Jan 2017, 12:11:25.804 [   INFO] [   FXGL.SystemLogger] [JavaFX Application Thread] Max Memory Usage: 208 MB
23 Jan 2017, 12:11:25.804 [   INFO] [   FXGL.SystemLogger] [JavaFX Application Thread] Estimated GC runs: 1
23 Jan 2017, 12:11:25.810 [  FINER] [   FXGL.SystemLogger] [JavaFX Application Thread] Exiting FXGL
23 Jan 2017, 12:11:25.810 [  FINER] [   FXGL.SystemLogger] [JavaFX Application Thread] Logger is closing
