17 Jan 2017, 19:50:42.390 [   INFO] [   FXGL.SystemLogger] [JavaFX Application Thread] System Logger is initialized
17 Jan 2017, 19:50:42.423 [  FINER] [   FXGL.SystemLogger] [JavaFX Application Thread] Logging System Info
17 Jan 2017, 19:50:42.425 [  FINER] [   FXGL.SystemLogger] [JavaFX Application Thread] CPU cores: 4
17 Jan 2017, 19:50:42.430 [  FINER] [   FXGL.SystemLogger] [JavaFX Application Thread] Free Memory: 49MB
17 Jan 2017, 19:50:42.431 [  FINER] [   FXGL.SystemLogger] [JavaFX Application Thread] Max Memory: 866MB
17 Jan 2017, 19:50:42.433 [  FINER] [   FXGL.SystemLogger] [JavaFX Application Thread] Total Memory: 60MB
17 Jan 2017, 19:50:42.435 [  FINER] [   FXGL.SystemLogger] [JavaFX Application Thread] System Properties:
17 Jan 2017, 19:50:42.438 [  FINER] [   FXGL.SystemLogger] [JavaFX Application Thread] sun.cpu.isalist=amd64
17 Jan 2017, 19:50:42.439 [  FINER] [   FXGL.SystemLogger] [JavaFX Application Thread] sun.desktop=windows
17 Jan 2017, 19:50:42.440 [  FINER] [   FXGL.SystemLogger] [JavaFX Application Thread] sun.io.unicode.encoding=UnicodeLittle
17 Jan 2017, 19:50:42.441 [  FINER] [   FXGL.SystemLogger] [JavaFX Application Thread] sun.cpu.endian=little
17 Jan 2017, 19:50:42.442 [  FINER] [   FXGL.SystemLogger] [JavaFX Application Thread] java.vendor.url.bug=http://bugreport.sun.com/bugreport/
17 Jan 2017, 19:50:42.443 [  FINER] [   FXGL.SystemLogger] [JavaFX Application Thread] file.separator=\
17 Jan 2017, 19:50:42.444 [  FINER] [   FXGL.SystemLogger] [JavaFX Application Thread] java.vendor=Oracle Corporation
17 Jan 2017, 19:50:42.445 [  FINER] [   FXGL.SystemLogger] [JavaFX Application Thread] sun.boot.class.path=C:\Program Files\Java\jdk1.8.0_111\jre\lib\resources.jar;C:\Program Files\Java\jdk1.8.0_111\jre\lib\rt.jar;C:\Program Files\Java\jdk1.8.0_111\jre\lib\sunrsasign.jar;C:\Program Files\Java\jdk1.8.0_111\jre\lib\jsse.jar;C:\Program Files\Java\jdk1.8.0_111\jre\lib\jce.jar;C:\Program Files\Java\jdk1.8.0_111\jre\lib\charsets.jar;C:\Program Files\Java\jdk1.8.0_111\jre\lib\jfr.jar;C:\Program Files\Java\jdk1.8.0_111\jre\classes
17 Jan 2017, 19:50:42.446 [  FINER] [   FXGL.SystemLogger] [JavaFX Application Thread] java.ext.dirs=C:\Program Files\Java\jdk1.8.0_111\jre\lib\ext;C:\WINDOWS\Sun\Java\lib\ext
17 Jan 2017, 19:50:42.446 [  FINER] [   FXGL.SystemLogger] [JavaFX Application Thread] java.version=1.8.0_111
17 Jan 2017, 19:50:42.447 [  FINER] [   FXGL.SystemLogger] [JavaFX Application Thread] java.vm.info=mixed mode
17 Jan 2017, 19:50:42.447 [  FINER] [   FXGL.SystemLogger] [JavaFX Application Thread] awt.toolkit=sun.awt.windows.WToolkit
17 Jan 2017, 19:50:42.448 [  FINER] [   FXGL.SystemLogger] [JavaFX Application Thread] user.language=en
17 Jan 2017, 19:50:42.449 [  FINER] [   FXGL.SystemLogger] [JavaFX Application Thread] java.specification.vendor=Oracle Corporation
17 Jan 2017, 19:50:42.450 [  FINER] [   FXGL.SystemLogger] [JavaFX Application Thread] sun.java.command=io.github.tdselliott.ml.MotherLoadApp
17 Jan 2017, 19:50:42.450 [  FINER] [   FXGL.SystemLogger] [JavaFX Application Thread] java.home=C:\Program Files\Java\jdk1.8.0_111\jre
17 Jan 2017, 19:50:42.451 [  FINER] [   FXGL.SystemLogger] [JavaFX Application Thread] sun.arch.data.model=64
17 Jan 2017, 19:50:42.452 [  FINER] [   FXGL.SystemLogger] [JavaFX Application Thread] java.vm.specification.version=1.8
17 Jan 2017, 19:50:42.453 [  FINER] [   FXGL.SystemLogger] [JavaFX Application Thread] java.class.path=C:\Users\Tyler\Documents\NetBeansProjects\MotherLoad\MotherLoad\lib\fxgl-0.2.9-uber.jar;C:\Users\Tyler\Documents\NetBeansProjects\MotherLoad\MotherLoad\build\classes
17 Jan 2017, 19:50:42.453 [  FINER] [   FXGL.SystemLogger] [JavaFX Application Thread] user.name=Tyler
17 Jan 2017, 19:50:42.454 [  FINER] [   FXGL.SystemLogger] [JavaFX Application Thread] file.encoding=UTF-8
17 Jan 2017, 19:50:42.455 [  FINER] [   FXGL.SystemLogger] [JavaFX Application Thread] java.specification.version=1.8
17 Jan 2017, 19:50:42.455 [  FINER] [   FXGL.SystemLogger] [JavaFX Application Thread] java.awt.printerjob=sun.awt.windows.WPrinterJob
17 Jan 2017, 19:50:42.456 [  FINER] [   FXGL.SystemLogger] [JavaFX Application Thread] user.timezone=America/New_York
17 Jan 2017, 19:50:42.457 [  FINER] [   FXGL.SystemLogger] [JavaFX Application Thread] user.home=C:\Users\Tyler
17 Jan 2017, 19:50:42.458 [  FINER] [   FXGL.SystemLogger] [JavaFX Application Thread] os.version=10.0
17 Jan 2017, 19:50:42.459 [  FINER] [   FXGL.SystemLogger] [JavaFX Application Thread] sun.management.compiler=HotSpot 64-Bit Tiered Compilers
17 Jan 2017, 19:50:42.460 [  FINER] [   FXGL.SystemLogger] [JavaFX Application Thread] java.specification.name=Java Platform API Specification
17 Jan 2017, 19:50:42.460 [  FINER] [   FXGL.SystemLogger] [JavaFX Application Thread] java.class.version=52.0
17 Jan 2017, 19:50:42.461 [  FINER] [   FXGL.SystemLogger] [JavaFX Application Thread] java.library.path=C:\Program Files\Java\jdk1.8.0_111\bin;C:\WINDOWS\Sun\Java\bin;C:\WINDOWS\system32;C:\WINDOWS;C:\ProgramData\Oracle\Java\javapath;C:\Program Files (x86)\NVIDIA Corporation\PhysX\Common;C:\WINDOWS\system32;C:\WINDOWS;C:\WINDOWS\System32\Wbem;C:\WINDOWS\System32\WindowsPowerShell\v1.0\;C:\Program Files (x86)\QuickTime\QTSystem\;C:\Program Files (x86)\Calibre2\;C:\Program Files (x86)\Skype\Phone\;C:\Program Files (x86)\Extensis\Suitcase Fusion 6\;C:\Program Files (x86)\MiKTeX 2.9\miktex\bin\;C:\Program Files (x86)\Brackets\command;C:\Program Files\Java\jdk1.8.0_111\bin;C:\Users\Tyler\AppData\Local\Programs\Python\Python35-32\Scripts\;C:\Users\Tyler\AppData\Local\Programs\Python\Python35-32\;C:\Users\Tyler\AppData\Local\Microsoft\WindowsApps;.
17 Jan 2017, 19:50:42.462 [  FINER] [   FXGL.SystemLogger] [JavaFX Application Thread] sun.jnu.encoding=Cp1252
17 Jan 2017, 19:50:42.463 [  FINER] [   FXGL.SystemLogger] [JavaFX Application Thread] os.name=Windows 10
17 Jan 2017, 19:50:42.464 [  FINER] [   FXGL.SystemLogger] [JavaFX Application Thread] user.variant=
17 Jan 2017, 19:50:42.464 [  FINER] [   FXGL.SystemLogger] [JavaFX Application Thread] java.vm.specification.vendor=Oracle Corporation
17 Jan 2017, 19:50:42.465 [  FINER] [   FXGL.SystemLogger] [JavaFX Application Thread] java.io.tmpdir=C:\Users\Tyler\AppData\Local\Temp\
17 Jan 2017, 19:50:42.466 [  FINER] [   FXGL.SystemLogger] [JavaFX Application Thread] line.separator=

17 Jan 2017, 19:50:42.466 [  FINER] [   FXGL.SystemLogger] [JavaFX Application Thread] java.endorsed.dirs=C:\Program Files\Java\jdk1.8.0_111\jre\lib\endorsed
17 Jan 2017, 19:50:42.467 [  FINER] [   FXGL.SystemLogger] [JavaFX Application Thread] os.arch=amd64
17 Jan 2017, 19:50:42.467 [  FINER] [   FXGL.SystemLogger] [JavaFX Application Thread] javafx.runtime.version=8.0.111-b14
17 Jan 2017, 19:50:42.468 [  FINER] [   FXGL.SystemLogger] [JavaFX Application Thread] java.awt.graphicsenv=sun.awt.Win32GraphicsEnvironment
17 Jan 2017, 19:50:42.469 [  FINER] [   FXGL.SystemLogger] [JavaFX Application Thread] java.runtime.version=1.8.0_111-b14
17 Jan 2017, 19:50:42.469 [  FINER] [   FXGL.SystemLogger] [JavaFX Application Thread] java.vm.specification.name=Java Virtual Machine Specification
17 Jan 2017, 19:50:42.470 [  FINER] [   FXGL.SystemLogger] [JavaFX Application Thread] user.dir=C:\Users\Tyler\Documents\NetBeansProjects\MotherLoad\MotherLoad
17 Jan 2017, 19:50:42.471 [  FINER] [   FXGL.SystemLogger] [JavaFX Application Thread] user.country=GB
17 Jan 2017, 19:50:42.472 [  FINER] [   FXGL.SystemLogger] [JavaFX Application Thread] user.script=
17 Jan 2017, 19:50:42.472 [  FINER] [   FXGL.SystemLogger] [JavaFX Application Thread] sun.java.launcher=SUN_STANDARD
17 Jan 2017, 19:50:42.473 [  FINER] [   FXGL.SystemLogger] [JavaFX Application Thread] sun.os.patch.level=
17 Jan 2017, 19:50:42.474 [  FINER] [   FXGL.SystemLogger] [JavaFX Application Thread] java.vm.name=Java HotSpot(TM) 64-Bit Server VM
17 Jan 2017, 19:50:42.475 [  FINER] [   FXGL.SystemLogger] [JavaFX Application Thread] file.encoding.pkg=sun.io
17 Jan 2017, 19:50:42.476 [  FINER] [   FXGL.SystemLogger] [JavaFX Application Thread] path.separator=;
17 Jan 2017, 19:50:42.476 [  FINER] [   FXGL.SystemLogger] [JavaFX Application Thread] java.vm.vendor=Oracle Corporation
17 Jan 2017, 19:50:42.477 [  FINER] [   FXGL.SystemLogger] [JavaFX Application Thread] java.vendor.url=http://java.oracle.com/
17 Jan 2017, 19:50:42.478 [  FINER] [   FXGL.SystemLogger] [JavaFX Application Thread] sun.boot.library.path=C:\Program Files\Java\jdk1.8.0_111\jre\bin
17 Jan 2017, 19:50:42.479 [  FINER] [   FXGL.SystemLogger] [JavaFX Application Thread] java.vm.version=25.111-b14
17 Jan 2017, 19:50:42.479 [  FINER] [   FXGL.SystemLogger] [JavaFX Application Thread] java.runtime.name=Java(TM) SE Runtime Environment
17 Jan 2017, 19:50:42.480 [  FINER] [   FXGL.SystemLogger] [JavaFX Application Thread] javafx.version=8.0.111
17 Jan 2017, 19:50:42.493 [   INFO] [   FXGL.SystemLogger] [JavaFX Application Thread] FXGL-0.2.9
17 Jan 2017, 19:50:42.495 [   INFO] [   FXGL.SystemLogger] [JavaFX Application Thread] Source code and latest versions at: https://github.com/AlmasB/FXGL
17 Jan 2017, 19:50:42.496 [   INFO] [   FXGL.SystemLogger] [JavaFX Application Thread]              Join the FXGL chat at: https://gitter.im/AlmasB/FXGL
17 Jan 2017, 19:50:43.124 [  FINER] [   FXGL.SystemLogger] [JavaFX Application Thread] Starting JavaFX
17 Jan 2017, 19:50:43.126 [  FINER] [   FXGL.SystemLogger] [          JavaFX-Launcher] Initializing FXGL
17 Jan 2017, 19:50:43.174 [  FINER] [   FXGL.SystemLogger] [JavaFX Application Thread] Starting FXGL
17 Jan 2017, 19:50:43.849 [  FINER] [   FXGL.SystemLogger] [     FXGL Launcher Thread] Configuring FXGL
17 Jan 2017, 19:50:43.850 [  FINER] [   FXGL.SystemLogger] [     FXGL Launcher Thread] Initializing system properties
17 Jan 2017, 19:50:43.932 [  FINER] [   FXGL.SystemLogger] [     FXGL Launcher Thread] sound.notification = system/notification.wav
17 Jan 2017, 19:50:43.933 [  FINER] [   FXGL.SystemLogger] [     FXGL Launcher Thread] url.storage = https://raw.githubusercontent.com/AlmasB/git-server/master/storage/
17 Jan 2017, 19:50:43.934 [  FINER] [   FXGL.SystemLogger] [     FXGL Launcher Thread] asset.cache.size = 35
17 Jan 2017, 19:50:43.934 [  FINER] [   FXGL.SystemLogger] [     FXGL Launcher Thread] fs.profiledir = profiles/
17 Jan 2017, 19:50:43.935 [  FINER] [   FXGL.SystemLogger] [     FXGL Launcher Thread] url.pom = https://raw.githubusercontent.com/AlmasB/FXGL/master/pom.xml
17 Jan 2017, 19:50:43.936 [  FINER] [   FXGL.SystemLogger] [     FXGL Launcher Thread] dev.showbbox = false
17 Jan 2017, 19:50:43.937 [  FINER] [   FXGL.SystemLogger] [     FXGL Launcher Thread] fs.datafile.ext = .dat
17 Jan 2017, 19:50:43.937 [  FINER] [   FXGL.SystemLogger] [     FXGL Launcher Thread] sound.menu.back = menu/back.wav
17 Jan 2017, 19:50:43.938 [  FINER] [   FXGL.SystemLogger] [     FXGL Launcher Thread] sound.menu.select = menu/select.wav
17 Jan 2017, 19:50:43.939 [  FINER] [   FXGL.SystemLogger] [     FXGL Launcher Thread] url.github = https://github.com/AlmasB/FXGL
17 Jan 2017, 19:50:43.941 [  FINER] [   FXGL.SystemLogger] [     FXGL Launcher Thread] url.surveymonkey = https://www.surveymonkey.co.uk/r/BH6LLPM
17 Jan 2017, 19:50:43.942 [  FINER] [   FXGL.SystemLogger] [     FXGL Launcher Thread] physics.ppm = 50.0
17 Jan 2017, 19:50:43.942 [  FINER] [   FXGL.SystemLogger] [     FXGL Launcher Thread] ui.css = fxgl.css
17 Jan 2017, 19:50:43.943 [  FINER] [   FXGL.SystemLogger] [     FXGL Launcher Thread] version.check.days = 7
17 Jan 2017, 19:50:43.944 [  FINER] [   FXGL.SystemLogger] [     FXGL Launcher Thread] fs.savefile.ext = .sav
17 Jan 2017, 19:50:43.945 [  FINER] [   FXGL.SystemLogger] [     FXGL Launcher Thread] pooling.initialSize = 128
17 Jan 2017, 19:50:43.946 [  FINER] [   FXGL.SystemLogger] [     FXGL Launcher Thread] ui.font = Copperplate_Gothic_Light_Regular.ttf
17 Jan 2017, 19:50:43.947 [  FINER] [   FXGL.SystemLogger] [     FXGL Launcher Thread] fs.savedir = saves/
17 Jan 2017, 19:50:43.947 [  FINER] [   FXGL.SystemLogger] [     FXGL Launcher Thread] fs.profilename = user.profile
17 Jan 2017, 19:50:43.948 [  FINER] [   FXGL.SystemLogger] [     FXGL Launcher Thread] ui.icon.name = fxgl_icon.png
17 Jan 2017, 19:50:43.949 [  FINER] [   FXGL.SystemLogger] [     FXGL Launcher Thread] url.googleforms = https://goo.gl/forms/6wrMnOBxTE1fEpOy2
17 Jan 2017, 19:50:43.949 [  FINER] [   FXGL.SystemLogger] [     FXGL Launcher Thread] sound.menu.press = menu/press.wav
17 Jan 2017, 19:50:43.950 [  FINER] [   FXGL.SystemLogger] [     FXGL Launcher Thread] Initializing user properties
17 Jan 2017, 19:50:43.951 [   INFO] [   FXGL.SystemLogger] [     FXGL Launcher Thread] User properties not found. Using system
17 Jan 2017, 19:50:43.954 [  FINER] [   FXGL.SystemLogger] [     FXGL Launcher Thread] Initializing app settings
17 Jan 2017, 19:50:43.978 [  FINER] [   FXGL.SystemLogger] [     FXGL Launcher Thread] Logging settings
Title: MotherLoad
Version: 0.01 [ALPHA]
Width: 800
Height: 700
Fullscreen: false
Intro: false
Menus: false
Profiling: true
App Mode: DEVELOPER
Menu Style: GTA5
Menu Key: ESCAPE
Services: []
17 Jan 2017, 19:50:46.174 [  FINER] [   FXGL.SystemLogger] [     FXGL Launcher Thread] FXGL configuration complete
17 Jan 2017, 19:50:46.175 [   INFO] [   FXGL.SystemLogger] [     FXGL Launcher Thread] FXGL configuration took:  2.324 sec
17 Jan 2017, 19:50:46.187 [  FINER] [   FXGL.SystemLogger] [JavaFX Application Thread] Running task: UpdaterTask
17 Jan 2017, 19:50:46.199 [  FINER] [   FXGL.SystemLogger] [     FXGL Launcher Thread] Running task: PreInitTask
17 Jan 2017, 19:50:46.499 [  FINER] [   FXGL.SystemLogger] [     FXGL Launcher Thread] Running task: InitScenesTask
17 Jan 2017, 19:50:47.098 [  FINER] [   FXGL.SystemLogger] [     FXGL Launcher Thread] Running task: InitEventHandlersTask
17 Jan 2017, 19:50:47.176 [  FINER] [   FXGL.SystemLogger] [     FXGL Launcher Thread] Running task: InitProfilerTask
17 Jan 2017, 19:50:47.189 [  FINER] [   FXGL.SystemLogger] [     FXGL Launcher Thread] Pausing main loop
17 Jan 2017, 19:50:47.197 [  FINER] [   FXGL.SystemLogger] [     FXGL Launcher Thread] Resetting FXGL application
17 Jan 2017, 19:50:47.781 [   INFO] [   FXGL.SystemLogger] [     FXGL Launcher Thread] Game configuration took:  1.582 sec
17 Jan 2017, 19:50:47.920 [   INFO] [   FXGL.SystemLogger] [ FXGL Background Thread 1] Game initialization took: 0.137 sec
17 Jan 2017, 19:50:48.126 [  FINER] [   FXGL.SystemLogger] [JavaFX Application Thread] Resuming main loop
17 Jan 2017, 19:50:56.404 [  FINER] [   FXGL.SystemLogger] [JavaFX Application Thread] Exiting Normally
17 Jan 2017, 19:50:56.407 [   INFO] [   FXGL.SystemLogger] [JavaFX Application Thread] Processed Frames: 445
17 Jan 2017, 19:50:56.408 [   INFO] [   FXGL.SystemLogger] [JavaFX Application Thread] Average FPS: 58
17 Jan 2017, 19:50:56.409 [   INFO] [   FXGL.SystemLogger] [JavaFX Application Thread] Avg Performance: 1327
17 Jan 2017, 19:50:56.411 [   INFO] [   FXGL.SystemLogger] [JavaFX Application Thread] Avg Memory Usage: 254 MB
17 Jan 2017, 19:50:56.412 [   INFO] [   FXGL.SystemLogger] [JavaFX Application Thread] Min Memory Usage: 237 MB
17 Jan 2017, 19:50:56.413 [   INFO] [   FXGL.SystemLogger] [JavaFX Application Thread] Max Memory Usage: 270 MB
17 Jan 2017, 19:50:56.414 [   INFO] [   FXGL.SystemLogger] [JavaFX Application Thread] Estimated GC runs: 0
17 Jan 2017, 19:50:56.430 [  FINER] [   FXGL.SystemLogger] [JavaFX Application Thread] Exiting FXGL
17 Jan 2017, 19:50:56.431 [  FINER] [   FXGL.SystemLogger] [JavaFX Application Thread] Logger is closing
