24 Jan 2017, 16:11:13.557 [   INFO] [   FXGL.SystemLogger] [JavaFX Application Thread] System Logger is initialized
24 Jan 2017, 16:11:13.571 [  FINER] [   FXGL.SystemLogger] [JavaFX Application Thread] Logging System Info
24 Jan 2017, 16:11:13.572 [  FINER] [   FXGL.SystemLogger] [JavaFX Application Thread] CPU cores: 4
24 Jan 2017, 16:11:13.573 [  FINER] [   FXGL.SystemLogger] [JavaFX Application Thread] Free Memory: 230MB
24 Jan 2017, 16:11:13.574 [  FINER] [   FXGL.SystemLogger] [JavaFX Application Thread] Max Memory: 3620MB
24 Jan 2017, 16:11:13.574 [  FINER] [   FXGL.SystemLogger] [JavaFX Application Thread] Total Memory: 246MB
24 Jan 2017, 16:11:13.576 [  FINER] [   FXGL.SystemLogger] [JavaFX Application Thread] System Properties:
24 Jan 2017, 16:11:13.577 [  FINER] [   FXGL.SystemLogger] [JavaFX Application Thread] sun.cpu.isalist=amd64
24 Jan 2017, 16:11:13.577 [  FINER] [   FXGL.SystemLogger] [JavaFX Application Thread] sun.desktop=windows
24 Jan 2017, 16:11:13.577 [  FINER] [   FXGL.SystemLogger] [JavaFX Application Thread] sun.io.unicode.encoding=UnicodeLittle
24 Jan 2017, 16:11:13.578 [  FINER] [   FXGL.SystemLogger] [JavaFX Application Thread] sun.cpu.endian=little
24 Jan 2017, 16:11:13.578 [  FINER] [   FXGL.SystemLogger] [JavaFX Application Thread] java.vendor.url.bug=http://bugreport.sun.com/bugreport/
24 Jan 2017, 16:11:13.578 [  FINER] [   FXGL.SystemLogger] [JavaFX Application Thread] file.separator=\
24 Jan 2017, 16:11:13.579 [  FINER] [   FXGL.SystemLogger] [JavaFX Application Thread] java.vendor=Oracle Corporation
24 Jan 2017, 16:11:13.579 [  FINER] [   FXGL.SystemLogger] [JavaFX Application Thread] sun.boot.class.path=C:\Program Files\Java\jdk1.8.0_111\jre\lib\resources.jar;C:\Program Files\Java\jdk1.8.0_111\jre\lib\rt.jar;C:\Program Files\Java\jdk1.8.0_111\jre\lib\sunrsasign.jar;C:\Program Files\Java\jdk1.8.0_111\jre\lib\jsse.jar;C:\Program Files\Java\jdk1.8.0_111\jre\lib\jce.jar;C:\Program Files\Java\jdk1.8.0_111\jre\lib\charsets.jar;C:\Program Files\Java\jdk1.8.0_111\jre\lib\jfr.jar;C:\Program Files\Java\jdk1.8.0_111\jre\classes
24 Jan 2017, 16:11:13.579 [  FINER] [   FXGL.SystemLogger] [JavaFX Application Thread] java.ext.dirs=C:\Program Files\Java\jdk1.8.0_111\jre\lib\ext;C:\WINDOWS\Sun\Java\lib\ext
24 Jan 2017, 16:11:13.579 [  FINER] [   FXGL.SystemLogger] [JavaFX Application Thread] java.version=1.8.0_111
24 Jan 2017, 16:11:13.580 [  FINER] [   FXGL.SystemLogger] [JavaFX Application Thread] java.vm.info=mixed mode
24 Jan 2017, 16:11:13.580 [  FINER] [   FXGL.SystemLogger] [JavaFX Application Thread] awt.toolkit=sun.awt.windows.WToolkit
24 Jan 2017, 16:11:13.580 [  FINER] [   FXGL.SystemLogger] [JavaFX Application Thread] user.language=en
24 Jan 2017, 16:11:13.581 [  FINER] [   FXGL.SystemLogger] [JavaFX Application Thread] java.specification.vendor=Oracle Corporation
24 Jan 2017, 16:11:13.581 [  FINER] [   FXGL.SystemLogger] [JavaFX Application Thread] sun.java.command=io.github.tdselliott.ml.MotherLoadApp
24 Jan 2017, 16:11:13.581 [  FINER] [   FXGL.SystemLogger] [JavaFX Application Thread] java.home=C:\Program Files\Java\jdk1.8.0_111\jre
24 Jan 2017, 16:11:13.581 [  FINER] [   FXGL.SystemLogger] [JavaFX Application Thread] sun.arch.data.model=64
24 Jan 2017, 16:11:13.582 [  FINER] [   FXGL.SystemLogger] [JavaFX Application Thread] java.vm.specification.version=1.8
24 Jan 2017, 16:11:13.582 [  FINER] [   FXGL.SystemLogger] [JavaFX Application Thread] java.class.path=C:\Users\Vic Spet\Documents\NetBeansProjects\MotherLoadProject\MotherLoad\lib\fxgl-0.2.9-uber.jar;C:\Users\Vic Spet\Documents\NetBeansProjects\MotherLoadProject\MotherLoad\build\classes
24 Jan 2017, 16:11:13.582 [  FINER] [   FXGL.SystemLogger] [JavaFX Application Thread] user.name=Vic Spet
24 Jan 2017, 16:11:13.582 [  FINER] [   FXGL.SystemLogger] [JavaFX Application Thread] file.encoding=UTF-8
24 Jan 2017, 16:11:13.583 [  FINER] [   FXGL.SystemLogger] [JavaFX Application Thread] java.specification.version=1.8
24 Jan 2017, 16:11:13.583 [  FINER] [   FXGL.SystemLogger] [JavaFX Application Thread] java.awt.printerjob=sun.awt.windows.WPrinterJob
24 Jan 2017, 16:11:13.583 [  FINER] [   FXGL.SystemLogger] [JavaFX Application Thread] user.timezone=America/New_York
24 Jan 2017, 16:11:13.585 [  FINER] [   FXGL.SystemLogger] [JavaFX Application Thread] user.home=C:\Users\Vic Spet
24 Jan 2017, 16:11:13.585 [  FINER] [   FXGL.SystemLogger] [JavaFX Application Thread] os.version=10.0
24 Jan 2017, 16:11:13.585 [  FINER] [   FXGL.SystemLogger] [JavaFX Application Thread] sun.management.compiler=HotSpot 64-Bit Tiered Compilers
24 Jan 2017, 16:11:13.586 [  FINER] [   FXGL.SystemLogger] [JavaFX Application Thread] java.specification.name=Java Platform API Specification
24 Jan 2017, 16:11:13.586 [  FINER] [   FXGL.SystemLogger] [JavaFX Application Thread] java.class.version=52.0
24 Jan 2017, 16:11:13.586 [  FINER] [   FXGL.SystemLogger] [JavaFX Application Thread] java.library.path=C:\Program Files\Java\jdk1.8.0_111\bin;C:\WINDOWS\Sun\Java\bin;C:\WINDOWS\system32;C:\WINDOWS;C:\ProgramData\Oracle\Java\javapath;C:\Program Files (x86)\Intel\iCLS Client\;C:\Program Files\Intel\iCLS Client\;C:\Windows\system32;C:\Windows;C:\Windows\System32\Wbem;C:\Windows\System32\WindowsPowerShell\v1.0\;C:\Program Files (x86)\Intel\Intel(R) Management Engine Components\DAL;C:\Program Files\Intel\Intel(R) Management Engine Components\DAL;C:\Program Files (x86)\Intel\Intel(R) Management Engine Components\IPT;C:\Program Files\Intel\Intel(R) Management Engine Components\IPT;C:\Program Files (x86)\NVIDIA Corporation\PhysX\Common;C:\Program Files\Intel\WiFi\bin\;C:\Program Files\Common Files\Intel\WirelessCommon\;C:\WINDOWS\system32;C:\WINDOWS;C:\WINDOWS\System32\Wbem;C:\WINDOWS\System32\WindowsPowerShell\v1.0\;C:\Program Files (x86)\AOMEI Backupper;C:\Users\Vic Spet\AppData\Local\Microsoft\WindowsApps;;.
24 Jan 2017, 16:11:13.587 [  FINER] [   FXGL.SystemLogger] [JavaFX Application Thread] sun.jnu.encoding=Cp1252
24 Jan 2017, 16:11:13.587 [  FINER] [   FXGL.SystemLogger] [JavaFX Application Thread] os.name=Windows 10
24 Jan 2017, 16:11:13.588 [  FINER] [   FXGL.SystemLogger] [JavaFX Application Thread] user.variant=
24 Jan 2017, 16:11:13.588 [  FINER] [   FXGL.SystemLogger] [JavaFX Application Thread] java.vm.specification.vendor=Oracle Corporation
24 Jan 2017, 16:11:13.588 [  FINER] [   FXGL.SystemLogger] [JavaFX Application Thread] java.io.tmpdir=C:\Users\VICSPE~1\AppData\Local\Temp\
24 Jan 2017, 16:11:13.588 [  FINER] [   FXGL.SystemLogger] [JavaFX Application Thread] line.separator=

24 Jan 2017, 16:11:13.589 [  FINER] [   FXGL.SystemLogger] [JavaFX Application Thread] java.endorsed.dirs=C:\Program Files\Java\jdk1.8.0_111\jre\lib\endorsed
24 Jan 2017, 16:11:13.589 [  FINER] [   FXGL.SystemLogger] [JavaFX Application Thread] os.arch=amd64
24 Jan 2017, 16:11:13.589 [  FINER] [   FXGL.SystemLogger] [JavaFX Application Thread] javafx.runtime.version=8.0.111-b14
24 Jan 2017, 16:11:13.589 [  FINER] [   FXGL.SystemLogger] [JavaFX Application Thread] java.awt.graphicsenv=sun.awt.Win32GraphicsEnvironment
24 Jan 2017, 16:11:13.589 [  FINER] [   FXGL.SystemLogger] [JavaFX Application Thread] java.runtime.version=1.8.0_111-b14
24 Jan 2017, 16:11:13.590 [  FINER] [   FXGL.SystemLogger] [JavaFX Application Thread] java.vm.specification.name=Java Virtual Machine Specification
24 Jan 2017, 16:11:13.590 [  FINER] [   FXGL.SystemLogger] [JavaFX Application Thread] user.dir=C:\Users\Vic Spet\Documents\NetBeansProjects\MotherLoadProject\MotherLoad
24 Jan 2017, 16:11:13.590 [  FINER] [   FXGL.SystemLogger] [JavaFX Application Thread] user.country=CA
24 Jan 2017, 16:11:13.590 [  FINER] [   FXGL.SystemLogger] [JavaFX Application Thread] user.script=
24 Jan 2017, 16:11:13.590 [  FINER] [   FXGL.SystemLogger] [JavaFX Application Thread] sun.java.launcher=SUN_STANDARD
24 Jan 2017, 16:11:13.591 [  FINER] [   FXGL.SystemLogger] [JavaFX Application Thread] sun.os.patch.level=
24 Jan 2017, 16:11:13.591 [  FINER] [   FXGL.SystemLogger] [JavaFX Application Thread] java.vm.name=Java HotSpot(TM) 64-Bit Server VM
24 Jan 2017, 16:11:13.591 [  FINER] [   FXGL.SystemLogger] [JavaFX Application Thread] file.encoding.pkg=sun.io
24 Jan 2017, 16:11:13.591 [  FINER] [   FXGL.SystemLogger] [JavaFX Application Thread] path.separator=;
24 Jan 2017, 16:11:13.591 [  FINER] [   FXGL.SystemLogger] [JavaFX Application Thread] java.vm.vendor=Oracle Corporation
24 Jan 2017, 16:11:13.592 [  FINER] [   FXGL.SystemLogger] [JavaFX Application Thread] java.vendor.url=http://java.oracle.com/
24 Jan 2017, 16:11:13.592 [  FINER] [   FXGL.SystemLogger] [JavaFX Application Thread] sun.boot.library.path=C:\Program Files\Java\jdk1.8.0_111\jre\bin
24 Jan 2017, 16:11:13.592 [  FINER] [   FXGL.SystemLogger] [JavaFX Application Thread] java.vm.version=25.111-b14
24 Jan 2017, 16:11:13.592 [  FINER] [   FXGL.SystemLogger] [JavaFX Application Thread] java.runtime.name=Java(TM) SE Runtime Environment
24 Jan 2017, 16:11:13.594 [  FINER] [   FXGL.SystemLogger] [JavaFX Application Thread] javafx.version=8.0.111
24 Jan 2017, 16:11:13.600 [   INFO] [   FXGL.SystemLogger] [JavaFX Application Thread] FXGL-0.2.9
24 Jan 2017, 16:11:13.601 [   INFO] [   FXGL.SystemLogger] [JavaFX Application Thread] Source code and latest versions at: https://github.com/AlmasB/FXGL
24 Jan 2017, 16:11:13.602 [   INFO] [   FXGL.SystemLogger] [JavaFX Application Thread]              Join the FXGL chat at: https://gitter.im/AlmasB/FXGL
24 Jan 2017, 16:11:13.652 [  FINER] [   FXGL.SystemLogger] [JavaFX Application Thread] Starting JavaFX
24 Jan 2017, 16:11:13.653 [  FINER] [   FXGL.SystemLogger] [          JavaFX-Launcher] Initializing FXGL
24 Jan 2017, 16:11:13.672 [  FINER] [   FXGL.SystemLogger] [JavaFX Application Thread] Starting FXGL
24 Jan 2017, 16:11:13.881 [  FINER] [   FXGL.SystemLogger] [     FXGL Launcher Thread] Configuring FXGL
24 Jan 2017, 16:11:13.881 [  FINER] [   FXGL.SystemLogger] [     FXGL Launcher Thread] Initializing system properties
24 Jan 2017, 16:11:13.907 [  FINER] [   FXGL.SystemLogger] [     FXGL Launcher Thread] sound.notification = system/notification.wav
24 Jan 2017, 16:11:13.908 [  FINER] [   FXGL.SystemLogger] [     FXGL Launcher Thread] url.storage = https://raw.githubusercontent.com/AlmasB/git-server/master/storage/
24 Jan 2017, 16:11:13.908 [  FINER] [   FXGL.SystemLogger] [     FXGL Launcher Thread] asset.cache.size = 35
24 Jan 2017, 16:11:13.908 [  FINER] [   FXGL.SystemLogger] [     FXGL Launcher Thread] fs.profiledir = profiles/
24 Jan 2017, 16:11:13.908 [  FINER] [   FXGL.SystemLogger] [     FXGL Launcher Thread] url.pom = https://raw.githubusercontent.com/AlmasB/FXGL/master/pom.xml
24 Jan 2017, 16:11:13.909 [  FINER] [   FXGL.SystemLogger] [     FXGL Launcher Thread] dev.showbbox = false
24 Jan 2017, 16:11:13.909 [  FINER] [   FXGL.SystemLogger] [     FXGL Launcher Thread] fs.datafile.ext = .dat
24 Jan 2017, 16:11:13.909 [  FINER] [   FXGL.SystemLogger] [     FXGL Launcher Thread] sound.menu.back = menu/back.wav
24 Jan 2017, 16:11:13.910 [  FINER] [   FXGL.SystemLogger] [     FXGL Launcher Thread] sound.menu.select = menu/select.wav
24 Jan 2017, 16:11:13.910 [  FINER] [   FXGL.SystemLogger] [     FXGL Launcher Thread] url.github = https://github.com/AlmasB/FXGL
24 Jan 2017, 16:11:13.910 [  FINER] [   FXGL.SystemLogger] [     FXGL Launcher Thread] url.surveymonkey = https://www.surveymonkey.co.uk/r/BH6LLPM
24 Jan 2017, 16:11:13.910 [  FINER] [   FXGL.SystemLogger] [     FXGL Launcher Thread] physics.ppm = 50.0
24 Jan 2017, 16:11:13.911 [  FINER] [   FXGL.SystemLogger] [     FXGL Launcher Thread] ui.css = fxgl.css
24 Jan 2017, 16:11:13.911 [  FINER] [   FXGL.SystemLogger] [     FXGL Launcher Thread] version.check.days = 7
24 Jan 2017, 16:11:13.911 [  FINER] [   FXGL.SystemLogger] [     FXGL Launcher Thread] fs.savefile.ext = .sav
24 Jan 2017, 16:11:13.911 [  FINER] [   FXGL.SystemLogger] [     FXGL Launcher Thread] pooling.initialSize = 128
24 Jan 2017, 16:11:13.911 [  FINER] [   FXGL.SystemLogger] [     FXGL Launcher Thread] ui.font = Copperplate_Gothic_Light_Regular.ttf
24 Jan 2017, 16:11:13.911 [  FINER] [   FXGL.SystemLogger] [     FXGL Launcher Thread] fs.savedir = saves/
24 Jan 2017, 16:11:13.912 [  FINER] [   FXGL.SystemLogger] [     FXGL Launcher Thread] fs.profilename = user.profile
24 Jan 2017, 16:11:13.912 [  FINER] [   FXGL.SystemLogger] [     FXGL Launcher Thread] ui.icon.name = fxgl_icon.png
24 Jan 2017, 16:11:13.912 [  FINER] [   FXGL.SystemLogger] [     FXGL Launcher Thread] url.googleforms = https://goo.gl/forms/6wrMnOBxTE1fEpOy2
24 Jan 2017, 16:11:13.912 [  FINER] [   FXGL.SystemLogger] [     FXGL Launcher Thread] sound.menu.press = menu/press.wav
24 Jan 2017, 16:11:13.912 [  FINER] [   FXGL.SystemLogger] [     FXGL Launcher Thread] Initializing user properties
24 Jan 2017, 16:11:13.913 [   INFO] [   FXGL.SystemLogger] [     FXGL Launcher Thread] User properties not found. Using system
24 Jan 2017, 16:11:13.913 [  FINER] [   FXGL.SystemLogger] [     FXGL Launcher Thread] Initializing app settings
24 Jan 2017, 16:11:13.921 [  FINER] [   FXGL.SystemLogger] [     FXGL Launcher Thread] Logging settings
Title: MotherLoad
Version: 0.5 [BETA]
Width: 800
Height: 700
Fullscreen: false
Intro: false
Menus: false
Profiling: true
App Mode: DEVELOPER
Menu Style: WARCRAFT3
Menu Key: ESCAPE
Services: []
24 Jan 2017, 16:11:14.514 [  FINER] [   FXGL.SystemLogger] [     FXGL Launcher Thread] FXGL configuration complete
24 Jan 2017, 16:11:14.515 [   INFO] [   FXGL.SystemLogger] [     FXGL Launcher Thread] FXGL configuration took:  0.633 sec
24 Jan 2017, 16:11:14.520 [  FINER] [   FXGL.SystemLogger] [JavaFX Application Thread] Running task: UpdaterTask
24 Jan 2017, 16:11:14.523 [  FINER] [   FXGL.SystemLogger] [     FXGL Launcher Thread] Running task: PreInitTask
24 Jan 2017, 16:11:14.594 [  FINER] [   FXGL.SystemLogger] [     FXGL Launcher Thread] Running task: InitScenesTask
24 Jan 2017, 16:11:14.859 [  FINER] [   FXGL.SystemLogger] [     FXGL Launcher Thread] Running task: InitEventHandlersTask
24 Jan 2017, 16:11:14.886 [  FINER] [   FXGL.SystemLogger] [     FXGL Launcher Thread] Running task: InitProfilerTask
24 Jan 2017, 16:11:14.890 [  FINER] [   FXGL.SystemLogger] [     FXGL Launcher Thread] Pausing main loop
24 Jan 2017, 16:11:14.893 [  FINER] [   FXGL.SystemLogger] [     FXGL Launcher Thread] Resetting FXGL application
24 Jan 2017, 16:11:14.977 [   INFO] [   FXGL.SystemLogger] [     FXGL Launcher Thread] Game configuration took:  0.453 sec
24 Jan 2017, 16:11:15.217 [   INFO] [   FXGL.SystemLogger] [ FXGL Background Thread 1] Game initialization took: 0.238 sec
24 Jan 2017, 16:11:15.225 [  FINER] [   FXGL.SystemLogger] [JavaFX Application Thread] Resuming main loop
24 Jan 2017, 16:12:26.869 [  FINER] [   FXGL.SystemLogger] [JavaFX Application Thread] Exiting Normally
24 Jan 2017, 16:12:26.870 [   INFO] [   FXGL.SystemLogger] [JavaFX Application Thread] Processed Frames: 4284
24 Jan 2017, 16:12:26.870 [   INFO] [   FXGL.SystemLogger] [JavaFX Application Thread] Average FPS: 61
24 Jan 2017, 16:12:26.870 [   INFO] [   FXGL.SystemLogger] [JavaFX Application Thread] Avg Performance: 3669
24 Jan 2017, 16:12:26.871 [   INFO] [   FXGL.SystemLogger] [JavaFX Application Thread] Avg Memory Usage: 227 MB
24 Jan 2017, 16:12:26.871 [   INFO] [   FXGL.SystemLogger] [JavaFX Application Thread] Min Memory Usage: 94 MB
24 Jan 2017, 16:12:26.871 [   INFO] [   FXGL.SystemLogger] [JavaFX Application Thread] Max Memory Usage: 420 MB
24 Jan 2017, 16:12:26.871 [   INFO] [   FXGL.SystemLogger] [JavaFX Application Thread] Estimated GC runs: 18
24 Jan 2017, 16:12:26.877 [  FINER] [   FXGL.SystemLogger] [JavaFX Application Thread] Exiting FXGL
24 Jan 2017, 16:12:26.877 [  FINER] [   FXGL.SystemLogger] [JavaFX Application Thread] Logger is closing
