19 Jan 2017, 10:48:11.341 [   INFO] [   FXGL.SystemLogger] [JavaFX Application Thread] System Logger is initialized
19 Jan 2017, 10:48:11.369 [  FINER] [   FXGL.SystemLogger] [JavaFX Application Thread] Logging System Info
19 Jan 2017, 10:48:11.370 [  FINER] [   FXGL.SystemLogger] [JavaFX Application Thread] CPU cores: 8
19 Jan 2017, 10:48:11.374 [  FINER] [   FXGL.SystemLogger] [JavaFX Application Thread] Free Memory: 230MB
19 Jan 2017, 10:48:11.374 [  FINER] [   FXGL.SystemLogger] [JavaFX Application Thread] Max Memory: 3622MB
19 Jan 2017, 10:48:11.375 [  FINER] [   FXGL.SystemLogger] [JavaFX Application Thread] Total Memory: 246MB
19 Jan 2017, 10:48:11.376 [  FINER] [   FXGL.SystemLogger] [JavaFX Application Thread] System Properties:
19 Jan 2017, 10:48:11.378 [  FINER] [   FXGL.SystemLogger] [JavaFX Application Thread] sun.cpu.isalist=amd64
19 Jan 2017, 10:48:11.378 [  FINER] [   FXGL.SystemLogger] [JavaFX Application Thread] sun.desktop=windows
19 Jan 2017, 10:48:11.379 [  FINER] [   FXGL.SystemLogger] [JavaFX Application Thread] sun.io.unicode.encoding=UnicodeLittle
19 Jan 2017, 10:48:11.379 [  FINER] [   FXGL.SystemLogger] [JavaFX Application Thread] sun.cpu.endian=little
19 Jan 2017, 10:48:11.380 [  FINER] [   FXGL.SystemLogger] [JavaFX Application Thread] java.vendor.url.bug=http://bugreport.sun.com/bugreport/
19 Jan 2017, 10:48:11.380 [  FINER] [   FXGL.SystemLogger] [JavaFX Application Thread] file.separator=\
19 Jan 2017, 10:48:11.381 [  FINER] [   FXGL.SystemLogger] [JavaFX Application Thread] java.vendor=Oracle Corporation
19 Jan 2017, 10:48:11.381 [  FINER] [   FXGL.SystemLogger] [JavaFX Application Thread] sun.boot.class.path=C:\Program Files\Java\jdk1.8.0_74\jre\lib\resources.jar;C:\Program Files\Java\jdk1.8.0_74\jre\lib\rt.jar;C:\Program Files\Java\jdk1.8.0_74\jre\lib\sunrsasign.jar;C:\Program Files\Java\jdk1.8.0_74\jre\lib\jsse.jar;C:\Program Files\Java\jdk1.8.0_74\jre\lib\jce.jar;C:\Program Files\Java\jdk1.8.0_74\jre\lib\charsets.jar;C:\Program Files\Java\jdk1.8.0_74\jre\lib\jfr.jar;C:\Program Files\Java\jdk1.8.0_74\jre\classes
19 Jan 2017, 10:48:11.382 [  FINER] [   FXGL.SystemLogger] [JavaFX Application Thread] java.ext.dirs=C:\Program Files\Java\jdk1.8.0_74\jre\lib\ext;C:\WINDOWS\Sun\Java\lib\ext
19 Jan 2017, 10:48:11.382 [  FINER] [   FXGL.SystemLogger] [JavaFX Application Thread] java.version=1.8.0_74
19 Jan 2017, 10:48:11.383 [  FINER] [   FXGL.SystemLogger] [JavaFX Application Thread] java.vm.info=mixed mode
19 Jan 2017, 10:48:11.383 [  FINER] [   FXGL.SystemLogger] [JavaFX Application Thread] awt.toolkit=sun.awt.windows.WToolkit
19 Jan 2017, 10:48:11.384 [  FINER] [   FXGL.SystemLogger] [JavaFX Application Thread] user.language=en
19 Jan 2017, 10:48:11.385 [  FINER] [   FXGL.SystemLogger] [JavaFX Application Thread] java.specification.vendor=Oracle Corporation
19 Jan 2017, 10:48:11.385 [  FINER] [   FXGL.SystemLogger] [JavaFX Application Thread] sun.java.command=io.github.tdselliott.ml.MotherLoadApp
19 Jan 2017, 10:48:11.386 [  FINER] [   FXGL.SystemLogger] [JavaFX Application Thread] java.home=C:\Program Files\Java\jdk1.8.0_74\jre
19 Jan 2017, 10:48:11.386 [  FINER] [   FXGL.SystemLogger] [JavaFX Application Thread] sun.arch.data.model=64
19 Jan 2017, 10:48:11.387 [  FINER] [   FXGL.SystemLogger] [JavaFX Application Thread] java.vm.specification.version=1.8
19 Jan 2017, 10:48:11.388 [  FINER] [   FXGL.SystemLogger] [JavaFX Application Thread] java.class.path=C:\Users\Mack\Documents\NetBeansProjects\MotherLoad\MotherLoad\lib\fxgl-0.2.9-uber.jar;C:\Users\Mack\Documents\NetBeansProjects\MotherLoad\MotherLoad\build\classes
19 Jan 2017, 10:48:11.389 [  FINER] [   FXGL.SystemLogger] [JavaFX Application Thread] user.name=Mack
19 Jan 2017, 10:48:11.389 [  FINER] [   FXGL.SystemLogger] [JavaFX Application Thread] file.encoding=UTF-8
19 Jan 2017, 10:48:11.390 [  FINER] [   FXGL.SystemLogger] [JavaFX Application Thread] java.specification.version=1.8
19 Jan 2017, 10:48:11.391 [  FINER] [   FXGL.SystemLogger] [JavaFX Application Thread] java.awt.printerjob=sun.awt.windows.WPrinterJob
19 Jan 2017, 10:48:11.391 [  FINER] [   FXGL.SystemLogger] [JavaFX Application Thread] user.timezone=America/New_York
19 Jan 2017, 10:48:11.392 [  FINER] [   FXGL.SystemLogger] [JavaFX Application Thread] user.home=C:\Users\Mack
19 Jan 2017, 10:48:11.393 [  FINER] [   FXGL.SystemLogger] [JavaFX Application Thread] os.version=6.3
19 Jan 2017, 10:48:11.393 [  FINER] [   FXGL.SystemLogger] [JavaFX Application Thread] sun.management.compiler=HotSpot 64-Bit Tiered Compilers
19 Jan 2017, 10:48:11.394 [  FINER] [   FXGL.SystemLogger] [JavaFX Application Thread] java.specification.name=Java Platform API Specification
19 Jan 2017, 10:48:11.395 [  FINER] [   FXGL.SystemLogger] [JavaFX Application Thread] java.class.version=52.0
19 Jan 2017, 10:48:11.395 [  FINER] [   FXGL.SystemLogger] [JavaFX Application Thread] java.library.path=C:\Program Files\Java\jdk1.8.0_74\bin;C:\WINDOWS\Sun\Java\bin;C:\WINDOWS\system32;C:\WINDOWS;C:\ProgramData\Oracle\Java\javapath;C:\Program Files (x86)\Intel\iCLS Client\;C:\Program Files\Intel\iCLS Client\;C:\WINDOWS\system32;C:\WINDOWS;C:\WINDOWS\System32\Wbem;C:\WINDOWS\System32\WindowsPowerShell\v1.0\;C:\Program Files\Intel\Intel(R) Management Engine Components\DAL;C:\Program Files\Intel\Intel(R) Management Engine Components\IPT;C:\Program Files (x86)\Intel\Intel(R) Management Engine Components\DAL;C:\Program Files (x86)\Intel\Intel(R) Management Engine Components\IPT;C:\Program Files (x86)\Intel\OpenCL SDK\3.0\bin\x86;C:\Program Files (x86)\Intel\OpenCL SDK\3.0\bin\x64;C:\Program Files (x86)\Skype\Phone\;C:\Program Files (x86)\NVIDIA Corporation\PhysX\Common;%SystemRoot%\system32;%SystemRoot%;%SystemRoot%\System32\Wbem;%SYSTEMROOT%\System32\WindowsPowerShell\v1.0\;.
19 Jan 2017, 10:48:11.396 [  FINER] [   FXGL.SystemLogger] [JavaFX Application Thread] sun.jnu.encoding=Cp1252
19 Jan 2017, 10:48:11.397 [  FINER] [   FXGL.SystemLogger] [JavaFX Application Thread] os.name=Windows 8.1
19 Jan 2017, 10:48:11.397 [  FINER] [   FXGL.SystemLogger] [JavaFX Application Thread] user.variant=
19 Jan 2017, 10:48:11.398 [  FINER] [   FXGL.SystemLogger] [JavaFX Application Thread] java.vm.specification.vendor=Oracle Corporation
19 Jan 2017, 10:48:11.399 [  FINER] [   FXGL.SystemLogger] [JavaFX Application Thread] java.io.tmpdir=C:\Users\Mack\AppData\Local\Temp\
19 Jan 2017, 10:48:11.399 [  FINER] [   FXGL.SystemLogger] [JavaFX Application Thread] line.separator=

19 Jan 2017, 10:48:11.400 [  FINER] [   FXGL.SystemLogger] [JavaFX Application Thread] java.endorsed.dirs=C:\Program Files\Java\jdk1.8.0_74\jre\lib\endorsed
19 Jan 2017, 10:48:11.400 [  FINER] [   FXGL.SystemLogger] [JavaFX Application Thread] os.arch=amd64
19 Jan 2017, 10:48:11.401 [  FINER] [   FXGL.SystemLogger] [JavaFX Application Thread] javafx.runtime.version=8.0.72-b15
19 Jan 2017, 10:48:11.401 [  FINER] [   FXGL.SystemLogger] [JavaFX Application Thread] java.awt.graphicsenv=sun.awt.Win32GraphicsEnvironment
19 Jan 2017, 10:48:11.401 [  FINER] [   FXGL.SystemLogger] [JavaFX Application Thread] java.runtime.version=1.8.0_74-b02
19 Jan 2017, 10:48:11.402 [  FINER] [   FXGL.SystemLogger] [JavaFX Application Thread] java.vm.specification.name=Java Virtual Machine Specification
19 Jan 2017, 10:48:11.402 [  FINER] [   FXGL.SystemLogger] [JavaFX Application Thread] user.dir=C:\Users\Mack\Documents\NetBeansProjects\MotherLoad\MotherLoad
19 Jan 2017, 10:48:11.403 [  FINER] [   FXGL.SystemLogger] [JavaFX Application Thread] user.country=CA
19 Jan 2017, 10:48:11.403 [  FINER] [   FXGL.SystemLogger] [JavaFX Application Thread] user.script=
19 Jan 2017, 10:48:11.404 [  FINER] [   FXGL.SystemLogger] [JavaFX Application Thread] sun.java.launcher=SUN_STANDARD
19 Jan 2017, 10:48:11.404 [  FINER] [   FXGL.SystemLogger] [JavaFX Application Thread] sun.os.patch.level=
19 Jan 2017, 10:48:11.405 [  FINER] [   FXGL.SystemLogger] [JavaFX Application Thread] java.vm.name=Java HotSpot(TM) 64-Bit Server VM
19 Jan 2017, 10:48:11.405 [  FINER] [   FXGL.SystemLogger] [JavaFX Application Thread] file.encoding.pkg=sun.io
19 Jan 2017, 10:48:11.405 [  FINER] [   FXGL.SystemLogger] [JavaFX Application Thread] path.separator=;
19 Jan 2017, 10:48:11.406 [  FINER] [   FXGL.SystemLogger] [JavaFX Application Thread] java.vm.vendor=Oracle Corporation
19 Jan 2017, 10:48:11.406 [  FINER] [   FXGL.SystemLogger] [JavaFX Application Thread] java.vendor.url=http://java.oracle.com/
19 Jan 2017, 10:48:11.407 [  FINER] [   FXGL.SystemLogger] [JavaFX Application Thread] sun.boot.library.path=C:\Program Files\Java\jdk1.8.0_74\jre\bin
19 Jan 2017, 10:48:11.407 [  FINER] [   FXGL.SystemLogger] [JavaFX Application Thread] java.vm.version=25.74-b02
19 Jan 2017, 10:48:11.408 [  FINER] [   FXGL.SystemLogger] [JavaFX Application Thread] java.runtime.name=Java(TM) SE Runtime Environment
19 Jan 2017, 10:48:11.408 [  FINER] [   FXGL.SystemLogger] [JavaFX Application Thread] javafx.version=8.0.72
19 Jan 2017, 10:48:11.416 [   INFO] [   FXGL.SystemLogger] [JavaFX Application Thread] FXGL-0.2.9
19 Jan 2017, 10:48:11.417 [   INFO] [   FXGL.SystemLogger] [JavaFX Application Thread] Source code and latest versions at: https://github.com/AlmasB/FXGL
19 Jan 2017, 10:48:11.418 [   INFO] [   FXGL.SystemLogger] [JavaFX Application Thread]              Join the FXGL chat at: https://gitter.im/AlmasB/FXGL
19 Jan 2017, 10:48:14.579 [  FINER] [   FXGL.SystemLogger] [JavaFX Application Thread] Starting JavaFX
19 Jan 2017, 10:48:14.581 [  FINER] [   FXGL.SystemLogger] [          JavaFX-Launcher] Initializing FXGL
19 Jan 2017, 10:48:14.604 [  FINER] [   FXGL.SystemLogger] [JavaFX Application Thread] Starting FXGL
19 Jan 2017, 10:48:14.874 [  FINER] [   FXGL.SystemLogger] [     FXGL Launcher Thread] Configuring FXGL
19 Jan 2017, 10:48:14.875 [  FINER] [   FXGL.SystemLogger] [     FXGL Launcher Thread] Initializing system properties
19 Jan 2017, 10:48:14.910 [  FINER] [   FXGL.SystemLogger] [     FXGL Launcher Thread] sound.notification = system/notification.wav
19 Jan 2017, 10:48:14.910 [  FINER] [   FXGL.SystemLogger] [     FXGL Launcher Thread] url.storage = https://raw.githubusercontent.com/AlmasB/git-server/master/storage/
19 Jan 2017, 10:48:14.911 [  FINER] [   FXGL.SystemLogger] [     FXGL Launcher Thread] asset.cache.size = 35
19 Jan 2017, 10:48:14.911 [  FINER] [   FXGL.SystemLogger] [     FXGL Launcher Thread] fs.profiledir = profiles/
19 Jan 2017, 10:48:14.912 [  FINER] [   FXGL.SystemLogger] [     FXGL Launcher Thread] url.pom = https://raw.githubusercontent.com/AlmasB/FXGL/master/pom.xml
19 Jan 2017, 10:48:14.912 [  FINER] [   FXGL.SystemLogger] [     FXGL Launcher Thread] dev.showbbox = false
19 Jan 2017, 10:48:14.912 [  FINER] [   FXGL.SystemLogger] [     FXGL Launcher Thread] fs.datafile.ext = .dat
19 Jan 2017, 10:48:14.913 [  FINER] [   FXGL.SystemLogger] [     FXGL Launcher Thread] sound.menu.back = menu/back.wav
19 Jan 2017, 10:48:14.913 [  FINER] [   FXGL.SystemLogger] [     FXGL Launcher Thread] sound.menu.select = menu/select.wav
19 Jan 2017, 10:48:14.913 [  FINER] [   FXGL.SystemLogger] [     FXGL Launcher Thread] url.github = https://github.com/AlmasB/FXGL
19 Jan 2017, 10:48:14.914 [  FINER] [   FXGL.SystemLogger] [     FXGL Launcher Thread] url.surveymonkey = https://www.surveymonkey.co.uk/r/BH6LLPM
19 Jan 2017, 10:48:14.914 [  FINER] [   FXGL.SystemLogger] [     FXGL Launcher Thread] physics.ppm = 50.0
19 Jan 2017, 10:48:14.915 [  FINER] [   FXGL.SystemLogger] [     FXGL Launcher Thread] ui.css = fxgl.css
19 Jan 2017, 10:48:14.915 [  FINER] [   FXGL.SystemLogger] [     FXGL Launcher Thread] version.check.days = 7
19 Jan 2017, 10:48:14.916 [  FINER] [   FXGL.SystemLogger] [     FXGL Launcher Thread] fs.savefile.ext = .sav
19 Jan 2017, 10:48:14.916 [  FINER] [   FXGL.SystemLogger] [     FXGL Launcher Thread] pooling.initialSize = 128
19 Jan 2017, 10:48:14.916 [  FINER] [   FXGL.SystemLogger] [     FXGL Launcher Thread] ui.font = Copperplate_Gothic_Light_Regular.ttf
19 Jan 2017, 10:48:14.917 [  FINER] [   FXGL.SystemLogger] [     FXGL Launcher Thread] fs.savedir = saves/
19 Jan 2017, 10:48:14.917 [  FINER] [   FXGL.SystemLogger] [     FXGL Launcher Thread] fs.profilename = user.profile
19 Jan 2017, 10:48:14.918 [  FINER] [   FXGL.SystemLogger] [     FXGL Launcher Thread] ui.icon.name = fxgl_icon.png
19 Jan 2017, 10:48:14.918 [  FINER] [   FXGL.SystemLogger] [     FXGL Launcher Thread] url.googleforms = https://goo.gl/forms/6wrMnOBxTE1fEpOy2
19 Jan 2017, 10:48:14.919 [  FINER] [   FXGL.SystemLogger] [     FXGL Launcher Thread] sound.menu.press = menu/press.wav
19 Jan 2017, 10:48:14.920 [  FINER] [   FXGL.SystemLogger] [     FXGL Launcher Thread] Initializing user properties
19 Jan 2017, 10:48:14.921 [   INFO] [   FXGL.SystemLogger] [     FXGL Launcher Thread] User properties not found. Using system
19 Jan 2017, 10:48:14.921 [  FINER] [   FXGL.SystemLogger] [     FXGL Launcher Thread] Initializing app settings
19 Jan 2017, 10:48:14.931 [  FINER] [   FXGL.SystemLogger] [     FXGL Launcher Thread] Logging settings
Title: MotherLoad
Version: 0.5 [BETA]
Width: 800
Height: 700
Fullscreen: false
Intro: false
Menus: true
Profiling: true
App Mode: DEVELOPER
Menu Style: FXGL_DEFAULT
Menu Key: ESCAPE
Services: []
19 Jan 2017, 10:48:17.305 [  FINER] [   FXGL.SystemLogger] [     FXGL Launcher Thread] FXGL configuration complete
19 Jan 2017, 10:48:17.306 [   INFO] [   FXGL.SystemLogger] [     FXGL Launcher Thread] FXGL configuration took:  2.431 sec
19 Jan 2017, 10:48:17.316 [  FINER] [   FXGL.SystemLogger] [JavaFX Application Thread] Running task: UpdaterTask
19 Jan 2017, 10:48:17.323 [  FINER] [   FXGL.SystemLogger] [     FXGL Launcher Thread] Running task: PreInitTask
19 Jan 2017, 10:48:17.481 [  FINER] [   FXGL.SystemLogger] [     FXGL Launcher Thread] Running task: InitScenesTask
19 Jan 2017, 10:48:18.015 [  FINER] [   FXGL.SystemLogger] [     FXGL Launcher Thread] Running task: InitEventHandlersTask
19 Jan 2017, 10:48:18.119 [  FINER] [   FXGL.SystemLogger] [     FXGL Launcher Thread] Running task: InitProfilerTask
19 Jan 2017, 10:48:18.411 [   INFO] [   FXGL.SystemLogger] [     FXGL Launcher Thread] Game configuration took:  1.087 sec
19 Jan 2017, 10:48:25.867 [  FINER] [   FXGL.SystemLogger] [JavaFX Application Thread] Pausing main loop
19 Jan 2017, 10:48:25.872 [  FINER] [   FXGL.SystemLogger] [JavaFX Application Thread] Resetting FXGL application
19 Jan 2017, 10:48:27.590 [   INFO] [   FXGL.SystemLogger] [ FXGL Background Thread 1] Game initialization took: 0.092 sec
19 Jan 2017, 10:48:27.591 [  FINER] [   FXGL.SystemLogger] [JavaFX Application Thread] Resuming main loop
19 Jan 2017, 10:56:56.653 [  FINER] [   FXGL.SystemLogger] [JavaFX Application Thread] Pausing main loop
19 Jan 2017, 10:57:03.695 [  FINER] [   FXGL.SystemLogger] [JavaFX Application Thread] Exiting Normally
19 Jan 2017, 10:57:03.731 [   INFO] [   FXGL.SystemLogger] [JavaFX Application Thread] Processed Frames: 9114
19 Jan 2017, 10:57:03.733 [   INFO] [   FXGL.SystemLogger] [JavaFX Application Thread] Average FPS: 60
19 Jan 2017, 10:57:03.734 [   INFO] [   FXGL.SystemLogger] [JavaFX Application Thread] Avg Performance: 342
19 Jan 2017, 10:57:03.735 [   INFO] [   FXGL.SystemLogger] [JavaFX Application Thread] Avg Memory Usage: 1935 MB
19 Jan 2017, 10:57:03.737 [   INFO] [   FXGL.SystemLogger] [JavaFX Application Thread] Min Memory Usage: 1514 MB
19 Jan 2017, 10:57:03.738 [   INFO] [   FXGL.SystemLogger] [JavaFX Application Thread] Max Memory Usage: 2520 MB
19 Jan 2017, 10:57:03.739 [   INFO] [   FXGL.SystemLogger] [JavaFX Application Thread] Estimated GC runs: 6
19 Jan 2017, 10:57:03.751 [  FINER] [   FXGL.SystemLogger] [JavaFX Application Thread] Exiting FXGL
19 Jan 2017, 10:57:03.752 [  FINER] [   FXGL.SystemLogger] [JavaFX Application Thread] Logger is closing
