25 Jan 2017, 12:23:31.803 [   INFO] [   FXGL.SystemLogger] [JavaFX Application Thread] System Logger is initialized
25 Jan 2017, 12:23:31.816 [  FINER] [   FXGL.SystemLogger] [JavaFX Application Thread] Logging System Info
25 Jan 2017, 12:23:31.816 [  FINER] [   FXGL.SystemLogger] [JavaFX Application Thread] CPU cores: 4
25 Jan 2017, 12:23:31.818 [  FINER] [   FXGL.SystemLogger] [JavaFX Application Thread] Free Memory: 230MB
25 Jan 2017, 12:23:31.818 [  FINER] [   FXGL.SystemLogger] [JavaFX Application Thread] Max Memory: 3620MB
25 Jan 2017, 12:23:31.819 [  FINER] [   FXGL.SystemLogger] [JavaFX Application Thread] Total Memory: 246MB
25 Jan 2017, 12:23:31.823 [  FINER] [   FXGL.SystemLogger] [JavaFX Application Thread] System Properties:
25 Jan 2017, 12:23:31.824 [  FINER] [   FXGL.SystemLogger] [JavaFX Application Thread] sun.cpu.isalist=amd64
25 Jan 2017, 12:23:31.824 [  FINER] [   FXGL.SystemLogger] [JavaFX Application Thread] sun.desktop=windows
25 Jan 2017, 12:23:31.824 [  FINER] [   FXGL.SystemLogger] [JavaFX Application Thread] sun.io.unicode.encoding=UnicodeLittle
25 Jan 2017, 12:23:31.824 [  FINER] [   FXGL.SystemLogger] [JavaFX Application Thread] sun.cpu.endian=little
25 Jan 2017, 12:23:31.825 [  FINER] [   FXGL.SystemLogger] [JavaFX Application Thread] java.vendor.url.bug=http://bugreport.sun.com/bugreport/
25 Jan 2017, 12:23:31.825 [  FINER] [   FXGL.SystemLogger] [JavaFX Application Thread] file.separator=\
25 Jan 2017, 12:23:31.825 [  FINER] [   FXGL.SystemLogger] [JavaFX Application Thread] java.vendor=Oracle Corporation
25 Jan 2017, 12:23:31.826 [  FINER] [   FXGL.SystemLogger] [JavaFX Application Thread] sun.boot.class.path=C:\Program Files\Java\jdk1.8.0_111\jre\lib\resources.jar;C:\Program Files\Java\jdk1.8.0_111\jre\lib\rt.jar;C:\Program Files\Java\jdk1.8.0_111\jre\lib\sunrsasign.jar;C:\Program Files\Java\jdk1.8.0_111\jre\lib\jsse.jar;C:\Program Files\Java\jdk1.8.0_111\jre\lib\jce.jar;C:\Program Files\Java\jdk1.8.0_111\jre\lib\charsets.jar;C:\Program Files\Java\jdk1.8.0_111\jre\lib\jfr.jar;C:\Program Files\Java\jdk1.8.0_111\jre\classes
25 Jan 2017, 12:23:31.826 [  FINER] [   FXGL.SystemLogger] [JavaFX Application Thread] java.ext.dirs=C:\Program Files\Java\jdk1.8.0_111\jre\lib\ext;C:\WINDOWS\Sun\Java\lib\ext
25 Jan 2017, 12:23:31.826 [  FINER] [   FXGL.SystemLogger] [JavaFX Application Thread] java.version=1.8.0_111
25 Jan 2017, 12:23:31.826 [  FINER] [   FXGL.SystemLogger] [JavaFX Application Thread] java.vm.info=mixed mode
25 Jan 2017, 12:23:31.827 [  FINER] [   FXGL.SystemLogger] [JavaFX Application Thread] awt.toolkit=sun.awt.windows.WToolkit
25 Jan 2017, 12:23:31.827 [  FINER] [   FXGL.SystemLogger] [JavaFX Application Thread] user.language=en
25 Jan 2017, 12:23:31.827 [  FINER] [   FXGL.SystemLogger] [JavaFX Application Thread] java.specification.vendor=Oracle Corporation
25 Jan 2017, 12:23:31.828 [  FINER] [   FXGL.SystemLogger] [JavaFX Application Thread] sun.java.command=io.github.tdselliott.ml.MotherLoadApp
25 Jan 2017, 12:23:31.828 [  FINER] [   FXGL.SystemLogger] [JavaFX Application Thread] java.home=C:\Program Files\Java\jdk1.8.0_111\jre
25 Jan 2017, 12:23:31.828 [  FINER] [   FXGL.SystemLogger] [JavaFX Application Thread] sun.arch.data.model=64
25 Jan 2017, 12:23:31.828 [  FINER] [   FXGL.SystemLogger] [JavaFX Application Thread] java.vm.specification.version=1.8
25 Jan 2017, 12:23:31.829 [  FINER] [   FXGL.SystemLogger] [JavaFX Application Thread] java.class.path=C:\Users\Vic Spet\Documents\NetBeansProjects\MotherLoadProject\MotherLoad\lib\fxgl-0.2.9-uber.jar;C:\Users\Vic Spet\Documents\NetBeansProjects\MotherLoadProject\MotherLoad\build\classes
25 Jan 2017, 12:23:31.829 [  FINER] [   FXGL.SystemLogger] [JavaFX Application Thread] user.name=Vic Spet
25 Jan 2017, 12:23:31.829 [  FINER] [   FXGL.SystemLogger] [JavaFX Application Thread] file.encoding=UTF-8
25 Jan 2017, 12:23:31.829 [  FINER] [   FXGL.SystemLogger] [JavaFX Application Thread] java.specification.version=1.8
25 Jan 2017, 12:23:31.830 [  FINER] [   FXGL.SystemLogger] [JavaFX Application Thread] java.awt.printerjob=sun.awt.windows.WPrinterJob
25 Jan 2017, 12:23:31.830 [  FINER] [   FXGL.SystemLogger] [JavaFX Application Thread] user.timezone=America/New_York
25 Jan 2017, 12:23:31.830 [  FINER] [   FXGL.SystemLogger] [JavaFX Application Thread] user.home=C:\Users\Vic Spet
25 Jan 2017, 12:23:31.830 [  FINER] [   FXGL.SystemLogger] [JavaFX Application Thread] os.version=10.0
25 Jan 2017, 12:23:31.830 [  FINER] [   FXGL.SystemLogger] [JavaFX Application Thread] sun.management.compiler=HotSpot 64-Bit Tiered Compilers
25 Jan 2017, 12:23:31.831 [  FINER] [   FXGL.SystemLogger] [JavaFX Application Thread] java.specification.name=Java Platform API Specification
25 Jan 2017, 12:23:31.831 [  FINER] [   FXGL.SystemLogger] [JavaFX Application Thread] java.class.version=52.0
25 Jan 2017, 12:23:31.831 [  FINER] [   FXGL.SystemLogger] [JavaFX Application Thread] java.library.path=C:\Program Files\Java\jdk1.8.0_111\bin;C:\WINDOWS\Sun\Java\bin;C:\WINDOWS\system32;C:\WINDOWS;C:\ProgramData\Oracle\Java\javapath;C:\Program Files (x86)\Intel\iCLS Client\;C:\Program Files\Intel\iCLS Client\;C:\Windows\system32;C:\Windows;C:\Windows\System32\Wbem;C:\Windows\System32\WindowsPowerShell\v1.0\;C:\Program Files (x86)\Intel\Intel(R) Management Engine Components\DAL;C:\Program Files\Intel\Intel(R) Management Engine Components\DAL;C:\Program Files (x86)\Intel\Intel(R) Management Engine Components\IPT;C:\Program Files\Intel\Intel(R) Management Engine Components\IPT;C:\Program Files (x86)\NVIDIA Corporation\PhysX\Common;C:\Program Files\Intel\WiFi\bin\;C:\Program Files\Common Files\Intel\WirelessCommon\;C:\WINDOWS\system32;C:\WINDOWS;C:\WINDOWS\System32\Wbem;C:\WINDOWS\System32\WindowsPowerShell\v1.0\;C:\Program Files (x86)\AOMEI Backupper;C:\Users\Vic Spet\AppData\Local\Microsoft\WindowsApps;;.
25 Jan 2017, 12:23:31.831 [  FINER] [   FXGL.SystemLogger] [JavaFX Application Thread] sun.jnu.encoding=Cp1252
25 Jan 2017, 12:23:31.831 [  FINER] [   FXGL.SystemLogger] [JavaFX Application Thread] os.name=Windows 10
25 Jan 2017, 12:23:31.832 [  FINER] [   FXGL.SystemLogger] [JavaFX Application Thread] user.variant=
25 Jan 2017, 12:23:31.832 [  FINER] [   FXGL.SystemLogger] [JavaFX Application Thread] java.vm.specification.vendor=Oracle Corporation
25 Jan 2017, 12:23:31.832 [  FINER] [   FXGL.SystemLogger] [JavaFX Application Thread] java.io.tmpdir=C:\Users\VICSPE~1\AppData\Local\Temp\
25 Jan 2017, 12:23:31.832 [  FINER] [   FXGL.SystemLogger] [JavaFX Application Thread] line.separator=

25 Jan 2017, 12:23:31.833 [  FINER] [   FXGL.SystemLogger] [JavaFX Application Thread] java.endorsed.dirs=C:\Program Files\Java\jdk1.8.0_111\jre\lib\endorsed
25 Jan 2017, 12:23:31.833 [  FINER] [   FXGL.SystemLogger] [JavaFX Application Thread] os.arch=amd64
25 Jan 2017, 12:23:31.833 [  FINER] [   FXGL.SystemLogger] [JavaFX Application Thread] javafx.runtime.version=8.0.111-b14
25 Jan 2017, 12:23:31.833 [  FINER] [   FXGL.SystemLogger] [JavaFX Application Thread] java.awt.graphicsenv=sun.awt.Win32GraphicsEnvironment
25 Jan 2017, 12:23:31.833 [  FINER] [   FXGL.SystemLogger] [JavaFX Application Thread] java.runtime.version=1.8.0_111-b14
25 Jan 2017, 12:23:31.834 [  FINER] [   FXGL.SystemLogger] [JavaFX Application Thread] java.vm.specification.name=Java Virtual Machine Specification
25 Jan 2017, 12:23:31.834 [  FINER] [   FXGL.SystemLogger] [JavaFX Application Thread] user.dir=C:\Users\Vic Spet\Documents\NetBeansProjects\MotherLoadProject\MotherLoad
25 Jan 2017, 12:23:31.834 [  FINER] [   FXGL.SystemLogger] [JavaFX Application Thread] user.country=CA
25 Jan 2017, 12:23:31.834 [  FINER] [   FXGL.SystemLogger] [JavaFX Application Thread] user.script=
25 Jan 2017, 12:23:31.835 [  FINER] [   FXGL.SystemLogger] [JavaFX Application Thread] sun.java.launcher=SUN_STANDARD
25 Jan 2017, 12:23:31.835 [  FINER] [   FXGL.SystemLogger] [JavaFX Application Thread] sun.os.patch.level=
25 Jan 2017, 12:23:31.835 [  FINER] [   FXGL.SystemLogger] [JavaFX Application Thread] java.vm.name=Java HotSpot(TM) 64-Bit Server VM
25 Jan 2017, 12:23:31.835 [  FINER] [   FXGL.SystemLogger] [JavaFX Application Thread] file.encoding.pkg=sun.io
25 Jan 2017, 12:23:31.836 [  FINER] [   FXGL.SystemLogger] [JavaFX Application Thread] path.separator=;
25 Jan 2017, 12:23:31.836 [  FINER] [   FXGL.SystemLogger] [JavaFX Application Thread] java.vm.vendor=Oracle Corporation
25 Jan 2017, 12:23:31.836 [  FINER] [   FXGL.SystemLogger] [JavaFX Application Thread] java.vendor.url=http://java.oracle.com/
25 Jan 2017, 12:23:31.836 [  FINER] [   FXGL.SystemLogger] [JavaFX Application Thread] sun.boot.library.path=C:\Program Files\Java\jdk1.8.0_111\jre\bin
25 Jan 2017, 12:23:31.837 [  FINER] [   FXGL.SystemLogger] [JavaFX Application Thread] java.vm.version=25.111-b14
25 Jan 2017, 12:23:31.837 [  FINER] [   FXGL.SystemLogger] [JavaFX Application Thread] java.runtime.name=Java(TM) SE Runtime Environment
25 Jan 2017, 12:23:31.837 [  FINER] [   FXGL.SystemLogger] [JavaFX Application Thread] javafx.version=8.0.111
25 Jan 2017, 12:23:31.842 [   INFO] [   FXGL.SystemLogger] [JavaFX Application Thread] FXGL-0.2.9
25 Jan 2017, 12:23:31.843 [   INFO] [   FXGL.SystemLogger] [JavaFX Application Thread] Source code and latest versions at: https://github.com/AlmasB/FXGL
25 Jan 2017, 12:23:31.843 [   INFO] [   FXGL.SystemLogger] [JavaFX Application Thread]              Join the FXGL chat at: https://gitter.im/AlmasB/FXGL
25 Jan 2017, 12:23:31.890 [  FINER] [   FXGL.SystemLogger] [JavaFX Application Thread] Starting JavaFX
25 Jan 2017, 12:23:31.891 [  FINER] [   FXGL.SystemLogger] [          JavaFX-Launcher] Initializing FXGL
25 Jan 2017, 12:23:31.908 [  FINER] [   FXGL.SystemLogger] [JavaFX Application Thread] Starting FXGL
25 Jan 2017, 12:23:32.129 [  FINER] [   FXGL.SystemLogger] [     FXGL Launcher Thread] Configuring FXGL
25 Jan 2017, 12:23:32.130 [  FINER] [   FXGL.SystemLogger] [     FXGL Launcher Thread] Initializing system properties
25 Jan 2017, 12:23:32.154 [  FINER] [   FXGL.SystemLogger] [     FXGL Launcher Thread] sound.notification = system/notification.wav
25 Jan 2017, 12:23:32.155 [  FINER] [   FXGL.SystemLogger] [     FXGL Launcher Thread] url.storage = https://raw.githubusercontent.com/AlmasB/git-server/master/storage/
25 Jan 2017, 12:23:32.155 [  FINER] [   FXGL.SystemLogger] [     FXGL Launcher Thread] asset.cache.size = 35
25 Jan 2017, 12:23:32.155 [  FINER] [   FXGL.SystemLogger] [     FXGL Launcher Thread] fs.profiledir = profiles/
25 Jan 2017, 12:23:32.155 [  FINER] [   FXGL.SystemLogger] [     FXGL Launcher Thread] url.pom = https://raw.githubusercontent.com/AlmasB/FXGL/master/pom.xml
25 Jan 2017, 12:23:32.156 [  FINER] [   FXGL.SystemLogger] [     FXGL Launcher Thread] dev.showbbox = false
25 Jan 2017, 12:23:32.156 [  FINER] [   FXGL.SystemLogger] [     FXGL Launcher Thread] fs.datafile.ext = .dat
25 Jan 2017, 12:23:32.156 [  FINER] [   FXGL.SystemLogger] [     FXGL Launcher Thread] sound.menu.back = menu/back.wav
25 Jan 2017, 12:23:32.156 [  FINER] [   FXGL.SystemLogger] [     FXGL Launcher Thread] sound.menu.select = menu/select.wav
25 Jan 2017, 12:23:32.156 [  FINER] [   FXGL.SystemLogger] [     FXGL Launcher Thread] url.github = https://github.com/AlmasB/FXGL
25 Jan 2017, 12:23:32.157 [  FINER] [   FXGL.SystemLogger] [     FXGL Launcher Thread] url.surveymonkey = https://www.surveymonkey.co.uk/r/BH6LLPM
25 Jan 2017, 12:23:32.157 [  FINER] [   FXGL.SystemLogger] [     FXGL Launcher Thread] physics.ppm = 50.0
25 Jan 2017, 12:23:32.157 [  FINER] [   FXGL.SystemLogger] [     FXGL Launcher Thread] ui.css = fxgl.css
25 Jan 2017, 12:23:32.157 [  FINER] [   FXGL.SystemLogger] [     FXGL Launcher Thread] version.check.days = 7
25 Jan 2017, 12:23:32.157 [  FINER] [   FXGL.SystemLogger] [     FXGL Launcher Thread] fs.savefile.ext = .sav
25 Jan 2017, 12:23:32.158 [  FINER] [   FXGL.SystemLogger] [     FXGL Launcher Thread] pooling.initialSize = 128
25 Jan 2017, 12:23:32.158 [  FINER] [   FXGL.SystemLogger] [     FXGL Launcher Thread] ui.font = Copperplate_Gothic_Light_Regular.ttf
25 Jan 2017, 12:23:32.158 [  FINER] [   FXGL.SystemLogger] [     FXGL Launcher Thread] fs.savedir = saves/
25 Jan 2017, 12:23:32.158 [  FINER] [   FXGL.SystemLogger] [     FXGL Launcher Thread] fs.profilename = user.profile
25 Jan 2017, 12:23:32.158 [  FINER] [   FXGL.SystemLogger] [     FXGL Launcher Thread] ui.icon.name = fxgl_icon.png
25 Jan 2017, 12:23:32.159 [  FINER] [   FXGL.SystemLogger] [     FXGL Launcher Thread] url.googleforms = https://goo.gl/forms/6wrMnOBxTE1fEpOy2
25 Jan 2017, 12:23:32.159 [  FINER] [   FXGL.SystemLogger] [     FXGL Launcher Thread] sound.menu.press = menu/press.wav
25 Jan 2017, 12:23:32.159 [  FINER] [   FXGL.SystemLogger] [     FXGL Launcher Thread] Initializing user properties
25 Jan 2017, 12:23:32.159 [   INFO] [   FXGL.SystemLogger] [     FXGL Launcher Thread] User properties not found. Using system
25 Jan 2017, 12:23:32.160 [  FINER] [   FXGL.SystemLogger] [     FXGL Launcher Thread] Initializing app settings
25 Jan 2017, 12:23:32.166 [  FINER] [   FXGL.SystemLogger] [     FXGL Launcher Thread] Logging settings
Title: MotherLoad
Version: 0.5 [BETA]
Width: 800
Height: 700
Fullscreen: false
Intro: false
Menus: false
Profiling: true
App Mode: DEVELOPER
Menu Style: WARCRAFT3
Menu Key: ESCAPE
Services: []
25 Jan 2017, 12:23:32.748 [  FINER] [   FXGL.SystemLogger] [     FXGL Launcher Thread] FXGL configuration complete
25 Jan 2017, 12:23:32.748 [   INFO] [   FXGL.SystemLogger] [     FXGL Launcher Thread] FXGL configuration took:  0.618 sec
25 Jan 2017, 12:23:32.754 [  FINER] [   FXGL.SystemLogger] [JavaFX Application Thread] Running task: UpdaterTask
25 Jan 2017, 12:23:32.758 [  FINER] [   FXGL.SystemLogger] [     FXGL Launcher Thread] Running task: PreInitTask
25 Jan 2017, 12:23:32.824 [  FINER] [   FXGL.SystemLogger] [     FXGL Launcher Thread] Running task: InitScenesTask
25 Jan 2017, 12:23:33.096 [  FINER] [   FXGL.SystemLogger] [     FXGL Launcher Thread] Running task: InitEventHandlersTask
25 Jan 2017, 12:23:33.123 [  FINER] [   FXGL.SystemLogger] [     FXGL Launcher Thread] Running task: InitProfilerTask
25 Jan 2017, 12:23:33.128 [  FINER] [   FXGL.SystemLogger] [     FXGL Launcher Thread] Pausing main loop
25 Jan 2017, 12:23:33.131 [  FINER] [   FXGL.SystemLogger] [     FXGL Launcher Thread] Resetting FXGL application
25 Jan 2017, 12:23:33.216 [   INFO] [   FXGL.SystemLogger] [     FXGL Launcher Thread] Game configuration took:  0.458 sec
25 Jan 2017, 12:23:33.423 [   INFO] [   FXGL.SystemLogger] [ FXGL Background Thread 1] Game initialization took: 0.205 sec
25 Jan 2017, 12:23:33.424 [  FINER] [   FXGL.SystemLogger] [JavaFX Application Thread] Resuming main loop
25 Jan 2017, 12:25:20.335 [  FINER] [   FXGL.SystemLogger] [JavaFX Application Thread] Exiting Normally
25 Jan 2017, 12:25:20.336 [   INFO] [   FXGL.SystemLogger] [JavaFX Application Thread] Processed Frames: 6403
25 Jan 2017, 12:25:20.337 [   INFO] [   FXGL.SystemLogger] [JavaFX Application Thread] Average FPS: 61
25 Jan 2017, 12:25:20.337 [   INFO] [   FXGL.SystemLogger] [JavaFX Application Thread] Avg Performance: 3635
25 Jan 2017, 12:25:20.337 [   INFO] [   FXGL.SystemLogger] [JavaFX Application Thread] Avg Memory Usage: 216 MB
25 Jan 2017, 12:25:20.338 [   INFO] [   FXGL.SystemLogger] [JavaFX Application Thread] Min Memory Usage: 94 MB
25 Jan 2017, 12:25:20.338 [   INFO] [   FXGL.SystemLogger] [JavaFX Application Thread] Max Memory Usage: 357 MB
25 Jan 2017, 12:25:20.338 [   INFO] [   FXGL.SystemLogger] [JavaFX Application Thread] Estimated GC runs: 9
25 Jan 2017, 12:25:20.344 [  FINER] [   FXGL.SystemLogger] [JavaFX Application Thread] Exiting FXGL
25 Jan 2017, 12:25:20.344 [  FINER] [   FXGL.SystemLogger] [JavaFX Application Thread] Logger is closing
