20 Jan 2017, 13:45:35.420 [   INFO] [   FXGL.SystemLogger] [JavaFX Application Thread] System Logger is initialized
20 Jan 2017, 13:45:35.432 [  FINER] [   FXGL.SystemLogger] [JavaFX Application Thread] Logging System Info
20 Jan 2017, 13:45:35.433 [  FINER] [   FXGL.SystemLogger] [JavaFX Application Thread] CPU cores: 8
20 Jan 2017, 13:45:35.434 [  FINER] [   FXGL.SystemLogger] [JavaFX Application Thread] Free Memory: 230MB
20 Jan 2017, 13:45:35.435 [  FINER] [   FXGL.SystemLogger] [JavaFX Application Thread] Max Memory: 3622MB
20 Jan 2017, 13:45:35.435 [  FINER] [   FXGL.SystemLogger] [JavaFX Application Thread] Total Memory: 246MB
20 Jan 2017, 13:45:35.436 [  FINER] [   FXGL.SystemLogger] [JavaFX Application Thread] System Properties:
20 Jan 2017, 13:45:35.436 [  FINER] [   FXGL.SystemLogger] [JavaFX Application Thread] sun.cpu.isalist=amd64
20 Jan 2017, 13:45:35.437 [  FINER] [   FXGL.SystemLogger] [JavaFX Application Thread] sun.desktop=windows
20 Jan 2017, 13:45:35.437 [  FINER] [   FXGL.SystemLogger] [JavaFX Application Thread] sun.io.unicode.encoding=UnicodeLittle
20 Jan 2017, 13:45:35.437 [  FINER] [   FXGL.SystemLogger] [JavaFX Application Thread] sun.cpu.endian=little
20 Jan 2017, 13:45:35.437 [  FINER] [   FXGL.SystemLogger] [JavaFX Application Thread] java.vendor.url.bug=http://bugreport.sun.com/bugreport/
20 Jan 2017, 13:45:35.438 [  FINER] [   FXGL.SystemLogger] [JavaFX Application Thread] file.separator=\
20 Jan 2017, 13:45:35.438 [  FINER] [   FXGL.SystemLogger] [JavaFX Application Thread] java.vendor=Oracle Corporation
20 Jan 2017, 13:45:35.438 [  FINER] [   FXGL.SystemLogger] [JavaFX Application Thread] sun.boot.class.path=C:\Program Files\Java\jdk1.8.0_74\jre\lib\resources.jar;C:\Program Files\Java\jdk1.8.0_74\jre\lib\rt.jar;C:\Program Files\Java\jdk1.8.0_74\jre\lib\sunrsasign.jar;C:\Program Files\Java\jdk1.8.0_74\jre\lib\jsse.jar;C:\Program Files\Java\jdk1.8.0_74\jre\lib\jce.jar;C:\Program Files\Java\jdk1.8.0_74\jre\lib\charsets.jar;C:\Program Files\Java\jdk1.8.0_74\jre\lib\jfr.jar;C:\Program Files\Java\jdk1.8.0_74\jre\classes
20 Jan 2017, 13:45:35.438 [  FINER] [   FXGL.SystemLogger] [JavaFX Application Thread] java.ext.dirs=C:\Program Files\Java\jdk1.8.0_74\jre\lib\ext;C:\WINDOWS\Sun\Java\lib\ext
20 Jan 2017, 13:45:35.439 [  FINER] [   FXGL.SystemLogger] [JavaFX Application Thread] java.version=1.8.0_74
20 Jan 2017, 13:45:35.439 [  FINER] [   FXGL.SystemLogger] [JavaFX Application Thread] java.vm.info=mixed mode
20 Jan 2017, 13:45:35.439 [  FINER] [   FXGL.SystemLogger] [JavaFX Application Thread] awt.toolkit=sun.awt.windows.WToolkit
20 Jan 2017, 13:45:35.439 [  FINER] [   FXGL.SystemLogger] [JavaFX Application Thread] user.language=en
20 Jan 2017, 13:45:35.440 [  FINER] [   FXGL.SystemLogger] [JavaFX Application Thread] java.specification.vendor=Oracle Corporation
20 Jan 2017, 13:45:35.440 [  FINER] [   FXGL.SystemLogger] [JavaFX Application Thread] sun.java.command=io.github.tdselliott.ml.MotherLoadApp
20 Jan 2017, 13:45:35.440 [  FINER] [   FXGL.SystemLogger] [JavaFX Application Thread] java.home=C:\Program Files\Java\jdk1.8.0_74\jre
20 Jan 2017, 13:45:35.440 [  FINER] [   FXGL.SystemLogger] [JavaFX Application Thread] sun.arch.data.model=64
20 Jan 2017, 13:45:35.441 [  FINER] [   FXGL.SystemLogger] [JavaFX Application Thread] java.vm.specification.version=1.8
20 Jan 2017, 13:45:35.441 [  FINER] [   FXGL.SystemLogger] [JavaFX Application Thread] java.class.path=C:\Users\Mack\Documents\NetBeansProjects\MotherLoad\MotherLoad\lib\fxgl-0.2.9-uber.jar;C:\Users\Mack\Documents\NetBeansProjects\MotherLoad\MotherLoad\build\classes
20 Jan 2017, 13:45:35.441 [  FINER] [   FXGL.SystemLogger] [JavaFX Application Thread] user.name=Mack
20 Jan 2017, 13:45:35.441 [  FINER] [   FXGL.SystemLogger] [JavaFX Application Thread] file.encoding=UTF-8
20 Jan 2017, 13:45:35.441 [  FINER] [   FXGL.SystemLogger] [JavaFX Application Thread] java.specification.version=1.8
20 Jan 2017, 13:45:35.442 [  FINER] [   FXGL.SystemLogger] [JavaFX Application Thread] java.awt.printerjob=sun.awt.windows.WPrinterJob
20 Jan 2017, 13:45:35.442 [  FINER] [   FXGL.SystemLogger] [JavaFX Application Thread] user.timezone=America/New_York
20 Jan 2017, 13:45:35.442 [  FINER] [   FXGL.SystemLogger] [JavaFX Application Thread] user.home=C:\Users\Mack
20 Jan 2017, 13:45:35.442 [  FINER] [   FXGL.SystemLogger] [JavaFX Application Thread] os.version=6.3
20 Jan 2017, 13:45:35.443 [  FINER] [   FXGL.SystemLogger] [JavaFX Application Thread] sun.management.compiler=HotSpot 64-Bit Tiered Compilers
20 Jan 2017, 13:45:35.443 [  FINER] [   FXGL.SystemLogger] [JavaFX Application Thread] java.specification.name=Java Platform API Specification
20 Jan 2017, 13:45:35.443 [  FINER] [   FXGL.SystemLogger] [JavaFX Application Thread] java.class.version=52.0
20 Jan 2017, 13:45:35.443 [  FINER] [   FXGL.SystemLogger] [JavaFX Application Thread] java.library.path=C:\Program Files\Java\jdk1.8.0_74\bin;C:\WINDOWS\Sun\Java\bin;C:\WINDOWS\system32;C:\WINDOWS;C:\ProgramData\Oracle\Java\javapath;C:\Program Files (x86)\Intel\iCLS Client\;C:\Program Files\Intel\iCLS Client\;C:\WINDOWS\system32;C:\WINDOWS;C:\WINDOWS\System32\Wbem;C:\WINDOWS\System32\WindowsPowerShell\v1.0\;C:\Program Files\Intel\Intel(R) Management Engine Components\DAL;C:\Program Files\Intel\Intel(R) Management Engine Components\IPT;C:\Program Files (x86)\Intel\Intel(R) Management Engine Components\DAL;C:\Program Files (x86)\Intel\Intel(R) Management Engine Components\IPT;C:\Program Files (x86)\Intel\OpenCL SDK\3.0\bin\x86;C:\Program Files (x86)\Intel\OpenCL SDK\3.0\bin\x64;C:\Program Files (x86)\Skype\Phone\;C:\Program Files (x86)\NVIDIA Corporation\PhysX\Common;%SystemRoot%\system32;%SystemRoot%;%SystemRoot%\System32\Wbem;%SYSTEMROOT%\System32\WindowsPowerShell\v1.0\;.
20 Jan 2017, 13:45:35.444 [  FINER] [   FXGL.SystemLogger] [JavaFX Application Thread] sun.jnu.encoding=Cp1252
20 Jan 2017, 13:45:35.444 [  FINER] [   FXGL.SystemLogger] [JavaFX Application Thread] os.name=Windows 8.1
20 Jan 2017, 13:45:35.444 [  FINER] [   FXGL.SystemLogger] [JavaFX Application Thread] user.variant=
20 Jan 2017, 13:45:35.444 [  FINER] [   FXGL.SystemLogger] [JavaFX Application Thread] java.vm.specification.vendor=Oracle Corporation
20 Jan 2017, 13:45:35.444 [  FINER] [   FXGL.SystemLogger] [JavaFX Application Thread] java.io.tmpdir=C:\Users\Mack\AppData\Local\Temp\
20 Jan 2017, 13:45:35.445 [  FINER] [   FXGL.SystemLogger] [JavaFX Application Thread] line.separator=

20 Jan 2017, 13:45:35.445 [  FINER] [   FXGL.SystemLogger] [JavaFX Application Thread] java.endorsed.dirs=C:\Program Files\Java\jdk1.8.0_74\jre\lib\endorsed
20 Jan 2017, 13:45:35.445 [  FINER] [   FXGL.SystemLogger] [JavaFX Application Thread] os.arch=amd64
20 Jan 2017, 13:45:35.445 [  FINER] [   FXGL.SystemLogger] [JavaFX Application Thread] javafx.runtime.version=8.0.72-b15
20 Jan 2017, 13:45:35.445 [  FINER] [   FXGL.SystemLogger] [JavaFX Application Thread] java.awt.graphicsenv=sun.awt.Win32GraphicsEnvironment
20 Jan 2017, 13:45:35.446 [  FINER] [   FXGL.SystemLogger] [JavaFX Application Thread] java.runtime.version=1.8.0_74-b02
20 Jan 2017, 13:45:35.446 [  FINER] [   FXGL.SystemLogger] [JavaFX Application Thread] java.vm.specification.name=Java Virtual Machine Specification
20 Jan 2017, 13:45:35.446 [  FINER] [   FXGL.SystemLogger] [JavaFX Application Thread] user.dir=C:\Users\Mack\Documents\NetBeansProjects\MotherLoad\MotherLoad
20 Jan 2017, 13:45:35.446 [  FINER] [   FXGL.SystemLogger] [JavaFX Application Thread] user.country=CA
20 Jan 2017, 13:45:35.446 [  FINER] [   FXGL.SystemLogger] [JavaFX Application Thread] user.script=
20 Jan 2017, 13:45:35.447 [  FINER] [   FXGL.SystemLogger] [JavaFX Application Thread] sun.java.launcher=SUN_STANDARD
20 Jan 2017, 13:45:35.447 [  FINER] [   FXGL.SystemLogger] [JavaFX Application Thread] sun.os.patch.level=
20 Jan 2017, 13:45:35.447 [  FINER] [   FXGL.SystemLogger] [JavaFX Application Thread] java.vm.name=Java HotSpot(TM) 64-Bit Server VM
20 Jan 2017, 13:45:35.447 [  FINER] [   FXGL.SystemLogger] [JavaFX Application Thread] file.encoding.pkg=sun.io
20 Jan 2017, 13:45:35.447 [  FINER] [   FXGL.SystemLogger] [JavaFX Application Thread] path.separator=;
20 Jan 2017, 13:45:35.448 [  FINER] [   FXGL.SystemLogger] [JavaFX Application Thread] java.vm.vendor=Oracle Corporation
20 Jan 2017, 13:45:35.448 [  FINER] [   FXGL.SystemLogger] [JavaFX Application Thread] java.vendor.url=http://java.oracle.com/
20 Jan 2017, 13:45:35.448 [  FINER] [   FXGL.SystemLogger] [JavaFX Application Thread] sun.boot.library.path=C:\Program Files\Java\jdk1.8.0_74\jre\bin
20 Jan 2017, 13:45:35.448 [  FINER] [   FXGL.SystemLogger] [JavaFX Application Thread] java.vm.version=25.74-b02
20 Jan 2017, 13:45:35.448 [  FINER] [   FXGL.SystemLogger] [JavaFX Application Thread] java.runtime.name=Java(TM) SE Runtime Environment
20 Jan 2017, 13:45:35.449 [  FINER] [   FXGL.SystemLogger] [JavaFX Application Thread] javafx.version=8.0.72
20 Jan 2017, 13:45:35.452 [   INFO] [   FXGL.SystemLogger] [JavaFX Application Thread] FXGL-0.2.9
20 Jan 2017, 13:45:35.452 [   INFO] [   FXGL.SystemLogger] [JavaFX Application Thread] Source code and latest versions at: https://github.com/AlmasB/FXGL
20 Jan 2017, 13:45:35.453 [   INFO] [   FXGL.SystemLogger] [JavaFX Application Thread]              Join the FXGL chat at: https://gitter.im/AlmasB/FXGL
20 Jan 2017, 13:45:35.504 [  FINER] [   FXGL.SystemLogger] [JavaFX Application Thread] Starting JavaFX
20 Jan 2017, 13:45:35.505 [  FINER] [   FXGL.SystemLogger] [          JavaFX-Launcher] Initializing FXGL
20 Jan 2017, 13:45:35.522 [  FINER] [   FXGL.SystemLogger] [JavaFX Application Thread] Starting FXGL
20 Jan 2017, 13:45:35.710 [  FINER] [   FXGL.SystemLogger] [     FXGL Launcher Thread] Configuring FXGL
20 Jan 2017, 13:45:35.710 [  FINER] [   FXGL.SystemLogger] [     FXGL Launcher Thread] Initializing system properties
20 Jan 2017, 13:45:35.729 [  FINER] [   FXGL.SystemLogger] [     FXGL Launcher Thread] sound.notification = system/notification.wav
20 Jan 2017, 13:45:35.730 [  FINER] [   FXGL.SystemLogger] [     FXGL Launcher Thread] url.storage = https://raw.githubusercontent.com/AlmasB/git-server/master/storage/
20 Jan 2017, 13:45:35.730 [  FINER] [   FXGL.SystemLogger] [     FXGL Launcher Thread] asset.cache.size = 35
20 Jan 2017, 13:45:35.730 [  FINER] [   FXGL.SystemLogger] [     FXGL Launcher Thread] fs.profiledir = profiles/
20 Jan 2017, 13:45:35.730 [  FINER] [   FXGL.SystemLogger] [     FXGL Launcher Thread] url.pom = https://raw.githubusercontent.com/AlmasB/FXGL/master/pom.xml
20 Jan 2017, 13:45:35.730 [  FINER] [   FXGL.SystemLogger] [     FXGL Launcher Thread] dev.showbbox = false
20 Jan 2017, 13:45:35.731 [  FINER] [   FXGL.SystemLogger] [     FXGL Launcher Thread] fs.datafile.ext = .dat
20 Jan 2017, 13:45:35.731 [  FINER] [   FXGL.SystemLogger] [     FXGL Launcher Thread] sound.menu.back = menu/back.wav
20 Jan 2017, 13:45:35.731 [  FINER] [   FXGL.SystemLogger] [     FXGL Launcher Thread] sound.menu.select = menu/select.wav
20 Jan 2017, 13:45:35.731 [  FINER] [   FXGL.SystemLogger] [     FXGL Launcher Thread] url.github = https://github.com/AlmasB/FXGL
20 Jan 2017, 13:45:35.732 [  FINER] [   FXGL.SystemLogger] [     FXGL Launcher Thread] url.surveymonkey = https://www.surveymonkey.co.uk/r/BH6LLPM
20 Jan 2017, 13:45:35.732 [  FINER] [   FXGL.SystemLogger] [     FXGL Launcher Thread] physics.ppm = 50.0
20 Jan 2017, 13:45:35.732 [  FINER] [   FXGL.SystemLogger] [     FXGL Launcher Thread] ui.css = fxgl.css
20 Jan 2017, 13:45:35.733 [  FINER] [   FXGL.SystemLogger] [     FXGL Launcher Thread] version.check.days = 7
20 Jan 2017, 13:45:35.733 [  FINER] [   FXGL.SystemLogger] [     FXGL Launcher Thread] fs.savefile.ext = .sav
20 Jan 2017, 13:45:35.733 [  FINER] [   FXGL.SystemLogger] [     FXGL Launcher Thread] pooling.initialSize = 128
20 Jan 2017, 13:45:35.734 [  FINER] [   FXGL.SystemLogger] [     FXGL Launcher Thread] ui.font = Copperplate_Gothic_Light_Regular.ttf
20 Jan 2017, 13:45:35.734 [  FINER] [   FXGL.SystemLogger] [     FXGL Launcher Thread] fs.savedir = saves/
20 Jan 2017, 13:45:35.734 [  FINER] [   FXGL.SystemLogger] [     FXGL Launcher Thread] fs.profilename = user.profile
20 Jan 2017, 13:45:35.734 [  FINER] [   FXGL.SystemLogger] [     FXGL Launcher Thread] ui.icon.name = fxgl_icon.png
20 Jan 2017, 13:45:35.734 [  FINER] [   FXGL.SystemLogger] [     FXGL Launcher Thread] url.googleforms = https://goo.gl/forms/6wrMnOBxTE1fEpOy2
20 Jan 2017, 13:45:35.735 [  FINER] [   FXGL.SystemLogger] [     FXGL Launcher Thread] sound.menu.press = menu/press.wav
20 Jan 2017, 13:45:35.735 [  FINER] [   FXGL.SystemLogger] [     FXGL Launcher Thread] Initializing user properties
20 Jan 2017, 13:45:35.735 [   INFO] [   FXGL.SystemLogger] [     FXGL Launcher Thread] User properties not found. Using system
20 Jan 2017, 13:45:35.735 [  FINER] [   FXGL.SystemLogger] [     FXGL Launcher Thread] Initializing app settings
20 Jan 2017, 13:45:35.743 [  FINER] [   FXGL.SystemLogger] [     FXGL Launcher Thread] Logging settings
Title: MotherLoad
Version: 0.5 [BETA]
Width: 800
Height: 700
Fullscreen: false
Intro: false
Menus: true
Profiling: true
App Mode: DEVELOPER
Menu Style: FXGL_DEFAULT
Menu Key: ESCAPE
Services: []
20 Jan 2017, 13:45:36.340 [  FINER] [   FXGL.SystemLogger] [     FXGL Launcher Thread] FXGL configuration complete
20 Jan 2017, 13:45:36.341 [   INFO] [   FXGL.SystemLogger] [     FXGL Launcher Thread] FXGL configuration took:  0.630 sec
20 Jan 2017, 13:45:36.342 [  FINER] [   FXGL.SystemLogger] [JavaFX Application Thread] Running task: UpdaterTask
20 Jan 2017, 13:45:36.345 [  FINER] [   FXGL.SystemLogger] [     FXGL Launcher Thread] Running task: PreInitTask
20 Jan 2017, 13:45:36.417 [  FINER] [   FXGL.SystemLogger] [     FXGL Launcher Thread] Running task: InitScenesTask
20 Jan 2017, 13:45:36.680 [  FINER] [   FXGL.SystemLogger] [     FXGL Launcher Thread] Running task: InitEventHandlersTask
20 Jan 2017, 13:45:36.715 [  FINER] [   FXGL.SystemLogger] [     FXGL Launcher Thread] Running task: InitProfilerTask
20 Jan 2017, 13:45:36.768 [   INFO] [   FXGL.SystemLogger] [     FXGL Launcher Thread] Game configuration took:  0.423 sec
20 Jan 2017, 13:45:38.162 [  FINER] [   FXGL.SystemLogger] [JavaFX Application Thread] Pausing main loop
20 Jan 2017, 13:45:38.163 [  FINER] [   FXGL.SystemLogger] [JavaFX Application Thread] Resetting FXGL application
20 Jan 2017, 13:45:38.304 [   INFO] [   FXGL.SystemLogger] [ FXGL Background Thread 1] Game initialization took: 0.049 sec
20 Jan 2017, 13:45:38.305 [  FINER] [   FXGL.SystemLogger] [JavaFX Application Thread] Resuming main loop
20 Jan 2017, 13:47:02.489 [  FINER] [   FXGL.SystemLogger] [JavaFX Application Thread] Exiting Normally
20 Jan 2017, 13:47:02.501 [   INFO] [   FXGL.SystemLogger] [JavaFX Application Thread] Processed Frames: 5047
20 Jan 2017, 13:47:02.501 [   INFO] [   FXGL.SystemLogger] [JavaFX Application Thread] Average FPS: 61
20 Jan 2017, 13:47:02.502 [   INFO] [   FXGL.SystemLogger] [JavaFX Application Thread] Avg Performance: 2553
20 Jan 2017, 13:47:02.502 [   INFO] [   FXGL.SystemLogger] [JavaFX Application Thread] Avg Memory Usage: 155 MB
20 Jan 2017, 13:47:02.502 [   INFO] [   FXGL.SystemLogger] [JavaFX Application Thread] Min Memory Usage: 98 MB
20 Jan 2017, 13:47:02.503 [   INFO] [   FXGL.SystemLogger] [JavaFX Application Thread] Max Memory Usage: 215 MB
20 Jan 2017, 13:47:02.503 [   INFO] [   FXGL.SystemLogger] [JavaFX Application Thread] Estimated GC runs: 1
20 Jan 2017, 13:47:02.508 [  FINER] [   FXGL.SystemLogger] [JavaFX Application Thread] Exiting FXGL
20 Jan 2017, 13:47:02.509 [  FINER] [   FXGL.SystemLogger] [JavaFX Application Thread] Logger is closing
