12 Jan 2017, 08:38:04.254 [   INFO] [   FXGL.SystemLogger] [JavaFX Application Thread] System Logger is initialized
12 Jan 2017, 08:38:04.415 [  FINER] [   FXGL.SystemLogger] [JavaFX Application Thread] Logging System Info
12 Jan 2017, 08:38:04.416 [  FINER] [   FXGL.SystemLogger] [JavaFX Application Thread] CPU cores: 4
12 Jan 2017, 08:38:04.480 [  FINER] [   FXGL.SystemLogger] [JavaFX Application Thread] Free Memory: 47MB
12 Jan 2017, 08:38:04.481 [  FINER] [   FXGL.SystemLogger] [JavaFX Application Thread] Max Memory: 866MB
12 Jan 2017, 08:38:04.482 [  FINER] [   FXGL.SystemLogger] [JavaFX Application Thread] Total Memory: 60MB
12 Jan 2017, 08:38:04.491 [  FINER] [   FXGL.SystemLogger] [JavaFX Application Thread] System Properties:
12 Jan 2017, 08:38:04.494 [  FINER] [   FXGL.SystemLogger] [JavaFX Application Thread] sun.cpu.isalist=amd64
12 Jan 2017, 08:38:04.495 [  FINER] [   FXGL.SystemLogger] [JavaFX Application Thread] sun.desktop=windows
12 Jan 2017, 08:38:04.496 [  FINER] [   FXGL.SystemLogger] [JavaFX Application Thread] sun.io.unicode.encoding=UnicodeLittle
12 Jan 2017, 08:38:04.497 [  FINER] [   FXGL.SystemLogger] [JavaFX Application Thread] sun.cpu.endian=little
12 Jan 2017, 08:38:04.497 [  FINER] [   FXGL.SystemLogger] [JavaFX Application Thread] java.vendor.url.bug=http://bugreport.sun.com/bugreport/
12 Jan 2017, 08:38:04.498 [  FINER] [   FXGL.SystemLogger] [JavaFX Application Thread] file.separator=\
12 Jan 2017, 08:38:04.499 [  FINER] [   FXGL.SystemLogger] [JavaFX Application Thread] java.vendor=Oracle Corporation
12 Jan 2017, 08:38:04.500 [  FINER] [   FXGL.SystemLogger] [JavaFX Application Thread] sun.boot.class.path=C:\Program Files\Java\jdk1.8.0_111\jre\lib\resources.jar;C:\Program Files\Java\jdk1.8.0_111\jre\lib\rt.jar;C:\Program Files\Java\jdk1.8.0_111\jre\lib\sunrsasign.jar;C:\Program Files\Java\jdk1.8.0_111\jre\lib\jsse.jar;C:\Program Files\Java\jdk1.8.0_111\jre\lib\jce.jar;C:\Program Files\Java\jdk1.8.0_111\jre\lib\charsets.jar;C:\Program Files\Java\jdk1.8.0_111\jre\lib\jfr.jar;C:\Program Files\Java\jdk1.8.0_111\jre\classes
12 Jan 2017, 08:38:04.500 [  FINER] [   FXGL.SystemLogger] [JavaFX Application Thread] java.ext.dirs=C:\Program Files\Java\jdk1.8.0_111\jre\lib\ext;C:\WINDOWS\Sun\Java\lib\ext
12 Jan 2017, 08:38:04.501 [  FINER] [   FXGL.SystemLogger] [JavaFX Application Thread] java.version=1.8.0_111
12 Jan 2017, 08:38:04.502 [  FINER] [   FXGL.SystemLogger] [JavaFX Application Thread] java.vm.info=mixed mode
12 Jan 2017, 08:38:04.503 [  FINER] [   FXGL.SystemLogger] [JavaFX Application Thread] awt.toolkit=sun.awt.windows.WToolkit
12 Jan 2017, 08:38:04.504 [  FINER] [   FXGL.SystemLogger] [JavaFX Application Thread] user.language=en
12 Jan 2017, 08:38:04.505 [  FINER] [   FXGL.SystemLogger] [JavaFX Application Thread] java.specification.vendor=Oracle Corporation
12 Jan 2017, 08:38:04.506 [  FINER] [   FXGL.SystemLogger] [JavaFX Application Thread] sun.java.command=io.github.tdselliott.ml.MotherLoad
12 Jan 2017, 08:38:04.507 [  FINER] [   FXGL.SystemLogger] [JavaFX Application Thread] java.home=C:\Program Files\Java\jdk1.8.0_111\jre
12 Jan 2017, 08:38:04.508 [  FINER] [   FXGL.SystemLogger] [JavaFX Application Thread] sun.arch.data.model=64
12 Jan 2017, 08:38:04.509 [  FINER] [   FXGL.SystemLogger] [JavaFX Application Thread] java.vm.specification.version=1.8
12 Jan 2017, 08:38:04.510 [  FINER] [   FXGL.SystemLogger] [JavaFX Application Thread] java.class.path=C:\Users\Tyler\Documents\NetBeansProjects\MotherLoad\lib\fxgl-0.2.9-uber.jar;C:\Users\Tyler\Documents\NetBeansProjects\MotherLoad\build\classes
12 Jan 2017, 08:38:04.511 [  FINER] [   FXGL.SystemLogger] [JavaFX Application Thread] user.name=Tyler
12 Jan 2017, 08:38:04.512 [  FINER] [   FXGL.SystemLogger] [JavaFX Application Thread] file.encoding=UTF-8
12 Jan 2017, 08:38:04.513 [  FINER] [   FXGL.SystemLogger] [JavaFX Application Thread] java.specification.version=1.8
12 Jan 2017, 08:38:04.514 [  FINER] [   FXGL.SystemLogger] [JavaFX Application Thread] java.awt.printerjob=sun.awt.windows.WPrinterJob
12 Jan 2017, 08:38:04.515 [  FINER] [   FXGL.SystemLogger] [JavaFX Application Thread] user.timezone=America/New_York
12 Jan 2017, 08:38:04.516 [  FINER] [   FXGL.SystemLogger] [JavaFX Application Thread] user.home=C:\Users\Tyler
12 Jan 2017, 08:38:04.517 [  FINER] [   FXGL.SystemLogger] [JavaFX Application Thread] os.version=10.0
12 Jan 2017, 08:38:04.518 [  FINER] [   FXGL.SystemLogger] [JavaFX Application Thread] sun.management.compiler=HotSpot 64-Bit Tiered Compilers
12 Jan 2017, 08:38:04.519 [  FINER] [   FXGL.SystemLogger] [JavaFX Application Thread] java.specification.name=Java Platform API Specification
12 Jan 2017, 08:38:04.519 [  FINER] [   FXGL.SystemLogger] [JavaFX Application Thread] java.class.version=52.0
12 Jan 2017, 08:38:04.520 [  FINER] [   FXGL.SystemLogger] [JavaFX Application Thread] java.library.path=C:\Program Files\Java\jdk1.8.0_111\bin;C:\WINDOWS\Sun\Java\bin;C:\WINDOWS\system32;C:\WINDOWS;C:\ProgramData\Oracle\Java\javapath;C:\Program Files (x86)\NVIDIA Corporation\PhysX\Common;C:\WINDOWS\system32;C:\WINDOWS;C:\WINDOWS\System32\Wbem;C:\WINDOWS\System32\WindowsPowerShell\v1.0\;C:\Program Files (x86)\QuickTime\QTSystem\;C:\Program Files (x86)\Calibre2\;C:\Program Files (x86)\Skype\Phone\;C:\Program Files (x86)\Extensis\Suitcase Fusion 6\;C:\Program Files (x86)\MiKTeX 2.9\miktex\bin\;C:\Program Files (x86)\Brackets\command;C:\Program Files\Java\jdk1.8.0_111\bin;C:\Users\Tyler\AppData\Local\Programs\Python\Python35-32\Scripts\;C:\Users\Tyler\AppData\Local\Programs\Python\Python35-32\;C:\Users\Tyler\AppData\Local\Microsoft\WindowsApps;.
12 Jan 2017, 08:38:04.521 [  FINER] [   FXGL.SystemLogger] [JavaFX Application Thread] sun.jnu.encoding=Cp1252
12 Jan 2017, 08:38:04.522 [  FINER] [   FXGL.SystemLogger] [JavaFX Application Thread] os.name=Windows 10
12 Jan 2017, 08:38:04.522 [  FINER] [   FXGL.SystemLogger] [JavaFX Application Thread] user.variant=
12 Jan 2017, 08:38:04.523 [  FINER] [   FXGL.SystemLogger] [JavaFX Application Thread] java.vm.specification.vendor=Oracle Corporation
12 Jan 2017, 08:38:04.524 [  FINER] [   FXGL.SystemLogger] [JavaFX Application Thread] java.io.tmpdir=C:\Users\Tyler\AppData\Local\Temp\
12 Jan 2017, 08:38:04.525 [  FINER] [   FXGL.SystemLogger] [JavaFX Application Thread] line.separator=

12 Jan 2017, 08:38:04.525 [  FINER] [   FXGL.SystemLogger] [JavaFX Application Thread] java.endorsed.dirs=C:\Program Files\Java\jdk1.8.0_111\jre\lib\endorsed
12 Jan 2017, 08:38:04.526 [  FINER] [   FXGL.SystemLogger] [JavaFX Application Thread] os.arch=amd64
12 Jan 2017, 08:38:04.527 [  FINER] [   FXGL.SystemLogger] [JavaFX Application Thread] javafx.runtime.version=8.0.111-b14
12 Jan 2017, 08:38:04.528 [  FINER] [   FXGL.SystemLogger] [JavaFX Application Thread] java.awt.graphicsenv=sun.awt.Win32GraphicsEnvironment
12 Jan 2017, 08:38:04.529 [  FINER] [   FXGL.SystemLogger] [JavaFX Application Thread] java.runtime.version=1.8.0_111-b14
12 Jan 2017, 08:38:04.529 [  FINER] [   FXGL.SystemLogger] [JavaFX Application Thread] java.vm.specification.name=Java Virtual Machine Specification
12 Jan 2017, 08:38:04.530 [  FINER] [   FXGL.SystemLogger] [JavaFX Application Thread] user.dir=C:\Users\Tyler\Documents\NetBeansProjects\MotherLoad
12 Jan 2017, 08:38:04.530 [  FINER] [   FXGL.SystemLogger] [JavaFX Application Thread] user.country=GB
12 Jan 2017, 08:38:04.531 [  FINER] [   FXGL.SystemLogger] [JavaFX Application Thread] user.script=
12 Jan 2017, 08:38:04.531 [  FINER] [   FXGL.SystemLogger] [JavaFX Application Thread] sun.java.launcher=SUN_STANDARD
12 Jan 2017, 08:38:04.532 [  FINER] [   FXGL.SystemLogger] [JavaFX Application Thread] sun.os.patch.level=
12 Jan 2017, 08:38:04.533 [  FINER] [   FXGL.SystemLogger] [JavaFX Application Thread] java.vm.name=Java HotSpot(TM) 64-Bit Server VM
12 Jan 2017, 08:38:04.533 [  FINER] [   FXGL.SystemLogger] [JavaFX Application Thread] file.encoding.pkg=sun.io
12 Jan 2017, 08:38:04.534 [  FINER] [   FXGL.SystemLogger] [JavaFX Application Thread] path.separator=;
12 Jan 2017, 08:38:04.534 [  FINER] [   FXGL.SystemLogger] [JavaFX Application Thread] java.vm.vendor=Oracle Corporation
12 Jan 2017, 08:38:04.535 [  FINER] [   FXGL.SystemLogger] [JavaFX Application Thread] java.vendor.url=http://java.oracle.com/
12 Jan 2017, 08:38:04.535 [  FINER] [   FXGL.SystemLogger] [JavaFX Application Thread] sun.boot.library.path=C:\Program Files\Java\jdk1.8.0_111\jre\bin
12 Jan 2017, 08:38:04.536 [  FINER] [   FXGL.SystemLogger] [JavaFX Application Thread] java.vm.version=25.111-b14
12 Jan 2017, 08:38:04.537 [  FINER] [   FXGL.SystemLogger] [JavaFX Application Thread] java.runtime.name=Java(TM) SE Runtime Environment
12 Jan 2017, 08:38:04.538 [  FINER] [   FXGL.SystemLogger] [JavaFX Application Thread] javafx.version=8.0.111
12 Jan 2017, 08:38:04.551 [   INFO] [   FXGL.SystemLogger] [JavaFX Application Thread] FXGL-0.2.9
12 Jan 2017, 08:38:04.553 [   INFO] [   FXGL.SystemLogger] [JavaFX Application Thread] Source code and latest versions at: https://github.com/AlmasB/FXGL
12 Jan 2017, 08:38:04.559 [   INFO] [   FXGL.SystemLogger] [JavaFX Application Thread]              Join the FXGL chat at: https://gitter.im/AlmasB/FXGL
12 Jan 2017, 08:38:04.575 [  FINER] [   FXGL.SystemLogger] [JavaFX Application Thread] Starting JavaFX
12 Jan 2017, 08:38:04.578 [  FINER] [   FXGL.SystemLogger] [          JavaFX-Launcher] Initializing FXGL
12 Jan 2017, 08:38:04.733 [  FINER] [   FXGL.SystemLogger] [JavaFX Application Thread] Starting FXGL
12 Jan 2017, 08:38:07.375 [  FINER] [   FXGL.SystemLogger] [     FXGL Launcher Thread] Configuring FXGL
12 Jan 2017, 08:38:07.376 [  FINER] [   FXGL.SystemLogger] [     FXGL Launcher Thread] Initializing system properties
12 Jan 2017, 08:38:07.615 [  FINER] [   FXGL.SystemLogger] [     FXGL Launcher Thread] sound.notification = system/notification.wav
12 Jan 2017, 08:38:07.616 [  FINER] [   FXGL.SystemLogger] [     FXGL Launcher Thread] url.storage = https://raw.githubusercontent.com/AlmasB/git-server/master/storage/
12 Jan 2017, 08:38:07.616 [  FINER] [   FXGL.SystemLogger] [     FXGL Launcher Thread] asset.cache.size = 35
12 Jan 2017, 08:38:07.617 [  FINER] [   FXGL.SystemLogger] [     FXGL Launcher Thread] fs.profiledir = profiles/
12 Jan 2017, 08:38:07.617 [  FINER] [   FXGL.SystemLogger] [     FXGL Launcher Thread] url.pom = https://raw.githubusercontent.com/AlmasB/FXGL/master/pom.xml
12 Jan 2017, 08:38:07.618 [  FINER] [   FXGL.SystemLogger] [     FXGL Launcher Thread] dev.showbbox = false
12 Jan 2017, 08:38:07.619 [  FINER] [   FXGL.SystemLogger] [     FXGL Launcher Thread] fs.datafile.ext = .dat
12 Jan 2017, 08:38:07.619 [  FINER] [   FXGL.SystemLogger] [     FXGL Launcher Thread] sound.menu.back = menu/back.wav
12 Jan 2017, 08:38:07.621 [  FINER] [   FXGL.SystemLogger] [     FXGL Launcher Thread] sound.menu.select = menu/select.wav
12 Jan 2017, 08:38:07.622 [  FINER] [   FXGL.SystemLogger] [     FXGL Launcher Thread] url.github = https://github.com/AlmasB/FXGL
12 Jan 2017, 08:38:07.623 [  FINER] [   FXGL.SystemLogger] [     FXGL Launcher Thread] url.surveymonkey = https://www.surveymonkey.co.uk/r/BH6LLPM
12 Jan 2017, 08:38:07.624 [  FINER] [   FXGL.SystemLogger] [     FXGL Launcher Thread] physics.ppm = 50.0
12 Jan 2017, 08:38:07.625 [  FINER] [   FXGL.SystemLogger] [     FXGL Launcher Thread] ui.css = fxgl.css
12 Jan 2017, 08:38:07.626 [  FINER] [   FXGL.SystemLogger] [     FXGL Launcher Thread] version.check.days = 7
12 Jan 2017, 08:38:07.626 [  FINER] [   FXGL.SystemLogger] [     FXGL Launcher Thread] fs.savefile.ext = .sav
12 Jan 2017, 08:38:07.627 [  FINER] [   FXGL.SystemLogger] [     FXGL Launcher Thread] pooling.initialSize = 128
12 Jan 2017, 08:38:07.628 [  FINER] [   FXGL.SystemLogger] [     FXGL Launcher Thread] ui.font = Copperplate_Gothic_Light_Regular.ttf
12 Jan 2017, 08:38:07.629 [  FINER] [   FXGL.SystemLogger] [     FXGL Launcher Thread] fs.savedir = saves/
12 Jan 2017, 08:38:07.629 [  FINER] [   FXGL.SystemLogger] [     FXGL Launcher Thread] fs.profilename = user.profile
12 Jan 2017, 08:38:07.630 [  FINER] [   FXGL.SystemLogger] [     FXGL Launcher Thread] ui.icon.name = fxgl_icon.png
12 Jan 2017, 08:38:07.631 [  FINER] [   FXGL.SystemLogger] [     FXGL Launcher Thread] url.googleforms = https://goo.gl/forms/6wrMnOBxTE1fEpOy2
12 Jan 2017, 08:38:07.631 [  FINER] [   FXGL.SystemLogger] [     FXGL Launcher Thread] sound.menu.press = menu/press.wav
12 Jan 2017, 08:38:07.632 [  FINER] [   FXGL.SystemLogger] [     FXGL Launcher Thread] Initializing user properties
12 Jan 2017, 08:38:07.633 [   INFO] [   FXGL.SystemLogger] [     FXGL Launcher Thread] User properties not found. Using system
12 Jan 2017, 08:38:07.634 [  FINER] [   FXGL.SystemLogger] [     FXGL Launcher Thread] Initializing app settings
12 Jan 2017, 08:38:07.810 [  FINER] [   FXGL.SystemLogger] [     FXGL Launcher Thread] Logging settings
Title: Untitled
Version: 0.0
Width: 800
Height: 600
Fullscreen: false
Intro: true
Menus: true
Profiling: true
App Mode: DEVELOPER
Menu Style: FXGL_DEFAULT
Menu Key: ESCAPE
Services: []
12 Jan 2017, 08:38:12.986 [  FINER] [   FXGL.SystemLogger] [     FXGL Launcher Thread] FXGL configuration complete
12 Jan 2017, 08:38:12.987 [   INFO] [   FXGL.SystemLogger] [     FXGL Launcher Thread] FXGL configuration took:  5.611 sec
12 Jan 2017, 08:38:12.992 [  FINER] [   FXGL.SystemLogger] [JavaFX Application Thread] Running task: UpdaterTask
12 Jan 2017, 08:38:39.236 [  FINER] [   FXGL.SystemLogger] [     FXGL Launcher Thread] Running task: PreInitTask
12 Jan 2017, 08:38:40.200 [  FINER] [   FXGL.SystemLogger] [     FXGL Launcher Thread] Running task: InitScenesTask
12 Jan 2017, 08:38:43.163 [  FINER] [   FXGL.SystemLogger] [     FXGL Launcher Thread] Running task: InitEventHandlersTask
12 Jan 2017, 08:38:44.667 [  FINER] [   FXGL.SystemLogger] [     FXGL Launcher Thread] Running task: InitProfilerTask
12 Jan 2017, 08:38:44.853 [   INFO] [   FXGL.SystemLogger] [     FXGL Launcher Thread] Game configuration took:  5.618 sec
12 Jan 2017, 08:40:24.584 [  FINER] [   FXGL.SystemLogger] [JavaFX Application Thread] Pausing main loop
12 Jan 2017, 08:40:24.588 [  FINER] [   FXGL.SystemLogger] [JavaFX Application Thread] Resetting FXGL application
12 Jan 2017, 08:40:24.973 [   INFO] [   FXGL.SystemLogger] [ FXGL Background Thread 2] Game initialization took: 0.034 sec
12 Jan 2017, 08:40:24.999 [  FINER] [   FXGL.SystemLogger] [JavaFX Application Thread] Resuming main loop
12 Jan 2017, 08:40:28.170 [  FINER] [   FXGL.SystemLogger] [JavaFX Application Thread] Pausing main loop
12 Jan 2017, 08:40:29.510 [  FINER] [   FXGL.SystemLogger] [JavaFX Application Thread] Resuming main loop
12 Jan 2017, 08:40:29.512 [  FINER] [   FXGL.SystemLogger] [JavaFX Application Thread] Exiting Normally
12 Jan 2017, 08:40:29.543 [   INFO] [   FXGL.SystemLogger] [JavaFX Application Thread] Processed Frames: 173
12 Jan 2017, 08:40:29.545 [   INFO] [   FXGL.SystemLogger] [JavaFX Application Thread] Average FPS: 43
12 Jan 2017, 08:40:29.546 [   INFO] [   FXGL.SystemLogger] [JavaFX Application Thread] Avg Performance: 3153
12 Jan 2017, 08:40:29.547 [   INFO] [   FXGL.SystemLogger] [JavaFX Application Thread] Avg Memory Usage: 23 MB
12 Jan 2017, 08:40:29.549 [   INFO] [   FXGL.SystemLogger] [JavaFX Application Thread] Min Memory Usage: 21 MB
12 Jan 2017, 08:40:29.549 [   INFO] [   FXGL.SystemLogger] [JavaFX Application Thread] Max Memory Usage: 25 MB
12 Jan 2017, 08:40:29.550 [   INFO] [   FXGL.SystemLogger] [JavaFX Application Thread] Estimated GC runs: 0
12 Jan 2017, 08:40:29.598 [  FINER] [   FXGL.SystemLogger] [JavaFX Application Thread] Exiting FXGL
12 Jan 2017, 08:40:29.599 [  FINER] [   FXGL.SystemLogger] [JavaFX Application Thread] Logger is closing
