18 Jan 2017, 22:35:26.325 [   INFO] [   FXGL.SystemLogger] [JavaFX Application Thread] System Logger is initialized
18 Jan 2017, 22:35:26.613 [  FINER] [   FXGL.SystemLogger] [JavaFX Application Thread] Logging System Info
18 Jan 2017, 22:35:26.621 [  FINER] [   FXGL.SystemLogger] [JavaFX Application Thread] CPU cores: 4
18 Jan 2017, 22:35:26.634 [  FINER] [   FXGL.SystemLogger] [JavaFX Application Thread] Free Memory: 48MB
18 Jan 2017, 22:35:26.635 [  FINER] [   FXGL.SystemLogger] [JavaFX Application Thread] Max Memory: 866MB
18 Jan 2017, 22:35:26.640 [  FINER] [   FXGL.SystemLogger] [JavaFX Application Thread] Total Memory: 60MB
18 Jan 2017, 22:35:26.641 [  FINER] [   FXGL.SystemLogger] [JavaFX Application Thread] System Properties:
18 Jan 2017, 22:35:26.647 [  FINER] [   FXGL.SystemLogger] [JavaFX Application Thread] sun.cpu.isalist=amd64
18 Jan 2017, 22:35:26.648 [  FINER] [   FXGL.SystemLogger] [JavaFX Application Thread] sun.desktop=windows
18 Jan 2017, 22:35:26.649 [  FINER] [   FXGL.SystemLogger] [JavaFX Application Thread] sun.io.unicode.encoding=UnicodeLittle
18 Jan 2017, 22:35:26.652 [  FINER] [   FXGL.SystemLogger] [JavaFX Application Thread] sun.cpu.endian=little
18 Jan 2017, 22:35:26.653 [  FINER] [   FXGL.SystemLogger] [JavaFX Application Thread] java.vendor.url.bug=http://bugreport.sun.com/bugreport/
18 Jan 2017, 22:35:26.654 [  FINER] [   FXGL.SystemLogger] [JavaFX Application Thread] file.separator=\
18 Jan 2017, 22:35:26.656 [  FINER] [   FXGL.SystemLogger] [JavaFX Application Thread] java.vendor=Oracle Corporation
18 Jan 2017, 22:35:26.657 [  FINER] [   FXGL.SystemLogger] [JavaFX Application Thread] sun.boot.class.path=C:\Program Files\Java\jdk1.8.0_111\jre\lib\resources.jar;C:\Program Files\Java\jdk1.8.0_111\jre\lib\rt.jar;C:\Program Files\Java\jdk1.8.0_111\jre\lib\sunrsasign.jar;C:\Program Files\Java\jdk1.8.0_111\jre\lib\jsse.jar;C:\Program Files\Java\jdk1.8.0_111\jre\lib\jce.jar;C:\Program Files\Java\jdk1.8.0_111\jre\lib\charsets.jar;C:\Program Files\Java\jdk1.8.0_111\jre\lib\jfr.jar;C:\Program Files\Java\jdk1.8.0_111\jre\classes
18 Jan 2017, 22:35:26.659 [  FINER] [   FXGL.SystemLogger] [JavaFX Application Thread] java.ext.dirs=C:\Program Files\Java\jdk1.8.0_111\jre\lib\ext;C:\WINDOWS\Sun\Java\lib\ext
18 Jan 2017, 22:35:26.660 [  FINER] [   FXGL.SystemLogger] [JavaFX Application Thread] java.version=1.8.0_111
18 Jan 2017, 22:35:26.661 [  FINER] [   FXGL.SystemLogger] [JavaFX Application Thread] java.vm.info=mixed mode
18 Jan 2017, 22:35:26.663 [  FINER] [   FXGL.SystemLogger] [JavaFX Application Thread] awt.toolkit=sun.awt.windows.WToolkit
18 Jan 2017, 22:35:26.664 [  FINER] [   FXGL.SystemLogger] [JavaFX Application Thread] user.language=en
18 Jan 2017, 22:35:26.666 [  FINER] [   FXGL.SystemLogger] [JavaFX Application Thread] java.specification.vendor=Oracle Corporation
18 Jan 2017, 22:35:26.667 [  FINER] [   FXGL.SystemLogger] [JavaFX Application Thread] sun.java.command=io.github.tdselliott.ml.MotherLoadApp
18 Jan 2017, 22:35:26.667 [  FINER] [   FXGL.SystemLogger] [JavaFX Application Thread] java.home=C:\Program Files\Java\jdk1.8.0_111\jre
18 Jan 2017, 22:35:26.668 [  FINER] [   FXGL.SystemLogger] [JavaFX Application Thread] sun.arch.data.model=64
18 Jan 2017, 22:35:26.669 [  FINER] [   FXGL.SystemLogger] [JavaFX Application Thread] java.vm.specification.version=1.8
18 Jan 2017, 22:35:26.670 [  FINER] [   FXGL.SystemLogger] [JavaFX Application Thread] java.class.path=C:\Users\Tyler\Documents\NetBeansProjects\MotherLoad\MotherLoad\lib\fxgl-0.2.9-uber.jar;C:\Users\Tyler\Documents\NetBeansProjects\MotherLoad\MotherLoad\build\classes
18 Jan 2017, 22:35:26.671 [  FINER] [   FXGL.SystemLogger] [JavaFX Application Thread] user.name=Tyler
18 Jan 2017, 22:35:26.672 [  FINER] [   FXGL.SystemLogger] [JavaFX Application Thread] file.encoding=UTF-8
18 Jan 2017, 22:35:26.673 [  FINER] [   FXGL.SystemLogger] [JavaFX Application Thread] java.specification.version=1.8
18 Jan 2017, 22:35:26.677 [  FINER] [   FXGL.SystemLogger] [JavaFX Application Thread] java.awt.printerjob=sun.awt.windows.WPrinterJob
18 Jan 2017, 22:35:26.678 [  FINER] [   FXGL.SystemLogger] [JavaFX Application Thread] user.timezone=America/New_York
18 Jan 2017, 22:35:26.679 [  FINER] [   FXGL.SystemLogger] [JavaFX Application Thread] user.home=C:\Users\Tyler
18 Jan 2017, 22:35:26.680 [  FINER] [   FXGL.SystemLogger] [JavaFX Application Thread] os.version=10.0
18 Jan 2017, 22:35:26.681 [  FINER] [   FXGL.SystemLogger] [JavaFX Application Thread] sun.management.compiler=HotSpot 64-Bit Tiered Compilers
18 Jan 2017, 22:35:26.682 [  FINER] [   FXGL.SystemLogger] [JavaFX Application Thread] java.specification.name=Java Platform API Specification
18 Jan 2017, 22:35:26.684 [  FINER] [   FXGL.SystemLogger] [JavaFX Application Thread] java.class.version=52.0
18 Jan 2017, 22:35:26.685 [  FINER] [   FXGL.SystemLogger] [JavaFX Application Thread] java.library.path=C:\Program Files\Java\jdk1.8.0_111\bin;C:\WINDOWS\Sun\Java\bin;C:\WINDOWS\system32;C:\WINDOWS;C:\ProgramData\Oracle\Java\javapath;C:\Program Files (x86)\NVIDIA Corporation\PhysX\Common;C:\WINDOWS\system32;C:\WINDOWS;C:\WINDOWS\System32\Wbem;C:\WINDOWS\System32\WindowsPowerShell\v1.0\;C:\Program Files (x86)\QuickTime\QTSystem\;C:\Program Files (x86)\Calibre2\;C:\Program Files (x86)\Skype\Phone\;C:\Program Files (x86)\Extensis\Suitcase Fusion 6\;C:\Program Files (x86)\MiKTeX 2.9\miktex\bin\;C:\Program Files (x86)\Brackets\command;C:\Program Files\Java\jdk1.8.0_111\bin;C:\Users\Tyler\AppData\Local\Programs\Python\Python35-32\Scripts\;C:\Users\Tyler\AppData\Local\Programs\Python\Python35-32\;C:\Users\Tyler\AppData\Local\Microsoft\WindowsApps;.
18 Jan 2017, 22:35:26.687 [  FINER] [   FXGL.SystemLogger] [JavaFX Application Thread] sun.jnu.encoding=Cp1252
18 Jan 2017, 22:35:26.688 [  FINER] [   FXGL.SystemLogger] [JavaFX Application Thread] os.name=Windows 10
18 Jan 2017, 22:35:26.689 [  FINER] [   FXGL.SystemLogger] [JavaFX Application Thread] user.variant=
18 Jan 2017, 22:35:26.690 [  FINER] [   FXGL.SystemLogger] [JavaFX Application Thread] java.vm.specification.vendor=Oracle Corporation
18 Jan 2017, 22:35:26.692 [  FINER] [   FXGL.SystemLogger] [JavaFX Application Thread] java.io.tmpdir=C:\Users\Tyler\AppData\Local\Temp\
18 Jan 2017, 22:35:26.693 [  FINER] [   FXGL.SystemLogger] [JavaFX Application Thread] line.separator=

18 Jan 2017, 22:35:26.694 [  FINER] [   FXGL.SystemLogger] [JavaFX Application Thread] java.endorsed.dirs=C:\Program Files\Java\jdk1.8.0_111\jre\lib\endorsed
18 Jan 2017, 22:35:26.695 [  FINER] [   FXGL.SystemLogger] [JavaFX Application Thread] os.arch=amd64
18 Jan 2017, 22:35:26.696 [  FINER] [   FXGL.SystemLogger] [JavaFX Application Thread] javafx.runtime.version=8.0.111-b14
18 Jan 2017, 22:35:26.697 [  FINER] [   FXGL.SystemLogger] [JavaFX Application Thread] java.awt.graphicsenv=sun.awt.Win32GraphicsEnvironment
18 Jan 2017, 22:35:26.698 [  FINER] [   FXGL.SystemLogger] [JavaFX Application Thread] java.runtime.version=1.8.0_111-b14
18 Jan 2017, 22:35:26.699 [  FINER] [   FXGL.SystemLogger] [JavaFX Application Thread] java.vm.specification.name=Java Virtual Machine Specification
18 Jan 2017, 22:35:26.701 [  FINER] [   FXGL.SystemLogger] [JavaFX Application Thread] user.dir=C:\Users\Tyler\Documents\NetBeansProjects\MotherLoad\MotherLoad
18 Jan 2017, 22:35:26.702 [  FINER] [   FXGL.SystemLogger] [JavaFX Application Thread] user.country=GB
18 Jan 2017, 22:35:26.704 [  FINER] [   FXGL.SystemLogger] [JavaFX Application Thread] user.script=
18 Jan 2017, 22:35:26.705 [  FINER] [   FXGL.SystemLogger] [JavaFX Application Thread] sun.java.launcher=SUN_STANDARD
18 Jan 2017, 22:35:26.706 [  FINER] [   FXGL.SystemLogger] [JavaFX Application Thread] sun.os.patch.level=
18 Jan 2017, 22:35:26.707 [  FINER] [   FXGL.SystemLogger] [JavaFX Application Thread] java.vm.name=Java HotSpot(TM) 64-Bit Server VM
18 Jan 2017, 22:35:26.708 [  FINER] [   FXGL.SystemLogger] [JavaFX Application Thread] file.encoding.pkg=sun.io
18 Jan 2017, 22:35:26.709 [  FINER] [   FXGL.SystemLogger] [JavaFX Application Thread] path.separator=;
18 Jan 2017, 22:35:26.709 [  FINER] [   FXGL.SystemLogger] [JavaFX Application Thread] java.vm.vendor=Oracle Corporation
18 Jan 2017, 22:35:26.710 [  FINER] [   FXGL.SystemLogger] [JavaFX Application Thread] java.vendor.url=http://java.oracle.com/
18 Jan 2017, 22:35:26.711 [  FINER] [   FXGL.SystemLogger] [JavaFX Application Thread] sun.boot.library.path=C:\Program Files\Java\jdk1.8.0_111\jre\bin
18 Jan 2017, 22:35:26.712 [  FINER] [   FXGL.SystemLogger] [JavaFX Application Thread] java.vm.version=25.111-b14
18 Jan 2017, 22:35:26.713 [  FINER] [   FXGL.SystemLogger] [JavaFX Application Thread] java.runtime.name=Java(TM) SE Runtime Environment
18 Jan 2017, 22:35:26.716 [  FINER] [   FXGL.SystemLogger] [JavaFX Application Thread] javafx.version=8.0.111
18 Jan 2017, 22:35:26.735 [   INFO] [   FXGL.SystemLogger] [JavaFX Application Thread] FXGL-0.2.9
18 Jan 2017, 22:35:26.738 [   INFO] [   FXGL.SystemLogger] [JavaFX Application Thread] Source code and latest versions at: https://github.com/AlmasB/FXGL
18 Jan 2017, 22:35:26.739 [   INFO] [   FXGL.SystemLogger] [JavaFX Application Thread]              Join the FXGL chat at: https://gitter.im/AlmasB/FXGL
18 Jan 2017, 22:35:31.122 [  FINER] [   FXGL.SystemLogger] [JavaFX Application Thread] Starting JavaFX
18 Jan 2017, 22:35:31.126 [  FINER] [   FXGL.SystemLogger] [          JavaFX-Launcher] Initializing FXGL
18 Jan 2017, 22:35:31.282 [  FINER] [   FXGL.SystemLogger] [JavaFX Application Thread] Starting FXGL
18 Jan 2017, 22:35:32.811 [  FINER] [   FXGL.SystemLogger] [     FXGL Launcher Thread] Configuring FXGL
18 Jan 2017, 22:35:32.812 [  FINER] [   FXGL.SystemLogger] [     FXGL Launcher Thread] Initializing system properties
18 Jan 2017, 22:35:32.938 [  FINER] [   FXGL.SystemLogger] [     FXGL Launcher Thread] sound.notification = system/notification.wav
18 Jan 2017, 22:35:32.939 [  FINER] [   FXGL.SystemLogger] [     FXGL Launcher Thread] url.storage = https://raw.githubusercontent.com/AlmasB/git-server/master/storage/
18 Jan 2017, 22:35:32.940 [  FINER] [   FXGL.SystemLogger] [     FXGL Launcher Thread] asset.cache.size = 35
18 Jan 2017, 22:35:32.940 [  FINER] [   FXGL.SystemLogger] [     FXGL Launcher Thread] fs.profiledir = profiles/
18 Jan 2017, 22:35:32.942 [  FINER] [   FXGL.SystemLogger] [     FXGL Launcher Thread] url.pom = https://raw.githubusercontent.com/AlmasB/FXGL/master/pom.xml
18 Jan 2017, 22:35:32.943 [  FINER] [   FXGL.SystemLogger] [     FXGL Launcher Thread] dev.showbbox = false
18 Jan 2017, 22:35:32.945 [  FINER] [   FXGL.SystemLogger] [     FXGL Launcher Thread] fs.datafile.ext = .dat
18 Jan 2017, 22:35:32.946 [  FINER] [   FXGL.SystemLogger] [     FXGL Launcher Thread] sound.menu.back = menu/back.wav
18 Jan 2017, 22:35:32.947 [  FINER] [   FXGL.SystemLogger] [     FXGL Launcher Thread] sound.menu.select = menu/select.wav
18 Jan 2017, 22:35:32.948 [  FINER] [   FXGL.SystemLogger] [     FXGL Launcher Thread] url.github = https://github.com/AlmasB/FXGL
18 Jan 2017, 22:35:32.953 [  FINER] [   FXGL.SystemLogger] [     FXGL Launcher Thread] url.surveymonkey = https://www.surveymonkey.co.uk/r/BH6LLPM
18 Jan 2017, 22:35:32.954 [  FINER] [   FXGL.SystemLogger] [     FXGL Launcher Thread] physics.ppm = 50.0
18 Jan 2017, 22:35:32.957 [  FINER] [   FXGL.SystemLogger] [     FXGL Launcher Thread] ui.css = fxgl.css
18 Jan 2017, 22:35:32.959 [  FINER] [   FXGL.SystemLogger] [     FXGL Launcher Thread] version.check.days = 7
18 Jan 2017, 22:35:32.960 [  FINER] [   FXGL.SystemLogger] [     FXGL Launcher Thread] fs.savefile.ext = .sav
18 Jan 2017, 22:35:32.961 [  FINER] [   FXGL.SystemLogger] [     FXGL Launcher Thread] pooling.initialSize = 128
18 Jan 2017, 22:35:32.962 [  FINER] [   FXGL.SystemLogger] [     FXGL Launcher Thread] ui.font = Copperplate_Gothic_Light_Regular.ttf
18 Jan 2017, 22:35:32.963 [  FINER] [   FXGL.SystemLogger] [     FXGL Launcher Thread] fs.savedir = saves/
18 Jan 2017, 22:35:32.963 [  FINER] [   FXGL.SystemLogger] [     FXGL Launcher Thread] fs.profilename = user.profile
18 Jan 2017, 22:35:32.964 [  FINER] [   FXGL.SystemLogger] [     FXGL Launcher Thread] ui.icon.name = fxgl_icon.png
18 Jan 2017, 22:35:32.965 [  FINER] [   FXGL.SystemLogger] [     FXGL Launcher Thread] url.googleforms = https://goo.gl/forms/6wrMnOBxTE1fEpOy2
18 Jan 2017, 22:35:32.966 [  FINER] [   FXGL.SystemLogger] [     FXGL Launcher Thread] sound.menu.press = menu/press.wav
18 Jan 2017, 22:35:32.967 [  FINER] [   FXGL.SystemLogger] [     FXGL Launcher Thread] Initializing user properties
18 Jan 2017, 22:35:32.968 [   INFO] [   FXGL.SystemLogger] [     FXGL Launcher Thread] User properties not found. Using system
18 Jan 2017, 22:35:32.971 [  FINER] [   FXGL.SystemLogger] [     FXGL Launcher Thread] Initializing app settings
18 Jan 2017, 22:35:33.064 [  FINER] [   FXGL.SystemLogger] [     FXGL Launcher Thread] Logging settings
Title: MotherLoad
Version: 0.5 [BETA]
Width: 800
Height: 700
Fullscreen: false
Intro: false
Menus: true
Profiling: true
App Mode: DEVELOPER
Menu Style: FXGL_DEFAULT
Menu Key: ESCAPE
Services: []
18 Jan 2017, 22:35:36.095 [  FINER] [   FXGL.SystemLogger] [     FXGL Launcher Thread] FXGL configuration complete
18 Jan 2017, 22:35:36.096 [   INFO] [   FXGL.SystemLogger] [     FXGL Launcher Thread] FXGL configuration took:  3.284 sec
18 Jan 2017, 22:35:36.099 [  FINER] [   FXGL.SystemLogger] [JavaFX Application Thread] Running task: UpdaterTask
18 Jan 2017, 22:35:36.114 [  FINER] [   FXGL.SystemLogger] [     FXGL Launcher Thread] Running task: PreInitTask
18 Jan 2017, 22:35:36.464 [  FINER] [   FXGL.SystemLogger] [     FXGL Launcher Thread] Running task: InitScenesTask
18 Jan 2017, 22:35:37.842 [  FINER] [   FXGL.SystemLogger] [     FXGL Launcher Thread] Running task: InitEventHandlersTask
18 Jan 2017, 22:35:38.339 [  FINER] [   FXGL.SystemLogger] [     FXGL Launcher Thread] Running task: InitProfilerTask
18 Jan 2017, 22:35:38.613 [   INFO] [   FXGL.SystemLogger] [     FXGL Launcher Thread] Game configuration took:  2.500 sec
18 Jan 2017, 22:35:55.589 [  FINER] [   FXGL.SystemLogger] [JavaFX Application Thread] Pausing main loop
18 Jan 2017, 22:35:55.593 [  FINER] [   FXGL.SystemLogger] [JavaFX Application Thread] Resetting FXGL application
18 Jan 2017, 22:35:56.616 [   INFO] [   FXGL.SystemLogger] [ FXGL Background Thread 1] Game initialization took: 0.167 sec
18 Jan 2017, 22:35:56.618 [  FINER] [   FXGL.SystemLogger] [JavaFX Application Thread] Resuming main loop
18 Jan 2017, 22:36:12.732 [  FINER] [   FXGL.SystemLogger] [JavaFX Application Thread] Pausing main loop
18 Jan 2017, 22:36:13.634 [  FINER] [   FXGL.SystemLogger] [JavaFX Application Thread] Resuming main loop
18 Jan 2017, 22:36:14.818 [  FINER] [   FXGL.SystemLogger] [JavaFX Application Thread] Pausing main loop
18 Jan 2017, 22:36:16.738 [  FINER] [   FXGL.SystemLogger] [JavaFX Application Thread] Resuming main loop
18 Jan 2017, 22:38:20.892 [  FINER] [   FXGL.SystemLogger] [JavaFX Application Thread] Exiting Normally
18 Jan 2017, 22:38:20.902 [   INFO] [   FXGL.SystemLogger] [JavaFX Application Thread] Processed Frames: 8325
18 Jan 2017, 22:38:20.903 [   INFO] [   FXGL.SystemLogger] [JavaFX Application Thread] Average FPS: 63
18 Jan 2017, 22:38:20.904 [   INFO] [   FXGL.SystemLogger] [JavaFX Application Thread] Avg Performance: 2413
18 Jan 2017, 22:38:20.906 [   INFO] [   FXGL.SystemLogger] [JavaFX Application Thread] Avg Memory Usage: 551 MB
18 Jan 2017, 22:38:20.906 [   INFO] [   FXGL.SystemLogger] [JavaFX Application Thread] Min Memory Usage: 496 MB
18 Jan 2017, 22:38:20.907 [   INFO] [   FXGL.SystemLogger] [JavaFX Application Thread] Max Memory Usage: 614 MB
18 Jan 2017, 22:38:20.908 [   INFO] [   FXGL.SystemLogger] [JavaFX Application Thread] Estimated GC runs: 2
18 Jan 2017, 22:38:20.949 [  FINER] [   FXGL.SystemLogger] [JavaFX Application Thread] Exiting FXGL
18 Jan 2017, 22:38:20.949 [  FINER] [   FXGL.SystemLogger] [JavaFX Application Thread] Logger is closing
