17 Jan 2017, 16:37:56.937 [   INFO] [   FXGL.SystemLogger] [JavaFX Application Thread] System Logger is initialized
17 Jan 2017, 16:37:56.950 [  FINER] [   FXGL.SystemLogger] [JavaFX Application Thread] Logging System Info
17 Jan 2017, 16:37:56.951 [  FINER] [   FXGL.SystemLogger] [JavaFX Application Thread] CPU cores: 4
17 Jan 2017, 16:37:56.953 [  FINER] [   FXGL.SystemLogger] [JavaFX Application Thread] Free Memory: 231MB
17 Jan 2017, 16:37:56.954 [  FINER] [   FXGL.SystemLogger] [JavaFX Application Thread] Max Memory: 3620MB
17 Jan 2017, 16:37:56.954 [  FINER] [   FXGL.SystemLogger] [JavaFX Application Thread] Total Memory: 246MB
17 Jan 2017, 16:37:56.956 [  FINER] [   FXGL.SystemLogger] [JavaFX Application Thread] System Properties:
17 Jan 2017, 16:37:56.956 [  FINER] [   FXGL.SystemLogger] [JavaFX Application Thread] sun.cpu.isalist=amd64
17 Jan 2017, 16:37:56.957 [  FINER] [   FXGL.SystemLogger] [JavaFX Application Thread] sun.desktop=windows
17 Jan 2017, 16:37:56.957 [  FINER] [   FXGL.SystemLogger] [JavaFX Application Thread] sun.io.unicode.encoding=UnicodeLittle
17 Jan 2017, 16:37:56.957 [  FINER] [   FXGL.SystemLogger] [JavaFX Application Thread] sun.cpu.endian=little
17 Jan 2017, 16:37:56.957 [  FINER] [   FXGL.SystemLogger] [JavaFX Application Thread] java.vendor.url.bug=http://bugreport.sun.com/bugreport/
17 Jan 2017, 16:37:56.958 [  FINER] [   FXGL.SystemLogger] [JavaFX Application Thread] file.separator=\
17 Jan 2017, 16:37:56.958 [  FINER] [   FXGL.SystemLogger] [JavaFX Application Thread] java.vendor=Oracle Corporation
17 Jan 2017, 16:37:56.958 [  FINER] [   FXGL.SystemLogger] [JavaFX Application Thread] sun.boot.class.path=C:\Program Files\Java\jdk1.8.0_111\jre\lib\resources.jar;C:\Program Files\Java\jdk1.8.0_111\jre\lib\rt.jar;C:\Program Files\Java\jdk1.8.0_111\jre\lib\sunrsasign.jar;C:\Program Files\Java\jdk1.8.0_111\jre\lib\jsse.jar;C:\Program Files\Java\jdk1.8.0_111\jre\lib\jce.jar;C:\Program Files\Java\jdk1.8.0_111\jre\lib\charsets.jar;C:\Program Files\Java\jdk1.8.0_111\jre\lib\jfr.jar;C:\Program Files\Java\jdk1.8.0_111\jre\classes
17 Jan 2017, 16:37:56.959 [  FINER] [   FXGL.SystemLogger] [JavaFX Application Thread] java.ext.dirs=C:\Program Files\Java\jdk1.8.0_111\jre\lib\ext;C:\WINDOWS\Sun\Java\lib\ext
17 Jan 2017, 16:37:56.959 [  FINER] [   FXGL.SystemLogger] [JavaFX Application Thread] java.version=1.8.0_111
17 Jan 2017, 16:37:56.959 [  FINER] [   FXGL.SystemLogger] [JavaFX Application Thread] java.vm.info=mixed mode
17 Jan 2017, 16:37:56.959 [  FINER] [   FXGL.SystemLogger] [JavaFX Application Thread] awt.toolkit=sun.awt.windows.WToolkit
17 Jan 2017, 16:37:56.960 [  FINER] [   FXGL.SystemLogger] [JavaFX Application Thread] user.language=en
17 Jan 2017, 16:37:56.960 [  FINER] [   FXGL.SystemLogger] [JavaFX Application Thread] java.specification.vendor=Oracle Corporation
17 Jan 2017, 16:37:56.960 [  FINER] [   FXGL.SystemLogger] [JavaFX Application Thread] sun.java.command=io.github.tdselliott.ml.MotherLoadApp
17 Jan 2017, 16:37:56.960 [  FINER] [   FXGL.SystemLogger] [JavaFX Application Thread] java.home=C:\Program Files\Java\jdk1.8.0_111\jre
17 Jan 2017, 16:37:56.960 [  FINER] [   FXGL.SystemLogger] [JavaFX Application Thread] sun.arch.data.model=64
17 Jan 2017, 16:37:56.961 [  FINER] [   FXGL.SystemLogger] [JavaFX Application Thread] java.vm.specification.version=1.8
17 Jan 2017, 16:37:56.961 [  FINER] [   FXGL.SystemLogger] [JavaFX Application Thread] java.class.path=C:\Users\Vic Spet\Documents\NetBeansProjects\MotherLoadProject\MotherLoad\lib\fxgl-0.2.9-uber.jar;C:\Users\Vic Spet\Documents\NetBeansProjects\MotherLoadProject\MotherLoad\build\classes
17 Jan 2017, 16:37:56.961 [  FINER] [   FXGL.SystemLogger] [JavaFX Application Thread] user.name=Vic Spet
17 Jan 2017, 16:37:56.962 [  FINER] [   FXGL.SystemLogger] [JavaFX Application Thread] file.encoding=UTF-8
17 Jan 2017, 16:37:56.962 [  FINER] [   FXGL.SystemLogger] [JavaFX Application Thread] java.specification.version=1.8
17 Jan 2017, 16:37:56.962 [  FINER] [   FXGL.SystemLogger] [JavaFX Application Thread] java.awt.printerjob=sun.awt.windows.WPrinterJob
17 Jan 2017, 16:37:56.962 [  FINER] [   FXGL.SystemLogger] [JavaFX Application Thread] user.timezone=America/New_York
17 Jan 2017, 16:37:56.962 [  FINER] [   FXGL.SystemLogger] [JavaFX Application Thread] user.home=C:\Users\Vic Spet
17 Jan 2017, 16:37:56.963 [  FINER] [   FXGL.SystemLogger] [JavaFX Application Thread] os.version=10.0
17 Jan 2017, 16:37:56.963 [  FINER] [   FXGL.SystemLogger] [JavaFX Application Thread] sun.management.compiler=HotSpot 64-Bit Tiered Compilers
17 Jan 2017, 16:37:56.963 [  FINER] [   FXGL.SystemLogger] [JavaFX Application Thread] java.specification.name=Java Platform API Specification
17 Jan 2017, 16:37:56.963 [  FINER] [   FXGL.SystemLogger] [JavaFX Application Thread] java.class.version=52.0
17 Jan 2017, 16:37:56.964 [  FINER] [   FXGL.SystemLogger] [JavaFX Application Thread] java.library.path=C:\Program Files\Java\jdk1.8.0_111\bin;C:\WINDOWS\Sun\Java\bin;C:\WINDOWS\system32;C:\WINDOWS;C:\ProgramData\Oracle\Java\javapath;C:\Program Files (x86)\Intel\iCLS Client\;C:\Program Files\Intel\iCLS Client\;C:\Windows\system32;C:\Windows;C:\Windows\System32\Wbem;C:\Windows\System32\WindowsPowerShell\v1.0\;C:\Program Files (x86)\Intel\Intel(R) Management Engine Components\DAL;C:\Program Files\Intel\Intel(R) Management Engine Components\DAL;C:\Program Files (x86)\Intel\Intel(R) Management Engine Components\IPT;C:\Program Files\Intel\Intel(R) Management Engine Components\IPT;C:\Program Files (x86)\NVIDIA Corporation\PhysX\Common;C:\Program Files\Intel\WiFi\bin\;C:\Program Files\Common Files\Intel\WirelessCommon\;C:\WINDOWS\system32;C:\WINDOWS;C:\WINDOWS\System32\Wbem;C:\WINDOWS\System32\WindowsPowerShell\v1.0\;C:\Program Files (x86)\AOMEI Backupper;C:\Users\Vic Spet\AppData\Local\Microsoft\WindowsApps;;.
17 Jan 2017, 16:37:56.964 [  FINER] [   FXGL.SystemLogger] [JavaFX Application Thread] sun.jnu.encoding=Cp1252
17 Jan 2017, 16:37:56.964 [  FINER] [   FXGL.SystemLogger] [JavaFX Application Thread] os.name=Windows 10
17 Jan 2017, 16:37:56.964 [  FINER] [   FXGL.SystemLogger] [JavaFX Application Thread] user.variant=
17 Jan 2017, 16:37:56.964 [  FINER] [   FXGL.SystemLogger] [JavaFX Application Thread] java.vm.specification.vendor=Oracle Corporation
17 Jan 2017, 16:37:56.965 [  FINER] [   FXGL.SystemLogger] [JavaFX Application Thread] java.io.tmpdir=C:\Users\VICSPE~1\AppData\Local\Temp\
17 Jan 2017, 16:37:56.965 [  FINER] [   FXGL.SystemLogger] [JavaFX Application Thread] line.separator=

17 Jan 2017, 16:37:56.965 [  FINER] [   FXGL.SystemLogger] [JavaFX Application Thread] java.endorsed.dirs=C:\Program Files\Java\jdk1.8.0_111\jre\lib\endorsed
17 Jan 2017, 16:37:56.966 [  FINER] [   FXGL.SystemLogger] [JavaFX Application Thread] os.arch=amd64
17 Jan 2017, 16:37:56.966 [  FINER] [   FXGL.SystemLogger] [JavaFX Application Thread] javafx.runtime.version=8.0.111-b14
17 Jan 2017, 16:37:56.966 [  FINER] [   FXGL.SystemLogger] [JavaFX Application Thread] java.awt.graphicsenv=sun.awt.Win32GraphicsEnvironment
17 Jan 2017, 16:37:56.966 [  FINER] [   FXGL.SystemLogger] [JavaFX Application Thread] java.runtime.version=1.8.0_111-b14
17 Jan 2017, 16:37:56.967 [  FINER] [   FXGL.SystemLogger] [JavaFX Application Thread] java.vm.specification.name=Java Virtual Machine Specification
17 Jan 2017, 16:37:56.968 [  FINER] [   FXGL.SystemLogger] [JavaFX Application Thread] user.dir=C:\Users\Vic Spet\Documents\NetBeansProjects\MotherLoadProject\MotherLoad
17 Jan 2017, 16:37:56.968 [  FINER] [   FXGL.SystemLogger] [JavaFX Application Thread] user.country=CA
17 Jan 2017, 16:37:56.968 [  FINER] [   FXGL.SystemLogger] [JavaFX Application Thread] user.script=
17 Jan 2017, 16:37:56.969 [  FINER] [   FXGL.SystemLogger] [JavaFX Application Thread] sun.java.launcher=SUN_STANDARD
17 Jan 2017, 16:37:56.969 [  FINER] [   FXGL.SystemLogger] [JavaFX Application Thread] sun.os.patch.level=
17 Jan 2017, 16:37:56.969 [  FINER] [   FXGL.SystemLogger] [JavaFX Application Thread] java.vm.name=Java HotSpot(TM) 64-Bit Server VM
17 Jan 2017, 16:37:56.969 [  FINER] [   FXGL.SystemLogger] [JavaFX Application Thread] file.encoding.pkg=sun.io
17 Jan 2017, 16:37:56.969 [  FINER] [   FXGL.SystemLogger] [JavaFX Application Thread] path.separator=;
17 Jan 2017, 16:37:56.970 [  FINER] [   FXGL.SystemLogger] [JavaFX Application Thread] java.vm.vendor=Oracle Corporation
17 Jan 2017, 16:37:56.970 [  FINER] [   FXGL.SystemLogger] [JavaFX Application Thread] java.vendor.url=http://java.oracle.com/
17 Jan 2017, 16:37:56.970 [  FINER] [   FXGL.SystemLogger] [JavaFX Application Thread] sun.boot.library.path=C:\Program Files\Java\jdk1.8.0_111\jre\bin
17 Jan 2017, 16:37:56.970 [  FINER] [   FXGL.SystemLogger] [JavaFX Application Thread] java.vm.version=25.111-b14
17 Jan 2017, 16:37:56.970 [  FINER] [   FXGL.SystemLogger] [JavaFX Application Thread] java.runtime.name=Java(TM) SE Runtime Environment
17 Jan 2017, 16:37:56.971 [  FINER] [   FXGL.SystemLogger] [JavaFX Application Thread] javafx.version=8.0.111
17 Jan 2017, 16:37:56.975 [   INFO] [   FXGL.SystemLogger] [JavaFX Application Thread] FXGL-0.2.9
17 Jan 2017, 16:37:56.976 [   INFO] [   FXGL.SystemLogger] [JavaFX Application Thread] Source code and latest versions at: https://github.com/AlmasB/FXGL
17 Jan 2017, 16:37:56.976 [   INFO] [   FXGL.SystemLogger] [JavaFX Application Thread]              Join the FXGL chat at: https://gitter.im/AlmasB/FXGL
17 Jan 2017, 16:37:57.802 [  FINER] [   FXGL.SystemLogger] [JavaFX Application Thread] Starting JavaFX
17 Jan 2017, 16:37:57.803 [  FINER] [   FXGL.SystemLogger] [          JavaFX-Launcher] Initializing FXGL
17 Jan 2017, 16:37:57.824 [  FINER] [   FXGL.SystemLogger] [JavaFX Application Thread] Starting FXGL
17 Jan 2017, 16:37:58.041 [  FINER] [   FXGL.SystemLogger] [     FXGL Launcher Thread] Configuring FXGL
17 Jan 2017, 16:37:58.042 [  FINER] [   FXGL.SystemLogger] [     FXGL Launcher Thread] Initializing system properties
17 Jan 2017, 16:37:58.062 [  FINER] [   FXGL.SystemLogger] [     FXGL Launcher Thread] sound.notification = system/notification.wav
17 Jan 2017, 16:37:58.063 [  FINER] [   FXGL.SystemLogger] [     FXGL Launcher Thread] url.storage = https://raw.githubusercontent.com/AlmasB/git-server/master/storage/
17 Jan 2017, 16:37:58.063 [  FINER] [   FXGL.SystemLogger] [     FXGL Launcher Thread] asset.cache.size = 35
17 Jan 2017, 16:37:58.063 [  FINER] [   FXGL.SystemLogger] [     FXGL Launcher Thread] fs.profiledir = profiles/
17 Jan 2017, 16:37:58.063 [  FINER] [   FXGL.SystemLogger] [     FXGL Launcher Thread] url.pom = https://raw.githubusercontent.com/AlmasB/FXGL/master/pom.xml
17 Jan 2017, 16:37:58.064 [  FINER] [   FXGL.SystemLogger] [     FXGL Launcher Thread] dev.showbbox = false
17 Jan 2017, 16:37:58.064 [  FINER] [   FXGL.SystemLogger] [     FXGL Launcher Thread] fs.datafile.ext = .dat
17 Jan 2017, 16:37:58.064 [  FINER] [   FXGL.SystemLogger] [     FXGL Launcher Thread] sound.menu.back = menu/back.wav
17 Jan 2017, 16:37:58.064 [  FINER] [   FXGL.SystemLogger] [     FXGL Launcher Thread] sound.menu.select = menu/select.wav
17 Jan 2017, 16:37:58.065 [  FINER] [   FXGL.SystemLogger] [     FXGL Launcher Thread] url.github = https://github.com/AlmasB/FXGL
17 Jan 2017, 16:37:58.065 [  FINER] [   FXGL.SystemLogger] [     FXGL Launcher Thread] url.surveymonkey = https://www.surveymonkey.co.uk/r/BH6LLPM
17 Jan 2017, 16:37:58.065 [  FINER] [   FXGL.SystemLogger] [     FXGL Launcher Thread] physics.ppm = 50.0
17 Jan 2017, 16:37:58.065 [  FINER] [   FXGL.SystemLogger] [     FXGL Launcher Thread] ui.css = fxgl.css
17 Jan 2017, 16:37:58.066 [  FINER] [   FXGL.SystemLogger] [     FXGL Launcher Thread] version.check.days = 7
17 Jan 2017, 16:37:58.067 [  FINER] [   FXGL.SystemLogger] [     FXGL Launcher Thread] fs.savefile.ext = .sav
17 Jan 2017, 16:37:58.067 [  FINER] [   FXGL.SystemLogger] [     FXGL Launcher Thread] pooling.initialSize = 128
17 Jan 2017, 16:37:58.067 [  FINER] [   FXGL.SystemLogger] [     FXGL Launcher Thread] ui.font = Copperplate_Gothic_Light_Regular.ttf
17 Jan 2017, 16:37:58.068 [  FINER] [   FXGL.SystemLogger] [     FXGL Launcher Thread] fs.savedir = saves/
17 Jan 2017, 16:37:58.068 [  FINER] [   FXGL.SystemLogger] [     FXGL Launcher Thread] fs.profilename = user.profile
17 Jan 2017, 16:37:58.068 [  FINER] [   FXGL.SystemLogger] [     FXGL Launcher Thread] ui.icon.name = fxgl_icon.png
17 Jan 2017, 16:37:58.068 [  FINER] [   FXGL.SystemLogger] [     FXGL Launcher Thread] url.googleforms = https://goo.gl/forms/6wrMnOBxTE1fEpOy2
17 Jan 2017, 16:37:58.069 [  FINER] [   FXGL.SystemLogger] [     FXGL Launcher Thread] sound.menu.press = menu/press.wav
17 Jan 2017, 16:37:58.069 [  FINER] [   FXGL.SystemLogger] [     FXGL Launcher Thread] Initializing user properties
17 Jan 2017, 16:37:58.069 [   INFO] [   FXGL.SystemLogger] [     FXGL Launcher Thread] User properties not found. Using system
17 Jan 2017, 16:37:58.070 [  FINER] [   FXGL.SystemLogger] [     FXGL Launcher Thread] Initializing app settings
17 Jan 2017, 16:37:58.076 [  FINER] [   FXGL.SystemLogger] [     FXGL Launcher Thread] Logging settings
Title: MotherLoad
Version: 0.01 [ALPHA]
Width: 800
Height: 700
Fullscreen: false
Intro: true
Menus: true
Profiling: true
App Mode: DEVELOPER
Menu Style: FXGL_DEFAULT
Menu Key: ESCAPE
Services: []
17 Jan 2017, 16:37:58.883 [  FINER] [   FXGL.SystemLogger] [     FXGL Launcher Thread] FXGL configuration complete
17 Jan 2017, 16:37:58.884 [   INFO] [   FXGL.SystemLogger] [     FXGL Launcher Thread] FXGL configuration took:  0.842 sec
17 Jan 2017, 16:37:58.885 [  FINER] [   FXGL.SystemLogger] [JavaFX Application Thread] Running task: UpdaterTask
17 Jan 2017, 16:37:58.889 [  FINER] [   FXGL.SystemLogger] [     FXGL Launcher Thread] Running task: PreInitTask
17 Jan 2017, 16:37:58.956 [  FINER] [   FXGL.SystemLogger] [     FXGL Launcher Thread] Running task: InitScenesTask
17 Jan 2017, 16:37:59.172 [ SEVERE] [   FXGL.SystemLogger] [     FXGL Launcher Thread] Exception during system configuration:
17 Jan 2017, 16:37:59.173 [ SEVERE] [   FXGL.SystemLogger] [     FXGL Launcher Thread] 

Exception occurred: java.lang.NullPointerException : null
E: com.almasb.fxgl.scene.intro.VideoIntroScene.<init>(VideoIntroScene.kt:46)
E: io.github.tdselliott.ml.MotherLoadApp$1.newIntro(MotherLoadApp.java:130)
E: com.almasb.fxgl.app.InitScenesTask.run(InitScenesTask.kt:51)
E: com.almasb.fxgl.app.FXGLApplication.runTask(FXGLApplication.java:145)
E: com.almasb.fxgl.app.GameApplication.configureApp(GameApplication.java:360)
E: com.almasb.fxgl.app.FXGLApplication.lambda$start$1(FXGLApplication.java:177)
E: java.lang.Thread.run(Thread.java:745)

17 Jan 2017, 16:37:59.173 [ SEVERE] [   FXGL.SystemLogger] [     FXGL Launcher Thread] System will now exit
17 Jan 2017, 16:37:59.174 [  FINER] [   FXGL.SystemLogger] [     FXGL Launcher Thread] Logger is closing
