13 Jan 2017, 13:08:45.379 [   INFO] [   FXGL.SystemLogger] [JavaFX Application Thread] System Logger is initialized
13 Jan 2017, 13:08:45.396 [  FINER] [   FXGL.SystemLogger] [JavaFX Application Thread] Logging System Info
13 Jan 2017, 13:08:45.397 [  FINER] [   FXGL.SystemLogger] [JavaFX Application Thread] CPU cores: 4
13 Jan 2017, 13:08:45.400 [  FINER] [   FXGL.SystemLogger] [JavaFX Application Thread] Free Memory: 49MB
13 Jan 2017, 13:08:45.401 [  FINER] [   FXGL.SystemLogger] [JavaFX Application Thread] Max Memory: 866MB
13 Jan 2017, 13:08:45.401 [  FINER] [   FXGL.SystemLogger] [JavaFX Application Thread] Total Memory: 60MB
13 Jan 2017, 13:08:45.402 [  FINER] [   FXGL.SystemLogger] [JavaFX Application Thread] System Properties:
13 Jan 2017, 13:08:45.404 [  FINER] [   FXGL.SystemLogger] [JavaFX Application Thread] sun.cpu.isalist=amd64
13 Jan 2017, 13:08:45.404 [  FINER] [   FXGL.SystemLogger] [JavaFX Application Thread] sun.desktop=windows
13 Jan 2017, 13:08:45.405 [  FINER] [   FXGL.SystemLogger] [JavaFX Application Thread] sun.io.unicode.encoding=UnicodeLittle
13 Jan 2017, 13:08:45.405 [  FINER] [   FXGL.SystemLogger] [JavaFX Application Thread] sun.cpu.endian=little
13 Jan 2017, 13:08:45.405 [  FINER] [   FXGL.SystemLogger] [JavaFX Application Thread] java.vendor.url.bug=http://bugreport.sun.com/bugreport/
13 Jan 2017, 13:08:45.406 [  FINER] [   FXGL.SystemLogger] [JavaFX Application Thread] file.separator=\
13 Jan 2017, 13:08:45.406 [  FINER] [   FXGL.SystemLogger] [JavaFX Application Thread] java.vendor=Oracle Corporation
13 Jan 2017, 13:08:45.406 [  FINER] [   FXGL.SystemLogger] [JavaFX Application Thread] sun.boot.class.path=C:\Program Files\Java\jdk1.8.0_111\jre\lib\resources.jar;C:\Program Files\Java\jdk1.8.0_111\jre\lib\rt.jar;C:\Program Files\Java\jdk1.8.0_111\jre\lib\sunrsasign.jar;C:\Program Files\Java\jdk1.8.0_111\jre\lib\jsse.jar;C:\Program Files\Java\jdk1.8.0_111\jre\lib\jce.jar;C:\Program Files\Java\jdk1.8.0_111\jre\lib\charsets.jar;C:\Program Files\Java\jdk1.8.0_111\jre\lib\jfr.jar;C:\Program Files\Java\jdk1.8.0_111\jre\classes
13 Jan 2017, 13:08:45.407 [  FINER] [   FXGL.SystemLogger] [JavaFX Application Thread] java.ext.dirs=C:\Program Files\Java\jdk1.8.0_111\jre\lib\ext;C:\WINDOWS\Sun\Java\lib\ext
13 Jan 2017, 13:08:45.407 [  FINER] [   FXGL.SystemLogger] [JavaFX Application Thread] java.version=1.8.0_111
13 Jan 2017, 13:08:45.407 [  FINER] [   FXGL.SystemLogger] [JavaFX Application Thread] java.vm.info=mixed mode
13 Jan 2017, 13:08:45.408 [  FINER] [   FXGL.SystemLogger] [JavaFX Application Thread] awt.toolkit=sun.awt.windows.WToolkit
13 Jan 2017, 13:08:45.408 [  FINER] [   FXGL.SystemLogger] [JavaFX Application Thread] user.language=en
13 Jan 2017, 13:08:45.408 [  FINER] [   FXGL.SystemLogger] [JavaFX Application Thread] java.specification.vendor=Oracle Corporation
13 Jan 2017, 13:08:45.408 [  FINER] [   FXGL.SystemLogger] [JavaFX Application Thread] sun.java.command=io.github.tdselliott.ml.MotherLoadApp
13 Jan 2017, 13:08:45.409 [  FINER] [   FXGL.SystemLogger] [JavaFX Application Thread] java.home=C:\Program Files\Java\jdk1.8.0_111\jre
13 Jan 2017, 13:08:45.409 [  FINER] [   FXGL.SystemLogger] [JavaFX Application Thread] sun.arch.data.model=64
13 Jan 2017, 13:08:45.409 [  FINER] [   FXGL.SystemLogger] [JavaFX Application Thread] java.vm.specification.version=1.8
13 Jan 2017, 13:08:45.410 [  FINER] [   FXGL.SystemLogger] [JavaFX Application Thread] java.class.path=C:\Users\Tyler\Documents\NetBeansProjects\MotherLoadGit\MotherLoad\lib\fxgl-0.2.9-uber.jar;C:\Users\Tyler\Documents\NetBeansProjects\MotherLoadGit\MotherLoad\build\classes
13 Jan 2017, 13:08:45.410 [  FINER] [   FXGL.SystemLogger] [JavaFX Application Thread] user.name=Tyler
13 Jan 2017, 13:08:45.410 [  FINER] [   FXGL.SystemLogger] [JavaFX Application Thread] file.encoding=UTF-8
13 Jan 2017, 13:08:45.411 [  FINER] [   FXGL.SystemLogger] [JavaFX Application Thread] java.specification.version=1.8
13 Jan 2017, 13:08:45.411 [  FINER] [   FXGL.SystemLogger] [JavaFX Application Thread] java.awt.printerjob=sun.awt.windows.WPrinterJob
13 Jan 2017, 13:08:45.411 [  FINER] [   FXGL.SystemLogger] [JavaFX Application Thread] user.timezone=America/New_York
13 Jan 2017, 13:08:45.412 [  FINER] [   FXGL.SystemLogger] [JavaFX Application Thread] user.home=C:\Users\Tyler
13 Jan 2017, 13:08:45.412 [  FINER] [   FXGL.SystemLogger] [JavaFX Application Thread] os.version=10.0
13 Jan 2017, 13:08:45.412 [  FINER] [   FXGL.SystemLogger] [JavaFX Application Thread] sun.management.compiler=HotSpot 64-Bit Tiered Compilers
13 Jan 2017, 13:08:45.412 [  FINER] [   FXGL.SystemLogger] [JavaFX Application Thread] java.specification.name=Java Platform API Specification
13 Jan 2017, 13:08:45.413 [  FINER] [   FXGL.SystemLogger] [JavaFX Application Thread] java.class.version=52.0
13 Jan 2017, 13:08:45.413 [  FINER] [   FXGL.SystemLogger] [JavaFX Application Thread] java.library.path=C:\Program Files\Java\jdk1.8.0_111\bin;C:\WINDOWS\Sun\Java\bin;C:\WINDOWS\system32;C:\WINDOWS;C:\ProgramData\Oracle\Java\javapath;C:\Program Files (x86)\NVIDIA Corporation\PhysX\Common;C:\WINDOWS\system32;C:\WINDOWS;C:\WINDOWS\System32\Wbem;C:\WINDOWS\System32\WindowsPowerShell\v1.0\;C:\Program Files (x86)\QuickTime\QTSystem\;C:\Program Files (x86)\Calibre2\;C:\Program Files (x86)\Skype\Phone\;C:\Program Files (x86)\Extensis\Suitcase Fusion 6\;C:\Program Files (x86)\MiKTeX 2.9\miktex\bin\;C:\Program Files (x86)\Brackets\command;C:\Program Files\Java\jdk1.8.0_111\bin;C:\Users\Tyler\AppData\Local\Programs\Python\Python35-32\Scripts\;C:\Users\Tyler\AppData\Local\Programs\Python\Python35-32\;C:\Users\Tyler\AppData\Local\Microsoft\WindowsApps;.
13 Jan 2017, 13:08:45.413 [  FINER] [   FXGL.SystemLogger] [JavaFX Application Thread] sun.jnu.encoding=Cp1252
13 Jan 2017, 13:08:45.414 [  FINER] [   FXGL.SystemLogger] [JavaFX Application Thread] os.name=Windows 10
13 Jan 2017, 13:08:45.414 [  FINER] [   FXGL.SystemLogger] [JavaFX Application Thread] user.variant=
13 Jan 2017, 13:08:45.415 [  FINER] [   FXGL.SystemLogger] [JavaFX Application Thread] java.vm.specification.vendor=Oracle Corporation
13 Jan 2017, 13:08:45.415 [  FINER] [   FXGL.SystemLogger] [JavaFX Application Thread] java.io.tmpdir=C:\Users\Tyler\AppData\Local\Temp\
13 Jan 2017, 13:08:45.416 [  FINER] [   FXGL.SystemLogger] [JavaFX Application Thread] line.separator=

13 Jan 2017, 13:08:45.416 [  FINER] [   FXGL.SystemLogger] [JavaFX Application Thread] java.endorsed.dirs=C:\Program Files\Java\jdk1.8.0_111\jre\lib\endorsed
13 Jan 2017, 13:08:45.416 [  FINER] [   FXGL.SystemLogger] [JavaFX Application Thread] os.arch=amd64
13 Jan 2017, 13:08:45.417 [  FINER] [   FXGL.SystemLogger] [JavaFX Application Thread] javafx.runtime.version=8.0.111-b14
13 Jan 2017, 13:08:45.417 [  FINER] [   FXGL.SystemLogger] [JavaFX Application Thread] java.awt.graphicsenv=sun.awt.Win32GraphicsEnvironment
13 Jan 2017, 13:08:45.418 [  FINER] [   FXGL.SystemLogger] [JavaFX Application Thread] java.runtime.version=1.8.0_111-b14
13 Jan 2017, 13:08:45.418 [  FINER] [   FXGL.SystemLogger] [JavaFX Application Thread] java.vm.specification.name=Java Virtual Machine Specification
13 Jan 2017, 13:08:45.418 [  FINER] [   FXGL.SystemLogger] [JavaFX Application Thread] user.dir=C:\Users\Tyler\Documents\NetBeansProjects\MotherLoadGit\MotherLoad
13 Jan 2017, 13:08:45.419 [  FINER] [   FXGL.SystemLogger] [JavaFX Application Thread] user.country=GB
13 Jan 2017, 13:08:45.419 [  FINER] [   FXGL.SystemLogger] [JavaFX Application Thread] user.script=
13 Jan 2017, 13:08:45.420 [  FINER] [   FXGL.SystemLogger] [JavaFX Application Thread] sun.java.launcher=SUN_STANDARD
13 Jan 2017, 13:08:45.420 [  FINER] [   FXGL.SystemLogger] [JavaFX Application Thread] sun.os.patch.level=
13 Jan 2017, 13:08:45.420 [  FINER] [   FXGL.SystemLogger] [JavaFX Application Thread] java.vm.name=Java HotSpot(TM) 64-Bit Server VM
13 Jan 2017, 13:08:45.421 [  FINER] [   FXGL.SystemLogger] [JavaFX Application Thread] file.encoding.pkg=sun.io
13 Jan 2017, 13:08:45.421 [  FINER] [   FXGL.SystemLogger] [JavaFX Application Thread] path.separator=;
13 Jan 2017, 13:08:45.421 [  FINER] [   FXGL.SystemLogger] [JavaFX Application Thread] java.vm.vendor=Oracle Corporation
13 Jan 2017, 13:08:45.422 [  FINER] [   FXGL.SystemLogger] [JavaFX Application Thread] java.vendor.url=http://java.oracle.com/
13 Jan 2017, 13:08:45.422 [  FINER] [   FXGL.SystemLogger] [JavaFX Application Thread] sun.boot.library.path=C:\Program Files\Java\jdk1.8.0_111\jre\bin
13 Jan 2017, 13:08:45.422 [  FINER] [   FXGL.SystemLogger] [JavaFX Application Thread] java.vm.version=25.111-b14
13 Jan 2017, 13:08:45.422 [  FINER] [   FXGL.SystemLogger] [JavaFX Application Thread] java.runtime.name=Java(TM) SE Runtime Environment
13 Jan 2017, 13:08:45.423 [  FINER] [   FXGL.SystemLogger] [JavaFX Application Thread] javafx.version=8.0.111
13 Jan 2017, 13:08:45.429 [   INFO] [   FXGL.SystemLogger] [JavaFX Application Thread] FXGL-0.2.9
13 Jan 2017, 13:08:45.430 [   INFO] [   FXGL.SystemLogger] [JavaFX Application Thread] Source code and latest versions at: https://github.com/AlmasB/FXGL
13 Jan 2017, 13:08:45.430 [   INFO] [   FXGL.SystemLogger] [JavaFX Application Thread]              Join the FXGL chat at: https://gitter.im/AlmasB/FXGL
13 Jan 2017, 13:08:45.438 [  FINER] [   FXGL.SystemLogger] [JavaFX Application Thread] Starting JavaFX
13 Jan 2017, 13:08:45.443 [  FINER] [   FXGL.SystemLogger] [          JavaFX-Launcher] Initializing FXGL
13 Jan 2017, 13:08:45.467 [  FINER] [   FXGL.SystemLogger] [JavaFX Application Thread] Starting FXGL
13 Jan 2017, 13:08:45.816 [  FINER] [   FXGL.SystemLogger] [     FXGL Launcher Thread] Configuring FXGL
13 Jan 2017, 13:08:45.817 [  FINER] [   FXGL.SystemLogger] [     FXGL Launcher Thread] Initializing system properties
13 Jan 2017, 13:08:45.863 [  FINER] [   FXGL.SystemLogger] [     FXGL Launcher Thread] sound.notification = system/notification.wav
13 Jan 2017, 13:08:45.864 [  FINER] [   FXGL.SystemLogger] [     FXGL Launcher Thread] url.storage = https://raw.githubusercontent.com/AlmasB/git-server/master/storage/
13 Jan 2017, 13:08:45.864 [  FINER] [   FXGL.SystemLogger] [     FXGL Launcher Thread] asset.cache.size = 35
13 Jan 2017, 13:08:45.865 [  FINER] [   FXGL.SystemLogger] [     FXGL Launcher Thread] fs.profiledir = profiles/
13 Jan 2017, 13:08:45.865 [  FINER] [   FXGL.SystemLogger] [     FXGL Launcher Thread] url.pom = https://raw.githubusercontent.com/AlmasB/FXGL/master/pom.xml
13 Jan 2017, 13:08:45.866 [  FINER] [   FXGL.SystemLogger] [     FXGL Launcher Thread] dev.showbbox = false
13 Jan 2017, 13:08:45.866 [  FINER] [   FXGL.SystemLogger] [     FXGL Launcher Thread] fs.datafile.ext = .dat
13 Jan 2017, 13:08:45.869 [  FINER] [   FXGL.SystemLogger] [     FXGL Launcher Thread] sound.menu.back = menu/back.wav
13 Jan 2017, 13:08:45.869 [  FINER] [   FXGL.SystemLogger] [     FXGL Launcher Thread] sound.menu.select = menu/select.wav
13 Jan 2017, 13:08:45.870 [  FINER] [   FXGL.SystemLogger] [     FXGL Launcher Thread] url.github = https://github.com/AlmasB/FXGL
13 Jan 2017, 13:08:45.870 [  FINER] [   FXGL.SystemLogger] [     FXGL Launcher Thread] url.surveymonkey = https://www.surveymonkey.co.uk/r/BH6LLPM
13 Jan 2017, 13:08:45.871 [  FINER] [   FXGL.SystemLogger] [     FXGL Launcher Thread] physics.ppm = 50.0
13 Jan 2017, 13:08:45.871 [  FINER] [   FXGL.SystemLogger] [     FXGL Launcher Thread] ui.css = fxgl.css
13 Jan 2017, 13:08:45.872 [  FINER] [   FXGL.SystemLogger] [     FXGL Launcher Thread] version.check.days = 7
13 Jan 2017, 13:08:45.872 [  FINER] [   FXGL.SystemLogger] [     FXGL Launcher Thread] fs.savefile.ext = .sav
13 Jan 2017, 13:08:45.872 [  FINER] [   FXGL.SystemLogger] [     FXGL Launcher Thread] pooling.initialSize = 128
13 Jan 2017, 13:08:45.873 [  FINER] [   FXGL.SystemLogger] [     FXGL Launcher Thread] ui.font = Copperplate_Gothic_Light_Regular.ttf
13 Jan 2017, 13:08:45.873 [  FINER] [   FXGL.SystemLogger] [     FXGL Launcher Thread] fs.savedir = saves/
13 Jan 2017, 13:08:45.873 [  FINER] [   FXGL.SystemLogger] [     FXGL Launcher Thread] fs.profilename = user.profile
13 Jan 2017, 13:08:45.873 [  FINER] [   FXGL.SystemLogger] [     FXGL Launcher Thread] ui.icon.name = fxgl_icon.png
13 Jan 2017, 13:08:45.874 [  FINER] [   FXGL.SystemLogger] [     FXGL Launcher Thread] url.googleforms = https://goo.gl/forms/6wrMnOBxTE1fEpOy2
13 Jan 2017, 13:08:45.874 [  FINER] [   FXGL.SystemLogger] [     FXGL Launcher Thread] sound.menu.press = menu/press.wav
13 Jan 2017, 13:08:45.874 [  FINER] [   FXGL.SystemLogger] [     FXGL Launcher Thread] Initializing user properties
13 Jan 2017, 13:08:45.875 [   INFO] [   FXGL.SystemLogger] [     FXGL Launcher Thread] User properties not found. Using system
13 Jan 2017, 13:08:45.876 [  FINER] [   FXGL.SystemLogger] [     FXGL Launcher Thread] Initializing app settings
13 Jan 2017, 13:08:45.888 [  FINER] [   FXGL.SystemLogger] [     FXGL Launcher Thread] Logging settings
Title: MotherLoad
Version: 0.01 [ALPHA]
Width: 800
Height: 700
Fullscreen: false
Intro: false
Menus: false
Profiling: true
App Mode: DEVELOPER
Menu Style: FXGL_DEFAULT
Menu Key: ESCAPE
Services: []
13 Jan 2017, 13:08:46.902 [  FINER] [   FXGL.SystemLogger] [     FXGL Launcher Thread] FXGL configuration complete
13 Jan 2017, 13:08:46.903 [   INFO] [   FXGL.SystemLogger] [     FXGL Launcher Thread] FXGL configuration took:  1.086 sec
13 Jan 2017, 13:08:46.905 [  FINER] [   FXGL.SystemLogger] [JavaFX Application Thread] Running task: UpdaterTask
13 Jan 2017, 13:08:46.914 [  FINER] [   FXGL.SystemLogger] [     FXGL Launcher Thread] Running task: PreInitTask
13 Jan 2017, 13:08:47.036 [  FINER] [   FXGL.SystemLogger] [     FXGL Launcher Thread] Running task: InitScenesTask
13 Jan 2017, 13:08:47.468 [  FINER] [   FXGL.SystemLogger] [     FXGL Launcher Thread] Running task: InitEventHandlersTask
13 Jan 2017, 13:08:47.508 [  FINER] [   FXGL.SystemLogger] [     FXGL Launcher Thread] Running task: InitProfilerTask
13 Jan 2017, 13:08:47.516 [  FINER] [   FXGL.SystemLogger] [     FXGL Launcher Thread] Pausing main loop
13 Jan 2017, 13:08:47.522 [  FINER] [   FXGL.SystemLogger] [     FXGL Launcher Thread] Resetting FXGL application
13 Jan 2017, 13:08:47.659 [   INFO] [   FXGL.SystemLogger] [     FXGL Launcher Thread] Game configuration took:  0.745 sec
13 Jan 2017, 13:08:47.876 [   INFO] [   FXGL.SystemLogger] [ FXGL Background Thread 1] Game initialization took: 0.215 sec
13 Jan 2017, 13:08:47.920 [  FINER] [   FXGL.SystemLogger] [JavaFX Application Thread] Resuming main loop
13 Jan 2017, 13:09:09.477 [  FINER] [   FXGL.SystemLogger] [JavaFX Application Thread] Exiting Normally
13 Jan 2017, 13:09:09.479 [   INFO] [   FXGL.SystemLogger] [JavaFX Application Thread] Processed Frames: 1268
13 Jan 2017, 13:09:09.480 [   INFO] [   FXGL.SystemLogger] [JavaFX Application Thread] Average FPS: 59
13 Jan 2017, 13:09:09.480 [   INFO] [   FXGL.SystemLogger] [JavaFX Application Thread] Avg Performance: 3373
13 Jan 2017, 13:09:09.481 [   INFO] [   FXGL.SystemLogger] [JavaFX Application Thread] Avg Memory Usage: 31 MB
13 Jan 2017, 13:09:09.482 [   INFO] [   FXGL.SystemLogger] [JavaFX Application Thread] Min Memory Usage: 20 MB
13 Jan 2017, 13:09:09.482 [   INFO] [   FXGL.SystemLogger] [JavaFX Application Thread] Max Memory Usage: 39 MB
13 Jan 2017, 13:09:09.483 [   INFO] [   FXGL.SystemLogger] [JavaFX Application Thread] Estimated GC runs: 0
13 Jan 2017, 13:09:09.492 [  FINER] [   FXGL.SystemLogger] [JavaFX Application Thread] Exiting FXGL
13 Jan 2017, 13:09:09.493 [  FINER] [   FXGL.SystemLogger] [JavaFX Application Thread] Logger is closing
