14 Jan 2017, 20:00:21.169 [   INFO] [   FXGL.SystemLogger] [JavaFX Application Thread] System Logger is initialized
14 Jan 2017, 20:00:21.189 [  FINER] [   FXGL.SystemLogger] [JavaFX Application Thread] Logging System Info
14 Jan 2017, 20:00:21.189 [  FINER] [   FXGL.SystemLogger] [JavaFX Application Thread] CPU cores: 4
14 Jan 2017, 20:00:21.191 [  FINER] [   FXGL.SystemLogger] [JavaFX Application Thread] Free Memory: 230MB
14 Jan 2017, 20:00:21.191 [  FINER] [   FXGL.SystemLogger] [JavaFX Application Thread] Max Memory: 3620MB
14 Jan 2017, 20:00:21.192 [  FINER] [   FXGL.SystemLogger] [JavaFX Application Thread] Total Memory: 246MB
14 Jan 2017, 20:00:21.193 [  FINER] [   FXGL.SystemLogger] [JavaFX Application Thread] System Properties:
14 Jan 2017, 20:00:21.196 [  FINER] [   FXGL.SystemLogger] [JavaFX Application Thread] sun.cpu.isalist=amd64
14 Jan 2017, 20:00:21.196 [  FINER] [   FXGL.SystemLogger] [JavaFX Application Thread] sun.desktop=windows
14 Jan 2017, 20:00:21.204 [  FINER] [   FXGL.SystemLogger] [JavaFX Application Thread] sun.io.unicode.encoding=UnicodeLittle
14 Jan 2017, 20:00:21.206 [  FINER] [   FXGL.SystemLogger] [JavaFX Application Thread] sun.cpu.endian=little
14 Jan 2017, 20:00:21.206 [  FINER] [   FXGL.SystemLogger] [JavaFX Application Thread] java.vendor.url.bug=http://bugreport.sun.com/bugreport/
14 Jan 2017, 20:00:21.207 [  FINER] [   FXGL.SystemLogger] [JavaFX Application Thread] file.separator=\
14 Jan 2017, 20:00:21.208 [  FINER] [   FXGL.SystemLogger] [JavaFX Application Thread] java.vendor=Oracle Corporation
14 Jan 2017, 20:00:21.213 [  FINER] [   FXGL.SystemLogger] [JavaFX Application Thread] sun.boot.class.path=C:\Program Files\Java\jdk1.8.0_111\jre\lib\resources.jar;C:\Program Files\Java\jdk1.8.0_111\jre\lib\rt.jar;C:\Program Files\Java\jdk1.8.0_111\jre\lib\sunrsasign.jar;C:\Program Files\Java\jdk1.8.0_111\jre\lib\jsse.jar;C:\Program Files\Java\jdk1.8.0_111\jre\lib\jce.jar;C:\Program Files\Java\jdk1.8.0_111\jre\lib\charsets.jar;C:\Program Files\Java\jdk1.8.0_111\jre\lib\jfr.jar;C:\Program Files\Java\jdk1.8.0_111\jre\classes
14 Jan 2017, 20:00:21.213 [  FINER] [   FXGL.SystemLogger] [JavaFX Application Thread] java.ext.dirs=C:\Program Files\Java\jdk1.8.0_111\jre\lib\ext;C:\WINDOWS\Sun\Java\lib\ext
14 Jan 2017, 20:00:21.214 [  FINER] [   FXGL.SystemLogger] [JavaFX Application Thread] java.version=1.8.0_111
14 Jan 2017, 20:00:21.214 [  FINER] [   FXGL.SystemLogger] [JavaFX Application Thread] java.vm.info=mixed mode
14 Jan 2017, 20:00:21.214 [  FINER] [   FXGL.SystemLogger] [JavaFX Application Thread] awt.toolkit=sun.awt.windows.WToolkit
14 Jan 2017, 20:00:21.214 [  FINER] [   FXGL.SystemLogger] [JavaFX Application Thread] user.language=en
14 Jan 2017, 20:00:21.215 [  FINER] [   FXGL.SystemLogger] [JavaFX Application Thread] java.specification.vendor=Oracle Corporation
14 Jan 2017, 20:00:21.215 [  FINER] [   FXGL.SystemLogger] [JavaFX Application Thread] sun.java.command=io.github.tdselliott.ml.MotherLoadApp
14 Jan 2017, 20:00:21.216 [  FINER] [   FXGL.SystemLogger] [JavaFX Application Thread] java.home=C:\Program Files\Java\jdk1.8.0_111\jre
14 Jan 2017, 20:00:21.216 [  FINER] [   FXGL.SystemLogger] [JavaFX Application Thread] sun.arch.data.model=64
14 Jan 2017, 20:00:21.216 [  FINER] [   FXGL.SystemLogger] [JavaFX Application Thread] java.vm.specification.version=1.8
14 Jan 2017, 20:00:21.217 [  FINER] [   FXGL.SystemLogger] [JavaFX Application Thread] java.class.path=C:\Users\Vic Spet\Documents\NetBeansProjects\MotherLoadProject\MotherLoad\lib\fxgl-0.2.9-uber.jar;C:\Users\Vic Spet\Documents\NetBeansProjects\MotherLoadProject\MotherLoad\build\classes
14 Jan 2017, 20:00:21.217 [  FINER] [   FXGL.SystemLogger] [JavaFX Application Thread] user.name=Vic Spet
14 Jan 2017, 20:00:21.217 [  FINER] [   FXGL.SystemLogger] [JavaFX Application Thread] file.encoding=UTF-8
14 Jan 2017, 20:00:21.218 [  FINER] [   FXGL.SystemLogger] [JavaFX Application Thread] java.specification.version=1.8
14 Jan 2017, 20:00:21.221 [  FINER] [   FXGL.SystemLogger] [JavaFX Application Thread] java.awt.printerjob=sun.awt.windows.WPrinterJob
14 Jan 2017, 20:00:21.221 [  FINER] [   FXGL.SystemLogger] [JavaFX Application Thread] user.timezone=America/New_York
14 Jan 2017, 20:00:21.222 [  FINER] [   FXGL.SystemLogger] [JavaFX Application Thread] user.home=C:\Users\Vic Spet
14 Jan 2017, 20:00:21.223 [  FINER] [   FXGL.SystemLogger] [JavaFX Application Thread] os.version=10.0
14 Jan 2017, 20:00:21.223 [  FINER] [   FXGL.SystemLogger] [JavaFX Application Thread] sun.management.compiler=HotSpot 64-Bit Tiered Compilers
14 Jan 2017, 20:00:21.224 [  FINER] [   FXGL.SystemLogger] [JavaFX Application Thread] java.specification.name=Java Platform API Specification
14 Jan 2017, 20:00:21.224 [  FINER] [   FXGL.SystemLogger] [JavaFX Application Thread] java.class.version=52.0
14 Jan 2017, 20:00:21.224 [  FINER] [   FXGL.SystemLogger] [JavaFX Application Thread] java.library.path=C:\Program Files\Java\jdk1.8.0_111\bin;C:\WINDOWS\Sun\Java\bin;C:\WINDOWS\system32;C:\WINDOWS;C:\ProgramData\Oracle\Java\javapath;C:\Program Files (x86)\Intel\iCLS Client\;C:\Program Files\Intel\iCLS Client\;C:\Windows\system32;C:\Windows;C:\Windows\System32\Wbem;C:\Windows\System32\WindowsPowerShell\v1.0\;C:\Program Files (x86)\Intel\Intel(R) Management Engine Components\DAL;C:\Program Files\Intel\Intel(R) Management Engine Components\DAL;C:\Program Files (x86)\Intel\Intel(R) Management Engine Components\IPT;C:\Program Files\Intel\Intel(R) Management Engine Components\IPT;C:\Program Files (x86)\NVIDIA Corporation\PhysX\Common;C:\Program Files\Intel\WiFi\bin\;C:\Program Files\Common Files\Intel\WirelessCommon\;C:\WINDOWS\system32;C:\WINDOWS;C:\WINDOWS\System32\Wbem;C:\WINDOWS\System32\WindowsPowerShell\v1.0\;C:\Program Files (x86)\AOMEI Backupper;C:\Users\Vic Spet\AppData\Local\Microsoft\WindowsApps;;.
14 Jan 2017, 20:00:21.225 [  FINER] [   FXGL.SystemLogger] [JavaFX Application Thread] sun.jnu.encoding=Cp1252
14 Jan 2017, 20:00:21.225 [  FINER] [   FXGL.SystemLogger] [JavaFX Application Thread] os.name=Windows 10
14 Jan 2017, 20:00:21.225 [  FINER] [   FXGL.SystemLogger] [JavaFX Application Thread] user.variant=
14 Jan 2017, 20:00:21.225 [  FINER] [   FXGL.SystemLogger] [JavaFX Application Thread] java.vm.specification.vendor=Oracle Corporation
14 Jan 2017, 20:00:21.226 [  FINER] [   FXGL.SystemLogger] [JavaFX Application Thread] java.io.tmpdir=C:\Users\VICSPE~1\AppData\Local\Temp\
14 Jan 2017, 20:00:21.226 [  FINER] [   FXGL.SystemLogger] [JavaFX Application Thread] line.separator=

14 Jan 2017, 20:00:21.226 [  FINER] [   FXGL.SystemLogger] [JavaFX Application Thread] java.endorsed.dirs=C:\Program Files\Java\jdk1.8.0_111\jre\lib\endorsed
14 Jan 2017, 20:00:21.226 [  FINER] [   FXGL.SystemLogger] [JavaFX Application Thread] os.arch=amd64
14 Jan 2017, 20:00:21.226 [  FINER] [   FXGL.SystemLogger] [JavaFX Application Thread] javafx.runtime.version=8.0.111-b14
14 Jan 2017, 20:00:21.227 [  FINER] [   FXGL.SystemLogger] [JavaFX Application Thread] java.awt.graphicsenv=sun.awt.Win32GraphicsEnvironment
14 Jan 2017, 20:00:21.227 [  FINER] [   FXGL.SystemLogger] [JavaFX Application Thread] java.runtime.version=1.8.0_111-b14
14 Jan 2017, 20:00:21.227 [  FINER] [   FXGL.SystemLogger] [JavaFX Application Thread] java.vm.specification.name=Java Virtual Machine Specification
14 Jan 2017, 20:00:21.227 [  FINER] [   FXGL.SystemLogger] [JavaFX Application Thread] user.dir=C:\Users\Vic Spet\Documents\NetBeansProjects\MotherLoadProject\MotherLoad
14 Jan 2017, 20:00:21.227 [  FINER] [   FXGL.SystemLogger] [JavaFX Application Thread] user.country=CA
14 Jan 2017, 20:00:21.228 [  FINER] [   FXGL.SystemLogger] [JavaFX Application Thread] user.script=
14 Jan 2017, 20:00:21.228 [  FINER] [   FXGL.SystemLogger] [JavaFX Application Thread] sun.java.launcher=SUN_STANDARD
14 Jan 2017, 20:00:21.228 [  FINER] [   FXGL.SystemLogger] [JavaFX Application Thread] sun.os.patch.level=
14 Jan 2017, 20:00:21.228 [  FINER] [   FXGL.SystemLogger] [JavaFX Application Thread] java.vm.name=Java HotSpot(TM) 64-Bit Server VM
14 Jan 2017, 20:00:21.228 [  FINER] [   FXGL.SystemLogger] [JavaFX Application Thread] file.encoding.pkg=sun.io
14 Jan 2017, 20:00:21.229 [  FINER] [   FXGL.SystemLogger] [JavaFX Application Thread] path.separator=;
14 Jan 2017, 20:00:21.229 [  FINER] [   FXGL.SystemLogger] [JavaFX Application Thread] java.vm.vendor=Oracle Corporation
14 Jan 2017, 20:00:21.229 [  FINER] [   FXGL.SystemLogger] [JavaFX Application Thread] java.vendor.url=http://java.oracle.com/
14 Jan 2017, 20:00:21.229 [  FINER] [   FXGL.SystemLogger] [JavaFX Application Thread] sun.boot.library.path=C:\Program Files\Java\jdk1.8.0_111\jre\bin
14 Jan 2017, 20:00:21.229 [  FINER] [   FXGL.SystemLogger] [JavaFX Application Thread] java.vm.version=25.111-b14
14 Jan 2017, 20:00:21.230 [  FINER] [   FXGL.SystemLogger] [JavaFX Application Thread] java.runtime.name=Java(TM) SE Runtime Environment
14 Jan 2017, 20:00:21.230 [  FINER] [   FXGL.SystemLogger] [JavaFX Application Thread] javafx.version=8.0.111
14 Jan 2017, 20:00:21.237 [   INFO] [   FXGL.SystemLogger] [JavaFX Application Thread] FXGL-0.2.9
14 Jan 2017, 20:00:21.238 [   INFO] [   FXGL.SystemLogger] [JavaFX Application Thread] Source code and latest versions at: https://github.com/AlmasB/FXGL
14 Jan 2017, 20:00:21.238 [   INFO] [   FXGL.SystemLogger] [JavaFX Application Thread]              Join the FXGL chat at: https://gitter.im/AlmasB/FXGL
