13 Jan 2017, 13:42:02.791 [   INFO] [   FXGL.SystemLogger] [JavaFX Application Thread] System Logger is initialized
13 Jan 2017, 13:42:02.803 [  FINER] [   FXGL.SystemLogger] [JavaFX Application Thread] Logging System Info
13 Jan 2017, 13:42:02.804 [  FINER] [   FXGL.SystemLogger] [JavaFX Application Thread] CPU cores: 8
13 Jan 2017, 13:42:02.806 [  FINER] [   FXGL.SystemLogger] [JavaFX Application Thread] Free Memory: 231MB
13 Jan 2017, 13:42:02.806 [  FINER] [   FXGL.SystemLogger] [JavaFX Application Thread] Max Memory: 3622MB
13 Jan 2017, 13:42:02.806 [  FINER] [   FXGL.SystemLogger] [JavaFX Application Thread] Total Memory: 246MB
13 Jan 2017, 13:42:02.807 [  FINER] [   FXGL.SystemLogger] [JavaFX Application Thread] System Properties:
13 Jan 2017, 13:42:02.808 [  FINER] [   FXGL.SystemLogger] [JavaFX Application Thread] sun.cpu.isalist=amd64
13 Jan 2017, 13:42:02.809 [  FINER] [   FXGL.SystemLogger] [JavaFX Application Thread] sun.desktop=windows
13 Jan 2017, 13:42:02.809 [  FINER] [   FXGL.SystemLogger] [JavaFX Application Thread] sun.io.unicode.encoding=UnicodeLittle
13 Jan 2017, 13:42:02.809 [  FINER] [   FXGL.SystemLogger] [JavaFX Application Thread] sun.cpu.endian=little
13 Jan 2017, 13:42:02.809 [  FINER] [   FXGL.SystemLogger] [JavaFX Application Thread] java.vendor.url.bug=http://bugreport.sun.com/bugreport/
13 Jan 2017, 13:42:02.810 [  FINER] [   FXGL.SystemLogger] [JavaFX Application Thread] file.separator=\
13 Jan 2017, 13:42:02.810 [  FINER] [   FXGL.SystemLogger] [JavaFX Application Thread] java.vendor=Oracle Corporation
13 Jan 2017, 13:42:02.810 [  FINER] [   FXGL.SystemLogger] [JavaFX Application Thread] sun.boot.class.path=C:\Program Files\Java\jdk1.8.0_74\jre\lib\resources.jar;C:\Program Files\Java\jdk1.8.0_74\jre\lib\rt.jar;C:\Program Files\Java\jdk1.8.0_74\jre\lib\sunrsasign.jar;C:\Program Files\Java\jdk1.8.0_74\jre\lib\jsse.jar;C:\Program Files\Java\jdk1.8.0_74\jre\lib\jce.jar;C:\Program Files\Java\jdk1.8.0_74\jre\lib\charsets.jar;C:\Program Files\Java\jdk1.8.0_74\jre\lib\jfr.jar;C:\Program Files\Java\jdk1.8.0_74\jre\classes
13 Jan 2017, 13:42:02.811 [  FINER] [   FXGL.SystemLogger] [JavaFX Application Thread] java.ext.dirs=C:\Program Files\Java\jdk1.8.0_74\jre\lib\ext;C:\WINDOWS\Sun\Java\lib\ext
13 Jan 2017, 13:42:02.811 [  FINER] [   FXGL.SystemLogger] [JavaFX Application Thread] java.version=1.8.0_74
13 Jan 2017, 13:42:02.811 [  FINER] [   FXGL.SystemLogger] [JavaFX Application Thread] java.vm.info=mixed mode
13 Jan 2017, 13:42:02.811 [  FINER] [   FXGL.SystemLogger] [JavaFX Application Thread] awt.toolkit=sun.awt.windows.WToolkit
13 Jan 2017, 13:42:02.812 [  FINER] [   FXGL.SystemLogger] [JavaFX Application Thread] user.language=en
13 Jan 2017, 13:42:02.812 [  FINER] [   FXGL.SystemLogger] [JavaFX Application Thread] java.specification.vendor=Oracle Corporation
13 Jan 2017, 13:42:02.812 [  FINER] [   FXGL.SystemLogger] [JavaFX Application Thread] sun.java.command=io.github.tdselliott.ml.MotherLoadApp
13 Jan 2017, 13:42:02.812 [  FINER] [   FXGL.SystemLogger] [JavaFX Application Thread] java.home=C:\Program Files\Java\jdk1.8.0_74\jre
13 Jan 2017, 13:42:02.812 [  FINER] [   FXGL.SystemLogger] [JavaFX Application Thread] sun.arch.data.model=64
13 Jan 2017, 13:42:02.813 [  FINER] [   FXGL.SystemLogger] [JavaFX Application Thread] java.vm.specification.version=1.8
13 Jan 2017, 13:42:02.813 [  FINER] [   FXGL.SystemLogger] [JavaFX Application Thread] java.class.path=C:\Users\Mack\Documents\NetBeansProjects\MotherLoad\MotherLoad\lib\fxgl-0.2.9-uber.jar;C:\Users\Mack\Documents\NetBeansProjects\MotherLoad\MotherLoad\build\classes
13 Jan 2017, 13:42:02.813 [  FINER] [   FXGL.SystemLogger] [JavaFX Application Thread] user.name=Mack
13 Jan 2017, 13:42:02.813 [  FINER] [   FXGL.SystemLogger] [JavaFX Application Thread] file.encoding=UTF-8
13 Jan 2017, 13:42:02.814 [  FINER] [   FXGL.SystemLogger] [JavaFX Application Thread] java.specification.version=1.8
13 Jan 2017, 13:42:02.814 [  FINER] [   FXGL.SystemLogger] [JavaFX Application Thread] java.awt.printerjob=sun.awt.windows.WPrinterJob
13 Jan 2017, 13:42:02.814 [  FINER] [   FXGL.SystemLogger] [JavaFX Application Thread] user.timezone=America/New_York
13 Jan 2017, 13:42:02.815 [  FINER] [   FXGL.SystemLogger] [JavaFX Application Thread] user.home=C:\Users\Mack
13 Jan 2017, 13:42:02.815 [  FINER] [   FXGL.SystemLogger] [JavaFX Application Thread] os.version=6.3
13 Jan 2017, 13:42:02.815 [  FINER] [   FXGL.SystemLogger] [JavaFX Application Thread] sun.management.compiler=HotSpot 64-Bit Tiered Compilers
13 Jan 2017, 13:42:02.815 [  FINER] [   FXGL.SystemLogger] [JavaFX Application Thread] java.specification.name=Java Platform API Specification
13 Jan 2017, 13:42:02.815 [  FINER] [   FXGL.SystemLogger] [JavaFX Application Thread] java.class.version=52.0
13 Jan 2017, 13:42:02.816 [  FINER] [   FXGL.SystemLogger] [JavaFX Application Thread] java.library.path=C:\Program Files\Java\jdk1.8.0_74\bin;C:\WINDOWS\Sun\Java\bin;C:\WINDOWS\system32;C:\WINDOWS;C:\ProgramData\Oracle\Java\javapath;C:\Program Files (x86)\Intel\iCLS Client\;C:\Program Files\Intel\iCLS Client\;C:\WINDOWS\system32;C:\WINDOWS;C:\WINDOWS\System32\Wbem;C:\WINDOWS\System32\WindowsPowerShell\v1.0\;C:\Program Files\Intel\Intel(R) Management Engine Components\DAL;C:\Program Files\Intel\Intel(R) Management Engine Components\IPT;C:\Program Files (x86)\Intel\Intel(R) Management Engine Components\DAL;C:\Program Files (x86)\Intel\Intel(R) Management Engine Components\IPT;C:\Program Files (x86)\Intel\OpenCL SDK\3.0\bin\x86;C:\Program Files (x86)\Intel\OpenCL SDK\3.0\bin\x64;C:\Program Files (x86)\Skype\Phone\;C:\Program Files (x86)\NVIDIA Corporation\PhysX\Common;%SystemRoot%\system32;%SystemRoot%;%SystemRoot%\System32\Wbem;%SYSTEMROOT%\System32\WindowsPowerShell\v1.0\;.
13 Jan 2017, 13:42:02.816 [  FINER] [   FXGL.SystemLogger] [JavaFX Application Thread] sun.jnu.encoding=Cp1252
13 Jan 2017, 13:42:02.816 [  FINER] [   FXGL.SystemLogger] [JavaFX Application Thread] os.name=Windows 8.1
13 Jan 2017, 13:42:02.816 [  FINER] [   FXGL.SystemLogger] [JavaFX Application Thread] user.variant=
13 Jan 2017, 13:42:02.817 [  FINER] [   FXGL.SystemLogger] [JavaFX Application Thread] java.vm.specification.vendor=Oracle Corporation
13 Jan 2017, 13:42:02.817 [  FINER] [   FXGL.SystemLogger] [JavaFX Application Thread] java.io.tmpdir=C:\Users\Mack\AppData\Local\Temp\
13 Jan 2017, 13:42:02.817 [  FINER] [   FXGL.SystemLogger] [JavaFX Application Thread] line.separator=

13 Jan 2017, 13:42:02.817 [  FINER] [   FXGL.SystemLogger] [JavaFX Application Thread] java.endorsed.dirs=C:\Program Files\Java\jdk1.8.0_74\jre\lib\endorsed
13 Jan 2017, 13:42:02.818 [  FINER] [   FXGL.SystemLogger] [JavaFX Application Thread] os.arch=amd64
13 Jan 2017, 13:42:02.818 [  FINER] [   FXGL.SystemLogger] [JavaFX Application Thread] javafx.runtime.version=8.0.72-b15
13 Jan 2017, 13:42:02.818 [  FINER] [   FXGL.SystemLogger] [JavaFX Application Thread] java.awt.graphicsenv=sun.awt.Win32GraphicsEnvironment
13 Jan 2017, 13:42:02.818 [  FINER] [   FXGL.SystemLogger] [JavaFX Application Thread] java.runtime.version=1.8.0_74-b02
13 Jan 2017, 13:42:02.819 [  FINER] [   FXGL.SystemLogger] [JavaFX Application Thread] java.vm.specification.name=Java Virtual Machine Specification
13 Jan 2017, 13:42:02.819 [  FINER] [   FXGL.SystemLogger] [JavaFX Application Thread] user.dir=C:\Users\Mack\Documents\NetBeansProjects\MotherLoad\MotherLoad
13 Jan 2017, 13:42:02.819 [  FINER] [   FXGL.SystemLogger] [JavaFX Application Thread] user.country=CA
13 Jan 2017, 13:42:02.819 [  FINER] [   FXGL.SystemLogger] [JavaFX Application Thread] user.script=
13 Jan 2017, 13:42:02.819 [  FINER] [   FXGL.SystemLogger] [JavaFX Application Thread] sun.java.launcher=SUN_STANDARD
13 Jan 2017, 13:42:02.820 [  FINER] [   FXGL.SystemLogger] [JavaFX Application Thread] sun.os.patch.level=
13 Jan 2017, 13:42:02.820 [  FINER] [   FXGL.SystemLogger] [JavaFX Application Thread] java.vm.name=Java HotSpot(TM) 64-Bit Server VM
13 Jan 2017, 13:42:02.820 [  FINER] [   FXGL.SystemLogger] [JavaFX Application Thread] file.encoding.pkg=sun.io
13 Jan 2017, 13:42:02.820 [  FINER] [   FXGL.SystemLogger] [JavaFX Application Thread] path.separator=;
13 Jan 2017, 13:42:02.821 [  FINER] [   FXGL.SystemLogger] [JavaFX Application Thread] java.vm.vendor=Oracle Corporation
13 Jan 2017, 13:42:02.821 [  FINER] [   FXGL.SystemLogger] [JavaFX Application Thread] java.vendor.url=http://java.oracle.com/
13 Jan 2017, 13:42:02.821 [  FINER] [   FXGL.SystemLogger] [JavaFX Application Thread] sun.boot.library.path=C:\Program Files\Java\jdk1.8.0_74\jre\bin
13 Jan 2017, 13:42:02.821 [  FINER] [   FXGL.SystemLogger] [JavaFX Application Thread] java.vm.version=25.74-b02
13 Jan 2017, 13:42:02.821 [  FINER] [   FXGL.SystemLogger] [JavaFX Application Thread] java.runtime.name=Java(TM) SE Runtime Environment
13 Jan 2017, 13:42:02.822 [  FINER] [   FXGL.SystemLogger] [JavaFX Application Thread] javafx.version=8.0.72
13 Jan 2017, 13:42:02.827 [   INFO] [   FXGL.SystemLogger] [JavaFX Application Thread] FXGL-0.2.9
13 Jan 2017, 13:42:02.827 [   INFO] [   FXGL.SystemLogger] [JavaFX Application Thread] Source code and latest versions at: https://github.com/AlmasB/FXGL
13 Jan 2017, 13:42:02.828 [   INFO] [   FXGL.SystemLogger] [JavaFX Application Thread]              Join the FXGL chat at: https://gitter.im/AlmasB/FXGL
13 Jan 2017, 13:42:02.832 [  FINER] [   FXGL.SystemLogger] [JavaFX Application Thread] Starting JavaFX
13 Jan 2017, 13:42:02.833 [  FINER] [   FXGL.SystemLogger] [          JavaFX-Launcher] Initializing FXGL
13 Jan 2017, 13:42:02.851 [  FINER] [   FXGL.SystemLogger] [JavaFX Application Thread] Starting FXGL
13 Jan 2017, 13:42:03.102 [  FINER] [   FXGL.SystemLogger] [     FXGL Launcher Thread] Configuring FXGL
13 Jan 2017, 13:42:03.102 [  FINER] [   FXGL.SystemLogger] [     FXGL Launcher Thread] Initializing system properties
13 Jan 2017, 13:42:03.128 [  FINER] [   FXGL.SystemLogger] [     FXGL Launcher Thread] sound.notification = system/notification.wav
13 Jan 2017, 13:42:03.128 [  FINER] [   FXGL.SystemLogger] [     FXGL Launcher Thread] url.storage = https://raw.githubusercontent.com/AlmasB/git-server/master/storage/
13 Jan 2017, 13:42:03.129 [  FINER] [   FXGL.SystemLogger] [     FXGL Launcher Thread] asset.cache.size = 35
13 Jan 2017, 13:42:03.129 [  FINER] [   FXGL.SystemLogger] [     FXGL Launcher Thread] fs.profiledir = profiles/
13 Jan 2017, 13:42:03.130 [  FINER] [   FXGL.SystemLogger] [     FXGL Launcher Thread] url.pom = https://raw.githubusercontent.com/AlmasB/FXGL/master/pom.xml
13 Jan 2017, 13:42:03.130 [  FINER] [   FXGL.SystemLogger] [     FXGL Launcher Thread] dev.showbbox = false
13 Jan 2017, 13:42:03.131 [  FINER] [   FXGL.SystemLogger] [     FXGL Launcher Thread] fs.datafile.ext = .dat
13 Jan 2017, 13:42:03.131 [  FINER] [   FXGL.SystemLogger] [     FXGL Launcher Thread] sound.menu.back = menu/back.wav
13 Jan 2017, 13:42:03.131 [  FINER] [   FXGL.SystemLogger] [     FXGL Launcher Thread] sound.menu.select = menu/select.wav
13 Jan 2017, 13:42:03.132 [  FINER] [   FXGL.SystemLogger] [     FXGL Launcher Thread] url.github = https://github.com/AlmasB/FXGL
13 Jan 2017, 13:42:03.133 [  FINER] [   FXGL.SystemLogger] [     FXGL Launcher Thread] url.surveymonkey = https://www.surveymonkey.co.uk/r/BH6LLPM
13 Jan 2017, 13:42:03.133 [  FINER] [   FXGL.SystemLogger] [     FXGL Launcher Thread] physics.ppm = 50.0
13 Jan 2017, 13:42:03.133 [  FINER] [   FXGL.SystemLogger] [     FXGL Launcher Thread] ui.css = fxgl.css
13 Jan 2017, 13:42:03.134 [  FINER] [   FXGL.SystemLogger] [     FXGL Launcher Thread] version.check.days = 7
13 Jan 2017, 13:42:03.134 [  FINER] [   FXGL.SystemLogger] [     FXGL Launcher Thread] fs.savefile.ext = .sav
13 Jan 2017, 13:42:03.134 [  FINER] [   FXGL.SystemLogger] [     FXGL Launcher Thread] pooling.initialSize = 128
13 Jan 2017, 13:42:03.135 [  FINER] [   FXGL.SystemLogger] [     FXGL Launcher Thread] ui.font = Copperplate_Gothic_Light_Regular.ttf
13 Jan 2017, 13:42:03.136 [  FINER] [   FXGL.SystemLogger] [     FXGL Launcher Thread] fs.savedir = saves/
13 Jan 2017, 13:42:03.136 [  FINER] [   FXGL.SystemLogger] [     FXGL Launcher Thread] fs.profilename = user.profile
13 Jan 2017, 13:42:03.136 [  FINER] [   FXGL.SystemLogger] [     FXGL Launcher Thread] ui.icon.name = fxgl_icon.png
13 Jan 2017, 13:42:03.137 [  FINER] [   FXGL.SystemLogger] [     FXGL Launcher Thread] url.googleforms = https://goo.gl/forms/6wrMnOBxTE1fEpOy2
13 Jan 2017, 13:42:03.137 [  FINER] [   FXGL.SystemLogger] [     FXGL Launcher Thread] sound.menu.press = menu/press.wav
13 Jan 2017, 13:42:03.137 [  FINER] [   FXGL.SystemLogger] [     FXGL Launcher Thread] Initializing user properties
13 Jan 2017, 13:42:03.138 [   INFO] [   FXGL.SystemLogger] [     FXGL Launcher Thread] User properties not found. Using system
13 Jan 2017, 13:42:03.139 [  FINER] [   FXGL.SystemLogger] [     FXGL Launcher Thread] Initializing app settings
13 Jan 2017, 13:42:03.146 [  FINER] [   FXGL.SystemLogger] [     FXGL Launcher Thread] Logging settings
Title: MotherLoad
Version: 0.01 [ALPHA]
Width: 800
Height: 700
Fullscreen: false
Intro: false
Menus: false
Profiling: true
App Mode: DEVELOPER
Menu Style: FXGL_DEFAULT
Menu Key: ESCAPE
Services: []
13 Jan 2017, 13:42:03.780 [  FINER] [   FXGL.SystemLogger] [     FXGL Launcher Thread] FXGL configuration complete
13 Jan 2017, 13:42:03.781 [   INFO] [   FXGL.SystemLogger] [     FXGL Launcher Thread] FXGL configuration took:  0.678 sec
13 Jan 2017, 13:42:03.782 [  FINER] [   FXGL.SystemLogger] [JavaFX Application Thread] Running task: UpdaterTask
13 Jan 2017, 13:42:03.786 [  FINER] [   FXGL.SystemLogger] [     FXGL Launcher Thread] Running task: PreInitTask
13 Jan 2017, 13:42:03.858 [  FINER] [   FXGL.SystemLogger] [     FXGL Launcher Thread] Running task: InitScenesTask
13 Jan 2017, 13:42:04.059 [  FINER] [   FXGL.SystemLogger] [     FXGL Launcher Thread] Running task: InitEventHandlersTask
13 Jan 2017, 13:42:04.097 [  FINER] [   FXGL.SystemLogger] [     FXGL Launcher Thread] Running task: InitProfilerTask
13 Jan 2017, 13:42:04.102 [  FINER] [   FXGL.SystemLogger] [     FXGL Launcher Thread] Pausing main loop
13 Jan 2017, 13:42:04.104 [  FINER] [   FXGL.SystemLogger] [     FXGL Launcher Thread] Resetting FXGL application
13 Jan 2017, 13:42:04.200 [   INFO] [   FXGL.SystemLogger] [     FXGL Launcher Thread] Game configuration took:  0.415 sec
13 Jan 2017, 13:42:04.285 [   INFO] [   FXGL.SystemLogger] [ FXGL Background Thread 1] Game initialization took: 0.085 sec
13 Jan 2017, 13:42:04.350 [  FINER] [   FXGL.SystemLogger] [JavaFX Application Thread] Resuming main loop
13 Jan 2017, 13:42:14.524 [  FINER] [   FXGL.SystemLogger] [JavaFX Application Thread] Exiting Normally
13 Jan 2017, 13:42:14.525 [   INFO] [   FXGL.SystemLogger] [JavaFX Application Thread] Processed Frames: 604
13 Jan 2017, 13:42:14.525 [   INFO] [   FXGL.SystemLogger] [JavaFX Application Thread] Average FPS: 55
13 Jan 2017, 13:42:14.526 [   INFO] [   FXGL.SystemLogger] [JavaFX Application Thread] Avg Performance: 4211
13 Jan 2017, 13:42:14.526 [   INFO] [   FXGL.SystemLogger] [JavaFX Application Thread] Avg Memory Usage: 29 MB
13 Jan 2017, 13:42:14.527 [   INFO] [   FXGL.SystemLogger] [JavaFX Application Thread] Min Memory Usage: 22 MB
13 Jan 2017, 13:42:14.527 [   INFO] [   FXGL.SystemLogger] [JavaFX Application Thread] Max Memory Usage: 35 MB
13 Jan 2017, 13:42:14.527 [   INFO] [   FXGL.SystemLogger] [JavaFX Application Thread] Estimated GC runs: 0
13 Jan 2017, 13:42:14.533 [  FINER] [   FXGL.SystemLogger] [JavaFX Application Thread] Exiting FXGL
13 Jan 2017, 13:42:14.533 [  FINER] [   FXGL.SystemLogger] [JavaFX Application Thread] Logger is closing
