16 Jan 2017, 10:12:49.084 [   INFO] [   FXGL.SystemLogger] [JavaFX Application Thread] System Logger is initialized
16 Jan 2017, 10:12:49.125 [  FINER] [   FXGL.SystemLogger] [JavaFX Application Thread] Logging System Info
16 Jan 2017, 10:12:49.126 [  FINER] [   FXGL.SystemLogger] [JavaFX Application Thread] CPU cores: 8
16 Jan 2017, 10:12:49.132 [  FINER] [   FXGL.SystemLogger] [JavaFX Application Thread] Free Memory: 231MB
16 Jan 2017, 10:12:49.133 [  FINER] [   FXGL.SystemLogger] [JavaFX Application Thread] Max Memory: 3622MB
16 Jan 2017, 10:12:49.134 [  FINER] [   FXGL.SystemLogger] [JavaFX Application Thread] Total Memory: 246MB
16 Jan 2017, 10:12:49.135 [  FINER] [   FXGL.SystemLogger] [JavaFX Application Thread] System Properties:
16 Jan 2017, 10:12:49.138 [  FINER] [   FXGL.SystemLogger] [JavaFX Application Thread] sun.cpu.isalist=amd64
16 Jan 2017, 10:12:49.139 [  FINER] [   FXGL.SystemLogger] [JavaFX Application Thread] sun.desktop=windows
16 Jan 2017, 10:12:49.140 [  FINER] [   FXGL.SystemLogger] [JavaFX Application Thread] sun.io.unicode.encoding=UnicodeLittle
16 Jan 2017, 10:12:49.142 [  FINER] [   FXGL.SystemLogger] [JavaFX Application Thread] sun.cpu.endian=little
16 Jan 2017, 10:12:49.143 [  FINER] [   FXGL.SystemLogger] [JavaFX Application Thread] java.vendor.url.bug=http://bugreport.sun.com/bugreport/
16 Jan 2017, 10:12:49.144 [  FINER] [   FXGL.SystemLogger] [JavaFX Application Thread] file.separator=\
16 Jan 2017, 10:12:49.145 [  FINER] [   FXGL.SystemLogger] [JavaFX Application Thread] java.vendor=Oracle Corporation
16 Jan 2017, 10:12:49.146 [  FINER] [   FXGL.SystemLogger] [JavaFX Application Thread] sun.boot.class.path=C:\Program Files\Java\jdk1.8.0_74\jre\lib\resources.jar;C:\Program Files\Java\jdk1.8.0_74\jre\lib\rt.jar;C:\Program Files\Java\jdk1.8.0_74\jre\lib\sunrsasign.jar;C:\Program Files\Java\jdk1.8.0_74\jre\lib\jsse.jar;C:\Program Files\Java\jdk1.8.0_74\jre\lib\jce.jar;C:\Program Files\Java\jdk1.8.0_74\jre\lib\charsets.jar;C:\Program Files\Java\jdk1.8.0_74\jre\lib\jfr.jar;C:\Program Files\Java\jdk1.8.0_74\jre\classes
16 Jan 2017, 10:12:49.147 [  FINER] [   FXGL.SystemLogger] [JavaFX Application Thread] java.ext.dirs=C:\Program Files\Java\jdk1.8.0_74\jre\lib\ext;C:\WINDOWS\Sun\Java\lib\ext
16 Jan 2017, 10:12:49.148 [  FINER] [   FXGL.SystemLogger] [JavaFX Application Thread] java.version=1.8.0_74
16 Jan 2017, 10:12:49.149 [  FINER] [   FXGL.SystemLogger] [JavaFX Application Thread] java.vm.info=mixed mode
16 Jan 2017, 10:12:49.150 [  FINER] [   FXGL.SystemLogger] [JavaFX Application Thread] awt.toolkit=sun.awt.windows.WToolkit
16 Jan 2017, 10:12:49.151 [  FINER] [   FXGL.SystemLogger] [JavaFX Application Thread] user.language=en
16 Jan 2017, 10:12:49.151 [  FINER] [   FXGL.SystemLogger] [JavaFX Application Thread] java.specification.vendor=Oracle Corporation
16 Jan 2017, 10:12:49.152 [  FINER] [   FXGL.SystemLogger] [JavaFX Application Thread] sun.java.command=io.github.tdselliott.ml.MotherLoadApp
16 Jan 2017, 10:12:49.153 [  FINER] [   FXGL.SystemLogger] [JavaFX Application Thread] java.home=C:\Program Files\Java\jdk1.8.0_74\jre
16 Jan 2017, 10:12:49.154 [  FINER] [   FXGL.SystemLogger] [JavaFX Application Thread] sun.arch.data.model=64
16 Jan 2017, 10:12:49.155 [  FINER] [   FXGL.SystemLogger] [JavaFX Application Thread] java.vm.specification.version=1.8
16 Jan 2017, 10:12:49.155 [  FINER] [   FXGL.SystemLogger] [JavaFX Application Thread] java.class.path=C:\Users\Mack\Documents\NetBeansProjects\MotherLoad\MotherLoad\lib\fxgl-0.2.9-uber.jar;C:\Users\Mack\Documents\NetBeansProjects\MotherLoad\MotherLoad\build\classes
16 Jan 2017, 10:12:49.156 [  FINER] [   FXGL.SystemLogger] [JavaFX Application Thread] user.name=Mack
16 Jan 2017, 10:12:49.157 [  FINER] [   FXGL.SystemLogger] [JavaFX Application Thread] file.encoding=UTF-8
16 Jan 2017, 10:12:49.158 [  FINER] [   FXGL.SystemLogger] [JavaFX Application Thread] java.specification.version=1.8
16 Jan 2017, 10:12:49.158 [  FINER] [   FXGL.SystemLogger] [JavaFX Application Thread] java.awt.printerjob=sun.awt.windows.WPrinterJob
16 Jan 2017, 10:12:49.159 [  FINER] [   FXGL.SystemLogger] [JavaFX Application Thread] user.timezone=America/New_York
16 Jan 2017, 10:12:49.160 [  FINER] [   FXGL.SystemLogger] [JavaFX Application Thread] user.home=C:\Users\Mack
16 Jan 2017, 10:12:49.161 [  FINER] [   FXGL.SystemLogger] [JavaFX Application Thread] os.version=6.3
16 Jan 2017, 10:12:49.162 [  FINER] [   FXGL.SystemLogger] [JavaFX Application Thread] sun.management.compiler=HotSpot 64-Bit Tiered Compilers
16 Jan 2017, 10:12:49.163 [  FINER] [   FXGL.SystemLogger] [JavaFX Application Thread] java.specification.name=Java Platform API Specification
16 Jan 2017, 10:12:49.163 [  FINER] [   FXGL.SystemLogger] [JavaFX Application Thread] java.class.version=52.0
16 Jan 2017, 10:12:49.164 [  FINER] [   FXGL.SystemLogger] [JavaFX Application Thread] java.library.path=C:\Program Files\Java\jdk1.8.0_74\bin;C:\WINDOWS\Sun\Java\bin;C:\WINDOWS\system32;C:\WINDOWS;C:\ProgramData\Oracle\Java\javapath;C:\Program Files (x86)\Intel\iCLS Client\;C:\Program Files\Intel\iCLS Client\;C:\WINDOWS\system32;C:\WINDOWS;C:\WINDOWS\System32\Wbem;C:\WINDOWS\System32\WindowsPowerShell\v1.0\;C:\Program Files\Intel\Intel(R) Management Engine Components\DAL;C:\Program Files\Intel\Intel(R) Management Engine Components\IPT;C:\Program Files (x86)\Intel\Intel(R) Management Engine Components\DAL;C:\Program Files (x86)\Intel\Intel(R) Management Engine Components\IPT;C:\Program Files (x86)\Intel\OpenCL SDK\3.0\bin\x86;C:\Program Files (x86)\Intel\OpenCL SDK\3.0\bin\x64;C:\Program Files (x86)\Skype\Phone\;C:\Program Files (x86)\NVIDIA Corporation\PhysX\Common;%SystemRoot%\system32;%SystemRoot%;%SystemRoot%\System32\Wbem;%SYSTEMROOT%\System32\WindowsPowerShell\v1.0\;.
16 Jan 2017, 10:12:49.165 [  FINER] [   FXGL.SystemLogger] [JavaFX Application Thread] sun.jnu.encoding=Cp1252
16 Jan 2017, 10:12:49.166 [  FINER] [   FXGL.SystemLogger] [JavaFX Application Thread] os.name=Windows 8.1
16 Jan 2017, 10:12:49.167 [  FINER] [   FXGL.SystemLogger] [JavaFX Application Thread] user.variant=
16 Jan 2017, 10:12:49.168 [  FINER] [   FXGL.SystemLogger] [JavaFX Application Thread] java.vm.specification.vendor=Oracle Corporation
16 Jan 2017, 10:12:49.169 [  FINER] [   FXGL.SystemLogger] [JavaFX Application Thread] java.io.tmpdir=C:\Users\Mack\AppData\Local\Temp\
16 Jan 2017, 10:12:49.170 [  FINER] [   FXGL.SystemLogger] [JavaFX Application Thread] line.separator=

16 Jan 2017, 10:12:49.170 [  FINER] [   FXGL.SystemLogger] [JavaFX Application Thread] java.endorsed.dirs=C:\Program Files\Java\jdk1.8.0_74\jre\lib\endorsed
16 Jan 2017, 10:12:49.171 [  FINER] [   FXGL.SystemLogger] [JavaFX Application Thread] os.arch=amd64
16 Jan 2017, 10:12:49.172 [  FINER] [   FXGL.SystemLogger] [JavaFX Application Thread] javafx.runtime.version=8.0.72-b15
16 Jan 2017, 10:12:49.173 [  FINER] [   FXGL.SystemLogger] [JavaFX Application Thread] java.awt.graphicsenv=sun.awt.Win32GraphicsEnvironment
16 Jan 2017, 10:12:49.173 [  FINER] [   FXGL.SystemLogger] [JavaFX Application Thread] java.runtime.version=1.8.0_74-b02
16 Jan 2017, 10:12:49.174 [  FINER] [   FXGL.SystemLogger] [JavaFX Application Thread] java.vm.specification.name=Java Virtual Machine Specification
16 Jan 2017, 10:12:49.175 [  FINER] [   FXGL.SystemLogger] [JavaFX Application Thread] user.dir=C:\Users\Mack\Documents\NetBeansProjects\MotherLoad\MotherLoad
16 Jan 2017, 10:12:49.176 [  FINER] [   FXGL.SystemLogger] [JavaFX Application Thread] user.country=CA
16 Jan 2017, 10:12:49.176 [  FINER] [   FXGL.SystemLogger] [JavaFX Application Thread] user.script=
16 Jan 2017, 10:12:49.177 [  FINER] [   FXGL.SystemLogger] [JavaFX Application Thread] sun.java.launcher=SUN_STANDARD
16 Jan 2017, 10:12:49.178 [  FINER] [   FXGL.SystemLogger] [JavaFX Application Thread] sun.os.patch.level=
16 Jan 2017, 10:12:49.179 [  FINER] [   FXGL.SystemLogger] [JavaFX Application Thread] java.vm.name=Java HotSpot(TM) 64-Bit Server VM
16 Jan 2017, 10:12:49.180 [  FINER] [   FXGL.SystemLogger] [JavaFX Application Thread] file.encoding.pkg=sun.io
16 Jan 2017, 10:12:49.181 [  FINER] [   FXGL.SystemLogger] [JavaFX Application Thread] path.separator=;
16 Jan 2017, 10:12:49.182 [  FINER] [   FXGL.SystemLogger] [JavaFX Application Thread] java.vm.vendor=Oracle Corporation
16 Jan 2017, 10:12:49.183 [  FINER] [   FXGL.SystemLogger] [JavaFX Application Thread] java.vendor.url=http://java.oracle.com/
16 Jan 2017, 10:12:49.183 [  FINER] [   FXGL.SystemLogger] [JavaFX Application Thread] sun.boot.library.path=C:\Program Files\Java\jdk1.8.0_74\jre\bin
16 Jan 2017, 10:12:49.184 [  FINER] [   FXGL.SystemLogger] [JavaFX Application Thread] java.vm.version=25.74-b02
16 Jan 2017, 10:12:49.185 [  FINER] [   FXGL.SystemLogger] [JavaFX Application Thread] java.runtime.name=Java(TM) SE Runtime Environment
16 Jan 2017, 10:12:49.186 [  FINER] [   FXGL.SystemLogger] [JavaFX Application Thread] javafx.version=8.0.72
16 Jan 2017, 10:12:49.200 [   INFO] [   FXGL.SystemLogger] [JavaFX Application Thread] FXGL-0.2.9
16 Jan 2017, 10:12:49.202 [   INFO] [   FXGL.SystemLogger] [JavaFX Application Thread] Source code and latest versions at: https://github.com/AlmasB/FXGL
16 Jan 2017, 10:12:49.203 [   INFO] [   FXGL.SystemLogger] [JavaFX Application Thread]              Join the FXGL chat at: https://gitter.im/AlmasB/FXGL
16 Jan 2017, 10:12:49.221 [  FINER] [   FXGL.SystemLogger] [JavaFX Application Thread] Starting JavaFX
16 Jan 2017, 10:12:49.227 [  FINER] [   FXGL.SystemLogger] [          JavaFX-Launcher] Initializing FXGL
16 Jan 2017, 10:12:49.294 [  FINER] [   FXGL.SystemLogger] [JavaFX Application Thread] Starting FXGL
16 Jan 2017, 10:12:49.983 [  FINER] [   FXGL.SystemLogger] [     FXGL Launcher Thread] Configuring FXGL
16 Jan 2017, 10:12:49.984 [  FINER] [   FXGL.SystemLogger] [     FXGL Launcher Thread] Initializing system properties
16 Jan 2017, 10:12:50.065 [  FINER] [   FXGL.SystemLogger] [     FXGL Launcher Thread] sound.notification = system/notification.wav
16 Jan 2017, 10:12:50.066 [  FINER] [   FXGL.SystemLogger] [     FXGL Launcher Thread] url.storage = https://raw.githubusercontent.com/AlmasB/git-server/master/storage/
16 Jan 2017, 10:12:50.067 [  FINER] [   FXGL.SystemLogger] [     FXGL Launcher Thread] asset.cache.size = 35
16 Jan 2017, 10:12:50.068 [  FINER] [   FXGL.SystemLogger] [     FXGL Launcher Thread] fs.profiledir = profiles/
16 Jan 2017, 10:12:50.068 [  FINER] [   FXGL.SystemLogger] [     FXGL Launcher Thread] url.pom = https://raw.githubusercontent.com/AlmasB/FXGL/master/pom.xml
16 Jan 2017, 10:12:50.069 [  FINER] [   FXGL.SystemLogger] [     FXGL Launcher Thread] dev.showbbox = false
16 Jan 2017, 10:12:50.070 [  FINER] [   FXGL.SystemLogger] [     FXGL Launcher Thread] fs.datafile.ext = .dat
16 Jan 2017, 10:12:50.071 [  FINER] [   FXGL.SystemLogger] [     FXGL Launcher Thread] sound.menu.back = menu/back.wav
16 Jan 2017, 10:12:50.072 [  FINER] [   FXGL.SystemLogger] [     FXGL Launcher Thread] sound.menu.select = menu/select.wav
16 Jan 2017, 10:12:50.073 [  FINER] [   FXGL.SystemLogger] [     FXGL Launcher Thread] url.github = https://github.com/AlmasB/FXGL
16 Jan 2017, 10:12:50.075 [  FINER] [   FXGL.SystemLogger] [     FXGL Launcher Thread] url.surveymonkey = https://www.surveymonkey.co.uk/r/BH6LLPM
16 Jan 2017, 10:12:50.077 [  FINER] [   FXGL.SystemLogger] [     FXGL Launcher Thread] physics.ppm = 50.0
16 Jan 2017, 10:12:50.078 [  FINER] [   FXGL.SystemLogger] [     FXGL Launcher Thread] ui.css = fxgl.css
16 Jan 2017, 10:12:50.079 [  FINER] [   FXGL.SystemLogger] [     FXGL Launcher Thread] version.check.days = 7
16 Jan 2017, 10:12:50.080 [  FINER] [   FXGL.SystemLogger] [     FXGL Launcher Thread] fs.savefile.ext = .sav
16 Jan 2017, 10:12:50.082 [  FINER] [   FXGL.SystemLogger] [     FXGL Launcher Thread] pooling.initialSize = 128
16 Jan 2017, 10:12:50.088 [  FINER] [   FXGL.SystemLogger] [     FXGL Launcher Thread] ui.font = Copperplate_Gothic_Light_Regular.ttf
16 Jan 2017, 10:12:50.089 [  FINER] [   FXGL.SystemLogger] [     FXGL Launcher Thread] fs.savedir = saves/
16 Jan 2017, 10:12:50.090 [  FINER] [   FXGL.SystemLogger] [     FXGL Launcher Thread] fs.profilename = user.profile
16 Jan 2017, 10:12:50.091 [  FINER] [   FXGL.SystemLogger] [     FXGL Launcher Thread] ui.icon.name = fxgl_icon.png
16 Jan 2017, 10:12:50.092 [  FINER] [   FXGL.SystemLogger] [     FXGL Launcher Thread] url.googleforms = https://goo.gl/forms/6wrMnOBxTE1fEpOy2
16 Jan 2017, 10:12:50.093 [  FINER] [   FXGL.SystemLogger] [     FXGL Launcher Thread] sound.menu.press = menu/press.wav
16 Jan 2017, 10:12:50.094 [  FINER] [   FXGL.SystemLogger] [     FXGL Launcher Thread] Initializing user properties
16 Jan 2017, 10:12:50.095 [   INFO] [   FXGL.SystemLogger] [     FXGL Launcher Thread] User properties not found. Using system
16 Jan 2017, 10:12:50.096 [  FINER] [   FXGL.SystemLogger] [     FXGL Launcher Thread] Initializing app settings
16 Jan 2017, 10:12:50.121 [  FINER] [   FXGL.SystemLogger] [     FXGL Launcher Thread] Logging settings
Title: MotherLoad
Version: 0.01 [ALPHA]
Width: 800
Height: 700
Fullscreen: false
Intro: false
Menus: false
Profiling: true
App Mode: DEVELOPER
Menu Style: FXGL_DEFAULT
Menu Key: ESCAPE
Services: []
16 Jan 2017, 10:12:52.270 [  FINER] [   FXGL.SystemLogger] [     FXGL Launcher Thread] FXGL configuration complete
16 Jan 2017, 10:12:52.271 [   INFO] [   FXGL.SystemLogger] [     FXGL Launcher Thread] FXGL configuration took:  2.286 sec
16 Jan 2017, 10:12:52.274 [  FINER] [   FXGL.SystemLogger] [JavaFX Application Thread] Running task: UpdaterTask
16 Jan 2017, 10:12:52.284 [  FINER] [   FXGL.SystemLogger] [     FXGL Launcher Thread] Running task: PreInitTask
16 Jan 2017, 10:12:52.496 [  FINER] [   FXGL.SystemLogger] [     FXGL Launcher Thread] Running task: InitScenesTask
16 Jan 2017, 10:12:53.067 [  FINER] [   FXGL.SystemLogger] [     FXGL Launcher Thread] Running task: InitEventHandlersTask
16 Jan 2017, 10:12:53.209 [  FINER] [   FXGL.SystemLogger] [     FXGL Launcher Thread] Running task: InitProfilerTask
16 Jan 2017, 10:12:53.231 [  FINER] [   FXGL.SystemLogger] [     FXGL Launcher Thread] Pausing main loop
16 Jan 2017, 10:12:53.242 [  FINER] [   FXGL.SystemLogger] [     FXGL Launcher Thread] Resetting FXGL application
16 Jan 2017, 10:12:53.553 [   INFO] [   FXGL.SystemLogger] [     FXGL Launcher Thread] Game configuration took:  1.269 sec
16 Jan 2017, 10:12:55.741 [   INFO] [   FXGL.SystemLogger] [ FXGL Background Thread 1] Game initialization took: 2.187 sec
16 Jan 2017, 10:12:55.744 [  FINER] [   FXGL.SystemLogger] [JavaFX Application Thread] Resuming main loop
16 Jan 2017, 10:13:50.346 [  FINER] [   FXGL.SystemLogger] [JavaFX Application Thread] Exiting Normally
16 Jan 2017, 10:13:50.349 [   INFO] [   FXGL.SystemLogger] [JavaFX Application Thread] Processed Frames: 3095
16 Jan 2017, 10:13:50.351 [   INFO] [   FXGL.SystemLogger] [JavaFX Application Thread] Average FPS: 61
16 Jan 2017, 10:13:50.352 [   INFO] [   FXGL.SystemLogger] [JavaFX Application Thread] Avg Performance: 178
16 Jan 2017, 10:13:50.353 [   INFO] [   FXGL.SystemLogger] [JavaFX Application Thread] Avg Memory Usage: 123 MB
16 Jan 2017, 10:13:50.354 [   INFO] [   FXGL.SystemLogger] [JavaFX Application Thread] Min Memory Usage: 92 MB
16 Jan 2017, 10:13:50.355 [   INFO] [   FXGL.SystemLogger] [JavaFX Application Thread] Max Memory Usage: 144 MB
16 Jan 2017, 10:13:50.356 [   INFO] [   FXGL.SystemLogger] [JavaFX Application Thread] Estimated GC runs: 0
16 Jan 2017, 10:13:50.381 [  FINER] [   FXGL.SystemLogger] [JavaFX Application Thread] Exiting FXGL
16 Jan 2017, 10:13:50.382 [  FINER] [   FXGL.SystemLogger] [JavaFX Application Thread] Logger is closing
