23 Jan 2017, 12:02:42.667 [   INFO] [   FXGL.SystemLogger] [JavaFX Application Thread] System Logger is initialized
23 Jan 2017, 12:02:42.689 [  FINER] [   FXGL.SystemLogger] [JavaFX Application Thread] Logging System Info
23 Jan 2017, 12:02:42.690 [  FINER] [   FXGL.SystemLogger] [JavaFX Application Thread] CPU cores: 4
23 Jan 2017, 12:02:42.692 [  FINER] [   FXGL.SystemLogger] [JavaFX Application Thread] Free Memory: 230MB
23 Jan 2017, 12:02:42.692 [  FINER] [   FXGL.SystemLogger] [JavaFX Application Thread] Max Memory: 3620MB
23 Jan 2017, 12:02:42.693 [  FINER] [   FXGL.SystemLogger] [JavaFX Application Thread] Total Memory: 246MB
23 Jan 2017, 12:02:42.694 [  FINER] [   FXGL.SystemLogger] [JavaFX Application Thread] System Properties:
23 Jan 2017, 12:02:42.696 [  FINER] [   FXGL.SystemLogger] [JavaFX Application Thread] sun.cpu.isalist=amd64
23 Jan 2017, 12:02:42.697 [  FINER] [   FXGL.SystemLogger] [JavaFX Application Thread] sun.desktop=windows
23 Jan 2017, 12:02:42.697 [  FINER] [   FXGL.SystemLogger] [JavaFX Application Thread] sun.io.unicode.encoding=UnicodeLittle
23 Jan 2017, 12:02:42.697 [  FINER] [   FXGL.SystemLogger] [JavaFX Application Thread] sun.cpu.endian=little
23 Jan 2017, 12:02:42.698 [  FINER] [   FXGL.SystemLogger] [JavaFX Application Thread] java.vendor.url.bug=http://bugreport.sun.com/bugreport/
23 Jan 2017, 12:02:42.698 [  FINER] [   FXGL.SystemLogger] [JavaFX Application Thread] file.separator=\
23 Jan 2017, 12:02:42.698 [  FINER] [   FXGL.SystemLogger] [JavaFX Application Thread] java.vendor=Oracle Corporation
23 Jan 2017, 12:02:42.699 [  FINER] [   FXGL.SystemLogger] [JavaFX Application Thread] sun.boot.class.path=C:\Program Files\Java\jdk1.8.0_111\jre\lib\resources.jar;C:\Program Files\Java\jdk1.8.0_111\jre\lib\rt.jar;C:\Program Files\Java\jdk1.8.0_111\jre\lib\sunrsasign.jar;C:\Program Files\Java\jdk1.8.0_111\jre\lib\jsse.jar;C:\Program Files\Java\jdk1.8.0_111\jre\lib\jce.jar;C:\Program Files\Java\jdk1.8.0_111\jre\lib\charsets.jar;C:\Program Files\Java\jdk1.8.0_111\jre\lib\jfr.jar;C:\Program Files\Java\jdk1.8.0_111\jre\classes
23 Jan 2017, 12:02:42.699 [  FINER] [   FXGL.SystemLogger] [JavaFX Application Thread] java.ext.dirs=C:\Program Files\Java\jdk1.8.0_111\jre\lib\ext;C:\WINDOWS\Sun\Java\lib\ext
23 Jan 2017, 12:02:42.699 [  FINER] [   FXGL.SystemLogger] [JavaFX Application Thread] java.version=1.8.0_111
23 Jan 2017, 12:02:42.700 [  FINER] [   FXGL.SystemLogger] [JavaFX Application Thread] java.vm.info=mixed mode
23 Jan 2017, 12:02:42.700 [  FINER] [   FXGL.SystemLogger] [JavaFX Application Thread] awt.toolkit=sun.awt.windows.WToolkit
23 Jan 2017, 12:02:42.700 [  FINER] [   FXGL.SystemLogger] [JavaFX Application Thread] user.language=en
23 Jan 2017, 12:02:42.703 [  FINER] [   FXGL.SystemLogger] [JavaFX Application Thread] java.specification.vendor=Oracle Corporation
23 Jan 2017, 12:02:42.703 [  FINER] [   FXGL.SystemLogger] [JavaFX Application Thread] sun.java.command=io.github.tdselliott.ml.MotherLoadApp
23 Jan 2017, 12:02:42.704 [  FINER] [   FXGL.SystemLogger] [JavaFX Application Thread] java.home=C:\Program Files\Java\jdk1.8.0_111\jre
23 Jan 2017, 12:02:42.704 [  FINER] [   FXGL.SystemLogger] [JavaFX Application Thread] sun.arch.data.model=64
23 Jan 2017, 12:02:42.705 [  FINER] [   FXGL.SystemLogger] [JavaFX Application Thread] java.vm.specification.version=1.8
23 Jan 2017, 12:02:42.705 [  FINER] [   FXGL.SystemLogger] [JavaFX Application Thread] java.class.path=C:\Users\Vic Spet\Documents\NetBeansProjects\MotherLoadProject\MotherLoad\lib\fxgl-0.2.9-uber.jar;C:\Users\Vic Spet\Documents\NetBeansProjects\MotherLoadProject\MotherLoad\build\classes
23 Jan 2017, 12:02:42.706 [  FINER] [   FXGL.SystemLogger] [JavaFX Application Thread] user.name=Vic Spet
23 Jan 2017, 12:02:42.707 [  FINER] [   FXGL.SystemLogger] [JavaFX Application Thread] file.encoding=UTF-8
23 Jan 2017, 12:02:42.708 [  FINER] [   FXGL.SystemLogger] [JavaFX Application Thread] java.specification.version=1.8
23 Jan 2017, 12:02:42.708 [  FINER] [   FXGL.SystemLogger] [JavaFX Application Thread] java.awt.printerjob=sun.awt.windows.WPrinterJob
23 Jan 2017, 12:02:42.708 [  FINER] [   FXGL.SystemLogger] [JavaFX Application Thread] user.timezone=America/New_York
23 Jan 2017, 12:02:42.709 [  FINER] [   FXGL.SystemLogger] [JavaFX Application Thread] user.home=C:\Users\Vic Spet
23 Jan 2017, 12:02:42.710 [  FINER] [   FXGL.SystemLogger] [JavaFX Application Thread] os.version=10.0
23 Jan 2017, 12:02:42.711 [  FINER] [   FXGL.SystemLogger] [JavaFX Application Thread] sun.management.compiler=HotSpot 64-Bit Tiered Compilers
23 Jan 2017, 12:02:42.711 [  FINER] [   FXGL.SystemLogger] [JavaFX Application Thread] java.specification.name=Java Platform API Specification
23 Jan 2017, 12:02:42.712 [  FINER] [   FXGL.SystemLogger] [JavaFX Application Thread] java.class.version=52.0
23 Jan 2017, 12:02:42.712 [  FINER] [   FXGL.SystemLogger] [JavaFX Application Thread] java.library.path=C:\Program Files\Java\jdk1.8.0_111\bin;C:\WINDOWS\Sun\Java\bin;C:\WINDOWS\system32;C:\WINDOWS;C:\ProgramData\Oracle\Java\javapath;C:\Program Files (x86)\Intel\iCLS Client\;C:\Program Files\Intel\iCLS Client\;C:\Windows\system32;C:\Windows;C:\Windows\System32\Wbem;C:\Windows\System32\WindowsPowerShell\v1.0\;C:\Program Files (x86)\Intel\Intel(R) Management Engine Components\DAL;C:\Program Files\Intel\Intel(R) Management Engine Components\DAL;C:\Program Files (x86)\Intel\Intel(R) Management Engine Components\IPT;C:\Program Files\Intel\Intel(R) Management Engine Components\IPT;C:\Program Files (x86)\NVIDIA Corporation\PhysX\Common;C:\Program Files\Intel\WiFi\bin\;C:\Program Files\Common Files\Intel\WirelessCommon\;C:\WINDOWS\system32;C:\WINDOWS;C:\WINDOWS\System32\Wbem;C:\WINDOWS\System32\WindowsPowerShell\v1.0\;C:\Program Files (x86)\AOMEI Backupper;C:\Users\Vic Spet\AppData\Local\Microsoft\WindowsApps;;.
23 Jan 2017, 12:02:42.713 [  FINER] [   FXGL.SystemLogger] [JavaFX Application Thread] sun.jnu.encoding=Cp1252
23 Jan 2017, 12:02:42.713 [  FINER] [   FXGL.SystemLogger] [JavaFX Application Thread] os.name=Windows 10
23 Jan 2017, 12:02:42.713 [  FINER] [   FXGL.SystemLogger] [JavaFX Application Thread] user.variant=
23 Jan 2017, 12:02:42.713 [  FINER] [   FXGL.SystemLogger] [JavaFX Application Thread] java.vm.specification.vendor=Oracle Corporation
23 Jan 2017, 12:02:42.716 [  FINER] [   FXGL.SystemLogger] [JavaFX Application Thread] java.io.tmpdir=C:\Users\VICSPE~1\AppData\Local\Temp\
23 Jan 2017, 12:02:42.716 [  FINER] [   FXGL.SystemLogger] [JavaFX Application Thread] line.separator=

23 Jan 2017, 12:02:42.716 [  FINER] [   FXGL.SystemLogger] [JavaFX Application Thread] java.endorsed.dirs=C:\Program Files\Java\jdk1.8.0_111\jre\lib\endorsed
23 Jan 2017, 12:02:42.716 [  FINER] [   FXGL.SystemLogger] [JavaFX Application Thread] os.arch=amd64
23 Jan 2017, 12:02:42.717 [  FINER] [   FXGL.SystemLogger] [JavaFX Application Thread] javafx.runtime.version=8.0.111-b14
23 Jan 2017, 12:02:42.717 [  FINER] [   FXGL.SystemLogger] [JavaFX Application Thread] java.awt.graphicsenv=sun.awt.Win32GraphicsEnvironment
23 Jan 2017, 12:02:42.717 [  FINER] [   FXGL.SystemLogger] [JavaFX Application Thread] java.runtime.version=1.8.0_111-b14
23 Jan 2017, 12:02:42.717 [  FINER] [   FXGL.SystemLogger] [JavaFX Application Thread] java.vm.specification.name=Java Virtual Machine Specification
23 Jan 2017, 12:02:42.718 [  FINER] [   FXGL.SystemLogger] [JavaFX Application Thread] user.dir=C:\Users\Vic Spet\Documents\NetBeansProjects\MotherLoadProject\MotherLoad
23 Jan 2017, 12:02:42.718 [  FINER] [   FXGL.SystemLogger] [JavaFX Application Thread] user.country=CA
23 Jan 2017, 12:02:42.718 [  FINER] [   FXGL.SystemLogger] [JavaFX Application Thread] user.script=
23 Jan 2017, 12:02:42.719 [  FINER] [   FXGL.SystemLogger] [JavaFX Application Thread] sun.java.launcher=SUN_STANDARD
23 Jan 2017, 12:02:42.719 [  FINER] [   FXGL.SystemLogger] [JavaFX Application Thread] sun.os.patch.level=
23 Jan 2017, 12:02:42.719 [  FINER] [   FXGL.SystemLogger] [JavaFX Application Thread] java.vm.name=Java HotSpot(TM) 64-Bit Server VM
23 Jan 2017, 12:02:42.719 [  FINER] [   FXGL.SystemLogger] [JavaFX Application Thread] file.encoding.pkg=sun.io
23 Jan 2017, 12:02:42.720 [  FINER] [   FXGL.SystemLogger] [JavaFX Application Thread] path.separator=;
23 Jan 2017, 12:02:42.720 [  FINER] [   FXGL.SystemLogger] [JavaFX Application Thread] java.vm.vendor=Oracle Corporation
23 Jan 2017, 12:02:42.720 [  FINER] [   FXGL.SystemLogger] [JavaFX Application Thread] java.vendor.url=http://java.oracle.com/
23 Jan 2017, 12:02:42.721 [  FINER] [   FXGL.SystemLogger] [JavaFX Application Thread] sun.boot.library.path=C:\Program Files\Java\jdk1.8.0_111\jre\bin
23 Jan 2017, 12:02:42.721 [  FINER] [   FXGL.SystemLogger] [JavaFX Application Thread] java.vm.version=25.111-b14
23 Jan 2017, 12:02:42.721 [  FINER] [   FXGL.SystemLogger] [JavaFX Application Thread] java.runtime.name=Java(TM) SE Runtime Environment
23 Jan 2017, 12:02:42.722 [  FINER] [   FXGL.SystemLogger] [JavaFX Application Thread] javafx.version=8.0.111
23 Jan 2017, 12:02:42.726 [   INFO] [   FXGL.SystemLogger] [JavaFX Application Thread] FXGL-0.2.9
23 Jan 2017, 12:02:42.727 [   INFO] [   FXGL.SystemLogger] [JavaFX Application Thread] Source code and latest versions at: https://github.com/AlmasB/FXGL
23 Jan 2017, 12:02:42.729 [   INFO] [   FXGL.SystemLogger] [JavaFX Application Thread]              Join the FXGL chat at: https://gitter.im/AlmasB/FXGL
23 Jan 2017, 12:02:42.788 [  FINER] [   FXGL.SystemLogger] [JavaFX Application Thread] Starting JavaFX
23 Jan 2017, 12:02:42.789 [  FINER] [   FXGL.SystemLogger] [          JavaFX-Launcher] Initializing FXGL
23 Jan 2017, 12:02:42.809 [  FINER] [   FXGL.SystemLogger] [JavaFX Application Thread] Starting FXGL
23 Jan 2017, 12:02:43.224 [  FINER] [   FXGL.SystemLogger] [     FXGL Launcher Thread] Configuring FXGL
23 Jan 2017, 12:02:43.225 [  FINER] [   FXGL.SystemLogger] [     FXGL Launcher Thread] Initializing system properties
23 Jan 2017, 12:02:43.244 [  FINER] [   FXGL.SystemLogger] [     FXGL Launcher Thread] sound.notification = system/notification.wav
23 Jan 2017, 12:02:43.245 [  FINER] [   FXGL.SystemLogger] [     FXGL Launcher Thread] url.storage = https://raw.githubusercontent.com/AlmasB/git-server/master/storage/
23 Jan 2017, 12:02:43.245 [  FINER] [   FXGL.SystemLogger] [     FXGL Launcher Thread] asset.cache.size = 35
23 Jan 2017, 12:02:43.245 [  FINER] [   FXGL.SystemLogger] [     FXGL Launcher Thread] fs.profiledir = profiles/
23 Jan 2017, 12:02:43.246 [  FINER] [   FXGL.SystemLogger] [     FXGL Launcher Thread] url.pom = https://raw.githubusercontent.com/AlmasB/FXGL/master/pom.xml
23 Jan 2017, 12:02:43.246 [  FINER] [   FXGL.SystemLogger] [     FXGL Launcher Thread] dev.showbbox = false
23 Jan 2017, 12:02:43.246 [  FINER] [   FXGL.SystemLogger] [     FXGL Launcher Thread] fs.datafile.ext = .dat
23 Jan 2017, 12:02:43.247 [  FINER] [   FXGL.SystemLogger] [     FXGL Launcher Thread] sound.menu.back = menu/back.wav
23 Jan 2017, 12:02:43.247 [  FINER] [   FXGL.SystemLogger] [     FXGL Launcher Thread] sound.menu.select = menu/select.wav
23 Jan 2017, 12:02:43.247 [  FINER] [   FXGL.SystemLogger] [     FXGL Launcher Thread] url.github = https://github.com/AlmasB/FXGL
23 Jan 2017, 12:02:43.247 [  FINER] [   FXGL.SystemLogger] [     FXGL Launcher Thread] url.surveymonkey = https://www.surveymonkey.co.uk/r/BH6LLPM
23 Jan 2017, 12:02:43.248 [  FINER] [   FXGL.SystemLogger] [     FXGL Launcher Thread] physics.ppm = 50.0
23 Jan 2017, 12:02:43.248 [  FINER] [   FXGL.SystemLogger] [     FXGL Launcher Thread] ui.css = fxgl.css
23 Jan 2017, 12:02:43.248 [  FINER] [   FXGL.SystemLogger] [     FXGL Launcher Thread] version.check.days = 7
23 Jan 2017, 12:02:43.248 [  FINER] [   FXGL.SystemLogger] [     FXGL Launcher Thread] fs.savefile.ext = .sav
23 Jan 2017, 12:02:43.248 [  FINER] [   FXGL.SystemLogger] [     FXGL Launcher Thread] pooling.initialSize = 128
23 Jan 2017, 12:02:43.249 [  FINER] [   FXGL.SystemLogger] [     FXGL Launcher Thread] ui.font = Copperplate_Gothic_Light_Regular.ttf
23 Jan 2017, 12:02:43.249 [  FINER] [   FXGL.SystemLogger] [     FXGL Launcher Thread] fs.savedir = saves/
23 Jan 2017, 12:02:43.249 [  FINER] [   FXGL.SystemLogger] [     FXGL Launcher Thread] fs.profilename = user.profile
23 Jan 2017, 12:02:43.249 [  FINER] [   FXGL.SystemLogger] [     FXGL Launcher Thread] ui.icon.name = fxgl_icon.png
23 Jan 2017, 12:02:43.249 [  FINER] [   FXGL.SystemLogger] [     FXGL Launcher Thread] url.googleforms = https://goo.gl/forms/6wrMnOBxTE1fEpOy2
23 Jan 2017, 12:02:43.250 [  FINER] [   FXGL.SystemLogger] [     FXGL Launcher Thread] sound.menu.press = menu/press.wav
23 Jan 2017, 12:02:43.250 [  FINER] [   FXGL.SystemLogger] [     FXGL Launcher Thread] Initializing user properties
23 Jan 2017, 12:02:43.250 [   INFO] [   FXGL.SystemLogger] [     FXGL Launcher Thread] User properties not found. Using system
23 Jan 2017, 12:02:43.251 [  FINER] [   FXGL.SystemLogger] [     FXGL Launcher Thread] Initializing app settings
23 Jan 2017, 12:02:43.257 [  FINER] [   FXGL.SystemLogger] [     FXGL Launcher Thread] Logging settings
Title: MotherLoad
Version: 0.5 [BETA]
Width: 800
Height: 700
Fullscreen: false
Intro: false
Menus: true
Profiling: true
App Mode: DEVELOPER
Menu Style: WARCRAFT3
Menu Key: ESCAPE
Services: []
23 Jan 2017, 12:02:43.909 [  FINER] [   FXGL.SystemLogger] [     FXGL Launcher Thread] FXGL configuration complete
23 Jan 2017, 12:02:43.909 [   INFO] [   FXGL.SystemLogger] [     FXGL Launcher Thread] FXGL configuration took:  0.684 sec
23 Jan 2017, 12:02:43.912 [  FINER] [   FXGL.SystemLogger] [JavaFX Application Thread] Running task: UpdaterTask
23 Jan 2017, 12:02:43.917 [  FINER] [   FXGL.SystemLogger] [     FXGL Launcher Thread] Running task: PreInitTask
23 Jan 2017, 12:02:43.985 [  FINER] [   FXGL.SystemLogger] [     FXGL Launcher Thread] Running task: InitScenesTask
23 Jan 2017, 12:02:44.280 [  FINER] [   FXGL.SystemLogger] [     FXGL Launcher Thread] Running task: InitEventHandlersTask
23 Jan 2017, 12:02:44.305 [  FINER] [   FXGL.SystemLogger] [     FXGL Launcher Thread] Running task: InitProfilerTask
23 Jan 2017, 12:02:44.355 [   INFO] [   FXGL.SystemLogger] [     FXGL Launcher Thread] Game configuration took:  0.439 sec
23 Jan 2017, 12:02:46.576 [  FINER] [   FXGL.SystemLogger] [JavaFX Application Thread] Pausing main loop
23 Jan 2017, 12:02:46.577 [  FINER] [   FXGL.SystemLogger] [JavaFX Application Thread] Resetting FXGL application
23 Jan 2017, 12:02:46.775 [   INFO] [   FXGL.SystemLogger] [ FXGL Background Thread 1] Game initialization took: 0.126 sec
23 Jan 2017, 12:02:46.775 [  FINER] [   FXGL.SystemLogger] [JavaFX Application Thread] Resuming main loop
23 Jan 2017, 12:03:00.236 [  FINER] [   FXGL.SystemLogger] [JavaFX Application Thread] Exiting Normally
23 Jan 2017, 12:03:00.245 [   INFO] [   FXGL.SystemLogger] [JavaFX Application Thread] Processed Frames: 796
23 Jan 2017, 12:03:00.246 [   INFO] [   FXGL.SystemLogger] [JavaFX Application Thread] Average FPS: 59
23 Jan 2017, 12:03:00.246 [   INFO] [   FXGL.SystemLogger] [JavaFX Application Thread] Avg Performance: 3100
23 Jan 2017, 12:03:00.246 [   INFO] [   FXGL.SystemLogger] [JavaFX Application Thread] Avg Memory Usage: 187 MB
23 Jan 2017, 12:03:00.247 [   INFO] [   FXGL.SystemLogger] [JavaFX Application Thread] Min Memory Usage: 94 MB
23 Jan 2017, 12:03:00.247 [   INFO] [   FXGL.SystemLogger] [JavaFX Application Thread] Max Memory Usage: 278 MB
23 Jan 2017, 12:03:00.247 [   INFO] [   FXGL.SystemLogger] [JavaFX Application Thread] Estimated GC runs: 1
23 Jan 2017, 12:03:00.250 [  FINER] [   FXGL.SystemLogger] [JavaFX Application Thread] Exiting FXGL
23 Jan 2017, 12:03:00.251 [  FINER] [   FXGL.SystemLogger] [JavaFX Application Thread] Logger is closing
