14 Jan 2017, 20:40:55.555 [   INFO] [   FXGL.SystemLogger] [JavaFX Application Thread] System Logger is initialized
14 Jan 2017, 20:40:55.566 [  FINER] [   FXGL.SystemLogger] [JavaFX Application Thread] Logging System Info
14 Jan 2017, 20:40:55.566 [  FINER] [   FXGL.SystemLogger] [JavaFX Application Thread] CPU cores: 8
14 Jan 2017, 20:40:55.569 [  FINER] [   FXGL.SystemLogger] [JavaFX Application Thread] Free Memory: 231MB
14 Jan 2017, 20:40:55.569 [  FINER] [   FXGL.SystemLogger] [JavaFX Application Thread] Max Memory: 3634MB
14 Jan 2017, 20:40:55.569 [  FINER] [   FXGL.SystemLogger] [JavaFX Application Thread] Total Memory: 246MB
14 Jan 2017, 20:40:55.569 [  FINER] [   FXGL.SystemLogger] [JavaFX Application Thread] System Properties:
14 Jan 2017, 20:40:55.571 [  FINER] [   FXGL.SystemLogger] [JavaFX Application Thread] sun.cpu.isalist=amd64
14 Jan 2017, 20:40:55.571 [  FINER] [   FXGL.SystemLogger] [JavaFX Application Thread] sun.desktop=windows
14 Jan 2017, 20:40:55.571 [  FINER] [   FXGL.SystemLogger] [JavaFX Application Thread] sun.io.unicode.encoding=UnicodeLittle
14 Jan 2017, 20:40:55.571 [  FINER] [   FXGL.SystemLogger] [JavaFX Application Thread] sun.cpu.endian=little
14 Jan 2017, 20:40:55.571 [  FINER] [   FXGL.SystemLogger] [JavaFX Application Thread] java.vendor.url.bug=http://bugreport.sun.com/bugreport/
14 Jan 2017, 20:40:55.572 [  FINER] [   FXGL.SystemLogger] [JavaFX Application Thread] file.separator=\
14 Jan 2017, 20:40:55.572 [  FINER] [   FXGL.SystemLogger] [JavaFX Application Thread] java.vendor=Oracle Corporation
14 Jan 2017, 20:40:55.572 [  FINER] [   FXGL.SystemLogger] [JavaFX Application Thread] sun.boot.class.path=C:\Program Files\Java\jdk1.8.0_112\jre\lib\resources.jar;C:\Program Files\Java\jdk1.8.0_112\jre\lib\rt.jar;C:\Program Files\Java\jdk1.8.0_112\jre\lib\sunrsasign.jar;C:\Program Files\Java\jdk1.8.0_112\jre\lib\jsse.jar;C:\Program Files\Java\jdk1.8.0_112\jre\lib\jce.jar;C:\Program Files\Java\jdk1.8.0_112\jre\lib\charsets.jar;C:\Program Files\Java\jdk1.8.0_112\jre\lib\jfr.jar;C:\Program Files\Java\jdk1.8.0_112\jre\classes
14 Jan 2017, 20:40:55.572 [  FINER] [   FXGL.SystemLogger] [JavaFX Application Thread] java.ext.dirs=C:\Program Files\Java\jdk1.8.0_112\jre\lib\ext;C:\WINDOWS\Sun\Java\lib\ext
14 Jan 2017, 20:40:55.573 [  FINER] [   FXGL.SystemLogger] [JavaFX Application Thread] java.version=1.8.0_112
14 Jan 2017, 20:40:55.573 [  FINER] [   FXGL.SystemLogger] [JavaFX Application Thread] java.vm.info=mixed mode
14 Jan 2017, 20:40:55.573 [  FINER] [   FXGL.SystemLogger] [JavaFX Application Thread] awt.toolkit=sun.awt.windows.WToolkit
14 Jan 2017, 20:40:55.573 [  FINER] [   FXGL.SystemLogger] [JavaFX Application Thread] user.language=en
14 Jan 2017, 20:40:55.574 [  FINER] [   FXGL.SystemLogger] [JavaFX Application Thread] java.specification.vendor=Oracle Corporation
14 Jan 2017, 20:40:55.574 [  FINER] [   FXGL.SystemLogger] [JavaFX Application Thread] sun.java.command=io.github.tdselliott.ml.MotherLoadApp
14 Jan 2017, 20:40:55.574 [  FINER] [   FXGL.SystemLogger] [JavaFX Application Thread] java.home=C:\Program Files\Java\jdk1.8.0_112\jre
14 Jan 2017, 20:40:55.574 [  FINER] [   FXGL.SystemLogger] [JavaFX Application Thread] sun.arch.data.model=64
14 Jan 2017, 20:40:55.574 [  FINER] [   FXGL.SystemLogger] [JavaFX Application Thread] java.vm.specification.version=1.8
14 Jan 2017, 20:40:55.575 [  FINER] [   FXGL.SystemLogger] [JavaFX Application Thread] java.class.path=I:\Documents\NetBeansProjects\MotherLoad\MotherLoad\lib\fxgl-0.2.9-uber.jar;I:\Documents\NetBeansProjects\MotherLoad\MotherLoad\build\classes
14 Jan 2017, 20:40:55.575 [  FINER] [   FXGL.SystemLogger] [JavaFX Application Thread] user.name=macko
14 Jan 2017, 20:40:55.575 [  FINER] [   FXGL.SystemLogger] [JavaFX Application Thread] file.encoding=UTF-8
14 Jan 2017, 20:40:55.576 [  FINER] [   FXGL.SystemLogger] [JavaFX Application Thread] java.specification.version=1.8
14 Jan 2017, 20:40:55.576 [  FINER] [   FXGL.SystemLogger] [JavaFX Application Thread] java.awt.printerjob=sun.awt.windows.WPrinterJob
14 Jan 2017, 20:40:55.576 [  FINER] [   FXGL.SystemLogger] [JavaFX Application Thread] user.timezone=America/Indianapolis
14 Jan 2017, 20:40:55.576 [  FINER] [   FXGL.SystemLogger] [JavaFX Application Thread] user.home=C:\Users\macko
14 Jan 2017, 20:40:55.577 [  FINER] [   FXGL.SystemLogger] [JavaFX Application Thread] os.version=10.0
14 Jan 2017, 20:40:55.577 [  FINER] [   FXGL.SystemLogger] [JavaFX Application Thread] sun.management.compiler=HotSpot 64-Bit Tiered Compilers
14 Jan 2017, 20:40:55.577 [  FINER] [   FXGL.SystemLogger] [JavaFX Application Thread] java.specification.name=Java Platform API Specification
14 Jan 2017, 20:40:55.577 [  FINER] [   FXGL.SystemLogger] [JavaFX Application Thread] java.class.version=52.0
14 Jan 2017, 20:40:55.578 [  FINER] [   FXGL.SystemLogger] [JavaFX Application Thread] java.library.path=C:\Program Files\Java\jdk1.8.0_112\bin;C:\WINDOWS\Sun\Java\bin;C:\WINDOWS\system32;C:\WINDOWS;C:\ProgramData\Oracle\Java\javapath;C:\Windows\system32;C:\Windows;C:\Windows\System32\Wbem;C:\Windows\System32\WindowsPowerShell\v1.0\;C:\Program Files (x86)\Windows Live\Shared;C:\Program Files (x86)\Skype\Phone\;C:\WINDOWS\system32;C:\WINDOWS;C:\WINDOWS\System32\Wbem;C:\WINDOWS\System32\WindowsPowerShell\v1.0\;C:\Program Files\OpenSSH\bin;C:\Program Files (x86)\GtkSharp\2.12\bin;C:\adb;D:\Programs\Brackets\command;C:\Program Files (x86)\NVIDIA Corporation\PhysX\Common;%SystemRoot%\system32;%SystemRoot%;%SystemRoot%\System32\Wbem;%SYSTEMROOT%\System32\WindowsPowerShell\v1.0\;C:\Users\macko\AppData\Local\Microsoft\WindowsApps;;.
14 Jan 2017, 20:40:55.578 [  FINER] [   FXGL.SystemLogger] [JavaFX Application Thread] sun.jnu.encoding=Cp1252
14 Jan 2017, 20:40:55.578 [  FINER] [   FXGL.SystemLogger] [JavaFX Application Thread] os.name=Windows 10
14 Jan 2017, 20:40:55.578 [  FINER] [   FXGL.SystemLogger] [JavaFX Application Thread] user.variant=
14 Jan 2017, 20:40:55.579 [  FINER] [   FXGL.SystemLogger] [JavaFX Application Thread] java.vm.specification.vendor=Oracle Corporation
14 Jan 2017, 20:40:55.579 [  FINER] [   FXGL.SystemLogger] [JavaFX Application Thread] java.io.tmpdir=C:\Users\macko\AppData\Local\Temp\
14 Jan 2017, 20:40:55.579 [  FINER] [   FXGL.SystemLogger] [JavaFX Application Thread] line.separator=

14 Jan 2017, 20:40:55.580 [  FINER] [   FXGL.SystemLogger] [JavaFX Application Thread] java.endorsed.dirs=C:\Program Files\Java\jdk1.8.0_112\jre\lib\endorsed
14 Jan 2017, 20:40:55.580 [  FINER] [   FXGL.SystemLogger] [JavaFX Application Thread] os.arch=amd64
14 Jan 2017, 20:40:55.580 [  FINER] [   FXGL.SystemLogger] [JavaFX Application Thread] javafx.runtime.version=8.0.112-b15
14 Jan 2017, 20:40:55.580 [  FINER] [   FXGL.SystemLogger] [JavaFX Application Thread] java.awt.graphicsenv=sun.awt.Win32GraphicsEnvironment
14 Jan 2017, 20:40:55.580 [  FINER] [   FXGL.SystemLogger] [JavaFX Application Thread] java.runtime.version=1.8.0_112-b15
14 Jan 2017, 20:40:55.581 [  FINER] [   FXGL.SystemLogger] [JavaFX Application Thread] java.vm.specification.name=Java Virtual Machine Specification
14 Jan 2017, 20:40:55.581 [  FINER] [   FXGL.SystemLogger] [JavaFX Application Thread] user.dir=I:\Documents\NetBeansProjects\MotherLoad\MotherLoad
14 Jan 2017, 20:40:55.581 [  FINER] [   FXGL.SystemLogger] [JavaFX Application Thread] user.country=CA
14 Jan 2017, 20:40:55.581 [  FINER] [   FXGL.SystemLogger] [JavaFX Application Thread] user.script=
14 Jan 2017, 20:40:55.581 [  FINER] [   FXGL.SystemLogger] [JavaFX Application Thread] sun.java.launcher=SUN_STANDARD
14 Jan 2017, 20:40:55.581 [  FINER] [   FXGL.SystemLogger] [JavaFX Application Thread] sun.os.patch.level=
14 Jan 2017, 20:40:55.582 [  FINER] [   FXGL.SystemLogger] [JavaFX Application Thread] java.vm.name=Java HotSpot(TM) 64-Bit Server VM
14 Jan 2017, 20:40:55.582 [  FINER] [   FXGL.SystemLogger] [JavaFX Application Thread] file.encoding.pkg=sun.io
14 Jan 2017, 20:40:55.582 [  FINER] [   FXGL.SystemLogger] [JavaFX Application Thread] path.separator=;
14 Jan 2017, 20:40:55.582 [  FINER] [   FXGL.SystemLogger] [JavaFX Application Thread] java.vm.vendor=Oracle Corporation
14 Jan 2017, 20:40:55.582 [  FINER] [   FXGL.SystemLogger] [JavaFX Application Thread] java.vendor.url=http://java.oracle.com/
14 Jan 2017, 20:40:55.583 [  FINER] [   FXGL.SystemLogger] [JavaFX Application Thread] sun.boot.library.path=C:\Program Files\Java\jdk1.8.0_112\jre\bin
14 Jan 2017, 20:40:55.583 [  FINER] [   FXGL.SystemLogger] [JavaFX Application Thread] java.vm.version=25.112-b15
14 Jan 2017, 20:40:55.583 [  FINER] [   FXGL.SystemLogger] [JavaFX Application Thread] java.runtime.name=Java(TM) SE Runtime Environment
14 Jan 2017, 20:40:55.584 [  FINER] [   FXGL.SystemLogger] [JavaFX Application Thread] javafx.version=8.0.112
14 Jan 2017, 20:40:55.588 [   INFO] [   FXGL.SystemLogger] [JavaFX Application Thread] FXGL-0.2.9
14 Jan 2017, 20:40:55.588 [   INFO] [   FXGL.SystemLogger] [JavaFX Application Thread] Source code and latest versions at: https://github.com/AlmasB/FXGL
14 Jan 2017, 20:40:55.589 [   INFO] [   FXGL.SystemLogger] [JavaFX Application Thread]              Join the FXGL chat at: https://gitter.im/AlmasB/FXGL
14 Jan 2017, 20:40:55.593 [  FINER] [   FXGL.SystemLogger] [JavaFX Application Thread] Starting JavaFX
14 Jan 2017, 20:40:55.595 [  FINER] [   FXGL.SystemLogger] [          JavaFX-Launcher] Initializing FXGL
14 Jan 2017, 20:40:55.609 [  FINER] [   FXGL.SystemLogger] [JavaFX Application Thread] Starting FXGL
14 Jan 2017, 20:40:55.822 [  FINER] [   FXGL.SystemLogger] [     FXGL Launcher Thread] Configuring FXGL
14 Jan 2017, 20:40:55.823 [  FINER] [   FXGL.SystemLogger] [     FXGL Launcher Thread] Initializing system properties
14 Jan 2017, 20:40:55.841 [  FINER] [   FXGL.SystemLogger] [     FXGL Launcher Thread] sound.notification = system/notification.wav
14 Jan 2017, 20:40:55.842 [  FINER] [   FXGL.SystemLogger] [     FXGL Launcher Thread] url.storage = https://raw.githubusercontent.com/AlmasB/git-server/master/storage/
14 Jan 2017, 20:40:55.842 [  FINER] [   FXGL.SystemLogger] [     FXGL Launcher Thread] asset.cache.size = 35
14 Jan 2017, 20:40:55.842 [  FINER] [   FXGL.SystemLogger] [     FXGL Launcher Thread] fs.profiledir = profiles/
14 Jan 2017, 20:40:55.842 [  FINER] [   FXGL.SystemLogger] [     FXGL Launcher Thread] url.pom = https://raw.githubusercontent.com/AlmasB/FXGL/master/pom.xml
14 Jan 2017, 20:40:55.843 [  FINER] [   FXGL.SystemLogger] [     FXGL Launcher Thread] dev.showbbox = false
14 Jan 2017, 20:40:55.843 [  FINER] [   FXGL.SystemLogger] [     FXGL Launcher Thread] fs.datafile.ext = .dat
14 Jan 2017, 20:40:55.843 [  FINER] [   FXGL.SystemLogger] [     FXGL Launcher Thread] sound.menu.back = menu/back.wav
14 Jan 2017, 20:40:55.843 [  FINER] [   FXGL.SystemLogger] [     FXGL Launcher Thread] sound.menu.select = menu/select.wav
14 Jan 2017, 20:40:55.844 [  FINER] [   FXGL.SystemLogger] [     FXGL Launcher Thread] url.github = https://github.com/AlmasB/FXGL
14 Jan 2017, 20:40:55.844 [  FINER] [   FXGL.SystemLogger] [     FXGL Launcher Thread] url.surveymonkey = https://www.surveymonkey.co.uk/r/BH6LLPM
14 Jan 2017, 20:40:55.844 [  FINER] [   FXGL.SystemLogger] [     FXGL Launcher Thread] physics.ppm = 50.0
14 Jan 2017, 20:40:55.844 [  FINER] [   FXGL.SystemLogger] [     FXGL Launcher Thread] ui.css = fxgl.css
14 Jan 2017, 20:40:55.845 [  FINER] [   FXGL.SystemLogger] [     FXGL Launcher Thread] version.check.days = 7
14 Jan 2017, 20:40:55.845 [  FINER] [   FXGL.SystemLogger] [     FXGL Launcher Thread] fs.savefile.ext = .sav
14 Jan 2017, 20:40:55.845 [  FINER] [   FXGL.SystemLogger] [     FXGL Launcher Thread] pooling.initialSize = 128
14 Jan 2017, 20:40:55.845 [  FINER] [   FXGL.SystemLogger] [     FXGL Launcher Thread] ui.font = Copperplate_Gothic_Light_Regular.ttf
14 Jan 2017, 20:40:55.846 [  FINER] [   FXGL.SystemLogger] [     FXGL Launcher Thread] fs.savedir = saves/
14 Jan 2017, 20:40:55.846 [  FINER] [   FXGL.SystemLogger] [     FXGL Launcher Thread] fs.profilename = user.profile
14 Jan 2017, 20:40:55.846 [  FINER] [   FXGL.SystemLogger] [     FXGL Launcher Thread] ui.icon.name = fxgl_icon.png
14 Jan 2017, 20:40:55.847 [  FINER] [   FXGL.SystemLogger] [     FXGL Launcher Thread] url.googleforms = https://goo.gl/forms/6wrMnOBxTE1fEpOy2
14 Jan 2017, 20:40:55.847 [  FINER] [   FXGL.SystemLogger] [     FXGL Launcher Thread] sound.menu.press = menu/press.wav
14 Jan 2017, 20:40:55.847 [  FINER] [   FXGL.SystemLogger] [     FXGL Launcher Thread] Initializing user properties
14 Jan 2017, 20:40:55.848 [   INFO] [   FXGL.SystemLogger] [     FXGL Launcher Thread] User properties not found. Using system
14 Jan 2017, 20:40:55.848 [  FINER] [   FXGL.SystemLogger] [     FXGL Launcher Thread] Initializing app settings
14 Jan 2017, 20:40:55.854 [  FINER] [   FXGL.SystemLogger] [     FXGL Launcher Thread] Logging settings
Title: MotherLoad
Version: 0.01 [ALPHA]
Width: 800
Height: 700
Fullscreen: false
Intro: false
Menus: false
Profiling: true
App Mode: DEVELOPER
Menu Style: FXGL_DEFAULT
Menu Key: ESCAPE
Services: []
14 Jan 2017, 20:40:56.395 [  FINER] [   FXGL.SystemLogger] [     FXGL Launcher Thread] FXGL configuration complete
14 Jan 2017, 20:40:56.395 [   INFO] [   FXGL.SystemLogger] [     FXGL Launcher Thread] FXGL configuration took:  0.573 sec
14 Jan 2017, 20:40:56.396 [  FINER] [   FXGL.SystemLogger] [JavaFX Application Thread] Running task: UpdaterTask
14 Jan 2017, 20:40:56.400 [  FINER] [   FXGL.SystemLogger] [     FXGL Launcher Thread] Running task: PreInitTask
14 Jan 2017, 20:40:56.460 [  FINER] [   FXGL.SystemLogger] [     FXGL Launcher Thread] Running task: InitScenesTask
14 Jan 2017, 20:40:56.717 [  FINER] [   FXGL.SystemLogger] [     FXGL Launcher Thread] Running task: InitEventHandlersTask
14 Jan 2017, 20:40:56.746 [  FINER] [   FXGL.SystemLogger] [     FXGL Launcher Thread] Running task: InitProfilerTask
14 Jan 2017, 20:40:56.751 [  FINER] [   FXGL.SystemLogger] [     FXGL Launcher Thread] Pausing main loop
14 Jan 2017, 20:40:56.753 [  FINER] [   FXGL.SystemLogger] [     FXGL Launcher Thread] Resetting FXGL application
14 Jan 2017, 20:40:56.790 [   INFO] [   FXGL.SystemLogger] [     FXGL Launcher Thread] Game configuration took:  0.390 sec
14 Jan 2017, 20:40:57.187 [   INFO] [   FXGL.SystemLogger] [ FXGL Background Thread 1] Game initialization took: 0.397 sec
14 Jan 2017, 20:40:57.188 [  FINER] [   FXGL.SystemLogger] [JavaFX Application Thread] Resuming main loop
14 Jan 2017, 20:41:00.485 [  FINER] [   FXGL.SystemLogger] [JavaFX Application Thread] Pausing main loop
14 Jan 2017, 20:41:04.431 [  FINER] [   FXGL.SystemLogger] [JavaFX Application Thread] Exiting Normally
14 Jan 2017, 20:41:04.432 [   INFO] [   FXGL.SystemLogger] [JavaFX Application Thread] Processed Frames: 406
14 Jan 2017, 20:41:04.432 [   INFO] [   FXGL.SystemLogger] [JavaFX Application Thread] Average FPS: 144
14 Jan 2017, 20:41:04.432 [   INFO] [   FXGL.SystemLogger] [JavaFX Application Thread] Avg Performance: 989
14 Jan 2017, 20:41:04.433 [   INFO] [   FXGL.SystemLogger] [JavaFX Application Thread] Avg Memory Usage: 60 MB
14 Jan 2017, 20:41:04.433 [   INFO] [   FXGL.SystemLogger] [JavaFX Application Thread] Min Memory Usage: 36 MB
14 Jan 2017, 20:41:04.433 [   INFO] [   FXGL.SystemLogger] [JavaFX Application Thread] Max Memory Usage: 78 MB
14 Jan 2017, 20:41:04.433 [   INFO] [   FXGL.SystemLogger] [JavaFX Application Thread] Estimated GC runs: 1
14 Jan 2017, 20:41:04.439 [  FINER] [   FXGL.SystemLogger] [JavaFX Application Thread] Exiting FXGL
14 Jan 2017, 20:41:04.439 [  FINER] [   FXGL.SystemLogger] [JavaFX Application Thread] Logger is closing
