21 Jan 2017, 15:31:04.272 [   INFO] [   FXGL.SystemLogger] [JavaFX Application Thread] System Logger is initialized
21 Jan 2017, 15:31:04.287 [  FINER] [   FXGL.SystemLogger] [JavaFX Application Thread] Logging System Info
21 Jan 2017, 15:31:04.288 [  FINER] [   FXGL.SystemLogger] [JavaFX Application Thread] CPU cores: 4
21 Jan 2017, 15:31:04.291 [  FINER] [   FXGL.SystemLogger] [JavaFX Application Thread] Free Memory: 230MB
21 Jan 2017, 15:31:04.292 [  FINER] [   FXGL.SystemLogger] [JavaFX Application Thread] Max Memory: 3620MB
21 Jan 2017, 15:31:04.292 [  FINER] [   FXGL.SystemLogger] [JavaFX Application Thread] Total Memory: 246MB
21 Jan 2017, 15:31:04.294 [  FINER] [   FXGL.SystemLogger] [JavaFX Application Thread] System Properties:
21 Jan 2017, 15:31:04.295 [  FINER] [   FXGL.SystemLogger] [JavaFX Application Thread] sun.cpu.isalist=amd64
21 Jan 2017, 15:31:04.295 [  FINER] [   FXGL.SystemLogger] [JavaFX Application Thread] sun.desktop=windows
21 Jan 2017, 15:31:04.295 [  FINER] [   FXGL.SystemLogger] [JavaFX Application Thread] sun.io.unicode.encoding=UnicodeLittle
21 Jan 2017, 15:31:04.296 [  FINER] [   FXGL.SystemLogger] [JavaFX Application Thread] sun.cpu.endian=little
21 Jan 2017, 15:31:04.297 [  FINER] [   FXGL.SystemLogger] [JavaFX Application Thread] java.vendor.url.bug=http://bugreport.sun.com/bugreport/
21 Jan 2017, 15:31:04.297 [  FINER] [   FXGL.SystemLogger] [JavaFX Application Thread] file.separator=\
21 Jan 2017, 15:31:04.298 [  FINER] [   FXGL.SystemLogger] [JavaFX Application Thread] java.vendor=Oracle Corporation
21 Jan 2017, 15:31:04.299 [  FINER] [   FXGL.SystemLogger] [JavaFX Application Thread] sun.boot.class.path=C:\Program Files\Java\jdk1.8.0_111\jre\lib\resources.jar;C:\Program Files\Java\jdk1.8.0_111\jre\lib\rt.jar;C:\Program Files\Java\jdk1.8.0_111\jre\lib\sunrsasign.jar;C:\Program Files\Java\jdk1.8.0_111\jre\lib\jsse.jar;C:\Program Files\Java\jdk1.8.0_111\jre\lib\jce.jar;C:\Program Files\Java\jdk1.8.0_111\jre\lib\charsets.jar;C:\Program Files\Java\jdk1.8.0_111\jre\lib\jfr.jar;C:\Program Files\Java\jdk1.8.0_111\jre\classes
21 Jan 2017, 15:31:04.299 [  FINER] [   FXGL.SystemLogger] [JavaFX Application Thread] java.ext.dirs=C:\Program Files\Java\jdk1.8.0_111\jre\lib\ext;C:\WINDOWS\Sun\Java\lib\ext
21 Jan 2017, 15:31:04.299 [  FINER] [   FXGL.SystemLogger] [JavaFX Application Thread] java.version=1.8.0_111
21 Jan 2017, 15:31:04.299 [  FINER] [   FXGL.SystemLogger] [JavaFX Application Thread] java.vm.info=mixed mode
21 Jan 2017, 15:31:04.300 [  FINER] [   FXGL.SystemLogger] [JavaFX Application Thread] awt.toolkit=sun.awt.windows.WToolkit
21 Jan 2017, 15:31:04.300 [  FINER] [   FXGL.SystemLogger] [JavaFX Application Thread] user.language=en
21 Jan 2017, 15:31:04.301 [  FINER] [   FXGL.SystemLogger] [JavaFX Application Thread] java.specification.vendor=Oracle Corporation
21 Jan 2017, 15:31:04.301 [  FINER] [   FXGL.SystemLogger] [JavaFX Application Thread] sun.java.command=io.github.tdselliott.ml.MotherLoadApp
21 Jan 2017, 15:31:04.301 [  FINER] [   FXGL.SystemLogger] [JavaFX Application Thread] java.home=C:\Program Files\Java\jdk1.8.0_111\jre
21 Jan 2017, 15:31:04.301 [  FINER] [   FXGL.SystemLogger] [JavaFX Application Thread] sun.arch.data.model=64
21 Jan 2017, 15:31:04.302 [  FINER] [   FXGL.SystemLogger] [JavaFX Application Thread] java.vm.specification.version=1.8
21 Jan 2017, 15:31:04.302 [  FINER] [   FXGL.SystemLogger] [JavaFX Application Thread] java.class.path=C:\Users\Vic Spet\Documents\NetBeansProjects\MotherLoadProject\MotherLoad\lib\fxgl-0.2.9-uber.jar;C:\Users\Vic Spet\Documents\NetBeansProjects\MotherLoadProject\MotherLoad\build\classes
21 Jan 2017, 15:31:04.302 [  FINER] [   FXGL.SystemLogger] [JavaFX Application Thread] user.name=Vic Spet
21 Jan 2017, 15:31:04.302 [  FINER] [   FXGL.SystemLogger] [JavaFX Application Thread] file.encoding=UTF-8
21 Jan 2017, 15:31:04.303 [  FINER] [   FXGL.SystemLogger] [JavaFX Application Thread] java.specification.version=1.8
21 Jan 2017, 15:31:04.303 [  FINER] [   FXGL.SystemLogger] [JavaFX Application Thread] java.awt.printerjob=sun.awt.windows.WPrinterJob
21 Jan 2017, 15:31:04.303 [  FINER] [   FXGL.SystemLogger] [JavaFX Application Thread] user.timezone=America/New_York
21 Jan 2017, 15:31:04.303 [  FINER] [   FXGL.SystemLogger] [JavaFX Application Thread] user.home=C:\Users\Vic Spet
21 Jan 2017, 15:31:04.304 [  FINER] [   FXGL.SystemLogger] [JavaFX Application Thread] os.version=10.0
21 Jan 2017, 15:31:04.304 [  FINER] [   FXGL.SystemLogger] [JavaFX Application Thread] sun.management.compiler=HotSpot 64-Bit Tiered Compilers
21 Jan 2017, 15:31:04.304 [  FINER] [   FXGL.SystemLogger] [JavaFX Application Thread] java.specification.name=Java Platform API Specification
21 Jan 2017, 15:31:04.304 [  FINER] [   FXGL.SystemLogger] [JavaFX Application Thread] java.class.version=52.0
21 Jan 2017, 15:31:04.304 [  FINER] [   FXGL.SystemLogger] [JavaFX Application Thread] java.library.path=C:\Program Files\Java\jdk1.8.0_111\bin;C:\WINDOWS\Sun\Java\bin;C:\WINDOWS\system32;C:\WINDOWS;C:\ProgramData\Oracle\Java\javapath;C:\Program Files (x86)\Intel\iCLS Client\;C:\Program Files\Intel\iCLS Client\;C:\Windows\system32;C:\Windows;C:\Windows\System32\Wbem;C:\Windows\System32\WindowsPowerShell\v1.0\;C:\Program Files (x86)\Intel\Intel(R) Management Engine Components\DAL;C:\Program Files\Intel\Intel(R) Management Engine Components\DAL;C:\Program Files (x86)\Intel\Intel(R) Management Engine Components\IPT;C:\Program Files\Intel\Intel(R) Management Engine Components\IPT;C:\Program Files (x86)\NVIDIA Corporation\PhysX\Common;C:\Program Files\Intel\WiFi\bin\;C:\Program Files\Common Files\Intel\WirelessCommon\;C:\WINDOWS\system32;C:\WINDOWS;C:\WINDOWS\System32\Wbem;C:\WINDOWS\System32\WindowsPowerShell\v1.0\;C:\Program Files (x86)\AOMEI Backupper;C:\Users\Vic Spet\AppData\Local\Microsoft\WindowsApps;C:\Program Files (x86)\EaseUS\Todo Backup\bin\x64\;.
21 Jan 2017, 15:31:04.305 [  FINER] [   FXGL.SystemLogger] [JavaFX Application Thread] sun.jnu.encoding=Cp1252
21 Jan 2017, 15:31:04.305 [  FINER] [   FXGL.SystemLogger] [JavaFX Application Thread] os.name=Windows 10
21 Jan 2017, 15:31:04.305 [  FINER] [   FXGL.SystemLogger] [JavaFX Application Thread] user.variant=
21 Jan 2017, 15:31:04.305 [  FINER] [   FXGL.SystemLogger] [JavaFX Application Thread] java.vm.specification.vendor=Oracle Corporation
21 Jan 2017, 15:31:04.305 [  FINER] [   FXGL.SystemLogger] [JavaFX Application Thread] java.io.tmpdir=C:\Users\VICSPE~1\AppData\Local\Temp\
21 Jan 2017, 15:31:04.306 [  FINER] [   FXGL.SystemLogger] [JavaFX Application Thread] line.separator=

21 Jan 2017, 15:31:04.306 [  FINER] [   FXGL.SystemLogger] [JavaFX Application Thread] java.endorsed.dirs=C:\Program Files\Java\jdk1.8.0_111\jre\lib\endorsed
21 Jan 2017, 15:31:04.306 [  FINER] [   FXGL.SystemLogger] [JavaFX Application Thread] os.arch=amd64
21 Jan 2017, 15:31:04.306 [  FINER] [   FXGL.SystemLogger] [JavaFX Application Thread] javafx.runtime.version=8.0.111-b14
21 Jan 2017, 15:31:04.306 [  FINER] [   FXGL.SystemLogger] [JavaFX Application Thread] java.awt.graphicsenv=sun.awt.Win32GraphicsEnvironment
21 Jan 2017, 15:31:04.307 [  FINER] [   FXGL.SystemLogger] [JavaFX Application Thread] java.runtime.version=1.8.0_111-b14
21 Jan 2017, 15:31:04.307 [  FINER] [   FXGL.SystemLogger] [JavaFX Application Thread] java.vm.specification.name=Java Virtual Machine Specification
21 Jan 2017, 15:31:04.307 [  FINER] [   FXGL.SystemLogger] [JavaFX Application Thread] user.dir=C:\Users\Vic Spet\Documents\NetBeansProjects\MotherLoadProject\MotherLoad
21 Jan 2017, 15:31:04.307 [  FINER] [   FXGL.SystemLogger] [JavaFX Application Thread] user.country=CA
21 Jan 2017, 15:31:04.307 [  FINER] [   FXGL.SystemLogger] [JavaFX Application Thread] user.script=
21 Jan 2017, 15:31:04.308 [  FINER] [   FXGL.SystemLogger] [JavaFX Application Thread] sun.java.launcher=SUN_STANDARD
21 Jan 2017, 15:31:04.308 [  FINER] [   FXGL.SystemLogger] [JavaFX Application Thread] sun.os.patch.level=
21 Jan 2017, 15:31:04.308 [  FINER] [   FXGL.SystemLogger] [JavaFX Application Thread] java.vm.name=Java HotSpot(TM) 64-Bit Server VM
21 Jan 2017, 15:31:04.308 [  FINER] [   FXGL.SystemLogger] [JavaFX Application Thread] file.encoding.pkg=sun.io
21 Jan 2017, 15:31:04.308 [  FINER] [   FXGL.SystemLogger] [JavaFX Application Thread] path.separator=;
21 Jan 2017, 15:31:04.309 [  FINER] [   FXGL.SystemLogger] [JavaFX Application Thread] java.vm.vendor=Oracle Corporation
21 Jan 2017, 15:31:04.309 [  FINER] [   FXGL.SystemLogger] [JavaFX Application Thread] java.vendor.url=http://java.oracle.com/
21 Jan 2017, 15:31:04.309 [  FINER] [   FXGL.SystemLogger] [JavaFX Application Thread] sun.boot.library.path=C:\Program Files\Java\jdk1.8.0_111\jre\bin
21 Jan 2017, 15:31:04.309 [  FINER] [   FXGL.SystemLogger] [JavaFX Application Thread] java.vm.version=25.111-b14
21 Jan 2017, 15:31:04.309 [  FINER] [   FXGL.SystemLogger] [JavaFX Application Thread] java.runtime.name=Java(TM) SE Runtime Environment
21 Jan 2017, 15:31:04.310 [  FINER] [   FXGL.SystemLogger] [JavaFX Application Thread] javafx.version=8.0.111
21 Jan 2017, 15:31:04.315 [   INFO] [   FXGL.SystemLogger] [JavaFX Application Thread] FXGL-0.2.9
21 Jan 2017, 15:31:04.316 [   INFO] [   FXGL.SystemLogger] [JavaFX Application Thread] Source code and latest versions at: https://github.com/AlmasB/FXGL
21 Jan 2017, 15:31:04.318 [   INFO] [   FXGL.SystemLogger] [JavaFX Application Thread]              Join the FXGL chat at: https://gitter.im/AlmasB/FXGL
21 Jan 2017, 15:31:04.368 [  FINER] [   FXGL.SystemLogger] [JavaFX Application Thread] Starting JavaFX
21 Jan 2017, 15:31:04.369 [  FINER] [   FXGL.SystemLogger] [          JavaFX-Launcher] Initializing FXGL
21 Jan 2017, 15:31:04.382 [  FINER] [   FXGL.SystemLogger] [JavaFX Application Thread] Starting FXGL
21 Jan 2017, 15:31:04.575 [  FINER] [   FXGL.SystemLogger] [     FXGL Launcher Thread] Configuring FXGL
21 Jan 2017, 15:31:04.576 [  FINER] [   FXGL.SystemLogger] [     FXGL Launcher Thread] Initializing system properties
21 Jan 2017, 15:31:04.600 [  FINER] [   FXGL.SystemLogger] [     FXGL Launcher Thread] sound.notification = system/notification.wav
21 Jan 2017, 15:31:04.600 [  FINER] [   FXGL.SystemLogger] [     FXGL Launcher Thread] url.storage = https://raw.githubusercontent.com/AlmasB/git-server/master/storage/
21 Jan 2017, 15:31:04.600 [  FINER] [   FXGL.SystemLogger] [     FXGL Launcher Thread] asset.cache.size = 35
21 Jan 2017, 15:31:04.601 [  FINER] [   FXGL.SystemLogger] [     FXGL Launcher Thread] fs.profiledir = profiles/
21 Jan 2017, 15:31:04.601 [  FINER] [   FXGL.SystemLogger] [     FXGL Launcher Thread] url.pom = https://raw.githubusercontent.com/AlmasB/FXGL/master/pom.xml
21 Jan 2017, 15:31:04.601 [  FINER] [   FXGL.SystemLogger] [     FXGL Launcher Thread] dev.showbbox = false
21 Jan 2017, 15:31:04.601 [  FINER] [   FXGL.SystemLogger] [     FXGL Launcher Thread] fs.datafile.ext = .dat
21 Jan 2017, 15:31:04.602 [  FINER] [   FXGL.SystemLogger] [     FXGL Launcher Thread] sound.menu.back = menu/back.wav
21 Jan 2017, 15:31:04.602 [  FINER] [   FXGL.SystemLogger] [     FXGL Launcher Thread] sound.menu.select = menu/select.wav
21 Jan 2017, 15:31:04.602 [  FINER] [   FXGL.SystemLogger] [     FXGL Launcher Thread] url.github = https://github.com/AlmasB/FXGL
21 Jan 2017, 15:31:04.602 [  FINER] [   FXGL.SystemLogger] [     FXGL Launcher Thread] url.surveymonkey = https://www.surveymonkey.co.uk/r/BH6LLPM
21 Jan 2017, 15:31:04.603 [  FINER] [   FXGL.SystemLogger] [     FXGL Launcher Thread] physics.ppm = 50.0
21 Jan 2017, 15:31:04.603 [  FINER] [   FXGL.SystemLogger] [     FXGL Launcher Thread] ui.css = fxgl.css
21 Jan 2017, 15:31:04.603 [  FINER] [   FXGL.SystemLogger] [     FXGL Launcher Thread] version.check.days = 7
21 Jan 2017, 15:31:04.603 [  FINER] [   FXGL.SystemLogger] [     FXGL Launcher Thread] fs.savefile.ext = .sav
21 Jan 2017, 15:31:04.604 [  FINER] [   FXGL.SystemLogger] [     FXGL Launcher Thread] pooling.initialSize = 128
21 Jan 2017, 15:31:04.604 [  FINER] [   FXGL.SystemLogger] [     FXGL Launcher Thread] ui.font = Copperplate_Gothic_Light_Regular.ttf
21 Jan 2017, 15:31:04.604 [  FINER] [   FXGL.SystemLogger] [     FXGL Launcher Thread] fs.savedir = saves/
21 Jan 2017, 15:31:04.604 [  FINER] [   FXGL.SystemLogger] [     FXGL Launcher Thread] fs.profilename = user.profile
21 Jan 2017, 15:31:04.604 [  FINER] [   FXGL.SystemLogger] [     FXGL Launcher Thread] ui.icon.name = fxgl_icon.png
21 Jan 2017, 15:31:04.605 [  FINER] [   FXGL.SystemLogger] [     FXGL Launcher Thread] url.googleforms = https://goo.gl/forms/6wrMnOBxTE1fEpOy2
21 Jan 2017, 15:31:04.605 [  FINER] [   FXGL.SystemLogger] [     FXGL Launcher Thread] sound.menu.press = menu/press.wav
21 Jan 2017, 15:31:04.605 [  FINER] [   FXGL.SystemLogger] [     FXGL Launcher Thread] Initializing user properties
21 Jan 2017, 15:31:04.605 [   INFO] [   FXGL.SystemLogger] [     FXGL Launcher Thread] User properties not found. Using system
21 Jan 2017, 15:31:04.606 [  FINER] [   FXGL.SystemLogger] [     FXGL Launcher Thread] Initializing app settings
21 Jan 2017, 15:31:04.612 [  FINER] [   FXGL.SystemLogger] [     FXGL Launcher Thread] Logging settings
Title: MotherLoad
Version: 0.5 [BETA]
Width: 800
Height: 700
Fullscreen: false
Intro: false
Menus: true
Profiling: true
App Mode: DEVELOPER
Menu Style: WARCRAFT3
Menu Key: ESCAPE
Services: []
21 Jan 2017, 15:31:05.280 [  FINER] [   FXGL.SystemLogger] [     FXGL Launcher Thread] FXGL configuration complete
21 Jan 2017, 15:31:05.281 [   INFO] [   FXGL.SystemLogger] [     FXGL Launcher Thread] FXGL configuration took:  0.705 sec
21 Jan 2017, 15:31:05.283 [  FINER] [   FXGL.SystemLogger] [JavaFX Application Thread] Running task: UpdaterTask
21 Jan 2017, 15:31:05.286 [  FINER] [   FXGL.SystemLogger] [     FXGL Launcher Thread] Running task: PreInitTask
21 Jan 2017, 15:31:05.357 [  FINER] [   FXGL.SystemLogger] [     FXGL Launcher Thread] Running task: InitScenesTask
21 Jan 2017, 15:31:05.696 [  FINER] [   FXGL.SystemLogger] [     FXGL Launcher Thread] Running task: InitEventHandlersTask
21 Jan 2017, 15:31:05.729 [  FINER] [   FXGL.SystemLogger] [     FXGL Launcher Thread] Running task: InitProfilerTask
21 Jan 2017, 15:31:05.782 [   INFO] [   FXGL.SystemLogger] [     FXGL Launcher Thread] Game configuration took:  0.496 sec
21 Jan 2017, 15:31:07.914 [  FINER] [   FXGL.SystemLogger] [JavaFX Application Thread] Pausing main loop
21 Jan 2017, 15:31:07.916 [  FINER] [   FXGL.SystemLogger] [JavaFX Application Thread] Resetting FXGL application
21 Jan 2017, 15:31:08.153 [   INFO] [   FXGL.SystemLogger] [ FXGL Background Thread 1] Game initialization took: 0.158 sec
21 Jan 2017, 15:31:08.153 [  FINER] [   FXGL.SystemLogger] [JavaFX Application Thread] Resuming main loop
21 Jan 2017, 15:31:14.319 [  FINER] [   FXGL.SystemLogger] [JavaFX Application Thread] Exiting Normally
21 Jan 2017, 15:31:14.327 [   INFO] [   FXGL.SystemLogger] [JavaFX Application Thread] Processed Frames: 355
21 Jan 2017, 15:31:14.328 [   INFO] [   FXGL.SystemLogger] [JavaFX Application Thread] Average FPS: 54
21 Jan 2017, 15:31:14.328 [   INFO] [   FXGL.SystemLogger] [JavaFX Application Thread] Avg Performance: 2498
21 Jan 2017, 15:31:14.328 [   INFO] [   FXGL.SystemLogger] [JavaFX Application Thread] Avg Memory Usage: 146 MB
21 Jan 2017, 15:31:14.329 [   INFO] [   FXGL.SystemLogger] [JavaFX Application Thread] Min Memory Usage: 129 MB
21 Jan 2017, 15:31:14.329 [   INFO] [   FXGL.SystemLogger] [JavaFX Application Thread] Max Memory Usage: 154 MB
21 Jan 2017, 15:31:14.329 [   INFO] [   FXGL.SystemLogger] [JavaFX Application Thread] Estimated GC runs: 0
21 Jan 2017, 15:31:14.335 [  FINER] [   FXGL.SystemLogger] [JavaFX Application Thread] Exiting FXGL
21 Jan 2017, 15:31:14.335 [  FINER] [   FXGL.SystemLogger] [JavaFX Application Thread] Logger is closing
