16 Jan 2017, 19:07:48.509 [   INFO] [   FXGL.SystemLogger] [JavaFX Application Thread] System Logger is initialized
16 Jan 2017, 19:07:48.543 [  FINER] [   FXGL.SystemLogger] [JavaFX Application Thread] Logging System Info
16 Jan 2017, 19:07:48.544 [  FINER] [   FXGL.SystemLogger] [JavaFX Application Thread] CPU cores: 4
16 Jan 2017, 19:07:48.549 [  FINER] [   FXGL.SystemLogger] [JavaFX Application Thread] Free Memory: 49MB
16 Jan 2017, 19:07:48.550 [  FINER] [   FXGL.SystemLogger] [JavaFX Application Thread] Max Memory: 866MB
16 Jan 2017, 19:07:48.551 [  FINER] [   FXGL.SystemLogger] [JavaFX Application Thread] Total Memory: 60MB
16 Jan 2017, 19:07:48.552 [  FINER] [   FXGL.SystemLogger] [JavaFX Application Thread] System Properties:
16 Jan 2017, 19:07:48.556 [  FINER] [   FXGL.SystemLogger] [JavaFX Application Thread] sun.cpu.isalist=amd64
16 Jan 2017, 19:07:48.557 [  FINER] [   FXGL.SystemLogger] [JavaFX Application Thread] sun.desktop=windows
16 Jan 2017, 19:07:48.558 [  FINER] [   FXGL.SystemLogger] [JavaFX Application Thread] sun.io.unicode.encoding=UnicodeLittle
16 Jan 2017, 19:07:48.558 [  FINER] [   FXGL.SystemLogger] [JavaFX Application Thread] sun.cpu.endian=little
16 Jan 2017, 19:07:48.559 [  FINER] [   FXGL.SystemLogger] [JavaFX Application Thread] java.vendor.url.bug=http://bugreport.sun.com/bugreport/
16 Jan 2017, 19:07:48.560 [  FINER] [   FXGL.SystemLogger] [JavaFX Application Thread] file.separator=\
16 Jan 2017, 19:07:48.561 [  FINER] [   FXGL.SystemLogger] [JavaFX Application Thread] java.vendor=Oracle Corporation
16 Jan 2017, 19:07:48.561 [  FINER] [   FXGL.SystemLogger] [JavaFX Application Thread] sun.boot.class.path=C:\Program Files\Java\jdk1.8.0_111\jre\lib\resources.jar;C:\Program Files\Java\jdk1.8.0_111\jre\lib\rt.jar;C:\Program Files\Java\jdk1.8.0_111\jre\lib\sunrsasign.jar;C:\Program Files\Java\jdk1.8.0_111\jre\lib\jsse.jar;C:\Program Files\Java\jdk1.8.0_111\jre\lib\jce.jar;C:\Program Files\Java\jdk1.8.0_111\jre\lib\charsets.jar;C:\Program Files\Java\jdk1.8.0_111\jre\lib\jfr.jar;C:\Program Files\Java\jdk1.8.0_111\jre\classes
16 Jan 2017, 19:07:48.562 [  FINER] [   FXGL.SystemLogger] [JavaFX Application Thread] java.ext.dirs=C:\Program Files\Java\jdk1.8.0_111\jre\lib\ext;C:\WINDOWS\Sun\Java\lib\ext
16 Jan 2017, 19:07:48.563 [  FINER] [   FXGL.SystemLogger] [JavaFX Application Thread] java.version=1.8.0_111
16 Jan 2017, 19:07:48.563 [  FINER] [   FXGL.SystemLogger] [JavaFX Application Thread] java.vm.info=mixed mode
16 Jan 2017, 19:07:48.564 [  FINER] [   FXGL.SystemLogger] [JavaFX Application Thread] awt.toolkit=sun.awt.windows.WToolkit
16 Jan 2017, 19:07:48.564 [  FINER] [   FXGL.SystemLogger] [JavaFX Application Thread] user.language=en
16 Jan 2017, 19:07:48.565 [  FINER] [   FXGL.SystemLogger] [JavaFX Application Thread] java.specification.vendor=Oracle Corporation
16 Jan 2017, 19:07:48.566 [  FINER] [   FXGL.SystemLogger] [JavaFX Application Thread] sun.java.command=io.github.tdselliott.ml.MotherLoadApp
16 Jan 2017, 19:07:48.567 [  FINER] [   FXGL.SystemLogger] [JavaFX Application Thread] java.home=C:\Program Files\Java\jdk1.8.0_111\jre
16 Jan 2017, 19:07:48.567 [  FINER] [   FXGL.SystemLogger] [JavaFX Application Thread] sun.arch.data.model=64
16 Jan 2017, 19:07:48.568 [  FINER] [   FXGL.SystemLogger] [JavaFX Application Thread] java.vm.specification.version=1.8
16 Jan 2017, 19:07:48.569 [  FINER] [   FXGL.SystemLogger] [JavaFX Application Thread] java.class.path=C:\Users\Tyler\Documents\NetBeansProjects\MotherLoad\MotherLoad\lib\fxgl-0.2.9-uber.jar;C:\Users\Tyler\Documents\NetBeansProjects\MotherLoad\MotherLoad\build\classes
16 Jan 2017, 19:07:48.569 [  FINER] [   FXGL.SystemLogger] [JavaFX Application Thread] user.name=Tyler
16 Jan 2017, 19:07:48.570 [  FINER] [   FXGL.SystemLogger] [JavaFX Application Thread] file.encoding=UTF-8
16 Jan 2017, 19:07:48.571 [  FINER] [   FXGL.SystemLogger] [JavaFX Application Thread] java.specification.version=1.8
16 Jan 2017, 19:07:48.572 [  FINER] [   FXGL.SystemLogger] [JavaFX Application Thread] java.awt.printerjob=sun.awt.windows.WPrinterJob
16 Jan 2017, 19:07:48.573 [  FINER] [   FXGL.SystemLogger] [JavaFX Application Thread] user.timezone=America/New_York
16 Jan 2017, 19:07:48.574 [  FINER] [   FXGL.SystemLogger] [JavaFX Application Thread] user.home=C:\Users\Tyler
16 Jan 2017, 19:07:48.574 [  FINER] [   FXGL.SystemLogger] [JavaFX Application Thread] os.version=10.0
16 Jan 2017, 19:07:48.575 [  FINER] [   FXGL.SystemLogger] [JavaFX Application Thread] sun.management.compiler=HotSpot 64-Bit Tiered Compilers
16 Jan 2017, 19:07:48.576 [  FINER] [   FXGL.SystemLogger] [JavaFX Application Thread] java.specification.name=Java Platform API Specification
16 Jan 2017, 19:07:48.577 [  FINER] [   FXGL.SystemLogger] [JavaFX Application Thread] java.class.version=52.0
16 Jan 2017, 19:07:48.578 [  FINER] [   FXGL.SystemLogger] [JavaFX Application Thread] java.library.path=C:\Program Files\Java\jdk1.8.0_111\bin;C:\WINDOWS\Sun\Java\bin;C:\WINDOWS\system32;C:\WINDOWS;C:\ProgramData\Oracle\Java\javapath;C:\Program Files (x86)\NVIDIA Corporation\PhysX\Common;C:\WINDOWS\system32;C:\WINDOWS;C:\WINDOWS\System32\Wbem;C:\WINDOWS\System32\WindowsPowerShell\v1.0\;C:\Program Files (x86)\QuickTime\QTSystem\;C:\Program Files (x86)\Calibre2\;C:\Program Files (x86)\Skype\Phone\;C:\Program Files (x86)\Extensis\Suitcase Fusion 6\;C:\Program Files (x86)\MiKTeX 2.9\miktex\bin\;C:\Program Files (x86)\Brackets\command;C:\Program Files\Java\jdk1.8.0_111\bin;C:\Users\Tyler\AppData\Local\Programs\Python\Python35-32\Scripts\;C:\Users\Tyler\AppData\Local\Programs\Python\Python35-32\;C:\Users\Tyler\AppData\Local\Microsoft\WindowsApps;.
16 Jan 2017, 19:07:48.579 [  FINER] [   FXGL.SystemLogger] [JavaFX Application Thread] sun.jnu.encoding=Cp1252
16 Jan 2017, 19:07:48.580 [  FINER] [   FXGL.SystemLogger] [JavaFX Application Thread] os.name=Windows 10
16 Jan 2017, 19:07:48.580 [  FINER] [   FXGL.SystemLogger] [JavaFX Application Thread] user.variant=
16 Jan 2017, 19:07:48.581 [  FINER] [   FXGL.SystemLogger] [JavaFX Application Thread] java.vm.specification.vendor=Oracle Corporation
16 Jan 2017, 19:07:48.582 [  FINER] [   FXGL.SystemLogger] [JavaFX Application Thread] java.io.tmpdir=C:\Users\Tyler\AppData\Local\Temp\
16 Jan 2017, 19:07:48.582 [  FINER] [   FXGL.SystemLogger] [JavaFX Application Thread] line.separator=

16 Jan 2017, 19:07:48.583 [  FINER] [   FXGL.SystemLogger] [JavaFX Application Thread] java.endorsed.dirs=C:\Program Files\Java\jdk1.8.0_111\jre\lib\endorsed
16 Jan 2017, 19:07:48.583 [  FINER] [   FXGL.SystemLogger] [JavaFX Application Thread] os.arch=amd64
16 Jan 2017, 19:07:48.584 [  FINER] [   FXGL.SystemLogger] [JavaFX Application Thread] javafx.runtime.version=8.0.111-b14
16 Jan 2017, 19:07:48.584 [  FINER] [   FXGL.SystemLogger] [JavaFX Application Thread] java.awt.graphicsenv=sun.awt.Win32GraphicsEnvironment
16 Jan 2017, 19:07:48.585 [  FINER] [   FXGL.SystemLogger] [JavaFX Application Thread] java.runtime.version=1.8.0_111-b14
16 Jan 2017, 19:07:48.586 [  FINER] [   FXGL.SystemLogger] [JavaFX Application Thread] java.vm.specification.name=Java Virtual Machine Specification
16 Jan 2017, 19:07:48.586 [  FINER] [   FXGL.SystemLogger] [JavaFX Application Thread] user.dir=C:\Users\Tyler\Documents\NetBeansProjects\MotherLoad\MotherLoad
16 Jan 2017, 19:07:48.587 [  FINER] [   FXGL.SystemLogger] [JavaFX Application Thread] user.country=GB
16 Jan 2017, 19:07:48.588 [  FINER] [   FXGL.SystemLogger] [JavaFX Application Thread] user.script=
16 Jan 2017, 19:07:48.589 [  FINER] [   FXGL.SystemLogger] [JavaFX Application Thread] sun.java.launcher=SUN_STANDARD
16 Jan 2017, 19:07:48.590 [  FINER] [   FXGL.SystemLogger] [JavaFX Application Thread] sun.os.patch.level=
16 Jan 2017, 19:07:48.590 [  FINER] [   FXGL.SystemLogger] [JavaFX Application Thread] java.vm.name=Java HotSpot(TM) 64-Bit Server VM
16 Jan 2017, 19:07:48.591 [  FINER] [   FXGL.SystemLogger] [JavaFX Application Thread] file.encoding.pkg=sun.io
16 Jan 2017, 19:07:48.592 [  FINER] [   FXGL.SystemLogger] [JavaFX Application Thread] path.separator=;
16 Jan 2017, 19:07:48.592 [  FINER] [   FXGL.SystemLogger] [JavaFX Application Thread] java.vm.vendor=Oracle Corporation
16 Jan 2017, 19:07:48.593 [  FINER] [   FXGL.SystemLogger] [JavaFX Application Thread] java.vendor.url=http://java.oracle.com/
16 Jan 2017, 19:07:48.594 [  FINER] [   FXGL.SystemLogger] [JavaFX Application Thread] sun.boot.library.path=C:\Program Files\Java\jdk1.8.0_111\jre\bin
16 Jan 2017, 19:07:48.595 [  FINER] [   FXGL.SystemLogger] [JavaFX Application Thread] java.vm.version=25.111-b14
16 Jan 2017, 19:07:48.595 [  FINER] [   FXGL.SystemLogger] [JavaFX Application Thread] java.runtime.name=Java(TM) SE Runtime Environment
16 Jan 2017, 19:07:48.596 [  FINER] [   FXGL.SystemLogger] [JavaFX Application Thread] javafx.version=8.0.111
16 Jan 2017, 19:07:48.611 [   INFO] [   FXGL.SystemLogger] [JavaFX Application Thread] FXGL-0.2.9
16 Jan 2017, 19:07:48.613 [   INFO] [   FXGL.SystemLogger] [JavaFX Application Thread] Source code and latest versions at: https://github.com/AlmasB/FXGL
16 Jan 2017, 19:07:48.615 [   INFO] [   FXGL.SystemLogger] [JavaFX Application Thread]              Join the FXGL chat at: https://gitter.im/AlmasB/FXGL
16 Jan 2017, 19:07:48.633 [  FINER] [   FXGL.SystemLogger] [JavaFX Application Thread] Starting JavaFX
16 Jan 2017, 19:07:48.637 [  FINER] [   FXGL.SystemLogger] [          JavaFX-Launcher] Initializing FXGL
16 Jan 2017, 19:07:48.685 [  FINER] [   FXGL.SystemLogger] [JavaFX Application Thread] Starting FXGL
16 Jan 2017, 19:07:49.295 [  FINER] [   FXGL.SystemLogger] [     FXGL Launcher Thread] Configuring FXGL
16 Jan 2017, 19:07:49.296 [  FINER] [   FXGL.SystemLogger] [     FXGL Launcher Thread] Initializing system properties
16 Jan 2017, 19:07:49.378 [  FINER] [   FXGL.SystemLogger] [     FXGL Launcher Thread] sound.notification = system/notification.wav
16 Jan 2017, 19:07:49.379 [  FINER] [   FXGL.SystemLogger] [     FXGL Launcher Thread] url.storage = https://raw.githubusercontent.com/AlmasB/git-server/master/storage/
16 Jan 2017, 19:07:49.380 [  FINER] [   FXGL.SystemLogger] [     FXGL Launcher Thread] asset.cache.size = 35
16 Jan 2017, 19:07:49.384 [  FINER] [   FXGL.SystemLogger] [     FXGL Launcher Thread] fs.profiledir = profiles/
16 Jan 2017, 19:07:49.385 [  FINER] [   FXGL.SystemLogger] [     FXGL Launcher Thread] url.pom = https://raw.githubusercontent.com/AlmasB/FXGL/master/pom.xml
16 Jan 2017, 19:07:49.386 [  FINER] [   FXGL.SystemLogger] [     FXGL Launcher Thread] dev.showbbox = false
16 Jan 2017, 19:07:49.387 [  FINER] [   FXGL.SystemLogger] [     FXGL Launcher Thread] fs.datafile.ext = .dat
16 Jan 2017, 19:07:49.388 [  FINER] [   FXGL.SystemLogger] [     FXGL Launcher Thread] sound.menu.back = menu/back.wav
16 Jan 2017, 19:07:49.389 [  FINER] [   FXGL.SystemLogger] [     FXGL Launcher Thread] sound.menu.select = menu/select.wav
16 Jan 2017, 19:07:49.390 [  FINER] [   FXGL.SystemLogger] [     FXGL Launcher Thread] url.github = https://github.com/AlmasB/FXGL
16 Jan 2017, 19:07:49.391 [  FINER] [   FXGL.SystemLogger] [     FXGL Launcher Thread] url.surveymonkey = https://www.surveymonkey.co.uk/r/BH6LLPM
16 Jan 2017, 19:07:49.392 [  FINER] [   FXGL.SystemLogger] [     FXGL Launcher Thread] physics.ppm = 50.0
16 Jan 2017, 19:07:49.394 [  FINER] [   FXGL.SystemLogger] [     FXGL Launcher Thread] ui.css = fxgl.css
16 Jan 2017, 19:07:49.395 [  FINER] [   FXGL.SystemLogger] [     FXGL Launcher Thread] version.check.days = 7
16 Jan 2017, 19:07:49.396 [  FINER] [   FXGL.SystemLogger] [     FXGL Launcher Thread] fs.savefile.ext = .sav
16 Jan 2017, 19:07:49.397 [  FINER] [   FXGL.SystemLogger] [     FXGL Launcher Thread] pooling.initialSize = 128
16 Jan 2017, 19:07:49.398 [  FINER] [   FXGL.SystemLogger] [     FXGL Launcher Thread] ui.font = Copperplate_Gothic_Light_Regular.ttf
16 Jan 2017, 19:07:49.398 [  FINER] [   FXGL.SystemLogger] [     FXGL Launcher Thread] fs.savedir = saves/
16 Jan 2017, 19:07:49.399 [  FINER] [   FXGL.SystemLogger] [     FXGL Launcher Thread] fs.profilename = user.profile
16 Jan 2017, 19:07:49.400 [  FINER] [   FXGL.SystemLogger] [     FXGL Launcher Thread] ui.icon.name = fxgl_icon.png
16 Jan 2017, 19:07:49.401 [  FINER] [   FXGL.SystemLogger] [     FXGL Launcher Thread] url.googleforms = https://goo.gl/forms/6wrMnOBxTE1fEpOy2
16 Jan 2017, 19:07:49.402 [  FINER] [   FXGL.SystemLogger] [     FXGL Launcher Thread] sound.menu.press = menu/press.wav
16 Jan 2017, 19:07:49.403 [  FINER] [   FXGL.SystemLogger] [     FXGL Launcher Thread] Initializing user properties
16 Jan 2017, 19:07:49.404 [   INFO] [   FXGL.SystemLogger] [     FXGL Launcher Thread] User properties not found. Using system
16 Jan 2017, 19:07:49.408 [  FINER] [   FXGL.SystemLogger] [     FXGL Launcher Thread] Initializing app settings
16 Jan 2017, 19:07:49.434 [  FINER] [   FXGL.SystemLogger] [     FXGL Launcher Thread] Logging settings
Title: MotherLoad
Version: 0.01 [ALPHA]
Width: 800
Height: 700
Fullscreen: false
Intro: false
Menus: false
Profiling: true
App Mode: DEVELOPER
Menu Style: WARCRAFT3
Menu Key: ESCAPE
Services: []
16 Jan 2017, 19:07:51.463 [  FINER] [   FXGL.SystemLogger] [     FXGL Launcher Thread] FXGL configuration complete
16 Jan 2017, 19:07:51.464 [   INFO] [   FXGL.SystemLogger] [     FXGL Launcher Thread] FXGL configuration took:  2.168 sec
16 Jan 2017, 19:07:51.474 [  FINER] [   FXGL.SystemLogger] [JavaFX Application Thread] Running task: UpdaterTask
16 Jan 2017, 19:07:51.485 [  FINER] [   FXGL.SystemLogger] [     FXGL Launcher Thread] Running task: PreInitTask
16 Jan 2017, 19:07:51.733 [  FINER] [   FXGL.SystemLogger] [     FXGL Launcher Thread] Running task: InitScenesTask
16 Jan 2017, 19:07:52.416 [  FINER] [   FXGL.SystemLogger] [     FXGL Launcher Thread] Running task: InitEventHandlersTask
16 Jan 2017, 19:07:52.501 [  FINER] [   FXGL.SystemLogger] [     FXGL Launcher Thread] Running task: InitProfilerTask
16 Jan 2017, 19:07:52.515 [  FINER] [   FXGL.SystemLogger] [     FXGL Launcher Thread] Pausing main loop
16 Jan 2017, 19:07:52.523 [  FINER] [   FXGL.SystemLogger] [     FXGL Launcher Thread] Resetting FXGL application
16 Jan 2017, 19:07:52.780 [   INFO] [   FXGL.SystemLogger] [     FXGL Launcher Thread] Game configuration took:  1.295 sec
16 Jan 2017, 19:08:08.246 [   INFO] [   FXGL.SystemLogger] [ FXGL Background Thread 1] Game initialization took: 15.465 sec
16 Jan 2017, 19:08:08.253 [  FINER] [   FXGL.SystemLogger] [JavaFX Application Thread] Resuming main loop
16 Jan 2017, 19:09:24.867 [  FINER] [   FXGL.SystemLogger] [JavaFX Application Thread] Exiting Normally
16 Jan 2017, 19:09:24.870 [   INFO] [   FXGL.SystemLogger] [JavaFX Application Thread] Processed Frames: 1629
16 Jan 2017, 19:09:24.871 [   INFO] [   FXGL.SystemLogger] [JavaFX Application Thread] Average FPS: 58
16 Jan 2017, 19:09:24.873 [   INFO] [   FXGL.SystemLogger] [JavaFX Application Thread] Avg Performance: 87
16 Jan 2017, 19:09:24.873 [   INFO] [   FXGL.SystemLogger] [JavaFX Application Thread] Avg Memory Usage: 163 MB
16 Jan 2017, 19:09:24.875 [   INFO] [   FXGL.SystemLogger] [JavaFX Application Thread] Min Memory Usage: 124 MB
16 Jan 2017, 19:09:24.876 [   INFO] [   FXGL.SystemLogger] [JavaFX Application Thread] Max Memory Usage: 191 MB
16 Jan 2017, 19:09:24.877 [   INFO] [   FXGL.SystemLogger] [JavaFX Application Thread] Estimated GC runs: 1
16 Jan 2017, 19:09:24.892 [  FINER] [   FXGL.SystemLogger] [JavaFX Application Thread] Exiting FXGL
16 Jan 2017, 19:09:24.894 [  FINER] [   FXGL.SystemLogger] [JavaFX Application Thread] Logger is closing
