14:29:33.655 [FXGL Launcher Thread     ] DEBUG FXGLLoggerFactory    - Service [LoggerFactory] initialized
14:29:33.659 [FXGL Launcher Thread     ] DEBUG FXGL                 - FXGL configuration complete
14:29:33.659 [FXGL Launcher Thread     ] DEBUG FXGL                 - Loading FXGL system data
14:29:33.662 [FXGL Launcher Thread     ] DEBUG IOTask               - Executing task: readDataTask(system/fxgl.bundle)
14:29:33.664 [FXGL Launcher Thread     ] DEBUG FS                   - Reading from: system\fxgl.bundle
14:29:33.669 [FXGL Launcher Thread     ] DEBUG IOTask               - Task succeeded: readDataTask(system/fxgl.bundle)
14:29:33.669 [FXGL Launcher Thread     ] DEBUG Bundle               - Logging bundle: FXGL
14:29:33.670 [FXGL Launcher Thread     ] DEBUG Bundle               - FXGL.offline.timer.version.check=2017-01-12T08:38:28.585
14:29:33.675 [FXGL Launcher Thread     ] DEBUG GameApplication      - Configuring GameApplication
14:29:33.679 [FXGL Launcher Thread     ] DEBUG FXGLExceptionHandler - Service [ExceptionHandler] initialized
14:29:33.679 [FXGL Launcher Thread     ] DEBUG FXGLEventBus         - Service [EventBus] initialized
14:29:33.682 [FXGL Launcher Thread     ] DEBUG FXGLExecutor         - Service [Executor] initialized
14:29:33.682 [FXGL Launcher Thread     ] DEBUG PreInitTask          - Injecting gameWorld & physicsWorld
14:29:33.686 [FXGL Launcher Thread     ] DEBUG GameWorld            - Game world initialized
14:29:33.721 [FXGL Launcher Thread     ] DEBUG FXGLPooler           - Service [Pooler] initialized with default size = 128
14:29:33.722 [FXGL Launcher Thread     ] DEBUG PhysicsWorld         - Physics world initialized: appHeight=700.0, physics.ppm=50.0
14:29:33.723 [FXGL Launcher Thread     ] DEBUG FXGLInput            - Service [Input] initialized
14:29:33.740 [FXGL Launcher Thread     ] DEBUG FXGLInput            - Registered new binding: Screenshot - P
14:29:33.740 [FXGL Launcher Thread     ] DEBUG FXGLInput            - Registered new binding: Dev Options - CTRL+0
14:29:33.741 [FXGL Launcher Thread     ] DEBUG FXGLInput            - Registered new binding: Move With Mouse - PRIMARY
14:29:33.764 [FXGL Launcher Thread     ] DEBUG GameScene            - Game scene initialized: 800.0x700.0
14:29:33.769 [FXGL Launcher Thread     ] DEBUG FXGLAssetLoader      - Service [AssetLoader] initialized: cacheSize=35
14:29:33.771 [FXGL Launcher Thread     ] DEBUG FXGLAssetLoader      - Loading from disk: /assets/sounds/system/notification.wav
14:29:33.794 [FXGL Launcher Thread     ] DEBUG FXGLAssetLoader      - Loading from disk: /assets/sounds/menu/select.wav
14:29:33.796 [FXGL Launcher Thread     ] DEBUG FXGLAssetLoader      - Loading from disk: /assets/sounds/menu/back.wav
14:29:33.798 [FXGL Launcher Thread     ] DEBUG FXGLAssetLoader      - Loading from disk: /assets/sounds/menu/press.wav
14:29:33.801 [FXGL Launcher Thread     ] DEBUG FXGLAssetLoader      - Loading from disk: /assets/ui/fonts/Copperplate_Gothic_Light_Regular.ttf
14:29:33.884 [FXGL Launcher Thread     ] DEBUG FXGLAssetLoader      - Loading from disk: /assets/ui/css/fxgl.css
14:29:33.884 [FXGL Launcher Thread     ] DEBUG FXGLAssetLoader      - Loading from disk: /assets/ui/icons/fxgl_icon.png
14:29:33.913 [FXGL Launcher Thread     ] DEBUG FXGLAssetLoader      - Loading from disk: /assets/ui/css/fxgl_dark.css
14:29:33.923 [FXGL Launcher Thread     ] DEBUG FXGLDisplay          - Target size: DoubleProperty [value: 800.0] x DoubleProperty [value: 700.0] @ 1.0
14:29:33.923 [FXGL Launcher Thread     ] DEBUG FXGLDisplay          - New size:    800.0 x 700.0 @ DoubleProperty [value: 1.0]
14:29:33.923 [FXGL Launcher Thread     ] DEBUG FXGLDisplay          - Service [Display] initialized
14:29:33.924 [FXGL Launcher Thread     ] DEBUG FXGLDisplay          - Using CSS: CSS(externalForm=jar:file:/C:/Users/Mack/Documents/NetBeansProjects/MotherLoad/MotherLoad/lib/fxgl-0.2.9-uber.jar!/assets/ui/css/fxgl_dark.css)
14:29:33.924 [FXGL Launcher Thread     ] DEBUG InitScenesTask       - Injecting loadingScene & gameScene
14:29:33.952 [FXGL Launcher Thread     ] DEBUG FXGLMasterTimer      - Service [MasterTimer] initialized
14:29:33.955 [FXGL Launcher Thread     ] DEBUG FXGLAudioPlayer      - Service [AudioPlayer] initialized
14:29:33.962 [FXGL Launcher Thread     ] DEBUG InitProfilerTask     - Injecting profiler
14:29:33.962 [FXGL Launcher Thread     ] DEBUG GameApplication      - Starting new game
14:29:33.964 [FXGL Launcher Thread     ] DEBUG GameApplication      - Initializing App
14:29:33.964 [FXGL Launcher Thread     ] DEBUG FXGLInput            - Clearing active input actions
14:29:33.965 [FXGL Launcher Thread     ] DEBUG FXGLMasterTimer      - Stopping master timer
14:29:33.965 [FXGL Launcher Thread     ] DEBUG GameApplication      - State: STARTUP -> PAUSED
14:29:33.965 [FXGL Launcher Thread     ] DEBUG FXGLEventBus         - Firing event: FXGLEvent[type=PAUSE]
14:29:33.967 [FXGL Launcher Thread     ] DEBUG FXGLInput            - Clearing active input actions
14:29:33.967 [FXGL Launcher Thread     ] DEBUG FXGLMasterTimer      - Resetting ticks and clearing all actions
14:29:33.967 [FXGL Launcher Thread     ] DEBUG GameWorld            - Resetting game world
14:29:33.967 [FXGL Launcher Thread     ] TRACE EntityWorld          - Resetting entity world
14:29:33.968 [FXGL Launcher Thread     ] DEBUG PhysicsWorld         - Resetting physics world
14:29:33.968 [FXGL Launcher Thread     ] DEBUG GameScene            - Resetting game scene
14:29:33.968 [FXGL Launcher Thread     ] DEBUG FXGLEventBus         - Firing event: FXGLEvent[type=RESET]
14:29:34.031 [FXGL Launcher Thread     ] DEBUG GameApplication      - State: PAUSED -> LOADING
14:29:34.059 [FXGL Background Thread 1 ] DEBUG InitAppTask          - Initializing Assets
14:29:34.060 [FXGL Background Thread 1 ] DEBUG InitAppTask          - Initializing Game
14:29:34.074 [FXGL Background Thread 1 ] DEBUG FXGLAssetLoader      - Loading from disk: /assets/textures/PlayerLeft.png
14:29:34.082 [FXGL Background Thread 1 ] DEBUG FXGLAssetLoader      - Loading from disk: /assets/textures/Ground1.png
14:29:34.085 [FXGL Background Thread 1 ] DEBUG FXGLAssetLoader      - Loading from cache: /assets/textures/Ground1.png
14:29:34.086 [FXGL Background Thread 1 ] DEBUG FXGLAssetLoader      - Loading from cache: /assets/textures/Ground1.png
14:29:34.087 [FXGL Background Thread 1 ] DEBUG FXGLAssetLoader      - Loading from cache: /assets/textures/Ground1.png
14:29:34.088 [FXGL Background Thread 1 ] DEBUG FXGLAssetLoader      - Loading from cache: /assets/textures/Ground1.png
14:29:34.089 [FXGL Background Thread 1 ] DEBUG FXGLAssetLoader      - Loading from cache: /assets/textures/Ground1.png
14:29:34.090 [FXGL Background Thread 1 ] DEBUG FXGLAssetLoader      - Loading from cache: /assets/textures/Ground1.png
14:29:34.091 [FXGL Background Thread 1 ] DEBUG FXGLAssetLoader      - Loading from cache: /assets/textures/Ground1.png
14:29:34.092 [FXGL Background Thread 1 ] DEBUG FXGLAssetLoader      - Loading from cache: /assets/textures/Ground1.png
14:29:34.092 [FXGL Background Thread 1 ] DEBUG FXGLAssetLoader      - Loading from cache: /assets/textures/Ground1.png
14:29:34.093 [FXGL Background Thread 1 ] DEBUG InitAppTask          - Initializing Physics
14:29:34.093 [FXGL Background Thread 1 ] DEBUG InitAppTask          - Initializing UI
14:29:34.094 [FXGL Background Thread 1 ] DEBUG InitAppTask          - Initialization Complete
14:29:34.105 [JavaFX Application Thread] DEBUG FXGLDisplay          - Showing stage
14:29:34.105 [JavaFX Application Thread] DEBUG FXGLDisplay          - Root size: 800.0x700.0
14:29:34.105 [JavaFX Application Thread] DEBUG FXGLDisplay          - Scene size: 800.0x700.0
14:29:34.105 [JavaFX Application Thread] DEBUG FXGLDisplay          - Stage size: 816.0x739.0
14:29:34.169 [JavaFX Application Thread] DEBUG FXGLInput            - Clearing active input actions
14:29:34.169 [JavaFX Application Thread] DEBUG FXGLMasterTimer      - Starting master timer
14:29:34.169 [JavaFX Application Thread] DEBUG GameApplication      - State: LOADING -> PLAYING
14:29:34.175 [JavaFX Application Thread] DEBUG FXGLEventBus         - Firing event: FXGLEvent[type=RESUME]
14:29:34.179 [JavaFX Application Thread] DEBUG GameScene            - Entity added to scene
14:29:34.179 [JavaFX Application Thread] DEBUG GameScene            - Added MainViewComponent
14:29:34.181 [JavaFX Application Thread] DEBUG GameScene            - Creating render group for layer: TOP(2147483647)
14:29:34.185 [JavaFX Application Thread] DEBUG GameScene            - Entity added to scene
14:29:34.185 [JavaFX Application Thread] DEBUG GameScene            - Added MainViewComponent
14:29:34.185 [JavaFX Application Thread] DEBUG GameScene            - Entity added to scene
14:29:34.185 [JavaFX Application Thread] DEBUG GameScene            - Added MainViewComponent
14:29:34.185 [JavaFX Application Thread] DEBUG GameScene            - Entity added to scene
14:29:34.186 [JavaFX Application Thread] DEBUG GameScene            - Added MainViewComponent
14:29:34.186 [JavaFX Application Thread] DEBUG GameScene            - Entity added to scene
14:29:34.186 [JavaFX Application Thread] DEBUG GameScene            - Added MainViewComponent
14:29:34.186 [JavaFX Application Thread] DEBUG GameScene            - Entity added to scene
14:29:34.186 [JavaFX Application Thread] DEBUG GameScene            - Added MainViewComponent
14:29:34.186 [JavaFX Application Thread] DEBUG GameScene            - Entity added to scene
14:29:34.187 [JavaFX Application Thread] DEBUG GameScene            - Added MainViewComponent
14:29:34.187 [JavaFX Application Thread] DEBUG GameScene            - Entity added to scene
14:29:34.187 [JavaFX Application Thread] DEBUG GameScene            - Added MainViewComponent
14:29:34.187 [JavaFX Application Thread] DEBUG GameScene            - Entity added to scene
14:29:34.187 [JavaFX Application Thread] DEBUG GameScene            - Added MainViewComponent
14:29:34.188 [JavaFX Application Thread] DEBUG GameScene            - Entity added to scene
14:29:34.188 [JavaFX Application Thread] DEBUG GameScene            - Added MainViewComponent
14:29:34.188 [JavaFX Application Thread] DEBUG GameScene            - Entity added to scene
14:29:34.188 [JavaFX Application Thread] DEBUG GameScene            - Added MainViewComponent
14:30:11.494 [JavaFX Application Thread] DEBUG FXGLEventBus         - Firing event: DisplayEvent[type=CLOSE_REQUEST]
14:30:11.495 [JavaFX Application Thread] DEBUG FXGLEventBus         - Firing event: FXGLEvent[type=EXIT]
14:30:11.498 [JavaFX Application Thread] DEBUG FXGL                 - Saving FXGL system data
14:30:11.499 [JavaFX Application Thread] DEBUG IOTask               - Executing task: writeDataTask(system/fxgl.bundle)
14:30:11.501 [JavaFX Application Thread] DEBUG FS                   - Writing to: system\fxgl.bundle
14:30:11.504 [JavaFX Application Thread] DEBUG IOTask               - Task succeeded: writeDataTask(system/fxgl.bundle)
