13:37:13.673 [FXGL Launcher Thread     ] DEBUG FXGLLoggerFactory    - Service [LoggerFactory] initialized
13:37:13.678 [FXGL Launcher Thread     ] DEBUG FXGL                 - FXGL configuration complete
13:37:13.678 [FXGL Launcher Thread     ] DEBUG FXGL                 - Loading FXGL system data
13:37:13.681 [FXGL Launcher Thread     ] DEBUG IOTask               - Executing task: readDataTask(system/fxgl.bundle)
13:37:13.683 [FXGL Launcher Thread     ] DEBUG FS                   - Reading from: system\fxgl.bundle
13:37:13.687 [FXGL Launcher Thread     ] DEBUG IOTask               - Task succeeded: readDataTask(system/fxgl.bundle)
13:37:13.687 [FXGL Launcher Thread     ] DEBUG Bundle               - Logging bundle: FXGL
13:37:13.688 [FXGL Launcher Thread     ] DEBUG Bundle               - FXGL.offline.timer.version.check=2017-01-19T09:54:55.596
13:37:13.696 [FXGL Launcher Thread     ] DEBUG GameApplication      - Configuring GameApplication
13:37:13.699 [FXGL Launcher Thread     ] DEBUG FXGLExceptionHandler - Service [ExceptionHandler] initialized
13:37:13.700 [FXGL Launcher Thread     ] DEBUG FXGLEventBus         - Service [EventBus] initialized
13:37:13.703 [FXGL Launcher Thread     ] DEBUG FXGLExecutor         - Service [Executor] initialized
13:37:13.703 [FXGL Launcher Thread     ] DEBUG PreInitTask          - Injecting gameWorld & physicsWorld
13:37:13.707 [FXGL Launcher Thread     ] DEBUG GameWorld            - Game world initialized
13:37:13.743 [FXGL Launcher Thread     ] DEBUG FXGLPooler           - Service [Pooler] initialized with default size = 128
13:37:13.744 [FXGL Launcher Thread     ] DEBUG PhysicsWorld         - Physics world initialized: appHeight=700.0, physics.ppm=50.0
13:37:13.745 [FXGL Launcher Thread     ] DEBUG FXGLInput            - Service [Input] initialized
13:37:13.762 [FXGL Launcher Thread     ] DEBUG FXGLInput            - Registered new binding: Screenshot - P
13:37:13.762 [FXGL Launcher Thread     ] DEBUG FXGLInput            - Registered new binding: Dev Options - CTRL+0
13:37:13.762 [FXGL Launcher Thread     ] DEBUG FXGLInput            - Registered new binding: Move With Mouse - PRIMARY
13:37:13.763 [FXGL Launcher Thread     ] DEBUG FXGLInput            - Registered new binding: Move up - W
13:37:13.763 [FXGL Launcher Thread     ] DEBUG FXGLInput            - Registered new binding: Open Fuel Shop - 1
13:37:13.763 [FXGL Launcher Thread     ] DEBUG FXGLInput            - Registered new binding: Open Sell - 2
13:37:13.786 [FXGL Launcher Thread     ] DEBUG GameScene            - Game scene initialized: 800.0x700.0
13:37:13.791 [FXGL Launcher Thread     ] DEBUG FXGLAssetLoader      - Service [AssetLoader] initialized: cacheSize=35
13:37:13.793 [FXGL Launcher Thread     ] DEBUG FXGLAssetLoader      - Loading from disk: /assets/sounds/system/notification.wav
13:37:13.814 [FXGL Launcher Thread     ] DEBUG FXGLAssetLoader      - Loading from disk: /assets/sounds/menu/select.wav
13:37:13.816 [FXGL Launcher Thread     ] DEBUG FXGLAssetLoader      - Loading from disk: /assets/sounds/menu/back.wav
13:37:13.817 [FXGL Launcher Thread     ] DEBUG FXGLAssetLoader      - Loading from disk: /assets/sounds/menu/press.wav
13:37:13.819 [FXGL Launcher Thread     ] DEBUG FXGLAssetLoader      - Loading from disk: /assets/ui/fonts/Copperplate_Gothic_Light_Regular.ttf
13:37:13.905 [FXGL Launcher Thread     ] DEBUG FXGLAssetLoader      - Loading from disk: /assets/ui/css/fxgl.css
13:37:13.905 [FXGL Launcher Thread     ] DEBUG FXGLAssetLoader      - Loading from disk: /assets/ui/icons/fxgl_icon.png
13:37:13.937 [FXGL Launcher Thread     ] DEBUG FXGLEventBus         - Firing event: SaveEvent
13:37:13.943 [FXGL Launcher Thread     ] DEBUG FXGLAssetLoader      - Loading from disk: /assets/textures/Menu Image.png
13:37:13.984 [FXGL Launcher Thread     ] DEBUG Menu                 - createMenuBodyMainMenu()
13:37:13.992 [FXGL Launcher Thread     ] DEBUG Menu                 - createOptionsMenu()
13:37:13.996 [FXGL Launcher Thread     ] DEBUG Menu                 - createExtraMenu()
13:37:14.001 [FXGL Launcher Thread     ] DEBUG FXGLAssetLoader      - Loading from cache: /assets/textures/Menu Image.png
13:37:14.002 [FXGL Launcher Thread     ] DEBUG Menu                 - createMenuBodyGameMenu()
13:37:14.003 [FXGL Launcher Thread     ] DEBUG Menu                 - createOptionsMenu()
13:37:14.004 [FXGL Launcher Thread     ] DEBUG Menu                 - createExtraMenu()
13:37:14.007 [FXGL Launcher Thread     ] DEBUG FXGLAssetLoader      - Loading from disk: /assets/ui/css/fxgl_dark.css
13:37:14.015 [FXGL Launcher Thread     ] DEBUG FXGLDisplay          - Target size: DoubleProperty [value: 800.0] x DoubleProperty [value: 700.0] @ 1.0
13:37:14.015 [FXGL Launcher Thread     ] DEBUG FXGLDisplay          - New size:    800.0 x 700.0 @ DoubleProperty [value: 1.0]
13:37:14.015 [FXGL Launcher Thread     ] DEBUG FXGLDisplay          - Service [Display] initialized
13:37:14.015 [FXGL Launcher Thread     ] DEBUG FXGLDisplay          - Using CSS: CSS(externalForm=jar:file:/C:/Users/Mack/Documents/NetBeansProjects/MotherLoad/MotherLoad/lib/fxgl-0.2.9-uber.jar!/assets/ui/css/fxgl_dark.css)
13:37:14.016 [FXGL Launcher Thread     ] DEBUG InitScenesTask       - Injecting mainMenuScene & gameMenuScene
13:37:14.016 [FXGL Launcher Thread     ] DEBUG InitScenesTask       - Injecting loadingScene & gameScene
13:37:14.046 [FXGL Launcher Thread     ] DEBUG FXGLMasterTimer      - Service [MasterTimer] initialized
13:37:14.048 [FXGL Launcher Thread     ] DEBUG FXGLAudioPlayer      - Service [AudioPlayer] initialized
13:37:14.055 [FXGL Launcher Thread     ] DEBUG InitProfilerTask     - Injecting profiler
13:37:14.055 [FXGL Launcher Thread     ] DEBUG GameApplication      - State: STARTUP -> MAIN_MENU
13:37:14.094 [FXGL Launcher Thread     ] DEBUG SaveLoadManager      - Checking profiles dir: profiles/
13:37:14.094 [FXGL Launcher Thread     ] DEBUG SaveLoadManager      - Loading profile names
13:37:14.095 [FXGL Launcher Thread     ] DEBUG IOTask               - Showing dialog
13:37:14.102 [FXGL Launcher Thread     ] DEBUG FXGLEventBus         - Firing event: DisplayEvent[type=DIALOG_OPENED]
13:37:14.103 [FXGL Launcher Thread     ] DEBUG FXGLInput            - Clearing active input actions
13:37:14.105 [FXGL Background Thread 1 ] DEBUG IOTask               - Executing task: loadDirectoryNamesTask(./profiles/, false)
13:37:14.216 [JavaFX Application Thread] DEBUG FXGLDisplay          - Showing stage
13:37:14.216 [JavaFX Application Thread] DEBUG FXGLDisplay          - Root size: 800.0x700.0
13:37:14.216 [JavaFX Application Thread] DEBUG FXGLDisplay          - Scene size: 800.0x700.0
13:37:14.216 [JavaFX Application Thread] DEBUG FXGLDisplay          - Stage size: 816.0x739.0
13:37:14.357 [JavaFX Application Thread] DEBUG IOTask               - succeed(): Dismissing dialog
13:37:14.358 [JavaFX Application Thread] DEBUG FXGLEventBus         - Firing event: DisplayEvent[type=DIALOG_CLOSED]
13:37:14.359 [JavaFX Application Thread] DEBUG IOTask               - Task succeeded: loadDirectoryNamesTask(./profiles/, false)
13:37:14.366 [JavaFX Application Thread] DEBUG FXGLEventBus         - Firing event: DisplayEvent[type=DIALOG_OPENED]
13:37:14.366 [JavaFX Application Thread] DEBUG FXGLInput            - Clearing active input actions
13:37:15.187 [JavaFX Application Thread] DEBUG FXGLEventBus         - Firing event: DisplayEvent[type=DIALOG_CLOSED]
13:37:15.187 [JavaFX Application Thread] DEBUG SaveLoadManager      - Loading profile: g
13:37:15.188 [JavaFX Application Thread] DEBUG IOTask               - Showing dialog
13:37:15.191 [JavaFX Application Thread] DEBUG FXGLEventBus         - Firing event: DisplayEvent[type=DIALOG_OPENED]
13:37:15.191 [JavaFX Application Thread] DEBUG FXGLInput            - Clearing active input actions
13:37:15.191 [FXGL Background Thread 1 ] DEBUG IOTask               - Executing task: readDataTask(./profiles/g/user.profile)
13:37:15.192 [FXGL Background Thread 1 ] DEBUG FS                   - Reading from: .\profiles\g\user.profile
13:37:15.197 [JavaFX Application Thread] DEBUG IOTask               - succeed(): Dismissing dialog
13:37:15.198 [JavaFX Application Thread] DEBUG FXGLEventBus         - Firing event: DisplayEvent[type=DIALOG_CLOSED]
13:37:15.198 [JavaFX Application Thread] DEBUG IOTask               - Task succeeded: readDataTask(./profiles/g/user.profile)
13:37:15.198 [JavaFX Application Thread] DEBUG FXGLEventBus         - Firing event: LoadEvent[type=LOAD_PROFILE]
13:37:15.198 [JavaFX Application Thread] DEBUG FXGLInput            - Loading data from profile
13:37:15.198 [JavaFX Application Thread] DEBUG Bundle               - Logging bundle: input
13:37:15.198 [JavaFX Application Thread] DEBUG Bundle               - input.Open Fuel Shop=1
13:37:15.198 [JavaFX Application Thread] DEBUG Bundle               - input.Screenshot=P
13:37:15.198 [JavaFX Application Thread] DEBUG Bundle               - input.Dev Options=CTRL+0
13:37:15.198 [JavaFX Application Thread] DEBUG Bundle               - input.Move up=W
13:37:15.198 [JavaFX Application Thread] DEBUG Bundle               - input.Open Sell=2
13:37:15.198 [JavaFX Application Thread] DEBUG Bundle               - input.Move With Mouse=PRIMARY
13:37:15.199 [JavaFX Application Thread] DEBUG FXGLDisplay          - Loading data from profile
13:37:15.199 [JavaFX Application Thread] DEBUG Bundle               - Logging bundle: scene
13:37:15.199 [JavaFX Application Thread] DEBUG Bundle               - scene.sizeW=800.0
13:37:15.199 [JavaFX Application Thread] DEBUG Bundle               - scene.sizeH=700.0
13:37:15.199 [JavaFX Application Thread] DEBUG FXGLDisplay          - Target size: DoubleProperty [value: 800.0] x DoubleProperty [value: 700.0] @ 1.0
13:37:15.199 [JavaFX Application Thread] DEBUG FXGLDisplay          - New size:    800.0 x 700.0 @ DoubleProperty [value: 1.0]
13:37:15.211 [JavaFX Application Thread] DEBUG FXGLAudioPlayer      - Loading data from profile
13:37:15.211 [JavaFX Application Thread] DEBUG Bundle               - Logging bundle: audio
13:37:15.211 [JavaFX Application Thread] DEBUG Bundle               - audio.musicVolume=0.3
13:37:15.211 [JavaFX Application Thread] DEBUG Bundle               - audio.soundVolume=0.5
13:37:15.211 [JavaFX Application Thread] DEBUG AchievementManager   - Service [AchievementManager] initialized
13:37:15.211 [JavaFX Application Thread] DEBUG AchievementManager   - Loading data from profile
13:37:15.211 [JavaFX Application Thread] DEBUG Bundle               - Logging bundle: achievement
13:37:15.212 [JavaFX Application Thread] DEBUG FXGLMasterTimer      - Loading data from profile
13:37:15.212 [JavaFX Application Thread] DEBUG Bundle               - Logging bundle: timer
13:37:15.212 [JavaFX Application Thread] DEBUG Bundle               - timer.playtime=970688061287
13:37:15.213 [JavaFX Application Thread] DEBUG SaveLoadManager      - Loading last modified save file
13:37:15.213 [JavaFX Application Thread] DEBUG SaveLoadManager      - Loading save files
13:37:15.215 [JavaFX Application Thread] DEBUG IOTask               - Showing dialog
13:37:15.218 [JavaFX Application Thread] DEBUG FXGLEventBus         - Firing event: DisplayEvent[type=DIALOG_OPENED]
13:37:15.218 [JavaFX Application Thread] DEBUG FXGLInput            - Clearing active input actions
13:37:15.218 [FXGL Background Thread 1 ] DEBUG IOTask               - Executing task: loadFileNamesTask(./profiles/g/saves/, true, [FileExtension(extension=.sav)])
13:37:15.218 [FXGL Background Thread 1 ] DEBUG IOTask               - Executing task: loadFileNamesTask(./profiles/g/saves/, true, [FileExtension(extension=.sav)])
13:37:15.218 [FXGL Background Thread 1 ] DEBUG IOTask               - Executing task: loadFileNamesTask(./profiles/g/saves/, true, [FileExtension(extension=.sav)])
13:37:15.221 [FXGL Background Thread 1 ] DEBUG IOTask               - Executing task: readSaveFiles
13:37:15.222 [FXGL Background Thread 1 ] DEBUG IOTask               - Executing task: findLastSave
13:37:15.233 [JavaFX Application Thread] DEBUG IOTask               - fail(): Dismissing dialog
13:37:15.234 [JavaFX Application Thread] DEBUG FXGLEventBus         - Firing event: DisplayEvent[type=DIALOG_CLOSED]
13:37:15.234 [JavaFX Application Thread] WARN  IOTask               - Task failed: loadFileNamesTask(./profiles/g/saves/, true, [FileExtension(extension=.sav)]) Error: java.io.FileNotFoundException: No save files found
13:37:15.234 [JavaFX Application Thread] DEBUG FXGLEventBus         - Firing event: ProfileSelectedEvent[name=g,hasSaves=false]
13:37:15.650 [JavaFX Application Thread] DEBUG Menu                 - fireNewGame()
13:37:15.650 [JavaFX Application Thread] DEBUG GameApplication      - Starting new game
13:37:15.651 [JavaFX Application Thread] DEBUG GameApplication      - Initializing App
13:37:15.652 [JavaFX Application Thread] DEBUG FXGLInput            - Clearing active input actions
13:37:15.653 [JavaFX Application Thread] DEBUG FXGLMasterTimer      - Stopping master timer
13:37:15.653 [JavaFX Application Thread] DEBUG GameApplication      - State: MAIN_MENU -> PAUSED
13:37:15.653 [JavaFX Application Thread] DEBUG FXGLEventBus         - Firing event: FXGLEvent[type=PAUSE]
13:37:15.653 [JavaFX Application Thread] DEBUG FXGLInput            - Clearing active input actions
13:37:15.653 [JavaFX Application Thread] DEBUG FXGLMasterTimer      - Resetting ticks and clearing all actions
13:37:15.653 [JavaFX Application Thread] DEBUG GameWorld            - Resetting game world
13:37:15.653 [JavaFX Application Thread] TRACE EntityWorld          - Resetting entity world
13:37:15.655 [JavaFX Application Thread] DEBUG PhysicsWorld         - Resetting physics world
13:37:15.655 [JavaFX Application Thread] DEBUG GameScene            - Resetting game scene
13:37:15.655 [JavaFX Application Thread] DEBUG FXGLEventBus         - Firing event: FXGLEvent[type=RESET]
13:37:15.742 [JavaFX Application Thread] DEBUG GameApplication      - State: PAUSED -> LOADING
13:37:15.748 [FXGL Background Thread 1 ] DEBUG InitAppTask          - Initializing Assets
13:37:15.748 [JavaFX Application Thread] DEBUG FXGLEventBus         - Firing event: MenuEvent[type=NEW_GAME]
13:37:15.748 [FXGL Background Thread 1 ] DEBUG InitAppTask          - Initializing Game
13:37:15.750 [FXGL Background Thread 1 ] DEBUG FXGLAssetLoader      - Loading from disk: /assets/music/29 BONUS Horror.mp3
13:37:15.775 [FXGL Background Thread 1 ] DEBUG FXGLAudioPlayer      - Playing music Music [balance=0.0, volume=1.0, rate=1.0, cycleCount=1]
13:37:15.802 [FXGL Background Thread 1 ] DEBUG InitAppTask          - Initializing Physics
13:37:15.803 [FXGL Background Thread 1 ] DEBUG InitAppTask          - Initializing UI
13:37:15.805 [FXGL Background Thread 1 ] DEBUG GameScene            - Adding UI node: Text[text="Fuel Remaining: 1000", x=0.0, y=0.0, alignment=LEFT, origin=BASELINE, boundsType=LOGICAL, font=Font[name=Copperplate Gothic Light, family=Copperplate Gothic Light, style=Regular, size=20.0], fontSmoothingType=GRAY, fill=0x5f9ea0ff]
13:37:15.806 [FXGL Background Thread 1 ] DEBUG GameScene            - Adding UI node: Text[text="Armour Level: 10", x=0.0, y=0.0, alignment=LEFT, origin=BASELINE, boundsType=LOGICAL, font=Font[name=Copperplate Gothic Light, family=Copperplate Gothic Light, style=Regular, size=20.0], fontSmoothingType=GRAY, fill=0xdc143cff]
13:37:15.806 [FXGL Background Thread 1 ] DEBUG GameScene            - Adding UI node: Text[text="Credits: 100", x=0.0, y=0.0, alignment=LEFT, origin=BASELINE, boundsType=LOGICAL, font=Font[name=Copperplate Gothic Light, family=Copperplate Gothic Light, style=Regular, size=20.0], fontSmoothingType=GRAY, fill=0x00ff00ff]
13:37:15.807 [FXGL Background Thread 1 ] DEBUG InitAppTask          - Initialization Complete
13:37:15.809 [JavaFX Application Thread] DEBUG FXGLInput            - Clearing active input actions
13:37:15.809 [JavaFX Application Thread] DEBUG FXGLMasterTimer      - Starting master timer
13:37:15.809 [JavaFX Application Thread] DEBUG GameApplication      - State: LOADING -> PLAYING
13:37:15.813 [JavaFX Application Thread] DEBUG FXGLEventBus         - Firing event: FXGLEvent[type=RESUME]
13:37:15.817 [JavaFX Application Thread] DEBUG GameScene            - Entity added to scene
13:37:15.817 [JavaFX Application Thread] DEBUG GameScene            - Added MainViewComponent
13:37:15.819 [JavaFX Application Thread] DEBUG GameScene            - Creating render group for layer: TOP(2147483647)
13:37:15.872 [JavaFX Application Thread] DEBUG FXGLAssetLoader      - Loading from disk: /assets/textures/Ground1.png
13:37:15.874 [JavaFX Application Thread] DEBUG FXGLAssetLoader      - Loading from cache: /assets/textures/Ground1.png
13:37:15.874 [JavaFX Application Thread] DEBUG FXGLAssetLoader      - Loading from cache: /assets/textures/Ground1.png
13:37:15.875 [JavaFX Application Thread] DEBUG FXGLAssetLoader      - Loading from cache: /assets/textures/Ground1.png
13:37:15.875 [JavaFX Application Thread] DEBUG FXGLAssetLoader      - Loading from cache: /assets/textures/Ground1.png
13:37:15.875 [JavaFX Application Thread] DEBUG FXGLAssetLoader      - Loading from cache: /assets/textures/Ground1.png
13:37:15.876 [JavaFX Application Thread] DEBUG FXGLAssetLoader      - Loading from cache: /assets/textures/Ground1.png
13:37:15.876 [JavaFX Application Thread] DEBUG FXGLAssetLoader      - Loading from cache: /assets/textures/Ground1.png
13:37:15.877 [JavaFX Application Thread] DEBUG FXGLAssetLoader      - Loading from cache: /assets/textures/Ground1.png
13:37:15.877 [JavaFX Application Thread] DEBUG FXGLAssetLoader      - Loading from cache: /assets/textures/Ground1.png
13:37:15.877 [JavaFX Application Thread] DEBUG FXGLAssetLoader      - Loading from cache: /assets/textures/Ground1.png
13:37:15.878 [JavaFX Application Thread] DEBUG FXGLAssetLoader      - Loading from cache: /assets/textures/Ground1.png
13:37:15.878 [JavaFX Application Thread] DEBUG FXGLAssetLoader      - Loading from cache: /assets/textures/Ground1.png
13:37:15.879 [JavaFX Application Thread] DEBUG FXGLAssetLoader      - Loading from cache: /assets/textures/Ground1.png
13:37:15.879 [JavaFX Application Thread] DEBUG FXGLAssetLoader      - Loading from cache: /assets/textures/Ground1.png
13:37:15.880 [JavaFX Application Thread] DEBUG FXGLAssetLoader      - Loading from cache: /assets/textures/Ground1.png
13:37:15.880 [JavaFX Application Thread] DEBUG FXGLAssetLoader      - Loading from cache: /assets/textures/Ground1.png
13:37:15.880 [JavaFX Application Thread] DEBUG FXGLAssetLoader      - Loading from cache: /assets/textures/Ground1.png
13:37:15.881 [JavaFX Application Thread] DEBUG FXGLAssetLoader      - Loading from cache: /assets/textures/Ground1.png
13:37:15.881 [JavaFX Application Thread] DEBUG FXGLAssetLoader      - Loading from cache: /assets/textures/Ground1.png
13:37:15.881 [JavaFX Application Thread] DEBUG FXGLAssetLoader      - Loading from cache: /assets/textures/Ground1.png
13:37:15.882 [JavaFX Application Thread] DEBUG FXGLAssetLoader      - Loading from cache: /assets/textures/Ground1.png
13:37:15.882 [JavaFX Application Thread] DEBUG FXGLAssetLoader      - Loading from cache: /assets/textures/Ground1.png
13:37:15.882 [JavaFX Application Thread] DEBUG FXGLAssetLoader      - Loading from cache: /assets/textures/Ground1.png
13:37:15.883 [JavaFX Application Thread] DEBUG FXGLAssetLoader      - Loading from cache: /assets/textures/Ground1.png
13:37:15.883 [JavaFX Application Thread] DEBUG FXGLAssetLoader      - Loading from cache: /assets/textures/Ground1.png
13:37:15.884 [JavaFX Application Thread] DEBUG FXGLAssetLoader      - Loading from cache: /assets/textures/Ground1.png
13:37:15.884 [JavaFX Application Thread] DEBUG FXGLAssetLoader      - Loading from cache: /assets/textures/Ground1.png
13:37:15.884 [JavaFX Application Thread] DEBUG FXGLAssetLoader      - Loading from cache: /assets/textures/Ground1.png
13:37:15.885 [JavaFX Application Thread] DEBUG FXGLAssetLoader      - Loading from cache: /assets/textures/Ground1.png
13:37:15.885 [JavaFX Application Thread] DEBUG FXGLAssetLoader      - Loading from cache: /assets/textures/Ground1.png
13:37:15.885 [JavaFX Application Thread] DEBUG FXGLAssetLoader      - Loading from cache: /assets/textures/Ground1.png
13:37:15.886 [JavaFX Application Thread] DEBUG FXGLAssetLoader      - Loading from cache: /assets/textures/Ground1.png
13:37:15.886 [JavaFX Application Thread] DEBUG FXGLAssetLoader      - Loading from cache: /assets/textures/Ground1.png
13:37:15.886 [JavaFX Application Thread] DEBUG FXGLAssetLoader      - Loading from cache: /assets/textures/Ground1.png
13:37:15.887 [JavaFX Application Thread] DEBUG FXGLAssetLoader      - Loading from cache: /assets/textures/Ground1.png
13:37:15.887 [JavaFX Application Thread] DEBUG FXGLAssetLoader      - Loading from cache: /assets/textures/Ground1.png
13:37:15.887 [JavaFX Application Thread] DEBUG FXGLAssetLoader      - Loading from cache: /assets/textures/Ground1.png
13:37:15.888 [JavaFX Application Thread] DEBUG FXGLAssetLoader      - Loading from cache: /assets/textures/Ground1.png
13:37:15.888 [JavaFX Application Thread] DEBUG FXGLAssetLoader      - Loading from cache: /assets/textures/Ground1.png
13:37:15.889 [JavaFX Application Thread] DEBUG FXGLAssetLoader      - Loading from cache: /assets/textures/Ground1.png
13:37:15.889 [JavaFX Application Thread] DEBUG FXGLAssetLoader      - Loading from cache: /assets/textures/Ground1.png
13:37:15.889 [JavaFX Application Thread] DEBUG FXGLAssetLoader      - Loading from cache: /assets/textures/Ground1.png
13:37:15.890 [JavaFX Application Thread] DEBUG FXGLAssetLoader      - Loading from cache: /assets/textures/Ground1.png
13:37:15.890 [JavaFX Application Thread] DEBUG FXGLAssetLoader      - Loading from cache: /assets/textures/Ground1.png
13:37:15.906 [JavaFX Application Thread] DEBUG GameScene            - Entity added to scene
13:37:15.906 [JavaFX Application Thread] DEBUG GameScene            - Added MainViewComponent
13:37:15.906 [JavaFX Application Thread] DEBUG GameScene            - Entity added to scene
13:37:15.907 [JavaFX Application Thread] DEBUG GameScene            - Added MainViewComponent
13:37:15.907 [JavaFX Application Thread] DEBUG GameScene            - Entity added to scene
13:37:15.907 [JavaFX Application Thread] DEBUG GameScene            - Added MainViewComponent
13:37:15.907 [JavaFX Application Thread] DEBUG GameScene            - Entity added to scene
13:37:15.907 [JavaFX Application Thread] DEBUG GameScene            - Added MainViewComponent
13:37:15.907 [JavaFX Application Thread] DEBUG GameScene            - Entity added to scene
13:37:15.907 [JavaFX Application Thread] DEBUG GameScene            - Added MainViewComponent
13:37:15.907 [JavaFX Application Thread] DEBUG GameScene            - Entity added to scene
13:37:15.907 [JavaFX Application Thread] DEBUG GameScene            - Added MainViewComponent
13:37:15.908 [JavaFX Application Thread] DEBUG GameScene            - Entity added to scene
13:37:15.908 [JavaFX Application Thread] DEBUG GameScene            - Added MainViewComponent
13:37:15.908 [JavaFX Application Thread] DEBUG GameScene            - Entity added to scene
13:37:15.908 [JavaFX Application Thread] DEBUG GameScene            - Added MainViewComponent
13:37:15.908 [JavaFX Application Thread] DEBUG GameScene            - Entity added to scene
13:37:15.908 [JavaFX Application Thread] DEBUG GameScene            - Added MainViewComponent
13:37:15.908 [JavaFX Application Thread] DEBUG GameScene            - Entity added to scene
13:37:15.908 [JavaFX Application Thread] DEBUG GameScene            - Added MainViewComponent
13:37:15.908 [JavaFX Application Thread] DEBUG GameScene            - Entity added to scene
13:37:15.908 [JavaFX Application Thread] DEBUG GameScene            - Added MainViewComponent
13:37:15.909 [JavaFX Application Thread] DEBUG GameScene            - Entity added to scene
13:37:15.909 [JavaFX Application Thread] DEBUG GameScene            - Added MainViewComponent
13:37:15.909 [JavaFX Application Thread] DEBUG GameScene            - Entity added to scene
13:37:15.909 [JavaFX Application Thread] DEBUG GameScene            - Added MainViewComponent
13:37:15.909 [JavaFX Application Thread] DEBUG GameScene            - Entity added to scene
13:37:15.909 [JavaFX Application Thread] DEBUG GameScene            - Added MainViewComponent
13:37:15.909 [JavaFX Application Thread] DEBUG GameScene            - Entity added to scene
13:37:15.909 [JavaFX Application Thread] DEBUG GameScene            - Added MainViewComponent
13:37:15.909 [JavaFX Application Thread] DEBUG GameScene            - Entity added to scene
13:37:15.909 [JavaFX Application Thread] DEBUG GameScene            - Added MainViewComponent
13:37:15.910 [JavaFX Application Thread] DEBUG GameScene            - Entity added to scene
13:37:15.910 [JavaFX Application Thread] DEBUG GameScene            - Added MainViewComponent
13:37:15.910 [JavaFX Application Thread] DEBUG GameScene            - Entity added to scene
13:37:15.910 [JavaFX Application Thread] DEBUG GameScene            - Added MainViewComponent
13:37:15.910 [JavaFX Application Thread] DEBUG GameScene            - Entity added to scene
13:37:15.910 [JavaFX Application Thread] DEBUG GameScene            - Added MainViewComponent
13:37:15.910 [JavaFX Application Thread] DEBUG GameScene            - Entity added to scene
13:37:15.910 [JavaFX Application Thread] DEBUG GameScene            - Added MainViewComponent
13:37:15.910 [JavaFX Application Thread] DEBUG GameScene            - Entity added to scene
13:37:15.911 [JavaFX Application Thread] DEBUG GameScene            - Added MainViewComponent
13:37:15.911 [JavaFX Application Thread] DEBUG GameScene            - Entity added to scene
13:37:15.911 [JavaFX Application Thread] DEBUG GameScene            - Added MainViewComponent
13:37:15.911 [JavaFX Application Thread] DEBUG GameScene            - Entity added to scene
13:37:15.911 [JavaFX Application Thread] DEBUG GameScene            - Added MainViewComponent
13:37:15.911 [JavaFX Application Thread] DEBUG GameScene            - Entity added to scene
13:37:15.911 [JavaFX Application Thread] DEBUG GameScene            - Added MainViewComponent
13:37:15.912 [JavaFX Application Thread] DEBUG GameScene            - Entity added to scene
13:37:15.912 [JavaFX Application Thread] DEBUG GameScene            - Added MainViewComponent
13:37:15.912 [JavaFX Application Thread] DEBUG GameScene            - Entity added to scene
13:37:15.912 [JavaFX Application Thread] DEBUG GameScene            - Added MainViewComponent
13:37:15.912 [JavaFX Application Thread] DEBUG GameScene            - Entity added to scene
13:37:15.913 [JavaFX Application Thread] DEBUG GameScene            - Added MainViewComponent
13:37:15.913 [JavaFX Application Thread] DEBUG GameScene            - Entity added to scene
13:37:15.913 [JavaFX Application Thread] DEBUG GameScene            - Added MainViewComponent
13:37:15.913 [JavaFX Application Thread] DEBUG GameScene            - Entity added to scene
13:37:15.913 [JavaFX Application Thread] DEBUG GameScene            - Added MainViewComponent
13:37:15.913 [JavaFX Application Thread] DEBUG GameScene            - Entity added to scene
13:37:15.913 [JavaFX Application Thread] DEBUG GameScene            - Added MainViewComponent
13:37:15.914 [JavaFX Application Thread] DEBUG GameScene            - Entity added to scene
13:37:15.914 [JavaFX Application Thread] DEBUG GameScene            - Added MainViewComponent
13:37:15.914 [JavaFX Application Thread] DEBUG GameScene            - Entity added to scene
13:37:15.914 [JavaFX Application Thread] DEBUG GameScene            - Added MainViewComponent
13:37:15.914 [JavaFX Application Thread] DEBUG GameScene            - Entity added to scene
13:37:15.914 [JavaFX Application Thread] DEBUG GameScene            - Added MainViewComponent
13:37:15.914 [JavaFX Application Thread] DEBUG GameScene            - Entity added to scene
13:37:15.915 [JavaFX Application Thread] DEBUG GameScene            - Added MainViewComponent
13:37:15.915 [JavaFX Application Thread] DEBUG GameScene            - Entity added to scene
13:37:15.915 [JavaFX Application Thread] DEBUG GameScene            - Added MainViewComponent
13:37:15.915 [JavaFX Application Thread] DEBUG GameScene            - Entity added to scene
13:37:15.915 [JavaFX Application Thread] DEBUG GameScene            - Added MainViewComponent
13:37:15.915 [JavaFX Application Thread] DEBUG GameScene            - Entity added to scene
13:37:15.915 [JavaFX Application Thread] DEBUG GameScene            - Added MainViewComponent
13:37:15.916 [JavaFX Application Thread] DEBUG GameScene            - Entity added to scene
13:37:15.916 [JavaFX Application Thread] DEBUG GameScene            - Added MainViewComponent
13:37:15.916 [JavaFX Application Thread] DEBUG GameScene            - Entity added to scene
13:37:15.916 [JavaFX Application Thread] DEBUG GameScene            - Added MainViewComponent
13:37:15.916 [JavaFX Application Thread] DEBUG GameScene            - Entity added to scene
13:37:15.916 [JavaFX Application Thread] DEBUG GameScene            - Added MainViewComponent
13:37:15.916 [JavaFX Application Thread] DEBUG GameScene            - Entity added to scene
13:37:15.916 [JavaFX Application Thread] DEBUG GameScene            - Added MainViewComponent
13:37:15.916 [JavaFX Application Thread] DEBUG GameScene            - Entity added to scene
13:37:15.917 [JavaFX Application Thread] DEBUG GameScene            - Added MainViewComponent
13:37:15.917 [JavaFX Application Thread] DEBUG GameScene            - Entity added to scene
13:37:15.917 [JavaFX Application Thread] DEBUG GameScene            - Added MainViewComponent
13:37:15.917 [JavaFX Application Thread] DEBUG GameScene            - Entity added to scene
13:37:15.917 [JavaFX Application Thread] DEBUG GameScene            - Added MainViewComponent
13:37:15.917 [JavaFX Application Thread] DEBUG GameScene            - Entity added to scene
13:37:15.917 [JavaFX Application Thread] DEBUG GameScene            - Added MainViewComponent
13:37:16.164 [JavaFX Application Thread] DEBUG FXGLAssetLoader      - Loading from cache: /assets/textures/Ground1.png
13:37:16.165 [JavaFX Application Thread] DEBUG FXGLAssetLoader      - Loading from cache: /assets/textures/Ground1.png
13:37:16.166 [JavaFX Application Thread] DEBUG FXGLAssetLoader      - Loading from cache: /assets/textures/Ground1.png
13:37:16.167 [JavaFX Application Thread] DEBUG FXGLAssetLoader      - Loading from cache: /assets/textures/Ground1.png
13:37:16.168 [JavaFX Application Thread] DEBUG FXGLAssetLoader      - Loading from cache: /assets/textures/Ground1.png
13:37:16.169 [JavaFX Application Thread] DEBUG FXGLAssetLoader      - Loading from cache: /assets/textures/Ground1.png
13:37:16.170 [JavaFX Application Thread] DEBUG FXGLAssetLoader      - Loading from cache: /assets/textures/Ground1.png
13:37:16.171 [JavaFX Application Thread] DEBUG FXGLAssetLoader      - Loading from cache: /assets/textures/Ground1.png
13:37:16.172 [JavaFX Application Thread] DEBUG FXGLAssetLoader      - Loading from cache: /assets/textures/Ground1.png
13:37:16.173 [JavaFX Application Thread] DEBUG FXGLAssetLoader      - Loading from cache: /assets/textures/Ground1.png
13:37:16.174 [JavaFX Application Thread] DEBUG FXGLAssetLoader      - Loading from cache: /assets/textures/Ground1.png
13:37:16.176 [JavaFX Application Thread] DEBUG FXGLAssetLoader      - Loading from cache: /assets/textures/Ground1.png
13:37:16.178 [JavaFX Application Thread] DEBUG FXGLAssetLoader      - Loading from cache: /assets/textures/Ground1.png
13:37:16.179 [JavaFX Application Thread] DEBUG FXGLAssetLoader      - Loading from cache: /assets/textures/Ground1.png
13:37:16.181 [JavaFX Application Thread] DEBUG FXGLAssetLoader      - Loading from cache: /assets/textures/Ground1.png
13:37:16.190 [JavaFX Application Thread] DEBUG GameScene            - Entity added to scene
13:37:16.190 [JavaFX Application Thread] DEBUG GameScene            - Added MainViewComponent
13:37:16.191 [JavaFX Application Thread] DEBUG GameScene            - Entity added to scene
13:37:16.191 [JavaFX Application Thread] DEBUG GameScene            - Added MainViewComponent
13:37:16.191 [JavaFX Application Thread] DEBUG GameScene            - Entity added to scene
13:37:16.191 [JavaFX Application Thread] DEBUG GameScene            - Added MainViewComponent
13:37:16.191 [JavaFX Application Thread] DEBUG GameScene            - Entity added to scene
13:37:16.191 [JavaFX Application Thread] DEBUG GameScene            - Added MainViewComponent
13:37:16.192 [JavaFX Application Thread] DEBUG GameScene            - Entity added to scene
13:37:16.192 [JavaFX Application Thread] DEBUG GameScene            - Added MainViewComponent
13:37:16.192 [JavaFX Application Thread] DEBUG GameScene            - Entity added to scene
13:37:16.192 [JavaFX Application Thread] DEBUG GameScene            - Added MainViewComponent
13:37:16.192 [JavaFX Application Thread] DEBUG GameScene            - Entity added to scene
13:37:16.192 [JavaFX Application Thread] DEBUG GameScene            - Added MainViewComponent
13:37:16.192 [JavaFX Application Thread] DEBUG GameScene            - Entity added to scene
13:37:16.192 [JavaFX Application Thread] DEBUG GameScene            - Added MainViewComponent
13:37:16.193 [JavaFX Application Thread] DEBUG GameScene            - Entity added to scene
13:37:16.193 [JavaFX Application Thread] DEBUG GameScene            - Added MainViewComponent
13:37:16.193 [JavaFX Application Thread] DEBUG GameScene            - Entity added to scene
13:37:16.193 [JavaFX Application Thread] DEBUG GameScene            - Added MainViewComponent
13:37:16.193 [JavaFX Application Thread] DEBUG GameScene            - Entity added to scene
13:37:16.193 [JavaFX Application Thread] DEBUG GameScene            - Added MainViewComponent
13:37:16.193 [JavaFX Application Thread] DEBUG GameScene            - Entity added to scene
13:37:16.193 [JavaFX Application Thread] DEBUG GameScene            - Added MainViewComponent
13:37:16.193 [JavaFX Application Thread] DEBUG GameScene            - Entity added to scene
13:37:16.193 [JavaFX Application Thread] DEBUG GameScene            - Added MainViewComponent
13:37:16.194 [JavaFX Application Thread] DEBUG GameScene            - Entity added to scene
13:37:16.194 [JavaFX Application Thread] DEBUG GameScene            - Added MainViewComponent
13:37:16.194 [JavaFX Application Thread] DEBUG GameScene            - Entity added to scene
13:37:16.194 [JavaFX Application Thread] DEBUG GameScene            - Added MainViewComponent
13:37:16.627 [JavaFX Application Thread] DEBUG FXGLAssetLoader      - Loading from cache: /assets/textures/Ground1.png
13:37:16.627 [JavaFX Application Thread] DEBUG FXGLAssetLoader      - Loading from cache: /assets/textures/Ground1.png
13:37:16.628 [JavaFX Application Thread] DEBUG FXGLAssetLoader      - Loading from cache: /assets/textures/Ground1.png
13:37:16.628 [JavaFX Application Thread] DEBUG FXGLAssetLoader      - Loading from cache: /assets/textures/Ground1.png
13:37:16.642 [JavaFX Application Thread] DEBUG GameScene            - Entity added to scene
13:37:16.642 [JavaFX Application Thread] DEBUG GameScene            - Added MainViewComponent
13:37:16.642 [JavaFX Application Thread] DEBUG GameScene            - Entity added to scene
13:37:16.642 [JavaFX Application Thread] DEBUG GameScene            - Added MainViewComponent
13:37:16.642 [JavaFX Application Thread] DEBUG GameScene            - Entity added to scene
13:37:16.643 [JavaFX Application Thread] DEBUG GameScene            - Added MainViewComponent
13:37:16.643 [JavaFX Application Thread] DEBUG GameScene            - Entity added to scene
13:37:16.643 [JavaFX Application Thread] DEBUG GameScene            - Added MainViewComponent
13:37:16.674 [JavaFX Application Thread] DEBUG FXGLAssetLoader      - Loading from cache: /assets/textures/Ground1.png
13:37:16.675 [JavaFX Application Thread] DEBUG FXGLAssetLoader      - Loading from cache: /assets/textures/Ground1.png
13:37:16.675 [JavaFX Application Thread] DEBUG FXGLAssetLoader      - Loading from cache: /assets/textures/Ground1.png
13:37:16.676 [JavaFX Application Thread] DEBUG FXGLAssetLoader      - Loading from cache: /assets/textures/Ground1.png
13:37:16.676 [JavaFX Application Thread] DEBUG FXGLAssetLoader      - Loading from cache: /assets/textures/Ground1.png
13:37:16.676 [JavaFX Application Thread] DEBUG FXGLAssetLoader      - Loading from cache: /assets/textures/Ground1.png
13:37:16.676 [JavaFX Application Thread] DEBUG FXGLAssetLoader      - Loading from cache: /assets/textures/Ground1.png
13:37:16.677 [JavaFX Application Thread] DEBUG FXGLAssetLoader      - Loading from cache: /assets/textures/Ground1.png
13:37:16.677 [JavaFX Application Thread] DEBUG FXGLAssetLoader      - Loading from cache: /assets/textures/Ground1.png
13:37:16.677 [JavaFX Application Thread] DEBUG FXGLAssetLoader      - Loading from cache: /assets/textures/Ground1.png
13:37:16.677 [JavaFX Application Thread] DEBUG FXGLAssetLoader      - Loading from cache: /assets/textures/Ground1.png
13:37:16.678 [JavaFX Application Thread] DEBUG FXGLAssetLoader      - Loading from cache: /assets/textures/Ground1.png
13:37:16.678 [JavaFX Application Thread] DEBUG FXGLAssetLoader      - Loading from cache: /assets/textures/Ground1.png
13:37:16.678 [JavaFX Application Thread] DEBUG FXGLAssetLoader      - Loading from cache: /assets/textures/Ground1.png
13:37:16.679 [JavaFX Application Thread] DEBUG FXGLAssetLoader      - Loading from cache: /assets/textures/Ground1.png
13:37:16.706 [JavaFX Application Thread] DEBUG GameScene            - Entity added to scene
13:37:16.706 [JavaFX Application Thread] DEBUG GameScene            - Added MainViewComponent
13:37:16.707 [JavaFX Application Thread] DEBUG GameScene            - Entity added to scene
13:37:16.707 [JavaFX Application Thread] DEBUG GameScene            - Added MainViewComponent
13:37:16.707 [JavaFX Application Thread] DEBUG GameScene            - Entity added to scene
13:37:16.707 [JavaFX Application Thread] DEBUG GameScene            - Added MainViewComponent
13:37:16.707 [JavaFX Application Thread] DEBUG GameScene            - Entity added to scene
13:37:16.707 [JavaFX Application Thread] DEBUG GameScene            - Added MainViewComponent
13:37:16.707 [JavaFX Application Thread] DEBUG GameScene            - Entity added to scene
13:37:16.707 [JavaFX Application Thread] DEBUG GameScene            - Added MainViewComponent
13:37:16.707 [JavaFX Application Thread] DEBUG GameScene            - Entity added to scene
13:37:16.707 [JavaFX Application Thread] DEBUG GameScene            - Added MainViewComponent
13:37:16.708 [JavaFX Application Thread] DEBUG GameScene            - Entity added to scene
13:37:16.708 [JavaFX Application Thread] DEBUG GameScene            - Added MainViewComponent
13:37:16.708 [JavaFX Application Thread] DEBUG GameScene            - Entity added to scene
13:37:16.708 [JavaFX Application Thread] DEBUG GameScene            - Added MainViewComponent
13:37:16.708 [JavaFX Application Thread] DEBUG GameScene            - Entity added to scene
13:37:16.708 [JavaFX Application Thread] DEBUG GameScene            - Added MainViewComponent
13:37:16.708 [JavaFX Application Thread] DEBUG GameScene            - Entity added to scene
13:37:16.708 [JavaFX Application Thread] DEBUG GameScene            - Added MainViewComponent
13:37:16.708 [JavaFX Application Thread] DEBUG GameScene            - Entity added to scene
13:37:16.708 [JavaFX Application Thread] DEBUG GameScene            - Added MainViewComponent
13:37:16.708 [JavaFX Application Thread] DEBUG GameScene            - Entity added to scene
13:37:16.708 [JavaFX Application Thread] DEBUG GameScene            - Added MainViewComponent
13:37:16.709 [JavaFX Application Thread] DEBUG GameScene            - Entity added to scene
13:37:16.709 [JavaFX Application Thread] DEBUG GameScene            - Added MainViewComponent
13:37:16.709 [JavaFX Application Thread] DEBUG GameScene            - Entity added to scene
13:37:16.709 [JavaFX Application Thread] DEBUG GameScene            - Added MainViewComponent
13:37:16.709 [JavaFX Application Thread] DEBUG GameScene            - Entity added to scene
13:37:16.709 [JavaFX Application Thread] DEBUG GameScene            - Added MainViewComponent
13:37:16.947 [JavaFX Application Thread] DEBUG FXGLAssetLoader      - Loading from cache: /assets/textures/Ground1.png
13:37:16.947 [JavaFX Application Thread] DEBUG FXGLAssetLoader      - Loading from cache: /assets/textures/Ground1.png
13:37:16.947 [JavaFX Application Thread] DEBUG FXGLAssetLoader      - Loading from cache: /assets/textures/Ground1.png
13:37:16.947 [JavaFX Application Thread] DEBUG FXGLAssetLoader      - Loading from cache: /assets/textures/Ground1.png
13:37:16.948 [JavaFX Application Thread] DEBUG FXGLAssetLoader      - Loading from cache: /assets/textures/Ground1.png
13:37:16.948 [JavaFX Application Thread] DEBUG FXGLAssetLoader      - Loading from cache: /assets/textures/Ground1.png
13:37:16.948 [JavaFX Application Thread] DEBUG FXGLAssetLoader      - Loading from cache: /assets/textures/Ground1.png
13:37:16.948 [JavaFX Application Thread] DEBUG FXGLAssetLoader      - Loading from cache: /assets/textures/Ground1.png
13:37:16.949 [JavaFX Application Thread] DEBUG FXGLAssetLoader      - Loading from cache: /assets/textures/Ground1.png
13:37:16.949 [JavaFX Application Thread] DEBUG FXGLAssetLoader      - Loading from cache: /assets/textures/Ground1.png
13:37:16.949 [JavaFX Application Thread] DEBUG FXGLAssetLoader      - Loading from cache: /assets/textures/Ground1.png
13:37:16.949 [JavaFX Application Thread] DEBUG FXGLAssetLoader      - Loading from cache: /assets/textures/Ground1.png
13:37:16.949 [JavaFX Application Thread] DEBUG FXGLAssetLoader      - Loading from cache: /assets/textures/Ground1.png
13:37:16.950 [JavaFX Application Thread] DEBUG FXGLAssetLoader      - Loading from cache: /assets/textures/Ground1.png
13:37:16.950 [JavaFX Application Thread] DEBUG FXGLAssetLoader      - Loading from cache: /assets/textures/Ground1.png
13:37:16.962 [JavaFX Application Thread] DEBUG GameScene            - Entity added to scene
13:37:16.962 [JavaFX Application Thread] DEBUG GameScene            - Added MainViewComponent
13:37:16.962 [JavaFX Application Thread] DEBUG GameScene            - Entity added to scene
13:37:16.962 [JavaFX Application Thread] DEBUG GameScene            - Added MainViewComponent
13:37:16.962 [JavaFX Application Thread] DEBUG GameScene            - Entity added to scene
13:37:16.962 [JavaFX Application Thread] DEBUG GameScene            - Added MainViewComponent
13:37:16.963 [JavaFX Application Thread] DEBUG GameScene            - Entity added to scene
13:37:16.963 [JavaFX Application Thread] DEBUG GameScene            - Added MainViewComponent
13:37:16.963 [JavaFX Application Thread] DEBUG GameScene            - Entity added to scene
13:37:16.963 [JavaFX Application Thread] DEBUG GameScene            - Added MainViewComponent
13:37:16.963 [JavaFX Application Thread] DEBUG GameScene            - Entity added to scene
13:37:16.963 [JavaFX Application Thread] DEBUG GameScene            - Added MainViewComponent
13:37:16.963 [JavaFX Application Thread] DEBUG GameScene            - Entity added to scene
13:37:16.963 [JavaFX Application Thread] DEBUG GameScene            - Added MainViewComponent
13:37:16.963 [JavaFX Application Thread] DEBUG GameScene            - Entity added to scene
13:37:16.963 [JavaFX Application Thread] DEBUG GameScene            - Added MainViewComponent
13:37:16.963 [JavaFX Application Thread] DEBUG GameScene            - Entity added to scene
13:37:16.963 [JavaFX Application Thread] DEBUG GameScene            - Added MainViewComponent
13:37:16.963 [JavaFX Application Thread] DEBUG GameScene            - Entity added to scene
13:37:16.963 [JavaFX Application Thread] DEBUG GameScene            - Added MainViewComponent
13:37:16.964 [JavaFX Application Thread] DEBUG GameScene            - Entity added to scene
13:37:16.964 [JavaFX Application Thread] DEBUG GameScene            - Added MainViewComponent
13:37:16.964 [JavaFX Application Thread] DEBUG GameScene            - Entity added to scene
13:37:16.964 [JavaFX Application Thread] DEBUG GameScene            - Added MainViewComponent
13:37:16.964 [JavaFX Application Thread] DEBUG GameScene            - Entity added to scene
13:37:16.964 [JavaFX Application Thread] DEBUG GameScene            - Added MainViewComponent
13:37:16.964 [JavaFX Application Thread] DEBUG GameScene            - Entity added to scene
13:37:16.964 [JavaFX Application Thread] DEBUG GameScene            - Added MainViewComponent
13:37:16.964 [JavaFX Application Thread] DEBUG GameScene            - Entity added to scene
13:37:16.964 [JavaFX Application Thread] DEBUG GameScene            - Added MainViewComponent
13:37:17.171 [JavaFX Application Thread] DEBUG FXGLAssetLoader      - Loading from cache: /assets/textures/Ground1.png
13:37:17.171 [JavaFX Application Thread] DEBUG FXGLAssetLoader      - Loading from cache: /assets/textures/Ground1.png
13:37:17.172 [JavaFX Application Thread] DEBUG FXGLAssetLoader      - Loading from cache: /assets/textures/Ground1.png
13:37:17.172 [JavaFX Application Thread] DEBUG FXGLAssetLoader      - Loading from cache: /assets/textures/Ground1.png
13:37:17.172 [JavaFX Application Thread] DEBUG FXGLAssetLoader      - Loading from cache: /assets/textures/Ground1.png
13:37:17.173 [JavaFX Application Thread] DEBUG FXGLAssetLoader      - Loading from cache: /assets/textures/Ground1.png
13:37:17.173 [JavaFX Application Thread] DEBUG FXGLAssetLoader      - Loading from cache: /assets/textures/Ground1.png
13:37:17.173 [JavaFX Application Thread] DEBUG FXGLAssetLoader      - Loading from cache: /assets/textures/Ground1.png
13:37:17.173 [JavaFX Application Thread] DEBUG FXGLAssetLoader      - Loading from cache: /assets/textures/Ground1.png
13:37:17.174 [JavaFX Application Thread] DEBUG FXGLAssetLoader      - Loading from cache: /assets/textures/Ground1.png
13:37:17.174 [JavaFX Application Thread] DEBUG FXGLAssetLoader      - Loading from cache: /assets/textures/Ground1.png
13:37:17.174 [JavaFX Application Thread] DEBUG FXGLAssetLoader      - Loading from cache: /assets/textures/Ground1.png
13:37:17.174 [JavaFX Application Thread] DEBUG FXGLAssetLoader      - Loading from cache: /assets/textures/Ground1.png
13:37:17.175 [JavaFX Application Thread] DEBUG FXGLAssetLoader      - Loading from cache: /assets/textures/Ground1.png
13:37:17.175 [JavaFX Application Thread] DEBUG FXGLAssetLoader      - Loading from cache: /assets/textures/Ground1.png
13:37:17.186 [JavaFX Application Thread] DEBUG GameScene            - Entity added to scene
13:37:17.186 [JavaFX Application Thread] DEBUG GameScene            - Added MainViewComponent
13:37:17.187 [JavaFX Application Thread] DEBUG GameScene            - Entity added to scene
13:37:17.187 [JavaFX Application Thread] DEBUG GameScene            - Added MainViewComponent
13:37:17.187 [JavaFX Application Thread] DEBUG GameScene            - Entity added to scene
13:37:17.187 [JavaFX Application Thread] DEBUG GameScene            - Added MainViewComponent
13:37:17.187 [JavaFX Application Thread] DEBUG GameScene            - Entity added to scene
13:37:17.187 [JavaFX Application Thread] DEBUG GameScene            - Added MainViewComponent
13:37:17.187 [JavaFX Application Thread] DEBUG GameScene            - Entity added to scene
13:37:17.187 [JavaFX Application Thread] DEBUG GameScene            - Added MainViewComponent
13:37:17.187 [JavaFX Application Thread] DEBUG GameScene            - Entity added to scene
13:37:17.187 [JavaFX Application Thread] DEBUG GameScene            - Added MainViewComponent
13:37:17.188 [JavaFX Application Thread] DEBUG GameScene            - Entity added to scene
13:37:17.188 [JavaFX Application Thread] DEBUG GameScene            - Added MainViewComponent
13:37:17.188 [JavaFX Application Thread] DEBUG GameScene            - Entity added to scene
13:37:17.188 [JavaFX Application Thread] DEBUG GameScene            - Added MainViewComponent
13:37:17.188 [JavaFX Application Thread] DEBUG GameScene            - Entity added to scene
13:37:17.188 [JavaFX Application Thread] DEBUG GameScene            - Added MainViewComponent
13:37:17.188 [JavaFX Application Thread] DEBUG GameScene            - Entity added to scene
13:37:17.188 [JavaFX Application Thread] DEBUG GameScene            - Added MainViewComponent
13:37:17.188 [JavaFX Application Thread] DEBUG GameScene            - Entity added to scene
13:37:17.188 [JavaFX Application Thread] DEBUG GameScene            - Added MainViewComponent
13:37:17.188 [JavaFX Application Thread] DEBUG GameScene            - Entity added to scene
13:37:17.188 [JavaFX Application Thread] DEBUG GameScene            - Added MainViewComponent
13:37:17.188 [JavaFX Application Thread] DEBUG GameScene            - Entity added to scene
13:37:17.189 [JavaFX Application Thread] DEBUG GameScene            - Added MainViewComponent
13:37:17.189 [JavaFX Application Thread] DEBUG GameScene            - Entity added to scene
13:37:17.189 [JavaFX Application Thread] DEBUG GameScene            - Added MainViewComponent
13:37:17.189 [JavaFX Application Thread] DEBUG GameScene            - Entity added to scene
13:37:17.189 [JavaFX Application Thread] DEBUG GameScene            - Added MainViewComponent
13:37:17.571 [JavaFX Application Thread] DEBUG GameScene            - Entity removed from scene
13:37:17.571 [JavaFX Application Thread] DEBUG GameScene            - Removed MainViewComponent
13:37:18.354 [JavaFX Application Thread] DEBUG FXGLAssetLoader      - Loading from cache: /assets/textures/Ground1.png
13:37:18.355 [JavaFX Application Thread] DEBUG FXGLAssetLoader      - Loading from cache: /assets/textures/Ground1.png
13:37:18.355 [JavaFX Application Thread] DEBUG FXGLAssetLoader      - Loading from cache: /assets/textures/Ground1.png
13:37:18.355 [JavaFX Application Thread] DEBUG FXGLAssetLoader      - Loading from cache: /assets/textures/Ground1.png
13:37:18.355 [JavaFX Application Thread] DEBUG FXGLAssetLoader      - Loading from cache: /assets/textures/Ground1.png
13:37:18.356 [JavaFX Application Thread] DEBUG FXGLAssetLoader      - Loading from cache: /assets/textures/Ground1.png
13:37:18.356 [JavaFX Application Thread] DEBUG FXGLAssetLoader      - Loading from cache: /assets/textures/Ground1.png
13:37:18.356 [JavaFX Application Thread] DEBUG FXGLAssetLoader      - Loading from cache: /assets/textures/Ground1.png
13:37:18.356 [JavaFX Application Thread] DEBUG FXGLAssetLoader      - Loading from cache: /assets/textures/Ground1.png
13:37:18.357 [JavaFX Application Thread] DEBUG FXGLAssetLoader      - Loading from cache: /assets/textures/Ground1.png
13:37:18.357 [JavaFX Application Thread] DEBUG FXGLAssetLoader      - Loading from cache: /assets/textures/Ground1.png
13:37:18.357 [JavaFX Application Thread] DEBUG FXGLAssetLoader      - Loading from cache: /assets/textures/Ground1.png
13:37:18.357 [JavaFX Application Thread] DEBUG FXGLAssetLoader      - Loading from cache: /assets/textures/Ground1.png
13:37:18.358 [JavaFX Application Thread] DEBUG FXGLAssetLoader      - Loading from cache: /assets/textures/Ground1.png
13:37:18.358 [JavaFX Application Thread] DEBUG FXGLAssetLoader      - Loading from cache: /assets/textures/Ground1.png
13:37:18.370 [JavaFX Application Thread] DEBUG GameScene            - Entity added to scene
13:37:18.370 [JavaFX Application Thread] DEBUG GameScene            - Added MainViewComponent
13:37:18.370 [JavaFX Application Thread] DEBUG GameScene            - Entity added to scene
13:37:18.370 [JavaFX Application Thread] DEBUG GameScene            - Added MainViewComponent
13:37:18.371 [JavaFX Application Thread] DEBUG GameScene            - Entity added to scene
13:37:18.371 [JavaFX Application Thread] DEBUG GameScene            - Added MainViewComponent
13:37:18.371 [JavaFX Application Thread] DEBUG GameScene            - Entity added to scene
13:37:18.371 [JavaFX Application Thread] DEBUG GameScene            - Added MainViewComponent
13:37:18.371 [JavaFX Application Thread] DEBUG GameScene            - Entity added to scene
13:37:18.371 [JavaFX Application Thread] DEBUG GameScene            - Added MainViewComponent
13:37:18.371 [JavaFX Application Thread] DEBUG GameScene            - Entity added to scene
13:37:18.371 [JavaFX Application Thread] DEBUG GameScene            - Added MainViewComponent
13:37:18.371 [JavaFX Application Thread] DEBUG GameScene            - Entity added to scene
13:37:18.371 [JavaFX Application Thread] DEBUG GameScene            - Added MainViewComponent
13:37:18.371 [JavaFX Application Thread] DEBUG GameScene            - Entity added to scene
13:37:18.371 [JavaFX Application Thread] DEBUG GameScene            - Added MainViewComponent
13:37:18.372 [JavaFX Application Thread] DEBUG GameScene            - Entity added to scene
13:37:18.372 [JavaFX Application Thread] DEBUG GameScene            - Added MainViewComponent
13:37:18.372 [JavaFX Application Thread] DEBUG GameScene            - Entity added to scene
13:37:18.372 [JavaFX Application Thread] DEBUG GameScene            - Added MainViewComponent
13:37:18.372 [JavaFX Application Thread] DEBUG GameScene            - Entity added to scene
13:37:18.372 [JavaFX Application Thread] DEBUG GameScene            - Added MainViewComponent
13:37:18.373 [JavaFX Application Thread] DEBUG GameScene            - Entity added to scene
13:37:18.373 [JavaFX Application Thread] DEBUG GameScene            - Added MainViewComponent
13:37:18.373 [JavaFX Application Thread] DEBUG GameScene            - Entity added to scene
13:37:18.373 [JavaFX Application Thread] DEBUG GameScene            - Added MainViewComponent
13:37:18.373 [JavaFX Application Thread] DEBUG GameScene            - Entity added to scene
13:37:18.373 [JavaFX Application Thread] DEBUG GameScene            - Added MainViewComponent
13:37:18.373 [JavaFX Application Thread] DEBUG GameScene            - Entity added to scene
13:37:18.373 [JavaFX Application Thread] DEBUG GameScene            - Added MainViewComponent
13:37:18.529 [JavaFX Application Thread] DEBUG GameScene            - Entity removed from scene
13:37:18.529 [JavaFX Application Thread] DEBUG GameScene            - Removed MainViewComponent
13:37:19.026 [JavaFX Application Thread] DEBUG FXGLAssetLoader      - Loading from cache: /assets/textures/Ground1.png
13:37:19.027 [JavaFX Application Thread] DEBUG FXGLAssetLoader      - Loading from cache: /assets/textures/Ground1.png
13:37:19.027 [JavaFX Application Thread] DEBUG FXGLAssetLoader      - Loading from cache: /assets/textures/Ground1.png
13:37:19.027 [JavaFX Application Thread] DEBUG FXGLAssetLoader      - Loading from cache: /assets/textures/Ground1.png
13:37:19.027 [JavaFX Application Thread] DEBUG FXGLAssetLoader      - Loading from cache: /assets/textures/Ground1.png
13:37:19.028 [JavaFX Application Thread] DEBUG FXGLAssetLoader      - Loading from cache: /assets/textures/Ground1.png
13:37:19.028 [JavaFX Application Thread] DEBUG FXGLAssetLoader      - Loading from cache: /assets/textures/Ground1.png
13:37:19.028 [JavaFX Application Thread] DEBUG FXGLAssetLoader      - Loading from cache: /assets/textures/Ground1.png
13:37:19.028 [JavaFX Application Thread] DEBUG FXGLAssetLoader      - Loading from cache: /assets/textures/Ground1.png
13:37:19.028 [JavaFX Application Thread] DEBUG FXGLAssetLoader      - Loading from cache: /assets/textures/Ground1.png
13:37:19.029 [JavaFX Application Thread] DEBUG FXGLAssetLoader      - Loading from cache: /assets/textures/Ground1.png
13:37:19.029 [JavaFX Application Thread] DEBUG FXGLAssetLoader      - Loading from cache: /assets/textures/Ground1.png
13:37:19.029 [JavaFX Application Thread] DEBUG FXGLAssetLoader      - Loading from cache: /assets/textures/Ground1.png
13:37:19.029 [JavaFX Application Thread] DEBUG FXGLAssetLoader      - Loading from cache: /assets/textures/Ground1.png
13:37:19.029 [JavaFX Application Thread] DEBUG FXGLAssetLoader      - Loading from cache: /assets/textures/Ground1.png
13:37:19.042 [JavaFX Application Thread] DEBUG GameScene            - Entity added to scene
13:37:19.043 [JavaFX Application Thread] DEBUG GameScene            - Added MainViewComponent
13:37:19.043 [JavaFX Application Thread] DEBUG GameScene            - Entity added to scene
13:37:19.043 [JavaFX Application Thread] DEBUG GameScene            - Added MainViewComponent
13:37:19.044 [JavaFX Application Thread] DEBUG GameScene            - Entity added to scene
13:37:19.044 [JavaFX Application Thread] DEBUG GameScene            - Added MainViewComponent
13:37:19.044 [JavaFX Application Thread] DEBUG GameScene            - Entity added to scene
13:37:19.044 [JavaFX Application Thread] DEBUG GameScene            - Added MainViewComponent
13:37:19.045 [JavaFX Application Thread] DEBUG GameScene            - Entity added to scene
13:37:19.045 [JavaFX Application Thread] DEBUG GameScene            - Added MainViewComponent
13:37:19.046 [JavaFX Application Thread] DEBUG GameScene            - Entity added to scene
13:37:19.046 [JavaFX Application Thread] DEBUG GameScene            - Added MainViewComponent
13:37:19.047 [JavaFX Application Thread] DEBUG GameScene            - Entity added to scene
13:37:19.047 [JavaFX Application Thread] DEBUG GameScene            - Added MainViewComponent
13:37:19.047 [JavaFX Application Thread] DEBUG GameScene            - Entity added to scene
13:37:19.047 [JavaFX Application Thread] DEBUG GameScene            - Added MainViewComponent
13:37:19.048 [JavaFX Application Thread] DEBUG GameScene            - Entity added to scene
13:37:19.048 [JavaFX Application Thread] DEBUG GameScene            - Added MainViewComponent
13:37:19.048 [JavaFX Application Thread] DEBUG GameScene            - Entity added to scene
13:37:19.048 [JavaFX Application Thread] DEBUG GameScene            - Added MainViewComponent
13:37:19.048 [JavaFX Application Thread] DEBUG GameScene            - Entity added to scene
13:37:19.048 [JavaFX Application Thread] DEBUG GameScene            - Added MainViewComponent
13:37:19.049 [JavaFX Application Thread] DEBUG GameScene            - Entity added to scene
13:37:19.049 [JavaFX Application Thread] DEBUG GameScene            - Added MainViewComponent
13:37:19.049 [JavaFX Application Thread] DEBUG GameScene            - Entity added to scene
13:37:19.049 [JavaFX Application Thread] DEBUG GameScene            - Added MainViewComponent
13:37:19.050 [JavaFX Application Thread] DEBUG GameScene            - Entity added to scene
13:37:19.050 [JavaFX Application Thread] DEBUG GameScene            - Added MainViewComponent
13:37:19.050 [JavaFX Application Thread] DEBUG GameScene            - Entity added to scene
13:37:19.050 [JavaFX Application Thread] DEBUG GameScene            - Added MainViewComponent
13:37:20.948 [JavaFX Application Thread] DEBUG FXGLAssetLoader      - Loading from cache: /assets/textures/Ground1.png
13:37:20.948 [JavaFX Application Thread] DEBUG FXGLAssetLoader      - Loading from cache: /assets/textures/Ground1.png
13:37:20.949 [JavaFX Application Thread] DEBUG FXGLAssetLoader      - Loading from cache: /assets/textures/Ground1.png
13:37:20.962 [JavaFX Application Thread] DEBUG GameScene            - Entity added to scene
13:37:20.962 [JavaFX Application Thread] DEBUG GameScene            - Added MainViewComponent
13:37:20.963 [JavaFX Application Thread] DEBUG GameScene            - Entity added to scene
13:37:20.963 [JavaFX Application Thread] DEBUG GameScene            - Added MainViewComponent
13:37:20.963 [JavaFX Application Thread] DEBUG GameScene            - Entity added to scene
13:37:20.963 [JavaFX Application Thread] DEBUG GameScene            - Added MainViewComponent
13:37:21.522 [JavaFX Application Thread] DEBUG FXGLAssetLoader      - Loading from cache: /assets/textures/Ground1.png
13:37:21.522 [JavaFX Application Thread] DEBUG FXGLAssetLoader      - Loading from cache: /assets/textures/Ground1.png
13:37:21.523 [JavaFX Application Thread] DEBUG FXGLAssetLoader      - Loading from cache: /assets/textures/Ground1.png
13:37:21.523 [JavaFX Application Thread] DEBUG FXGLAssetLoader      - Loading from cache: /assets/textures/Ground1.png
13:37:21.523 [JavaFX Application Thread] DEBUG FXGLAssetLoader      - Loading from cache: /assets/textures/Ground1.png
13:37:21.523 [JavaFX Application Thread] DEBUG FXGLAssetLoader      - Loading from cache: /assets/textures/Ground1.png
13:37:21.523 [JavaFX Application Thread] DEBUG FXGLAssetLoader      - Loading from cache: /assets/textures/Ground1.png
13:37:21.538 [JavaFX Application Thread] DEBUG GameScene            - Entity added to scene
13:37:21.538 [JavaFX Application Thread] DEBUG GameScene            - Added MainViewComponent
13:37:21.538 [JavaFX Application Thread] DEBUG GameScene            - Entity added to scene
13:37:21.538 [JavaFX Application Thread] DEBUG GameScene            - Added MainViewComponent
13:37:21.538 [JavaFX Application Thread] DEBUG GameScene            - Entity added to scene
13:37:21.538 [JavaFX Application Thread] DEBUG GameScene            - Added MainViewComponent
13:37:21.539 [JavaFX Application Thread] DEBUG GameScene            - Entity added to scene
13:37:21.539 [JavaFX Application Thread] DEBUG GameScene            - Added MainViewComponent
13:37:21.539 [JavaFX Application Thread] DEBUG GameScene            - Entity added to scene
13:37:21.539 [JavaFX Application Thread] DEBUG GameScene            - Added MainViewComponent
13:37:21.539 [JavaFX Application Thread] DEBUG GameScene            - Entity added to scene
13:37:21.539 [JavaFX Application Thread] DEBUG GameScene            - Added MainViewComponent
13:37:21.539 [JavaFX Application Thread] DEBUG GameScene            - Entity added to scene
13:37:21.539 [JavaFX Application Thread] DEBUG GameScene            - Added MainViewComponent
13:37:21.539 [JavaFX Application Thread] DEBUG GameScene            - Entity removed from scene
13:37:21.539 [JavaFX Application Thread] DEBUG GameScene            - Removed MainViewComponent
13:37:21.539 [JavaFX Application Thread] DEBUG GameScene            - Entity removed from scene
13:37:21.539 [JavaFX Application Thread] DEBUG GameScene            - Removed MainViewComponent
13:37:21.539 [JavaFX Application Thread] DEBUG GameScene            - Entity removed from scene
13:37:21.540 [JavaFX Application Thread] DEBUG GameScene            - Removed MainViewComponent
13:37:21.540 [JavaFX Application Thread] DEBUG GameScene            - Entity removed from scene
13:37:21.540 [JavaFX Application Thread] DEBUG GameScene            - Removed MainViewComponent
13:37:21.540 [JavaFX Application Thread] DEBUG GameScene            - Entity removed from scene
13:37:21.540 [JavaFX Application Thread] DEBUG GameScene            - Removed MainViewComponent
13:37:21.540 [JavaFX Application Thread] DEBUG GameScene            - Entity removed from scene
13:37:21.540 [JavaFX Application Thread] DEBUG GameScene            - Removed MainViewComponent
13:37:21.540 [JavaFX Application Thread] DEBUG GameScene            - Entity removed from scene
13:37:21.540 [JavaFX Application Thread] DEBUG GameScene            - Removed MainViewComponent
13:37:21.540 [JavaFX Application Thread] DEBUG GameScene            - Entity removed from scene
13:37:21.540 [JavaFX Application Thread] DEBUG GameScene            - Removed MainViewComponent
13:37:21.540 [JavaFX Application Thread] DEBUG GameScene            - Entity removed from scene
13:37:21.540 [JavaFX Application Thread] DEBUG GameScene            - Removed MainViewComponent
13:37:22.195 [JavaFX Application Thread] DEBUG FXGLAssetLoader      - Loading from cache: /assets/textures/Ground1.png
13:37:22.196 [JavaFX Application Thread] DEBUG FXGLAssetLoader      - Loading from cache: /assets/textures/Ground1.png
13:37:22.197 [JavaFX Application Thread] DEBUG FXGLAssetLoader      - Loading from cache: /assets/textures/Ground1.png
13:37:22.197 [JavaFX Application Thread] DEBUG FXGLAssetLoader      - Loading from cache: /assets/textures/Ground1.png
13:37:22.198 [JavaFX Application Thread] DEBUG FXGLAssetLoader      - Loading from cache: /assets/textures/Ground1.png
13:37:22.199 [JavaFX Application Thread] DEBUG FXGLAssetLoader      - Loading from cache: /assets/textures/Ground1.png
13:37:22.199 [JavaFX Application Thread] DEBUG FXGLAssetLoader      - Loading from cache: /assets/textures/Ground1.png
13:37:22.200 [JavaFX Application Thread] DEBUG FXGLAssetLoader      - Loading from cache: /assets/textures/Ground1.png
13:37:22.210 [JavaFX Application Thread] DEBUG GameScene            - Entity added to scene
13:37:22.210 [JavaFX Application Thread] DEBUG GameScene            - Added MainViewComponent
13:37:22.211 [JavaFX Application Thread] DEBUG GameScene            - Entity added to scene
13:37:22.211 [JavaFX Application Thread] DEBUG GameScene            - Added MainViewComponent
13:37:22.211 [JavaFX Application Thread] DEBUG GameScene            - Entity added to scene
13:37:22.211 [JavaFX Application Thread] DEBUG GameScene            - Added MainViewComponent
13:37:22.212 [JavaFX Application Thread] DEBUG GameScene            - Entity added to scene
13:37:22.212 [JavaFX Application Thread] DEBUG GameScene            - Added MainViewComponent
13:37:22.212 [JavaFX Application Thread] DEBUG GameScene            - Entity added to scene
13:37:22.212 [JavaFX Application Thread] DEBUG GameScene            - Added MainViewComponent
13:37:22.213 [JavaFX Application Thread] DEBUG GameScene            - Entity added to scene
13:37:22.213 [JavaFX Application Thread] DEBUG GameScene            - Added MainViewComponent
13:37:22.213 [JavaFX Application Thread] DEBUG GameScene            - Entity added to scene
13:37:22.213 [JavaFX Application Thread] DEBUG GameScene            - Added MainViewComponent
13:37:22.214 [JavaFX Application Thread] DEBUG GameScene            - Entity added to scene
13:37:22.214 [JavaFX Application Thread] DEBUG GameScene            - Added MainViewComponent
13:37:24.132 [JavaFX Application Thread] DEBUG FXGLAssetLoader      - Loading from cache: /assets/textures/Ground1.png
13:37:24.145 [JavaFX Application Thread] DEBUG GameScene            - Entity added to scene
13:37:24.146 [JavaFX Application Thread] DEBUG GameScene            - Added MainViewComponent
13:37:30.737 [JavaFX Application Thread] DEBUG GameScene            - Entity removed from scene
13:37:30.737 [JavaFX Application Thread] DEBUG GameScene            - Removed MainViewComponent
13:37:31.122 [JavaFX Application Thread] DEBUG GameScene            - Entity removed from scene
13:37:31.123 [JavaFX Application Thread] DEBUG GameScene            - Removed MainViewComponent
13:37:31.123 [JavaFX Application Thread] DEBUG GameScene            - Entity removed from scene
13:37:31.123 [JavaFX Application Thread] DEBUG GameScene            - Removed MainViewComponent
13:37:31.124 [JavaFX Application Thread] DEBUG GameScene            - Entity removed from scene
13:37:31.124 [JavaFX Application Thread] DEBUG GameScene            - Removed MainViewComponent
13:37:31.124 [JavaFX Application Thread] DEBUG GameScene            - Entity removed from scene
13:37:31.125 [JavaFX Application Thread] DEBUG GameScene            - Removed MainViewComponent
13:37:31.125 [JavaFX Application Thread] DEBUG GameScene            - Entity removed from scene
13:37:31.125 [JavaFX Application Thread] DEBUG GameScene            - Removed MainViewComponent
13:37:31.125 [JavaFX Application Thread] DEBUG GameScene            - Entity removed from scene
13:37:31.126 [JavaFX Application Thread] DEBUG GameScene            - Removed MainViewComponent
13:37:31.126 [JavaFX Application Thread] DEBUG GameScene            - Entity removed from scene
13:37:31.126 [JavaFX Application Thread] DEBUG GameScene            - Removed MainViewComponent
13:37:31.126 [JavaFX Application Thread] DEBUG GameScene            - Entity removed from scene
13:37:31.127 [JavaFX Application Thread] DEBUG GameScene            - Removed MainViewComponent
13:37:31.127 [JavaFX Application Thread] DEBUG GameScene            - Entity removed from scene
13:37:31.127 [JavaFX Application Thread] DEBUG GameScene            - Removed MainViewComponent
13:37:31.523 [JavaFX Application Thread] DEBUG FXGLAssetLoader      - Loading from cache: /assets/textures/Ground1.png
13:37:31.524 [JavaFX Application Thread] DEBUG FXGLAssetLoader      - Loading from cache: /assets/textures/Ground1.png
13:37:31.525 [JavaFX Application Thread] DEBUG FXGLAssetLoader      - Loading from cache: /assets/textures/Ground1.png
13:37:31.525 [JavaFX Application Thread] DEBUG FXGLAssetLoader      - Loading from cache: /assets/textures/Ground1.png
13:37:31.526 [JavaFX Application Thread] DEBUG FXGLAssetLoader      - Loading from cache: /assets/textures/Ground1.png
13:37:31.526 [JavaFX Application Thread] DEBUG FXGLAssetLoader      - Loading from cache: /assets/textures/Ground1.png
13:37:31.527 [JavaFX Application Thread] DEBUG FXGLAssetLoader      - Loading from cache: /assets/textures/Ground1.png
13:37:31.528 [JavaFX Application Thread] DEBUG FXGLAssetLoader      - Loading from cache: /assets/textures/Ground1.png
13:37:31.538 [JavaFX Application Thread] DEBUG GameScene            - Entity added to scene
13:37:31.538 [JavaFX Application Thread] DEBUG GameScene            - Added MainViewComponent
13:37:31.539 [JavaFX Application Thread] DEBUG GameScene            - Entity added to scene
13:37:31.539 [JavaFX Application Thread] DEBUG GameScene            - Added MainViewComponent
13:37:31.539 [JavaFX Application Thread] DEBUG GameScene            - Entity added to scene
13:37:31.539 [JavaFX Application Thread] DEBUG GameScene            - Added MainViewComponent
13:37:31.539 [JavaFX Application Thread] DEBUG GameScene            - Entity added to scene
13:37:31.539 [JavaFX Application Thread] DEBUG GameScene            - Added MainViewComponent
13:37:31.540 [JavaFX Application Thread] DEBUG GameScene            - Entity added to scene
13:37:31.540 [JavaFX Application Thread] DEBUG GameScene            - Added MainViewComponent
13:37:31.540 [JavaFX Application Thread] DEBUG GameScene            - Entity added to scene
13:37:31.540 [JavaFX Application Thread] DEBUG GameScene            - Added MainViewComponent
13:37:31.541 [JavaFX Application Thread] DEBUG GameScene            - Entity added to scene
13:37:31.541 [JavaFX Application Thread] DEBUG GameScene            - Added MainViewComponent
13:37:31.541 [JavaFX Application Thread] DEBUG GameScene            - Entity added to scene
13:37:31.541 [JavaFX Application Thread] DEBUG GameScene            - Added MainViewComponent
13:37:31.921 [JavaFX Application Thread] DEBUG FXGLAssetLoader      - Loading from cache: /assets/textures/Ground1.png
13:37:31.922 [JavaFX Application Thread] DEBUG FXGLAssetLoader      - Loading from cache: /assets/textures/Ground1.png
13:37:31.938 [JavaFX Application Thread] DEBUG GameScene            - Entity added to scene
13:37:31.938 [JavaFX Application Thread] DEBUG GameScene            - Added MainViewComponent
13:37:31.939 [JavaFX Application Thread] DEBUG GameScene            - Entity added to scene
13:37:31.939 [JavaFX Application Thread] DEBUG GameScene            - Added MainViewComponent
13:37:33.009 [JavaFX Application Thread] DEBUG GameScene            - Entity removed from scene
13:37:33.009 [JavaFX Application Thread] DEBUG GameScene            - Removed MainViewComponent
13:37:33.009 [JavaFX Application Thread] DEBUG GameScene            - Entity removed from scene
13:37:33.009 [JavaFX Application Thread] DEBUG GameScene            - Removed MainViewComponent
13:37:33.009 [JavaFX Application Thread] DEBUG GameScene            - Entity removed from scene
13:37:33.009 [JavaFX Application Thread] DEBUG GameScene            - Removed MainViewComponent
13:37:33.009 [JavaFX Application Thread] DEBUG GameScene            - Entity removed from scene
13:37:33.009 [JavaFX Application Thread] DEBUG GameScene            - Removed MainViewComponent
13:37:33.010 [JavaFX Application Thread] DEBUG GameScene            - Entity removed from scene
13:37:33.010 [JavaFX Application Thread] DEBUG GameScene            - Removed MainViewComponent
13:37:33.010 [JavaFX Application Thread] DEBUG GameScene            - Entity removed from scene
13:37:33.010 [JavaFX Application Thread] DEBUG GameScene            - Removed MainViewComponent
13:37:33.010 [JavaFX Application Thread] DEBUG GameScene            - Entity removed from scene
13:37:33.010 [JavaFX Application Thread] DEBUG GameScene            - Removed MainViewComponent
13:37:33.010 [JavaFX Application Thread] DEBUG GameScene            - Entity removed from scene
13:37:33.010 [JavaFX Application Thread] DEBUG GameScene            - Removed MainViewComponent
13:37:33.010 [JavaFX Application Thread] DEBUG GameScene            - Entity removed from scene
13:37:33.010 [JavaFX Application Thread] DEBUG GameScene            - Removed MainViewComponent
13:37:34.427 [JavaFX Application Thread] DEBUG FXGLEventBus         - Firing event: DisplayEvent[type=CLOSE_REQUEST]
13:37:34.428 [JavaFX Application Thread] DEBUG FXGLEventBus         - Firing event: FXGLEvent[type=EXIT]
13:37:34.428 [JavaFX Application Thread] DEBUG FXGLEventBus         - Firing event: SaveEvent
13:37:34.428 [JavaFX Application Thread] DEBUG FXGLInput            - Saving data to profile
13:37:34.428 [JavaFX Application Thread] DEBUG Bundle               - Logging bundle: input
13:37:34.428 [JavaFX Application Thread] DEBUG Bundle               - input.Open Fuel Shop=1
13:37:34.428 [JavaFX Application Thread] DEBUG Bundle               - input.Screenshot=P
13:37:34.428 [JavaFX Application Thread] DEBUG Bundle               - input.Dev Options=CTRL+0
13:37:34.428 [JavaFX Application Thread] DEBUG Bundle               - input.Move up=W
13:37:34.428 [JavaFX Application Thread] DEBUG Bundle               - input.Open Sell=2
13:37:34.428 [JavaFX Application Thread] DEBUG Bundle               - input.Move With Mouse=PRIMARY
13:37:34.428 [JavaFX Application Thread] DEBUG FXGLDisplay          - Saving data to profile
13:37:34.428 [JavaFX Application Thread] DEBUG Bundle               - Logging bundle: scene
13:37:34.428 [JavaFX Application Thread] DEBUG Bundle               - scene.sizeW=800.0
13:37:34.428 [JavaFX Application Thread] DEBUG Bundle               - scene.sizeH=700.0
13:37:34.428 [JavaFX Application Thread] DEBUG FXGLAudioPlayer      - Saving data to profile
13:37:34.428 [JavaFX Application Thread] DEBUG Bundle               - Logging bundle: audio
13:37:34.428 [JavaFX Application Thread] DEBUG Bundle               - audio.musicVolume=0.3
13:37:34.428 [JavaFX Application Thread] DEBUG Bundle               - audio.soundVolume=0.5
13:37:34.428 [JavaFX Application Thread] DEBUG AchievementManager   - Saving data to profile
13:37:34.428 [JavaFX Application Thread] DEBUG Bundle               - Logging bundle: achievement
13:37:34.428 [JavaFX Application Thread] DEBUG FXGLMasterTimer      - Saving data to profile
13:37:34.428 [JavaFX Application Thread] DEBUG Bundle               - Logging bundle: timer
13:37:34.428 [JavaFX Application Thread] DEBUG Bundle               - timer.playtime=988431442690
13:37:34.429 [JavaFX Application Thread] DEBUG SaveLoadManager      - Saving profile: g
13:37:34.430 [JavaFX Application Thread] DEBUG IOTask               - Executing task: writeDataTask(./profiles/g/user.profile)
13:37:34.430 [JavaFX Application Thread] DEBUG IOTask               - Executing task: writeDataTask(./profiles/g/user.profile)
13:37:34.431 [JavaFX Application Thread] DEBUG FS                   - Writing to: .\profiles\g\user.profile
13:37:34.437 [JavaFX Application Thread] DEBUG IOTask               - Executing task: checkSavesDir(./profiles/g/saves/)
13:37:34.437 [JavaFX Application Thread] DEBUG IOTask               - Task succeeded: writeDataTask(./profiles/g/user.profile)
13:37:34.440 [JavaFX Application Thread] DEBUG FXGL                 - Saving FXGL system data
13:37:34.441 [JavaFX Application Thread] DEBUG IOTask               - Executing task: writeDataTask(system/fxgl.bundle)
13:37:34.441 [JavaFX Application Thread] DEBUG FS                   - Writing to: system\fxgl.bundle
13:37:34.444 [JavaFX Application Thread] DEBUG IOTask               - Task succeeded: writeDataTask(system/fxgl.bundle)
