15:16:07.869 [FXGL Launcher Thread     ] DEBUG FXGLLoggerFactory    - Service [LoggerFactory] initialized
15:16:07.873 [FXGL Launcher Thread     ] DEBUG FXGL                 - FXGL configuration complete
15:16:07.874 [FXGL Launcher Thread     ] DEBUG FXGL                 - Loading FXGL system data
15:16:07.876 [FXGL Launcher Thread     ] DEBUG IOTask               - Executing task: readDataTask(system/fxgl.bundle)
15:16:07.880 [FXGL Launcher Thread     ] DEBUG FS                   - Reading from: system\fxgl.bundle
15:16:07.884 [FXGL Launcher Thread     ] DEBUG IOTask               - Task succeeded: readDataTask(system/fxgl.bundle)
15:16:07.884 [FXGL Launcher Thread     ] DEBUG Bundle               - Logging bundle: FXGL
15:16:07.886 [FXGL Launcher Thread     ] DEBUG Bundle               - FXGL.offline.timer.version.check=2017-01-12T08:38:28.585
15:16:07.891 [FXGL Launcher Thread     ] DEBUG GameApplication      - Configuring GameApplication
15:16:07.894 [FXGL Launcher Thread     ] DEBUG FXGLExceptionHandler - Service [ExceptionHandler] initialized
15:16:07.895 [FXGL Launcher Thread     ] DEBUG FXGLEventBus         - Service [EventBus] initialized
15:16:07.898 [FXGL Launcher Thread     ] DEBUG FXGLExecutor         - Service [Executor] initialized
15:16:07.898 [FXGL Launcher Thread     ] DEBUG PreInitTask          - Injecting gameWorld & physicsWorld
15:16:07.902 [FXGL Launcher Thread     ] DEBUG GameWorld            - Game world initialized
15:16:07.936 [FXGL Launcher Thread     ] DEBUG FXGLPooler           - Service [Pooler] initialized with default size = 128
15:16:07.936 [FXGL Launcher Thread     ] DEBUG PhysicsWorld         - Physics world initialized: appHeight=700.0, physics.ppm=50.0
15:16:07.937 [FXGL Launcher Thread     ] DEBUG FXGLInput            - Service [Input] initialized
15:16:07.954 [FXGL Launcher Thread     ] DEBUG FXGLInput            - Registered new binding: Screenshot - P
15:16:07.954 [FXGL Launcher Thread     ] DEBUG FXGLInput            - Registered new binding: Dev Options - CTRL+0
15:16:07.955 [FXGL Launcher Thread     ] DEBUG FXGLInput            - Registered new binding: Move With Mouse - PRIMARY
15:16:07.955 [FXGL Launcher Thread     ] DEBUG FXGLInput            - Registered new binding: Move up - W
15:16:07.956 [FXGL Launcher Thread     ] DEBUG FXGLInput            - Registered new binding: Open Fuel Shop - 1
15:16:07.956 [FXGL Launcher Thread     ] DEBUG FXGLInput            - Registered new binding: Open Sell - 2
15:16:07.978 [FXGL Launcher Thread     ] DEBUG GameScene            - Game scene initialized: 800.0x700.0
15:16:07.985 [FXGL Launcher Thread     ] DEBUG FXGLAssetLoader      - Service [AssetLoader] initialized: cacheSize=35
15:16:07.988 [FXGL Launcher Thread     ] DEBUG FXGLAssetLoader      - Loading from disk: /assets/sounds/system/notification.wav
15:16:08.020 [FXGL Launcher Thread     ] DEBUG FXGLAssetLoader      - Loading from disk: /assets/sounds/menu/select.wav
15:16:08.022 [FXGL Launcher Thread     ] DEBUG FXGLAssetLoader      - Loading from disk: /assets/sounds/menu/back.wav
15:16:08.024 [FXGL Launcher Thread     ] DEBUG FXGLAssetLoader      - Loading from disk: /assets/sounds/menu/press.wav
15:16:08.026 [FXGL Launcher Thread     ] DEBUG FXGLAssetLoader      - Loading from disk: /assets/ui/fonts/Copperplate_Gothic_Light_Regular.ttf
15:16:08.133 [FXGL Launcher Thread     ] DEBUG FXGLAssetLoader      - Loading from disk: /assets/ui/css/fxgl.css
15:16:08.133 [FXGL Launcher Thread     ] DEBUG FXGLAssetLoader      - Loading from disk: /assets/ui/icons/fxgl_icon.png
15:16:08.167 [FXGL Launcher Thread     ] DEBUG FXGLAssetLoader      - Loading from disk: /assets/ui/css/fxgl_gta5.css
15:16:08.175 [FXGL Launcher Thread     ] DEBUG FXGLDisplay          - Target size: DoubleProperty [value: 800.0] x DoubleProperty [value: 700.0] @ 1.0
15:16:08.175 [FXGL Launcher Thread     ] DEBUG FXGLDisplay          - New size:    800.0 x 700.0 @ DoubleProperty [value: 1.0]
15:16:08.176 [FXGL Launcher Thread     ] DEBUG FXGLDisplay          - Service [Display] initialized
15:16:08.176 [FXGL Launcher Thread     ] DEBUG FXGLDisplay          - Using CSS: CSS(externalForm=jar:file:/C:/Users/Vic%20Spet/Documents/NetBeansProjects/MotherLoadProject/MotherLoad/lib/fxgl-0.2.9-uber.jar!/assets/ui/css/fxgl_gta5.css)
15:16:08.176 [FXGL Launcher Thread     ] DEBUG InitScenesTask       - Injecting introScene
15:16:08.177 [FXGL Launcher Thread     ] DEBUG FXGLEventBus         - Firing event: SaveEvent
15:16:08.205 [FXGL Launcher Thread     ] DEBUG InitScenesTask       - Injecting mainMenuScene & gameMenuScene
15:16:08.205 [FXGL Launcher Thread     ] DEBUG InitScenesTask       - Injecting loadingScene & gameScene
15:16:08.224 [FXGL Launcher Thread     ] DEBUG FXGLMasterTimer      - Service [MasterTimer] initialized
15:16:08.226 [FXGL Launcher Thread     ] DEBUG FXGLAudioPlayer      - Service [AudioPlayer] initialized
15:16:08.234 [FXGL Launcher Thread     ] DEBUG InitProfilerTask     - Injecting profiler
15:16:08.234 [FXGL Launcher Thread     ] DEBUG GameApplication      - State: STARTUP -> INTRO
15:16:08.313 [JavaFX Application Thread] DEBUG FXGLDisplay          - Showing stage
15:16:08.313 [JavaFX Application Thread] DEBUG FXGLDisplay          - Root size: 800.0x700.0
15:16:08.313 [JavaFX Application Thread] DEBUG FXGLDisplay          - Scene size: 800.0x700.0
15:16:08.313 [JavaFX Application Thread] DEBUG FXGLDisplay          - Stage size: 818.0x747.0
15:16:13.697 [JavaFX Application Thread] DEBUG FXGLEventBus         - Firing event: IntroFinishedEvent
15:16:13.698 [JavaFX Application Thread] DEBUG GameApplication      - State: INTRO -> MAIN_MENU
15:16:13.711 [JavaFX Application Thread] DEBUG SaveLoadManager      - Checking profiles dir: profiles/
15:16:13.712 [JavaFX Application Thread] DEBUG SaveLoadManager      - Loading profile names
15:16:13.713 [JavaFX Application Thread] DEBUG IOTask               - Showing dialog
15:16:13.717 [JavaFX Application Thread] DEBUG FXGLEventBus         - Firing event: DisplayEvent[type=DIALOG_OPENED]
15:16:13.717 [JavaFX Application Thread] DEBUG FXGLInput            - Clearing active input actions
15:16:13.720 [FXGL Background Thread 1 ] DEBUG IOTask               - Executing task: loadDirectoryNamesTask(./profiles/, false)
15:16:13.799 [JavaFX Application Thread] DEBUG IOTask               - succeed(): Dismissing dialog
15:16:13.799 [JavaFX Application Thread] DEBUG FXGLEventBus         - Firing event: DisplayEvent[type=DIALOG_CLOSED]
15:16:13.799 [JavaFX Application Thread] DEBUG IOTask               - Task succeeded: loadDirectoryNamesTask(./profiles/, false)
15:16:13.803 [JavaFX Application Thread] DEBUG FXGLEventBus         - Firing event: DisplayEvent[type=DIALOG_OPENED]
15:16:13.803 [JavaFX Application Thread] DEBUG FXGLInput            - Clearing active input actions
15:16:15.560 [JavaFX Application Thread] DEBUG FXGLEventBus         - Firing event: DisplayEvent[type=DIALOG_CLOSED]
15:16:15.561 [JavaFX Application Thread] DEBUG SaveLoadManager      - Loading profile: Mack
15:16:15.562 [JavaFX Application Thread] DEBUG IOTask               - Showing dialog
15:16:15.564 [JavaFX Application Thread] DEBUG FXGLEventBus         - Firing event: DisplayEvent[type=DIALOG_OPENED]
15:16:15.564 [JavaFX Application Thread] DEBUG FXGLInput            - Clearing active input actions
15:16:15.564 [FXGL Background Thread 1 ] DEBUG IOTask               - Executing task: readDataTask(./profiles/Mack/user.profile)
15:16:15.565 [FXGL Background Thread 1 ] DEBUG FS                   - Reading from: .\profiles\Mack\user.profile
15:16:15.578 [JavaFX Application Thread] DEBUG IOTask               - succeed(): Dismissing dialog
15:16:15.579 [JavaFX Application Thread] DEBUG FXGLEventBus         - Firing event: DisplayEvent[type=DIALOG_CLOSED]
15:16:15.579 [JavaFX Application Thread] DEBUG IOTask               - Task succeeded: readDataTask(./profiles/Mack/user.profile)
15:16:15.579 [JavaFX Application Thread] DEBUG FXGLEventBus         - Firing event: LoadEvent[type=LOAD_PROFILE]
15:16:15.579 [JavaFX Application Thread] DEBUG FXGLInput            - Loading data from profile
15:16:15.579 [JavaFX Application Thread] DEBUG Bundle               - Logging bundle: input
15:16:15.579 [JavaFX Application Thread] DEBUG Bundle               - input.Open Fuel Shop=1
15:16:15.579 [JavaFX Application Thread] DEBUG Bundle               - input.Screenshot=P
15:16:15.579 [JavaFX Application Thread] DEBUG Bundle               - input.Dev Options=CTRL+0
15:16:15.579 [JavaFX Application Thread] DEBUG Bundle               - input.Move up=W
15:16:15.579 [JavaFX Application Thread] DEBUG Bundle               - input.Open Sell=2
15:16:15.579 [JavaFX Application Thread] DEBUG Bundle               - input.Move With Mouse=PRIMARY
15:16:15.580 [JavaFX Application Thread] DEBUG FXGLDisplay          - Loading data from profile
15:16:15.580 [JavaFX Application Thread] DEBUG Bundle               - Logging bundle: scene
15:16:15.580 [JavaFX Application Thread] DEBUG Bundle               - scene.sizeW=800.0
15:16:15.580 [JavaFX Application Thread] DEBUG Bundle               - scene.sizeH=700.0
15:16:15.580 [JavaFX Application Thread] DEBUG FXGLDisplay          - Target size: DoubleProperty [value: 800.0] x DoubleProperty [value: 700.0] @ 1.0
15:16:15.580 [JavaFX Application Thread] DEBUG FXGLDisplay          - New size:    800.0 x 700.0 @ DoubleProperty [value: 1.0]
15:16:15.592 [JavaFX Application Thread] DEBUG FXGLAudioPlayer      - Loading data from profile
15:16:15.592 [JavaFX Application Thread] DEBUG Bundle               - Logging bundle: audio
15:16:15.592 [JavaFX Application Thread] DEBUG Bundle               - audio.musicVolume=0.5
15:16:15.592 [JavaFX Application Thread] DEBUG Bundle               - audio.soundVolume=0.5
15:16:15.593 [JavaFX Application Thread] DEBUG AchievementManager   - Service [AchievementManager] initialized
15:16:15.593 [JavaFX Application Thread] DEBUG AchievementManager   - Loading data from profile
15:16:15.593 [JavaFX Application Thread] DEBUG Bundle               - Logging bundle: achievement
15:16:15.593 [JavaFX Application Thread] DEBUG FXGLMasterTimer      - Loading data from profile
15:16:15.593 [JavaFX Application Thread] DEBUG Bundle               - Logging bundle: timer
15:16:15.593 [JavaFX Application Thread] DEBUG Bundle               - timer.playtime=202259361379
15:16:15.594 [JavaFX Application Thread] DEBUG SaveLoadManager      - Loading last modified save file
15:16:15.595 [JavaFX Application Thread] DEBUG SaveLoadManager      - Loading save files
15:16:15.597 [JavaFX Application Thread] DEBUG IOTask               - Showing dialog
15:16:15.599 [JavaFX Application Thread] DEBUG FXGLEventBus         - Firing event: DisplayEvent[type=DIALOG_OPENED]
15:16:15.599 [JavaFX Application Thread] DEBUG FXGLInput            - Clearing active input actions
15:16:15.599 [FXGL Background Thread 1 ] DEBUG IOTask               - Executing task: loadFileNamesTask(./profiles/Mack/saves/, true, [FileExtension(extension=.sav)])
15:16:15.599 [FXGL Background Thread 1 ] DEBUG IOTask               - Executing task: loadFileNamesTask(./profiles/Mack/saves/, true, [FileExtension(extension=.sav)])
15:16:15.599 [FXGL Background Thread 1 ] DEBUG IOTask               - Executing task: loadFileNamesTask(./profiles/Mack/saves/, true, [FileExtension(extension=.sav)])
15:16:15.603 [FXGL Background Thread 1 ] DEBUG IOTask               - Executing task: readSaveFiles
15:16:15.604 [FXGL Background Thread 1 ] DEBUG IOTask               - Executing task: findLastSave
15:16:15.612 [JavaFX Application Thread] DEBUG IOTask               - fail(): Dismissing dialog
15:16:15.613 [JavaFX Application Thread] DEBUG FXGLEventBus         - Firing event: DisplayEvent[type=DIALOG_CLOSED]
15:16:15.613 [JavaFX Application Thread] WARN  IOTask               - Task failed: loadFileNamesTask(./profiles/Mack/saves/, true, [FileExtension(extension=.sav)]) Error: java.io.FileNotFoundException: No save files found
15:16:15.613 [JavaFX Application Thread] DEBUG FXGLEventBus         - Firing event: ProfileSelectedEvent[name=Mack,hasSaves=false]
15:16:18.430 [JavaFX Application Thread] DEBUG Menu                 - createContentControls()
15:16:24.758 [JavaFX Application Thread] DEBUG Menu                 - fireNewGame()
15:16:24.758 [JavaFX Application Thread] DEBUG GameApplication      - Starting new game
15:16:24.759 [JavaFX Application Thread] DEBUG GameApplication      - Initializing App
15:16:24.760 [JavaFX Application Thread] DEBUG FXGLInput            - Clearing active input actions
15:16:24.761 [JavaFX Application Thread] DEBUG FXGLMasterTimer      - Stopping master timer
15:16:24.761 [JavaFX Application Thread] DEBUG GameApplication      - State: MAIN_MENU -> PAUSED
15:16:24.761 [JavaFX Application Thread] DEBUG FXGLEventBus         - Firing event: FXGLEvent[type=PAUSE]
15:16:24.762 [JavaFX Application Thread] DEBUG FXGLInput            - Clearing active input actions
15:16:24.762 [JavaFX Application Thread] DEBUG FXGLMasterTimer      - Resetting ticks and clearing all actions
15:16:24.762 [JavaFX Application Thread] DEBUG GameWorld            - Resetting game world
15:16:24.762 [JavaFX Application Thread] TRACE EntityWorld          - Resetting entity world
15:16:24.763 [JavaFX Application Thread] DEBUG PhysicsWorld         - Resetting physics world
15:16:24.763 [JavaFX Application Thread] DEBUG GameScene            - Resetting game scene
15:16:24.763 [JavaFX Application Thread] DEBUG FXGLEventBus         - Firing event: FXGLEvent[type=RESET]
15:16:25.105 [JavaFX Application Thread] DEBUG GameApplication      - State: PAUSED -> LOADING
15:16:25.110 [FXGL Background Thread 1 ] DEBUG InitAppTask          - Initializing Assets
15:16:25.110 [JavaFX Application Thread] DEBUG FXGLEventBus         - Firing event: MenuEvent[type=NEW_GAME]
15:16:25.111 [FXGL Background Thread 1 ] DEBUG InitAppTask          - Initializing Game
15:16:25.130 [FXGL Background Thread 1 ] DEBUG InitAppTask          - Initializing Physics
15:16:25.130 [FXGL Background Thread 1 ] DEBUG InitAppTask          - Initializing UI
15:16:25.130 [FXGL Background Thread 1 ] DEBUG InitAppTask          - Initialization Complete
15:16:25.133 [JavaFX Application Thread] DEBUG FXGLInput            - Clearing active input actions
15:16:25.133 [JavaFX Application Thread] DEBUG FXGLMasterTimer      - Starting master timer
15:16:25.133 [JavaFX Application Thread] DEBUG GameApplication      - State: LOADING -> PLAYING
15:16:25.135 [JavaFX Application Thread] DEBUG FXGLEventBus         - Firing event: FXGLEvent[type=RESUME]
15:16:25.139 [JavaFX Application Thread] DEBUG GameScene            - Entity added to scene
15:16:25.140 [JavaFX Application Thread] DEBUG GameScene            - Added MainViewComponent
15:16:25.142 [JavaFX Application Thread] DEBUG GameScene            - Creating render group for layer: TOP(2147483647)
15:16:25.189 [JavaFX Application Thread] DEBUG FXGLAssetLoader      - Loading from disk: /assets/textures/Ground0.png
15:16:25.194 [JavaFX Application Thread] DEBUG FXGLAssetLoader      - Loading from cache: /assets/textures/Ground0.png
15:16:25.194 [JavaFX Application Thread] DEBUG FXGLAssetLoader      - Loading from cache: /assets/textures/Ground0.png
15:16:25.194 [JavaFX Application Thread] DEBUG FXGLAssetLoader      - Loading from cache: /assets/textures/Ground0.png
15:16:25.195 [JavaFX Application Thread] DEBUG FXGLAssetLoader      - Loading from cache: /assets/textures/Ground0.png
15:16:25.195 [JavaFX Application Thread] DEBUG FXGLAssetLoader      - Loading from cache: /assets/textures/Ground0.png
15:16:25.196 [JavaFX Application Thread] DEBUG FXGLAssetLoader      - Loading from cache: /assets/textures/Ground0.png
15:16:25.196 [JavaFX Application Thread] DEBUG FXGLAssetLoader      - Loading from cache: /assets/textures/Ground0.png
15:16:25.196 [JavaFX Application Thread] DEBUG FXGLAssetLoader      - Loading from cache: /assets/textures/Ground0.png
15:16:25.197 [JavaFX Application Thread] DEBUG FXGLAssetLoader      - Loading from cache: /assets/textures/Ground0.png
15:16:25.197 [JavaFX Application Thread] DEBUG FXGLAssetLoader      - Loading from cache: /assets/textures/Ground0.png
15:16:25.197 [JavaFX Application Thread] DEBUG FXGLAssetLoader      - Loading from cache: /assets/textures/Ground0.png
15:16:25.198 [JavaFX Application Thread] DEBUG FXGLAssetLoader      - Loading from cache: /assets/textures/Ground0.png
15:16:25.198 [JavaFX Application Thread] DEBUG FXGLAssetLoader      - Loading from cache: /assets/textures/Ground0.png
15:16:25.199 [JavaFX Application Thread] DEBUG FXGLAssetLoader      - Loading from cache: /assets/textures/Ground0.png
15:16:25.199 [JavaFX Application Thread] DEBUG FXGLAssetLoader      - Loading from cache: /assets/textures/Ground0.png
15:16:25.199 [JavaFX Application Thread] DEBUG FXGLAssetLoader      - Loading from cache: /assets/textures/Ground0.png
15:16:25.200 [JavaFX Application Thread] DEBUG FXGLAssetLoader      - Loading from cache: /assets/textures/Ground0.png
15:16:25.200 [JavaFX Application Thread] DEBUG FXGLAssetLoader      - Loading from cache: /assets/textures/Ground0.png
15:16:25.201 [JavaFX Application Thread] DEBUG FXGLAssetLoader      - Loading from cache: /assets/textures/Ground0.png
15:16:25.201 [JavaFX Application Thread] DEBUG FXGLAssetLoader      - Loading from cache: /assets/textures/Ground0.png
15:16:25.201 [JavaFX Application Thread] DEBUG FXGLAssetLoader      - Loading from cache: /assets/textures/Ground0.png
15:16:25.202 [JavaFX Application Thread] DEBUG FXGLAssetLoader      - Loading from cache: /assets/textures/Ground0.png
15:16:25.202 [JavaFX Application Thread] DEBUG FXGLAssetLoader      - Loading from cache: /assets/textures/Ground0.png
15:16:25.202 [JavaFX Application Thread] DEBUG FXGLAssetLoader      - Loading from cache: /assets/textures/Ground0.png
15:16:25.203 [JavaFX Application Thread] DEBUG FXGLAssetLoader      - Loading from disk: /assets/textures/Ground1.png
15:16:25.205 [JavaFX Application Thread] DEBUG FXGLAssetLoader      - Loading from cache: /assets/textures/Ground0.png
15:16:25.205 [JavaFX Application Thread] DEBUG FXGLAssetLoader      - Loading from cache: /assets/textures/Ground0.png
15:16:25.205 [JavaFX Application Thread] DEBUG FXGLAssetLoader      - Loading from cache: /assets/textures/Ground0.png
15:16:25.206 [JavaFX Application Thread] DEBUG FXGLAssetLoader      - Loading from cache: /assets/textures/Ground0.png
15:16:25.206 [JavaFX Application Thread] DEBUG FXGLAssetLoader      - Loading from cache: /assets/textures/Ground0.png
15:16:25.206 [JavaFX Application Thread] DEBUG FXGLAssetLoader      - Loading from cache: /assets/textures/Ground0.png
15:16:25.207 [JavaFX Application Thread] DEBUG FXGLAssetLoader      - Loading from cache: /assets/textures/Ground0.png
15:16:25.207 [JavaFX Application Thread] DEBUG FXGLAssetLoader      - Loading from cache: /assets/textures/Ground0.png
15:16:25.207 [JavaFX Application Thread] DEBUG FXGLAssetLoader      - Loading from cache: /assets/textures/Ground0.png
15:16:25.208 [JavaFX Application Thread] DEBUG FXGLAssetLoader      - Loading from cache: /assets/textures/Ground0.png
15:16:25.208 [JavaFX Application Thread] DEBUG FXGLAssetLoader      - Loading from cache: /assets/textures/Ground0.png
15:16:25.208 [JavaFX Application Thread] DEBUG FXGLAssetLoader      - Loading from cache: /assets/textures/Ground0.png
15:16:25.209 [JavaFX Application Thread] DEBUG FXGLAssetLoader      - Loading from cache: /assets/textures/Ground0.png
15:16:25.209 [JavaFX Application Thread] DEBUG FXGLAssetLoader      - Loading from cache: /assets/textures/Ground0.png
15:16:25.210 [JavaFX Application Thread] DEBUG FXGLAssetLoader      - Loading from cache: /assets/textures/Ground0.png
15:16:25.210 [JavaFX Application Thread] DEBUG FXGLAssetLoader      - Loading from cache: /assets/textures/Ground0.png
15:16:25.210 [JavaFX Application Thread] DEBUG FXGLAssetLoader      - Loading from cache: /assets/textures/Ground0.png
15:16:25.211 [JavaFX Application Thread] DEBUG FXGLAssetLoader      - Loading from cache: /assets/textures/Ground0.png
15:16:25.211 [JavaFX Application Thread] DEBUG FXGLAssetLoader      - Loading from cache: /assets/textures/Ground0.png
15:16:25.217 [JavaFX Application Thread] DEBUG GameScene            - Entity added to scene
15:16:25.217 [JavaFX Application Thread] DEBUG GameScene            - Added MainViewComponent
15:16:25.218 [JavaFX Application Thread] DEBUG GameScene            - Entity added to scene
15:16:25.218 [JavaFX Application Thread] DEBUG GameScene            - Added MainViewComponent
15:16:25.219 [JavaFX Application Thread] DEBUG GameScene            - Entity added to scene
15:16:25.219 [JavaFX Application Thread] DEBUG GameScene            - Added MainViewComponent
15:16:25.219 [JavaFX Application Thread] DEBUG GameScene            - Entity added to scene
15:16:25.219 [JavaFX Application Thread] DEBUG GameScene            - Added MainViewComponent
15:16:25.219 [JavaFX Application Thread] DEBUG GameScene            - Entity added to scene
15:16:25.220 [JavaFX Application Thread] DEBUG GameScene            - Added MainViewComponent
15:16:25.220 [JavaFX Application Thread] DEBUG GameScene            - Entity added to scene
15:16:25.220 [JavaFX Application Thread] DEBUG GameScene            - Added MainViewComponent
15:16:25.220 [JavaFX Application Thread] DEBUG GameScene            - Entity added to scene
15:16:25.220 [JavaFX Application Thread] DEBUG GameScene            - Added MainViewComponent
15:16:25.220 [JavaFX Application Thread] DEBUG GameScene            - Entity added to scene
15:16:25.220 [JavaFX Application Thread] DEBUG GameScene            - Added MainViewComponent
15:16:25.220 [JavaFX Application Thread] DEBUG GameScene            - Entity added to scene
15:16:25.221 [JavaFX Application Thread] DEBUG GameScene            - Added MainViewComponent
15:16:25.221 [JavaFX Application Thread] DEBUG GameScene            - Entity added to scene
15:16:25.221 [JavaFX Application Thread] DEBUG GameScene            - Added MainViewComponent
15:16:25.221 [JavaFX Application Thread] DEBUG GameScene            - Entity added to scene
15:16:25.221 [JavaFX Application Thread] DEBUG GameScene            - Added MainViewComponent
15:16:25.221 [JavaFX Application Thread] DEBUG GameScene            - Entity added to scene
15:16:25.221 [JavaFX Application Thread] DEBUG GameScene            - Added MainViewComponent
15:16:25.221 [JavaFX Application Thread] DEBUG GameScene            - Entity added to scene
15:16:25.221 [JavaFX Application Thread] DEBUG GameScene            - Added MainViewComponent
15:16:25.222 [JavaFX Application Thread] DEBUG GameScene            - Entity added to scene
15:16:25.222 [JavaFX Application Thread] DEBUG GameScene            - Added MainViewComponent
15:16:25.222 [JavaFX Application Thread] DEBUG GameScene            - Entity added to scene
15:16:25.222 [JavaFX Application Thread] DEBUG GameScene            - Added MainViewComponent
15:16:25.222 [JavaFX Application Thread] DEBUG GameScene            - Entity added to scene
15:16:25.222 [JavaFX Application Thread] DEBUG GameScene            - Added MainViewComponent
15:16:25.222 [JavaFX Application Thread] DEBUG GameScene            - Entity added to scene
15:16:25.222 [JavaFX Application Thread] DEBUG GameScene            - Added MainViewComponent
15:16:25.222 [JavaFX Application Thread] DEBUG GameScene            - Entity added to scene
15:16:25.222 [JavaFX Application Thread] DEBUG GameScene            - Added MainViewComponent
15:16:25.223 [JavaFX Application Thread] DEBUG GameScene            - Entity added to scene
15:16:25.225 [JavaFX Application Thread] DEBUG GameScene            - Added MainViewComponent
15:16:25.226 [JavaFX Application Thread] DEBUG GameScene            - Entity added to scene
15:16:25.226 [JavaFX Application Thread] DEBUG GameScene            - Added MainViewComponent
15:16:25.226 [JavaFX Application Thread] DEBUG GameScene            - Entity added to scene
15:16:25.227 [JavaFX Application Thread] DEBUG GameScene            - Added MainViewComponent
15:16:25.227 [JavaFX Application Thread] DEBUG GameScene            - Entity added to scene
15:16:25.227 [JavaFX Application Thread] DEBUG GameScene            - Added MainViewComponent
15:16:25.227 [JavaFX Application Thread] DEBUG GameScene            - Entity added to scene
15:16:25.227 [JavaFX Application Thread] DEBUG GameScene            - Added MainViewComponent
15:16:25.227 [JavaFX Application Thread] DEBUG GameScene            - Entity added to scene
15:16:25.227 [JavaFX Application Thread] DEBUG GameScene            - Added MainViewComponent
15:16:25.228 [JavaFX Application Thread] DEBUG GameScene            - Entity added to scene
15:16:25.228 [JavaFX Application Thread] DEBUG GameScene            - Added MainViewComponent
15:16:25.228 [JavaFX Application Thread] DEBUG GameScene            - Entity added to scene
15:16:25.228 [JavaFX Application Thread] DEBUG GameScene            - Added MainViewComponent
15:16:25.228 [JavaFX Application Thread] DEBUG GameScene            - Entity added to scene
15:16:25.228 [JavaFX Application Thread] DEBUG GameScene            - Added MainViewComponent
15:16:25.228 [JavaFX Application Thread] DEBUG GameScene            - Entity added to scene
15:16:25.228 [JavaFX Application Thread] DEBUG GameScene            - Added MainViewComponent
15:16:25.228 [JavaFX Application Thread] DEBUG GameScene            - Entity added to scene
15:16:25.228 [JavaFX Application Thread] DEBUG GameScene            - Added MainViewComponent
15:16:25.228 [JavaFX Application Thread] DEBUG GameScene            - Entity added to scene
15:16:25.228 [JavaFX Application Thread] DEBUG GameScene            - Added MainViewComponent
15:16:25.229 [JavaFX Application Thread] DEBUG GameScene            - Entity added to scene
15:16:25.229 [JavaFX Application Thread] DEBUG GameScene            - Added MainViewComponent
15:16:25.229 [JavaFX Application Thread] DEBUG GameScene            - Entity added to scene
15:16:25.229 [JavaFX Application Thread] DEBUG GameScene            - Added MainViewComponent
15:16:25.229 [JavaFX Application Thread] DEBUG GameScene            - Entity added to scene
15:16:25.229 [JavaFX Application Thread] DEBUG GameScene            - Added MainViewComponent
15:16:25.229 [JavaFX Application Thread] DEBUG GameScene            - Entity added to scene
15:16:25.229 [JavaFX Application Thread] DEBUG GameScene            - Added MainViewComponent
15:16:25.229 [JavaFX Application Thread] DEBUG GameScene            - Entity added to scene
15:16:25.229 [JavaFX Application Thread] DEBUG GameScene            - Added MainViewComponent
15:16:25.230 [JavaFX Application Thread] DEBUG GameScene            - Entity added to scene
15:16:25.230 [JavaFX Application Thread] DEBUG GameScene            - Added MainViewComponent
15:16:25.230 [JavaFX Application Thread] DEBUG GameScene            - Entity added to scene
15:16:25.230 [JavaFX Application Thread] DEBUG GameScene            - Added MainViewComponent
15:16:25.230 [JavaFX Application Thread] DEBUG GameScene            - Entity added to scene
15:16:25.230 [JavaFX Application Thread] DEBUG GameScene            - Added MainViewComponent
15:16:25.230 [JavaFX Application Thread] DEBUG GameScene            - Entity added to scene
15:16:25.230 [JavaFX Application Thread] DEBUG GameScene            - Added MainViewComponent
15:16:25.231 [JavaFX Application Thread] DEBUG GameScene            - Entity added to scene
15:16:25.231 [JavaFX Application Thread] DEBUG GameScene            - Added MainViewComponent
15:16:25.231 [JavaFX Application Thread] DEBUG GameScene            - Entity added to scene
15:16:25.231 [JavaFX Application Thread] DEBUG GameScene            - Added MainViewComponent
15:16:25.231 [JavaFX Application Thread] DEBUG GameScene            - Entity added to scene
15:16:25.231 [JavaFX Application Thread] DEBUG GameScene            - Added MainViewComponent
15:16:25.231 [JavaFX Application Thread] DEBUG GameScene            - Entity added to scene
15:16:25.231 [JavaFX Application Thread] DEBUG GameScene            - Added MainViewComponent
15:16:25.231 [JavaFX Application Thread] DEBUG GameScene            - Entity added to scene
15:16:25.231 [JavaFX Application Thread] DEBUG GameScene            - Added MainViewComponent
15:16:25.231 [JavaFX Application Thread] DEBUG GameScene            - Entity added to scene
15:16:25.231 [JavaFX Application Thread] DEBUG GameScene            - Added MainViewComponent
15:16:25.491 [JavaFX Application Thread] DEBUG FXGLAssetLoader      - Loading from cache: /assets/textures/Ground0.png
15:16:25.492 [JavaFX Application Thread] DEBUG FXGLAssetLoader      - Loading from cache: /assets/textures/Ground0.png
15:16:25.493 [JavaFX Application Thread] DEBUG FXGLAssetLoader      - Loading from cache: /assets/textures/Ground0.png
15:16:25.495 [JavaFX Application Thread] DEBUG FXGLAssetLoader      - Loading from cache: /assets/textures/Ground0.png
15:16:25.496 [JavaFX Application Thread] DEBUG FXGLAssetLoader      - Loading from cache: /assets/textures/Ground0.png
15:16:25.497 [JavaFX Application Thread] DEBUG FXGLAssetLoader      - Loading from cache: /assets/textures/Ground0.png
15:16:25.498 [JavaFX Application Thread] DEBUG FXGLAssetLoader      - Loading from cache: /assets/textures/Ground0.png
15:16:25.499 [JavaFX Application Thread] DEBUG FXGLAssetLoader      - Loading from cache: /assets/textures/Ground0.png
15:16:25.499 [JavaFX Application Thread] DEBUG FXGLAssetLoader      - Loading from cache: /assets/textures/Ground0.png
15:16:25.500 [JavaFX Application Thread] DEBUG FXGLAssetLoader      - Loading from cache: /assets/textures/Ground0.png
15:16:25.501 [JavaFX Application Thread] DEBUG FXGLAssetLoader      - Loading from cache: /assets/textures/Ground0.png
15:16:25.502 [JavaFX Application Thread] DEBUG FXGLAssetLoader      - Loading from cache: /assets/textures/Ground0.png
15:16:25.502 [JavaFX Application Thread] DEBUG FXGLAssetLoader      - Loading from cache: /assets/textures/Ground0.png
15:16:25.503 [JavaFX Application Thread] DEBUG FXGLAssetLoader      - Loading from cache: /assets/textures/Ground0.png
15:16:25.504 [JavaFX Application Thread] DEBUG FXGLAssetLoader      - Loading from cache: /assets/textures/Ground0.png
15:16:25.506 [JavaFX Application Thread] DEBUG GameScene            - Entity added to scene
15:16:25.506 [JavaFX Application Thread] DEBUG GameScene            - Added MainViewComponent
15:16:25.507 [JavaFX Application Thread] DEBUG GameScene            - Entity added to scene
15:16:25.507 [JavaFX Application Thread] DEBUG GameScene            - Added MainViewComponent
15:16:25.508 [JavaFX Application Thread] DEBUG GameScene            - Entity added to scene
15:16:25.508 [JavaFX Application Thread] DEBUG GameScene            - Added MainViewComponent
15:16:25.509 [JavaFX Application Thread] DEBUG GameScene            - Entity added to scene
15:16:25.509 [JavaFX Application Thread] DEBUG GameScene            - Added MainViewComponent
15:16:25.510 [JavaFX Application Thread] DEBUG GameScene            - Entity added to scene
15:16:25.510 [JavaFX Application Thread] DEBUG GameScene            - Added MainViewComponent
15:16:25.511 [JavaFX Application Thread] DEBUG GameScene            - Entity added to scene
15:16:25.511 [JavaFX Application Thread] DEBUG GameScene            - Added MainViewComponent
15:16:25.512 [JavaFX Application Thread] DEBUG GameScene            - Entity added to scene
15:16:25.512 [JavaFX Application Thread] DEBUG GameScene            - Added MainViewComponent
15:16:25.513 [JavaFX Application Thread] DEBUG GameScene            - Entity added to scene
15:16:25.513 [JavaFX Application Thread] DEBUG GameScene            - Added MainViewComponent
15:16:25.513 [JavaFX Application Thread] DEBUG GameScene            - Entity added to scene
15:16:25.513 [JavaFX Application Thread] DEBUG GameScene            - Added MainViewComponent
15:16:25.514 [JavaFX Application Thread] DEBUG GameScene            - Entity added to scene
15:16:25.514 [JavaFX Application Thread] DEBUG GameScene            - Added MainViewComponent
15:16:25.515 [JavaFX Application Thread] DEBUG GameScene            - Entity added to scene
15:16:25.515 [JavaFX Application Thread] DEBUG GameScene            - Added MainViewComponent
15:16:25.516 [JavaFX Application Thread] DEBUG GameScene            - Entity added to scene
15:16:25.516 [JavaFX Application Thread] DEBUG GameScene            - Added MainViewComponent
15:16:25.516 [JavaFX Application Thread] DEBUG GameScene            - Entity added to scene
15:16:25.517 [JavaFX Application Thread] DEBUG GameScene            - Added MainViewComponent
15:16:25.517 [JavaFX Application Thread] DEBUG GameScene            - Entity added to scene
15:16:25.517 [JavaFX Application Thread] DEBUG GameScene            - Added MainViewComponent
15:16:25.518 [JavaFX Application Thread] DEBUG GameScene            - Entity added to scene
15:16:25.518 [JavaFX Application Thread] DEBUG GameScene            - Added MainViewComponent
15:16:26.019 [JavaFX Application Thread] DEBUG FXGLAssetLoader      - Loading from cache: /assets/textures/Ground0.png
15:16:26.020 [JavaFX Application Thread] DEBUG FXGLAssetLoader      - Loading from cache: /assets/textures/Ground0.png
15:16:26.021 [JavaFX Application Thread] DEBUG FXGLAssetLoader      - Loading from cache: /assets/textures/Ground0.png
15:16:26.022 [JavaFX Application Thread] DEBUG FXGLAssetLoader      - Loading from cache: /assets/textures/Ground1.png
15:16:26.023 [JavaFX Application Thread] DEBUG FXGLAssetLoader      - Loading from cache: /assets/textures/Ground0.png
15:16:26.024 [JavaFX Application Thread] DEBUG FXGLAssetLoader      - Loading from cache: /assets/textures/Ground0.png
15:16:26.025 [JavaFX Application Thread] DEBUG FXGLAssetLoader      - Loading from cache: /assets/textures/Ground0.png
15:16:26.026 [JavaFX Application Thread] DEBUG FXGLAssetLoader      - Loading from cache: /assets/textures/Ground0.png
15:16:26.027 [JavaFX Application Thread] DEBUG FXGLAssetLoader      - Loading from cache: /assets/textures/Ground1.png
15:16:26.028 [JavaFX Application Thread] DEBUG FXGLAssetLoader      - Loading from cache: /assets/textures/Ground0.png
15:16:26.029 [JavaFX Application Thread] DEBUG FXGLAssetLoader      - Loading from cache: /assets/textures/Ground0.png
15:16:26.030 [JavaFX Application Thread] DEBUG FXGLAssetLoader      - Loading from cache: /assets/textures/Ground0.png
15:16:26.031 [JavaFX Application Thread] DEBUG FXGLAssetLoader      - Loading from cache: /assets/textures/Ground0.png
15:16:26.031 [JavaFX Application Thread] DEBUG FXGLAssetLoader      - Loading from cache: /assets/textures/Ground0.png
15:16:26.032 [JavaFX Application Thread] DEBUG FXGLAssetLoader      - Loading from cache: /assets/textures/Ground0.png
15:16:26.033 [JavaFX Application Thread] DEBUG GameScene            - Entity added to scene
15:16:26.034 [JavaFX Application Thread] DEBUG GameScene            - Added MainViewComponent
15:16:26.034 [JavaFX Application Thread] DEBUG GameScene            - Entity added to scene
15:16:26.034 [JavaFX Application Thread] DEBUG GameScene            - Added MainViewComponent
15:16:26.034 [JavaFX Application Thread] DEBUG GameScene            - Entity added to scene
15:16:26.034 [JavaFX Application Thread] DEBUG GameScene            - Added MainViewComponent
15:16:26.034 [JavaFX Application Thread] DEBUG GameScene            - Entity added to scene
15:16:26.035 [JavaFX Application Thread] DEBUG GameScene            - Added MainViewComponent
15:16:26.035 [JavaFX Application Thread] DEBUG GameScene            - Entity added to scene
15:16:26.035 [JavaFX Application Thread] DEBUG GameScene            - Added MainViewComponent
15:16:26.035 [JavaFX Application Thread] DEBUG GameScene            - Entity added to scene
15:16:26.035 [JavaFX Application Thread] DEBUG GameScene            - Added MainViewComponent
15:16:26.035 [JavaFX Application Thread] DEBUG GameScene            - Entity added to scene
15:16:26.035 [JavaFX Application Thread] DEBUG GameScene            - Added MainViewComponent
15:16:26.035 [JavaFX Application Thread] DEBUG GameScene            - Entity added to scene
15:16:26.035 [JavaFX Application Thread] DEBUG GameScene            - Added MainViewComponent
15:16:26.036 [JavaFX Application Thread] DEBUG GameScene            - Entity added to scene
15:16:26.036 [JavaFX Application Thread] DEBUG GameScene            - Added MainViewComponent
15:16:26.036 [JavaFX Application Thread] DEBUG GameScene            - Entity added to scene
15:16:26.036 [JavaFX Application Thread] DEBUG GameScene            - Added MainViewComponent
15:16:26.036 [JavaFX Application Thread] DEBUG GameScene            - Entity added to scene
15:16:26.036 [JavaFX Application Thread] DEBUG GameScene            - Added MainViewComponent
15:16:26.037 [JavaFX Application Thread] DEBUG GameScene            - Entity added to scene
15:16:26.037 [JavaFX Application Thread] DEBUG GameScene            - Added MainViewComponent
15:16:26.037 [JavaFX Application Thread] DEBUG GameScene            - Entity added to scene
15:16:26.037 [JavaFX Application Thread] DEBUG GameScene            - Added MainViewComponent
15:16:26.037 [JavaFX Application Thread] DEBUG GameScene            - Entity added to scene
15:16:26.037 [JavaFX Application Thread] DEBUG GameScene            - Added MainViewComponent
15:16:26.037 [JavaFX Application Thread] DEBUG GameScene            - Entity added to scene
15:16:26.038 [JavaFX Application Thread] DEBUG GameScene            - Added MainViewComponent
15:16:26.402 [JavaFX Application Thread] DEBUG FXGLAssetLoader      - Loading from cache: /assets/textures/Ground0.png
15:16:26.402 [JavaFX Application Thread] DEBUG FXGLAssetLoader      - Loading from cache: /assets/textures/Ground0.png
15:16:26.402 [JavaFX Application Thread] DEBUG FXGLAssetLoader      - Loading from cache: /assets/textures/Ground0.png
15:16:26.403 [JavaFX Application Thread] DEBUG FXGLAssetLoader      - Loading from cache: /assets/textures/Ground0.png
15:16:26.403 [JavaFX Application Thread] DEBUG FXGLAssetLoader      - Loading from cache: /assets/textures/Ground0.png
15:16:26.403 [JavaFX Application Thread] DEBUG FXGLAssetLoader      - Loading from cache: /assets/textures/Ground0.png
15:16:26.403 [JavaFX Application Thread] DEBUG FXGLAssetLoader      - Loading from cache: /assets/textures/Ground0.png
15:16:26.403 [JavaFX Application Thread] DEBUG FXGLAssetLoader      - Loading from cache: /assets/textures/Ground0.png
15:16:26.404 [JavaFX Application Thread] DEBUG FXGLAssetLoader      - Loading from cache: /assets/textures/Ground0.png
15:16:26.404 [JavaFX Application Thread] DEBUG FXGLAssetLoader      - Loading from cache: /assets/textures/Ground0.png
15:16:26.404 [JavaFX Application Thread] DEBUG FXGLAssetLoader      - Loading from cache: /assets/textures/Ground0.png
15:16:26.404 [JavaFX Application Thread] DEBUG FXGLAssetLoader      - Loading from cache: /assets/textures/Ground0.png
15:16:26.405 [JavaFX Application Thread] DEBUG FXGLAssetLoader      - Loading from cache: /assets/textures/Ground1.png
15:16:26.405 [JavaFX Application Thread] DEBUG FXGLAssetLoader      - Loading from cache: /assets/textures/Ground0.png
15:16:26.405 [JavaFX Application Thread] DEBUG FXGLAssetLoader      - Loading from disk: /assets/textures/Ground2.png
15:16:26.417 [JavaFX Application Thread] DEBUG GameScene            - Entity added to scene
15:16:26.417 [JavaFX Application Thread] DEBUG GameScene            - Added MainViewComponent
15:16:26.417 [JavaFX Application Thread] DEBUG GameScene            - Entity added to scene
15:16:26.418 [JavaFX Application Thread] DEBUG GameScene            - Added MainViewComponent
15:16:26.418 [JavaFX Application Thread] DEBUG GameScene            - Entity added to scene
15:16:26.418 [JavaFX Application Thread] DEBUG GameScene            - Added MainViewComponent
15:16:26.418 [JavaFX Application Thread] DEBUG GameScene            - Entity added to scene
15:16:26.418 [JavaFX Application Thread] DEBUG GameScene            - Added MainViewComponent
15:16:26.418 [JavaFX Application Thread] DEBUG GameScene            - Entity added to scene
15:16:26.418 [JavaFX Application Thread] DEBUG GameScene            - Added MainViewComponent
15:16:26.418 [JavaFX Application Thread] DEBUG GameScene            - Entity added to scene
15:16:26.418 [JavaFX Application Thread] DEBUG GameScene            - Added MainViewComponent
15:16:26.418 [JavaFX Application Thread] DEBUG GameScene            - Entity added to scene
15:16:26.418 [JavaFX Application Thread] DEBUG GameScene            - Added MainViewComponent
15:16:26.418 [JavaFX Application Thread] DEBUG GameScene            - Entity added to scene
15:16:26.418 [JavaFX Application Thread] DEBUG GameScene            - Added MainViewComponent
15:16:26.418 [JavaFX Application Thread] DEBUG GameScene            - Entity added to scene
15:16:26.419 [JavaFX Application Thread] DEBUG GameScene            - Added MainViewComponent
15:16:26.419 [JavaFX Application Thread] DEBUG GameScene            - Entity added to scene
15:16:26.419 [JavaFX Application Thread] DEBUG GameScene            - Added MainViewComponent
15:16:26.419 [JavaFX Application Thread] DEBUG GameScene            - Entity added to scene
15:16:26.419 [JavaFX Application Thread] DEBUG GameScene            - Added MainViewComponent
15:16:26.419 [JavaFX Application Thread] DEBUG GameScene            - Entity added to scene
15:16:26.419 [JavaFX Application Thread] DEBUG GameScene            - Added MainViewComponent
15:16:26.419 [JavaFX Application Thread] DEBUG GameScene            - Entity added to scene
15:16:26.419 [JavaFX Application Thread] DEBUG GameScene            - Added MainViewComponent
15:16:26.419 [JavaFX Application Thread] DEBUG GameScene            - Entity added to scene
15:16:26.419 [JavaFX Application Thread] DEBUG GameScene            - Added MainViewComponent
15:16:26.419 [JavaFX Application Thread] DEBUG GameScene            - Entity added to scene
15:16:26.419 [JavaFX Application Thread] DEBUG GameScene            - Added MainViewComponent
15:16:26.673 [JavaFX Application Thread] DEBUG FXGLAssetLoader      - Loading from cache: /assets/textures/Ground0.png
15:16:26.673 [JavaFX Application Thread] DEBUG FXGLAssetLoader      - Loading from cache: /assets/textures/Ground0.png
15:16:26.674 [JavaFX Application Thread] DEBUG FXGLAssetLoader      - Loading from cache: /assets/textures/Ground0.png
15:16:26.674 [JavaFX Application Thread] DEBUG FXGLAssetLoader      - Loading from cache: /assets/textures/Ground0.png
15:16:26.674 [JavaFX Application Thread] DEBUG FXGLAssetLoader      - Loading from cache: /assets/textures/Ground0.png
15:16:26.674 [JavaFX Application Thread] DEBUG FXGLAssetLoader      - Loading from cache: /assets/textures/Ground0.png
15:16:26.675 [JavaFX Application Thread] DEBUG FXGLAssetLoader      - Loading from cache: /assets/textures/Ground0.png
15:16:26.675 [JavaFX Application Thread] DEBUG FXGLAssetLoader      - Loading from cache: /assets/textures/Ground0.png
15:16:26.675 [JavaFX Application Thread] DEBUG FXGLAssetLoader      - Loading from cache: /assets/textures/Ground0.png
15:16:26.676 [JavaFX Application Thread] DEBUG FXGLAssetLoader      - Loading from cache: /assets/textures/Ground0.png
15:16:26.676 [JavaFX Application Thread] DEBUG FXGLAssetLoader      - Loading from cache: /assets/textures/Ground0.png
15:16:26.677 [JavaFX Application Thread] DEBUG FXGLAssetLoader      - Loading from cache: /assets/textures/Ground0.png
15:16:26.677 [JavaFX Application Thread] DEBUG FXGLAssetLoader      - Loading from cache: /assets/textures/Ground0.png
15:16:26.677 [JavaFX Application Thread] DEBUG FXGLAssetLoader      - Loading from cache: /assets/textures/Ground0.png
15:16:26.677 [JavaFX Application Thread] DEBUG FXGLAssetLoader      - Loading from cache: /assets/textures/Ground0.png
15:16:26.689 [JavaFX Application Thread] DEBUG GameScene            - Entity added to scene
15:16:26.689 [JavaFX Application Thread] DEBUG GameScene            - Added MainViewComponent
15:16:26.690 [JavaFX Application Thread] DEBUG GameScene            - Entity added to scene
15:16:26.690 [JavaFX Application Thread] DEBUG GameScene            - Added MainViewComponent
15:16:26.690 [JavaFX Application Thread] DEBUG GameScene            - Entity added to scene
15:16:26.690 [JavaFX Application Thread] DEBUG GameScene            - Added MainViewComponent
15:16:26.690 [JavaFX Application Thread] DEBUG GameScene            - Entity added to scene
15:16:26.690 [JavaFX Application Thread] DEBUG GameScene            - Added MainViewComponent
15:16:26.690 [JavaFX Application Thread] DEBUG GameScene            - Entity added to scene
15:16:26.690 [JavaFX Application Thread] DEBUG GameScene            - Added MainViewComponent
15:16:26.690 [JavaFX Application Thread] DEBUG GameScene            - Entity added to scene
15:16:26.690 [JavaFX Application Thread] DEBUG GameScene            - Added MainViewComponent
15:16:26.690 [JavaFX Application Thread] DEBUG GameScene            - Entity added to scene
15:16:26.690 [JavaFX Application Thread] DEBUG GameScene            - Added MainViewComponent
15:16:26.690 [JavaFX Application Thread] DEBUG GameScene            - Entity added to scene
15:16:26.690 [JavaFX Application Thread] DEBUG GameScene            - Added MainViewComponent
15:16:26.691 [JavaFX Application Thread] DEBUG GameScene            - Entity added to scene
15:16:26.691 [JavaFX Application Thread] DEBUG GameScene            - Added MainViewComponent
15:16:26.691 [JavaFX Application Thread] DEBUG GameScene            - Entity added to scene
15:16:26.691 [JavaFX Application Thread] DEBUG GameScene            - Added MainViewComponent
15:16:26.691 [JavaFX Application Thread] DEBUG GameScene            - Entity added to scene
15:16:26.691 [JavaFX Application Thread] DEBUG GameScene            - Added MainViewComponent
15:16:26.691 [JavaFX Application Thread] DEBUG GameScene            - Entity added to scene
15:16:26.691 [JavaFX Application Thread] DEBUG GameScene            - Added MainViewComponent
15:16:26.691 [JavaFX Application Thread] DEBUG GameScene            - Entity added to scene
15:16:26.691 [JavaFX Application Thread] DEBUG GameScene            - Added MainViewComponent
15:16:26.691 [JavaFX Application Thread] DEBUG GameScene            - Entity added to scene
15:16:26.691 [JavaFX Application Thread] DEBUG GameScene            - Added MainViewComponent
15:16:26.691 [JavaFX Application Thread] DEBUG GameScene            - Entity added to scene
15:16:26.691 [JavaFX Application Thread] DEBUG GameScene            - Added MainViewComponent
15:16:36.620 [JavaFX Application Thread] DEBUG FXGLEventBus         - Firing event: DisplayEvent[type=CLOSE_REQUEST]
15:16:36.621 [JavaFX Application Thread] DEBUG FXGLEventBus         - Firing event: FXGLEvent[type=EXIT]
15:16:36.621 [JavaFX Application Thread] DEBUG FXGLEventBus         - Firing event: SaveEvent
15:16:36.622 [JavaFX Application Thread] DEBUG FXGLInput            - Saving data to profile
15:16:36.622 [JavaFX Application Thread] DEBUG Bundle               - Logging bundle: input
15:16:36.622 [JavaFX Application Thread] DEBUG Bundle               - input.Open Fuel Shop=1
15:16:36.622 [JavaFX Application Thread] DEBUG Bundle               - input.Screenshot=P
15:16:36.622 [JavaFX Application Thread] DEBUG Bundle               - input.Dev Options=CTRL+0
15:16:36.622 [JavaFX Application Thread] DEBUG Bundle               - input.Move up=W
15:16:36.622 [JavaFX Application Thread] DEBUG Bundle               - input.Open Sell=2
15:16:36.622 [JavaFX Application Thread] DEBUG Bundle               - input.Move With Mouse=PRIMARY
15:16:36.622 [JavaFX Application Thread] DEBUG FXGLDisplay          - Saving data to profile
15:16:36.622 [JavaFX Application Thread] DEBUG Bundle               - Logging bundle: scene
15:16:36.622 [JavaFX Application Thread] DEBUG Bundle               - scene.sizeW=800.0
15:16:36.622 [JavaFX Application Thread] DEBUG Bundle               - scene.sizeH=700.0
15:16:36.622 [JavaFX Application Thread] DEBUG FXGLAudioPlayer      - Saving data to profile
15:16:36.622 [JavaFX Application Thread] DEBUG Bundle               - Logging bundle: audio
15:16:36.622 [JavaFX Application Thread] DEBUG Bundle               - audio.musicVolume=0.5
15:16:36.622 [JavaFX Application Thread] DEBUG Bundle               - audio.soundVolume=0.5
15:16:36.622 [JavaFX Application Thread] DEBUG AchievementManager   - Saving data to profile
15:16:36.622 [JavaFX Application Thread] DEBUG Bundle               - Logging bundle: achievement
15:16:36.622 [JavaFX Application Thread] DEBUG FXGLMasterTimer      - Saving data to profile
15:16:36.622 [JavaFX Application Thread] DEBUG Bundle               - Logging bundle: timer
15:16:36.622 [JavaFX Application Thread] DEBUG Bundle               - timer.playtime=213092788212
15:16:36.623 [JavaFX Application Thread] DEBUG SaveLoadManager      - Saving profile: Mack
15:16:36.624 [JavaFX Application Thread] DEBUG IOTask               - Executing task: writeDataTask(./profiles/Mack/user.profile)
15:16:36.624 [JavaFX Application Thread] DEBUG IOTask               - Executing task: writeDataTask(./profiles/Mack/user.profile)
15:16:36.626 [JavaFX Application Thread] DEBUG FS                   - Writing to: .\profiles\Mack\user.profile
15:16:36.629 [JavaFX Application Thread] DEBUG IOTask               - Executing task: checkSavesDir(./profiles/Mack/saves/)
15:16:36.629 [JavaFX Application Thread] DEBUG IOTask               - Task succeeded: writeDataTask(./profiles/Mack/user.profile)
15:16:36.632 [JavaFX Application Thread] DEBUG FXGL                 - Saving FXGL system data
15:16:36.633 [JavaFX Application Thread] DEBUG IOTask               - Executing task: writeDataTask(system/fxgl.bundle)
15:16:36.633 [JavaFX Application Thread] DEBUG FS                   - Writing to: system\fxgl.bundle
15:16:36.635 [JavaFX Application Thread] DEBUG IOTask               - Task succeeded: writeDataTask(system/fxgl.bundle)
