14:24:44.644 [FXGL Launcher Thread     ] DEBUG FXGLLoggerFactory    - Service [LoggerFactory] initialized
14:24:44.649 [FXGL Launcher Thread     ] DEBUG FXGL                 - FXGL configuration complete
14:24:44.649 [FXGL Launcher Thread     ] DEBUG FXGL                 - Loading FXGL system data
14:24:44.651 [FXGL Launcher Thread     ] DEBUG IOTask               - Executing task: readDataTask(system/fxgl.bundle)
14:24:44.654 [FXGL Launcher Thread     ] DEBUG FS                   - Reading from: system\fxgl.bundle
14:24:44.659 [FXGL Launcher Thread     ] DEBUG IOTask               - Task succeeded: readDataTask(system/fxgl.bundle)
14:24:44.660 [FXGL Launcher Thread     ] DEBUG Bundle               - Logging bundle: FXGL
14:24:44.661 [FXGL Launcher Thread     ] DEBUG Bundle               - FXGL.offline.timer.version.check=2017-01-20T14:05:01.750
14:24:44.669 [FXGL Launcher Thread     ] DEBUG GameApplication      - Configuring GameApplication
14:24:44.673 [FXGL Launcher Thread     ] DEBUG FXGLExceptionHandler - Service [ExceptionHandler] initialized
14:24:44.674 [FXGL Launcher Thread     ] DEBUG FXGLEventBus         - Service [EventBus] initialized
14:24:44.676 [FXGL Launcher Thread     ] DEBUG FXGLExecutor         - Service [Executor] initialized
14:24:44.676 [FXGL Launcher Thread     ] DEBUG PreInitTask          - Injecting gameWorld & physicsWorld
14:24:44.681 [FXGL Launcher Thread     ] DEBUG GameWorld            - Game world initialized
14:24:44.717 [FXGL Launcher Thread     ] DEBUG FXGLPooler           - Service [Pooler] initialized with default size = 128
14:24:44.717 [FXGL Launcher Thread     ] DEBUG PhysicsWorld         - Physics world initialized: appHeight=700.0, physics.ppm=50.0
14:24:44.718 [FXGL Launcher Thread     ] DEBUG FXGLInput            - Service [Input] initialized
14:24:44.735 [FXGL Launcher Thread     ] DEBUG FXGLInput            - Registered new binding: Screenshot - P
14:24:44.735 [FXGL Launcher Thread     ] DEBUG FXGLInput            - Registered new binding: Dev Options - CTRL+0
14:24:44.735 [FXGL Launcher Thread     ] DEBUG FXGLInput            - Registered new binding: Move With Mouse - PRIMARY
14:24:44.736 [FXGL Launcher Thread     ] DEBUG FXGLInput            - Registered new binding: Move up - W
14:24:44.736 [FXGL Launcher Thread     ] DEBUG FXGLInput            - Registered new binding: Open Selling Shop - 2
14:24:44.736 [FXGL Launcher Thread     ] DEBUG FXGLInput            - Registered new binding: Open Fuel Shop - 1
14:24:44.736 [FXGL Launcher Thread     ] DEBUG FXGLInput            - Registered new binding: Open Armour Repair - 3
14:24:44.761 [FXGL Launcher Thread     ] DEBUG GameScene            - Game scene initialized: 800.0x700.0
14:24:44.767 [FXGL Launcher Thread     ] DEBUG FXGLAssetLoader      - Service [AssetLoader] initialized: cacheSize=35
14:24:44.769 [FXGL Launcher Thread     ] DEBUG FXGLAssetLoader      - Loading from disk: /assets/sounds/system/notification.wav
14:24:44.803 [FXGL Launcher Thread     ] DEBUG FXGLAssetLoader      - Loading from disk: /assets/sounds/menu/select.wav
14:24:44.805 [FXGL Launcher Thread     ] DEBUG FXGLAssetLoader      - Loading from disk: /assets/sounds/menu/back.wav
14:24:44.807 [FXGL Launcher Thread     ] DEBUG FXGLAssetLoader      - Loading from disk: /assets/sounds/menu/press.wav
14:24:44.809 [FXGL Launcher Thread     ] DEBUG FXGLAssetLoader      - Loading from disk: /assets/ui/fonts/Copperplate_Gothic_Light_Regular.ttf
14:24:44.929 [FXGL Launcher Thread     ] DEBUG FXGLAssetLoader      - Loading from disk: /assets/ui/css/fxgl.css
14:24:44.929 [FXGL Launcher Thread     ] DEBUG FXGLAssetLoader      - Loading from disk: /assets/ui/icons/fxgl_icon.png
14:24:44.957 [FXGL Launcher Thread     ] DEBUG FXGLAssetLoader      - Loading from disk: /assets/ui/css/fxgl_dark.css
14:24:44.966 [FXGL Launcher Thread     ] DEBUG FXGLDisplay          - Target size: DoubleProperty [value: 800.0] x DoubleProperty [value: 700.0] @ 1.0
14:24:44.966 [FXGL Launcher Thread     ] DEBUG FXGLDisplay          - New size:    800.0 x 700.0 @ DoubleProperty [value: 1.0]
14:24:44.967 [FXGL Launcher Thread     ] DEBUG FXGLDisplay          - Service [Display] initialized
14:24:44.967 [FXGL Launcher Thread     ] DEBUG FXGLDisplay          - Using CSS: CSS(externalForm=jar:file:/C:/Users/Vic%20Spet/Documents/NetBeansProjects/MotherLoadProject/MotherLoad/lib/fxgl-0.2.9-uber.jar!/assets/ui/css/fxgl_dark.css)
14:24:44.967 [FXGL Launcher Thread     ] DEBUG InitScenesTask       - Injecting loadingScene & gameScene
14:24:44.986 [FXGL Launcher Thread     ] DEBUG FXGLMasterTimer      - Service [MasterTimer] initialized
14:24:44.988 [FXGL Launcher Thread     ] DEBUG FXGLAudioPlayer      - Service [AudioPlayer] initialized
14:24:44.995 [FXGL Launcher Thread     ] DEBUG InitProfilerTask     - Injecting profiler
14:24:44.995 [FXGL Launcher Thread     ] DEBUG GameApplication      - Starting new game
14:24:44.996 [FXGL Launcher Thread     ] DEBUG GameApplication      - Initializing App
14:24:44.998 [FXGL Launcher Thread     ] DEBUG FXGLInput            - Clearing active input actions
14:24:44.999 [FXGL Launcher Thread     ] DEBUG FXGLMasterTimer      - Stopping master timer
14:24:44.999 [FXGL Launcher Thread     ] DEBUG GameApplication      - State: STARTUP -> PAUSED
14:24:44.999 [FXGL Launcher Thread     ] DEBUG FXGLEventBus         - Firing event: FXGLEvent[type=PAUSE]
14:24:45.001 [FXGL Launcher Thread     ] DEBUG FXGLInput            - Clearing active input actions
14:24:45.001 [FXGL Launcher Thread     ] DEBUG FXGLMasterTimer      - Resetting ticks and clearing all actions
14:24:45.001 [FXGL Launcher Thread     ] DEBUG GameWorld            - Resetting game world
14:24:45.001 [FXGL Launcher Thread     ] TRACE EntityWorld          - Resetting entity world
14:24:45.002 [FXGL Launcher Thread     ] DEBUG PhysicsWorld         - Resetting physics world
14:24:45.002 [FXGL Launcher Thread     ] DEBUG GameScene            - Resetting game scene
14:24:45.002 [FXGL Launcher Thread     ] DEBUG FXGLEventBus         - Firing event: FXGLEvent[type=RESET]
14:24:45.053 [FXGL Launcher Thread     ] DEBUG GameApplication      - State: PAUSED -> LOADING
14:24:45.083 [FXGL Background Thread 1 ] DEBUG InitAppTask          - Initializing Assets
14:24:45.084 [FXGL Background Thread 1 ] DEBUG InitAppTask          - Initializing Game
14:24:45.085 [FXGL Background Thread 1 ] DEBUG FXGLAssetLoader      - Loading from disk: /assets/music/29 BONUS Horror.mp3
14:24:45.135 [JavaFX Application Thread] DEBUG FXGLDisplay          - Showing stage
14:24:45.136 [JavaFX Application Thread] DEBUG FXGLDisplay          - Root size: 800.0x700.0
14:24:45.136 [JavaFX Application Thread] DEBUG FXGLDisplay          - Scene size: 800.0x700.0
14:24:45.136 [JavaFX Application Thread] DEBUG FXGLDisplay          - Stage size: 818.0x747.0
14:24:45.142 [FXGL Background Thread 1 ] DEBUG FXGLAudioPlayer      - Playing music Music [balance=0.0, volume=1.0, rate=1.0, cycleCount=1]
14:24:45.162 [FXGL Background Thread 1 ] DEBUG FXGLAssetLoader      - Loading from disk: /assets/textures/fuelshop.png
14:24:45.175 [FXGL Background Thread 1 ] DEBUG FXGLAssetLoader      - Loading from disk: /assets/textures/oreshop.png
14:24:45.255 [FXGL Background Thread 1 ] DEBUG FXGLAssetLoader      - Loading from disk: /assets/textures/repairShop.png
14:24:45.281 [FXGL Background Thread 1 ] DEBUG FXGLAssetLoader      - Loading from disk: /assets/textures/upgrade.png
14:24:45.295 [FXGL Background Thread 1 ] DEBUG InitAppTask          - Initializing Physics
14:24:45.295 [FXGL Background Thread 1 ] DEBUG InitAppTask          - Initializing UI
14:24:45.297 [FXGL Background Thread 1 ] DEBUG GameScene            - Adding UI node: Text[text="Fuel Remaining: 1000", x=0.0, y=0.0, alignment=LEFT, origin=BASELINE, boundsType=LOGICAL, font=Font[name=Copperplate Gothic Light, family=Copperplate Gothic Light, style=Regular, size=20.0], fontSmoothingType=GRAY, fill=0x5f9ea0ff]
14:24:45.298 [FXGL Background Thread 1 ] DEBUG GameScene            - Adding UI node: Text[text="Armour Level: 10", x=0.0, y=0.0, alignment=LEFT, origin=BASELINE, boundsType=LOGICAL, font=Font[name=Copperplate Gothic Light, family=Copperplate Gothic Light, style=Regular, size=20.0], fontSmoothingType=GRAY, fill=0xdc143cff]
14:24:45.299 [FXGL Background Thread 1 ] DEBUG GameScene            - Adding UI node: Text[text="Credits: 100", x=0.0, y=0.0, alignment=LEFT, origin=BASELINE, boundsType=LOGICAL, font=Font[name=Copperplate Gothic Light, family=Copperplate Gothic Light, style=Regular, size=20.0], fontSmoothingType=GRAY, fill=0x00ff00ff]
14:24:45.299 [FXGL Background Thread 1 ] DEBUG InitAppTask          - Initialization Complete
14:24:45.301 [JavaFX Application Thread] DEBUG FXGLInput            - Clearing active input actions
14:24:45.301 [JavaFX Application Thread] DEBUG FXGLMasterTimer      - Starting master timer
14:24:45.301 [JavaFX Application Thread] DEBUG GameApplication      - State: LOADING -> PLAYING
14:24:45.305 [JavaFX Application Thread] DEBUG FXGLEventBus         - Firing event: FXGLEvent[type=RESUME]
14:24:45.311 [JavaFX Application Thread] DEBUG GameScene            - Entity added to scene
14:24:45.312 [JavaFX Application Thread] DEBUG GameScene            - Added MainViewComponent
14:24:45.314 [JavaFX Application Thread] DEBUG GameScene            - Creating render group for layer: TOP(2147483647)
14:24:45.317 [JavaFX Application Thread] DEBUG GameScene            - Entity added to scene
14:24:45.317 [JavaFX Application Thread] DEBUG GameScene            - Added MainViewComponent
14:24:45.318 [JavaFX Application Thread] DEBUG GameScene            - Entity added to scene
14:24:45.318 [JavaFX Application Thread] DEBUG GameScene            - Added MainViewComponent
14:24:45.319 [JavaFX Application Thread] DEBUG GameScene            - Entity added to scene
14:24:45.319 [JavaFX Application Thread] DEBUG GameScene            - Added MainViewComponent
14:24:45.319 [JavaFX Application Thread] DEBUG GameScene            - Entity added to scene
14:24:45.319 [JavaFX Application Thread] DEBUG GameScene            - Added MainViewComponent
14:24:45.364 [JavaFX Application Thread] DEBUG FXGLAssetLoader      - Loading from disk: /assets/textures/Ground1.png
14:24:45.366 [JavaFX Application Thread] DEBUG FXGLAssetLoader      - Loading from cache: /assets/textures/Ground1.png@64.0x64.0
14:24:45.367 [JavaFX Application Thread] DEBUG FXGLAssetLoader      - Loading from cache: /assets/textures/Ground1.png@64.0x64.0
14:24:45.368 [JavaFX Application Thread] DEBUG FXGLAssetLoader      - Loading from cache: /assets/textures/Ground1.png@64.0x64.0
14:24:45.368 [JavaFX Application Thread] DEBUG FXGLAssetLoader      - Loading from cache: /assets/textures/Ground1.png@64.0x64.0
14:24:45.369 [JavaFX Application Thread] DEBUG FXGLAssetLoader      - Loading from cache: /assets/textures/Ground1.png@64.0x64.0
14:24:45.369 [JavaFX Application Thread] DEBUG FXGLAssetLoader      - Loading from cache: /assets/textures/Ground1.png@64.0x64.0
14:24:45.369 [JavaFX Application Thread] DEBUG FXGLAssetLoader      - Loading from cache: /assets/textures/Ground1.png@64.0x64.0
14:24:45.370 [JavaFX Application Thread] DEBUG FXGLAssetLoader      - Loading from cache: /assets/textures/Ground1.png@64.0x64.0
14:24:45.370 [JavaFX Application Thread] DEBUG FXGLAssetLoader      - Loading from cache: /assets/textures/Ground1.png@64.0x64.0
14:24:45.371 [JavaFX Application Thread] DEBUG FXGLAssetLoader      - Loading from cache: /assets/textures/Ground1.png@64.0x64.0
14:24:45.371 [JavaFX Application Thread] DEBUG FXGLAssetLoader      - Loading from cache: /assets/textures/Ground1.png@64.0x64.0
14:24:45.372 [JavaFX Application Thread] DEBUG FXGLAssetLoader      - Loading from cache: /assets/textures/Ground1.png@64.0x64.0
14:24:45.372 [JavaFX Application Thread] DEBUG FXGLAssetLoader      - Loading from cache: /assets/textures/Ground1.png@64.0x64.0
14:24:45.373 [JavaFX Application Thread] DEBUG FXGLAssetLoader      - Loading from cache: /assets/textures/Ground1.png@64.0x64.0
14:24:45.373 [JavaFX Application Thread] DEBUG FXGLAssetLoader      - Loading from cache: /assets/textures/Ground1.png@64.0x64.0
14:24:45.374 [JavaFX Application Thread] DEBUG FXGLAssetLoader      - Loading from cache: /assets/textures/Ground1.png@64.0x64.0
14:24:45.375 [JavaFX Application Thread] DEBUG FXGLAssetLoader      - Loading from cache: /assets/textures/Ground1.png@64.0x64.0
14:24:45.375 [JavaFX Application Thread] DEBUG FXGLAssetLoader      - Loading from cache: /assets/textures/Ground1.png@64.0x64.0
14:24:45.376 [JavaFX Application Thread] DEBUG FXGLAssetLoader      - Loading from cache: /assets/textures/Ground1.png@64.0x64.0
14:24:45.376 [JavaFX Application Thread] DEBUG FXGLAssetLoader      - Loading from cache: /assets/textures/Ground1.png@64.0x64.0
14:24:45.377 [JavaFX Application Thread] DEBUG FXGLAssetLoader      - Loading from cache: /assets/textures/Ground1.png@64.0x64.0
14:24:45.377 [JavaFX Application Thread] DEBUG FXGLAssetLoader      - Loading from cache: /assets/textures/Ground1.png@64.0x64.0
14:24:45.378 [JavaFX Application Thread] DEBUG FXGLAssetLoader      - Loading from cache: /assets/textures/Ground1.png@64.0x64.0
14:24:45.378 [JavaFX Application Thread] DEBUG FXGLAssetLoader      - Loading from cache: /assets/textures/Ground1.png@64.0x64.0
14:24:45.379 [JavaFX Application Thread] DEBUG FXGLAssetLoader      - Loading from cache: /assets/textures/Ground1.png@64.0x64.0
14:24:45.379 [JavaFX Application Thread] DEBUG FXGLAssetLoader      - Loading from cache: /assets/textures/Ground1.png@64.0x64.0
14:24:45.379 [JavaFX Application Thread] DEBUG FXGLAssetLoader      - Loading from cache: /assets/textures/Ground1.png@64.0x64.0
14:24:45.380 [JavaFX Application Thread] DEBUG FXGLAssetLoader      - Loading from cache: /assets/textures/Ground1.png@64.0x64.0
14:24:45.380 [JavaFX Application Thread] DEBUG FXGLAssetLoader      - Loading from cache: /assets/textures/Ground1.png@64.0x64.0
14:24:45.380 [JavaFX Application Thread] DEBUG FXGLAssetLoader      - Loading from cache: /assets/textures/Ground1.png@64.0x64.0
14:24:45.381 [JavaFX Application Thread] DEBUG FXGLAssetLoader      - Loading from cache: /assets/textures/Ground1.png@64.0x64.0
14:24:45.382 [JavaFX Application Thread] DEBUG FXGLAssetLoader      - Loading from cache: /assets/textures/Ground1.png@64.0x64.0
14:24:45.382 [JavaFX Application Thread] DEBUG FXGLAssetLoader      - Loading from cache: /assets/textures/Ground1.png@64.0x64.0
14:24:45.383 [JavaFX Application Thread] DEBUG FXGLAssetLoader      - Loading from cache: /assets/textures/Ground1.png@64.0x64.0
14:24:45.383 [JavaFX Application Thread] DEBUG FXGLAssetLoader      - Loading from cache: /assets/textures/Ground1.png@64.0x64.0
14:24:45.384 [JavaFX Application Thread] DEBUG FXGLAssetLoader      - Loading from cache: /assets/textures/Ground1.png@64.0x64.0
14:24:45.384 [JavaFX Application Thread] DEBUG FXGLAssetLoader      - Loading from cache: /assets/textures/Ground1.png@64.0x64.0
14:24:45.384 [JavaFX Application Thread] DEBUG FXGLAssetLoader      - Loading from cache: /assets/textures/Ground1.png@64.0x64.0
14:24:45.385 [JavaFX Application Thread] DEBUG FXGLAssetLoader      - Loading from cache: /assets/textures/Ground1.png@64.0x64.0
14:24:45.385 [JavaFX Application Thread] DEBUG FXGLAssetLoader      - Loading from cache: /assets/textures/Ground1.png@64.0x64.0
14:24:45.385 [JavaFX Application Thread] DEBUG FXGLAssetLoader      - Loading from cache: /assets/textures/Ground1.png@64.0x64.0
14:24:45.386 [JavaFX Application Thread] DEBUG FXGLAssetLoader      - Loading from cache: /assets/textures/Ground1.png@64.0x64.0
14:24:45.386 [JavaFX Application Thread] DEBUG FXGLAssetLoader      - Loading from cache: /assets/textures/Ground1.png@64.0x64.0
14:24:45.387 [JavaFX Application Thread] DEBUG FXGLAssetLoader      - Loading from cache: /assets/textures/Ground1.png@64.0x64.0
14:24:45.405 [JavaFX Application Thread] DEBUG GameScene            - Entity added to scene
14:24:45.405 [JavaFX Application Thread] DEBUG GameScene            - Added MainViewComponent
14:24:45.406 [JavaFX Application Thread] DEBUG GameScene            - Entity added to scene
14:24:45.406 [JavaFX Application Thread] DEBUG GameScene            - Added MainViewComponent
14:24:45.406 [JavaFX Application Thread] DEBUG GameScene            - Entity added to scene
14:24:45.406 [JavaFX Application Thread] DEBUG GameScene            - Added MainViewComponent
14:24:45.407 [JavaFX Application Thread] DEBUG GameScene            - Entity added to scene
14:24:45.407 [JavaFX Application Thread] DEBUG GameScene            - Added MainViewComponent
14:24:45.407 [JavaFX Application Thread] DEBUG GameScene            - Entity added to scene
14:24:45.407 [JavaFX Application Thread] DEBUG GameScene            - Added MainViewComponent
14:24:45.407 [JavaFX Application Thread] DEBUG GameScene            - Entity added to scene
14:24:45.407 [JavaFX Application Thread] DEBUG GameScene            - Added MainViewComponent
14:24:45.408 [JavaFX Application Thread] DEBUG GameScene            - Entity added to scene
14:24:45.408 [JavaFX Application Thread] DEBUG GameScene            - Added MainViewComponent
14:24:45.408 [JavaFX Application Thread] DEBUG GameScene            - Entity added to scene
14:24:45.408 [JavaFX Application Thread] DEBUG GameScene            - Added MainViewComponent
14:24:45.408 [JavaFX Application Thread] DEBUG GameScene            - Entity added to scene
14:24:45.408 [JavaFX Application Thread] DEBUG GameScene            - Added MainViewComponent
14:24:45.409 [JavaFX Application Thread] DEBUG GameScene            - Entity added to scene
14:24:45.409 [JavaFX Application Thread] DEBUG GameScene            - Added MainViewComponent
14:24:45.409 [JavaFX Application Thread] DEBUG GameScene            - Entity added to scene
14:24:45.409 [JavaFX Application Thread] DEBUG GameScene            - Added MainViewComponent
14:24:45.409 [JavaFX Application Thread] DEBUG GameScene            - Entity added to scene
14:24:45.409 [JavaFX Application Thread] DEBUG GameScene            - Added MainViewComponent
14:24:45.410 [JavaFX Application Thread] DEBUG GameScene            - Entity added to scene
14:24:45.410 [JavaFX Application Thread] DEBUG GameScene            - Added MainViewComponent
14:24:45.410 [JavaFX Application Thread] DEBUG GameScene            - Entity added to scene
14:24:45.410 [JavaFX Application Thread] DEBUG GameScene            - Added MainViewComponent
14:24:45.410 [JavaFX Application Thread] DEBUG GameScene            - Entity added to scene
14:24:45.410 [JavaFX Application Thread] DEBUG GameScene            - Added MainViewComponent
14:24:45.411 [JavaFX Application Thread] DEBUG GameScene            - Entity added to scene
14:24:45.411 [JavaFX Application Thread] DEBUG GameScene            - Added MainViewComponent
14:24:45.411 [JavaFX Application Thread] DEBUG GameScene            - Entity added to scene
14:24:45.411 [JavaFX Application Thread] DEBUG GameScene            - Added MainViewComponent
14:24:45.411 [JavaFX Application Thread] DEBUG GameScene            - Entity added to scene
14:24:45.411 [JavaFX Application Thread] DEBUG GameScene            - Added MainViewComponent
14:24:45.412 [JavaFX Application Thread] DEBUG GameScene            - Entity added to scene
14:24:45.412 [JavaFX Application Thread] DEBUG GameScene            - Added MainViewComponent
14:24:45.412 [JavaFX Application Thread] DEBUG GameScene            - Entity added to scene
14:24:45.412 [JavaFX Application Thread] DEBUG GameScene            - Added MainViewComponent
14:24:45.412 [JavaFX Application Thread] DEBUG GameScene            - Entity added to scene
14:24:45.412 [JavaFX Application Thread] DEBUG GameScene            - Added MainViewComponent
14:24:45.413 [JavaFX Application Thread] DEBUG GameScene            - Entity added to scene
14:24:45.413 [JavaFX Application Thread] DEBUG GameScene            - Added MainViewComponent
14:24:45.413 [JavaFX Application Thread] DEBUG GameScene            - Entity added to scene
14:24:45.413 [JavaFX Application Thread] DEBUG GameScene            - Added MainViewComponent
14:24:45.413 [JavaFX Application Thread] DEBUG GameScene            - Entity added to scene
14:24:45.414 [JavaFX Application Thread] DEBUG GameScene            - Added MainViewComponent
14:24:45.414 [JavaFX Application Thread] DEBUG GameScene            - Entity added to scene
14:24:45.414 [JavaFX Application Thread] DEBUG GameScene            - Added MainViewComponent
14:24:45.414 [JavaFX Application Thread] DEBUG GameScene            - Entity added to scene
14:24:45.414 [JavaFX Application Thread] DEBUG GameScene            - Added MainViewComponent
14:24:45.415 [JavaFX Application Thread] DEBUG GameScene            - Entity added to scene
14:24:45.415 [JavaFX Application Thread] DEBUG GameScene            - Added MainViewComponent
14:24:45.416 [JavaFX Application Thread] DEBUG GameScene            - Entity added to scene
14:24:45.416 [JavaFX Application Thread] DEBUG GameScene            - Added MainViewComponent
14:24:45.416 [JavaFX Application Thread] DEBUG GameScene            - Entity added to scene
14:24:45.416 [JavaFX Application Thread] DEBUG GameScene            - Added MainViewComponent
14:24:45.416 [JavaFX Application Thread] DEBUG GameScene            - Entity added to scene
14:24:45.416 [JavaFX Application Thread] DEBUG GameScene            - Added MainViewComponent
14:24:45.417 [JavaFX Application Thread] DEBUG GameScene            - Entity added to scene
14:24:45.417 [JavaFX Application Thread] DEBUG GameScene            - Added MainViewComponent
14:24:45.417 [JavaFX Application Thread] DEBUG GameScene            - Entity added to scene
14:24:45.417 [JavaFX Application Thread] DEBUG GameScene            - Added MainViewComponent
14:24:45.417 [JavaFX Application Thread] DEBUG GameScene            - Entity added to scene
14:24:45.417 [JavaFX Application Thread] DEBUG GameScene            - Added MainViewComponent
14:24:45.418 [JavaFX Application Thread] DEBUG GameScene            - Entity added to scene
14:24:45.418 [JavaFX Application Thread] DEBUG GameScene            - Added MainViewComponent
14:24:45.418 [JavaFX Application Thread] DEBUG GameScene            - Entity added to scene
14:24:45.418 [JavaFX Application Thread] DEBUG GameScene            - Added MainViewComponent
14:24:45.418 [JavaFX Application Thread] DEBUG GameScene            - Entity added to scene
14:24:45.418 [JavaFX Application Thread] DEBUG GameScene            - Added MainViewComponent
14:24:45.419 [JavaFX Application Thread] DEBUG GameScene            - Entity added to scene
14:24:45.419 [JavaFX Application Thread] DEBUG GameScene            - Added MainViewComponent
14:24:45.419 [JavaFX Application Thread] DEBUG GameScene            - Entity added to scene
14:24:45.419 [JavaFX Application Thread] DEBUG GameScene            - Added MainViewComponent
14:24:45.419 [JavaFX Application Thread] DEBUG GameScene            - Entity added to scene
14:24:45.419 [JavaFX Application Thread] DEBUG GameScene            - Added MainViewComponent
14:24:45.419 [JavaFX Application Thread] DEBUG GameScene            - Entity added to scene
14:24:45.419 [JavaFX Application Thread] DEBUG GameScene            - Added MainViewComponent
14:24:45.420 [JavaFX Application Thread] DEBUG GameScene            - Entity added to scene
14:24:45.420 [JavaFX Application Thread] DEBUG GameScene            - Added MainViewComponent
14:24:45.420 [JavaFX Application Thread] DEBUG GameScene            - Entity added to scene
14:24:45.420 [JavaFX Application Thread] DEBUG GameScene            - Added MainViewComponent
14:24:45.420 [JavaFX Application Thread] DEBUG GameScene            - Entity added to scene
14:24:45.420 [JavaFX Application Thread] DEBUG GameScene            - Added MainViewComponent
14:24:45.421 [JavaFX Application Thread] DEBUG GameScene            - Entity added to scene
14:24:45.421 [JavaFX Application Thread] DEBUG GameScene            - Added MainViewComponent
14:24:45.421 [JavaFX Application Thread] DEBUG GameScene            - Entity added to scene
14:24:45.421 [JavaFX Application Thread] DEBUG GameScene            - Added MainViewComponent
14:24:45.589 [JavaFX Application Thread] DEBUG GameScene            - Adding UI node: InGameWindow@73880dd0[styleClass=window]
14:24:45.725 [JavaFX Application Thread] DEBUG FXGLAssetLoader      - Loading from cache: /assets/textures/Ground1.png@64.0x64.0
14:24:45.726 [JavaFX Application Thread] DEBUG FXGLAssetLoader      - Loading from cache: /assets/textures/Ground1.png@64.0x64.0
14:24:45.726 [JavaFX Application Thread] DEBUG FXGLAssetLoader      - Loading from cache: /assets/textures/Ground1.png@64.0x64.0
14:24:45.727 [JavaFX Application Thread] DEBUG FXGLAssetLoader      - Loading from cache: /assets/textures/Ground1.png@64.0x64.0
14:24:45.727 [JavaFX Application Thread] DEBUG FXGLAssetLoader      - Loading from cache: /assets/textures/Ground1.png@64.0x64.0
14:24:45.727 [JavaFX Application Thread] DEBUG FXGLAssetLoader      - Loading from cache: /assets/textures/Ground1.png@64.0x64.0
14:24:45.728 [JavaFX Application Thread] DEBUG FXGLAssetLoader      - Loading from cache: /assets/textures/Ground1.png@64.0x64.0
14:24:45.728 [JavaFX Application Thread] DEBUG FXGLAssetLoader      - Loading from cache: /assets/textures/Ground1.png@64.0x64.0
14:24:45.728 [JavaFX Application Thread] DEBUG FXGLAssetLoader      - Loading from cache: /assets/textures/Ground1.png@64.0x64.0
14:24:45.729 [JavaFX Application Thread] DEBUG FXGLAssetLoader      - Loading from cache: /assets/textures/Ground1.png@64.0x64.0
14:24:45.729 [JavaFX Application Thread] DEBUG FXGLAssetLoader      - Loading from cache: /assets/textures/Ground1.png@64.0x64.0
14:24:45.729 [JavaFX Application Thread] DEBUG FXGLAssetLoader      - Loading from cache: /assets/textures/Ground1.png@64.0x64.0
14:24:45.729 [JavaFX Application Thread] DEBUG FXGLAssetLoader      - Loading from cache: /assets/textures/Ground1.png@64.0x64.0
14:24:45.730 [JavaFX Application Thread] DEBUG FXGLAssetLoader      - Loading from cache: /assets/textures/Ground1.png@64.0x64.0
14:24:45.730 [JavaFX Application Thread] DEBUG FXGLAssetLoader      - Loading from cache: /assets/textures/Ground1.png@64.0x64.0
14:24:45.741 [JavaFX Application Thread] DEBUG GameScene            - Entity added to scene
14:24:45.742 [JavaFX Application Thread] DEBUG GameScene            - Added MainViewComponent
14:24:45.742 [JavaFX Application Thread] DEBUG GameScene            - Entity added to scene
14:24:45.742 [JavaFX Application Thread] DEBUG GameScene            - Added MainViewComponent
14:24:45.742 [JavaFX Application Thread] DEBUG GameScene            - Entity added to scene
14:24:45.742 [JavaFX Application Thread] DEBUG GameScene            - Added MainViewComponent
14:24:45.742 [JavaFX Application Thread] DEBUG GameScene            - Entity added to scene
14:24:45.743 [JavaFX Application Thread] DEBUG GameScene            - Added MainViewComponent
14:24:45.743 [JavaFX Application Thread] DEBUG GameScene            - Entity added to scene
14:24:45.743 [JavaFX Application Thread] DEBUG GameScene            - Added MainViewComponent
14:24:45.743 [JavaFX Application Thread] DEBUG GameScene            - Entity added to scene
14:24:45.743 [JavaFX Application Thread] DEBUG GameScene            - Added MainViewComponent
14:24:45.743 [JavaFX Application Thread] DEBUG GameScene            - Entity added to scene
14:24:45.743 [JavaFX Application Thread] DEBUG GameScene            - Added MainViewComponent
14:24:45.743 [JavaFX Application Thread] DEBUG GameScene            - Entity added to scene
14:24:45.743 [JavaFX Application Thread] DEBUG GameScene            - Added MainViewComponent
14:24:45.743 [JavaFX Application Thread] DEBUG GameScene            - Entity added to scene
14:24:45.743 [JavaFX Application Thread] DEBUG GameScene            - Added MainViewComponent
14:24:45.744 [JavaFX Application Thread] DEBUG GameScene            - Entity added to scene
14:24:45.744 [JavaFX Application Thread] DEBUG GameScene            - Added MainViewComponent
14:24:45.744 [JavaFX Application Thread] DEBUG GameScene            - Entity added to scene
14:24:45.744 [JavaFX Application Thread] DEBUG GameScene            - Added MainViewComponent
14:24:45.744 [JavaFX Application Thread] DEBUG GameScene            - Entity added to scene
14:24:45.744 [JavaFX Application Thread] DEBUG GameScene            - Added MainViewComponent
14:24:45.744 [JavaFX Application Thread] DEBUG GameScene            - Entity added to scene
14:24:45.744 [JavaFX Application Thread] DEBUG GameScene            - Added MainViewComponent
14:24:45.744 [JavaFX Application Thread] DEBUG GameScene            - Entity added to scene
14:24:45.744 [JavaFX Application Thread] DEBUG GameScene            - Added MainViewComponent
14:24:45.744 [JavaFX Application Thread] DEBUG GameScene            - Entity added to scene
14:24:45.744 [JavaFX Application Thread] DEBUG GameScene            - Added MainViewComponent
14:24:46.253 [JavaFX Application Thread] DEBUG FXGLAssetLoader      - Loading from cache: /assets/textures/Ground1.png@64.0x64.0
14:24:46.254 [JavaFX Application Thread] DEBUG FXGLAssetLoader      - Loading from cache: /assets/textures/Ground1.png@64.0x64.0
14:24:46.254 [JavaFX Application Thread] DEBUG FXGLAssetLoader      - Loading from cache: /assets/textures/Ground1.png@64.0x64.0
14:24:46.254 [JavaFX Application Thread] DEBUG FXGLAssetLoader      - Loading from cache: /assets/textures/Ground1.png@64.0x64.0
14:24:46.255 [JavaFX Application Thread] DEBUG FXGLAssetLoader      - Loading from cache: /assets/textures/Ground1.png@64.0x64.0
14:24:46.255 [JavaFX Application Thread] DEBUG FXGLAssetLoader      - Loading from cache: /assets/textures/Ground1.png@64.0x64.0
14:24:46.256 [JavaFX Application Thread] DEBUG FXGLAssetLoader      - Loading from cache: /assets/textures/Ground1.png@64.0x64.0
14:24:46.256 [JavaFX Application Thread] DEBUG FXGLAssetLoader      - Loading from cache: /assets/textures/Ground1.png@64.0x64.0
14:24:46.256 [JavaFX Application Thread] DEBUG FXGLAssetLoader      - Loading from cache: /assets/textures/Ground1.png@64.0x64.0
14:24:46.256 [JavaFX Application Thread] DEBUG FXGLAssetLoader      - Loading from cache: /assets/textures/Ground1.png@64.0x64.0
14:24:46.257 [JavaFX Application Thread] DEBUG FXGLAssetLoader      - Loading from cache: /assets/textures/Ground1.png@64.0x64.0
14:24:46.257 [JavaFX Application Thread] DEBUG FXGLAssetLoader      - Loading from cache: /assets/textures/Ground1.png@64.0x64.0
14:24:46.257 [JavaFX Application Thread] DEBUG FXGLAssetLoader      - Loading from cache: /assets/textures/Ground1.png@64.0x64.0
14:24:46.257 [JavaFX Application Thread] DEBUG FXGLAssetLoader      - Loading from cache: /assets/textures/Ground1.png@64.0x64.0
14:24:46.258 [JavaFX Application Thread] DEBUG FXGLAssetLoader      - Loading from cache: /assets/textures/Ground1.png@64.0x64.0
14:24:46.270 [JavaFX Application Thread] DEBUG GameScene            - Entity added to scene
14:24:46.270 [JavaFX Application Thread] DEBUG GameScene            - Added MainViewComponent
14:24:46.270 [JavaFX Application Thread] DEBUG GameScene            - Entity added to scene
14:24:46.270 [JavaFX Application Thread] DEBUG GameScene            - Added MainViewComponent
14:24:46.270 [JavaFX Application Thread] DEBUG GameScene            - Entity added to scene
14:24:46.270 [JavaFX Application Thread] DEBUG GameScene            - Added MainViewComponent
14:24:46.271 [JavaFX Application Thread] DEBUG GameScene            - Entity added to scene
14:24:46.271 [JavaFX Application Thread] DEBUG GameScene            - Added MainViewComponent
14:24:46.271 [JavaFX Application Thread] DEBUG GameScene            - Entity added to scene
14:24:46.271 [JavaFX Application Thread] DEBUG GameScene            - Added MainViewComponent
14:24:46.271 [JavaFX Application Thread] DEBUG GameScene            - Entity added to scene
14:24:46.271 [JavaFX Application Thread] DEBUG GameScene            - Added MainViewComponent
14:24:46.271 [JavaFX Application Thread] DEBUG GameScene            - Entity added to scene
14:24:46.271 [JavaFX Application Thread] DEBUG GameScene            - Added MainViewComponent
14:24:46.271 [JavaFX Application Thread] DEBUG GameScene            - Entity added to scene
14:24:46.271 [JavaFX Application Thread] DEBUG GameScene            - Added MainViewComponent
14:24:46.271 [JavaFX Application Thread] DEBUG GameScene            - Entity added to scene
14:24:46.271 [JavaFX Application Thread] DEBUG GameScene            - Added MainViewComponent
14:24:46.272 [JavaFX Application Thread] DEBUG GameScene            - Entity added to scene
14:24:46.272 [JavaFX Application Thread] DEBUG GameScene            - Added MainViewComponent
14:24:46.272 [JavaFX Application Thread] DEBUG GameScene            - Entity added to scene
14:24:46.272 [JavaFX Application Thread] DEBUG GameScene            - Added MainViewComponent
14:24:46.272 [JavaFX Application Thread] DEBUG GameScene            - Entity added to scene
14:24:46.272 [JavaFX Application Thread] DEBUG GameScene            - Added MainViewComponent
14:24:46.272 [JavaFX Application Thread] DEBUG GameScene            - Entity added to scene
14:24:46.272 [JavaFX Application Thread] DEBUG GameScene            - Added MainViewComponent
14:24:46.272 [JavaFX Application Thread] DEBUG GameScene            - Entity added to scene
14:24:46.272 [JavaFX Application Thread] DEBUG GameScene            - Added MainViewComponent
14:24:46.273 [JavaFX Application Thread] DEBUG GameScene            - Entity added to scene
14:24:46.273 [JavaFX Application Thread] DEBUG GameScene            - Added MainViewComponent
14:24:46.558 [JavaFX Application Thread] DEBUG FXGLAssetLoader      - Loading from cache: /assets/textures/Ground1.png@64.0x64.0
14:24:46.558 [JavaFX Application Thread] DEBUG FXGLAssetLoader      - Loading from cache: /assets/textures/Ground1.png@64.0x64.0
14:24:46.558 [JavaFX Application Thread] DEBUG FXGLAssetLoader      - Loading from cache: /assets/textures/Ground1.png@64.0x64.0
14:24:46.559 [JavaFX Application Thread] DEBUG FXGLAssetLoader      - Loading from cache: /assets/textures/Ground1.png@64.0x64.0
14:24:46.559 [JavaFX Application Thread] DEBUG FXGLAssetLoader      - Loading from cache: /assets/textures/Ground1.png@64.0x64.0
14:24:46.559 [JavaFX Application Thread] DEBUG FXGLAssetLoader      - Loading from cache: /assets/textures/Ground1.png@64.0x64.0
14:24:46.560 [JavaFX Application Thread] DEBUG FXGLAssetLoader      - Loading from cache: /assets/textures/Ground1.png@64.0x64.0
14:24:46.560 [JavaFX Application Thread] DEBUG FXGLAssetLoader      - Loading from cache: /assets/textures/Ground1.png@64.0x64.0
14:24:46.560 [JavaFX Application Thread] DEBUG FXGLAssetLoader      - Loading from cache: /assets/textures/Ground1.png@64.0x64.0
14:24:46.560 [JavaFX Application Thread] DEBUG FXGLAssetLoader      - Loading from cache: /assets/textures/Ground1.png@64.0x64.0
14:24:46.561 [JavaFX Application Thread] DEBUG FXGLAssetLoader      - Loading from cache: /assets/textures/Ground1.png@64.0x64.0
14:24:46.561 [JavaFX Application Thread] DEBUG FXGLAssetLoader      - Loading from cache: /assets/textures/Ground1.png@64.0x64.0
14:24:46.561 [JavaFX Application Thread] DEBUG FXGLAssetLoader      - Loading from cache: /assets/textures/Ground1.png@64.0x64.0
14:24:46.561 [JavaFX Application Thread] DEBUG FXGLAssetLoader      - Loading from cache: /assets/textures/Ground1.png@64.0x64.0
14:24:46.561 [JavaFX Application Thread] DEBUG FXGLAssetLoader      - Loading from cache: /assets/textures/Ground1.png@64.0x64.0
14:24:46.574 [JavaFX Application Thread] DEBUG GameScene            - Entity added to scene
14:24:46.574 [JavaFX Application Thread] DEBUG GameScene            - Added MainViewComponent
14:24:46.574 [JavaFX Application Thread] DEBUG GameScene            - Entity added to scene
14:24:46.574 [JavaFX Application Thread] DEBUG GameScene            - Added MainViewComponent
14:24:46.574 [JavaFX Application Thread] DEBUG GameScene            - Entity added to scene
14:24:46.574 [JavaFX Application Thread] DEBUG GameScene            - Added MainViewComponent
14:24:46.574 [JavaFX Application Thread] DEBUG GameScene            - Entity added to scene
14:24:46.574 [JavaFX Application Thread] DEBUG GameScene            - Added MainViewComponent
14:24:46.575 [JavaFX Application Thread] DEBUG GameScene            - Entity added to scene
14:24:46.575 [JavaFX Application Thread] DEBUG GameScene            - Added MainViewComponent
14:24:46.575 [JavaFX Application Thread] DEBUG GameScene            - Entity added to scene
14:24:46.575 [JavaFX Application Thread] DEBUG GameScene            - Added MainViewComponent
14:24:46.575 [JavaFX Application Thread] DEBUG GameScene            - Entity added to scene
14:24:46.575 [JavaFX Application Thread] DEBUG GameScene            - Added MainViewComponent
14:24:46.575 [JavaFX Application Thread] DEBUG GameScene            - Entity added to scene
14:24:46.575 [JavaFX Application Thread] DEBUG GameScene            - Added MainViewComponent
14:24:46.575 [JavaFX Application Thread] DEBUG GameScene            - Entity added to scene
14:24:46.575 [JavaFX Application Thread] DEBUG GameScene            - Added MainViewComponent
14:24:46.575 [JavaFX Application Thread] DEBUG GameScene            - Entity added to scene
14:24:46.575 [JavaFX Application Thread] DEBUG GameScene            - Added MainViewComponent
14:24:46.576 [JavaFX Application Thread] DEBUG GameScene            - Entity added to scene
14:24:46.576 [JavaFX Application Thread] DEBUG GameScene            - Added MainViewComponent
14:24:46.576 [JavaFX Application Thread] DEBUG GameScene            - Entity added to scene
14:24:46.576 [JavaFX Application Thread] DEBUG GameScene            - Added MainViewComponent
14:24:46.576 [JavaFX Application Thread] DEBUG GameScene            - Entity added to scene
14:24:46.576 [JavaFX Application Thread] DEBUG GameScene            - Added MainViewComponent
14:24:46.577 [JavaFX Application Thread] DEBUG GameScene            - Entity added to scene
14:24:46.577 [JavaFX Application Thread] DEBUG GameScene            - Added MainViewComponent
14:24:46.577 [JavaFX Application Thread] DEBUG GameScene            - Entity added to scene
14:24:46.577 [JavaFX Application Thread] DEBUG GameScene            - Added MainViewComponent
14:24:46.798 [JavaFX Application Thread] DEBUG FXGLAssetLoader      - Loading from cache: /assets/textures/Ground1.png@64.0x64.0
14:24:46.798 [JavaFX Application Thread] DEBUG FXGLAssetLoader      - Loading from cache: /assets/textures/Ground1.png@64.0x64.0
14:24:46.799 [JavaFX Application Thread] DEBUG FXGLAssetLoader      - Loading from cache: /assets/textures/Ground1.png@64.0x64.0
14:24:46.800 [JavaFX Application Thread] DEBUG FXGLAssetLoader      - Loading from cache: /assets/textures/Ground1.png@64.0x64.0
14:24:46.800 [JavaFX Application Thread] DEBUG FXGLAssetLoader      - Loading from cache: /assets/textures/Ground1.png@64.0x64.0
14:24:46.800 [JavaFX Application Thread] DEBUG FXGLAssetLoader      - Loading from cache: /assets/textures/Ground1.png@64.0x64.0
14:24:46.801 [JavaFX Application Thread] DEBUG FXGLAssetLoader      - Loading from cache: /assets/textures/Ground1.png@64.0x64.0
14:24:46.801 [JavaFX Application Thread] DEBUG FXGLAssetLoader      - Loading from cache: /assets/textures/Ground1.png@64.0x64.0
14:24:46.802 [JavaFX Application Thread] DEBUG FXGLAssetLoader      - Loading from cache: /assets/textures/Ground1.png@64.0x64.0
14:24:46.802 [JavaFX Application Thread] DEBUG FXGLAssetLoader      - Loading from cache: /assets/textures/Ground1.png@64.0x64.0
14:24:46.802 [JavaFX Application Thread] DEBUG FXGLAssetLoader      - Loading from cache: /assets/textures/Ground1.png@64.0x64.0
14:24:46.803 [JavaFX Application Thread] DEBUG FXGLAssetLoader      - Loading from cache: /assets/textures/Ground1.png@64.0x64.0
14:24:46.803 [JavaFX Application Thread] DEBUG FXGLAssetLoader      - Loading from cache: /assets/textures/Ground1.png@64.0x64.0
14:24:46.803 [JavaFX Application Thread] DEBUG FXGLAssetLoader      - Loading from cache: /assets/textures/Ground1.png@64.0x64.0
14:24:46.803 [JavaFX Application Thread] DEBUG FXGLAssetLoader      - Loading from cache: /assets/textures/Ground1.png@64.0x64.0
14:24:46.813 [JavaFX Application Thread] DEBUG GameScene            - Entity added to scene
14:24:46.813 [JavaFX Application Thread] DEBUG GameScene            - Added MainViewComponent
14:24:46.813 [JavaFX Application Thread] DEBUG GameScene            - Entity added to scene
14:24:46.813 [JavaFX Application Thread] DEBUG GameScene            - Added MainViewComponent
14:24:46.814 [JavaFX Application Thread] DEBUG GameScene            - Entity added to scene
14:24:46.814 [JavaFX Application Thread] DEBUG GameScene            - Added MainViewComponent
14:24:46.814 [JavaFX Application Thread] DEBUG GameScene            - Entity added to scene
14:24:46.814 [JavaFX Application Thread] DEBUG GameScene            - Added MainViewComponent
14:24:46.814 [JavaFX Application Thread] DEBUG GameScene            - Entity added to scene
14:24:46.814 [JavaFX Application Thread] DEBUG GameScene            - Added MainViewComponent
14:24:46.815 [JavaFX Application Thread] DEBUG GameScene            - Entity added to scene
14:24:46.815 [JavaFX Application Thread] DEBUG GameScene            - Added MainViewComponent
14:24:46.815 [JavaFX Application Thread] DEBUG GameScene            - Entity added to scene
14:24:46.815 [JavaFX Application Thread] DEBUG GameScene            - Added MainViewComponent
14:24:46.816 [JavaFX Application Thread] DEBUG GameScene            - Entity added to scene
14:24:46.816 [JavaFX Application Thread] DEBUG GameScene            - Added MainViewComponent
14:24:46.816 [JavaFX Application Thread] DEBUG GameScene            - Entity added to scene
14:24:46.816 [JavaFX Application Thread] DEBUG GameScene            - Added MainViewComponent
14:24:46.816 [JavaFX Application Thread] DEBUG GameScene            - Entity added to scene
14:24:46.816 [JavaFX Application Thread] DEBUG GameScene            - Added MainViewComponent
14:24:46.816 [JavaFX Application Thread] DEBUG GameScene            - Entity added to scene
14:24:46.817 [JavaFX Application Thread] DEBUG GameScene            - Added MainViewComponent
14:24:46.817 [JavaFX Application Thread] DEBUG GameScene            - Entity added to scene
14:24:46.817 [JavaFX Application Thread] DEBUG GameScene            - Added MainViewComponent
14:24:46.817 [JavaFX Application Thread] DEBUG GameScene            - Entity added to scene
14:24:46.817 [JavaFX Application Thread] DEBUG GameScene            - Added MainViewComponent
14:24:46.817 [JavaFX Application Thread] DEBUG GameScene            - Entity added to scene
14:24:46.817 [JavaFX Application Thread] DEBUG GameScene            - Added MainViewComponent
14:24:46.817 [JavaFX Application Thread] DEBUG GameScene            - Entity added to scene
14:24:46.817 [JavaFX Application Thread] DEBUG GameScene            - Added MainViewComponent
14:24:46.942 [JavaFX Application Thread] DEBUG FXGLAssetLoader      - Loading from disk: /assets/sounds/Dig.wav
14:24:46.946 [JavaFX Application Thread] DEBUG FXGLAssetLoader      - Loading from cache: /assets/textures/Ground1.png@64.0x64.0
14:24:46.946 [JavaFX Application Thread] DEBUG FXGLAssetLoader      - Loading from cache: /assets/textures/Ground1.png@64.0x64.0
14:24:46.946 [JavaFX Application Thread] DEBUG FXGLAssetLoader      - Loading from cache: /assets/textures/Ground1.png@64.0x64.0
14:24:46.947 [JavaFX Application Thread] DEBUG FXGLAssetLoader      - Loading from cache: /assets/textures/Ground1.png@64.0x64.0
14:24:46.947 [JavaFX Application Thread] DEBUG FXGLAssetLoader      - Loading from cache: /assets/textures/Ground1.png@64.0x64.0
14:24:46.947 [JavaFX Application Thread] DEBUG FXGLAssetLoader      - Loading from cache: /assets/textures/Ground1.png@64.0x64.0
14:24:46.947 [JavaFX Application Thread] DEBUG FXGLAssetLoader      - Loading from cache: /assets/textures/Ground1.png@64.0x64.0
14:24:46.957 [JavaFX Application Thread] DEBUG GameScene            - Entity added to scene
14:24:46.957 [JavaFX Application Thread] DEBUG GameScene            - Added MainViewComponent
14:24:46.958 [JavaFX Application Thread] DEBUG GameScene            - Entity added to scene
14:24:46.958 [JavaFX Application Thread] DEBUG GameScene            - Added MainViewComponent
14:24:46.958 [JavaFX Application Thread] DEBUG GameScene            - Entity added to scene
14:24:46.958 [JavaFX Application Thread] DEBUG GameScene            - Added MainViewComponent
14:24:46.958 [JavaFX Application Thread] DEBUG GameScene            - Entity added to scene
14:24:46.958 [JavaFX Application Thread] DEBUG GameScene            - Added MainViewComponent
14:24:46.958 [JavaFX Application Thread] DEBUG GameScene            - Entity added to scene
14:24:46.958 [JavaFX Application Thread] DEBUG GameScene            - Added MainViewComponent
14:24:46.958 [JavaFX Application Thread] DEBUG GameScene            - Entity added to scene
14:24:46.958 [JavaFX Application Thread] DEBUG GameScene            - Added MainViewComponent
14:24:46.958 [JavaFX Application Thread] DEBUG GameScene            - Entity added to scene
14:24:46.958 [JavaFX Application Thread] DEBUG GameScene            - Added MainViewComponent
14:24:46.959 [JavaFX Application Thread] DEBUG GameScene            - Entity removed from scene
14:24:46.959 [JavaFX Application Thread] DEBUG GameScene            - Removed MainViewComponent
14:24:47.246 [JavaFX Application Thread] DEBUG FXGLAssetLoader      - Loading from cache: /assets/textures/Ground1.png@64.0x64.0
14:24:47.246 [JavaFX Application Thread] DEBUG FXGLAssetLoader      - Loading from cache: /assets/textures/Ground1.png@64.0x64.0
14:24:47.247 [JavaFX Application Thread] DEBUG FXGLAssetLoader      - Loading from cache: /assets/textures/Ground1.png@64.0x64.0
14:24:47.247 [JavaFX Application Thread] DEBUG FXGLAssetLoader      - Loading from cache: /assets/textures/Ground1.png@64.0x64.0
14:24:47.247 [JavaFX Application Thread] DEBUG FXGLAssetLoader      - Loading from cache: /assets/textures/Ground1.png@64.0x64.0
14:24:47.248 [JavaFX Application Thread] DEBUG FXGLAssetLoader      - Loading from cache: /assets/textures/Ground1.png@64.0x64.0
14:24:47.248 [JavaFX Application Thread] DEBUG FXGLAssetLoader      - Loading from cache: /assets/textures/Ground1.png@64.0x64.0
14:24:47.248 [JavaFX Application Thread] DEBUG FXGLAssetLoader      - Loading from cache: /assets/textures/Ground1.png@64.0x64.0
14:24:47.249 [JavaFX Application Thread] DEBUG FXGLAssetLoader      - Loading from cache: /assets/textures/Ground1.png@64.0x64.0
14:24:47.249 [JavaFX Application Thread] DEBUG FXGLAssetLoader      - Loading from cache: /assets/textures/Ground1.png@64.0x64.0
14:24:47.250 [JavaFX Application Thread] DEBUG FXGLAssetLoader      - Loading from cache: /assets/textures/Ground1.png@64.0x64.0
14:24:47.250 [JavaFX Application Thread] DEBUG FXGLAssetLoader      - Loading from cache: /assets/textures/Ground1.png@64.0x64.0
14:24:47.250 [JavaFX Application Thread] DEBUG FXGLAssetLoader      - Loading from cache: /assets/textures/Ground1.png@64.0x64.0
14:24:47.250 [JavaFX Application Thread] DEBUG FXGLAssetLoader      - Loading from cache: /assets/textures/Ground1.png@64.0x64.0
14:24:47.250 [JavaFX Application Thread] DEBUG FXGLAssetLoader      - Loading from cache: /assets/textures/Ground1.png@64.0x64.0
14:24:47.261 [JavaFX Application Thread] DEBUG GameScene            - Entity added to scene
14:24:47.261 [JavaFX Application Thread] DEBUG GameScene            - Added MainViewComponent
14:24:47.261 [JavaFX Application Thread] DEBUG GameScene            - Entity added to scene
14:24:47.261 [JavaFX Application Thread] DEBUG GameScene            - Added MainViewComponent
14:24:47.262 [JavaFX Application Thread] DEBUG GameScene            - Entity added to scene
14:24:47.262 [JavaFX Application Thread] DEBUG GameScene            - Added MainViewComponent
14:24:47.262 [JavaFX Application Thread] DEBUG GameScene            - Entity added to scene
14:24:47.262 [JavaFX Application Thread] DEBUG GameScene            - Added MainViewComponent
14:24:47.262 [JavaFX Application Thread] DEBUG GameScene            - Entity added to scene
14:24:47.262 [JavaFX Application Thread] DEBUG GameScene            - Added MainViewComponent
14:24:47.262 [JavaFX Application Thread] DEBUG GameScene            - Entity added to scene
14:24:47.262 [JavaFX Application Thread] DEBUG GameScene            - Added MainViewComponent
14:24:47.262 [JavaFX Application Thread] DEBUG GameScene            - Entity added to scene
14:24:47.262 [JavaFX Application Thread] DEBUG GameScene            - Added MainViewComponent
14:24:47.262 [JavaFX Application Thread] DEBUG GameScene            - Entity added to scene
14:24:47.262 [JavaFX Application Thread] DEBUG GameScene            - Added MainViewComponent
14:24:47.262 [JavaFX Application Thread] DEBUG GameScene            - Entity added to scene
14:24:47.262 [JavaFX Application Thread] DEBUG GameScene            - Added MainViewComponent
14:24:47.263 [JavaFX Application Thread] DEBUG GameScene            - Entity added to scene
14:24:47.263 [JavaFX Application Thread] DEBUG GameScene            - Added MainViewComponent
14:24:47.263 [JavaFX Application Thread] DEBUG GameScene            - Entity added to scene
14:24:47.263 [JavaFX Application Thread] DEBUG GameScene            - Added MainViewComponent
14:24:47.263 [JavaFX Application Thread] DEBUG GameScene            - Entity added to scene
14:24:47.263 [JavaFX Application Thread] DEBUG GameScene            - Added MainViewComponent
14:24:47.263 [JavaFX Application Thread] DEBUG GameScene            - Entity added to scene
14:24:47.264 [JavaFX Application Thread] DEBUG GameScene            - Added MainViewComponent
14:24:47.264 [JavaFX Application Thread] DEBUG GameScene            - Entity added to scene
14:24:47.264 [JavaFX Application Thread] DEBUG GameScene            - Added MainViewComponent
14:24:47.264 [JavaFX Application Thread] DEBUG GameScene            - Entity added to scene
14:24:47.264 [JavaFX Application Thread] DEBUG GameScene            - Added MainViewComponent
14:24:47.390 [JavaFX Application Thread] DEBUG FXGLAssetLoader      - Loading from cache: /assets/sounds/Dig.wav
14:24:47.406 [JavaFX Application Thread] DEBUG GameScene            - Entity removed from scene
14:24:47.406 [JavaFX Application Thread] DEBUG GameScene            - Removed MainViewComponent
14:24:47.646 [JavaFX Application Thread] DEBUG GameScene            - Removing UI node: InGameWindow@73880dd0[styleClass=window]
14:24:47.710 [JavaFX Application Thread] DEBUG FXGLAssetLoader      - Loading from cache: /assets/textures/Ground1.png@64.0x64.0
14:24:47.711 [JavaFX Application Thread] DEBUG FXGLAssetLoader      - Loading from cache: /assets/textures/Ground1.png@64.0x64.0
14:24:47.711 [JavaFX Application Thread] DEBUG FXGLAssetLoader      - Loading from cache: /assets/textures/Ground1.png@64.0x64.0
14:24:47.711 [JavaFX Application Thread] DEBUG FXGLAssetLoader      - Loading from cache: /assets/textures/Ground1.png@64.0x64.0
14:24:47.712 [JavaFX Application Thread] DEBUG FXGLAssetLoader      - Loading from cache: /assets/textures/Ground1.png@64.0x64.0
14:24:47.712 [JavaFX Application Thread] DEBUG FXGLAssetLoader      - Loading from cache: /assets/textures/Ground1.png@64.0x64.0
14:24:47.713 [JavaFX Application Thread] DEBUG FXGLAssetLoader      - Loading from cache: /assets/textures/Ground1.png@64.0x64.0
14:24:47.713 [JavaFX Application Thread] DEBUG FXGLAssetLoader      - Loading from cache: /assets/textures/Ground1.png@64.0x64.0
14:24:47.713 [JavaFX Application Thread] DEBUG FXGLAssetLoader      - Loading from cache: /assets/textures/Ground1.png@64.0x64.0
14:24:47.714 [JavaFX Application Thread] DEBUG FXGLAssetLoader      - Loading from cache: /assets/textures/Ground1.png@64.0x64.0
14:24:47.714 [JavaFX Application Thread] DEBUG FXGLAssetLoader      - Loading from cache: /assets/textures/Ground1.png@64.0x64.0
14:24:47.714 [JavaFX Application Thread] DEBUG FXGLAssetLoader      - Loading from cache: /assets/textures/Ground1.png@64.0x64.0
14:24:47.715 [JavaFX Application Thread] DEBUG FXGLAssetLoader      - Loading from cache: /assets/textures/Ground1.png@64.0x64.0
14:24:47.715 [JavaFX Application Thread] DEBUG FXGLAssetLoader      - Loading from cache: /assets/textures/Ground1.png@64.0x64.0
14:24:47.716 [JavaFX Application Thread] DEBUG FXGLAssetLoader      - Loading from cache: /assets/textures/Ground1.png@64.0x64.0
14:24:47.725 [JavaFX Application Thread] DEBUG GameScene            - Entity added to scene
14:24:47.726 [JavaFX Application Thread] DEBUG GameScene            - Added MainViewComponent
14:24:47.726 [JavaFX Application Thread] DEBUG GameScene            - Entity added to scene
14:24:47.726 [JavaFX Application Thread] DEBUG GameScene            - Added MainViewComponent
14:24:47.727 [JavaFX Application Thread] DEBUG GameScene            - Entity added to scene
14:24:47.727 [JavaFX Application Thread] DEBUG GameScene            - Added MainViewComponent
14:24:47.727 [JavaFX Application Thread] DEBUG GameScene            - Entity added to scene
14:24:47.727 [JavaFX Application Thread] DEBUG GameScene            - Added MainViewComponent
14:24:47.727 [JavaFX Application Thread] DEBUG GameScene            - Entity added to scene
14:24:47.727 [JavaFX Application Thread] DEBUG GameScene            - Added MainViewComponent
14:24:47.728 [JavaFX Application Thread] DEBUG GameScene            - Entity added to scene
14:24:47.728 [JavaFX Application Thread] DEBUG GameScene            - Added MainViewComponent
14:24:47.728 [JavaFX Application Thread] DEBUG GameScene            - Entity added to scene
14:24:47.728 [JavaFX Application Thread] DEBUG GameScene            - Added MainViewComponent
14:24:47.728 [JavaFX Application Thread] DEBUG GameScene            - Entity added to scene
14:24:47.728 [JavaFX Application Thread] DEBUG GameScene            - Added MainViewComponent
14:24:47.729 [JavaFX Application Thread] DEBUG GameScene            - Entity added to scene
14:24:47.729 [JavaFX Application Thread] DEBUG GameScene            - Added MainViewComponent
14:24:47.729 [JavaFX Application Thread] DEBUG GameScene            - Entity added to scene
14:24:47.729 [JavaFX Application Thread] DEBUG GameScene            - Added MainViewComponent
14:24:47.730 [JavaFX Application Thread] DEBUG GameScene            - Entity added to scene
14:24:47.730 [JavaFX Application Thread] DEBUG GameScene            - Added MainViewComponent
14:24:47.730 [JavaFX Application Thread] DEBUG GameScene            - Entity added to scene
14:24:47.731 [JavaFX Application Thread] DEBUG GameScene            - Added MainViewComponent
14:24:47.731 [JavaFX Application Thread] DEBUG GameScene            - Entity added to scene
14:24:47.731 [JavaFX Application Thread] DEBUG GameScene            - Added MainViewComponent
14:24:47.732 [JavaFX Application Thread] DEBUG GameScene            - Entity added to scene
14:24:47.732 [JavaFX Application Thread] DEBUG GameScene            - Added MainViewComponent
14:24:47.732 [JavaFX Application Thread] DEBUG GameScene            - Entity added to scene
14:24:47.732 [JavaFX Application Thread] DEBUG GameScene            - Added MainViewComponent
14:25:28.139 [JavaFX Application Thread] DEBUG FXGLEventBus         - Firing event: DisplayEvent[type=CLOSE_REQUEST]
14:25:28.140 [JavaFX Application Thread] DEBUG FXGLEventBus         - Firing event: FXGLEvent[type=EXIT]
14:25:28.143 [JavaFX Application Thread] DEBUG FXGL                 - Saving FXGL system data
14:25:28.144 [JavaFX Application Thread] DEBUG IOTask               - Executing task: writeDataTask(system/fxgl.bundle)
14:25:28.145 [JavaFX Application Thread] DEBUG FS                   - Writing to: system\fxgl.bundle
14:25:28.148 [JavaFX Application Thread] DEBUG IOTask               - Task succeeded: writeDataTask(system/fxgl.bundle)
