11:33:20.606 [FXGL Launcher Thread     ] DEBUG FXGLLoggerFactory    - Service [LoggerFactory] initialized
11:33:20.610 [FXGL Launcher Thread     ] DEBUG FXGL                 - FXGL configuration complete
11:33:20.610 [FXGL Launcher Thread     ] DEBUG FXGL                 - Loading FXGL system data
11:33:20.613 [FXGL Launcher Thread     ] DEBUG IOTask               - Executing task: readDataTask(system/fxgl.bundle)
11:33:20.617 [FXGL Launcher Thread     ] DEBUG FS                   - Reading from: system\fxgl.bundle
11:33:20.624 [FXGL Launcher Thread     ] DEBUG IOTask               - Task succeeded: readDataTask(system/fxgl.bundle)
11:33:20.624 [FXGL Launcher Thread     ] DEBUG Bundle               - Logging bundle: FXGL
11:33:20.625 [FXGL Launcher Thread     ] DEBUG Bundle               - FXGL.offline.timer.version.check=2017-01-12T08:38:28.585
11:33:20.629 [FXGL Launcher Thread     ] DEBUG GameApplication      - Configuring GameApplication
11:33:20.633 [FXGL Launcher Thread     ] DEBUG FXGLExceptionHandler - Service [ExceptionHandler] initialized
11:33:20.633 [FXGL Launcher Thread     ] DEBUG FXGLEventBus         - Service [EventBus] initialized
11:33:20.636 [FXGL Launcher Thread     ] DEBUG FXGLExecutor         - Service [Executor] initialized
11:33:20.636 [FXGL Launcher Thread     ] DEBUG PreInitTask          - Injecting gameWorld & physicsWorld
11:33:20.640 [FXGL Launcher Thread     ] DEBUG GameWorld            - Game world initialized
11:33:20.679 [FXGL Launcher Thread     ] DEBUG FXGLPooler           - Service [Pooler] initialized with default size = 128
11:33:20.680 [FXGL Launcher Thread     ] DEBUG PhysicsWorld         - Physics world initialized: appHeight=700.0, physics.ppm=50.0
11:33:20.680 [FXGL Launcher Thread     ] DEBUG FXGLInput            - Service [Input] initialized
11:33:20.696 [FXGL Launcher Thread     ] DEBUG FXGLInput            - Registered new binding: Screenshot - P
11:33:20.697 [FXGL Launcher Thread     ] DEBUG FXGLInput            - Registered new binding: Dev Options - CTRL+0
11:33:20.697 [FXGL Launcher Thread     ] DEBUG FXGLInput            - Registered new binding: Move With Mouse - PRIMARY
11:33:20.719 [FXGL Launcher Thread     ] DEBUG GameScene            - Game scene initialized: 800.0x700.0
11:33:20.725 [FXGL Launcher Thread     ] DEBUG FXGLAssetLoader      - Service [AssetLoader] initialized: cacheSize=35
11:33:20.727 [FXGL Launcher Thread     ] DEBUG FXGLAssetLoader      - Loading from disk: /assets/sounds/system/notification.wav
11:33:20.747 [FXGL Launcher Thread     ] DEBUG FXGLAssetLoader      - Loading from disk: /assets/sounds/menu/select.wav
11:33:20.748 [FXGL Launcher Thread     ] DEBUG FXGLAssetLoader      - Loading from disk: /assets/sounds/menu/back.wav
11:33:20.749 [FXGL Launcher Thread     ] DEBUG FXGLAssetLoader      - Loading from disk: /assets/sounds/menu/press.wav
11:33:20.751 [FXGL Launcher Thread     ] DEBUG FXGLAssetLoader      - Loading from disk: /assets/ui/fonts/Copperplate_Gothic_Light_Regular.ttf
11:33:20.894 [FXGL Launcher Thread     ] DEBUG FXGLAssetLoader      - Loading from disk: /assets/ui/css/fxgl.css
11:33:20.894 [FXGL Launcher Thread     ] DEBUG FXGLAssetLoader      - Loading from disk: /assets/ui/icons/fxgl_icon.png
11:33:20.927 [FXGL Launcher Thread     ] DEBUG FXGLAssetLoader      - Loading from disk: /assets/ui/css/fxgl_dark.css
11:33:20.935 [FXGL Launcher Thread     ] DEBUG FXGLDisplay          - Target size: DoubleProperty [value: 800.0] x DoubleProperty [value: 700.0] @ 1.0
11:33:20.936 [FXGL Launcher Thread     ] DEBUG FXGLDisplay          - New size:    800.0 x 700.0 @ DoubleProperty [value: 1.0]
11:33:20.936 [FXGL Launcher Thread     ] DEBUG FXGLDisplay          - Service [Display] initialized
11:33:20.936 [FXGL Launcher Thread     ] DEBUG FXGLDisplay          - Using CSS: CSS(externalForm=jar:file:/I:/Documents/NetBeansProjects/MotherLoad/MotherLoad/lib/fxgl-0.2.9-uber.jar!/assets/ui/css/fxgl_dark.css)
11:33:20.936 [FXGL Launcher Thread     ] DEBUG InitScenesTask       - Injecting loadingScene & gameScene
11:33:20.962 [FXGL Launcher Thread     ] DEBUG FXGLMasterTimer      - Service [MasterTimer] initialized
11:33:20.964 [FXGL Launcher Thread     ] DEBUG FXGLAudioPlayer      - Service [AudioPlayer] initialized
11:33:20.970 [FXGL Launcher Thread     ] DEBUG InitProfilerTask     - Injecting profiler
11:33:20.971 [FXGL Launcher Thread     ] DEBUG GameApplication      - Starting new game
11:33:20.972 [FXGL Launcher Thread     ] DEBUG GameApplication      - Initializing App
11:33:20.973 [FXGL Launcher Thread     ] DEBUG FXGLInput            - Clearing active input actions
11:33:20.973 [FXGL Launcher Thread     ] DEBUG FXGLMasterTimer      - Stopping master timer
11:33:20.973 [FXGL Launcher Thread     ] DEBUG GameApplication      - State: STARTUP -> PAUSED
11:33:20.974 [FXGL Launcher Thread     ] DEBUG FXGLEventBus         - Firing event: FXGLEvent[type=PAUSE]
11:33:20.975 [FXGL Launcher Thread     ] DEBUG FXGLInput            - Clearing active input actions
11:33:20.975 [FXGL Launcher Thread     ] DEBUG FXGLMasterTimer      - Resetting ticks and clearing all actions
11:33:20.975 [FXGL Launcher Thread     ] DEBUG GameWorld            - Resetting game world
11:33:20.975 [FXGL Launcher Thread     ] TRACE EntityWorld          - Resetting entity world
11:33:20.976 [FXGL Launcher Thread     ] DEBUG PhysicsWorld         - Resetting physics world
11:33:20.977 [FXGL Launcher Thread     ] DEBUG GameScene            - Resetting game scene
11:33:20.977 [FXGL Launcher Thread     ] DEBUG FXGLEventBus         - Firing event: FXGLEvent[type=RESET]
11:33:21.027 [FXGL Launcher Thread     ] DEBUG GameApplication      - State: PAUSED -> LOADING
11:33:21.052 [FXGL Background Thread 1 ] DEBUG InitAppTask          - Initializing Assets
11:33:21.052 [FXGL Background Thread 1 ] DEBUG InitAppTask          - Initializing Game
11:33:21.066 [FXGL Background Thread 1 ] DEBUG FXGLAssetLoader      - Loading from disk: /assets/textures/PlayerLeft.png
11:33:21.074 [FXGL Background Thread 1 ] DEBUG FXGLAssetLoader      - Loading from disk: /assets/textures/Ground1.png
11:33:21.076 [FXGL Background Thread 1 ] DEBUG FXGLAssetLoader      - Loading from cache: /assets/textures/Ground1.png
11:33:21.077 [FXGL Background Thread 1 ] DEBUG FXGLAssetLoader      - Loading from cache: /assets/textures/Ground1.png
11:33:21.077 [FXGL Background Thread 1 ] DEBUG FXGLAssetLoader      - Loading from cache: /assets/textures/Ground1.png
11:33:21.078 [FXGL Background Thread 1 ] DEBUG FXGLAssetLoader      - Loading from cache: /assets/textures/Ground1.png
11:33:21.078 [FXGL Background Thread 1 ] DEBUG FXGLAssetLoader      - Loading from cache: /assets/textures/Ground1.png
11:33:21.079 [FXGL Background Thread 1 ] DEBUG FXGLAssetLoader      - Loading from cache: /assets/textures/Ground1.png
11:33:21.080 [FXGL Background Thread 1 ] DEBUG FXGLAssetLoader      - Loading from cache: /assets/textures/Ground1.png
11:33:21.081 [FXGL Background Thread 1 ] DEBUG FXGLAssetLoader      - Loading from cache: /assets/textures/Ground1.png
11:33:21.082 [FXGL Background Thread 1 ] DEBUG FXGLAssetLoader      - Loading from cache: /assets/textures/Ground1.png
11:33:21.082 [FXGL Background Thread 1 ] DEBUG FXGLAssetLoader      - Loading from cache: /assets/textures/Ground1.png
11:33:21.083 [FXGL Background Thread 1 ] DEBUG FXGLAssetLoader      - Loading from cache: /assets/textures/Ground1.png
11:33:21.083 [FXGL Background Thread 1 ] DEBUG FXGLAssetLoader      - Loading from cache: /assets/textures/Ground1.png
11:33:21.084 [FXGL Background Thread 1 ] DEBUG FXGLAssetLoader      - Loading from cache: /assets/textures/Ground1.png
11:33:21.084 [FXGL Background Thread 1 ] DEBUG FXGLAssetLoader      - Loading from cache: /assets/textures/Ground1.png
11:33:21.085 [FXGL Background Thread 1 ] DEBUG FXGLAssetLoader      - Loading from cache: /assets/textures/Ground1.png
11:33:21.085 [FXGL Background Thread 1 ] DEBUG FXGLAssetLoader      - Loading from cache: /assets/textures/Ground1.png
11:33:21.086 [FXGL Background Thread 1 ] DEBUG FXGLAssetLoader      - Loading from cache: /assets/textures/Ground1.png
11:33:21.086 [FXGL Background Thread 1 ] DEBUG FXGLAssetLoader      - Loading from cache: /assets/textures/Ground1.png
11:33:21.087 [FXGL Background Thread 1 ] DEBUG FXGLAssetLoader      - Loading from cache: /assets/textures/Ground1.png
11:33:21.087 [FXGL Background Thread 1 ] DEBUG FXGLAssetLoader      - Loading from cache: /assets/textures/Ground1.png
11:33:21.088 [FXGL Background Thread 1 ] DEBUG FXGLAssetLoader      - Loading from cache: /assets/textures/Ground1.png
11:33:21.088 [FXGL Background Thread 1 ] DEBUG FXGLAssetLoader      - Loading from cache: /assets/textures/Ground1.png
11:33:21.089 [FXGL Background Thread 1 ] DEBUG FXGLAssetLoader      - Loading from cache: /assets/textures/Ground1.png
11:33:21.089 [FXGL Background Thread 1 ] DEBUG FXGLAssetLoader      - Loading from cache: /assets/textures/Ground1.png
11:33:21.090 [FXGL Background Thread 1 ] DEBUG FXGLAssetLoader      - Loading from cache: /assets/textures/Ground1.png
11:33:21.090 [FXGL Background Thread 1 ] DEBUG FXGLAssetLoader      - Loading from cache: /assets/textures/Ground1.png
11:33:21.090 [FXGL Background Thread 1 ] DEBUG FXGLAssetLoader      - Loading from cache: /assets/textures/Ground1.png
11:33:21.091 [FXGL Background Thread 1 ] DEBUG FXGLAssetLoader      - Loading from cache: /assets/textures/Ground1.png
11:33:21.091 [FXGL Background Thread 1 ] DEBUG FXGLAssetLoader      - Loading from cache: /assets/textures/Ground1.png
11:33:21.092 [FXGL Background Thread 1 ] DEBUG FXGLAssetLoader      - Loading from cache: /assets/textures/Ground1.png
11:33:21.093 [FXGL Background Thread 1 ] DEBUG FXGLAssetLoader      - Loading from cache: /assets/textures/Ground1.png
11:33:21.093 [FXGL Background Thread 1 ] DEBUG FXGLAssetLoader      - Loading from cache: /assets/textures/Ground1.png
11:33:21.094 [FXGL Background Thread 1 ] DEBUG FXGLAssetLoader      - Loading from cache: /assets/textures/Ground1.png
11:33:21.094 [FXGL Background Thread 1 ] DEBUG FXGLAssetLoader      - Loading from cache: /assets/textures/Ground1.png
11:33:21.095 [FXGL Background Thread 1 ] DEBUG FXGLAssetLoader      - Loading from cache: /assets/textures/Ground1.png
11:33:21.095 [FXGL Background Thread 1 ] DEBUG FXGLAssetLoader      - Loading from cache: /assets/textures/Ground1.png
11:33:21.096 [FXGL Background Thread 1 ] DEBUG FXGLAssetLoader      - Loading from cache: /assets/textures/Ground1.png
11:33:21.096 [FXGL Background Thread 1 ] DEBUG FXGLAssetLoader      - Loading from cache: /assets/textures/Ground1.png
11:33:21.097 [FXGL Background Thread 1 ] DEBUG FXGLAssetLoader      - Loading from cache: /assets/textures/Ground1.png
11:33:21.097 [JavaFX Application Thread] DEBUG FXGLDisplay          - Showing stage
11:33:21.097 [JavaFX Application Thread] DEBUG FXGLDisplay          - Root size: 800.0x700.0
11:33:21.097 [JavaFX Application Thread] DEBUG FXGLDisplay          - Scene size: 800.0x700.0
11:33:21.097 [JavaFX Application Thread] DEBUG FXGLDisplay          - Stage size: 816.0x739.0
11:33:21.097 [FXGL Background Thread 1 ] DEBUG FXGLAssetLoader      - Loading from cache: /assets/textures/Ground1.png
11:33:21.098 [FXGL Background Thread 1 ] DEBUG FXGLAssetLoader      - Loading from cache: /assets/textures/Ground1.png
11:33:21.099 [FXGL Background Thread 1 ] DEBUG FXGLAssetLoader      - Loading from cache: /assets/textures/Ground1.png
11:33:21.099 [FXGL Background Thread 1 ] DEBUG FXGLAssetLoader      - Loading from cache: /assets/textures/Ground1.png
11:33:21.100 [FXGL Background Thread 1 ] DEBUG FXGLAssetLoader      - Loading from cache: /assets/textures/Ground1.png
11:33:21.101 [FXGL Background Thread 1 ] DEBUG FXGLAssetLoader      - Loading from cache: /assets/textures/Ground1.png
11:33:21.102 [FXGL Background Thread 1 ] DEBUG FXGLAssetLoader      - Loading from cache: /assets/textures/Ground1.png
11:33:21.102 [FXGL Background Thread 1 ] DEBUG FXGLAssetLoader      - Loading from cache: /assets/textures/Ground1.png
11:33:21.103 [FXGL Background Thread 1 ] DEBUG FXGLAssetLoader      - Loading from cache: /assets/textures/Ground1.png
11:33:21.103 [FXGL Background Thread 1 ] DEBUG FXGLAssetLoader      - Loading from cache: /assets/textures/Ground1.png
11:33:21.104 [FXGL Background Thread 1 ] DEBUG FXGLAssetLoader      - Loading from cache: /assets/textures/Ground1.png
11:33:21.104 [FXGL Background Thread 1 ] DEBUG FXGLAssetLoader      - Loading from cache: /assets/textures/Ground1.png
11:33:21.104 [FXGL Background Thread 1 ] DEBUG FXGLAssetLoader      - Loading from cache: /assets/textures/Ground1.png
11:33:21.105 [FXGL Background Thread 1 ] DEBUG FXGLAssetLoader      - Loading from cache: /assets/textures/Ground1.png
11:33:21.105 [FXGL Background Thread 1 ] DEBUG FXGLAssetLoader      - Loading from cache: /assets/textures/Ground1.png
11:33:21.106 [FXGL Background Thread 1 ] DEBUG FXGLAssetLoader      - Loading from cache: /assets/textures/Ground1.png
11:33:21.106 [FXGL Background Thread 1 ] DEBUG FXGLAssetLoader      - Loading from cache: /assets/textures/Ground1.png
11:33:21.106 [FXGL Background Thread 1 ] DEBUG FXGLAssetLoader      - Loading from cache: /assets/textures/Ground1.png
11:33:21.107 [FXGL Background Thread 1 ] DEBUG FXGLAssetLoader      - Loading from cache: /assets/textures/Ground1.png
11:33:21.108 [FXGL Background Thread 1 ] DEBUG FXGLAssetLoader      - Loading from cache: /assets/textures/Ground1.png
11:33:21.108 [FXGL Background Thread 1 ] DEBUG FXGLAssetLoader      - Loading from cache: /assets/textures/Ground1.png
11:33:21.109 [FXGL Background Thread 1 ] DEBUG FXGLAssetLoader      - Loading from cache: /assets/textures/Ground1.png
11:33:21.110 [FXGL Background Thread 1 ] DEBUG FXGLAssetLoader      - Loading from cache: /assets/textures/Ground1.png
11:33:21.111 [FXGL Background Thread 1 ] DEBUG FXGLAssetLoader      - Loading from cache: /assets/textures/Ground1.png
11:33:21.112 [FXGL Background Thread 1 ] DEBUG FXGLAssetLoader      - Loading from cache: /assets/textures/Ground1.png
11:33:21.112 [FXGL Background Thread 1 ] DEBUG FXGLAssetLoader      - Loading from cache: /assets/textures/Ground1.png
11:33:21.113 [FXGL Background Thread 1 ] DEBUG FXGLAssetLoader      - Loading from cache: /assets/textures/Ground1.png
11:33:21.114 [FXGL Background Thread 1 ] DEBUG FXGLAssetLoader      - Loading from cache: /assets/textures/Ground1.png
11:33:21.114 [FXGL Background Thread 1 ] DEBUG FXGLAssetLoader      - Loading from cache: /assets/textures/Ground1.png
11:33:21.115 [FXGL Background Thread 1 ] DEBUG FXGLAssetLoader      - Loading from cache: /assets/textures/Ground1.png
11:33:21.116 [FXGL Background Thread 1 ] DEBUG FXGLAssetLoader      - Loading from cache: /assets/textures/Ground1.png
11:33:21.116 [FXGL Background Thread 1 ] DEBUG FXGLAssetLoader      - Loading from cache: /assets/textures/Ground1.png
11:33:21.117 [FXGL Background Thread 1 ] DEBUG FXGLAssetLoader      - Loading from cache: /assets/textures/Ground1.png
11:33:21.117 [FXGL Background Thread 1 ] DEBUG FXGLAssetLoader      - Loading from cache: /assets/textures/Ground1.png
11:33:21.118 [FXGL Background Thread 1 ] DEBUG FXGLAssetLoader      - Loading from cache: /assets/textures/Ground1.png
11:33:21.118 [FXGL Background Thread 1 ] DEBUG InitAppTask          - Initializing Physics
11:33:21.118 [FXGL Background Thread 1 ] DEBUG InitAppTask          - Initializing UI
11:33:21.118 [FXGL Background Thread 1 ] DEBUG InitAppTask          - Initialization Complete
11:33:21.153 [JavaFX Application Thread] DEBUG FXGLInput            - Clearing active input actions
11:33:21.153 [JavaFX Application Thread] DEBUG FXGLMasterTimer      - Starting master timer
11:33:21.153 [JavaFX Application Thread] DEBUG GameApplication      - State: LOADING -> PLAYING
11:33:21.157 [JavaFX Application Thread] DEBUG FXGLEventBus         - Firing event: FXGLEvent[type=RESUME]
11:33:21.161 [JavaFX Application Thread] DEBUG GameScene            - Entity added to scene
11:33:21.161 [JavaFX Application Thread] DEBUG GameScene            - Added MainViewComponent
11:33:21.163 [JavaFX Application Thread] DEBUG GameScene            - Creating render group for layer: TOP(2147483647)
11:33:21.166 [JavaFX Application Thread] DEBUG GameScene            - Entity added to scene
11:33:21.166 [JavaFX Application Thread] DEBUG GameScene            - Added MainViewComponent
11:33:21.166 [JavaFX Application Thread] DEBUG GameScene            - Entity added to scene
11:33:21.166 [JavaFX Application Thread] DEBUG GameScene            - Added MainViewComponent
11:33:21.166 [JavaFX Application Thread] DEBUG GameScene            - Entity added to scene
11:33:21.166 [JavaFX Application Thread] DEBUG GameScene            - Added MainViewComponent
11:33:21.166 [JavaFX Application Thread] DEBUG GameScene            - Entity added to scene
11:33:21.166 [JavaFX Application Thread] DEBUG GameScene            - Added MainViewComponent
11:33:21.167 [JavaFX Application Thread] DEBUG GameScene            - Entity added to scene
11:33:21.167 [JavaFX Application Thread] DEBUG GameScene            - Added MainViewComponent
11:33:21.167 [JavaFX Application Thread] DEBUG GameScene            - Entity added to scene
11:33:21.167 [JavaFX Application Thread] DEBUG GameScene            - Added MainViewComponent
11:33:21.167 [JavaFX Application Thread] DEBUG GameScene            - Entity added to scene
11:33:21.167 [JavaFX Application Thread] DEBUG GameScene            - Added MainViewComponent
11:33:21.167 [JavaFX Application Thread] DEBUG GameScene            - Entity added to scene
11:33:21.167 [JavaFX Application Thread] DEBUG GameScene            - Added MainViewComponent
11:33:21.168 [JavaFX Application Thread] DEBUG GameScene            - Entity added to scene
11:33:21.168 [JavaFX Application Thread] DEBUG GameScene            - Added MainViewComponent
11:33:21.168 [JavaFX Application Thread] DEBUG GameScene            - Entity added to scene
11:33:21.168 [JavaFX Application Thread] DEBUG GameScene            - Added MainViewComponent
11:33:21.168 [JavaFX Application Thread] DEBUG GameScene            - Entity added to scene
11:33:21.168 [JavaFX Application Thread] DEBUG GameScene            - Added MainViewComponent
11:33:21.168 [JavaFX Application Thread] DEBUG GameScene            - Entity added to scene
11:33:21.168 [JavaFX Application Thread] DEBUG GameScene            - Added MainViewComponent
11:33:21.168 [JavaFX Application Thread] DEBUG GameScene            - Entity added to scene
11:33:21.168 [JavaFX Application Thread] DEBUG GameScene            - Added MainViewComponent
11:33:21.169 [JavaFX Application Thread] DEBUG GameScene            - Entity added to scene
11:33:21.169 [JavaFX Application Thread] DEBUG GameScene            - Added MainViewComponent
11:33:21.169 [JavaFX Application Thread] DEBUG GameScene            - Entity added to scene
11:33:21.169 [JavaFX Application Thread] DEBUG GameScene            - Added MainViewComponent
11:33:21.169 [JavaFX Application Thread] DEBUG GameScene            - Entity added to scene
11:33:21.169 [JavaFX Application Thread] DEBUG GameScene            - Added MainViewComponent
11:33:21.169 [JavaFX Application Thread] DEBUG GameScene            - Entity added to scene
11:33:21.169 [JavaFX Application Thread] DEBUG GameScene            - Added MainViewComponent
11:33:21.169 [JavaFX Application Thread] DEBUG GameScene            - Entity added to scene
11:33:21.170 [JavaFX Application Thread] DEBUG GameScene            - Added MainViewComponent
11:33:21.170 [JavaFX Application Thread] DEBUG GameScene            - Entity added to scene
11:33:21.170 [JavaFX Application Thread] DEBUG GameScene            - Added MainViewComponent
11:33:21.170 [JavaFX Application Thread] DEBUG GameScene            - Entity added to scene
11:33:21.170 [JavaFX Application Thread] DEBUG GameScene            - Added MainViewComponent
11:33:21.170 [JavaFX Application Thread] DEBUG GameScene            - Entity added to scene
11:33:21.170 [JavaFX Application Thread] DEBUG GameScene            - Added MainViewComponent
11:33:21.170 [JavaFX Application Thread] DEBUG GameScene            - Entity added to scene
11:33:21.170 [JavaFX Application Thread] DEBUG GameScene            - Added MainViewComponent
11:33:21.170 [JavaFX Application Thread] DEBUG GameScene            - Entity added to scene
11:33:21.171 [JavaFX Application Thread] DEBUG GameScene            - Added MainViewComponent
11:33:21.171 [JavaFX Application Thread] DEBUG GameScene            - Entity added to scene
11:33:21.171 [JavaFX Application Thread] DEBUG GameScene            - Added MainViewComponent
11:33:21.171 [JavaFX Application Thread] DEBUG GameScene            - Entity added to scene
11:33:21.171 [JavaFX Application Thread] DEBUG GameScene            - Added MainViewComponent
11:33:21.171 [JavaFX Application Thread] DEBUG GameScene            - Entity added to scene
11:33:21.171 [JavaFX Application Thread] DEBUG GameScene            - Added MainViewComponent
11:33:21.172 [JavaFX Application Thread] DEBUG GameScene            - Entity added to scene
11:33:21.172 [JavaFX Application Thread] DEBUG GameScene            - Added MainViewComponent
11:33:21.172 [JavaFX Application Thread] DEBUG GameScene            - Entity added to scene
11:33:21.172 [JavaFX Application Thread] DEBUG GameScene            - Added MainViewComponent
11:33:21.172 [JavaFX Application Thread] DEBUG GameScene            - Entity added to scene
11:33:21.173 [JavaFX Application Thread] DEBUG GameScene            - Added MainViewComponent
11:33:21.173 [JavaFX Application Thread] DEBUG GameScene            - Entity added to scene
11:33:21.173 [JavaFX Application Thread] DEBUG GameScene            - Added MainViewComponent
11:33:21.173 [JavaFX Application Thread] DEBUG GameScene            - Entity added to scene
11:33:21.173 [JavaFX Application Thread] DEBUG GameScene            - Added MainViewComponent
11:33:21.173 [JavaFX Application Thread] DEBUG GameScene            - Entity added to scene
11:33:21.173 [JavaFX Application Thread] DEBUG GameScene            - Added MainViewComponent
11:33:21.173 [JavaFX Application Thread] DEBUG GameScene            - Entity added to scene
11:33:21.173 [JavaFX Application Thread] DEBUG GameScene            - Added MainViewComponent
11:33:21.174 [JavaFX Application Thread] DEBUG GameScene            - Entity added to scene
11:33:21.174 [JavaFX Application Thread] DEBUG GameScene            - Added MainViewComponent
11:33:21.174 [JavaFX Application Thread] DEBUG GameScene            - Entity added to scene
11:33:21.174 [JavaFX Application Thread] DEBUG GameScene            - Added MainViewComponent
11:33:21.174 [JavaFX Application Thread] DEBUG GameScene            - Entity added to scene
11:33:21.174 [JavaFX Application Thread] DEBUG GameScene            - Added MainViewComponent
11:33:21.174 [JavaFX Application Thread] DEBUG GameScene            - Entity added to scene
11:33:21.174 [JavaFX Application Thread] DEBUG GameScene            - Added MainViewComponent
11:33:21.174 [JavaFX Application Thread] DEBUG GameScene            - Entity added to scene
11:33:21.174 [JavaFX Application Thread] DEBUG GameScene            - Added MainViewComponent
11:33:21.174 [JavaFX Application Thread] DEBUG GameScene            - Entity added to scene
11:33:21.175 [JavaFX Application Thread] DEBUG GameScene            - Added MainViewComponent
11:33:21.175 [JavaFX Application Thread] DEBUG GameScene            - Entity added to scene
11:33:21.175 [JavaFX Application Thread] DEBUG GameScene            - Added MainViewComponent
11:33:21.175 [JavaFX Application Thread] DEBUG GameScene            - Entity added to scene
11:33:21.175 [JavaFX Application Thread] DEBUG GameScene            - Added MainViewComponent
11:33:21.175 [JavaFX Application Thread] DEBUG GameScene            - Entity added to scene
11:33:21.175 [JavaFX Application Thread] DEBUG GameScene            - Added MainViewComponent
11:33:21.175 [JavaFX Application Thread] DEBUG GameScene            - Entity added to scene
11:33:21.175 [JavaFX Application Thread] DEBUG GameScene            - Added MainViewComponent
11:33:21.176 [JavaFX Application Thread] DEBUG GameScene            - Entity added to scene
11:33:21.176 [JavaFX Application Thread] DEBUG GameScene            - Added MainViewComponent
11:33:21.176 [JavaFX Application Thread] DEBUG GameScene            - Entity added to scene
11:33:21.176 [JavaFX Application Thread] DEBUG GameScene            - Added MainViewComponent
11:33:21.176 [JavaFX Application Thread] DEBUG GameScene            - Entity added to scene
11:33:21.176 [JavaFX Application Thread] DEBUG GameScene            - Added MainViewComponent
11:33:21.176 [JavaFX Application Thread] DEBUG GameScene            - Entity added to scene
11:33:21.176 [JavaFX Application Thread] DEBUG GameScene            - Added MainViewComponent
11:33:21.176 [JavaFX Application Thread] DEBUG GameScene            - Entity added to scene
11:33:21.176 [JavaFX Application Thread] DEBUG GameScene            - Added MainViewComponent
11:33:21.177 [JavaFX Application Thread] DEBUG GameScene            - Entity added to scene
11:33:21.177 [JavaFX Application Thread] DEBUG GameScene            - Added MainViewComponent
11:33:21.177 [JavaFX Application Thread] DEBUG GameScene            - Entity added to scene
11:33:21.177 [JavaFX Application Thread] DEBUG GameScene            - Added MainViewComponent
11:33:21.177 [JavaFX Application Thread] DEBUG GameScene            - Entity added to scene
11:33:21.177 [JavaFX Application Thread] DEBUG GameScene            - Added MainViewComponent
11:33:21.177 [JavaFX Application Thread] DEBUG GameScene            - Entity added to scene
11:33:21.177 [JavaFX Application Thread] DEBUG GameScene            - Added MainViewComponent
11:33:21.177 [JavaFX Application Thread] DEBUG GameScene            - Entity added to scene
11:33:21.177 [JavaFX Application Thread] DEBUG GameScene            - Added MainViewComponent
11:33:21.177 [JavaFX Application Thread] DEBUG GameScene            - Entity added to scene
11:33:21.178 [JavaFX Application Thread] DEBUG GameScene            - Added MainViewComponent
11:33:21.178 [JavaFX Application Thread] DEBUG GameScene            - Entity added to scene
11:33:21.178 [JavaFX Application Thread] DEBUG GameScene            - Added MainViewComponent
11:33:21.178 [JavaFX Application Thread] DEBUG GameScene            - Entity added to scene
11:33:21.178 [JavaFX Application Thread] DEBUG GameScene            - Added MainViewComponent
11:33:21.178 [JavaFX Application Thread] DEBUG GameScene            - Entity added to scene
11:33:21.178 [JavaFX Application Thread] DEBUG GameScene            - Added MainViewComponent
11:33:21.178 [JavaFX Application Thread] DEBUG GameScene            - Entity added to scene
11:33:21.178 [JavaFX Application Thread] DEBUG GameScene            - Added MainViewComponent
11:33:21.178 [JavaFX Application Thread] DEBUG GameScene            - Entity added to scene
11:33:21.178 [JavaFX Application Thread] DEBUG GameScene            - Added MainViewComponent
11:33:21.179 [JavaFX Application Thread] DEBUG GameScene            - Entity added to scene
11:33:21.179 [JavaFX Application Thread] DEBUG GameScene            - Added MainViewComponent
11:33:21.179 [JavaFX Application Thread] DEBUG GameScene            - Entity added to scene
11:33:21.179 [JavaFX Application Thread] DEBUG GameScene            - Added MainViewComponent
11:33:21.179 [JavaFX Application Thread] DEBUG GameScene            - Entity added to scene
11:33:21.179 [JavaFX Application Thread] DEBUG GameScene            - Added MainViewComponent
11:33:21.179 [JavaFX Application Thread] DEBUG GameScene            - Entity added to scene
11:33:21.179 [JavaFX Application Thread] DEBUG GameScene            - Added MainViewComponent
11:33:21.180 [JavaFX Application Thread] DEBUG GameScene            - Entity added to scene
11:33:21.180 [JavaFX Application Thread] DEBUG GameScene            - Added MainViewComponent
11:33:21.180 [JavaFX Application Thread] DEBUG GameScene            - Entity added to scene
11:33:21.180 [JavaFX Application Thread] DEBUG GameScene            - Added MainViewComponent
11:33:21.180 [JavaFX Application Thread] DEBUG GameScene            - Entity added to scene
11:33:21.180 [JavaFX Application Thread] DEBUG GameScene            - Added MainViewComponent
11:33:21.180 [JavaFX Application Thread] DEBUG GameScene            - Entity added to scene
11:33:21.180 [JavaFX Application Thread] DEBUG GameScene            - Added MainViewComponent
11:33:21.180 [JavaFX Application Thread] DEBUG GameScene            - Entity added to scene
11:33:21.180 [JavaFX Application Thread] DEBUG GameScene            - Added MainViewComponent
11:33:21.181 [JavaFX Application Thread] DEBUG GameScene            - Entity added to scene
11:33:21.181 [JavaFX Application Thread] DEBUG GameScene            - Added MainViewComponent
11:33:21.181 [JavaFX Application Thread] DEBUG GameScene            - Entity added to scene
11:33:21.181 [JavaFX Application Thread] DEBUG GameScene            - Added MainViewComponent
11:33:21.181 [JavaFX Application Thread] DEBUG GameScene            - Entity added to scene
11:33:21.181 [JavaFX Application Thread] DEBUG GameScene            - Added MainViewComponent
11:33:21.181 [JavaFX Application Thread] DEBUG GameScene            - Entity added to scene
11:33:21.181 [JavaFX Application Thread] DEBUG GameScene            - Added MainViewComponent
11:33:21.181 [JavaFX Application Thread] DEBUG GameScene            - Entity added to scene
11:33:21.181 [JavaFX Application Thread] DEBUG GameScene            - Added MainViewComponent
11:33:21.181 [JavaFX Application Thread] DEBUG GameScene            - Entity added to scene
11:33:21.181 [JavaFX Application Thread] DEBUG GameScene            - Added MainViewComponent
11:33:21.182 [JavaFX Application Thread] DEBUG GameScene            - Entity added to scene
11:33:21.182 [JavaFX Application Thread] DEBUG GameScene            - Added MainViewComponent
11:34:21.279 [JavaFX Application Thread] DEBUG FXGLEventBus         - Firing event: DisplayEvent[type=CLOSE_REQUEST]
11:34:21.280 [JavaFX Application Thread] DEBUG FXGLEventBus         - Firing event: FXGLEvent[type=EXIT]
11:34:21.283 [JavaFX Application Thread] DEBUG FXGL                 - Saving FXGL system data
11:34:21.284 [JavaFX Application Thread] DEBUG IOTask               - Executing task: writeDataTask(system/fxgl.bundle)
11:34:21.285 [JavaFX Application Thread] DEBUG FS                   - Writing to: system\fxgl.bundle
11:34:21.288 [JavaFX Application Thread] DEBUG IOTask               - Task succeeded: writeDataTask(system/fxgl.bundle)
