14:31:17.598 [FXGL Launcher Thread     ] DEBUG FXGLLoggerFactory    - Service [LoggerFactory] initialized
14:31:17.603 [FXGL Launcher Thread     ] DEBUG FXGL                 - FXGL configuration complete
14:31:17.603 [FXGL Launcher Thread     ] DEBUG FXGL                 - Loading FXGL system data
14:31:17.606 [FXGL Launcher Thread     ] DEBUG IOTask               - Executing task: readDataTask(system/fxgl.bundle)
14:31:17.609 [FXGL Launcher Thread     ] DEBUG FS                   - Reading from: system\fxgl.bundle
14:31:17.613 [FXGL Launcher Thread     ] DEBUG IOTask               - Task succeeded: readDataTask(system/fxgl.bundle)
14:31:17.614 [FXGL Launcher Thread     ] DEBUG Bundle               - Logging bundle: FXGL
14:31:17.614 [FXGL Launcher Thread     ] DEBUG Bundle               - FXGL.offline.timer.version.check=2017-01-12T08:38:28.585
14:31:17.621 [FXGL Launcher Thread     ] DEBUG GameApplication      - Configuring GameApplication
14:31:17.625 [FXGL Launcher Thread     ] DEBUG FXGLExceptionHandler - Service [ExceptionHandler] initialized
14:31:17.625 [FXGL Launcher Thread     ] DEBUG FXGLEventBus         - Service [EventBus] initialized
14:31:17.628 [FXGL Launcher Thread     ] DEBUG FXGLExecutor         - Service [Executor] initialized
14:31:17.628 [FXGL Launcher Thread     ] DEBUG PreInitTask          - Injecting gameWorld & physicsWorld
14:31:17.633 [FXGL Launcher Thread     ] DEBUG GameWorld            - Game world initialized
14:31:17.670 [FXGL Launcher Thread     ] DEBUG FXGLPooler           - Service [Pooler] initialized with default size = 128
14:31:17.670 [FXGL Launcher Thread     ] DEBUG PhysicsWorld         - Physics world initialized: appHeight=700.0, physics.ppm=50.0
14:31:17.671 [FXGL Launcher Thread     ] DEBUG FXGLInput            - Service [Input] initialized
14:31:17.690 [FXGL Launcher Thread     ] DEBUG FXGLInput            - Registered new binding: Screenshot - P
14:31:17.690 [FXGL Launcher Thread     ] DEBUG FXGLInput            - Registered new binding: Dev Options - CTRL+0
14:31:17.690 [FXGL Launcher Thread     ] DEBUG FXGLInput            - Registered new binding: Move With Mouse - PRIMARY
14:31:17.718 [FXGL Launcher Thread     ] DEBUG GameScene            - Game scene initialized: 800.0x700.0
14:31:17.726 [FXGL Launcher Thread     ] DEBUG FXGLAssetLoader      - Service [AssetLoader] initialized: cacheSize=35
14:31:17.729 [FXGL Launcher Thread     ] DEBUG FXGLAssetLoader      - Loading from disk: /assets/sounds/system/notification.wav
14:31:17.758 [FXGL Launcher Thread     ] DEBUG FXGLAssetLoader      - Loading from disk: /assets/sounds/menu/select.wav
14:31:17.759 [FXGL Launcher Thread     ] DEBUG FXGLAssetLoader      - Loading from disk: /assets/sounds/menu/back.wav
14:31:17.761 [FXGL Launcher Thread     ] DEBUG FXGLAssetLoader      - Loading from disk: /assets/sounds/menu/press.wav
14:31:17.763 [FXGL Launcher Thread     ] DEBUG FXGLAssetLoader      - Loading from disk: /assets/ui/fonts/Copperplate_Gothic_Light_Regular.ttf
14:31:17.847 [FXGL Launcher Thread     ] DEBUG FXGLAssetLoader      - Loading from disk: /assets/ui/css/fxgl.css
14:31:17.847 [FXGL Launcher Thread     ] DEBUG FXGLAssetLoader      - Loading from disk: /assets/ui/icons/fxgl_icon.png
14:31:17.877 [FXGL Launcher Thread     ] DEBUG FXGLAssetLoader      - Loading from disk: /assets/ui/css/fxgl_dark.css
14:31:17.886 [FXGL Launcher Thread     ] DEBUG FXGLDisplay          - Target size: DoubleProperty [value: 800.0] x DoubleProperty [value: 700.0] @ 1.0
14:31:17.886 [FXGL Launcher Thread     ] DEBUG FXGLDisplay          - New size:    800.0 x 700.0 @ DoubleProperty [value: 1.0]
14:31:17.886 [FXGL Launcher Thread     ] DEBUG FXGLDisplay          - Service [Display] initialized
14:31:17.886 [FXGL Launcher Thread     ] DEBUG FXGLDisplay          - Using CSS: CSS(externalForm=jar:file:/C:/Users/Mack/Documents/NetBeansProjects/MotherLoad/MotherLoad/lib/fxgl-0.2.9-uber.jar!/assets/ui/css/fxgl_dark.css)
14:31:17.887 [FXGL Launcher Thread     ] DEBUG InitScenesTask       - Injecting loadingScene & gameScene
14:31:17.913 [FXGL Launcher Thread     ] DEBUG FXGLMasterTimer      - Service [MasterTimer] initialized
14:31:17.916 [FXGL Launcher Thread     ] DEBUG FXGLAudioPlayer      - Service [AudioPlayer] initialized
14:31:17.923 [FXGL Launcher Thread     ] DEBUG InitProfilerTask     - Injecting profiler
14:31:17.923 [FXGL Launcher Thread     ] DEBUG GameApplication      - Starting new game
14:31:17.925 [FXGL Launcher Thread     ] DEBUG GameApplication      - Initializing App
14:31:17.926 [FXGL Launcher Thread     ] DEBUG FXGLInput            - Clearing active input actions
14:31:17.926 [FXGL Launcher Thread     ] DEBUG FXGLMasterTimer      - Stopping master timer
14:31:17.926 [FXGL Launcher Thread     ] DEBUG GameApplication      - State: STARTUP -> PAUSED
14:31:17.926 [FXGL Launcher Thread     ] DEBUG FXGLEventBus         - Firing event: FXGLEvent[type=PAUSE]
14:31:17.928 [FXGL Launcher Thread     ] DEBUG FXGLInput            - Clearing active input actions
14:31:17.928 [FXGL Launcher Thread     ] DEBUG FXGLMasterTimer      - Resetting ticks and clearing all actions
14:31:17.928 [FXGL Launcher Thread     ] DEBUG GameWorld            - Resetting game world
14:31:17.928 [FXGL Launcher Thread     ] TRACE EntityWorld          - Resetting entity world
14:31:17.929 [FXGL Launcher Thread     ] DEBUG PhysicsWorld         - Resetting physics world
14:31:17.929 [FXGL Launcher Thread     ] DEBUG GameScene            - Resetting game scene
14:31:17.929 [FXGL Launcher Thread     ] DEBUG FXGLEventBus         - Firing event: FXGLEvent[type=RESET]
14:31:17.994 [FXGL Launcher Thread     ] DEBUG GameApplication      - State: PAUSED -> LOADING
14:31:18.022 [FXGL Background Thread 1 ] DEBUG InitAppTask          - Initializing Assets
14:31:18.023 [FXGL Background Thread 1 ] DEBUG InitAppTask          - Initializing Game
14:31:18.036 [FXGL Background Thread 1 ] DEBUG FXGLAssetLoader      - Loading from disk: /assets/textures/PlayerLeft.png
14:31:18.042 [FXGL Background Thread 1 ] DEBUG FXGLAssetLoader      - Loading from disk: /assets/textures/Ground1.png
14:31:18.044 [FXGL Background Thread 1 ] DEBUG FXGLAssetLoader      - Loading from cache: /assets/textures/Ground1.png
14:31:18.045 [FXGL Background Thread 1 ] DEBUG FXGLAssetLoader      - Loading from cache: /assets/textures/Ground1.png
14:31:18.046 [FXGL Background Thread 1 ] DEBUG FXGLAssetLoader      - Loading from cache: /assets/textures/Ground1.png
14:31:18.046 [FXGL Background Thread 1 ] DEBUG FXGLAssetLoader      - Loading from cache: /assets/textures/Ground1.png
14:31:18.047 [FXGL Background Thread 1 ] DEBUG FXGLAssetLoader      - Loading from cache: /assets/textures/Ground1.png
14:31:18.048 [FXGL Background Thread 1 ] DEBUG FXGLAssetLoader      - Loading from cache: /assets/textures/Ground1.png
14:31:18.049 [FXGL Background Thread 1 ] DEBUG FXGLAssetLoader      - Loading from cache: /assets/textures/Ground1.png
14:31:18.050 [FXGL Background Thread 1 ] DEBUG FXGLAssetLoader      - Loading from cache: /assets/textures/Ground1.png
14:31:18.051 [FXGL Background Thread 1 ] DEBUG FXGLAssetLoader      - Loading from cache: /assets/textures/Ground1.png
14:31:18.052 [FXGL Background Thread 1 ] DEBUG InitAppTask          - Initializing Physics
14:31:18.052 [FXGL Background Thread 1 ] DEBUG InitAppTask          - Initializing UI
14:31:18.052 [FXGL Background Thread 1 ] DEBUG InitAppTask          - Initialization Complete
14:31:18.085 [JavaFX Application Thread] DEBUG FXGLDisplay          - Showing stage
14:31:18.086 [JavaFX Application Thread] DEBUG FXGLDisplay          - Root size: 800.0x700.0
14:31:18.086 [JavaFX Application Thread] DEBUG FXGLDisplay          - Scene size: 800.0x700.0
14:31:18.086 [JavaFX Application Thread] DEBUG FXGLDisplay          - Stage size: 816.0x739.0
14:31:18.173 [JavaFX Application Thread] DEBUG FXGLInput            - Clearing active input actions
14:31:18.174 [JavaFX Application Thread] DEBUG FXGLMasterTimer      - Starting master timer
14:31:18.174 [JavaFX Application Thread] DEBUG GameApplication      - State: LOADING -> PLAYING
14:31:18.179 [JavaFX Application Thread] DEBUG FXGLEventBus         - Firing event: FXGLEvent[type=RESUME]
14:31:18.182 [JavaFX Application Thread] DEBUG GameScene            - Entity added to scene
14:31:18.183 [JavaFX Application Thread] DEBUG GameScene            - Added MainViewComponent
14:31:18.185 [JavaFX Application Thread] DEBUG GameScene            - Creating render group for layer: TOP(2147483647)
14:31:18.189 [JavaFX Application Thread] DEBUG GameScene            - Entity added to scene
14:31:18.190 [JavaFX Application Thread] DEBUG GameScene            - Added MainViewComponent
14:31:18.190 [JavaFX Application Thread] DEBUG GameScene            - Entity added to scene
14:31:18.190 [JavaFX Application Thread] DEBUG GameScene            - Added MainViewComponent
14:31:18.190 [JavaFX Application Thread] DEBUG GameScene            - Entity added to scene
14:31:18.190 [JavaFX Application Thread] DEBUG GameScene            - Added MainViewComponent
14:31:18.191 [JavaFX Application Thread] DEBUG GameScene            - Entity added to scene
14:31:18.191 [JavaFX Application Thread] DEBUG GameScene            - Added MainViewComponent
14:31:18.191 [JavaFX Application Thread] DEBUG GameScene            - Entity added to scene
14:31:18.191 [JavaFX Application Thread] DEBUG GameScene            - Added MainViewComponent
14:31:18.191 [JavaFX Application Thread] DEBUG GameScene            - Entity added to scene
14:31:18.191 [JavaFX Application Thread] DEBUG GameScene            - Added MainViewComponent
14:31:18.191 [JavaFX Application Thread] DEBUG GameScene            - Entity added to scene
14:31:18.191 [JavaFX Application Thread] DEBUG GameScene            - Added MainViewComponent
14:31:18.192 [JavaFX Application Thread] DEBUG GameScene            - Entity added to scene
14:31:18.192 [JavaFX Application Thread] DEBUG GameScene            - Added MainViewComponent
14:31:18.192 [JavaFX Application Thread] DEBUG GameScene            - Entity added to scene
14:31:18.192 [JavaFX Application Thread] DEBUG GameScene            - Added MainViewComponent
14:31:18.192 [JavaFX Application Thread] DEBUG GameScene            - Entity added to scene
14:31:18.192 [JavaFX Application Thread] DEBUG GameScene            - Added MainViewComponent
14:31:39.813 [JavaFX Application Thread] DEBUG FXGLEventBus         - Firing event: DisplayEvent[type=CLOSE_REQUEST]
14:31:39.814 [JavaFX Application Thread] DEBUG FXGLEventBus         - Firing event: FXGLEvent[type=EXIT]
14:31:39.817 [JavaFX Application Thread] DEBUG FXGL                 - Saving FXGL system data
14:31:39.818 [JavaFX Application Thread] DEBUG IOTask               - Executing task: writeDataTask(system/fxgl.bundle)
14:31:39.819 [JavaFX Application Thread] DEBUG FS                   - Writing to: system\fxgl.bundle
14:31:39.823 [JavaFX Application Thread] DEBUG IOTask               - Task succeeded: writeDataTask(system/fxgl.bundle)
