14:31:00.973 [FXGL Launcher Thread     ] DEBUG FXGLLoggerFactory    - Service [LoggerFactory] initialized
14:31:00.977 [FXGL Launcher Thread     ] DEBUG FXGL                 - FXGL configuration complete
14:31:00.977 [FXGL Launcher Thread     ] DEBUG FXGL                 - Loading FXGL system data
14:31:00.980 [FXGL Launcher Thread     ] DEBUG IOTask               - Executing task: readDataTask(system/fxgl.bundle)
14:31:00.983 [FXGL Launcher Thread     ] DEBUG FS                   - Reading from: system\fxgl.bundle
14:31:00.988 [FXGL Launcher Thread     ] DEBUG IOTask               - Task succeeded: readDataTask(system/fxgl.bundle)
14:31:00.988 [FXGL Launcher Thread     ] DEBUG Bundle               - Logging bundle: FXGL
14:31:00.989 [FXGL Launcher Thread     ] DEBUG Bundle               - FXGL.offline.timer.version.check=2017-01-12T08:38:28.585
14:31:00.994 [FXGL Launcher Thread     ] DEBUG GameApplication      - Configuring GameApplication
14:31:00.997 [FXGL Launcher Thread     ] DEBUG FXGLExceptionHandler - Service [ExceptionHandler] initialized
14:31:00.998 [FXGL Launcher Thread     ] DEBUG FXGLEventBus         - Service [EventBus] initialized
14:31:01.001 [FXGL Launcher Thread     ] DEBUG FXGLExecutor         - Service [Executor] initialized
14:31:01.001 [FXGL Launcher Thread     ] DEBUG PreInitTask          - Injecting gameWorld & physicsWorld
14:31:01.006 [FXGL Launcher Thread     ] DEBUG GameWorld            - Game world initialized
14:31:01.040 [FXGL Launcher Thread     ] DEBUG FXGLPooler           - Service [Pooler] initialized with default size = 128
14:31:01.041 [FXGL Launcher Thread     ] DEBUG PhysicsWorld         - Physics world initialized: appHeight=700.0, physics.ppm=50.0
14:31:01.042 [FXGL Launcher Thread     ] DEBUG FXGLInput            - Service [Input] initialized
14:31:01.059 [FXGL Launcher Thread     ] DEBUG FXGLInput            - Registered new binding: Screenshot - P
14:31:01.059 [FXGL Launcher Thread     ] DEBUG FXGLInput            - Registered new binding: Dev Options - CTRL+0
14:31:01.059 [FXGL Launcher Thread     ] DEBUG FXGLInput            - Registered new binding: Move With Mouse - PRIMARY
14:31:01.083 [FXGL Launcher Thread     ] DEBUG GameScene            - Game scene initialized: 800.0x700.0
14:31:01.089 [FXGL Launcher Thread     ] DEBUG FXGLAssetLoader      - Service [AssetLoader] initialized: cacheSize=35
14:31:01.092 [FXGL Launcher Thread     ] DEBUG FXGLAssetLoader      - Loading from disk: /assets/sounds/system/notification.wav
14:31:01.113 [FXGL Launcher Thread     ] DEBUG FXGLAssetLoader      - Loading from disk: /assets/sounds/menu/select.wav
14:31:01.115 [FXGL Launcher Thread     ] DEBUG FXGLAssetLoader      - Loading from disk: /assets/sounds/menu/back.wav
14:31:01.116 [FXGL Launcher Thread     ] DEBUG FXGLAssetLoader      - Loading from disk: /assets/sounds/menu/press.wav
14:31:01.118 [FXGL Launcher Thread     ] DEBUG FXGLAssetLoader      - Loading from disk: /assets/ui/fonts/Copperplate_Gothic_Light_Regular.ttf
14:31:01.205 [FXGL Launcher Thread     ] DEBUG FXGLAssetLoader      - Loading from disk: /assets/ui/css/fxgl.css
14:31:01.205 [FXGL Launcher Thread     ] DEBUG FXGLAssetLoader      - Loading from disk: /assets/ui/icons/fxgl_icon.png
14:31:01.234 [FXGL Launcher Thread     ] DEBUG FXGLAssetLoader      - Loading from disk: /assets/ui/css/fxgl_dark.css
14:31:01.243 [FXGL Launcher Thread     ] DEBUG FXGLDisplay          - Target size: DoubleProperty [value: 800.0] x DoubleProperty [value: 700.0] @ 1.0
14:31:01.243 [FXGL Launcher Thread     ] DEBUG FXGLDisplay          - New size:    800.0 x 700.0 @ DoubleProperty [value: 1.0]
14:31:01.243 [FXGL Launcher Thread     ] DEBUG FXGLDisplay          - Service [Display] initialized
14:31:01.243 [FXGL Launcher Thread     ] DEBUG FXGLDisplay          - Using CSS: CSS(externalForm=jar:file:/C:/Users/Mack/Documents/NetBeansProjects/MotherLoad/MotherLoad/lib/fxgl-0.2.9-uber.jar!/assets/ui/css/fxgl_dark.css)
14:31:01.243 [FXGL Launcher Thread     ] DEBUG InitScenesTask       - Injecting loadingScene & gameScene
14:31:01.273 [FXGL Launcher Thread     ] DEBUG FXGLMasterTimer      - Service [MasterTimer] initialized
14:31:01.275 [FXGL Launcher Thread     ] DEBUG FXGLAudioPlayer      - Service [AudioPlayer] initialized
14:31:01.282 [FXGL Launcher Thread     ] DEBUG InitProfilerTask     - Injecting profiler
14:31:01.283 [FXGL Launcher Thread     ] DEBUG GameApplication      - Starting new game
14:31:01.284 [FXGL Launcher Thread     ] DEBUG GameApplication      - Initializing App
14:31:01.285 [FXGL Launcher Thread     ] DEBUG FXGLInput            - Clearing active input actions
14:31:01.285 [FXGL Launcher Thread     ] DEBUG FXGLMasterTimer      - Stopping master timer
14:31:01.285 [FXGL Launcher Thread     ] DEBUG GameApplication      - State: STARTUP -> PAUSED
14:31:01.286 [FXGL Launcher Thread     ] DEBUG FXGLEventBus         - Firing event: FXGLEvent[type=PAUSE]
14:31:01.287 [FXGL Launcher Thread     ] DEBUG FXGLInput            - Clearing active input actions
14:31:01.287 [FXGL Launcher Thread     ] DEBUG FXGLMasterTimer      - Resetting ticks and clearing all actions
14:31:01.287 [FXGL Launcher Thread     ] DEBUG GameWorld            - Resetting game world
14:31:01.288 [FXGL Launcher Thread     ] TRACE EntityWorld          - Resetting entity world
14:31:01.289 [FXGL Launcher Thread     ] DEBUG PhysicsWorld         - Resetting physics world
14:31:01.289 [FXGL Launcher Thread     ] DEBUG GameScene            - Resetting game scene
14:31:01.289 [FXGL Launcher Thread     ] DEBUG FXGLEventBus         - Firing event: FXGLEvent[type=RESET]
14:31:01.351 [FXGL Launcher Thread     ] DEBUG GameApplication      - State: PAUSED -> LOADING
14:31:01.378 [FXGL Background Thread 1 ] DEBUG InitAppTask          - Initializing Assets
14:31:01.379 [FXGL Background Thread 1 ] DEBUG InitAppTask          - Initializing Game
14:31:01.392 [FXGL Background Thread 1 ] DEBUG FXGLAssetLoader      - Loading from disk: /assets/textures/PlayerLeft.png
14:31:01.398 [FXGL Background Thread 1 ] DEBUG FXGLAssetLoader      - Loading from disk: /assets/textures/Ground1.png
14:31:01.400 [FXGL Background Thread 1 ] DEBUG FXGLAssetLoader      - Loading from cache: /assets/textures/Ground1.png
14:31:01.402 [FXGL Background Thread 1 ] DEBUG FXGLAssetLoader      - Loading from cache: /assets/textures/Ground1.png
14:31:01.402 [FXGL Background Thread 1 ] DEBUG FXGLAssetLoader      - Loading from cache: /assets/textures/Ground1.png
14:31:01.404 [FXGL Background Thread 1 ] DEBUG FXGLAssetLoader      - Loading from cache: /assets/textures/Ground1.png
14:31:01.404 [FXGL Background Thread 1 ] DEBUG FXGLAssetLoader      - Loading from cache: /assets/textures/Ground1.png
14:31:01.406 [FXGL Background Thread 1 ] DEBUG FXGLAssetLoader      - Loading from cache: /assets/textures/Ground1.png
14:31:01.407 [FXGL Background Thread 1 ] DEBUG FXGLAssetLoader      - Loading from cache: /assets/textures/Ground1.png
14:31:01.408 [FXGL Background Thread 1 ] DEBUG FXGLAssetLoader      - Loading from cache: /assets/textures/Ground1.png
14:31:01.409 [FXGL Background Thread 1 ] DEBUG FXGLAssetLoader      - Loading from cache: /assets/textures/Ground1.png
14:31:01.409 [FXGL Background Thread 1 ] DEBUG InitAppTask          - Initializing Physics
14:31:01.410 [FXGL Background Thread 1 ] DEBUG InitAppTask          - Initializing UI
14:31:01.410 [FXGL Background Thread 1 ] DEBUG InitAppTask          - Initialization Complete
14:31:01.435 [JavaFX Application Thread] DEBUG FXGLDisplay          - Showing stage
14:31:01.436 [JavaFX Application Thread] DEBUG FXGLDisplay          - Root size: 800.0x700.0
14:31:01.436 [JavaFX Application Thread] DEBUG FXGLDisplay          - Scene size: 800.0x700.0
14:31:01.436 [JavaFX Application Thread] DEBUG FXGLDisplay          - Stage size: 816.0x739.0
14:31:01.513 [JavaFX Application Thread] DEBUG FXGLInput            - Clearing active input actions
14:31:01.513 [JavaFX Application Thread] DEBUG FXGLMasterTimer      - Starting master timer
14:31:01.513 [JavaFX Application Thread] DEBUG GameApplication      - State: LOADING -> PLAYING
14:31:01.519 [JavaFX Application Thread] DEBUG FXGLEventBus         - Firing event: FXGLEvent[type=RESUME]
14:31:01.523 [JavaFX Application Thread] DEBUG GameScene            - Entity added to scene
14:31:01.523 [JavaFX Application Thread] DEBUG GameScene            - Added MainViewComponent
14:31:01.525 [JavaFX Application Thread] DEBUG GameScene            - Creating render group for layer: TOP(2147483647)
14:31:01.528 [JavaFX Application Thread] DEBUG GameScene            - Entity added to scene
14:31:01.528 [JavaFX Application Thread] DEBUG GameScene            - Added MainViewComponent
14:31:01.529 [JavaFX Application Thread] DEBUG GameScene            - Entity added to scene
14:31:01.529 [JavaFX Application Thread] DEBUG GameScene            - Added MainViewComponent
14:31:01.529 [JavaFX Application Thread] DEBUG GameScene            - Entity added to scene
14:31:01.529 [JavaFX Application Thread] DEBUG GameScene            - Added MainViewComponent
14:31:01.530 [JavaFX Application Thread] DEBUG GameScene            - Entity added to scene
14:31:01.530 [JavaFX Application Thread] DEBUG GameScene            - Added MainViewComponent
14:31:01.530 [JavaFX Application Thread] DEBUG GameScene            - Entity added to scene
14:31:01.530 [JavaFX Application Thread] DEBUG GameScene            - Added MainViewComponent
14:31:01.530 [JavaFX Application Thread] DEBUG GameScene            - Entity added to scene
14:31:01.530 [JavaFX Application Thread] DEBUG GameScene            - Added MainViewComponent
14:31:01.530 [JavaFX Application Thread] DEBUG GameScene            - Entity added to scene
14:31:01.531 [JavaFX Application Thread] DEBUG GameScene            - Added MainViewComponent
14:31:01.531 [JavaFX Application Thread] DEBUG GameScene            - Entity added to scene
14:31:01.531 [JavaFX Application Thread] DEBUG GameScene            - Added MainViewComponent
14:31:01.531 [JavaFX Application Thread] DEBUG GameScene            - Entity added to scene
14:31:01.531 [JavaFX Application Thread] DEBUG GameScene            - Added MainViewComponent
14:31:01.532 [JavaFX Application Thread] DEBUG GameScene            - Entity added to scene
14:31:01.532 [JavaFX Application Thread] DEBUG GameScene            - Added MainViewComponent
14:31:13.693 [JavaFX Application Thread] DEBUG FXGLEventBus         - Firing event: DisplayEvent[type=CLOSE_REQUEST]
14:31:13.694 [JavaFX Application Thread] DEBUG FXGLEventBus         - Firing event: FXGLEvent[type=EXIT]
14:31:13.697 [JavaFX Application Thread] DEBUG FXGL                 - Saving FXGL system data
14:31:13.698 [JavaFX Application Thread] DEBUG IOTask               - Executing task: writeDataTask(system/fxgl.bundle)
14:31:13.699 [JavaFX Application Thread] DEBUG FS                   - Writing to: system\fxgl.bundle
14:31:13.702 [JavaFX Application Thread] DEBUG IOTask               - Task succeeded: writeDataTask(system/fxgl.bundle)
