18:00:49.641 [FXGL Launcher Thread     ] DEBUG FXGLLoggerFactory    - Service [LoggerFactory] initialized
18:00:49.644 [FXGL Launcher Thread     ] DEBUG FXGL                 - FXGL configuration complete
18:00:49.644 [FXGL Launcher Thread     ] DEBUG FXGL                 - Loading FXGL system data
18:00:49.647 [FXGL Launcher Thread     ] DEBUG IOTask               - Executing task: readDataTask(system/fxgl.bundle)
18:00:49.649 [FXGL Launcher Thread     ] DEBUG FS                   - Reading from: system\fxgl.bundle
18:00:49.654 [FXGL Launcher Thread     ] DEBUG IOTask               - Task succeeded: readDataTask(system/fxgl.bundle)
18:00:49.654 [FXGL Launcher Thread     ] DEBUG Bundle               - Logging bundle: FXGL
18:00:49.655 [FXGL Launcher Thread     ] DEBUG Bundle               - FXGL.offline.timer.version.check=2017-01-12T08:38:28.585
18:00:49.659 [FXGL Launcher Thread     ] DEBUG GameApplication      - Configuring GameApplication
18:00:49.663 [FXGL Launcher Thread     ] DEBUG FXGLExceptionHandler - Service [ExceptionHandler] initialized
18:00:49.663 [FXGL Launcher Thread     ] DEBUG FXGLEventBus         - Service [EventBus] initialized
18:00:49.666 [FXGL Launcher Thread     ] DEBUG FXGLExecutor         - Service [Executor] initialized
18:00:49.666 [FXGL Launcher Thread     ] DEBUG PreInitTask          - Injecting gameWorld & physicsWorld
18:00:49.670 [FXGL Launcher Thread     ] DEBUG GameWorld            - Game world initialized
18:00:49.702 [FXGL Launcher Thread     ] DEBUG FXGLPooler           - Service [Pooler] initialized with default size = 128
18:00:49.702 [FXGL Launcher Thread     ] DEBUG PhysicsWorld         - Physics world initialized: appHeight=700.0, physics.ppm=50.0
18:00:49.703 [FXGL Launcher Thread     ] DEBUG FXGLInput            - Service [Input] initialized
18:00:49.717 [FXGL Launcher Thread     ] DEBUG FXGLInput            - Registered new binding: Screenshot - P
18:00:49.718 [FXGL Launcher Thread     ] DEBUG FXGLInput            - Registered new binding: Dev Options - CTRL+0
18:00:49.718 [FXGL Launcher Thread     ] DEBUG FXGLInput            - Registered new binding: Move Up - W
18:00:49.718 [FXGL Launcher Thread     ] DEBUG FXGLInput            - Registered new binding: Move Right - A
18:00:49.718 [FXGL Launcher Thread     ] DEBUG FXGLInput            - Registered new binding: Move Left - D
18:00:49.718 [FXGL Launcher Thread     ] DEBUG FXGLInput            - Registered new binding: Move Down - S
18:00:49.740 [FXGL Launcher Thread     ] DEBUG GameScene            - Game scene initialized: 800.0x700.0
18:00:49.747 [FXGL Launcher Thread     ] DEBUG FXGLAssetLoader      - Service [AssetLoader] initialized: cacheSize=35
18:00:49.748 [FXGL Launcher Thread     ] DEBUG FXGLAssetLoader      - Loading from disk: /assets/sounds/system/notification.wav
18:00:49.767 [FXGL Launcher Thread     ] DEBUG FXGLAssetLoader      - Loading from disk: /assets/sounds/menu/select.wav
18:00:49.768 [FXGL Launcher Thread     ] DEBUG FXGLAssetLoader      - Loading from disk: /assets/sounds/menu/back.wav
18:00:49.770 [FXGL Launcher Thread     ] DEBUG FXGLAssetLoader      - Loading from disk: /assets/sounds/menu/press.wav
18:00:49.771 [FXGL Launcher Thread     ] DEBUG FXGLAssetLoader      - Loading from disk: /assets/ui/fonts/Copperplate_Gothic_Light_Regular.ttf
18:00:49.910 [FXGL Launcher Thread     ] DEBUG FXGLAssetLoader      - Loading from disk: /assets/ui/css/fxgl.css
18:00:49.910 [FXGL Launcher Thread     ] DEBUG FXGLAssetLoader      - Loading from disk: /assets/ui/icons/fxgl_icon.png
18:00:49.940 [FXGL Launcher Thread     ] DEBUG FXGLAssetLoader      - Loading from disk: /assets/ui/css/fxgl_dark.css
18:00:49.949 [FXGL Launcher Thread     ] DEBUG FXGLDisplay          - Target size: DoubleProperty [value: 800.0] x DoubleProperty [value: 700.0] @ 1.0
18:00:49.949 [FXGL Launcher Thread     ] DEBUG FXGLDisplay          - New size:    800.0 x 700.0 @ DoubleProperty [value: 1.0]
18:00:49.949 [FXGL Launcher Thread     ] DEBUG FXGLDisplay          - Service [Display] initialized
18:00:49.949 [FXGL Launcher Thread     ] DEBUG FXGLDisplay          - Using CSS: CSS(externalForm=jar:file:/I:/Documents/NetBeansProjects/MotherLoad/MotherLoad/lib/fxgl-0.2.9-uber.jar!/assets/ui/css/fxgl_dark.css)
18:00:49.949 [FXGL Launcher Thread     ] DEBUG InitScenesTask       - Injecting loadingScene & gameScene
18:00:49.970 [FXGL Launcher Thread     ] DEBUG FXGLMasterTimer      - Service [MasterTimer] initialized
18:00:49.972 [FXGL Launcher Thread     ] DEBUG FXGLAudioPlayer      - Service [AudioPlayer] initialized
18:00:49.978 [FXGL Launcher Thread     ] DEBUG InitProfilerTask     - Injecting profiler
18:00:49.978 [FXGL Launcher Thread     ] DEBUG GameApplication      - Starting new game
18:00:49.980 [FXGL Launcher Thread     ] DEBUG GameApplication      - Initializing App
18:00:49.981 [FXGL Launcher Thread     ] DEBUG FXGLInput            - Clearing active input actions
18:00:49.981 [FXGL Launcher Thread     ] DEBUG FXGLMasterTimer      - Stopping master timer
18:00:49.981 [FXGL Launcher Thread     ] DEBUG GameApplication      - State: STARTUP -> PAUSED
18:00:49.981 [FXGL Launcher Thread     ] DEBUG FXGLEventBus         - Firing event: FXGLEvent[type=PAUSE]
18:00:49.982 [FXGL Launcher Thread     ] DEBUG FXGLInput            - Clearing active input actions
18:00:49.982 [FXGL Launcher Thread     ] DEBUG FXGLMasterTimer      - Resetting ticks and clearing all actions
18:00:49.982 [FXGL Launcher Thread     ] DEBUG GameWorld            - Resetting game world
18:00:49.983 [FXGL Launcher Thread     ] TRACE EntityWorld          - Resetting entity world
18:00:49.984 [FXGL Launcher Thread     ] DEBUG PhysicsWorld         - Resetting physics world
18:00:49.984 [FXGL Launcher Thread     ] DEBUG GameScene            - Resetting game scene
18:00:49.984 [FXGL Launcher Thread     ] DEBUG FXGLEventBus         - Firing event: FXGLEvent[type=RESET]
18:00:50.035 [FXGL Launcher Thread     ] DEBUG GameApplication      - State: PAUSED -> LOADING
18:00:50.060 [FXGL Background Thread 1 ] DEBUG InitAppTask          - Initializing Assets
18:00:50.060 [FXGL Background Thread 1 ] DEBUG InitAppTask          - Initializing Game
18:00:50.080 [FXGL Background Thread 1 ] DEBUG InitAppTask          - Initializing Physics
18:00:50.080 [FXGL Background Thread 1 ] DEBUG InitAppTask          - Initializing UI
18:00:50.080 [FXGL Background Thread 1 ] DEBUG InitAppTask          - Initialization Complete
18:00:50.100 [JavaFX Application Thread] DEBUG FXGLDisplay          - Showing stage
18:00:50.101 [JavaFX Application Thread] DEBUG FXGLDisplay          - Root size: 800.0x700.0
18:00:50.101 [JavaFX Application Thread] DEBUG FXGLDisplay          - Scene size: 800.0x700.0
18:00:50.101 [JavaFX Application Thread] DEBUG FXGLDisplay          - Stage size: 816.0x739.0
18:00:50.143 [JavaFX Application Thread] DEBUG FXGLInput            - Clearing active input actions
18:00:50.143 [JavaFX Application Thread] DEBUG FXGLMasterTimer      - Starting master timer
18:00:50.143 [JavaFX Application Thread] DEBUG GameApplication      - State: LOADING -> PLAYING
18:00:50.148 [JavaFX Application Thread] DEBUG FXGLEventBus         - Firing event: FXGLEvent[type=RESUME]
18:00:50.150 [JavaFX Application Thread] DEBUG GameScene            - Entity added to scene
18:00:50.151 [JavaFX Application Thread] DEBUG GameScene            - Added MainViewComponent
18:00:50.152 [JavaFX Application Thread] DEBUG GameScene            - Creating render group for layer: TOP(2147483647)
18:00:52.306 [JavaFX Application Thread] DEBUG FXGLEventBus         - Firing event: DisplayEvent[type=CLOSE_REQUEST]
18:00:52.307 [JavaFX Application Thread] DEBUG FXGLEventBus         - Firing event: FXGLEvent[type=EXIT]
18:00:52.309 [JavaFX Application Thread] DEBUG FXGL                 - Saving FXGL system data
18:00:52.310 [JavaFX Application Thread] DEBUG IOTask               - Executing task: writeDataTask(system/fxgl.bundle)
18:00:52.311 [JavaFX Application Thread] DEBUG FS                   - Writing to: system\fxgl.bundle
18:00:52.314 [JavaFX Application Thread] DEBUG IOTask               - Task succeeded: writeDataTask(system/fxgl.bundle)
