11:59:03.088 [FXGL Launcher Thread     ] DEBUG FXGLLoggerFactory    - Service [LoggerFactory] initialized
11:59:03.092 [FXGL Launcher Thread     ] DEBUG FXGL                 - FXGL configuration complete
11:59:03.093 [FXGL Launcher Thread     ] DEBUG FXGL                 - Loading FXGL system data
11:59:03.096 [FXGL Launcher Thread     ] DEBUG IOTask               - Executing task: readDataTask(system/fxgl.bundle)
11:59:03.098 [FXGL Launcher Thread     ] DEBUG FS                   - Reading from: system\fxgl.bundle
11:59:03.104 [FXGL Launcher Thread     ] DEBUG IOTask               - Task succeeded: readDataTask(system/fxgl.bundle)
11:59:03.104 [FXGL Launcher Thread     ] DEBUG Bundle               - Logging bundle: FXGL
11:59:03.105 [FXGL Launcher Thread     ] DEBUG Bundle               - FXGL.offline.timer.version.check=2017-01-12T08:38:28.585
11:59:03.124 [FXGL Launcher Thread     ] DEBUG GameApplication      - Configuring GameApplication
11:59:03.128 [FXGL Launcher Thread     ] DEBUG FXGLExceptionHandler - Service [ExceptionHandler] initialized
11:59:03.129 [FXGL Launcher Thread     ] DEBUG FXGLEventBus         - Service [EventBus] initialized
11:59:03.132 [FXGL Launcher Thread     ] DEBUG FXGLExecutor         - Service [Executor] initialized
11:59:03.132 [FXGL Launcher Thread     ] DEBUG PreInitTask          - Injecting gameWorld & physicsWorld
11:59:03.137 [FXGL Launcher Thread     ] DEBUG GameWorld            - Game world initialized
11:59:03.176 [FXGL Launcher Thread     ] DEBUG FXGLPooler           - Service [Pooler] initialized with default size = 128
11:59:03.177 [FXGL Launcher Thread     ] DEBUG PhysicsWorld         - Physics world initialized: appHeight=700.0, physics.ppm=50.0
11:59:03.178 [FXGL Launcher Thread     ] DEBUG FXGLInput            - Service [Input] initialized
11:59:03.198 [FXGL Launcher Thread     ] DEBUG FXGLInput            - Registered new binding: Screenshot - P
11:59:03.198 [FXGL Launcher Thread     ] DEBUG FXGLInput            - Registered new binding: Dev Options - CTRL+0
11:59:03.199 [FXGL Launcher Thread     ] DEBUG FXGLInput            - Registered new binding: Move With Mouse - PRIMARY
11:59:03.229 [FXGL Launcher Thread     ] DEBUG GameScene            - Game scene initialized: 800.0x700.0
11:59:03.236 [FXGL Launcher Thread     ] DEBUG FXGLAssetLoader      - Service [AssetLoader] initialized: cacheSize=35
11:59:03.239 [FXGL Launcher Thread     ] DEBUG FXGLAssetLoader      - Loading from disk: /assets/sounds/system/notification.wav
11:59:03.268 [FXGL Launcher Thread     ] DEBUG FXGLAssetLoader      - Loading from disk: /assets/sounds/menu/select.wav
11:59:03.269 [FXGL Launcher Thread     ] DEBUG FXGLAssetLoader      - Loading from disk: /assets/sounds/menu/back.wav
11:59:03.271 [FXGL Launcher Thread     ] DEBUG FXGLAssetLoader      - Loading from disk: /assets/sounds/menu/press.wav
11:59:03.274 [FXGL Launcher Thread     ] DEBUG FXGLAssetLoader      - Loading from disk: /assets/ui/fonts/Copperplate_Gothic_Light_Regular.ttf
11:59:03.362 [FXGL Launcher Thread     ] DEBUG FXGLAssetLoader      - Loading from disk: /assets/ui/css/fxgl.css
11:59:03.362 [FXGL Launcher Thread     ] DEBUG FXGLAssetLoader      - Loading from disk: /assets/ui/icons/fxgl_icon.png
11:59:03.394 [FXGL Launcher Thread     ] DEBUG FXGLAssetLoader      - Loading from disk: /assets/ui/css/fxgl_dark.css
11:59:03.404 [FXGL Launcher Thread     ] DEBUG FXGLDisplay          - Target size: DoubleProperty [value: 800.0] x DoubleProperty [value: 700.0] @ 1.0
11:59:03.404 [FXGL Launcher Thread     ] DEBUG FXGLDisplay          - New size:    800.0 x 700.0 @ DoubleProperty [value: 1.0]
11:59:03.404 [FXGL Launcher Thread     ] DEBUG FXGLDisplay          - Service [Display] initialized
11:59:03.404 [FXGL Launcher Thread     ] DEBUG FXGLDisplay          - Using CSS: CSS(externalForm=jar:file:/C:/Users/Mack/Documents/NetBeansProjects/MotherLoadProject/MotherLoad/lib/fxgl-0.2.9-uber.jar!/assets/ui/css/fxgl_dark.css)
11:59:03.405 [FXGL Launcher Thread     ] DEBUG InitScenesTask       - Injecting loadingScene & gameScene
11:59:03.433 [FXGL Launcher Thread     ] DEBUG FXGLMasterTimer      - Service [MasterTimer] initialized
11:59:03.436 [FXGL Launcher Thread     ] DEBUG FXGLAudioPlayer      - Service [AudioPlayer] initialized
11:59:03.444 [FXGL Launcher Thread     ] DEBUG InitProfilerTask     - Injecting profiler
11:59:03.444 [FXGL Launcher Thread     ] DEBUG GameApplication      - Starting new game
11:59:03.445 [FXGL Launcher Thread     ] DEBUG GameApplication      - Initializing App
11:59:03.446 [FXGL Launcher Thread     ] DEBUG FXGLInput            - Clearing active input actions
11:59:03.447 [FXGL Launcher Thread     ] DEBUG FXGLMasterTimer      - Stopping master timer
11:59:03.447 [FXGL Launcher Thread     ] DEBUG GameApplication      - State: STARTUP -> PAUSED
11:59:03.447 [FXGL Launcher Thread     ] DEBUG FXGLEventBus         - Firing event: FXGLEvent[type=PAUSE]
11:59:03.449 [FXGL Launcher Thread     ] DEBUG FXGLInput            - Clearing active input actions
11:59:03.449 [FXGL Launcher Thread     ] DEBUG FXGLMasterTimer      - Resetting ticks and clearing all actions
11:59:03.449 [FXGL Launcher Thread     ] DEBUG GameWorld            - Resetting game world
11:59:03.449 [FXGL Launcher Thread     ] TRACE EntityWorld          - Resetting entity world
11:59:03.450 [FXGL Launcher Thread     ] DEBUG PhysicsWorld         - Resetting physics world
11:59:03.450 [FXGL Launcher Thread     ] DEBUG GameScene            - Resetting game scene
11:59:03.450 [FXGL Launcher Thread     ] DEBUG FXGLEventBus         - Firing event: FXGLEvent[type=RESET]
11:59:03.517 [FXGL Launcher Thread     ] DEBUG GameApplication      - State: PAUSED -> LOADING
11:59:03.546 [FXGL Background Thread 1 ] DEBUG InitAppTask          - Initializing Assets
11:59:03.547 [FXGL Background Thread 1 ] DEBUG InitAppTask          - Initializing Game
11:59:03.561 [FXGL Background Thread 1 ] DEBUG FXGLAssetLoader      - Loading from disk: /assets/textures/PlayerLeft.png
11:59:03.568 [FXGL Background Thread 1 ] DEBUG InitAppTask          - Initializing Physics
11:59:03.568 [FXGL Background Thread 1 ] DEBUG InitAppTask          - Initializing UI
11:59:03.568 [FXGL Background Thread 1 ] DEBUG InitAppTask          - Initialization Complete
11:59:03.604 [JavaFX Application Thread] DEBUG FXGLDisplay          - Showing stage
11:59:03.605 [JavaFX Application Thread] DEBUG FXGLDisplay          - Root size: 800.0x700.0
11:59:03.605 [JavaFX Application Thread] DEBUG FXGLDisplay          - Scene size: 800.0x700.0
11:59:03.605 [JavaFX Application Thread] DEBUG FXGLDisplay          - Stage size: 816.0x739.0
11:59:03.678 [JavaFX Application Thread] DEBUG FXGLInput            - Clearing active input actions
11:59:03.678 [JavaFX Application Thread] DEBUG FXGLMasterTimer      - Starting master timer
11:59:03.679 [JavaFX Application Thread] DEBUG GameApplication      - State: LOADING -> PLAYING
11:59:03.684 [JavaFX Application Thread] DEBUG FXGLEventBus         - Firing event: FXGLEvent[type=RESUME]
11:59:03.689 [JavaFX Application Thread] DEBUG GameScene            - Entity added to scene
11:59:03.690 [JavaFX Application Thread] DEBUG GameScene            - Added MainViewComponent
11:59:03.692 [JavaFX Application Thread] DEBUG GameScene            - Creating render group for layer: TOP(2147483647)
11:59:03.696 [JavaFX Application Thread] DEBUG GameScene            - Entity added to scene
11:59:03.696 [JavaFX Application Thread] DEBUG GameScene            - Added MainViewComponent
11:59:08.408 [JavaFX Application Thread] DEBUG FXGLEventBus         - Firing event: DisplayEvent[type=CLOSE_REQUEST]
11:59:08.409 [JavaFX Application Thread] DEBUG FXGLEventBus         - Firing event: FXGLEvent[type=EXIT]
11:59:08.411 [JavaFX Application Thread] DEBUG FXGL                 - Saving FXGL system data
11:59:08.412 [JavaFX Application Thread] DEBUG IOTask               - Executing task: writeDataTask(system/fxgl.bundle)
11:59:08.414 [JavaFX Application Thread] DEBUG FS                   - Writing to: system\fxgl.bundle
11:59:08.417 [JavaFX Application Thread] DEBUG IOTask               - Task succeeded: writeDataTask(system/fxgl.bundle)
