18:00:58.119 [FXGL Launcher Thread     ] DEBUG FXGLLoggerFactory    - Service [LoggerFactory] initialized
18:00:58.122 [FXGL Launcher Thread     ] DEBUG FXGL                 - FXGL configuration complete
18:00:58.122 [FXGL Launcher Thread     ] DEBUG FXGL                 - Loading FXGL system data
18:00:58.125 [FXGL Launcher Thread     ] DEBUG IOTask               - Executing task: readDataTask(system/fxgl.bundle)
18:00:58.127 [FXGL Launcher Thread     ] DEBUG FS                   - Reading from: system\fxgl.bundle
18:00:58.132 [FXGL Launcher Thread     ] DEBUG IOTask               - Task succeeded: readDataTask(system/fxgl.bundle)
18:00:58.132 [FXGL Launcher Thread     ] DEBUG Bundle               - Logging bundle: FXGL
18:00:58.132 [FXGL Launcher Thread     ] DEBUG Bundle               - FXGL.offline.timer.version.check=2017-01-12T08:38:28.585
18:00:58.136 [FXGL Launcher Thread     ] DEBUG GameApplication      - Configuring GameApplication
18:00:58.140 [FXGL Launcher Thread     ] DEBUG FXGLExceptionHandler - Service [ExceptionHandler] initialized
18:00:58.140 [FXGL Launcher Thread     ] DEBUG FXGLEventBus         - Service [EventBus] initialized
18:00:58.143 [FXGL Launcher Thread     ] DEBUG FXGLExecutor         - Service [Executor] initialized
18:00:58.143 [FXGL Launcher Thread     ] DEBUG PreInitTask          - Injecting gameWorld & physicsWorld
18:00:58.147 [FXGL Launcher Thread     ] DEBUG GameWorld            - Game world initialized
18:00:58.179 [FXGL Launcher Thread     ] DEBUG FXGLPooler           - Service [Pooler] initialized with default size = 128
18:00:58.180 [FXGL Launcher Thread     ] DEBUG PhysicsWorld         - Physics world initialized: appHeight=700.0, physics.ppm=50.0
18:00:58.180 [FXGL Launcher Thread     ] DEBUG FXGLInput            - Service [Input] initialized
18:00:58.196 [FXGL Launcher Thread     ] DEBUG FXGLInput            - Registered new binding: Screenshot - P
18:00:58.196 [FXGL Launcher Thread     ] DEBUG FXGLInput            - Registered new binding: Dev Options - CTRL+0
18:00:58.196 [FXGL Launcher Thread     ] DEBUG FXGLInput            - Registered new binding: Move Up - W
18:00:58.196 [FXGL Launcher Thread     ] DEBUG FXGLInput            - Registered new binding: Move Right - A
18:00:58.196 [FXGL Launcher Thread     ] DEBUG FXGLInput            - Registered new binding: Move Left - D
18:00:58.196 [FXGL Launcher Thread     ] DEBUG FXGLInput            - Registered new binding: Move Down - S
18:00:58.218 [FXGL Launcher Thread     ] DEBUG GameScene            - Game scene initialized: 800.0x700.0
18:00:58.224 [FXGL Launcher Thread     ] DEBUG FXGLAssetLoader      - Service [AssetLoader] initialized: cacheSize=35
18:00:58.225 [FXGL Launcher Thread     ] DEBUG FXGLAssetLoader      - Loading from disk: /assets/sounds/system/notification.wav
18:00:58.245 [FXGL Launcher Thread     ] DEBUG FXGLAssetLoader      - Loading from disk: /assets/sounds/menu/select.wav
18:00:58.247 [FXGL Launcher Thread     ] DEBUG FXGLAssetLoader      - Loading from disk: /assets/sounds/menu/back.wav
18:00:58.249 [FXGL Launcher Thread     ] DEBUG FXGLAssetLoader      - Loading from disk: /assets/sounds/menu/press.wav
18:00:58.251 [FXGL Launcher Thread     ] DEBUG FXGLAssetLoader      - Loading from disk: /assets/ui/fonts/Copperplate_Gothic_Light_Regular.ttf
18:00:58.383 [FXGL Launcher Thread     ] DEBUG FXGLAssetLoader      - Loading from disk: /assets/ui/css/fxgl.css
18:00:58.384 [FXGL Launcher Thread     ] DEBUG FXGLAssetLoader      - Loading from disk: /assets/ui/icons/fxgl_icon.png
18:00:58.417 [FXGL Launcher Thread     ] DEBUG FXGLAssetLoader      - Loading from disk: /assets/ui/css/fxgl_dark.css
18:00:58.426 [FXGL Launcher Thread     ] DEBUG FXGLDisplay          - Target size: DoubleProperty [value: 800.0] x DoubleProperty [value: 700.0] @ 1.0
18:00:58.426 [FXGL Launcher Thread     ] DEBUG FXGLDisplay          - New size:    800.0 x 700.0 @ DoubleProperty [value: 1.0]
18:00:58.427 [FXGL Launcher Thread     ] DEBUG FXGLDisplay          - Service [Display] initialized
18:00:58.427 [FXGL Launcher Thread     ] DEBUG FXGLDisplay          - Using CSS: CSS(externalForm=jar:file:/I:/Documents/NetBeansProjects/MotherLoad/MotherLoad/lib/fxgl-0.2.9-uber.jar!/assets/ui/css/fxgl_dark.css)
18:00:58.427 [FXGL Launcher Thread     ] DEBUG InitScenesTask       - Injecting loadingScene & gameScene
18:00:58.449 [FXGL Launcher Thread     ] DEBUG FXGLMasterTimer      - Service [MasterTimer] initialized
18:00:58.451 [FXGL Launcher Thread     ] DEBUG FXGLAudioPlayer      - Service [AudioPlayer] initialized
18:00:58.458 [FXGL Launcher Thread     ] DEBUG InitProfilerTask     - Injecting profiler
18:00:58.458 [FXGL Launcher Thread     ] DEBUG GameApplication      - Starting new game
18:00:58.459 [FXGL Launcher Thread     ] DEBUG GameApplication      - Initializing App
18:00:58.460 [FXGL Launcher Thread     ] DEBUG FXGLInput            - Clearing active input actions
18:00:58.461 [FXGL Launcher Thread     ] DEBUG FXGLMasterTimer      - Stopping master timer
18:00:58.461 [FXGL Launcher Thread     ] DEBUG GameApplication      - State: STARTUP -> PAUSED
18:00:58.461 [FXGL Launcher Thread     ] DEBUG FXGLEventBus         - Firing event: FXGLEvent[type=PAUSE]
18:00:58.462 [FXGL Launcher Thread     ] DEBUG FXGLInput            - Clearing active input actions
18:00:58.462 [FXGL Launcher Thread     ] DEBUG FXGLMasterTimer      - Resetting ticks and clearing all actions
18:00:58.462 [FXGL Launcher Thread     ] DEBUG GameWorld            - Resetting game world
18:00:58.462 [FXGL Launcher Thread     ] TRACE EntityWorld          - Resetting entity world
18:00:58.463 [FXGL Launcher Thread     ] DEBUG PhysicsWorld         - Resetting physics world
18:00:58.463 [FXGL Launcher Thread     ] DEBUG GameScene            - Resetting game scene
18:00:58.464 [FXGL Launcher Thread     ] DEBUG FXGLEventBus         - Firing event: FXGLEvent[type=RESET]
18:00:58.514 [FXGL Launcher Thread     ] DEBUG GameApplication      - State: PAUSED -> LOADING
18:00:58.539 [FXGL Background Thread 1 ] DEBUG InitAppTask          - Initializing Assets
18:00:58.539 [FXGL Background Thread 1 ] DEBUG InitAppTask          - Initializing Game
18:00:58.551 [FXGL Background Thread 1 ] DEBUG FXGLAssetLoader      - Loading from disk: /assets/textures/player.png
18:00:58.552 [FXGL Background Thread 1 ] FATAL FXGLAssetLoader      - Loading failed for asset: player.png. Cause: Asset "/assets/textures/player.png" was not found!
18:00:58.583 [JavaFX Application Thread] DEBUG FXGLDisplay          - Showing stage
18:00:58.583 [JavaFX Application Thread] DEBUG FXGLDisplay          - Root size: 800.0x700.0
18:00:58.583 [JavaFX Application Thread] DEBUG FXGLDisplay          - Scene size: 800.0x700.0
18:00:58.583 [JavaFX Application Thread] DEBUG FXGLDisplay          - Stage size: 816.0x739.0
18:00:58.629 [JavaFX Application Thread] FATAL FXGLExceptionHandler - Uncaught Exception:
18:00:58.630 [JavaFX Application Thread] FATAL FXGLExceptionHandler - 

Exception occurred: java.lang.IllegalArgumentException : Failed to load asset: player.png. Cause: Asset "/assets/textures/player.png" was not found!
E: com.almasb.fxgl.asset.FXGLAssetLoader.loadFailed(FXGLAssetLoader.kt:639)
E: com.almasb.fxgl.asset.FXGLAssetLoader.loadTexture(FXGLAssetLoader.kt:123)
E: io.github.tdselliott.ml.EntityFactory.newPlayer(EntityFactory.java:56)
E: io.github.tdselliott.ml.MotherLoadApp.initGame(MotherLoadApp.java:104)
E: com.almasb.fxgl.app.InitAppTask.call(InitAppTask.kt:54)
E: com.almasb.fxgl.app.InitAppTask.call(InitAppTask.kt:38)
E: javafx.concurrent.Task$TaskCallable.call(Task.java:1423)
E: java.util.concurrent.FutureTask.run(FutureTask.java:266)
E: java.util.concurrent.Executors$RunnableAdapter.call(Executors.java:511)
E: java.util.concurrent.FutureTask.run(FutureTask.java:266)
E: java.util.concurrent.ThreadPoolExecutor.runWorker(ThreadPoolExecutor.java:1142)
E: java.util.concurrent.ThreadPoolExecutor$Worker.run(ThreadPoolExecutor.java:617)
E: java.lang.Thread.run(Thread.java:745)

18:00:58.630 [JavaFX Application Thread] FATAL FXGLExceptionHandler - Application will now exit
18:00:58.631 [JavaFX Application Thread] DEBUG FXGLInput            - Clearing active input actions
18:00:58.631 [JavaFX Application Thread] DEBUG FXGLMasterTimer      - Stopping master timer
18:00:58.631 [JavaFX Application Thread] DEBUG GameApplication      - State: LOADING -> PAUSED
18:00:58.631 [JavaFX Application Thread] DEBUG FXGLEventBus         - Firing event: FXGLEvent[type=PAUSE]
18:01:08.726 [JavaFX Application Thread] DEBUG FXGLEventBus         - Firing event: FXGLEvent[type=EXIT]
18:01:08.728 [JavaFX Application Thread] DEBUG FXGL                 - Saving FXGL system data
18:01:08.729 [JavaFX Application Thread] DEBUG IOTask               - Executing task: writeDataTask(system/fxgl.bundle)
18:01:08.730 [JavaFX Application Thread] DEBUG FS                   - Writing to: system\fxgl.bundle
18:01:08.733 [JavaFX Application Thread] DEBUG IOTask               - Task succeeded: writeDataTask(system/fxgl.bundle)
