19:42:37.180 [FXGL Launcher Thread     ] DEBUG FXGLLoggerFactory    - Service [LoggerFactory] initialized
19:42:37.184 [FXGL Launcher Thread     ] DEBUG FXGL                 - FXGL configuration complete
19:42:37.184 [FXGL Launcher Thread     ] DEBUG FXGL                 - Loading FXGL system data
19:42:37.186 [FXGL Launcher Thread     ] DEBUG IOTask               - Executing task: readDataTask(system/fxgl.bundle)
19:42:37.189 [FXGL Launcher Thread     ] DEBUG FS                   - Reading from: system\fxgl.bundle
19:42:37.193 [FXGL Launcher Thread     ] DEBUG IOTask               - Task succeeded: readDataTask(system/fxgl.bundle)
19:42:37.193 [FXGL Launcher Thread     ] DEBUG Bundle               - Logging bundle: FXGL
19:42:37.194 [FXGL Launcher Thread     ] DEBUG Bundle               - FXGL.offline.timer.version.check=2017-01-12T08:38:28.585
19:42:37.200 [FXGL Launcher Thread     ] DEBUG GameApplication      - Configuring GameApplication
19:42:37.203 [FXGL Launcher Thread     ] DEBUG FXGLExceptionHandler - Service [ExceptionHandler] initialized
19:42:37.203 [FXGL Launcher Thread     ] DEBUG FXGLEventBus         - Service [EventBus] initialized
19:42:37.206 [FXGL Launcher Thread     ] DEBUG FXGLExecutor         - Service [Executor] initialized
19:42:37.206 [FXGL Launcher Thread     ] DEBUG PreInitTask          - Injecting gameWorld & physicsWorld
19:42:37.210 [FXGL Launcher Thread     ] DEBUG GameWorld            - Game world initialized
19:42:37.241 [FXGL Launcher Thread     ] DEBUG FXGLPooler           - Service [Pooler] initialized with default size = 128
19:42:37.241 [FXGL Launcher Thread     ] DEBUG PhysicsWorld         - Physics world initialized: appHeight=700.0, physics.ppm=50.0
19:42:37.242 [FXGL Launcher Thread     ] DEBUG FXGLInput            - Service [Input] initialized
19:42:37.256 [FXGL Launcher Thread     ] DEBUG FXGLInput            - Registered new binding: Screenshot - P
19:42:37.256 [FXGL Launcher Thread     ] DEBUG FXGLInput            - Registered new binding: Dev Options - CTRL+0
19:42:37.257 [FXGL Launcher Thread     ] DEBUG FXGLInput            - Registered new binding: Move With Mouse - PRIMARY
19:42:37.278 [FXGL Launcher Thread     ] DEBUG GameScene            - Game scene initialized: 800.0x700.0
19:42:37.284 [FXGL Launcher Thread     ] DEBUG FXGLAssetLoader      - Service [AssetLoader] initialized: cacheSize=35
19:42:37.287 [FXGL Launcher Thread     ] DEBUG FXGLAssetLoader      - Loading from disk: /assets/sounds/system/notification.wav
19:42:37.306 [FXGL Launcher Thread     ] DEBUG FXGLAssetLoader      - Loading from disk: /assets/sounds/menu/select.wav
19:42:37.308 [FXGL Launcher Thread     ] DEBUG FXGLAssetLoader      - Loading from disk: /assets/sounds/menu/back.wav
19:42:37.310 [FXGL Launcher Thread     ] DEBUG FXGLAssetLoader      - Loading from disk: /assets/sounds/menu/press.wav
19:42:37.312 [FXGL Launcher Thread     ] DEBUG FXGLAssetLoader      - Loading from disk: /assets/ui/fonts/Copperplate_Gothic_Light_Regular.ttf
19:42:37.447 [FXGL Launcher Thread     ] DEBUG FXGLAssetLoader      - Loading from disk: /assets/ui/css/fxgl.css
19:42:37.447 [FXGL Launcher Thread     ] DEBUG FXGLAssetLoader      - Loading from disk: /assets/ui/icons/fxgl_icon.png
19:42:37.477 [FXGL Launcher Thread     ] DEBUG FXGLAssetLoader      - Loading from disk: /assets/ui/css/fxgl_dark.css
19:42:37.486 [FXGL Launcher Thread     ] DEBUG FXGLDisplay          - Target size: DoubleProperty [value: 800.0] x DoubleProperty [value: 700.0] @ 1.0
19:42:37.486 [FXGL Launcher Thread     ] DEBUG FXGLDisplay          - New size:    800.0 x 700.0 @ DoubleProperty [value: 1.0]
19:42:37.486 [FXGL Launcher Thread     ] DEBUG FXGLDisplay          - Service [Display] initialized
19:42:37.486 [FXGL Launcher Thread     ] DEBUG FXGLDisplay          - Using CSS: CSS(externalForm=jar:file:/I:/Documents/NetBeansProjects/MotherLoad/MotherLoad/lib/fxgl-0.2.9-uber.jar!/assets/ui/css/fxgl_dark.css)
19:42:37.486 [FXGL Launcher Thread     ] DEBUG InitScenesTask       - Injecting loadingScene & gameScene
19:42:37.506 [FXGL Launcher Thread     ] DEBUG FXGLMasterTimer      - Service [MasterTimer] initialized
19:42:37.509 [FXGL Launcher Thread     ] DEBUG FXGLAudioPlayer      - Service [AudioPlayer] initialized
19:42:37.516 [FXGL Launcher Thread     ] DEBUG InitProfilerTask     - Injecting profiler
19:42:37.516 [FXGL Launcher Thread     ] DEBUG GameApplication      - Starting new game
19:42:37.517 [FXGL Launcher Thread     ] DEBUG GameApplication      - Initializing App
19:42:37.518 [FXGL Launcher Thread     ] DEBUG FXGLInput            - Clearing active input actions
19:42:37.518 [FXGL Launcher Thread     ] DEBUG FXGLMasterTimer      - Stopping master timer
19:42:37.518 [FXGL Launcher Thread     ] DEBUG GameApplication      - State: STARTUP -> PAUSED
19:42:37.519 [FXGL Launcher Thread     ] DEBUG FXGLEventBus         - Firing event: FXGLEvent[type=PAUSE]
19:42:37.520 [FXGL Launcher Thread     ] DEBUG FXGLInput            - Clearing active input actions
19:42:37.520 [FXGL Launcher Thread     ] DEBUG FXGLMasterTimer      - Resetting ticks and clearing all actions
19:42:37.520 [FXGL Launcher Thread     ] DEBUG GameWorld            - Resetting game world
19:42:37.520 [FXGL Launcher Thread     ] TRACE EntityWorld          - Resetting entity world
19:42:37.521 [FXGL Launcher Thread     ] DEBUG PhysicsWorld         - Resetting physics world
19:42:37.521 [FXGL Launcher Thread     ] DEBUG GameScene            - Resetting game scene
19:42:37.521 [FXGL Launcher Thread     ] DEBUG FXGLEventBus         - Firing event: FXGLEvent[type=RESET]
19:42:37.570 [FXGL Launcher Thread     ] DEBUG GameApplication      - State: PAUSED -> LOADING
19:42:37.595 [FXGL Background Thread 1 ] DEBUG InitAppTask          - Initializing Assets
19:42:37.596 [FXGL Background Thread 1 ] DEBUG InitAppTask          - Initializing Game
19:42:37.611 [FXGL Background Thread 1 ] DEBUG FXGLAssetLoader      - Loading from disk: /assets/textures/PlayerLeft.png
19:42:37.619 [FXGL Background Thread 1 ] DEBUG FXGLAssetLoader      - Loading from disk: /assets/textures/Ground1.png
19:42:37.622 [FXGL Background Thread 1 ] DEBUG FXGLAssetLoader      - Loading from cache: /assets/textures/Ground1.png
19:42:37.622 [FXGL Background Thread 1 ] DEBUG FXGLAssetLoader      - Loading from cache: /assets/textures/Ground1.png
19:42:37.623 [FXGL Background Thread 1 ] DEBUG FXGLAssetLoader      - Loading from cache: /assets/textures/Ground1.png
19:42:37.623 [FXGL Background Thread 1 ] DEBUG FXGLAssetLoader      - Loading from cache: /assets/textures/Ground1.png
19:42:37.624 [FXGL Background Thread 1 ] DEBUG FXGLAssetLoader      - Loading from cache: /assets/textures/Ground1.png
19:42:37.624 [FXGL Background Thread 1 ] DEBUG FXGLAssetLoader      - Loading from cache: /assets/textures/Ground1.png
19:42:37.625 [FXGL Background Thread 1 ] DEBUG FXGLAssetLoader      - Loading from cache: /assets/textures/Ground1.png
19:42:37.626 [FXGL Background Thread 1 ] DEBUG FXGLAssetLoader      - Loading from cache: /assets/textures/Ground1.png
19:42:37.626 [FXGL Background Thread 1 ] DEBUG FXGLAssetLoader      - Loading from cache: /assets/textures/Ground1.png
19:42:37.627 [FXGL Background Thread 1 ] DEBUG FXGLAssetLoader      - Loading from cache: /assets/textures/Ground1.png
19:42:37.628 [FXGL Background Thread 1 ] DEBUG FXGLAssetLoader      - Loading from cache: /assets/textures/Ground1.png
19:42:37.628 [FXGL Background Thread 1 ] DEBUG FXGLAssetLoader      - Loading from cache: /assets/textures/Ground1.png
19:42:37.629 [FXGL Background Thread 1 ] DEBUG FXGLAssetLoader      - Loading from cache: /assets/textures/Ground1.png
19:42:37.629 [FXGL Background Thread 1 ] DEBUG FXGLAssetLoader      - Loading from cache: /assets/textures/Ground1.png
19:42:37.630 [FXGL Background Thread 1 ] DEBUG FXGLAssetLoader      - Loading from cache: /assets/textures/Ground1.png
19:42:37.630 [FXGL Background Thread 1 ] DEBUG FXGLAssetLoader      - Loading from cache: /assets/textures/Ground1.png
19:42:37.631 [FXGL Background Thread 1 ] DEBUG FXGLAssetLoader      - Loading from cache: /assets/textures/Ground1.png
19:42:37.632 [FXGL Background Thread 1 ] DEBUG FXGLAssetLoader      - Loading from cache: /assets/textures/Ground1.png
19:42:37.632 [FXGL Background Thread 1 ] DEBUG FXGLAssetLoader      - Loading from cache: /assets/textures/Ground1.png
19:42:37.632 [FXGL Background Thread 1 ] DEBUG FXGLAssetLoader      - Loading from cache: /assets/textures/Ground1.png
19:42:37.633 [FXGL Background Thread 1 ] DEBUG FXGLAssetLoader      - Loading from cache: /assets/textures/Ground1.png
19:42:37.634 [FXGL Background Thread 1 ] DEBUG FXGLAssetLoader      - Loading from cache: /assets/textures/Ground1.png
19:42:37.634 [FXGL Background Thread 1 ] DEBUG FXGLAssetLoader      - Loading from cache: /assets/textures/Ground1.png
19:42:37.634 [JavaFX Application Thread] DEBUG FXGLDisplay          - Showing stage
19:42:37.635 [JavaFX Application Thread] DEBUG FXGLDisplay          - Root size: 800.0x700.0
19:42:37.635 [JavaFX Application Thread] DEBUG FXGLDisplay          - Scene size: 800.0x700.0
19:42:37.635 [JavaFX Application Thread] DEBUG FXGLDisplay          - Stage size: 816.0x739.0
19:42:37.635 [FXGL Background Thread 1 ] DEBUG FXGLAssetLoader      - Loading from cache: /assets/textures/Ground1.png
19:42:37.635 [FXGL Background Thread 1 ] DEBUG FXGLAssetLoader      - Loading from cache: /assets/textures/Ground1.png
19:42:37.636 [FXGL Background Thread 1 ] DEBUG FXGLAssetLoader      - Loading from cache: /assets/textures/Ground1.png
19:42:37.637 [FXGL Background Thread 1 ] DEBUG FXGLAssetLoader      - Loading from cache: /assets/textures/Ground1.png
19:42:37.637 [FXGL Background Thread 1 ] DEBUG FXGLAssetLoader      - Loading from cache: /assets/textures/Ground1.png
19:42:37.638 [FXGL Background Thread 1 ] DEBUG FXGLAssetLoader      - Loading from cache: /assets/textures/Ground1.png
19:42:37.639 [FXGL Background Thread 1 ] DEBUG FXGLAssetLoader      - Loading from cache: /assets/textures/Ground1.png
19:42:37.639 [FXGL Background Thread 1 ] DEBUG FXGLAssetLoader      - Loading from cache: /assets/textures/Ground1.png
19:42:37.640 [FXGL Background Thread 1 ] DEBUG FXGLAssetLoader      - Loading from cache: /assets/textures/Ground1.png
19:42:37.640 [FXGL Background Thread 1 ] DEBUG FXGLAssetLoader      - Loading from cache: /assets/textures/Ground1.png
19:42:37.641 [FXGL Background Thread 1 ] DEBUG FXGLAssetLoader      - Loading from cache: /assets/textures/Ground1.png
19:42:37.641 [FXGL Background Thread 1 ] DEBUG FXGLAssetLoader      - Loading from cache: /assets/textures/Ground1.png
19:42:37.642 [FXGL Background Thread 1 ] DEBUG FXGLAssetLoader      - Loading from cache: /assets/textures/Ground1.png
19:42:37.642 [FXGL Background Thread 1 ] DEBUG FXGLAssetLoader      - Loading from cache: /assets/textures/Ground1.png
19:42:37.643 [FXGL Background Thread 1 ] DEBUG FXGLAssetLoader      - Loading from cache: /assets/textures/Ground1.png
19:42:37.643 [FXGL Background Thread 1 ] DEBUG FXGLAssetLoader      - Loading from cache: /assets/textures/Ground1.png
19:42:37.643 [FXGL Background Thread 1 ] DEBUG FXGLAssetLoader      - Loading from cache: /assets/textures/Ground1.png
19:42:37.644 [FXGL Background Thread 1 ] DEBUG FXGLAssetLoader      - Loading from cache: /assets/textures/Ground1.png
19:42:37.644 [FXGL Background Thread 1 ] DEBUG FXGLAssetLoader      - Loading from cache: /assets/textures/Ground1.png
19:42:37.645 [FXGL Background Thread 1 ] DEBUG FXGLAssetLoader      - Loading from cache: /assets/textures/Ground1.png
19:42:37.645 [FXGL Background Thread 1 ] DEBUG FXGLAssetLoader      - Loading from cache: /assets/textures/Ground1.png
19:42:37.646 [FXGL Background Thread 1 ] DEBUG FXGLAssetLoader      - Loading from cache: /assets/textures/Ground1.png
19:42:37.646 [FXGL Background Thread 1 ] DEBUG FXGLAssetLoader      - Loading from cache: /assets/textures/Ground1.png
19:42:37.647 [FXGL Background Thread 1 ] DEBUG FXGLAssetLoader      - Loading from cache: /assets/textures/Ground1.png
19:42:37.647 [FXGL Background Thread 1 ] DEBUG FXGLAssetLoader      - Loading from cache: /assets/textures/Ground1.png
19:42:37.648 [FXGL Background Thread 1 ] DEBUG FXGLAssetLoader      - Loading from cache: /assets/textures/Ground1.png
19:42:37.648 [FXGL Background Thread 1 ] DEBUG FXGLAssetLoader      - Loading from cache: /assets/textures/Ground1.png
19:42:37.649 [FXGL Background Thread 1 ] DEBUG FXGLAssetLoader      - Loading from cache: /assets/textures/Ground1.png
19:42:37.649 [FXGL Background Thread 1 ] DEBUG FXGLAssetLoader      - Loading from cache: /assets/textures/Ground1.png
19:42:37.650 [FXGL Background Thread 1 ] DEBUG FXGLAssetLoader      - Loading from cache: /assets/textures/Ground1.png
19:42:37.650 [FXGL Background Thread 1 ] DEBUG FXGLAssetLoader      - Loading from cache: /assets/textures/Ground1.png
19:42:37.651 [FXGL Background Thread 1 ] DEBUG FXGLAssetLoader      - Loading from cache: /assets/textures/Ground1.png
19:42:37.651 [FXGL Background Thread 1 ] DEBUG FXGLAssetLoader      - Loading from cache: /assets/textures/Ground1.png
19:42:37.652 [FXGL Background Thread 1 ] DEBUG FXGLAssetLoader      - Loading from cache: /assets/textures/Ground1.png
19:42:37.652 [FXGL Background Thread 1 ] DEBUG FXGLAssetLoader      - Loading from cache: /assets/textures/Ground1.png
19:42:37.653 [FXGL Background Thread 1 ] DEBUG FXGLAssetLoader      - Loading from cache: /assets/textures/Ground1.png
19:42:37.653 [FXGL Background Thread 1 ] DEBUG FXGLAssetLoader      - Loading from cache: /assets/textures/Ground1.png
19:42:37.654 [FXGL Background Thread 1 ] DEBUG FXGLAssetLoader      - Loading from cache: /assets/textures/Ground1.png
19:42:37.655 [FXGL Background Thread 1 ] DEBUG FXGLAssetLoader      - Loading from cache: /assets/textures/Ground1.png
19:42:37.655 [FXGL Background Thread 1 ] DEBUG FXGLAssetLoader      - Loading from cache: /assets/textures/Ground1.png
19:42:37.656 [FXGL Background Thread 1 ] DEBUG FXGLAssetLoader      - Loading from cache: /assets/textures/Ground1.png
19:42:37.656 [FXGL Background Thread 1 ] DEBUG FXGLAssetLoader      - Loading from cache: /assets/textures/Ground1.png
19:42:37.656 [FXGL Background Thread 1 ] DEBUG FXGLAssetLoader      - Loading from cache: /assets/textures/Ground1.png
19:42:37.657 [FXGL Background Thread 1 ] DEBUG FXGLAssetLoader      - Loading from cache: /assets/textures/Ground1.png
19:42:37.657 [FXGL Background Thread 1 ] DEBUG FXGLAssetLoader      - Loading from cache: /assets/textures/Ground1.png
19:42:37.658 [FXGL Background Thread 1 ] DEBUG FXGLAssetLoader      - Loading from cache: /assets/textures/Ground1.png
19:42:37.658 [FXGL Background Thread 1 ] DEBUG FXGLAssetLoader      - Loading from cache: /assets/textures/Ground1.png
19:42:37.659 [FXGL Background Thread 1 ] DEBUG FXGLAssetLoader      - Loading from cache: /assets/textures/Ground1.png
19:42:37.659 [FXGL Background Thread 1 ] DEBUG FXGLAssetLoader      - Loading from cache: /assets/textures/Ground1.png
19:42:37.660 [FXGL Background Thread 1 ] DEBUG FXGLAssetLoader      - Loading from cache: /assets/textures/Ground1.png
19:42:37.660 [FXGL Background Thread 1 ] DEBUG FXGLAssetLoader      - Loading from cache: /assets/textures/Ground1.png
19:42:37.660 [FXGL Background Thread 1 ] DEBUG InitAppTask          - Initializing Physics
19:42:37.661 [FXGL Background Thread 1 ] DEBUG InitAppTask          - Initializing UI
19:42:37.661 [FXGL Background Thread 1 ] DEBUG InitAppTask          - Initialization Complete
19:42:37.680 [JavaFX Application Thread] DEBUG FXGLInput            - Clearing active input actions
19:42:37.681 [JavaFX Application Thread] DEBUG FXGLMasterTimer      - Starting master timer
19:42:37.681 [JavaFX Application Thread] DEBUG GameApplication      - State: LOADING -> PLAYING
19:42:37.684 [JavaFX Application Thread] DEBUG FXGLEventBus         - Firing event: FXGLEvent[type=RESUME]
19:42:37.688 [JavaFX Application Thread] DEBUG GameScene            - Entity added to scene
19:42:37.688 [JavaFX Application Thread] DEBUG GameScene            - Added MainViewComponent
19:42:37.690 [JavaFX Application Thread] DEBUG GameScene            - Creating render group for layer: TOP(2147483647)
19:42:37.694 [JavaFX Application Thread] DEBUG GameScene            - Entity added to scene
19:42:37.694 [JavaFX Application Thread] DEBUG GameScene            - Added MainViewComponent
19:42:37.694 [JavaFX Application Thread] DEBUG GameScene            - Entity added to scene
19:42:37.694 [JavaFX Application Thread] DEBUG GameScene            - Added MainViewComponent
19:42:37.694 [JavaFX Application Thread] DEBUG GameScene            - Entity added to scene
19:42:37.695 [JavaFX Application Thread] DEBUG GameScene            - Added MainViewComponent
19:42:37.695 [JavaFX Application Thread] DEBUG GameScene            - Entity added to scene
19:42:37.695 [JavaFX Application Thread] DEBUG GameScene            - Added MainViewComponent
19:42:37.695 [JavaFX Application Thread] DEBUG GameScene            - Entity added to scene
19:42:37.695 [JavaFX Application Thread] DEBUG GameScene            - Added MainViewComponent
19:42:37.695 [JavaFX Application Thread] DEBUG GameScene            - Entity added to scene
19:42:37.695 [JavaFX Application Thread] DEBUG GameScene            - Added MainViewComponent
19:42:37.695 [JavaFX Application Thread] DEBUG GameScene            - Entity added to scene
19:42:37.695 [JavaFX Application Thread] DEBUG GameScene            - Added MainViewComponent
19:42:37.696 [JavaFX Application Thread] DEBUG GameScene            - Entity added to scene
19:42:37.696 [JavaFX Application Thread] DEBUG GameScene            - Added MainViewComponent
19:42:37.696 [JavaFX Application Thread] DEBUG GameScene            - Entity added to scene
19:42:37.696 [JavaFX Application Thread] DEBUG GameScene            - Added MainViewComponent
19:42:37.696 [JavaFX Application Thread] DEBUG GameScene            - Entity added to scene
19:42:37.696 [JavaFX Application Thread] DEBUG GameScene            - Added MainViewComponent
19:42:37.696 [JavaFX Application Thread] DEBUG GameScene            - Entity added to scene
19:42:37.696 [JavaFX Application Thread] DEBUG GameScene            - Added MainViewComponent
19:42:37.696 [JavaFX Application Thread] DEBUG GameScene            - Entity added to scene
19:42:37.696 [JavaFX Application Thread] DEBUG GameScene            - Added MainViewComponent
19:42:37.697 [JavaFX Application Thread] DEBUG GameScene            - Entity added to scene
19:42:37.697 [JavaFX Application Thread] DEBUG GameScene            - Added MainViewComponent
19:42:37.697 [JavaFX Application Thread] DEBUG GameScene            - Entity added to scene
19:42:37.697 [JavaFX Application Thread] DEBUG GameScene            - Added MainViewComponent
19:42:37.697 [JavaFX Application Thread] DEBUG GameScene            - Entity added to scene
19:42:37.697 [JavaFX Application Thread] DEBUG GameScene            - Added MainViewComponent
19:42:37.697 [JavaFX Application Thread] DEBUG GameScene            - Entity added to scene
19:42:37.697 [JavaFX Application Thread] DEBUG GameScene            - Added MainViewComponent
19:42:37.697 [JavaFX Application Thread] DEBUG GameScene            - Entity added to scene
19:42:37.697 [JavaFX Application Thread] DEBUG GameScene            - Added MainViewComponent
19:42:37.698 [JavaFX Application Thread] DEBUG GameScene            - Entity added to scene
19:42:37.698 [JavaFX Application Thread] DEBUG GameScene            - Added MainViewComponent
19:42:37.698 [JavaFX Application Thread] DEBUG GameScene            - Entity added to scene
19:42:37.698 [JavaFX Application Thread] DEBUG GameScene            - Added MainViewComponent
19:42:37.698 [JavaFX Application Thread] DEBUG GameScene            - Entity added to scene
19:42:37.698 [JavaFX Application Thread] DEBUG GameScene            - Added MainViewComponent
19:42:37.698 [JavaFX Application Thread] DEBUG GameScene            - Entity added to scene
19:42:37.699 [JavaFX Application Thread] DEBUG GameScene            - Added MainViewComponent
19:42:37.699 [JavaFX Application Thread] DEBUG GameScene            - Entity added to scene
19:42:37.699 [JavaFX Application Thread] DEBUG GameScene            - Added MainViewComponent
19:42:37.699 [JavaFX Application Thread] DEBUG GameScene            - Entity added to scene
19:42:37.699 [JavaFX Application Thread] DEBUG GameScene            - Added MainViewComponent
19:42:37.699 [JavaFX Application Thread] DEBUG GameScene            - Entity added to scene
19:42:37.699 [JavaFX Application Thread] DEBUG GameScene            - Added MainViewComponent
19:42:37.699 [JavaFX Application Thread] DEBUG GameScene            - Entity added to scene
19:42:37.700 [JavaFX Application Thread] DEBUG GameScene            - Added MainViewComponent
19:42:37.700 [JavaFX Application Thread] DEBUG GameScene            - Entity added to scene
19:42:37.700 [JavaFX Application Thread] DEBUG GameScene            - Added MainViewComponent
19:42:37.700 [JavaFX Application Thread] DEBUG GameScene            - Entity added to scene
19:42:37.700 [JavaFX Application Thread] DEBUG GameScene            - Added MainViewComponent
19:42:37.700 [JavaFX Application Thread] DEBUG GameScene            - Entity added to scene
19:42:37.700 [JavaFX Application Thread] DEBUG GameScene            - Added MainViewComponent
19:42:37.700 [JavaFX Application Thread] DEBUG GameScene            - Entity added to scene
19:42:37.700 [JavaFX Application Thread] DEBUG GameScene            - Added MainViewComponent
19:42:37.701 [JavaFX Application Thread] DEBUG GameScene            - Entity added to scene
19:42:37.701 [JavaFX Application Thread] DEBUG GameScene            - Added MainViewComponent
19:42:37.701 [JavaFX Application Thread] DEBUG GameScene            - Entity added to scene
19:42:37.701 [JavaFX Application Thread] DEBUG GameScene            - Added MainViewComponent
19:42:37.701 [JavaFX Application Thread] DEBUG GameScene            - Entity added to scene
19:42:37.701 [JavaFX Application Thread] DEBUG GameScene            - Added MainViewComponent
19:42:37.701 [JavaFX Application Thread] DEBUG GameScene            - Entity added to scene
19:42:37.701 [JavaFX Application Thread] DEBUG GameScene            - Added MainViewComponent
19:42:37.701 [JavaFX Application Thread] DEBUG GameScene            - Entity added to scene
19:42:37.701 [JavaFX Application Thread] DEBUG GameScene            - Added MainViewComponent
19:42:37.702 [JavaFX Application Thread] DEBUG GameScene            - Entity added to scene
19:42:37.702 [JavaFX Application Thread] DEBUG GameScene            - Added MainViewComponent
19:42:37.702 [JavaFX Application Thread] DEBUG GameScene            - Entity added to scene
19:42:37.702 [JavaFX Application Thread] DEBUG GameScene            - Added MainViewComponent
19:42:37.702 [JavaFX Application Thread] DEBUG GameScene            - Entity added to scene
19:42:37.702 [JavaFX Application Thread] DEBUG GameScene            - Added MainViewComponent
19:42:37.702 [JavaFX Application Thread] DEBUG GameScene            - Entity added to scene
19:42:37.702 [JavaFX Application Thread] DEBUG GameScene            - Added MainViewComponent
19:42:37.703 [JavaFX Application Thread] DEBUG GameScene            - Entity added to scene
19:42:37.703 [JavaFX Application Thread] DEBUG GameScene            - Added MainViewComponent
19:42:37.703 [JavaFX Application Thread] DEBUG GameScene            - Entity added to scene
19:42:37.703 [JavaFX Application Thread] DEBUG GameScene            - Added MainViewComponent
19:42:37.703 [JavaFX Application Thread] DEBUG GameScene            - Entity added to scene
19:42:37.703 [JavaFX Application Thread] DEBUG GameScene            - Added MainViewComponent
19:42:37.703 [JavaFX Application Thread] DEBUG GameScene            - Entity added to scene
19:42:37.703 [JavaFX Application Thread] DEBUG GameScene            - Added MainViewComponent
19:42:37.703 [JavaFX Application Thread] DEBUG GameScene            - Entity added to scene
19:42:37.703 [JavaFX Application Thread] DEBUG GameScene            - Added MainViewComponent
19:42:37.704 [JavaFX Application Thread] DEBUG GameScene            - Entity added to scene
19:42:37.704 [JavaFX Application Thread] DEBUG GameScene            - Added MainViewComponent
19:42:37.704 [JavaFX Application Thread] DEBUG GameScene            - Entity added to scene
19:42:37.704 [JavaFX Application Thread] DEBUG GameScene            - Added MainViewComponent
19:42:37.704 [JavaFX Application Thread] DEBUG GameScene            - Entity added to scene
19:42:37.704 [JavaFX Application Thread] DEBUG GameScene            - Added MainViewComponent
19:42:37.704 [JavaFX Application Thread] DEBUG GameScene            - Entity added to scene
19:42:37.704 [JavaFX Application Thread] DEBUG GameScene            - Added MainViewComponent
19:42:37.704 [JavaFX Application Thread] DEBUG GameScene            - Entity added to scene
19:42:37.705 [JavaFX Application Thread] DEBUG GameScene            - Added MainViewComponent
19:42:37.705 [JavaFX Application Thread] DEBUG GameScene            - Entity added to scene
19:42:37.705 [JavaFX Application Thread] DEBUG GameScene            - Added MainViewComponent
19:42:37.705 [JavaFX Application Thread] DEBUG GameScene            - Entity added to scene
19:42:37.705 [JavaFX Application Thread] DEBUG GameScene            - Added MainViewComponent
19:42:37.705 [JavaFX Application Thread] DEBUG GameScene            - Entity added to scene
19:42:37.705 [JavaFX Application Thread] DEBUG GameScene            - Added MainViewComponent
19:42:37.705 [JavaFX Application Thread] DEBUG GameScene            - Entity added to scene
19:42:37.705 [JavaFX Application Thread] DEBUG GameScene            - Added MainViewComponent
19:42:37.706 [JavaFX Application Thread] DEBUG GameScene            - Entity added to scene
19:42:37.706 [JavaFX Application Thread] DEBUG GameScene            - Added MainViewComponent
19:42:37.706 [JavaFX Application Thread] DEBUG GameScene            - Entity added to scene
19:42:37.706 [JavaFX Application Thread] DEBUG GameScene            - Added MainViewComponent
19:42:37.706 [JavaFX Application Thread] DEBUG GameScene            - Entity added to scene
19:42:37.706 [JavaFX Application Thread] DEBUG GameScene            - Added MainViewComponent
19:42:37.706 [JavaFX Application Thread] DEBUG GameScene            - Entity added to scene
19:42:37.706 [JavaFX Application Thread] DEBUG GameScene            - Added MainViewComponent
19:42:37.707 [JavaFX Application Thread] DEBUG GameScene            - Entity added to scene
19:42:37.707 [JavaFX Application Thread] DEBUG GameScene            - Added MainViewComponent
19:42:37.707 [JavaFX Application Thread] DEBUG GameScene            - Entity added to scene
19:42:37.707 [JavaFX Application Thread] DEBUG GameScene            - Added MainViewComponent
19:42:37.707 [JavaFX Application Thread] DEBUG GameScene            - Entity added to scene
19:42:37.707 [JavaFX Application Thread] DEBUG GameScene            - Added MainViewComponent
19:42:37.707 [JavaFX Application Thread] DEBUG GameScene            - Entity added to scene
19:42:37.707 [JavaFX Application Thread] DEBUG GameScene            - Added MainViewComponent
19:42:37.707 [JavaFX Application Thread] DEBUG GameScene            - Entity added to scene
19:42:37.707 [JavaFX Application Thread] DEBUG GameScene            - Added MainViewComponent
19:42:37.708 [JavaFX Application Thread] DEBUG GameScene            - Entity added to scene
19:42:37.708 [JavaFX Application Thread] DEBUG GameScene            - Added MainViewComponent
19:42:37.708 [JavaFX Application Thread] DEBUG GameScene            - Entity added to scene
19:42:37.708 [JavaFX Application Thread] DEBUG GameScene            - Added MainViewComponent
19:42:37.708 [JavaFX Application Thread] DEBUG GameScene            - Entity added to scene
19:42:37.708 [JavaFX Application Thread] DEBUG GameScene            - Added MainViewComponent
19:42:37.708 [JavaFX Application Thread] DEBUG GameScene            - Entity added to scene
19:42:37.708 [JavaFX Application Thread] DEBUG GameScene            - Added MainViewComponent
19:42:37.708 [JavaFX Application Thread] DEBUG GameScene            - Entity added to scene
19:42:37.709 [JavaFX Application Thread] DEBUG GameScene            - Added MainViewComponent
19:42:37.709 [JavaFX Application Thread] DEBUG GameScene            - Entity added to scene
19:42:37.709 [JavaFX Application Thread] DEBUG GameScene            - Added MainViewComponent
19:42:37.709 [JavaFX Application Thread] DEBUG GameScene            - Entity added to scene
19:42:37.709 [JavaFX Application Thread] DEBUG GameScene            - Added MainViewComponent
19:42:37.709 [JavaFX Application Thread] DEBUG GameScene            - Entity added to scene
19:42:37.709 [JavaFX Application Thread] DEBUG GameScene            - Added MainViewComponent
19:42:37.709 [JavaFX Application Thread] DEBUG GameScene            - Entity added to scene
19:42:37.709 [JavaFX Application Thread] DEBUG GameScene            - Added MainViewComponent
19:42:37.709 [JavaFX Application Thread] DEBUG GameScene            - Entity added to scene
19:42:37.709 [JavaFX Application Thread] DEBUG GameScene            - Added MainViewComponent
19:42:37.710 [JavaFX Application Thread] DEBUG GameScene            - Entity added to scene
19:42:37.710 [JavaFX Application Thread] DEBUG GameScene            - Added MainViewComponent
19:42:37.710 [JavaFX Application Thread] DEBUG GameScene            - Entity added to scene
19:42:37.710 [JavaFX Application Thread] DEBUG GameScene            - Added MainViewComponent
19:42:37.710 [JavaFX Application Thread] DEBUG GameScene            - Entity added to scene
19:42:37.710 [JavaFX Application Thread] DEBUG GameScene            - Added MainViewComponent
19:42:37.710 [JavaFX Application Thread] DEBUG GameScene            - Entity added to scene
19:42:37.710 [JavaFX Application Thread] DEBUG GameScene            - Added MainViewComponent
19:42:52.445 [JavaFX Application Thread] DEBUG FXGLEventBus         - Firing event: DisplayEvent[type=CLOSE_REQUEST]
19:42:52.446 [JavaFX Application Thread] DEBUG FXGLEventBus         - Firing event: FXGLEvent[type=EXIT]
19:42:52.449 [JavaFX Application Thread] DEBUG FXGL                 - Saving FXGL system data
19:42:52.450 [JavaFX Application Thread] DEBUG IOTask               - Executing task: writeDataTask(system/fxgl.bundle)
19:42:52.451 [JavaFX Application Thread] DEBUG FS                   - Writing to: system\fxgl.bundle
19:42:52.454 [JavaFX Application Thread] DEBUG IOTask               - Task succeeded: writeDataTask(system/fxgl.bundle)
