10:40:13.513 [FXGL Launcher Thread     ] DEBUG FXGLLoggerFactory    - Service [LoggerFactory] initialized
10:40:13.518 [FXGL Launcher Thread     ] DEBUG FXGL                 - FXGL configuration complete
10:40:13.518 [FXGL Launcher Thread     ] DEBUG FXGL                 - Loading FXGL system data
10:40:13.521 [FXGL Launcher Thread     ] DEBUG IOTask               - Executing task: readDataTask(system/fxgl.bundle)
10:40:13.524 [FXGL Launcher Thread     ] DEBUG FS                   - Reading from: system\fxgl.bundle
10:40:13.529 [FXGL Launcher Thread     ] DEBUG IOTask               - Task succeeded: readDataTask(system/fxgl.bundle)
10:40:13.529 [FXGL Launcher Thread     ] DEBUG Bundle               - Logging bundle: FXGL
10:40:13.530 [FXGL Launcher Thread     ] DEBUG Bundle               - FXGL.offline.timer.version.check=2017-01-12T08:38:28.585
10:40:13.541 [FXGL Launcher Thread     ] DEBUG GameApplication      - Configuring GameApplication
10:40:13.544 [FXGL Launcher Thread     ] DEBUG FXGLExceptionHandler - Service [ExceptionHandler] initialized
10:40:13.545 [FXGL Launcher Thread     ] DEBUG FXGLEventBus         - Service [EventBus] initialized
10:40:13.548 [FXGL Launcher Thread     ] DEBUG FXGLExecutor         - Service [Executor] initialized
10:40:13.548 [FXGL Launcher Thread     ] DEBUG PreInitTask          - Injecting gameWorld & physicsWorld
10:40:13.552 [FXGL Launcher Thread     ] DEBUG GameWorld            - Game world initialized
10:40:13.589 [FXGL Launcher Thread     ] DEBUG FXGLPooler           - Service [Pooler] initialized with default size = 128
10:40:13.590 [FXGL Launcher Thread     ] DEBUG PhysicsWorld         - Physics world initialized: appHeight=700.0, physics.ppm=50.0
10:40:13.591 [FXGL Launcher Thread     ] DEBUG FXGLInput            - Service [Input] initialized
10:40:13.609 [FXGL Launcher Thread     ] DEBUG FXGLInput            - Registered new binding: Screenshot - P
10:40:13.609 [FXGL Launcher Thread     ] DEBUG FXGLInput            - Registered new binding: Dev Options - CTRL+0
10:40:13.609 [FXGL Launcher Thread     ] DEBUG FXGLInput            - Registered new binding: Move Up - W
10:40:13.609 [FXGL Launcher Thread     ] DEBUG FXGLInput            - Registered new binding: Move Right - A
10:40:13.609 [FXGL Launcher Thread     ] DEBUG FXGLInput            - Registered new binding: Move Left - D
10:40:13.609 [FXGL Launcher Thread     ] DEBUG FXGLInput            - Registered new binding: Move Down - S
10:40:13.632 [FXGL Launcher Thread     ] DEBUG GameScene            - Game scene initialized: 800.0x700.0
10:40:13.637 [FXGL Launcher Thread     ] DEBUG FXGLAssetLoader      - Service [AssetLoader] initialized: cacheSize=35
10:40:13.640 [FXGL Launcher Thread     ] DEBUG FXGLAssetLoader      - Loading from disk: /assets/sounds/system/notification.wav
10:40:13.668 [FXGL Launcher Thread     ] DEBUG FXGLAssetLoader      - Loading from disk: /assets/sounds/menu/select.wav
10:40:13.669 [FXGL Launcher Thread     ] DEBUG FXGLAssetLoader      - Loading from disk: /assets/sounds/menu/back.wav
10:40:13.671 [FXGL Launcher Thread     ] DEBUG FXGLAssetLoader      - Loading from disk: /assets/sounds/menu/press.wav
10:40:13.674 [FXGL Launcher Thread     ] DEBUG FXGLAssetLoader      - Loading from disk: /assets/ui/fonts/Copperplate_Gothic_Light_Regular.ttf
10:40:13.825 [FXGL Launcher Thread     ] DEBUG FXGLAssetLoader      - Loading from disk: /assets/ui/css/fxgl.css
10:40:13.825 [FXGL Launcher Thread     ] DEBUG FXGLAssetLoader      - Loading from disk: /assets/ui/icons/fxgl_icon.png
10:40:13.854 [FXGL Launcher Thread     ] DEBUG FXGLAssetLoader      - Loading from disk: /assets/ui/css/fxgl_dark.css
10:40:13.863 [FXGL Launcher Thread     ] DEBUG FXGLDisplay          - Target size: DoubleProperty [value: 800.0] x DoubleProperty [value: 700.0] @ 1.0
10:40:13.863 [FXGL Launcher Thread     ] DEBUG FXGLDisplay          - New size:    800.0 x 700.0 @ DoubleProperty [value: 1.0]
10:40:13.864 [FXGL Launcher Thread     ] DEBUG FXGLDisplay          - Service [Display] initialized
10:40:13.864 [FXGL Launcher Thread     ] DEBUG FXGLDisplay          - Using CSS: CSS(externalForm=jar:file:/C:/Users/Vic%20Spet/Documents/NetBeansProjects/MotherLoadProject/MotherLoad/lib/fxgl-0.2.9-uber.jar!/assets/ui/css/fxgl_dark.css)
10:40:13.864 [FXGL Launcher Thread     ] DEBUG InitScenesTask       - Injecting loadingScene & gameScene
10:40:13.883 [FXGL Launcher Thread     ] DEBUG FXGLMasterTimer      - Service [MasterTimer] initialized
10:40:13.885 [FXGL Launcher Thread     ] DEBUG FXGLAudioPlayer      - Service [AudioPlayer] initialized
10:40:13.893 [FXGL Launcher Thread     ] DEBUG InitProfilerTask     - Injecting profiler
10:40:13.894 [FXGL Launcher Thread     ] DEBUG GameApplication      - Starting new game
10:40:13.895 [FXGL Launcher Thread     ] DEBUG GameApplication      - Initializing App
10:40:13.896 [FXGL Launcher Thread     ] DEBUG FXGLInput            - Clearing active input actions
10:40:13.896 [FXGL Launcher Thread     ] DEBUG FXGLMasterTimer      - Stopping master timer
10:40:13.897 [FXGL Launcher Thread     ] DEBUG GameApplication      - State: STARTUP -> PAUSED
10:40:13.897 [FXGL Launcher Thread     ] DEBUG FXGLEventBus         - Firing event: FXGLEvent[type=PAUSE]
10:40:13.899 [FXGL Launcher Thread     ] DEBUG FXGLInput            - Clearing active input actions
10:40:13.899 [FXGL Launcher Thread     ] DEBUG FXGLMasterTimer      - Resetting ticks and clearing all actions
10:40:13.899 [FXGL Launcher Thread     ] DEBUG GameWorld            - Resetting game world
10:40:13.899 [FXGL Launcher Thread     ] TRACE EntityWorld          - Resetting entity world
10:40:13.900 [FXGL Launcher Thread     ] DEBUG PhysicsWorld         - Resetting physics world
10:40:13.900 [FXGL Launcher Thread     ] DEBUG GameScene            - Resetting game scene
10:40:13.900 [FXGL Launcher Thread     ] DEBUG FXGLEventBus         - Firing event: FXGLEvent[type=RESET]
10:40:13.949 [FXGL Launcher Thread     ] DEBUG GameApplication      - State: PAUSED -> LOADING
10:40:13.981 [FXGL Background Thread 1 ] DEBUG InitAppTask          - Initializing Assets
10:40:13.981 [FXGL Background Thread 1 ] DEBUG InitAppTask          - Initializing Game
10:40:13.995 [FXGL Background Thread 1 ] DEBUG FXGLAssetLoader      - Loading from disk: /assets/textures/PlayerLeft.png
10:40:14.000 [FXGL Background Thread 1 ] DEBUG InitAppTask          - Initializing Physics
10:40:14.000 [FXGL Background Thread 1 ] DEBUG InitAppTask          - Initializing UI
10:40:14.000 [FXGL Background Thread 1 ] DEBUG InitAppTask          - Initialization Complete
10:40:14.042 [JavaFX Application Thread] DEBUG FXGLDisplay          - Showing stage
10:40:14.042 [JavaFX Application Thread] DEBUG FXGLDisplay          - Root size: 800.0x700.0
10:40:14.042 [JavaFX Application Thread] DEBUG FXGLDisplay          - Scene size: 800.0x700.0
10:40:14.042 [JavaFX Application Thread] DEBUG FXGLDisplay          - Stage size: 818.0x747.0
10:40:14.105 [JavaFX Application Thread] DEBUG FXGLInput            - Clearing active input actions
10:40:14.106 [JavaFX Application Thread] DEBUG FXGLMasterTimer      - Starting master timer
10:40:14.106 [JavaFX Application Thread] DEBUG GameApplication      - State: LOADING -> PLAYING
10:40:14.110 [JavaFX Application Thread] DEBUG FXGLEventBus         - Firing event: FXGLEvent[type=RESUME]
10:40:14.112 [JavaFX Application Thread] DEBUG GameScene            - Entity added to scene
10:40:14.113 [JavaFX Application Thread] DEBUG GameScene            - Added MainViewComponent
10:40:14.115 [JavaFX Application Thread] DEBUG GameScene            - Creating render group for layer: TOP(2147483647)
10:40:20.055 [JavaFX Application Thread] DEBUG FXGLEventBus         - Firing event: DisplayEvent[type=CLOSE_REQUEST]
10:40:20.055 [JavaFX Application Thread] DEBUG FXGLEventBus         - Firing event: FXGLEvent[type=EXIT]
10:40:20.058 [JavaFX Application Thread] DEBUG FXGL                 - Saving FXGL system data
10:40:20.059 [JavaFX Application Thread] DEBUG IOTask               - Executing task: writeDataTask(system/fxgl.bundle)
10:40:20.061 [JavaFX Application Thread] DEBUG FS                   - Writing to: system\fxgl.bundle
10:40:20.063 [JavaFX Application Thread] DEBUG IOTask               - Task succeeded: writeDataTask(system/fxgl.bundle)
