13:41:01.713 [FXGL Launcher Thread     ] DEBUG FXGLLoggerFactory    - Service [LoggerFactory] initialized
13:41:01.717 [FXGL Launcher Thread     ] DEBUG FXGL                 - FXGL configuration complete
13:41:01.717 [FXGL Launcher Thread     ] DEBUG FXGL                 - Loading FXGL system data
13:41:01.720 [FXGL Launcher Thread     ] DEBUG IOTask               - Executing task: readDataTask(system/fxgl.bundle)
13:41:01.721 [FXGL Launcher Thread     ] DEBUG FS                   - Reading from: system\fxgl.bundle
13:41:01.728 [FXGL Launcher Thread     ] DEBUG IOTask               - Task succeeded: readDataTask(system/fxgl.bundle)
13:41:01.728 [FXGL Launcher Thread     ] DEBUG Bundle               - Logging bundle: FXGL
13:41:01.728 [FXGL Launcher Thread     ] DEBUG Bundle               - FXGL.offline.timer.version.check=2017-01-12T08:38:28.585
13:41:01.733 [FXGL Launcher Thread     ] DEBUG GameApplication      - Configuring GameApplication
13:41:01.737 [FXGL Launcher Thread     ] DEBUG FXGLExceptionHandler - Service [ExceptionHandler] initialized
13:41:01.737 [FXGL Launcher Thread     ] DEBUG FXGLEventBus         - Service [EventBus] initialized
13:41:01.740 [FXGL Launcher Thread     ] DEBUG FXGLExecutor         - Service [Executor] initialized
13:41:01.740 [FXGL Launcher Thread     ] DEBUG PreInitTask          - Injecting gameWorld & physicsWorld
13:41:01.745 [FXGL Launcher Thread     ] DEBUG GameWorld            - Game world initialized
13:41:01.781 [FXGL Launcher Thread     ] DEBUG FXGLPooler           - Service [Pooler] initialized with default size = 128
13:41:01.781 [FXGL Launcher Thread     ] DEBUG PhysicsWorld         - Physics world initialized: appHeight=700.0, physics.ppm=50.0
13:41:01.782 [FXGL Launcher Thread     ] DEBUG FXGLInput            - Service [Input] initialized
13:41:01.799 [FXGL Launcher Thread     ] DEBUG FXGLInput            - Registered new binding: Screenshot - P
13:41:01.799 [FXGL Launcher Thread     ] DEBUG FXGLInput            - Registered new binding: Dev Options - CTRL+0
13:41:01.799 [FXGL Launcher Thread     ] DEBUG FXGLInput            - Registered new binding: Move With Mouse - PRIMARY
13:41:01.822 [FXGL Launcher Thread     ] DEBUG GameScene            - Game scene initialized: 800.0x700.0
13:41:01.828 [FXGL Launcher Thread     ] DEBUG FXGLAssetLoader      - Service [AssetLoader] initialized: cacheSize=35
13:41:01.831 [FXGL Launcher Thread     ] DEBUG FXGLAssetLoader      - Loading from disk: /assets/sounds/system/notification.wav
13:41:01.854 [FXGL Launcher Thread     ] DEBUG FXGLAssetLoader      - Loading from disk: /assets/sounds/menu/select.wav
13:41:01.856 [FXGL Launcher Thread     ] DEBUG FXGLAssetLoader      - Loading from disk: /assets/sounds/menu/back.wav
13:41:01.857 [FXGL Launcher Thread     ] DEBUG FXGLAssetLoader      - Loading from disk: /assets/sounds/menu/press.wav
13:41:01.860 [FXGL Launcher Thread     ] DEBUG FXGLAssetLoader      - Loading from disk: /assets/ui/fonts/Copperplate_Gothic_Light_Regular.ttf
13:41:01.946 [FXGL Launcher Thread     ] DEBUG FXGLAssetLoader      - Loading from disk: /assets/ui/css/fxgl.css
13:41:01.946 [FXGL Launcher Thread     ] DEBUG FXGLAssetLoader      - Loading from disk: /assets/ui/icons/fxgl_icon.png
13:41:01.974 [FXGL Launcher Thread     ] DEBUG FXGLAssetLoader      - Loading from disk: /assets/ui/css/fxgl_dark.css
13:41:01.984 [FXGL Launcher Thread     ] DEBUG FXGLDisplay          - Target size: DoubleProperty [value: 800.0] x DoubleProperty [value: 700.0] @ 1.0
13:41:01.984 [FXGL Launcher Thread     ] DEBUG FXGLDisplay          - New size:    800.0 x 700.0 @ DoubleProperty [value: 1.0]
13:41:01.984 [FXGL Launcher Thread     ] DEBUG FXGLDisplay          - Service [Display] initialized
13:41:01.985 [FXGL Launcher Thread     ] DEBUG FXGLDisplay          - Using CSS: CSS(externalForm=jar:file:/C:/Users/Mack/Documents/NetBeansProjects/MotherLoad/MotherLoad/lib/fxgl-0.2.9-uber.jar!/assets/ui/css/fxgl_dark.css)
13:41:01.985 [FXGL Launcher Thread     ] DEBUG InitScenesTask       - Injecting loadingScene & gameScene
13:41:02.013 [FXGL Launcher Thread     ] DEBUG FXGLMasterTimer      - Service [MasterTimer] initialized
13:41:02.015 [FXGL Launcher Thread     ] DEBUG FXGLAudioPlayer      - Service [AudioPlayer] initialized
13:41:02.022 [FXGL Launcher Thread     ] DEBUG InitProfilerTask     - Injecting profiler
13:41:02.022 [FXGL Launcher Thread     ] DEBUG GameApplication      - Starting new game
13:41:02.024 [FXGL Launcher Thread     ] DEBUG GameApplication      - Initializing App
13:41:02.025 [FXGL Launcher Thread     ] DEBUG FXGLInput            - Clearing active input actions
13:41:02.026 [FXGL Launcher Thread     ] DEBUG FXGLMasterTimer      - Stopping master timer
13:41:02.026 [FXGL Launcher Thread     ] DEBUG GameApplication      - State: STARTUP -> PAUSED
13:41:02.026 [FXGL Launcher Thread     ] DEBUG FXGLEventBus         - Firing event: FXGLEvent[type=PAUSE]
13:41:02.028 [FXGL Launcher Thread     ] DEBUG FXGLInput            - Clearing active input actions
13:41:02.028 [FXGL Launcher Thread     ] DEBUG FXGLMasterTimer      - Resetting ticks and clearing all actions
13:41:02.028 [FXGL Launcher Thread     ] DEBUG GameWorld            - Resetting game world
13:41:02.028 [FXGL Launcher Thread     ] TRACE EntityWorld          - Resetting entity world
13:41:02.029 [FXGL Launcher Thread     ] DEBUG PhysicsWorld         - Resetting physics world
13:41:02.029 [FXGL Launcher Thread     ] DEBUG GameScene            - Resetting game scene
13:41:02.030 [FXGL Launcher Thread     ] DEBUG FXGLEventBus         - Firing event: FXGLEvent[type=RESET]
13:41:02.095 [FXGL Launcher Thread     ] DEBUG GameApplication      - State: PAUSED -> LOADING
13:41:02.122 [FXGL Background Thread 1 ] DEBUG InitAppTask          - Initializing Assets
13:41:02.123 [FXGL Background Thread 1 ] DEBUG InitAppTask          - Initializing Game
13:41:02.138 [FXGL Background Thread 1 ] DEBUG FXGLAssetLoader      - Loading from disk: /assets/textures/PlayerLeft.png
13:41:02.149 [FXGL Background Thread 1 ] DEBUG FXGLAssetLoader      - Loading from disk: /assets/textures/Ground1.png
13:41:02.151 [FXGL Background Thread 1 ] DEBUG FXGLAssetLoader      - Loading from cache: /assets/textures/Ground1.png
13:41:02.152 [FXGL Background Thread 1 ] DEBUG FXGLAssetLoader      - Loading from cache: /assets/textures/Ground1.png
13:41:02.152 [FXGL Background Thread 1 ] DEBUG FXGLAssetLoader      - Loading from cache: /assets/textures/Ground1.png
13:41:02.153 [FXGL Background Thread 1 ] DEBUG FXGLAssetLoader      - Loading from cache: /assets/textures/Ground1.png
13:41:02.154 [FXGL Background Thread 1 ] DEBUG FXGLAssetLoader      - Loading from cache: /assets/textures/Ground1.png
13:41:02.154 [FXGL Background Thread 1 ] DEBUG FXGLAssetLoader      - Loading from cache: /assets/textures/Ground1.png
13:41:02.155 [FXGL Background Thread 1 ] DEBUG FXGLAssetLoader      - Loading from cache: /assets/textures/Ground1.png
13:41:02.156 [FXGL Background Thread 1 ] DEBUG FXGLAssetLoader      - Loading from cache: /assets/textures/Ground1.png
13:41:02.156 [FXGL Background Thread 1 ] DEBUG FXGLAssetLoader      - Loading from cache: /assets/textures/Ground1.png
13:41:02.157 [FXGL Background Thread 1 ] DEBUG InitAppTask          - Initializing Physics
13:41:02.157 [FXGL Background Thread 1 ] DEBUG InitAppTask          - Initializing UI
13:41:02.157 [FXGL Background Thread 1 ] DEBUG FXGLAssetLoader      - Loading from disk: /assets/textures/Background.png
13:41:02.165 [JavaFX Application Thread] DEBUG FXGLDisplay          - Showing stage
13:41:02.165 [JavaFX Application Thread] DEBUG FXGLDisplay          - Root size: 800.0x700.0
13:41:02.165 [JavaFX Application Thread] DEBUG FXGLDisplay          - Scene size: 800.0x700.0
13:41:02.165 [JavaFX Application Thread] DEBUG FXGLDisplay          - Stage size: 816.0x739.0
13:41:02.214 [FXGL Background Thread 1 ] DEBUG GameScene            - Creating render group for layer: TOP(2147483647)
13:41:02.216 [FXGL Background Thread 1 ] DEBUG InitAppTask          - Initialization Complete
13:41:02.247 [JavaFX Application Thread] DEBUG FXGLInput            - Clearing active input actions
13:41:02.247 [JavaFX Application Thread] DEBUG FXGLMasterTimer      - Starting master timer
13:41:02.247 [JavaFX Application Thread] DEBUG GameApplication      - State: LOADING -> PLAYING
13:41:02.253 [JavaFX Application Thread] DEBUG FXGLEventBus         - Firing event: FXGLEvent[type=RESUME]
13:41:02.256 [JavaFX Application Thread] DEBUG GameScene            - Entity added to scene
13:41:02.256 [JavaFX Application Thread] DEBUG GameScene            - Added MainViewComponent
13:41:08.796 [JavaFX Application Thread] DEBUG FXGLEventBus         - Firing event: DisplayEvent[type=CLOSE_REQUEST]
13:41:08.797 [JavaFX Application Thread] DEBUG FXGLEventBus         - Firing event: FXGLEvent[type=EXIT]
13:41:08.799 [JavaFX Application Thread] DEBUG FXGL                 - Saving FXGL system data
13:41:08.800 [JavaFX Application Thread] DEBUG IOTask               - Executing task: writeDataTask(system/fxgl.bundle)
13:41:08.802 [JavaFX Application Thread] DEBUG FS                   - Writing to: system\fxgl.bundle
13:41:08.807 [JavaFX Application Thread] DEBUG IOTask               - Task succeeded: writeDataTask(system/fxgl.bundle)
