15:49:00.407 [FXGL Launcher Thread     ] DEBUG FXGLLoggerFactory    - Service [LoggerFactory] initialized
15:49:00.412 [FXGL Launcher Thread     ] DEBUG FXGL                 - FXGL configuration complete
15:49:00.412 [FXGL Launcher Thread     ] DEBUG FXGL                 - Loading FXGL system data
15:49:00.414 [FXGL Launcher Thread     ] DEBUG IOTask               - Executing task: readDataTask(system/fxgl.bundle)
15:49:00.417 [FXGL Launcher Thread     ] DEBUG FS                   - Reading from: system\fxgl.bundle
15:49:00.422 [FXGL Launcher Thread     ] DEBUG IOTask               - Task succeeded: readDataTask(system/fxgl.bundle)
15:49:00.422 [FXGL Launcher Thread     ] DEBUG Bundle               - Logging bundle: FXGL
15:49:00.424 [FXGL Launcher Thread     ] DEBUG Bundle               - FXGL.offline.timer.version.check=2017-01-20T14:05:01.750
15:49:00.432 [FXGL Launcher Thread     ] DEBUG GameApplication      - Configuring GameApplication
15:49:00.435 [FXGL Launcher Thread     ] DEBUG FXGLExceptionHandler - Service [ExceptionHandler] initialized
15:49:00.436 [FXGL Launcher Thread     ] DEBUG FXGLEventBus         - Service [EventBus] initialized
15:49:00.439 [FXGL Launcher Thread     ] DEBUG FXGLExecutor         - Service [Executor] initialized
15:49:00.439 [FXGL Launcher Thread     ] DEBUG PreInitTask          - Injecting gameWorld & physicsWorld
15:49:00.443 [FXGL Launcher Thread     ] DEBUG GameWorld            - Game world initialized
15:49:00.479 [FXGL Launcher Thread     ] DEBUG FXGLPooler           - Service [Pooler] initialized with default size = 128
15:49:00.479 [FXGL Launcher Thread     ] DEBUG PhysicsWorld         - Physics world initialized: appHeight=700.0, physics.ppm=50.0
15:49:00.480 [FXGL Launcher Thread     ] DEBUG FXGLInput            - Service [Input] initialized
15:49:00.498 [FXGL Launcher Thread     ] DEBUG FXGLInput            - Registered new binding: Screenshot - P
15:49:00.498 [FXGL Launcher Thread     ] DEBUG FXGLInput            - Registered new binding: Dev Options - CTRL+0
15:49:00.499 [FXGL Launcher Thread     ] DEBUG FXGLInput            - Registered new binding: Move With Mouse - PRIMARY
15:49:00.499 [FXGL Launcher Thread     ] DEBUG FXGLInput            - Registered new binding: Move up - W
15:49:00.499 [FXGL Launcher Thread     ] DEBUG FXGLInput            - Registered new binding: Open Selling Shop - 2
15:49:00.500 [FXGL Launcher Thread     ] DEBUG FXGLInput            - Registered new binding: Open Fuel Shop - 1
15:49:00.500 [FXGL Launcher Thread     ] DEBUG FXGLInput            - Registered new binding: Open Armour Repair - 3
15:49:00.524 [FXGL Launcher Thread     ] DEBUG GameScene            - Game scene initialized: 800.0x700.0
15:49:00.531 [FXGL Launcher Thread     ] DEBUG FXGLAssetLoader      - Service [AssetLoader] initialized: cacheSize=35
15:49:00.541 [FXGL Launcher Thread     ] DEBUG FXGLAssetLoader      - Loading from disk: /assets/sounds/system/notification.wav
15:49:00.574 [FXGL Launcher Thread     ] DEBUG FXGLAssetLoader      - Loading from disk: /assets/sounds/menu/select.wav
15:49:00.576 [FXGL Launcher Thread     ] DEBUG FXGLAssetLoader      - Loading from disk: /assets/sounds/menu/back.wav
15:49:00.578 [FXGL Launcher Thread     ] DEBUG FXGLAssetLoader      - Loading from disk: /assets/sounds/menu/press.wav
15:49:00.580 [FXGL Launcher Thread     ] DEBUG FXGLAssetLoader      - Loading from disk: /assets/ui/fonts/Copperplate_Gothic_Light_Regular.ttf
15:49:00.698 [FXGL Launcher Thread     ] DEBUG FXGLAssetLoader      - Loading from disk: /assets/ui/css/fxgl.css
15:49:00.698 [FXGL Launcher Thread     ] DEBUG FXGLAssetLoader      - Loading from disk: /assets/ui/icons/fxgl_icon.png
15:49:00.728 [FXGL Launcher Thread     ] DEBUG FXGLEventBus         - Firing event: SaveEvent
15:49:00.733 [FXGL Launcher Thread     ] DEBUG FXGLAssetLoader      - Loading from disk: /assets/textures/Menu Image.png
15:49:00.774 [FXGL Launcher Thread     ] DEBUG Menu                 - createMenuBodyMainMenu()
15:49:00.781 [FXGL Launcher Thread     ] DEBUG Menu                 - createOptionsMenu()
15:49:00.786 [FXGL Launcher Thread     ] DEBUG Menu                 - createExtraMenu()
15:49:00.791 [FXGL Launcher Thread     ] DEBUG FXGLAssetLoader      - Loading from cache: /assets/textures/Menu Image.png
15:49:00.793 [FXGL Launcher Thread     ] DEBUG Menu                 - createMenuBodyGameMenu()
15:49:00.794 [FXGL Launcher Thread     ] DEBUG Menu                 - createOptionsMenu()
15:49:00.795 [FXGL Launcher Thread     ] DEBUG Menu                 - createExtraMenu()
15:49:00.797 [FXGL Launcher Thread     ] DEBUG FXGLAssetLoader      - Loading from disk: /assets/ui/css/fxgl_war3.css
15:49:00.805 [FXGL Launcher Thread     ] DEBUG FXGLDisplay          - Target size: DoubleProperty [value: 800.0] x DoubleProperty [value: 700.0] @ 1.0
15:49:00.805 [FXGL Launcher Thread     ] DEBUG FXGLDisplay          - New size:    800.0 x 700.0 @ DoubleProperty [value: 1.0]
15:49:00.805 [FXGL Launcher Thread     ] DEBUG FXGLDisplay          - Service [Display] initialized
15:49:00.806 [FXGL Launcher Thread     ] DEBUG FXGLDisplay          - Using CSS: CSS(externalForm=jar:file:/C:/Users/Vic%20Spet/Documents/NetBeansProjects/MotherLoadProject/MotherLoad/lib/fxgl-0.2.9-uber.jar!/assets/ui/css/fxgl_war3.css)
15:49:00.806 [FXGL Launcher Thread     ] DEBUG InitScenesTask       - Injecting mainMenuScene & gameMenuScene
15:49:00.806 [FXGL Launcher Thread     ] DEBUG InitScenesTask       - Injecting loadingScene & gameScene
15:49:00.841 [FXGL Launcher Thread     ] DEBUG FXGLMasterTimer      - Service [MasterTimer] initialized
15:49:00.845 [FXGL Launcher Thread     ] DEBUG FXGLAudioPlayer      - Service [AudioPlayer] initialized
15:49:00.851 [FXGL Launcher Thread     ] DEBUG InitProfilerTask     - Injecting profiler
15:49:00.851 [FXGL Launcher Thread     ] DEBUG GameApplication      - State: STARTUP -> MAIN_MENU
15:49:00.888 [FXGL Launcher Thread     ] DEBUG SaveLoadManager      - Checking profiles dir: profiles/
15:49:00.888 [FXGL Launcher Thread     ] DEBUG SaveLoadManager      - Loading profile names
15:49:00.889 [FXGL Launcher Thread     ] DEBUG IOTask               - Showing dialog
15:49:00.899 [FXGL Launcher Thread     ] DEBUG FXGLEventBus         - Firing event: DisplayEvent[type=DIALOG_OPENED]
15:49:00.899 [FXGL Launcher Thread     ] DEBUG FXGLInput            - Clearing active input actions
15:49:00.903 [FXGL Background Thread 1 ] DEBUG IOTask               - Executing task: loadDirectoryNamesTask(./profiles/, false)
15:49:01.031 [JavaFX Application Thread] DEBUG FXGLDisplay          - Showing stage
15:49:01.031 [JavaFX Application Thread] DEBUG FXGLDisplay          - Root size: 800.0x700.0
15:49:01.032 [JavaFX Application Thread] DEBUG FXGLDisplay          - Scene size: 800.0x700.0
15:49:01.032 [JavaFX Application Thread] DEBUG FXGLDisplay          - Stage size: 818.0x747.0
15:49:01.131 [JavaFX Application Thread] DEBUG IOTask               - succeed(): Dismissing dialog
15:49:01.132 [JavaFX Application Thread] DEBUG FXGLEventBus         - Firing event: DisplayEvent[type=DIALOG_CLOSED]
15:49:01.132 [JavaFX Application Thread] DEBUG IOTask               - Task succeeded: loadDirectoryNamesTask(./profiles/, false)
15:49:01.135 [JavaFX Application Thread] DEBUG FXGLEventBus         - Firing event: DisplayEvent[type=DIALOG_OPENED]
15:49:01.135 [JavaFX Application Thread] DEBUG FXGLInput            - Clearing active input actions
15:49:03.610 [JavaFX Application Thread] DEBUG FXGLEventBus         - Firing event: DisplayEvent[type=DIALOG_CLOSED]
15:49:03.610 [JavaFX Application Thread] DEBUG SaveLoadManager      - Loading profile: test
15:49:03.611 [JavaFX Application Thread] DEBUG IOTask               - Showing dialog
15:49:03.613 [JavaFX Application Thread] DEBUG FXGLEventBus         - Firing event: DisplayEvent[type=DIALOG_OPENED]
15:49:03.613 [JavaFX Application Thread] DEBUG FXGLInput            - Clearing active input actions
15:49:03.613 [FXGL Background Thread 1 ] DEBUG IOTask               - Executing task: readDataTask(./profiles/test/user.profile)
15:49:03.615 [FXGL Background Thread 1 ] DEBUG FS                   - Reading from: .\profiles\test\user.profile
15:49:03.629 [JavaFX Application Thread] DEBUG IOTask               - succeed(): Dismissing dialog
15:49:03.630 [JavaFX Application Thread] DEBUG FXGLEventBus         - Firing event: DisplayEvent[type=DIALOG_CLOSED]
15:49:03.630 [JavaFX Application Thread] DEBUG IOTask               - Task succeeded: readDataTask(./profiles/test/user.profile)
15:49:03.630 [JavaFX Application Thread] DEBUG FXGLEventBus         - Firing event: LoadEvent[type=LOAD_PROFILE]
15:49:03.630 [JavaFX Application Thread] DEBUG FXGLInput            - Loading data from profile
15:49:03.630 [JavaFX Application Thread] DEBUG Bundle               - Logging bundle: input
15:49:03.630 [JavaFX Application Thread] DEBUG Bundle               - input.Open Selling Shop=2
15:49:03.630 [JavaFX Application Thread] DEBUG Bundle               - input.Open Fuel Shop=1
15:49:03.630 [JavaFX Application Thread] DEBUG Bundle               - input.Screenshot=P
15:49:03.630 [JavaFX Application Thread] DEBUG Bundle               - input.Dev Options=CTRL+0
15:49:03.630 [JavaFX Application Thread] DEBUG Bundle               - input.Move up=W
15:49:03.630 [JavaFX Application Thread] DEBUG Bundle               - input.Open Armour Repair=3
15:49:03.630 [JavaFX Application Thread] DEBUG Bundle               - input.Move With Mouse=PRIMARY
15:49:03.631 [JavaFX Application Thread] DEBUG FXGLDisplay          - Loading data from profile
15:49:03.631 [JavaFX Application Thread] DEBUG Bundle               - Logging bundle: scene
15:49:03.631 [JavaFX Application Thread] DEBUG Bundle               - scene.sizeW=800.0
15:49:03.631 [JavaFX Application Thread] DEBUG Bundle               - scene.sizeH=700.0
15:49:03.631 [JavaFX Application Thread] DEBUG FXGLDisplay          - Target size: DoubleProperty [value: 800.0] x DoubleProperty [value: 700.0] @ 1.0
15:49:03.631 [JavaFX Application Thread] DEBUG FXGLDisplay          - New size:    800.0 x 700.0 @ DoubleProperty [value: 1.0]
15:49:03.644 [JavaFX Application Thread] DEBUG FXGLAudioPlayer      - Loading data from profile
15:49:03.644 [JavaFX Application Thread] DEBUG Bundle               - Logging bundle: audio
15:49:03.644 [JavaFX Application Thread] DEBUG Bundle               - audio.musicVolume=0.3
15:49:03.644 [JavaFX Application Thread] DEBUG Bundle               - audio.soundVolume=0.5
15:49:03.645 [JavaFX Application Thread] DEBUG AchievementManager   - Service [AchievementManager] initialized
15:49:03.645 [JavaFX Application Thread] DEBUG AchievementManager   - Loading data from profile
15:49:03.645 [JavaFX Application Thread] DEBUG Bundle               - Logging bundle: achievement
15:49:03.645 [JavaFX Application Thread] DEBUG FXGLMasterTimer      - Loading data from profile
15:49:03.645 [JavaFX Application Thread] DEBUG Bundle               - Logging bundle: timer
15:49:03.645 [JavaFX Application Thread] DEBUG Bundle               - timer.playtime=4511534265197
15:49:03.646 [JavaFX Application Thread] DEBUG SaveLoadManager      - Loading last modified save file
15:49:03.646 [JavaFX Application Thread] DEBUG SaveLoadManager      - Loading save files
15:49:03.648 [JavaFX Application Thread] DEBUG IOTask               - Showing dialog
15:49:03.650 [JavaFX Application Thread] DEBUG FXGLEventBus         - Firing event: DisplayEvent[type=DIALOG_OPENED]
15:49:03.651 [JavaFX Application Thread] DEBUG FXGLInput            - Clearing active input actions
15:49:03.652 [FXGL Background Thread 1 ] DEBUG IOTask               - Executing task: loadFileNamesTask(./profiles/test/saves/, true, [FileExtension(extension=.sav)])
15:49:03.652 [FXGL Background Thread 1 ] DEBUG IOTask               - Executing task: loadFileNamesTask(./profiles/test/saves/, true, [FileExtension(extension=.sav)])
15:49:03.653 [FXGL Background Thread 1 ] DEBUG IOTask               - Executing task: loadFileNamesTask(./profiles/test/saves/, true, [FileExtension(extension=.sav)])
15:49:03.656 [FXGL Background Thread 1 ] DEBUG IOTask               - Executing task: readSaveFiles
15:49:03.657 [FXGL Background Thread 1 ] DEBUG IOTask               - Executing task: findLastSave
15:49:03.666 [JavaFX Application Thread] DEBUG IOTask               - fail(): Dismissing dialog
15:49:03.666 [JavaFX Application Thread] DEBUG FXGLEventBus         - Firing event: DisplayEvent[type=DIALOG_CLOSED]
15:49:03.666 [JavaFX Application Thread] WARN  IOTask               - Task failed: loadFileNamesTask(./profiles/test/saves/, true, [FileExtension(extension=.sav)]) Error: java.io.FileNotFoundException: No save files found
15:49:03.666 [JavaFX Application Thread] DEBUG FXGLEventBus         - Firing event: ProfileSelectedEvent[name=test,hasSaves=false]
15:49:04.340 [JavaFX Application Thread] DEBUG Menu                 - fireNewGame()
15:49:04.340 [JavaFX Application Thread] DEBUG GameApplication      - Starting new game
15:49:04.341 [JavaFX Application Thread] DEBUG GameApplication      - Initializing App
15:49:04.342 [JavaFX Application Thread] DEBUG FXGLInput            - Clearing active input actions
15:49:04.343 [JavaFX Application Thread] DEBUG FXGLMasterTimer      - Stopping master timer
15:49:04.343 [JavaFX Application Thread] DEBUG GameApplication      - State: MAIN_MENU -> PAUSED
15:49:04.343 [JavaFX Application Thread] DEBUG FXGLEventBus         - Firing event: FXGLEvent[type=PAUSE]
15:49:04.344 [JavaFX Application Thread] DEBUG FXGLInput            - Clearing active input actions
15:49:04.344 [JavaFX Application Thread] DEBUG FXGLMasterTimer      - Resetting ticks and clearing all actions
15:49:04.344 [JavaFX Application Thread] DEBUG GameWorld            - Resetting game world
15:49:04.344 [JavaFX Application Thread] TRACE EntityWorld          - Resetting entity world
15:49:04.346 [JavaFX Application Thread] DEBUG PhysicsWorld         - Resetting physics world
15:49:04.346 [JavaFX Application Thread] DEBUG GameScene            - Resetting game scene
15:49:04.346 [JavaFX Application Thread] DEBUG FXGLEventBus         - Firing event: FXGLEvent[type=RESET]
15:49:04.407 [JavaFX Application Thread] DEBUG GameApplication      - State: PAUSED -> LOADING
15:49:04.411 [JavaFX Application Thread] DEBUG FXGLEventBus         - Firing event: MenuEvent[type=NEW_GAME]
15:49:04.412 [FXGL Background Thread 1 ] DEBUG InitAppTask          - Initializing Assets
15:49:04.419 [FXGL Background Thread 1 ] DEBUG InitAppTask          - Initializing Game
15:49:04.421 [FXGL Background Thread 1 ] DEBUG FXGLAssetLoader      - Loading from disk: /assets/music/29 BONUS Horror.mp3
15:49:04.458 [FXGL Background Thread 1 ] DEBUG FXGLAudioPlayer      - Playing music Music [balance=0.0, volume=1.0, rate=1.0, cycleCount=1]
15:49:04.482 [FXGL Background Thread 1 ] DEBUG FXGLAssetLoader      - Loading from disk: /assets/textures/fuelshop.png
15:49:04.495 [FXGL Background Thread 1 ] DEBUG FXGLAssetLoader      - Loading from disk: /assets/textures/oreshop.png
15:49:04.537 [FXGL Background Thread 1 ] DEBUG FXGLAssetLoader      - Loading from disk: /assets/textures/repairShop.png
15:49:04.549 [FXGL Background Thread 1 ] DEBUG FXGLAssetLoader      - Loading from disk: /assets/textures/upgrade.png
15:49:04.565 [FXGL Background Thread 1 ] DEBUG InitAppTask          - Initializing Physics
15:49:04.565 [FXGL Background Thread 1 ] DEBUG InitAppTask          - Initializing UI
15:49:04.567 [FXGL Background Thread 1 ] DEBUG GameScene            - Adding UI node: Text[text="Fuel Remaining: 1000", x=0.0, y=0.0, alignment=LEFT, origin=BASELINE, boundsType=LOGICAL, font=Font[name=Copperplate Gothic Light, family=Copperplate Gothic Light, style=Regular, size=20.0], fontSmoothingType=GRAY, fill=0x5f9ea0ff]
15:49:04.567 [FXGL Background Thread 1 ] DEBUG GameScene            - Adding UI node: Text[text="Armour Level: 10", x=0.0, y=0.0, alignment=LEFT, origin=BASELINE, boundsType=LOGICAL, font=Font[name=Copperplate Gothic Light, family=Copperplate Gothic Light, style=Regular, size=20.0], fontSmoothingType=GRAY, fill=0xdc143cff]
15:49:04.567 [FXGL Background Thread 1 ] DEBUG GameScene            - Adding UI node: Text[text="Credits: 100", x=0.0, y=0.0, alignment=LEFT, origin=BASELINE, boundsType=LOGICAL, font=Font[name=Copperplate Gothic Light, family=Copperplate Gothic Light, style=Regular, size=20.0], fontSmoothingType=GRAY, fill=0x00ff00ff]
15:49:04.567 [FXGL Background Thread 1 ] DEBUG InitAppTask          - Initialization Complete
15:49:04.569 [JavaFX Application Thread] DEBUG FXGLInput            - Clearing active input actions
15:49:04.569 [JavaFX Application Thread] DEBUG FXGLMasterTimer      - Starting master timer
15:49:04.569 [JavaFX Application Thread] DEBUG GameApplication      - State: LOADING -> PLAYING
15:49:04.571 [JavaFX Application Thread] DEBUG FXGLEventBus         - Firing event: FXGLEvent[type=RESUME]
15:49:04.581 [JavaFX Application Thread] DEBUG GameScene            - Entity added to scene
15:49:04.581 [JavaFX Application Thread] DEBUG GameScene            - Added MainViewComponent
15:49:04.583 [JavaFX Application Thread] DEBUG GameScene            - Creating render group for layer: TOP(2147483647)
15:49:04.584 [JavaFX Application Thread] DEBUG GameScene            - Entity added to scene
15:49:04.584 [JavaFX Application Thread] DEBUG GameScene            - Added MainViewComponent
15:49:04.584 [JavaFX Application Thread] DEBUG GameScene            - Entity added to scene
15:49:04.585 [JavaFX Application Thread] DEBUG GameScene            - Added MainViewComponent
15:49:04.585 [JavaFX Application Thread] DEBUG GameScene            - Entity added to scene
15:49:04.585 [JavaFX Application Thread] DEBUG GameScene            - Added MainViewComponent
15:49:04.585 [JavaFX Application Thread] DEBUG GameScene            - Entity added to scene
15:49:04.585 [JavaFX Application Thread] DEBUG GameScene            - Added MainViewComponent
15:49:04.627 [JavaFX Application Thread] DEBUG FXGLAssetLoader      - Loading from disk: /assets/textures/Ground1.png
15:49:04.631 [JavaFX Application Thread] DEBUG FXGLAssetLoader      - Loading from cache: /assets/textures/Ground1.png@64.0x64.0
15:49:04.631 [JavaFX Application Thread] DEBUG FXGLAssetLoader      - Loading from cache: /assets/textures/Ground1.png@64.0x64.0
15:49:04.632 [JavaFX Application Thread] DEBUG FXGLAssetLoader      - Loading from cache: /assets/textures/Ground1.png@64.0x64.0
15:49:04.632 [JavaFX Application Thread] DEBUG FXGLAssetLoader      - Loading from cache: /assets/textures/Ground1.png@64.0x64.0
15:49:04.632 [JavaFX Application Thread] DEBUG FXGLAssetLoader      - Loading from cache: /assets/textures/Ground1.png@64.0x64.0
15:49:04.633 [JavaFX Application Thread] DEBUG FXGLAssetLoader      - Loading from cache: /assets/textures/Ground1.png@64.0x64.0
15:49:04.633 [JavaFX Application Thread] DEBUG FXGLAssetLoader      - Loading from cache: /assets/textures/Ground1.png@64.0x64.0
15:49:04.634 [JavaFX Application Thread] DEBUG FXGLAssetLoader      - Loading from cache: /assets/textures/Ground1.png@64.0x64.0
15:49:04.634 [JavaFX Application Thread] DEBUG FXGLAssetLoader      - Loading from cache: /assets/textures/Ground1.png@64.0x64.0
15:49:04.634 [JavaFX Application Thread] DEBUG FXGLAssetLoader      - Loading from cache: /assets/textures/Ground1.png@64.0x64.0
15:49:04.635 [JavaFX Application Thread] DEBUG FXGLAssetLoader      - Loading from cache: /assets/textures/Ground1.png@64.0x64.0
15:49:04.635 [JavaFX Application Thread] DEBUG FXGLAssetLoader      - Loading from cache: /assets/textures/Ground1.png@64.0x64.0
15:49:04.635 [JavaFX Application Thread] DEBUG FXGLAssetLoader      - Loading from cache: /assets/textures/Ground1.png@64.0x64.0
15:49:04.636 [JavaFX Application Thread] DEBUG FXGLAssetLoader      - Loading from cache: /assets/textures/Ground1.png@64.0x64.0
15:49:04.636 [JavaFX Application Thread] DEBUG FXGLAssetLoader      - Loading from cache: /assets/textures/Ground1.png@64.0x64.0
15:49:04.637 [JavaFX Application Thread] DEBUG FXGLAssetLoader      - Loading from cache: /assets/textures/Ground1.png@64.0x64.0
15:49:04.637 [JavaFX Application Thread] DEBUG FXGLAssetLoader      - Loading from cache: /assets/textures/Ground1.png@64.0x64.0
15:49:04.637 [JavaFX Application Thread] DEBUG FXGLAssetLoader      - Loading from cache: /assets/textures/Ground1.png@64.0x64.0
15:49:04.638 [JavaFX Application Thread] DEBUG FXGLAssetLoader      - Loading from cache: /assets/textures/Ground1.png@64.0x64.0
15:49:04.638 [JavaFX Application Thread] DEBUG FXGLAssetLoader      - Loading from cache: /assets/textures/Ground1.png@64.0x64.0
15:49:04.638 [JavaFX Application Thread] DEBUG FXGLAssetLoader      - Loading from cache: /assets/textures/Ground1.png@64.0x64.0
15:49:04.639 [JavaFX Application Thread] DEBUG FXGLAssetLoader      - Loading from cache: /assets/textures/Ground1.png@64.0x64.0
15:49:04.639 [JavaFX Application Thread] DEBUG FXGLAssetLoader      - Loading from cache: /assets/textures/Ground1.png@64.0x64.0
15:49:04.639 [JavaFX Application Thread] DEBUG FXGLAssetLoader      - Loading from cache: /assets/textures/Ground1.png@64.0x64.0
15:49:04.639 [JavaFX Application Thread] DEBUG FXGLAssetLoader      - Loading from cache: /assets/textures/Ground1.png@64.0x64.0
15:49:04.640 [JavaFX Application Thread] DEBUG FXGLAssetLoader      - Loading from cache: /assets/textures/Ground1.png@64.0x64.0
15:49:04.640 [JavaFX Application Thread] DEBUG FXGLAssetLoader      - Loading from cache: /assets/textures/Ground1.png@64.0x64.0
15:49:04.641 [JavaFX Application Thread] DEBUG FXGLAssetLoader      - Loading from cache: /assets/textures/Ground1.png@64.0x64.0
15:49:04.641 [JavaFX Application Thread] DEBUG FXGLAssetLoader      - Loading from cache: /assets/textures/Ground1.png@64.0x64.0
15:49:04.641 [JavaFX Application Thread] DEBUG FXGLAssetLoader      - Loading from cache: /assets/textures/Ground1.png@64.0x64.0
15:49:04.642 [JavaFX Application Thread] DEBUG FXGLAssetLoader      - Loading from cache: /assets/textures/Ground1.png@64.0x64.0
15:49:04.642 [JavaFX Application Thread] DEBUG FXGLAssetLoader      - Loading from cache: /assets/textures/Ground1.png@64.0x64.0
15:49:04.642 [JavaFX Application Thread] DEBUG FXGLAssetLoader      - Loading from cache: /assets/textures/Ground1.png@64.0x64.0
15:49:04.643 [JavaFX Application Thread] DEBUG FXGLAssetLoader      - Loading from cache: /assets/textures/Ground1.png@64.0x64.0
15:49:04.643 [JavaFX Application Thread] DEBUG FXGLAssetLoader      - Loading from cache: /assets/textures/Ground1.png@64.0x64.0
15:49:04.644 [JavaFX Application Thread] DEBUG FXGLAssetLoader      - Loading from cache: /assets/textures/Ground1.png@64.0x64.0
15:49:04.644 [JavaFX Application Thread] DEBUG FXGLAssetLoader      - Loading from cache: /assets/textures/Ground1.png@64.0x64.0
15:49:04.644 [JavaFX Application Thread] DEBUG FXGLAssetLoader      - Loading from cache: /assets/textures/Ground1.png@64.0x64.0
15:49:04.644 [JavaFX Application Thread] DEBUG FXGLAssetLoader      - Loading from cache: /assets/textures/Ground1.png@64.0x64.0
15:49:04.645 [JavaFX Application Thread] DEBUG FXGLAssetLoader      - Loading from cache: /assets/textures/Ground1.png@64.0x64.0
15:49:04.645 [JavaFX Application Thread] DEBUG FXGLAssetLoader      - Loading from cache: /assets/textures/Ground1.png@64.0x64.0
15:49:04.645 [JavaFX Application Thread] DEBUG FXGLAssetLoader      - Loading from cache: /assets/textures/Ground1.png@64.0x64.0
15:49:04.646 [JavaFX Application Thread] DEBUG FXGLAssetLoader      - Loading from cache: /assets/textures/Ground1.png@64.0x64.0
15:49:04.646 [JavaFX Application Thread] DEBUG FXGLAssetLoader      - Loading from cache: /assets/textures/Ground1.png@64.0x64.0
15:49:04.658 [JavaFX Application Thread] DEBUG GameScene            - Entity added to scene
15:49:04.658 [JavaFX Application Thread] DEBUG GameScene            - Added MainViewComponent
15:49:04.659 [JavaFX Application Thread] DEBUG GameScene            - Entity added to scene
15:49:04.659 [JavaFX Application Thread] DEBUG GameScene            - Added MainViewComponent
15:49:04.660 [JavaFX Application Thread] DEBUG GameScene            - Entity added to scene
15:49:04.660 [JavaFX Application Thread] DEBUG GameScene            - Added MainViewComponent
15:49:04.660 [JavaFX Application Thread] DEBUG GameScene            - Entity added to scene
15:49:04.660 [JavaFX Application Thread] DEBUG GameScene            - Added MainViewComponent
15:49:04.660 [JavaFX Application Thread] DEBUG GameScene            - Entity added to scene
15:49:04.660 [JavaFX Application Thread] DEBUG GameScene            - Added MainViewComponent
15:49:04.660 [JavaFX Application Thread] DEBUG GameScene            - Entity added to scene
15:49:04.660 [JavaFX Application Thread] DEBUG GameScene            - Added MainViewComponent
15:49:04.661 [JavaFX Application Thread] DEBUG GameScene            - Entity added to scene
15:49:04.661 [JavaFX Application Thread] DEBUG GameScene            - Added MainViewComponent
15:49:04.661 [JavaFX Application Thread] DEBUG GameScene            - Entity added to scene
15:49:04.661 [JavaFX Application Thread] DEBUG GameScene            - Added MainViewComponent
15:49:04.661 [JavaFX Application Thread] DEBUG GameScene            - Entity added to scene
15:49:04.661 [JavaFX Application Thread] DEBUG GameScene            - Added MainViewComponent
15:49:04.661 [JavaFX Application Thread] DEBUG GameScene            - Entity added to scene
15:49:04.661 [JavaFX Application Thread] DEBUG GameScene            - Added MainViewComponent
15:49:04.662 [JavaFX Application Thread] DEBUG GameScene            - Entity added to scene
15:49:04.662 [JavaFX Application Thread] DEBUG GameScene            - Added MainViewComponent
15:49:04.662 [JavaFX Application Thread] DEBUG GameScene            - Entity added to scene
15:49:04.662 [JavaFX Application Thread] DEBUG GameScene            - Added MainViewComponent
15:49:04.662 [JavaFX Application Thread] DEBUG GameScene            - Entity added to scene
15:49:04.662 [JavaFX Application Thread] DEBUG GameScene            - Added MainViewComponent
15:49:04.662 [JavaFX Application Thread] DEBUG GameScene            - Entity added to scene
15:49:04.662 [JavaFX Application Thread] DEBUG GameScene            - Added MainViewComponent
15:49:04.663 [JavaFX Application Thread] DEBUG GameScene            - Entity added to scene
15:49:04.663 [JavaFX Application Thread] DEBUG GameScene            - Added MainViewComponent
15:49:04.663 [JavaFX Application Thread] DEBUG GameScene            - Entity added to scene
15:49:04.663 [JavaFX Application Thread] DEBUG GameScene            - Added MainViewComponent
15:49:04.663 [JavaFX Application Thread] DEBUG GameScene            - Entity added to scene
15:49:04.664 [JavaFX Application Thread] DEBUG GameScene            - Added MainViewComponent
15:49:04.664 [JavaFX Application Thread] DEBUG GameScene            - Entity added to scene
15:49:04.664 [JavaFX Application Thread] DEBUG GameScene            - Added MainViewComponent
15:49:04.665 [JavaFX Application Thread] DEBUG GameScene            - Entity added to scene
15:49:04.665 [JavaFX Application Thread] DEBUG GameScene            - Added MainViewComponent
15:49:04.665 [JavaFX Application Thread] DEBUG GameScene            - Entity added to scene
15:49:04.665 [JavaFX Application Thread] DEBUG GameScene            - Added MainViewComponent
15:49:04.666 [JavaFX Application Thread] DEBUG GameScene            - Entity added to scene
15:49:04.666 [JavaFX Application Thread] DEBUG GameScene            - Added MainViewComponent
15:49:04.666 [JavaFX Application Thread] DEBUG GameScene            - Entity added to scene
15:49:04.666 [JavaFX Application Thread] DEBUG GameScene            - Added MainViewComponent
15:49:04.667 [JavaFX Application Thread] DEBUG GameScene            - Entity added to scene
15:49:04.667 [JavaFX Application Thread] DEBUG GameScene            - Added MainViewComponent
15:49:04.667 [JavaFX Application Thread] DEBUG GameScene            - Entity added to scene
15:49:04.668 [JavaFX Application Thread] DEBUG GameScene            - Added MainViewComponent
15:49:04.668 [JavaFX Application Thread] DEBUG GameScene            - Entity added to scene
15:49:04.668 [JavaFX Application Thread] DEBUG GameScene            - Added MainViewComponent
15:49:04.668 [JavaFX Application Thread] DEBUG GameScene            - Entity added to scene
15:49:04.669 [JavaFX Application Thread] DEBUG GameScene            - Added MainViewComponent
15:49:04.669 [JavaFX Application Thread] DEBUG GameScene            - Entity added to scene
15:49:04.669 [JavaFX Application Thread] DEBUG GameScene            - Added MainViewComponent
15:49:04.669 [JavaFX Application Thread] DEBUG GameScene            - Entity added to scene
15:49:04.669 [JavaFX Application Thread] DEBUG GameScene            - Added MainViewComponent
15:49:04.670 [JavaFX Application Thread] DEBUG GameScene            - Entity added to scene
15:49:04.670 [JavaFX Application Thread] DEBUG GameScene            - Added MainViewComponent
15:49:04.670 [JavaFX Application Thread] DEBUG GameScene            - Entity added to scene
15:49:04.670 [JavaFX Application Thread] DEBUG GameScene            - Added MainViewComponent
15:49:04.670 [JavaFX Application Thread] DEBUG GameScene            - Entity added to scene
15:49:04.670 [JavaFX Application Thread] DEBUG GameScene            - Added MainViewComponent
15:49:04.676 [JavaFX Application Thread] DEBUG GameScene            - Entity added to scene
15:49:04.676 [JavaFX Application Thread] DEBUG GameScene            - Added MainViewComponent
15:49:04.677 [JavaFX Application Thread] DEBUG GameScene            - Entity added to scene
15:49:04.677 [JavaFX Application Thread] DEBUG GameScene            - Added MainViewComponent
15:49:04.677 [JavaFX Application Thread] DEBUG GameScene            - Entity added to scene
15:49:04.677 [JavaFX Application Thread] DEBUG GameScene            - Added MainViewComponent
15:49:04.677 [JavaFX Application Thread] DEBUG GameScene            - Entity added to scene
15:49:04.677 [JavaFX Application Thread] DEBUG GameScene            - Added MainViewComponent
15:49:04.678 [JavaFX Application Thread] DEBUG GameScene            - Entity added to scene
15:49:04.678 [JavaFX Application Thread] DEBUG GameScene            - Added MainViewComponent
15:49:04.678 [JavaFX Application Thread] DEBUG GameScene            - Entity added to scene
15:49:04.678 [JavaFX Application Thread] DEBUG GameScene            - Added MainViewComponent
15:49:04.679 [JavaFX Application Thread] DEBUG GameScene            - Entity added to scene
15:49:04.679 [JavaFX Application Thread] DEBUG GameScene            - Added MainViewComponent
15:49:04.679 [JavaFX Application Thread] DEBUG GameScene            - Entity added to scene
15:49:04.679 [JavaFX Application Thread] DEBUG GameScene            - Added MainViewComponent
15:49:04.679 [JavaFX Application Thread] DEBUG GameScene            - Entity added to scene
15:49:04.679 [JavaFX Application Thread] DEBUG GameScene            - Added MainViewComponent
15:49:04.679 [JavaFX Application Thread] DEBUG GameScene            - Entity added to scene
15:49:04.679 [JavaFX Application Thread] DEBUG GameScene            - Added MainViewComponent
15:49:04.680 [JavaFX Application Thread] DEBUG GameScene            - Entity added to scene
15:49:04.680 [JavaFX Application Thread] DEBUG GameScene            - Added MainViewComponent
15:49:04.680 [JavaFX Application Thread] DEBUG GameScene            - Entity added to scene
15:49:04.680 [JavaFX Application Thread] DEBUG GameScene            - Added MainViewComponent
15:49:04.680 [JavaFX Application Thread] DEBUG GameScene            - Entity added to scene
15:49:04.680 [JavaFX Application Thread] DEBUG GameScene            - Added MainViewComponent
15:49:04.680 [JavaFX Application Thread] DEBUG GameScene            - Entity added to scene
15:49:04.680 [JavaFX Application Thread] DEBUG GameScene            - Added MainViewComponent
15:49:04.845 [JavaFX Application Thread] DEBUG GameScene            - Adding UI node: InGameWindow@118144ab[styleClass=window]
15:49:04.932 [JavaFX Application Thread] DEBUG FXGLAssetLoader      - Loading from cache: /assets/textures/Ground1.png@64.0x64.0
15:49:04.933 [JavaFX Application Thread] DEBUG FXGLAssetLoader      - Loading from cache: /assets/textures/Ground1.png@64.0x64.0
15:49:04.933 [JavaFX Application Thread] DEBUG FXGLAssetLoader      - Loading from cache: /assets/textures/Ground1.png@64.0x64.0
15:49:04.934 [JavaFX Application Thread] DEBUG FXGLAssetLoader      - Loading from cache: /assets/textures/Ground1.png@64.0x64.0
15:49:04.934 [JavaFX Application Thread] DEBUG FXGLAssetLoader      - Loading from cache: /assets/textures/Ground1.png@64.0x64.0
15:49:04.935 [JavaFX Application Thread] DEBUG FXGLAssetLoader      - Loading from cache: /assets/textures/Ground1.png@64.0x64.0
15:49:04.935 [JavaFX Application Thread] DEBUG FXGLAssetLoader      - Loading from cache: /assets/textures/Ground1.png@64.0x64.0
15:49:04.936 [JavaFX Application Thread] DEBUG FXGLAssetLoader      - Loading from cache: /assets/textures/Ground1.png@64.0x64.0
15:49:04.936 [JavaFX Application Thread] DEBUG FXGLAssetLoader      - Loading from cache: /assets/textures/Ground1.png@64.0x64.0
15:49:04.937 [JavaFX Application Thread] DEBUG FXGLAssetLoader      - Loading from cache: /assets/textures/Ground1.png@64.0x64.0
15:49:04.937 [JavaFX Application Thread] DEBUG FXGLAssetLoader      - Loading from cache: /assets/textures/Ground1.png@64.0x64.0
15:49:04.938 [JavaFX Application Thread] DEBUG FXGLAssetLoader      - Loading from cache: /assets/textures/Ground1.png@64.0x64.0
15:49:04.938 [JavaFX Application Thread] DEBUG FXGLAssetLoader      - Loading from cache: /assets/textures/Ground1.png@64.0x64.0
15:49:04.938 [JavaFX Application Thread] DEBUG FXGLAssetLoader      - Loading from cache: /assets/textures/Ground1.png@64.0x64.0
15:49:04.939 [JavaFX Application Thread] DEBUG FXGLAssetLoader      - Loading from cache: /assets/textures/Ground1.png@64.0x64.0
15:49:04.946 [JavaFX Application Thread] DEBUG GameScene            - Entity added to scene
15:49:04.946 [JavaFX Application Thread] DEBUG GameScene            - Added MainViewComponent
15:49:04.947 [JavaFX Application Thread] DEBUG GameScene            - Entity added to scene
15:49:04.947 [JavaFX Application Thread] DEBUG GameScene            - Added MainViewComponent
15:49:04.947 [JavaFX Application Thread] DEBUG GameScene            - Entity added to scene
15:49:04.947 [JavaFX Application Thread] DEBUG GameScene            - Added MainViewComponent
15:49:04.947 [JavaFX Application Thread] DEBUG GameScene            - Entity added to scene
15:49:04.947 [JavaFX Application Thread] DEBUG GameScene            - Added MainViewComponent
15:49:04.947 [JavaFX Application Thread] DEBUG GameScene            - Entity added to scene
15:49:04.947 [JavaFX Application Thread] DEBUG GameScene            - Added MainViewComponent
15:49:04.947 [JavaFX Application Thread] DEBUG GameScene            - Entity added to scene
15:49:04.947 [JavaFX Application Thread] DEBUG GameScene            - Added MainViewComponent
15:49:04.948 [JavaFX Application Thread] DEBUG GameScene            - Entity added to scene
15:49:04.948 [JavaFX Application Thread] DEBUG GameScene            - Added MainViewComponent
15:49:04.948 [JavaFX Application Thread] DEBUG GameScene            - Entity added to scene
15:49:04.948 [JavaFX Application Thread] DEBUG GameScene            - Added MainViewComponent
15:49:04.948 [JavaFX Application Thread] DEBUG GameScene            - Entity added to scene
15:49:04.948 [JavaFX Application Thread] DEBUG GameScene            - Added MainViewComponent
15:49:04.948 [JavaFX Application Thread] DEBUG GameScene            - Entity added to scene
15:49:04.948 [JavaFX Application Thread] DEBUG GameScene            - Added MainViewComponent
15:49:04.948 [JavaFX Application Thread] DEBUG GameScene            - Entity added to scene
15:49:04.948 [JavaFX Application Thread] DEBUG GameScene            - Added MainViewComponent
15:49:04.948 [JavaFX Application Thread] DEBUG GameScene            - Entity added to scene
15:49:04.948 [JavaFX Application Thread] DEBUG GameScene            - Added MainViewComponent
15:49:04.949 [JavaFX Application Thread] DEBUG GameScene            - Entity added to scene
15:49:04.949 [JavaFX Application Thread] DEBUG GameScene            - Added MainViewComponent
15:49:04.949 [JavaFX Application Thread] DEBUG GameScene            - Entity added to scene
15:49:04.949 [JavaFX Application Thread] DEBUG GameScene            - Added MainViewComponent
15:49:04.949 [JavaFX Application Thread] DEBUG GameScene            - Entity added to scene
15:49:04.949 [JavaFX Application Thread] DEBUG GameScene            - Added MainViewComponent
15:49:05.477 [JavaFX Application Thread] DEBUG FXGLAssetLoader      - Loading from cache: /assets/textures/Ground1.png@64.0x64.0
15:49:05.478 [JavaFX Application Thread] DEBUG FXGLAssetLoader      - Loading from cache: /assets/textures/Ground1.png@64.0x64.0
15:49:05.479 [JavaFX Application Thread] DEBUG FXGLAssetLoader      - Loading from cache: /assets/textures/Ground1.png@64.0x64.0
15:49:05.480 [JavaFX Application Thread] DEBUG FXGLAssetLoader      - Loading from cache: /assets/textures/Ground1.png@64.0x64.0
15:49:05.481 [JavaFX Application Thread] DEBUG FXGLAssetLoader      - Loading from cache: /assets/textures/Ground1.png@64.0x64.0
15:49:05.482 [JavaFX Application Thread] DEBUG FXGLAssetLoader      - Loading from cache: /assets/textures/Ground1.png@64.0x64.0
15:49:05.483 [JavaFX Application Thread] DEBUG FXGLAssetLoader      - Loading from cache: /assets/textures/Ground1.png@64.0x64.0
15:49:05.484 [JavaFX Application Thread] DEBUG FXGLAssetLoader      - Loading from cache: /assets/textures/Ground1.png@64.0x64.0
15:49:05.484 [JavaFX Application Thread] DEBUG FXGLAssetLoader      - Loading from cache: /assets/textures/Ground1.png@64.0x64.0
15:49:05.485 [JavaFX Application Thread] DEBUG FXGLAssetLoader      - Loading from cache: /assets/textures/Ground1.png@64.0x64.0
15:49:05.486 [JavaFX Application Thread] DEBUG FXGLAssetLoader      - Loading from cache: /assets/textures/Ground1.png@64.0x64.0
15:49:05.487 [JavaFX Application Thread] DEBUG FXGLAssetLoader      - Loading from cache: /assets/textures/Ground1.png@64.0x64.0
15:49:05.488 [JavaFX Application Thread] DEBUG FXGLAssetLoader      - Loading from cache: /assets/textures/Ground1.png@64.0x64.0
15:49:05.489 [JavaFX Application Thread] DEBUG FXGLAssetLoader      - Loading from cache: /assets/textures/Ground1.png@64.0x64.0
15:49:05.490 [JavaFX Application Thread] DEBUG FXGLAssetLoader      - Loading from cache: /assets/textures/Ground1.png@64.0x64.0
15:49:05.491 [JavaFX Application Thread] DEBUG GameScene            - Entity added to scene
15:49:05.491 [JavaFX Application Thread] DEBUG GameScene            - Added MainViewComponent
15:49:05.492 [JavaFX Application Thread] DEBUG GameScene            - Entity added to scene
15:49:05.492 [JavaFX Application Thread] DEBUG GameScene            - Added MainViewComponent
15:49:05.493 [JavaFX Application Thread] DEBUG GameScene            - Entity added to scene
15:49:05.494 [JavaFX Application Thread] DEBUG GameScene            - Added MainViewComponent
15:49:05.494 [JavaFX Application Thread] DEBUG GameScene            - Entity added to scene
15:49:05.494 [JavaFX Application Thread] DEBUG GameScene            - Added MainViewComponent
15:49:05.494 [JavaFX Application Thread] DEBUG GameScene            - Entity added to scene
15:49:05.494 [JavaFX Application Thread] DEBUG GameScene            - Added MainViewComponent
15:49:05.495 [JavaFX Application Thread] DEBUG GameScene            - Entity added to scene
15:49:05.495 [JavaFX Application Thread] DEBUG GameScene            - Added MainViewComponent
15:49:05.495 [JavaFX Application Thread] DEBUG GameScene            - Entity added to scene
15:49:05.495 [JavaFX Application Thread] DEBUG GameScene            - Added MainViewComponent
15:49:05.495 [JavaFX Application Thread] DEBUG GameScene            - Entity added to scene
15:49:05.495 [JavaFX Application Thread] DEBUG GameScene            - Added MainViewComponent
15:49:05.496 [JavaFX Application Thread] DEBUG GameScene            - Entity added to scene
15:49:05.496 [JavaFX Application Thread] DEBUG GameScene            - Added MainViewComponent
15:49:05.496 [JavaFX Application Thread] DEBUG GameScene            - Entity added to scene
15:49:05.496 [JavaFX Application Thread] DEBUG GameScene            - Added MainViewComponent
15:49:05.496 [JavaFX Application Thread] DEBUG GameScene            - Entity added to scene
15:49:05.496 [JavaFX Application Thread] DEBUG GameScene            - Added MainViewComponent
15:49:05.496 [JavaFX Application Thread] DEBUG GameScene            - Entity added to scene
15:49:05.496 [JavaFX Application Thread] DEBUG GameScene            - Added MainViewComponent
15:49:05.497 [JavaFX Application Thread] DEBUG GameScene            - Entity added to scene
15:49:05.497 [JavaFX Application Thread] DEBUG GameScene            - Added MainViewComponent
15:49:05.497 [JavaFX Application Thread] DEBUG GameScene            - Entity added to scene
15:49:05.497 [JavaFX Application Thread] DEBUG GameScene            - Added MainViewComponent
15:49:05.497 [JavaFX Application Thread] DEBUG GameScene            - Entity added to scene
15:49:05.497 [JavaFX Application Thread] DEBUG GameScene            - Added MainViewComponent
15:49:05.765 [JavaFX Application Thread] DEBUG FXGLAssetLoader      - Loading from cache: /assets/textures/Ground1.png@64.0x64.0
15:49:05.766 [JavaFX Application Thread] DEBUG FXGLAssetLoader      - Loading from cache: /assets/textures/Ground1.png@64.0x64.0
15:49:05.767 [JavaFX Application Thread] DEBUG FXGLAssetLoader      - Loading from cache: /assets/textures/Ground1.png@64.0x64.0
15:49:05.768 [JavaFX Application Thread] DEBUG FXGLAssetLoader      - Loading from cache: /assets/textures/Ground1.png@64.0x64.0
15:49:05.769 [JavaFX Application Thread] DEBUG FXGLAssetLoader      - Loading from cache: /assets/textures/Ground1.png@64.0x64.0
15:49:05.770 [JavaFX Application Thread] DEBUG FXGLAssetLoader      - Loading from cache: /assets/textures/Ground1.png@64.0x64.0
15:49:05.771 [JavaFX Application Thread] DEBUG FXGLAssetLoader      - Loading from cache: /assets/textures/Ground1.png@64.0x64.0
15:49:05.771 [JavaFX Application Thread] DEBUG FXGLAssetLoader      - Loading from cache: /assets/textures/Ground1.png@64.0x64.0
15:49:05.772 [JavaFX Application Thread] DEBUG FXGLAssetLoader      - Loading from cache: /assets/textures/Ground1.png@64.0x64.0
15:49:05.773 [JavaFX Application Thread] DEBUG FXGLAssetLoader      - Loading from cache: /assets/textures/Ground1.png@64.0x64.0
15:49:05.773 [JavaFX Application Thread] DEBUG FXGLAssetLoader      - Loading from cache: /assets/textures/Ground1.png@64.0x64.0
15:49:05.774 [JavaFX Application Thread] DEBUG FXGLAssetLoader      - Loading from cache: /assets/textures/Ground1.png@64.0x64.0
15:49:05.774 [JavaFX Application Thread] DEBUG FXGLAssetLoader      - Loading from cache: /assets/textures/Ground1.png@64.0x64.0
15:49:05.775 [JavaFX Application Thread] DEBUG FXGLAssetLoader      - Loading from cache: /assets/textures/Ground1.png@64.0x64.0
15:49:05.776 [JavaFX Application Thread] DEBUG FXGLAssetLoader      - Loading from cache: /assets/textures/Ground1.png@64.0x64.0
15:49:05.793 [JavaFX Application Thread] DEBUG GameScene            - Entity added to scene
15:49:05.793 [JavaFX Application Thread] DEBUG GameScene            - Added MainViewComponent
15:49:05.794 [JavaFX Application Thread] DEBUG GameScene            - Entity added to scene
15:49:05.794 [JavaFX Application Thread] DEBUG GameScene            - Added MainViewComponent
15:49:05.794 [JavaFX Application Thread] DEBUG GameScene            - Entity added to scene
15:49:05.794 [JavaFX Application Thread] DEBUG GameScene            - Added MainViewComponent
15:49:05.794 [JavaFX Application Thread] DEBUG GameScene            - Entity added to scene
15:49:05.794 [JavaFX Application Thread] DEBUG GameScene            - Added MainViewComponent
15:49:05.794 [JavaFX Application Thread] DEBUG GameScene            - Entity added to scene
15:49:05.795 [JavaFX Application Thread] DEBUG GameScene            - Added MainViewComponent
15:49:05.795 [JavaFX Application Thread] DEBUG GameScene            - Entity added to scene
15:49:05.795 [JavaFX Application Thread] DEBUG GameScene            - Added MainViewComponent
15:49:05.795 [JavaFX Application Thread] DEBUG GameScene            - Entity added to scene
15:49:05.795 [JavaFX Application Thread] DEBUG GameScene            - Added MainViewComponent
15:49:05.795 [JavaFX Application Thread] DEBUG GameScene            - Entity added to scene
15:49:05.795 [JavaFX Application Thread] DEBUG GameScene            - Added MainViewComponent
15:49:05.795 [JavaFX Application Thread] DEBUG GameScene            - Entity added to scene
15:49:05.795 [JavaFX Application Thread] DEBUG GameScene            - Added MainViewComponent
15:49:05.795 [JavaFX Application Thread] DEBUG GameScene            - Entity added to scene
15:49:05.795 [JavaFX Application Thread] DEBUG GameScene            - Added MainViewComponent
15:49:05.796 [JavaFX Application Thread] DEBUG GameScene            - Entity added to scene
15:49:05.796 [JavaFX Application Thread] DEBUG GameScene            - Added MainViewComponent
15:49:05.796 [JavaFX Application Thread] DEBUG GameScene            - Entity added to scene
15:49:05.796 [JavaFX Application Thread] DEBUG GameScene            - Added MainViewComponent
15:49:05.796 [JavaFX Application Thread] DEBUG GameScene            - Entity added to scene
15:49:05.796 [JavaFX Application Thread] DEBUG GameScene            - Added MainViewComponent
15:49:05.796 [JavaFX Application Thread] DEBUG GameScene            - Entity added to scene
15:49:05.796 [JavaFX Application Thread] DEBUG GameScene            - Added MainViewComponent
15:49:05.796 [JavaFX Application Thread] DEBUG GameScene            - Entity added to scene
15:49:05.796 [JavaFX Application Thread] DEBUG GameScene            - Added MainViewComponent
15:49:06.003 [JavaFX Application Thread] DEBUG FXGLAssetLoader      - Loading from cache: /assets/textures/Ground1.png@64.0x64.0
15:49:06.003 [JavaFX Application Thread] DEBUG FXGLAssetLoader      - Loading from cache: /assets/textures/Ground1.png@64.0x64.0
15:49:06.004 [JavaFX Application Thread] DEBUG FXGLAssetLoader      - Loading from cache: /assets/textures/Ground1.png@64.0x64.0
15:49:06.004 [JavaFX Application Thread] DEBUG FXGLAssetLoader      - Loading from cache: /assets/textures/Ground1.png@64.0x64.0
15:49:06.004 [JavaFX Application Thread] DEBUG FXGLAssetLoader      - Loading from cache: /assets/textures/Ground1.png@64.0x64.0
15:49:06.004 [JavaFX Application Thread] DEBUG FXGLAssetLoader      - Loading from cache: /assets/textures/Ground1.png@64.0x64.0
15:49:06.005 [JavaFX Application Thread] DEBUG FXGLAssetLoader      - Loading from cache: /assets/textures/Ground1.png@64.0x64.0
15:49:06.005 [JavaFX Application Thread] DEBUG FXGLAssetLoader      - Loading from cache: /assets/textures/Ground1.png@64.0x64.0
15:49:06.005 [JavaFX Application Thread] DEBUG FXGLAssetLoader      - Loading from cache: /assets/textures/Ground1.png@64.0x64.0
15:49:06.005 [JavaFX Application Thread] DEBUG FXGLAssetLoader      - Loading from cache: /assets/textures/Ground1.png@64.0x64.0
15:49:06.005 [JavaFX Application Thread] DEBUG FXGLAssetLoader      - Loading from cache: /assets/textures/Ground1.png@64.0x64.0
15:49:06.006 [JavaFX Application Thread] DEBUG FXGLAssetLoader      - Loading from cache: /assets/textures/Ground1.png@64.0x64.0
15:49:06.006 [JavaFX Application Thread] DEBUG FXGLAssetLoader      - Loading from cache: /assets/textures/Ground1.png@64.0x64.0
15:49:06.006 [JavaFX Application Thread] DEBUG FXGLAssetLoader      - Loading from cache: /assets/textures/Ground1.png@64.0x64.0
15:49:06.006 [JavaFX Application Thread] DEBUG FXGLAssetLoader      - Loading from cache: /assets/textures/Ground1.png@64.0x64.0
15:49:06.018 [JavaFX Application Thread] DEBUG GameScene            - Entity added to scene
15:49:06.018 [JavaFX Application Thread] DEBUG GameScene            - Added MainViewComponent
15:49:06.019 [JavaFX Application Thread] DEBUG GameScene            - Entity added to scene
15:49:06.019 [JavaFX Application Thread] DEBUG GameScene            - Added MainViewComponent
15:49:06.019 [JavaFX Application Thread] DEBUG GameScene            - Entity added to scene
15:49:06.019 [JavaFX Application Thread] DEBUG GameScene            - Added MainViewComponent
15:49:06.019 [JavaFX Application Thread] DEBUG GameScene            - Entity added to scene
15:49:06.019 [JavaFX Application Thread] DEBUG GameScene            - Added MainViewComponent
15:49:06.019 [JavaFX Application Thread] DEBUG GameScene            - Entity added to scene
15:49:06.019 [JavaFX Application Thread] DEBUG GameScene            - Added MainViewComponent
15:49:06.019 [JavaFX Application Thread] DEBUG GameScene            - Entity added to scene
15:49:06.019 [JavaFX Application Thread] DEBUG GameScene            - Added MainViewComponent
15:49:06.019 [JavaFX Application Thread] DEBUG GameScene            - Entity added to scene
15:49:06.019 [JavaFX Application Thread] DEBUG GameScene            - Added MainViewComponent
15:49:06.020 [JavaFX Application Thread] DEBUG GameScene            - Entity added to scene
15:49:06.020 [JavaFX Application Thread] DEBUG GameScene            - Added MainViewComponent
15:49:06.020 [JavaFX Application Thread] DEBUG GameScene            - Entity added to scene
15:49:06.020 [JavaFX Application Thread] DEBUG GameScene            - Added MainViewComponent
15:49:06.020 [JavaFX Application Thread] DEBUG GameScene            - Entity added to scene
15:49:06.020 [JavaFX Application Thread] DEBUG GameScene            - Added MainViewComponent
15:49:06.020 [JavaFX Application Thread] DEBUG GameScene            - Entity added to scene
15:49:06.020 [JavaFX Application Thread] DEBUG GameScene            - Added MainViewComponent
15:49:06.020 [JavaFX Application Thread] DEBUG GameScene            - Entity added to scene
15:49:06.020 [JavaFX Application Thread] DEBUG GameScene            - Added MainViewComponent
15:49:06.020 [JavaFX Application Thread] DEBUG GameScene            - Entity added to scene
15:49:06.020 [JavaFX Application Thread] DEBUG GameScene            - Added MainViewComponent
15:49:06.020 [JavaFX Application Thread] DEBUG GameScene            - Entity added to scene
15:49:06.020 [JavaFX Application Thread] DEBUG GameScene            - Added MainViewComponent
15:49:06.021 [JavaFX Application Thread] DEBUG GameScene            - Entity added to scene
15:49:06.021 [JavaFX Application Thread] DEBUG GameScene            - Added MainViewComponent
15:49:06.147 [JavaFX Application Thread] DEBUG FXGLAssetLoader      - Loading from disk: /assets/sounds/Dig.wav
15:49:06.154 [JavaFX Application Thread] DEBUG FXGLAssetLoader      - Loading from cache: /assets/textures/Ground1.png@64.0x64.0
15:49:06.154 [JavaFX Application Thread] DEBUG FXGLAssetLoader      - Loading from cache: /assets/textures/Ground1.png@64.0x64.0
15:49:06.154 [JavaFX Application Thread] DEBUG FXGLAssetLoader      - Loading from cache: /assets/textures/Ground1.png@64.0x64.0
15:49:06.154 [JavaFX Application Thread] DEBUG FXGLAssetLoader      - Loading from cache: /assets/textures/Ground1.png@64.0x64.0
15:49:06.154 [JavaFX Application Thread] DEBUG FXGLAssetLoader      - Loading from cache: /assets/textures/Ground1.png@64.0x64.0
15:49:06.155 [JavaFX Application Thread] DEBUG FXGLAssetLoader      - Loading from cache: /assets/textures/Ground1.png@64.0x64.0
15:49:06.155 [JavaFX Application Thread] DEBUG FXGLAssetLoader      - Loading from cache: /assets/textures/Ground1.png@64.0x64.0
15:49:06.164 [JavaFX Application Thread] DEBUG GameScene            - Entity added to scene
15:49:06.164 [JavaFX Application Thread] DEBUG GameScene            - Added MainViewComponent
15:49:06.164 [JavaFX Application Thread] DEBUG GameScene            - Entity added to scene
15:49:06.164 [JavaFX Application Thread] DEBUG GameScene            - Added MainViewComponent
15:49:06.164 [JavaFX Application Thread] DEBUG GameScene            - Entity added to scene
15:49:06.165 [JavaFX Application Thread] DEBUG GameScene            - Added MainViewComponent
15:49:06.165 [JavaFX Application Thread] DEBUG GameScene            - Entity added to scene
15:49:06.165 [JavaFX Application Thread] DEBUG GameScene            - Added MainViewComponent
15:49:06.165 [JavaFX Application Thread] DEBUG GameScene            - Entity added to scene
15:49:06.165 [JavaFX Application Thread] DEBUG GameScene            - Added MainViewComponent
15:49:06.165 [JavaFX Application Thread] DEBUG GameScene            - Entity added to scene
15:49:06.165 [JavaFX Application Thread] DEBUG GameScene            - Added MainViewComponent
15:49:06.165 [JavaFX Application Thread] DEBUG GameScene            - Entity added to scene
15:49:06.165 [JavaFX Application Thread] DEBUG GameScene            - Added MainViewComponent
15:49:06.165 [JavaFX Application Thread] DEBUG GameScene            - Entity removed from scene
15:49:06.166 [JavaFX Application Thread] DEBUG GameScene            - Removed MainViewComponent
15:49:06.916 [JavaFX Application Thread] DEBUG FXGLAssetLoader      - Loading from cache: /assets/textures/Ground1.png@64.0x64.0
15:49:06.916 [JavaFX Application Thread] DEBUG FXGLAssetLoader      - Loading from cache: /assets/textures/Ground1.png@64.0x64.0
15:49:06.916 [JavaFX Application Thread] DEBUG FXGLAssetLoader      - Loading from cache: /assets/textures/Ground1.png@64.0x64.0
15:49:06.917 [JavaFX Application Thread] DEBUG FXGLAssetLoader      - Loading from cache: /assets/textures/Ground1.png@64.0x64.0
15:49:06.917 [JavaFX Application Thread] DEBUG FXGLAssetLoader      - Loading from cache: /assets/textures/Ground1.png@64.0x64.0
15:49:06.917 [JavaFX Application Thread] DEBUG FXGLAssetLoader      - Loading from cache: /assets/textures/Ground1.png@64.0x64.0
15:49:06.917 [JavaFX Application Thread] DEBUG FXGLAssetLoader      - Loading from cache: /assets/textures/Ground1.png@64.0x64.0
15:49:06.918 [JavaFX Application Thread] DEBUG FXGLAssetLoader      - Loading from cache: /assets/textures/Ground1.png@64.0x64.0
15:49:06.918 [JavaFX Application Thread] DEBUG FXGLAssetLoader      - Loading from cache: /assets/textures/Ground1.png@64.0x64.0
15:49:06.918 [JavaFX Application Thread] DEBUG FXGLAssetLoader      - Loading from cache: /assets/textures/Ground1.png@64.0x64.0
15:49:06.918 [JavaFX Application Thread] DEBUG FXGLAssetLoader      - Loading from cache: /assets/textures/Ground1.png@64.0x64.0
15:49:06.919 [JavaFX Application Thread] DEBUG FXGLAssetLoader      - Loading from cache: /assets/textures/Ground1.png@64.0x64.0
15:49:06.919 [JavaFX Application Thread] DEBUG FXGLAssetLoader      - Loading from cache: /assets/textures/Ground1.png@64.0x64.0
15:49:06.919 [JavaFX Application Thread] DEBUG FXGLAssetLoader      - Loading from cache: /assets/textures/Ground1.png@64.0x64.0
15:49:06.919 [JavaFX Application Thread] DEBUG FXGLAssetLoader      - Loading from cache: /assets/textures/Ground1.png@64.0x64.0
15:49:06.931 [JavaFX Application Thread] DEBUG GameScene            - Entity added to scene
15:49:06.931 [JavaFX Application Thread] DEBUG GameScene            - Added MainViewComponent
15:49:06.931 [JavaFX Application Thread] DEBUG GameScene            - Entity added to scene
15:49:06.931 [JavaFX Application Thread] DEBUG GameScene            - Added MainViewComponent
15:49:06.931 [JavaFX Application Thread] DEBUG GameScene            - Entity added to scene
15:49:06.931 [JavaFX Application Thread] DEBUG GameScene            - Added MainViewComponent
15:49:06.931 [JavaFX Application Thread] DEBUG GameScene            - Entity added to scene
15:49:06.931 [JavaFX Application Thread] DEBUG GameScene            - Added MainViewComponent
15:49:06.932 [JavaFX Application Thread] DEBUG GameScene            - Entity added to scene
15:49:06.932 [JavaFX Application Thread] DEBUG GameScene            - Added MainViewComponent
15:49:06.932 [JavaFX Application Thread] DEBUG GameScene            - Entity added to scene
15:49:06.932 [JavaFX Application Thread] DEBUG GameScene            - Added MainViewComponent
15:49:06.932 [JavaFX Application Thread] DEBUG GameScene            - Entity added to scene
15:49:06.932 [JavaFX Application Thread] DEBUG GameScene            - Added MainViewComponent
15:49:06.932 [JavaFX Application Thread] DEBUG GameScene            - Entity added to scene
15:49:06.932 [JavaFX Application Thread] DEBUG GameScene            - Added MainViewComponent
15:49:06.932 [JavaFX Application Thread] DEBUG GameScene            - Entity added to scene
15:49:06.932 [JavaFX Application Thread] DEBUG GameScene            - Added MainViewComponent
15:49:06.932 [JavaFX Application Thread] DEBUG GameScene            - Entity added to scene
15:49:06.932 [JavaFX Application Thread] DEBUG GameScene            - Added MainViewComponent
15:49:06.932 [JavaFX Application Thread] DEBUG GameScene            - Entity added to scene
15:49:06.933 [JavaFX Application Thread] DEBUG GameScene            - Added MainViewComponent
15:49:06.933 [JavaFX Application Thread] DEBUG GameScene            - Entity added to scene
15:49:06.933 [JavaFX Application Thread] DEBUG GameScene            - Added MainViewComponent
15:49:06.933 [JavaFX Application Thread] DEBUG GameScene            - Entity added to scene
15:49:06.933 [JavaFX Application Thread] DEBUG GameScene            - Added MainViewComponent
15:49:06.933 [JavaFX Application Thread] DEBUG GameScene            - Entity added to scene
15:49:06.933 [JavaFX Application Thread] DEBUG GameScene            - Added MainViewComponent
15:49:06.933 [JavaFX Application Thread] DEBUG GameScene            - Entity added to scene
15:49:06.933 [JavaFX Application Thread] DEBUG GameScene            - Added MainViewComponent
15:49:07.027 [JavaFX Application Thread] DEBUG FXGLAssetLoader      - Loading from cache: /assets/sounds/Dig.wav
15:49:07.059 [JavaFX Application Thread] DEBUG GameScene            - Entity removed from scene
15:49:07.059 [JavaFX Application Thread] DEBUG GameScene            - Removed MainViewComponent
15:49:07.235 [JavaFX Application Thread] DEBUG GameScene            - Removing UI node: InGameWindow@118144ab[styleClass=window]
15:49:07.283 [JavaFX Application Thread] DEBUG FXGLAssetLoader      - Loading from cache: /assets/textures/Ground1.png@64.0x64.0
15:49:07.283 [JavaFX Application Thread] DEBUG FXGLAssetLoader      - Loading from cache: /assets/textures/Ground1.png@64.0x64.0
15:49:07.284 [JavaFX Application Thread] DEBUG FXGLAssetLoader      - Loading from cache: /assets/textures/Ground1.png@64.0x64.0
15:49:07.284 [JavaFX Application Thread] DEBUG FXGLAssetLoader      - Loading from cache: /assets/textures/Ground1.png@64.0x64.0
15:49:07.284 [JavaFX Application Thread] DEBUG FXGLAssetLoader      - Loading from cache: /assets/textures/Ground1.png@64.0x64.0
15:49:07.284 [JavaFX Application Thread] DEBUG FXGLAssetLoader      - Loading from cache: /assets/textures/Ground1.png@64.0x64.0
15:49:07.285 [JavaFX Application Thread] DEBUG FXGLAssetLoader      - Loading from cache: /assets/textures/Ground1.png@64.0x64.0
15:49:07.285 [JavaFX Application Thread] DEBUG FXGLAssetLoader      - Loading from cache: /assets/textures/Ground1.png@64.0x64.0
15:49:07.285 [JavaFX Application Thread] DEBUG FXGLAssetLoader      - Loading from cache: /assets/textures/Ground1.png@64.0x64.0
15:49:07.285 [JavaFX Application Thread] DEBUG FXGLAssetLoader      - Loading from cache: /assets/textures/Ground1.png@64.0x64.0
15:49:07.286 [JavaFX Application Thread] DEBUG FXGLAssetLoader      - Loading from cache: /assets/textures/Ground1.png@64.0x64.0
15:49:07.286 [JavaFX Application Thread] DEBUG FXGLAssetLoader      - Loading from cache: /assets/textures/Ground1.png@64.0x64.0
15:49:07.287 [JavaFX Application Thread] DEBUG FXGLAssetLoader      - Loading from cache: /assets/textures/Ground1.png@64.0x64.0
15:49:07.287 [JavaFX Application Thread] DEBUG FXGLAssetLoader      - Loading from cache: /assets/textures/Ground1.png@64.0x64.0
15:49:07.287 [JavaFX Application Thread] DEBUG FXGLAssetLoader      - Loading from cache: /assets/textures/Ground1.png@64.0x64.0
15:49:07.299 [JavaFX Application Thread] DEBUG GameScene            - Entity added to scene
15:49:07.299 [JavaFX Application Thread] DEBUG GameScene            - Added MainViewComponent
15:49:07.299 [JavaFX Application Thread] DEBUG GameScene            - Entity added to scene
15:49:07.299 [JavaFX Application Thread] DEBUG GameScene            - Added MainViewComponent
15:49:07.300 [JavaFX Application Thread] DEBUG GameScene            - Entity added to scene
15:49:07.300 [JavaFX Application Thread] DEBUG GameScene            - Added MainViewComponent
15:49:07.300 [JavaFX Application Thread] DEBUG GameScene            - Entity added to scene
15:49:07.300 [JavaFX Application Thread] DEBUG GameScene            - Added MainViewComponent
15:49:07.300 [JavaFX Application Thread] DEBUG GameScene            - Entity added to scene
15:49:07.300 [JavaFX Application Thread] DEBUG GameScene            - Added MainViewComponent
15:49:07.300 [JavaFX Application Thread] DEBUG GameScene            - Entity added to scene
15:49:07.300 [JavaFX Application Thread] DEBUG GameScene            - Added MainViewComponent
15:49:07.300 [JavaFX Application Thread] DEBUG GameScene            - Entity added to scene
15:49:07.300 [JavaFX Application Thread] DEBUG GameScene            - Added MainViewComponent
15:49:07.301 [JavaFX Application Thread] DEBUG GameScene            - Entity added to scene
15:49:07.301 [JavaFX Application Thread] DEBUG GameScene            - Added MainViewComponent
15:49:07.301 [JavaFX Application Thread] DEBUG GameScene            - Entity added to scene
15:49:07.301 [JavaFX Application Thread] DEBUG GameScene            - Added MainViewComponent
15:49:07.301 [JavaFX Application Thread] DEBUG GameScene            - Entity added to scene
15:49:07.301 [JavaFX Application Thread] DEBUG GameScene            - Added MainViewComponent
15:49:07.301 [JavaFX Application Thread] DEBUG GameScene            - Entity added to scene
15:49:07.301 [JavaFX Application Thread] DEBUG GameScene            - Added MainViewComponent
15:49:07.301 [JavaFX Application Thread] DEBUG GameScene            - Entity added to scene
15:49:07.301 [JavaFX Application Thread] DEBUG GameScene            - Added MainViewComponent
15:49:07.302 [JavaFX Application Thread] DEBUG GameScene            - Entity added to scene
15:49:07.302 [JavaFX Application Thread] DEBUG GameScene            - Added MainViewComponent
15:49:07.302 [JavaFX Application Thread] DEBUG GameScene            - Entity added to scene
15:49:07.302 [JavaFX Application Thread] DEBUG GameScene            - Added MainViewComponent
15:49:07.302 [JavaFX Application Thread] DEBUG GameScene            - Entity added to scene
15:49:07.302 [JavaFX Application Thread] DEBUG GameScene            - Added MainViewComponent
15:49:07.395 [JavaFX Application Thread] DEBUG FXGLAssetLoader      - Loading from cache: /assets/sounds/Dig.wav
15:49:07.411 [JavaFX Application Thread] DEBUG GameScene            - Entity removed from scene
15:49:07.411 [JavaFX Application Thread] DEBUG GameScene            - Removed MainViewComponent
15:49:07.635 [JavaFX Application Thread] DEBUG FXGLAssetLoader      - Loading from cache: /assets/textures/Ground1.png@64.0x64.0
15:49:07.635 [JavaFX Application Thread] DEBUG FXGLAssetLoader      - Loading from cache: /assets/textures/Ground1.png@64.0x64.0
15:49:07.635 [JavaFX Application Thread] DEBUG FXGLAssetLoader      - Loading from cache: /assets/textures/Ground1.png@64.0x64.0
15:49:07.636 [JavaFX Application Thread] DEBUG FXGLAssetLoader      - Loading from cache: /assets/textures/Ground1.png@64.0x64.0
15:49:07.636 [JavaFX Application Thread] DEBUG FXGLAssetLoader      - Loading from cache: /assets/textures/Ground1.png@64.0x64.0
15:49:07.636 [JavaFX Application Thread] DEBUG FXGLAssetLoader      - Loading from cache: /assets/textures/Ground1.png@64.0x64.0
15:49:07.636 [JavaFX Application Thread] DEBUG FXGLAssetLoader      - Loading from cache: /assets/textures/Ground1.png@64.0x64.0
15:49:07.637 [JavaFX Application Thread] DEBUG FXGLAssetLoader      - Loading from cache: /assets/textures/Ground1.png@64.0x64.0
15:49:07.637 [JavaFX Application Thread] DEBUG FXGLAssetLoader      - Loading from cache: /assets/textures/Ground1.png@64.0x64.0
15:49:07.637 [JavaFX Application Thread] DEBUG FXGLAssetLoader      - Loading from cache: /assets/textures/Ground1.png@64.0x64.0
15:49:07.637 [JavaFX Application Thread] DEBUG FXGLAssetLoader      - Loading from cache: /assets/textures/Ground1.png@64.0x64.0
15:49:07.638 [JavaFX Application Thread] DEBUG FXGLAssetLoader      - Loading from cache: /assets/textures/Ground1.png@64.0x64.0
15:49:07.638 [JavaFX Application Thread] DEBUG FXGLAssetLoader      - Loading from cache: /assets/textures/Ground1.png@64.0x64.0
15:49:07.638 [JavaFX Application Thread] DEBUG FXGLAssetLoader      - Loading from cache: /assets/textures/Ground1.png@64.0x64.0
15:49:07.638 [JavaFX Application Thread] DEBUG FXGLAssetLoader      - Loading from cache: /assets/textures/Ground1.png@64.0x64.0
15:49:07.650 [JavaFX Application Thread] DEBUG GameScene            - Entity added to scene
15:49:07.650 [JavaFX Application Thread] DEBUG GameScene            - Added MainViewComponent
15:49:07.651 [JavaFX Application Thread] DEBUG GameScene            - Entity added to scene
15:49:07.651 [JavaFX Application Thread] DEBUG GameScene            - Added MainViewComponent
15:49:07.651 [JavaFX Application Thread] DEBUG GameScene            - Entity added to scene
15:49:07.651 [JavaFX Application Thread] DEBUG GameScene            - Added MainViewComponent
15:49:07.651 [JavaFX Application Thread] DEBUG GameScene            - Entity added to scene
15:49:07.651 [JavaFX Application Thread] DEBUG GameScene            - Added MainViewComponent
15:49:07.651 [JavaFX Application Thread] DEBUG GameScene            - Entity added to scene
15:49:07.651 [JavaFX Application Thread] DEBUG GameScene            - Added MainViewComponent
15:49:07.651 [JavaFX Application Thread] DEBUG GameScene            - Entity added to scene
15:49:07.651 [JavaFX Application Thread] DEBUG GameScene            - Added MainViewComponent
15:49:07.652 [JavaFX Application Thread] DEBUG GameScene            - Entity added to scene
15:49:07.652 [JavaFX Application Thread] DEBUG GameScene            - Added MainViewComponent
15:49:07.652 [JavaFX Application Thread] DEBUG GameScene            - Entity added to scene
15:49:07.652 [JavaFX Application Thread] DEBUG GameScene            - Added MainViewComponent
15:49:07.652 [JavaFX Application Thread] DEBUG GameScene            - Entity added to scene
15:49:07.652 [JavaFX Application Thread] DEBUG GameScene            - Added MainViewComponent
15:49:07.652 [JavaFX Application Thread] DEBUG GameScene            - Entity added to scene
15:49:07.652 [JavaFX Application Thread] DEBUG GameScene            - Added MainViewComponent
15:49:07.652 [JavaFX Application Thread] DEBUG GameScene            - Entity added to scene
15:49:07.652 [JavaFX Application Thread] DEBUG GameScene            - Added MainViewComponent
15:49:07.652 [JavaFX Application Thread] DEBUG GameScene            - Entity added to scene
15:49:07.652 [JavaFX Application Thread] DEBUG GameScene            - Added MainViewComponent
15:49:07.652 [JavaFX Application Thread] DEBUG GameScene            - Entity added to scene
15:49:07.652 [JavaFX Application Thread] DEBUG GameScene            - Added MainViewComponent
15:49:07.653 [JavaFX Application Thread] DEBUG GameScene            - Entity added to scene
15:49:07.653 [JavaFX Application Thread] DEBUG GameScene            - Added MainViewComponent
15:49:07.653 [JavaFX Application Thread] DEBUG GameScene            - Entity added to scene
15:49:07.653 [JavaFX Application Thread] DEBUG GameScene            - Added MainViewComponent
15:49:07.747 [JavaFX Application Thread] DEBUG FXGLAssetLoader      - Loading from cache: /assets/sounds/Dig.wav
15:49:07.762 [JavaFX Application Thread] DEBUG GameScene            - Entity removed from scene
15:49:07.762 [JavaFX Application Thread] DEBUG GameScene            - Removed MainViewComponent
15:49:08.003 [JavaFX Application Thread] DEBUG FXGLAssetLoader      - Loading from cache: /assets/textures/Ground1.png@64.0x64.0
15:49:08.003 [JavaFX Application Thread] DEBUG FXGLAssetLoader      - Loading from cache: /assets/textures/Ground1.png@64.0x64.0
15:49:08.003 [JavaFX Application Thread] DEBUG FXGLAssetLoader      - Loading from cache: /assets/textures/Ground1.png@64.0x64.0
15:49:08.003 [JavaFX Application Thread] DEBUG FXGLAssetLoader      - Loading from cache: /assets/textures/Ground1.png@64.0x64.0
15:49:08.004 [JavaFX Application Thread] DEBUG FXGLAssetLoader      - Loading from cache: /assets/textures/Ground1.png@64.0x64.0
15:49:08.004 [JavaFX Application Thread] DEBUG FXGLAssetLoader      - Loading from cache: /assets/textures/Ground1.png@64.0x64.0
15:49:08.004 [JavaFX Application Thread] DEBUG FXGLAssetLoader      - Loading from cache: /assets/textures/Ground1.png@64.0x64.0
15:49:08.004 [JavaFX Application Thread] DEBUG FXGLAssetLoader      - Loading from cache: /assets/textures/Ground1.png@64.0x64.0
15:49:08.004 [JavaFX Application Thread] DEBUG FXGLAssetLoader      - Loading from cache: /assets/textures/Ground1.png@64.0x64.0
15:49:08.005 [JavaFX Application Thread] DEBUG FXGLAssetLoader      - Loading from cache: /assets/textures/Ground1.png@64.0x64.0
15:49:08.005 [JavaFX Application Thread] DEBUG FXGLAssetLoader      - Loading from cache: /assets/textures/Ground1.png@64.0x64.0
15:49:08.005 [JavaFX Application Thread] DEBUG FXGLAssetLoader      - Loading from cache: /assets/textures/Ground1.png@64.0x64.0
15:49:08.005 [JavaFX Application Thread] DEBUG FXGLAssetLoader      - Loading from cache: /assets/textures/Ground1.png@64.0x64.0
15:49:08.005 [JavaFX Application Thread] DEBUG FXGLAssetLoader      - Loading from cache: /assets/textures/Ground1.png@64.0x64.0
15:49:08.006 [JavaFX Application Thread] DEBUG FXGLAssetLoader      - Loading from cache: /assets/textures/Ground1.png@64.0x64.0
15:49:08.018 [JavaFX Application Thread] DEBUG GameScene            - Entity added to scene
15:49:08.018 [JavaFX Application Thread] DEBUG GameScene            - Added MainViewComponent
15:49:08.019 [JavaFX Application Thread] DEBUG GameScene            - Entity added to scene
15:49:08.019 [JavaFX Application Thread] DEBUG GameScene            - Added MainViewComponent
15:49:08.019 [JavaFX Application Thread] DEBUG GameScene            - Entity added to scene
15:49:08.019 [JavaFX Application Thread] DEBUG GameScene            - Added MainViewComponent
15:49:08.019 [JavaFX Application Thread] DEBUG GameScene            - Entity added to scene
15:49:08.019 [JavaFX Application Thread] DEBUG GameScene            - Added MainViewComponent
15:49:08.019 [JavaFX Application Thread] DEBUG GameScene            - Entity added to scene
15:49:08.019 [JavaFX Application Thread] DEBUG GameScene            - Added MainViewComponent
15:49:08.019 [JavaFX Application Thread] DEBUG GameScene            - Entity added to scene
15:49:08.019 [JavaFX Application Thread] DEBUG GameScene            - Added MainViewComponent
15:49:08.019 [JavaFX Application Thread] DEBUG GameScene            - Entity added to scene
15:49:08.019 [JavaFX Application Thread] DEBUG GameScene            - Added MainViewComponent
15:49:08.019 [JavaFX Application Thread] DEBUG GameScene            - Entity added to scene
15:49:08.019 [JavaFX Application Thread] DEBUG GameScene            - Added MainViewComponent
15:49:08.020 [JavaFX Application Thread] DEBUG GameScene            - Entity added to scene
15:49:08.020 [JavaFX Application Thread] DEBUG GameScene            - Added MainViewComponent
15:49:08.020 [JavaFX Application Thread] DEBUG GameScene            - Entity added to scene
15:49:08.020 [JavaFX Application Thread] DEBUG GameScene            - Added MainViewComponent
15:49:08.020 [JavaFX Application Thread] DEBUG GameScene            - Entity added to scene
15:49:08.020 [JavaFX Application Thread] DEBUG GameScene            - Added MainViewComponent
15:49:08.020 [JavaFX Application Thread] DEBUG GameScene            - Entity added to scene
15:49:08.020 [JavaFX Application Thread] DEBUG GameScene            - Added MainViewComponent
15:49:08.020 [JavaFX Application Thread] DEBUG GameScene            - Entity added to scene
15:49:08.020 [JavaFX Application Thread] DEBUG GameScene            - Added MainViewComponent
15:49:08.020 [JavaFX Application Thread] DEBUG GameScene            - Entity added to scene
15:49:08.020 [JavaFX Application Thread] DEBUG GameScene            - Added MainViewComponent
15:49:08.020 [JavaFX Application Thread] DEBUG GameScene            - Entity added to scene
15:49:08.020 [JavaFX Application Thread] DEBUG GameScene            - Added MainViewComponent
15:49:08.228 [JavaFX Application Thread] DEBUG FXGLAssetLoader      - Loading from cache: /assets/sounds/Dig.wav
15:49:08.243 [JavaFX Application Thread] DEBUG GameScene            - Entity removed from scene
15:49:08.243 [JavaFX Application Thread] DEBUG GameScene            - Removed MainViewComponent
15:49:08.612 [JavaFX Application Thread] DEBUG FXGLAssetLoader      - Loading from cache: /assets/textures/Ground1.png@64.0x64.0
15:49:08.612 [JavaFX Application Thread] DEBUG FXGLAssetLoader      - Loading from cache: /assets/textures/Ground1.png@64.0x64.0
15:49:08.612 [JavaFX Application Thread] DEBUG FXGLAssetLoader      - Loading from cache: /assets/textures/Ground1.png@64.0x64.0
15:49:08.613 [JavaFX Application Thread] DEBUG FXGLAssetLoader      - Loading from cache: /assets/textures/Ground1.png@64.0x64.0
15:49:08.628 [JavaFX Application Thread] DEBUG GameScene            - Entity added to scene
15:49:08.628 [JavaFX Application Thread] DEBUG GameScene            - Added MainViewComponent
15:49:08.628 [JavaFX Application Thread] DEBUG GameScene            - Entity added to scene
15:49:08.628 [JavaFX Application Thread] DEBUG GameScene            - Added MainViewComponent
15:49:08.628 [JavaFX Application Thread] DEBUG GameScene            - Entity added to scene
15:49:08.628 [JavaFX Application Thread] DEBUG GameScene            - Added MainViewComponent
15:49:08.628 [JavaFX Application Thread] DEBUG GameScene            - Entity added to scene
15:49:08.628 [JavaFX Application Thread] DEBUG GameScene            - Added MainViewComponent
15:49:09.507 [JavaFX Application Thread] DEBUG FXGLAssetLoader      - Loading from cache: /assets/sounds/Dig.wav
15:49:09.522 [JavaFX Application Thread] DEBUG GameScene            - Entity removed from scene
15:49:09.522 [JavaFX Application Thread] DEBUG GameScene            - Removed MainViewComponent
15:49:10.907 [JavaFX Application Thread] DEBUG FXGLEventBus         - Firing event: DisplayEvent[type=CLOSE_REQUEST]
15:49:10.908 [JavaFX Application Thread] DEBUG FXGLEventBus         - Firing event: FXGLEvent[type=EXIT]
15:49:10.908 [JavaFX Application Thread] DEBUG FXGLEventBus         - Firing event: SaveEvent
15:49:10.908 [JavaFX Application Thread] DEBUG FXGLInput            - Saving data to profile
15:49:10.908 [JavaFX Application Thread] DEBUG Bundle               - Logging bundle: input
15:49:10.908 [JavaFX Application Thread] DEBUG Bundle               - input.Open Selling Shop=2
15:49:10.908 [JavaFX Application Thread] DEBUG Bundle               - input.Open Fuel Shop=1
15:49:10.908 [JavaFX Application Thread] DEBUG Bundle               - input.Screenshot=P
15:49:10.908 [JavaFX Application Thread] DEBUG Bundle               - input.Dev Options=CTRL+0
15:49:10.908 [JavaFX Application Thread] DEBUG Bundle               - input.Move up=W
15:49:10.908 [JavaFX Application Thread] DEBUG Bundle               - input.Open Armour Repair=3
15:49:10.908 [JavaFX Application Thread] DEBUG Bundle               - input.Move With Mouse=PRIMARY
15:49:10.909 [JavaFX Application Thread] DEBUG FXGLDisplay          - Saving data to profile
15:49:10.909 [JavaFX Application Thread] DEBUG Bundle               - Logging bundle: scene
15:49:10.909 [JavaFX Application Thread] DEBUG Bundle               - scene.sizeW=800.0
15:49:10.909 [JavaFX Application Thread] DEBUG Bundle               - scene.sizeH=700.0
15:49:10.909 [JavaFX Application Thread] DEBUG FXGLAudioPlayer      - Saving data to profile
15:49:10.909 [JavaFX Application Thread] DEBUG Bundle               - Logging bundle: audio
15:49:10.909 [JavaFX Application Thread] DEBUG Bundle               - audio.musicVolume=0.3
15:49:10.909 [JavaFX Application Thread] DEBUG Bundle               - audio.soundVolume=0.5
15:49:10.909 [JavaFX Application Thread] DEBUG AchievementManager   - Saving data to profile
15:49:10.909 [JavaFX Application Thread] DEBUG Bundle               - Logging bundle: achievement
15:49:10.909 [JavaFX Application Thread] DEBUG FXGLMasterTimer      - Saving data to profile
15:49:10.909 [JavaFX Application Thread] DEBUG Bundle               - Logging bundle: timer
15:49:10.909 [JavaFX Application Thread] DEBUG Bundle               - timer.playtime=4517423458213
15:49:10.909 [JavaFX Application Thread] DEBUG SaveLoadManager      - Saving profile: test
15:49:10.911 [JavaFX Application Thread] DEBUG IOTask               - Executing task: writeDataTask(./profiles/test/user.profile)
15:49:10.911 [JavaFX Application Thread] DEBUG IOTask               - Executing task: writeDataTask(./profiles/test/user.profile)
15:49:10.912 [JavaFX Application Thread] DEBUG FS                   - Writing to: .\profiles\test\user.profile
15:49:10.915 [JavaFX Application Thread] DEBUG IOTask               - Executing task: checkSavesDir(./profiles/test/saves/)
15:49:10.915 [JavaFX Application Thread] DEBUG IOTask               - Task succeeded: writeDataTask(./profiles/test/user.profile)
15:49:10.917 [JavaFX Application Thread] DEBUG FXGL                 - Saving FXGL system data
15:49:10.918 [JavaFX Application Thread] DEBUG IOTask               - Executing task: writeDataTask(system/fxgl.bundle)
15:49:10.918 [JavaFX Application Thread] DEBUG FS                   - Writing to: system\fxgl.bundle
15:49:10.920 [JavaFX Application Thread] DEBUG IOTask               - Task succeeded: writeDataTask(system/fxgl.bundle)
