16:16:11.740 [FXGL Launcher Thread     ] DEBUG FXGLLoggerFactory    - Service [LoggerFactory] initialized
16:16:11.745 [FXGL Launcher Thread     ] DEBUG FXGL                 - FXGL configuration complete
16:16:11.745 [FXGL Launcher Thread     ] DEBUG FXGL                 - Loading FXGL system data
16:16:11.748 [FXGL Launcher Thread     ] DEBUG IOTask               - Executing task: readDataTask(system/fxgl.bundle)
16:16:11.750 [FXGL Launcher Thread     ] DEBUG FS                   - Reading from: system\fxgl.bundle
16:16:11.755 [FXGL Launcher Thread     ] DEBUG IOTask               - Task succeeded: readDataTask(system/fxgl.bundle)
16:16:11.756 [FXGL Launcher Thread     ] DEBUG Bundle               - Logging bundle: FXGL
16:16:11.756 [FXGL Launcher Thread     ] DEBUG Bundle               - FXGL.offline.timer.version.check=2017-01-12T08:38:28.585
16:16:11.761 [FXGL Launcher Thread     ] DEBUG GameApplication      - Configuring GameApplication
16:16:11.764 [FXGL Launcher Thread     ] DEBUG FXGLExceptionHandler - Service [ExceptionHandler] initialized
16:16:11.765 [FXGL Launcher Thread     ] DEBUG FXGLEventBus         - Service [EventBus] initialized
16:16:11.768 [FXGL Launcher Thread     ] DEBUG FXGLExecutor         - Service [Executor] initialized
16:16:11.768 [FXGL Launcher Thread     ] DEBUG PreInitTask          - Injecting gameWorld & physicsWorld
16:16:11.772 [FXGL Launcher Thread     ] DEBUG GameWorld            - Game world initialized
16:16:11.804 [FXGL Launcher Thread     ] DEBUG FXGLPooler           - Service [Pooler] initialized with default size = 128
16:16:11.804 [FXGL Launcher Thread     ] DEBUG PhysicsWorld         - Physics world initialized: appHeight=700.0, physics.ppm=50.0
16:16:11.805 [FXGL Launcher Thread     ] DEBUG FXGLInput            - Service [Input] initialized
16:16:11.819 [FXGL Launcher Thread     ] DEBUG FXGLInput            - Registered new binding: Screenshot - P
16:16:11.820 [FXGL Launcher Thread     ] DEBUG FXGLInput            - Registered new binding: Dev Options - CTRL+0
16:16:11.820 [FXGL Launcher Thread     ] DEBUG FXGLInput            - Registered new binding: Move With Mouse - PRIMARY
16:16:11.842 [FXGL Launcher Thread     ] DEBUG GameScene            - Game scene initialized: 800.0x700.0
16:16:11.847 [FXGL Launcher Thread     ] DEBUG FXGLAssetLoader      - Service [AssetLoader] initialized: cacheSize=35
16:16:11.850 [FXGL Launcher Thread     ] DEBUG FXGLAssetLoader      - Loading from disk: /assets/sounds/system/notification.wav
16:16:11.869 [FXGL Launcher Thread     ] DEBUG FXGLAssetLoader      - Loading from disk: /assets/sounds/menu/select.wav
16:16:11.871 [FXGL Launcher Thread     ] DEBUG FXGLAssetLoader      - Loading from disk: /assets/sounds/menu/back.wav
16:16:11.873 [FXGL Launcher Thread     ] DEBUG FXGLAssetLoader      - Loading from disk: /assets/sounds/menu/press.wav
16:16:11.875 [FXGL Launcher Thread     ] DEBUG FXGLAssetLoader      - Loading from disk: /assets/ui/fonts/Copperplate_Gothic_Light_Regular.ttf
16:16:12.008 [FXGL Launcher Thread     ] DEBUG FXGLAssetLoader      - Loading from disk: /assets/ui/css/fxgl.css
16:16:12.009 [FXGL Launcher Thread     ] DEBUG FXGLAssetLoader      - Loading from disk: /assets/ui/icons/fxgl_icon.png
16:16:12.039 [FXGL Launcher Thread     ] DEBUG FXGLAssetLoader      - Loading from disk: /assets/ui/css/fxgl_dark.css
16:16:12.047 [FXGL Launcher Thread     ] DEBUG FXGLDisplay          - Target size: DoubleProperty [value: 800.0] x DoubleProperty [value: 700.0] @ 1.0
16:16:12.047 [FXGL Launcher Thread     ] DEBUG FXGLDisplay          - New size:    800.0 x 700.0 @ DoubleProperty [value: 1.0]
16:16:12.047 [FXGL Launcher Thread     ] DEBUG FXGLDisplay          - Service [Display] initialized
16:16:12.047 [FXGL Launcher Thread     ] DEBUG FXGLDisplay          - Using CSS: CSS(externalForm=jar:file:/I:/Documents/NetBeansProjects/MotherLoad/MotherLoad/lib/fxgl-0.2.9-uber.jar!/assets/ui/css/fxgl_dark.css)
16:16:12.048 [FXGL Launcher Thread     ] DEBUG InitScenesTask       - Injecting loadingScene & gameScene
16:16:12.068 [FXGL Launcher Thread     ] DEBUG FXGLMasterTimer      - Service [MasterTimer] initialized
16:16:12.070 [FXGL Launcher Thread     ] DEBUG FXGLAudioPlayer      - Service [AudioPlayer] initialized
16:16:12.077 [FXGL Launcher Thread     ] DEBUG InitProfilerTask     - Injecting profiler
16:16:12.077 [FXGL Launcher Thread     ] DEBUG GameApplication      - Starting new game
16:16:12.078 [FXGL Launcher Thread     ] DEBUG GameApplication      - Initializing App
16:16:12.079 [FXGL Launcher Thread     ] DEBUG FXGLInput            - Clearing active input actions
16:16:12.079 [FXGL Launcher Thread     ] DEBUG FXGLMasterTimer      - Stopping master timer
16:16:12.079 [FXGL Launcher Thread     ] DEBUG GameApplication      - State: STARTUP -> PAUSED
16:16:12.080 [FXGL Launcher Thread     ] DEBUG FXGLEventBus         - Firing event: FXGLEvent[type=PAUSE]
16:16:12.081 [FXGL Launcher Thread     ] DEBUG FXGLInput            - Clearing active input actions
16:16:12.081 [FXGL Launcher Thread     ] DEBUG FXGLMasterTimer      - Resetting ticks and clearing all actions
16:16:12.081 [FXGL Launcher Thread     ] DEBUG GameWorld            - Resetting game world
16:16:12.081 [FXGL Launcher Thread     ] TRACE EntityWorld          - Resetting entity world
16:16:12.082 [FXGL Launcher Thread     ] DEBUG PhysicsWorld         - Resetting physics world
16:16:12.082 [FXGL Launcher Thread     ] DEBUG GameScene            - Resetting game scene
16:16:12.082 [FXGL Launcher Thread     ] DEBUG FXGLEventBus         - Firing event: FXGLEvent[type=RESET]
16:16:12.133 [FXGL Launcher Thread     ] DEBUG GameApplication      - State: PAUSED -> LOADING
16:16:12.159 [FXGL Background Thread 1 ] DEBUG InitAppTask          - Initializing Assets
16:16:12.160 [FXGL Background Thread 1 ] DEBUG InitAppTask          - Initializing Game
16:16:12.178 [FXGL Background Thread 1 ] DEBUG FXGLAssetLoader      - Loading from disk: /assets/textures/Ground1.png
16:16:12.185 [FXGL Background Thread 1 ] DEBUG FXGLAssetLoader      - Loading from cache: /assets/textures/Ground1.png
16:16:12.186 [FXGL Background Thread 1 ] DEBUG FXGLAssetLoader      - Loading from cache: /assets/textures/Ground1.png
16:16:12.186 [FXGL Background Thread 1 ] DEBUG FXGLAssetLoader      - Loading from cache: /assets/textures/Ground1.png
16:16:12.187 [FXGL Background Thread 1 ] DEBUG FXGLAssetLoader      - Loading from cache: /assets/textures/Ground1.png
16:16:12.187 [FXGL Background Thread 1 ] DEBUG FXGLAssetLoader      - Loading from cache: /assets/textures/Ground1.png
16:16:12.188 [FXGL Background Thread 1 ] DEBUG FXGLAssetLoader      - Loading from cache: /assets/textures/Ground1.png
16:16:12.189 [FXGL Background Thread 1 ] DEBUG FXGLAssetLoader      - Loading from cache: /assets/textures/Ground1.png
16:16:12.189 [FXGL Background Thread 1 ] DEBUG FXGLAssetLoader      - Loading from cache: /assets/textures/Ground1.png
16:16:12.190 [FXGL Background Thread 1 ] DEBUG FXGLAssetLoader      - Loading from cache: /assets/textures/Ground1.png
16:16:12.190 [FXGL Background Thread 1 ] DEBUG FXGLAssetLoader      - Loading from cache: /assets/textures/Ground1.png
16:16:12.191 [FXGL Background Thread 1 ] DEBUG FXGLAssetLoader      - Loading from cache: /assets/textures/Ground1.png
16:16:12.191 [FXGL Background Thread 1 ] DEBUG FXGLAssetLoader      - Loading from cache: /assets/textures/Ground1.png
16:16:12.192 [FXGL Background Thread 1 ] DEBUG FXGLAssetLoader      - Loading from cache: /assets/textures/Ground1.png
16:16:12.192 [FXGL Background Thread 1 ] DEBUG FXGLAssetLoader      - Loading from cache: /assets/textures/Ground1.png
16:16:12.193 [FXGL Background Thread 1 ] DEBUG FXGLAssetLoader      - Loading from cache: /assets/textures/Ground1.png
16:16:12.193 [FXGL Background Thread 1 ] DEBUG FXGLAssetLoader      - Loading from cache: /assets/textures/Ground1.png
16:16:12.194 [FXGL Background Thread 1 ] DEBUG FXGLAssetLoader      - Loading from cache: /assets/textures/Ground1.png
16:16:12.194 [FXGL Background Thread 1 ] DEBUG FXGLAssetLoader      - Loading from cache: /assets/textures/Ground1.png
16:16:12.195 [FXGL Background Thread 1 ] DEBUG FXGLAssetLoader      - Loading from cache: /assets/textures/Ground1.png
16:16:12.195 [FXGL Background Thread 1 ] DEBUG FXGLAssetLoader      - Loading from cache: /assets/textures/Ground1.png
16:16:12.196 [FXGL Background Thread 1 ] DEBUG FXGLAssetLoader      - Loading from cache: /assets/textures/Ground1.png
16:16:12.196 [FXGL Background Thread 1 ] DEBUG FXGLAssetLoader      - Loading from cache: /assets/textures/Ground1.png
16:16:12.197 [FXGL Background Thread 1 ] DEBUG FXGLAssetLoader      - Loading from cache: /assets/textures/Ground1.png
16:16:12.197 [FXGL Background Thread 1 ] DEBUG FXGLAssetLoader      - Loading from cache: /assets/textures/Ground1.png
16:16:12.198 [FXGL Background Thread 1 ] DEBUG FXGLAssetLoader      - Loading from cache: /assets/textures/Ground1.png
16:16:12.198 [FXGL Background Thread 1 ] DEBUG FXGLAssetLoader      - Loading from cache: /assets/textures/Ground1.png
16:16:12.199 [FXGL Background Thread 1 ] DEBUG FXGLAssetLoader      - Loading from cache: /assets/textures/Ground1.png
16:16:12.199 [FXGL Background Thread 1 ] DEBUG FXGLAssetLoader      - Loading from cache: /assets/textures/Ground1.png
16:16:12.200 [FXGL Background Thread 1 ] DEBUG FXGLAssetLoader      - Loading from cache: /assets/textures/Ground1.png
16:16:12.200 [FXGL Background Thread 1 ] DEBUG FXGLAssetLoader      - Loading from cache: /assets/textures/Ground1.png
16:16:12.200 [JavaFX Application Thread] DEBUG FXGLDisplay          - Showing stage
16:16:12.201 [JavaFX Application Thread] DEBUG FXGLDisplay          - Root size: 800.0x700.0
16:16:12.201 [JavaFX Application Thread] DEBUG FXGLDisplay          - Scene size: 800.0x700.0
16:16:12.201 [JavaFX Application Thread] DEBUG FXGLDisplay          - Stage size: 816.0x739.0
16:16:12.201 [FXGL Background Thread 1 ] DEBUG FXGLAssetLoader      - Loading from cache: /assets/textures/Ground1.png
16:16:12.202 [FXGL Background Thread 1 ] DEBUG FXGLAssetLoader      - Loading from cache: /assets/textures/Ground1.png
16:16:12.203 [FXGL Background Thread 1 ] DEBUG FXGLAssetLoader      - Loading from cache: /assets/textures/Ground1.png
16:16:12.203 [FXGL Background Thread 1 ] DEBUG FXGLAssetLoader      - Loading from cache: /assets/textures/Ground1.png
16:16:12.204 [FXGL Background Thread 1 ] DEBUG FXGLAssetLoader      - Loading from cache: /assets/textures/Ground1.png
16:16:12.204 [FXGL Background Thread 1 ] DEBUG FXGLAssetLoader      - Loading from cache: /assets/textures/Ground1.png
16:16:12.205 [FXGL Background Thread 1 ] DEBUG FXGLAssetLoader      - Loading from cache: /assets/textures/Ground1.png
16:16:12.205 [FXGL Background Thread 1 ] DEBUG FXGLAssetLoader      - Loading from cache: /assets/textures/Ground1.png
16:16:12.205 [FXGL Background Thread 1 ] DEBUG FXGLAssetLoader      - Loading from cache: /assets/textures/Ground1.png
16:16:12.206 [FXGL Background Thread 1 ] DEBUG FXGLAssetLoader      - Loading from cache: /assets/textures/Ground1.png
16:16:12.207 [FXGL Background Thread 1 ] DEBUG FXGLAssetLoader      - Loading from cache: /assets/textures/Ground1.png
16:16:12.207 [FXGL Background Thread 1 ] DEBUG FXGLAssetLoader      - Loading from cache: /assets/textures/Ground1.png
16:16:12.208 [FXGL Background Thread 1 ] DEBUG FXGLAssetLoader      - Loading from cache: /assets/textures/Ground1.png
16:16:12.208 [FXGL Background Thread 1 ] DEBUG FXGLAssetLoader      - Loading from cache: /assets/textures/Ground1.png
16:16:12.209 [FXGL Background Thread 1 ] DEBUG FXGLAssetLoader      - Loading from cache: /assets/textures/Ground1.png
16:16:12.209 [FXGL Background Thread 1 ] DEBUG FXGLAssetLoader      - Loading from cache: /assets/textures/Ground1.png
16:16:12.210 [FXGL Background Thread 1 ] DEBUG FXGLAssetLoader      - Loading from cache: /assets/textures/Ground1.png
16:16:12.210 [FXGL Background Thread 1 ] DEBUG FXGLAssetLoader      - Loading from cache: /assets/textures/Ground1.png
16:16:12.211 [FXGL Background Thread 1 ] DEBUG FXGLAssetLoader      - Loading from cache: /assets/textures/Ground1.png
16:16:12.211 [FXGL Background Thread 1 ] DEBUG FXGLAssetLoader      - Loading from cache: /assets/textures/Ground1.png
16:16:12.211 [FXGL Background Thread 1 ] DEBUG FXGLAssetLoader      - Loading from cache: /assets/textures/Ground1.png
16:16:12.212 [FXGL Background Thread 1 ] DEBUG FXGLAssetLoader      - Loading from cache: /assets/textures/Ground1.png
16:16:12.212 [FXGL Background Thread 1 ] DEBUG FXGLAssetLoader      - Loading from cache: /assets/textures/Ground1.png
16:16:12.213 [FXGL Background Thread 1 ] DEBUG FXGLAssetLoader      - Loading from cache: /assets/textures/Ground1.png
16:16:12.213 [FXGL Background Thread 1 ] DEBUG FXGLAssetLoader      - Loading from cache: /assets/textures/Ground1.png
16:16:12.214 [FXGL Background Thread 1 ] DEBUG FXGLAssetLoader      - Loading from cache: /assets/textures/Ground1.png
16:16:12.214 [FXGL Background Thread 1 ] DEBUG FXGLAssetLoader      - Loading from cache: /assets/textures/Ground1.png
16:16:12.214 [FXGL Background Thread 1 ] DEBUG FXGLAssetLoader      - Loading from cache: /assets/textures/Ground1.png
16:16:12.215 [FXGL Background Thread 1 ] DEBUG FXGLAssetLoader      - Loading from cache: /assets/textures/Ground1.png
16:16:12.216 [FXGL Background Thread 1 ] DEBUG FXGLAssetLoader      - Loading from cache: /assets/textures/Ground1.png
16:16:12.216 [FXGL Background Thread 1 ] DEBUG FXGLAssetLoader      - Loading from cache: /assets/textures/Ground1.png
16:16:12.217 [FXGL Background Thread 1 ] DEBUG FXGLAssetLoader      - Loading from cache: /assets/textures/Ground1.png
16:16:12.218 [FXGL Background Thread 1 ] DEBUG FXGLAssetLoader      - Loading from cache: /assets/textures/Ground1.png
16:16:12.218 [FXGL Background Thread 1 ] DEBUG FXGLAssetLoader      - Loading from cache: /assets/textures/Ground1.png
16:16:12.218 [FXGL Background Thread 1 ] DEBUG FXGLAssetLoader      - Loading from cache: /assets/textures/Ground1.png
16:16:12.219 [FXGL Background Thread 1 ] DEBUG FXGLAssetLoader      - Loading from cache: /assets/textures/Ground1.png
16:16:12.219 [FXGL Background Thread 1 ] DEBUG FXGLAssetLoader      - Loading from cache: /assets/textures/Ground1.png
16:16:12.219 [FXGL Background Thread 1 ] DEBUG FXGLAssetLoader      - Loading from cache: /assets/textures/Ground1.png
16:16:12.220 [FXGL Background Thread 1 ] DEBUG FXGLAssetLoader      - Loading from cache: /assets/textures/Ground1.png
16:16:12.220 [FXGL Background Thread 1 ] DEBUG FXGLAssetLoader      - Loading from cache: /assets/textures/Ground1.png
16:16:12.221 [FXGL Background Thread 1 ] DEBUG FXGLAssetLoader      - Loading from cache: /assets/textures/Ground1.png
16:16:12.221 [FXGL Background Thread 1 ] DEBUG FXGLAssetLoader      - Loading from cache: /assets/textures/Ground1.png
16:16:12.222 [FXGL Background Thread 1 ] DEBUG FXGLAssetLoader      - Loading from cache: /assets/textures/Ground1.png
16:16:12.222 [FXGL Background Thread 1 ] DEBUG FXGLAssetLoader      - Loading from cache: /assets/textures/Ground1.png
16:16:12.222 [FXGL Background Thread 1 ] DEBUG InitAppTask          - Initializing Physics
16:16:12.223 [FXGL Background Thread 1 ] DEBUG InitAppTask          - Initializing UI
16:16:12.223 [FXGL Background Thread 1 ] DEBUG InitAppTask          - Initialization Complete
16:16:12.252 [JavaFX Application Thread] DEBUG FXGLInput            - Clearing active input actions
16:16:12.252 [JavaFX Application Thread] DEBUG FXGLMasterTimer      - Starting master timer
16:16:12.252 [JavaFX Application Thread] DEBUG GameApplication      - State: LOADING -> PLAYING
16:16:12.257 [JavaFX Application Thread] DEBUG FXGLEventBus         - Firing event: FXGLEvent[type=RESUME]
16:16:12.260 [JavaFX Application Thread] DEBUG GameScene            - Entity added to scene
16:16:12.260 [JavaFX Application Thread] DEBUG GameScene            - Added MainViewComponent
16:16:12.262 [JavaFX Application Thread] DEBUG GameScene            - Creating render group for layer: TOP(2147483647)
16:16:12.265 [JavaFX Application Thread] DEBUG GameScene            - Entity added to scene
16:16:12.265 [JavaFX Application Thread] DEBUG GameScene            - Added MainViewComponent
16:16:12.265 [JavaFX Application Thread] DEBUG GameScene            - Entity added to scene
16:16:12.265 [JavaFX Application Thread] DEBUG GameScene            - Added MainViewComponent
16:16:12.266 [JavaFX Application Thread] DEBUG GameScene            - Entity added to scene
16:16:12.266 [JavaFX Application Thread] DEBUG GameScene            - Added MainViewComponent
16:16:12.266 [JavaFX Application Thread] DEBUG GameScene            - Entity added to scene
16:16:12.266 [JavaFX Application Thread] DEBUG GameScene            - Added MainViewComponent
16:16:12.266 [JavaFX Application Thread] DEBUG GameScene            - Entity added to scene
16:16:12.266 [JavaFX Application Thread] DEBUG GameScene            - Added MainViewComponent
16:16:12.266 [JavaFX Application Thread] DEBUG GameScene            - Entity added to scene
16:16:12.266 [JavaFX Application Thread] DEBUG GameScene            - Added MainViewComponent
16:16:12.267 [JavaFX Application Thread] DEBUG GameScene            - Entity added to scene
16:16:12.267 [JavaFX Application Thread] DEBUG GameScene            - Added MainViewComponent
16:16:12.267 [JavaFX Application Thread] DEBUG GameScene            - Entity added to scene
16:16:12.267 [JavaFX Application Thread] DEBUG GameScene            - Added MainViewComponent
16:16:12.267 [JavaFX Application Thread] DEBUG GameScene            - Entity added to scene
16:16:12.267 [JavaFX Application Thread] DEBUG GameScene            - Added MainViewComponent
16:16:12.267 [JavaFX Application Thread] DEBUG GameScene            - Entity added to scene
16:16:12.267 [JavaFX Application Thread] DEBUG GameScene            - Added MainViewComponent
16:16:12.267 [JavaFX Application Thread] DEBUG GameScene            - Entity added to scene
16:16:12.267 [JavaFX Application Thread] DEBUG GameScene            - Added MainViewComponent
16:16:12.268 [JavaFX Application Thread] DEBUG GameScene            - Entity added to scene
16:16:12.268 [JavaFX Application Thread] DEBUG GameScene            - Added MainViewComponent
16:16:12.268 [JavaFX Application Thread] DEBUG GameScene            - Entity added to scene
16:16:12.268 [JavaFX Application Thread] DEBUG GameScene            - Added MainViewComponent
16:16:12.268 [JavaFX Application Thread] DEBUG GameScene            - Entity added to scene
16:16:12.268 [JavaFX Application Thread] DEBUG GameScene            - Added MainViewComponent
16:16:12.268 [JavaFX Application Thread] DEBUG GameScene            - Entity added to scene
16:16:12.268 [JavaFX Application Thread] DEBUG GameScene            - Added MainViewComponent
16:16:12.269 [JavaFX Application Thread] DEBUG GameScene            - Entity added to scene
16:16:12.269 [JavaFX Application Thread] DEBUG GameScene            - Added MainViewComponent
16:16:12.269 [JavaFX Application Thread] DEBUG GameScene            - Entity added to scene
16:16:12.269 [JavaFX Application Thread] DEBUG GameScene            - Added MainViewComponent
16:16:12.269 [JavaFX Application Thread] DEBUG GameScene            - Entity added to scene
16:16:12.269 [JavaFX Application Thread] DEBUG GameScene            - Added MainViewComponent
16:16:12.269 [JavaFX Application Thread] DEBUG GameScene            - Entity added to scene
16:16:12.269 [JavaFX Application Thread] DEBUG GameScene            - Added MainViewComponent
16:16:12.269 [JavaFX Application Thread] DEBUG GameScene            - Entity added to scene
16:16:12.270 [JavaFX Application Thread] DEBUG GameScene            - Added MainViewComponent
16:16:12.270 [JavaFX Application Thread] DEBUG GameScene            - Entity added to scene
16:16:12.270 [JavaFX Application Thread] DEBUG GameScene            - Added MainViewComponent
16:16:12.270 [JavaFX Application Thread] DEBUG GameScene            - Entity added to scene
16:16:12.270 [JavaFX Application Thread] DEBUG GameScene            - Added MainViewComponent
16:16:12.270 [JavaFX Application Thread] DEBUG GameScene            - Entity added to scene
16:16:12.270 [JavaFX Application Thread] DEBUG GameScene            - Added MainViewComponent
16:16:12.270 [JavaFX Application Thread] DEBUG GameScene            - Entity added to scene
16:16:12.270 [JavaFX Application Thread] DEBUG GameScene            - Added MainViewComponent
16:16:12.271 [JavaFX Application Thread] DEBUG GameScene            - Entity added to scene
16:16:12.271 [JavaFX Application Thread] DEBUG GameScene            - Added MainViewComponent
16:16:12.271 [JavaFX Application Thread] DEBUG GameScene            - Entity added to scene
16:16:12.271 [JavaFX Application Thread] DEBUG GameScene            - Added MainViewComponent
16:16:12.271 [JavaFX Application Thread] DEBUG GameScene            - Entity added to scene
16:16:12.271 [JavaFX Application Thread] DEBUG GameScene            - Added MainViewComponent
16:16:12.271 [JavaFX Application Thread] DEBUG GameScene            - Entity added to scene
16:16:12.271 [JavaFX Application Thread] DEBUG GameScene            - Added MainViewComponent
16:16:12.272 [JavaFX Application Thread] DEBUG GameScene            - Entity added to scene
16:16:12.272 [JavaFX Application Thread] DEBUG GameScene            - Added MainViewComponent
16:16:12.272 [JavaFX Application Thread] DEBUG GameScene            - Entity added to scene
16:16:12.272 [JavaFX Application Thread] DEBUG GameScene            - Added MainViewComponent
16:16:12.272 [JavaFX Application Thread] DEBUG GameScene            - Entity added to scene
16:16:12.272 [JavaFX Application Thread] DEBUG GameScene            - Added MainViewComponent
16:16:12.272 [JavaFX Application Thread] DEBUG GameScene            - Entity added to scene
16:16:12.272 [JavaFX Application Thread] DEBUG GameScene            - Added MainViewComponent
16:16:12.272 [JavaFX Application Thread] DEBUG GameScene            - Entity added to scene
16:16:12.272 [JavaFX Application Thread] DEBUG GameScene            - Added MainViewComponent
16:16:12.273 [JavaFX Application Thread] DEBUG GameScene            - Entity added to scene
16:16:12.273 [JavaFX Application Thread] DEBUG GameScene            - Added MainViewComponent
16:16:12.273 [JavaFX Application Thread] DEBUG GameScene            - Entity added to scene
16:16:12.273 [JavaFX Application Thread] DEBUG GameScene            - Added MainViewComponent
16:16:12.273 [JavaFX Application Thread] DEBUG GameScene            - Entity added to scene
16:16:12.273 [JavaFX Application Thread] DEBUG GameScene            - Added MainViewComponent
16:16:12.273 [JavaFX Application Thread] DEBUG GameScene            - Entity added to scene
16:16:12.273 [JavaFX Application Thread] DEBUG GameScene            - Added MainViewComponent
16:16:12.273 [JavaFX Application Thread] DEBUG GameScene            - Entity added to scene
16:16:12.273 [JavaFX Application Thread] DEBUG GameScene            - Added MainViewComponent
16:16:12.274 [JavaFX Application Thread] DEBUG GameScene            - Entity added to scene
16:16:12.274 [JavaFX Application Thread] DEBUG GameScene            - Added MainViewComponent
16:16:12.274 [JavaFX Application Thread] DEBUG GameScene            - Entity added to scene
16:16:12.274 [JavaFX Application Thread] DEBUG GameScene            - Added MainViewComponent
16:16:12.274 [JavaFX Application Thread] DEBUG GameScene            - Entity added to scene
16:16:12.274 [JavaFX Application Thread] DEBUG GameScene            - Added MainViewComponent
16:16:12.274 [JavaFX Application Thread] DEBUG GameScene            - Entity added to scene
16:16:12.274 [JavaFX Application Thread] DEBUG GameScene            - Added MainViewComponent
16:16:12.274 [JavaFX Application Thread] DEBUG GameScene            - Entity added to scene
16:16:12.274 [JavaFX Application Thread] DEBUG GameScene            - Added MainViewComponent
16:16:12.275 [JavaFX Application Thread] DEBUG GameScene            - Entity added to scene
16:16:12.275 [JavaFX Application Thread] DEBUG GameScene            - Added MainViewComponent
16:16:12.275 [JavaFX Application Thread] DEBUG GameScene            - Entity added to scene
16:16:12.275 [JavaFX Application Thread] DEBUG GameScene            - Added MainViewComponent
16:16:12.275 [JavaFX Application Thread] DEBUG GameScene            - Entity added to scene
16:16:12.275 [JavaFX Application Thread] DEBUG GameScene            - Added MainViewComponent
16:16:12.275 [JavaFX Application Thread] DEBUG GameScene            - Entity added to scene
16:16:12.275 [JavaFX Application Thread] DEBUG GameScene            - Added MainViewComponent
16:16:12.276 [JavaFX Application Thread] DEBUG GameScene            - Entity added to scene
16:16:12.276 [JavaFX Application Thread] DEBUG GameScene            - Added MainViewComponent
16:16:12.276 [JavaFX Application Thread] DEBUG GameScene            - Entity added to scene
16:16:12.276 [JavaFX Application Thread] DEBUG GameScene            - Added MainViewComponent
16:16:12.276 [JavaFX Application Thread] DEBUG GameScene            - Entity added to scene
16:16:12.276 [JavaFX Application Thread] DEBUG GameScene            - Added MainViewComponent
16:16:12.276 [JavaFX Application Thread] DEBUG GameScene            - Entity added to scene
16:16:12.277 [JavaFX Application Thread] DEBUG GameScene            - Added MainViewComponent
16:16:12.277 [JavaFX Application Thread] DEBUG GameScene            - Entity added to scene
16:16:12.277 [JavaFX Application Thread] DEBUG GameScene            - Added MainViewComponent
16:16:12.277 [JavaFX Application Thread] DEBUG GameScene            - Entity added to scene
16:16:12.277 [JavaFX Application Thread] DEBUG GameScene            - Added MainViewComponent
16:16:12.277 [JavaFX Application Thread] DEBUG GameScene            - Entity added to scene
16:16:12.277 [JavaFX Application Thread] DEBUG GameScene            - Added MainViewComponent
16:16:12.277 [JavaFX Application Thread] DEBUG GameScene            - Entity added to scene
16:16:12.277 [JavaFX Application Thread] DEBUG GameScene            - Added MainViewComponent
16:16:12.278 [JavaFX Application Thread] DEBUG GameScene            - Entity added to scene
16:16:12.278 [JavaFX Application Thread] DEBUG GameScene            - Added MainViewComponent
16:16:12.278 [JavaFX Application Thread] DEBUG GameScene            - Entity added to scene
16:16:12.278 [JavaFX Application Thread] DEBUG GameScene            - Added MainViewComponent
16:16:12.278 [JavaFX Application Thread] DEBUG GameScene            - Entity added to scene
16:16:12.278 [JavaFX Application Thread] DEBUG GameScene            - Added MainViewComponent
16:16:12.278 [JavaFX Application Thread] DEBUG GameScene            - Entity added to scene
16:16:12.278 [JavaFX Application Thread] DEBUG GameScene            - Added MainViewComponent
16:16:12.278 [JavaFX Application Thread] DEBUG GameScene            - Entity added to scene
16:16:12.278 [JavaFX Application Thread] DEBUG GameScene            - Added MainViewComponent
16:16:12.279 [JavaFX Application Thread] DEBUG GameScene            - Entity added to scene
16:16:12.279 [JavaFX Application Thread] DEBUG GameScene            - Added MainViewComponent
16:16:12.279 [JavaFX Application Thread] DEBUG GameScene            - Entity added to scene
16:16:12.279 [JavaFX Application Thread] DEBUG GameScene            - Added MainViewComponent
16:16:12.279 [JavaFX Application Thread] DEBUG GameScene            - Entity added to scene
16:16:12.279 [JavaFX Application Thread] DEBUG GameScene            - Added MainViewComponent
16:16:12.279 [JavaFX Application Thread] DEBUG GameScene            - Entity added to scene
16:16:12.279 [JavaFX Application Thread] DEBUG GameScene            - Added MainViewComponent
16:16:12.280 [JavaFX Application Thread] DEBUG GameScene            - Entity added to scene
16:16:12.280 [JavaFX Application Thread] DEBUG GameScene            - Added MainViewComponent
16:16:12.280 [JavaFX Application Thread] DEBUG GameScene            - Entity added to scene
16:16:12.280 [JavaFX Application Thread] DEBUG GameScene            - Added MainViewComponent
16:16:12.280 [JavaFX Application Thread] DEBUG GameScene            - Entity added to scene
16:16:12.280 [JavaFX Application Thread] DEBUG GameScene            - Added MainViewComponent
16:16:12.280 [JavaFX Application Thread] DEBUG GameScene            - Entity added to scene
16:16:12.280 [JavaFX Application Thread] DEBUG GameScene            - Added MainViewComponent
16:16:12.280 [JavaFX Application Thread] DEBUG GameScene            - Entity added to scene
16:16:12.280 [JavaFX Application Thread] DEBUG GameScene            - Added MainViewComponent
16:16:12.280 [JavaFX Application Thread] DEBUG GameScene            - Entity added to scene
16:16:12.280 [JavaFX Application Thread] DEBUG GameScene            - Added MainViewComponent
16:16:12.281 [JavaFX Application Thread] DEBUG GameScene            - Entity added to scene
16:16:12.281 [JavaFX Application Thread] DEBUG GameScene            - Added MainViewComponent
16:16:12.281 [JavaFX Application Thread] DEBUG GameScene            - Entity added to scene
16:16:12.281 [JavaFX Application Thread] DEBUG GameScene            - Added MainViewComponent
16:16:12.281 [JavaFX Application Thread] DEBUG GameScene            - Entity added to scene
16:16:12.281 [JavaFX Application Thread] DEBUG GameScene            - Added MainViewComponent
16:16:12.281 [JavaFX Application Thread] DEBUG GameScene            - Entity added to scene
16:16:12.281 [JavaFX Application Thread] DEBUG GameScene            - Added MainViewComponent
16:16:12.281 [JavaFX Application Thread] DEBUG GameScene            - Entity added to scene
16:16:12.281 [JavaFX Application Thread] DEBUG GameScene            - Added MainViewComponent
16:16:24.296 [JavaFX Application Thread] DEBUG FXGLEventBus         - Firing event: DisplayEvent[type=CLOSE_REQUEST]
16:16:24.297 [JavaFX Application Thread] DEBUG FXGLEventBus         - Firing event: FXGLEvent[type=EXIT]
16:16:24.299 [JavaFX Application Thread] DEBUG FXGL                 - Saving FXGL system data
16:16:24.300 [JavaFX Application Thread] DEBUG IOTask               - Executing task: writeDataTask(system/fxgl.bundle)
16:16:24.301 [JavaFX Application Thread] DEBUG FS                   - Writing to: system\fxgl.bundle
16:16:24.304 [JavaFX Application Thread] DEBUG IOTask               - Task succeeded: writeDataTask(system/fxgl.bundle)
