18:11:43.931 [FXGL Launcher Thread     ] DEBUG FXGLLoggerFactory    - Service [LoggerFactory] initialized
18:11:43.935 [FXGL Launcher Thread     ] DEBUG FXGL                 - FXGL configuration complete
18:11:43.935 [FXGL Launcher Thread     ] DEBUG FXGL                 - Loading FXGL system data
18:11:43.937 [FXGL Launcher Thread     ] DEBUG IOTask               - Executing task: readDataTask(system/fxgl.bundle)
18:11:43.940 [FXGL Launcher Thread     ] DEBUG FS                   - Reading from: system\fxgl.bundle
18:11:43.944 [FXGL Launcher Thread     ] DEBUG IOTask               - Task succeeded: readDataTask(system/fxgl.bundle)
18:11:43.944 [FXGL Launcher Thread     ] DEBUG Bundle               - Logging bundle: FXGL
18:11:43.945 [FXGL Launcher Thread     ] DEBUG Bundle               - FXGL.offline.timer.version.check=2017-01-12T08:38:28.585
18:11:43.950 [FXGL Launcher Thread     ] DEBUG GameApplication      - Configuring GameApplication
18:11:43.953 [FXGL Launcher Thread     ] DEBUG FXGLExceptionHandler - Service [ExceptionHandler] initialized
18:11:43.953 [FXGL Launcher Thread     ] DEBUG FXGLEventBus         - Service [EventBus] initialized
18:11:43.956 [FXGL Launcher Thread     ] DEBUG FXGLExecutor         - Service [Executor] initialized
18:11:43.956 [FXGL Launcher Thread     ] DEBUG PreInitTask          - Injecting gameWorld & physicsWorld
18:11:43.960 [FXGL Launcher Thread     ] DEBUG GameWorld            - Game world initialized
18:11:43.991 [FXGL Launcher Thread     ] DEBUG FXGLPooler           - Service [Pooler] initialized with default size = 128
18:11:43.991 [FXGL Launcher Thread     ] DEBUG PhysicsWorld         - Physics world initialized: appHeight=700.0, physics.ppm=50.0
18:11:43.992 [FXGL Launcher Thread     ] DEBUG FXGLInput            - Service [Input] initialized
18:11:44.007 [FXGL Launcher Thread     ] DEBUG FXGLInput            - Registered new binding: Screenshot - P
18:11:44.007 [FXGL Launcher Thread     ] DEBUG FXGLInput            - Registered new binding: Dev Options - CTRL+0
18:11:44.007 [FXGL Launcher Thread     ] DEBUG FXGLInput            - Registered new binding: Move Up - W
18:11:44.007 [FXGL Launcher Thread     ] DEBUG FXGLInput            - Registered new binding: Move Right - A
18:11:44.007 [FXGL Launcher Thread     ] DEBUG FXGLInput            - Registered new binding: Move Left - D
18:11:44.008 [FXGL Launcher Thread     ] DEBUG FXGLInput            - Registered new binding: Move Down - S
18:11:44.030 [FXGL Launcher Thread     ] DEBUG GameScene            - Game scene initialized: 800.0x700.0
18:11:44.036 [FXGL Launcher Thread     ] DEBUG FXGLAssetLoader      - Service [AssetLoader] initialized: cacheSize=35
18:11:44.038 [FXGL Launcher Thread     ] DEBUG FXGLAssetLoader      - Loading from disk: /assets/sounds/system/notification.wav
18:11:44.056 [FXGL Launcher Thread     ] DEBUG FXGLAssetLoader      - Loading from disk: /assets/sounds/menu/select.wav
18:11:44.057 [FXGL Launcher Thread     ] DEBUG FXGLAssetLoader      - Loading from disk: /assets/sounds/menu/back.wav
18:11:44.058 [FXGL Launcher Thread     ] DEBUG FXGLAssetLoader      - Loading from disk: /assets/sounds/menu/press.wav
18:11:44.060 [FXGL Launcher Thread     ] DEBUG FXGLAssetLoader      - Loading from disk: /assets/ui/fonts/Copperplate_Gothic_Light_Regular.ttf
18:11:44.193 [FXGL Launcher Thread     ] DEBUG FXGLAssetLoader      - Loading from disk: /assets/ui/css/fxgl.css
18:11:44.193 [FXGL Launcher Thread     ] DEBUG FXGLAssetLoader      - Loading from disk: /assets/ui/icons/fxgl_icon.png
18:11:44.224 [FXGL Launcher Thread     ] DEBUG FXGLAssetLoader      - Loading from disk: /assets/ui/css/fxgl_dark.css
18:11:44.232 [FXGL Launcher Thread     ] DEBUG FXGLDisplay          - Target size: DoubleProperty [value: 800.0] x DoubleProperty [value: 700.0] @ 1.0
18:11:44.233 [FXGL Launcher Thread     ] DEBUG FXGLDisplay          - New size:    800.0 x 700.0 @ DoubleProperty [value: 1.0]
18:11:44.233 [FXGL Launcher Thread     ] DEBUG FXGLDisplay          - Service [Display] initialized
18:11:44.233 [FXGL Launcher Thread     ] DEBUG FXGLDisplay          - Using CSS: CSS(externalForm=jar:file:/I:/Documents/NetBeansProjects/MotherLoad/MotherLoad/lib/fxgl-0.2.9-uber.jar!/assets/ui/css/fxgl_dark.css)
18:11:44.233 [FXGL Launcher Thread     ] DEBUG InitScenesTask       - Injecting loadingScene & gameScene
18:11:44.255 [FXGL Launcher Thread     ] DEBUG FXGLMasterTimer      - Service [MasterTimer] initialized
18:11:44.257 [FXGL Launcher Thread     ] DEBUG FXGLAudioPlayer      - Service [AudioPlayer] initialized
18:11:44.264 [FXGL Launcher Thread     ] DEBUG InitProfilerTask     - Injecting profiler
18:11:44.264 [FXGL Launcher Thread     ] DEBUG GameApplication      - Starting new game
18:11:44.265 [FXGL Launcher Thread     ] DEBUG GameApplication      - Initializing App
18:11:44.266 [FXGL Launcher Thread     ] DEBUG FXGLInput            - Clearing active input actions
18:11:44.266 [FXGL Launcher Thread     ] DEBUG FXGLMasterTimer      - Stopping master timer
18:11:44.266 [FXGL Launcher Thread     ] DEBUG GameApplication      - State: STARTUP -> PAUSED
18:11:44.267 [FXGL Launcher Thread     ] DEBUG FXGLEventBus         - Firing event: FXGLEvent[type=PAUSE]
18:11:44.268 [FXGL Launcher Thread     ] DEBUG FXGLInput            - Clearing active input actions
18:11:44.268 [FXGL Launcher Thread     ] DEBUG FXGLMasterTimer      - Resetting ticks and clearing all actions
18:11:44.268 [FXGL Launcher Thread     ] DEBUG GameWorld            - Resetting game world
18:11:44.268 [FXGL Launcher Thread     ] TRACE EntityWorld          - Resetting entity world
18:11:44.269 [FXGL Launcher Thread     ] DEBUG PhysicsWorld         - Resetting physics world
18:11:44.269 [FXGL Launcher Thread     ] DEBUG GameScene            - Resetting game scene
18:11:44.270 [FXGL Launcher Thread     ] DEBUG FXGLEventBus         - Firing event: FXGLEvent[type=RESET]
18:11:44.320 [FXGL Launcher Thread     ] DEBUG GameApplication      - State: PAUSED -> LOADING
18:11:44.344 [FXGL Background Thread 1 ] DEBUG InitAppTask          - Initializing Assets
18:11:44.345 [FXGL Background Thread 1 ] DEBUG InitAppTask          - Initializing Game
18:11:44.360 [FXGL Background Thread 1 ] DEBUG FXGLAssetLoader      - Loading from disk: /assets/textures/player.png
18:11:44.366 [FXGL Background Thread 1 ] DEBUG InitAppTask          - Initializing Physics
18:11:44.366 [FXGL Background Thread 1 ] DEBUG InitAppTask          - Initializing UI
18:11:44.366 [FXGL Background Thread 1 ] DEBUG InitAppTask          - Initialization Complete
18:11:44.384 [JavaFX Application Thread] DEBUG FXGLDisplay          - Showing stage
18:11:44.384 [JavaFX Application Thread] DEBUG FXGLDisplay          - Root size: 800.0x700.0
18:11:44.384 [JavaFX Application Thread] DEBUG FXGLDisplay          - Scene size: 800.0x700.0
18:11:44.384 [JavaFX Application Thread] DEBUG FXGLDisplay          - Stage size: 816.0x739.0
18:11:44.424 [JavaFX Application Thread] DEBUG FXGLInput            - Clearing active input actions
18:11:44.424 [JavaFX Application Thread] DEBUG FXGLMasterTimer      - Starting master timer
18:11:44.424 [JavaFX Application Thread] DEBUG GameApplication      - State: LOADING -> PLAYING
18:11:44.429 [JavaFX Application Thread] DEBUG FXGLEventBus         - Firing event: FXGLEvent[type=RESUME]
18:11:44.431 [JavaFX Application Thread] DEBUG GameScene            - Entity added to scene
18:11:44.432 [JavaFX Application Thread] DEBUG GameScene            - Added MainViewComponent
18:11:44.433 [JavaFX Application Thread] DEBUG GameScene            - Creating render group for layer: TOP(2147483647)
18:12:00.393 [JavaFX Application Thread] DEBUG FXGLEventBus         - Firing event: DisplayEvent[type=CLOSE_REQUEST]
18:12:00.394 [JavaFX Application Thread] DEBUG FXGLEventBus         - Firing event: FXGLEvent[type=EXIT]
18:12:00.396 [JavaFX Application Thread] DEBUG FXGL                 - Saving FXGL system data
18:12:00.397 [JavaFX Application Thread] DEBUG IOTask               - Executing task: writeDataTask(system/fxgl.bundle)
18:12:00.398 [JavaFX Application Thread] DEBUG FS                   - Writing to: system\fxgl.bundle
18:12:00.401 [JavaFX Application Thread] DEBUG IOTask               - Task succeeded: writeDataTask(system/fxgl.bundle)
