13:42:03.764 [FXGL Launcher Thread     ] DEBUG FXGLLoggerFactory    - Service [LoggerFactory] initialized
13:42:03.769 [FXGL Launcher Thread     ] DEBUG FXGL                 - FXGL configuration complete
13:42:03.769 [FXGL Launcher Thread     ] DEBUG FXGL                 - Loading FXGL system data
13:42:03.772 [FXGL Launcher Thread     ] DEBUG IOTask               - Executing task: readDataTask(system/fxgl.bundle)
13:42:03.774 [FXGL Launcher Thread     ] DEBUG FS                   - Reading from: system\fxgl.bundle
13:42:03.779 [FXGL Launcher Thread     ] DEBUG IOTask               - Task succeeded: readDataTask(system/fxgl.bundle)
13:42:03.779 [FXGL Launcher Thread     ] DEBUG Bundle               - Logging bundle: FXGL
13:42:03.780 [FXGL Launcher Thread     ] DEBUG Bundle               - FXGL.offline.timer.version.check=2017-01-12T08:38:28.585
13:42:03.785 [FXGL Launcher Thread     ] DEBUG GameApplication      - Configuring GameApplication
13:42:03.789 [FXGL Launcher Thread     ] DEBUG FXGLExceptionHandler - Service [ExceptionHandler] initialized
13:42:03.789 [FXGL Launcher Thread     ] DEBUG FXGLEventBus         - Service [EventBus] initialized
13:42:03.792 [FXGL Launcher Thread     ] DEBUG FXGLExecutor         - Service [Executor] initialized
13:42:03.793 [FXGL Launcher Thread     ] DEBUG PreInitTask          - Injecting gameWorld & physicsWorld
13:42:03.798 [FXGL Launcher Thread     ] DEBUG GameWorld            - Game world initialized
13:42:03.838 [FXGL Launcher Thread     ] DEBUG FXGLPooler           - Service [Pooler] initialized with default size = 128
13:42:03.838 [FXGL Launcher Thread     ] DEBUG PhysicsWorld         - Physics world initialized: appHeight=700.0, physics.ppm=50.0
13:42:03.839 [FXGL Launcher Thread     ] DEBUG FXGLInput            - Service [Input] initialized
13:42:03.857 [FXGL Launcher Thread     ] DEBUG FXGLInput            - Registered new binding: Screenshot - P
13:42:03.857 [FXGL Launcher Thread     ] DEBUG FXGLInput            - Registered new binding: Dev Options - CTRL+0
13:42:03.857 [FXGL Launcher Thread     ] DEBUG FXGLInput            - Registered new binding: Move With Mouse - PRIMARY
13:42:03.884 [FXGL Launcher Thread     ] DEBUG GameScene            - Game scene initialized: 800.0x700.0
13:42:03.892 [FXGL Launcher Thread     ] DEBUG FXGLAssetLoader      - Service [AssetLoader] initialized: cacheSize=35
13:42:03.894 [FXGL Launcher Thread     ] DEBUG FXGLAssetLoader      - Loading from disk: /assets/sounds/system/notification.wav
13:42:03.924 [FXGL Launcher Thread     ] DEBUG FXGLAssetLoader      - Loading from disk: /assets/sounds/menu/select.wav
13:42:03.925 [FXGL Launcher Thread     ] DEBUG FXGLAssetLoader      - Loading from disk: /assets/sounds/menu/back.wav
13:42:03.927 [FXGL Launcher Thread     ] DEBUG FXGLAssetLoader      - Loading from disk: /assets/sounds/menu/press.wav
13:42:03.929 [FXGL Launcher Thread     ] DEBUG FXGLAssetLoader      - Loading from disk: /assets/ui/fonts/Copperplate_Gothic_Light_Regular.ttf
13:42:04.016 [FXGL Launcher Thread     ] DEBUG FXGLAssetLoader      - Loading from disk: /assets/ui/css/fxgl.css
13:42:04.017 [FXGL Launcher Thread     ] DEBUG FXGLAssetLoader      - Loading from disk: /assets/ui/icons/fxgl_icon.png
13:42:04.048 [FXGL Launcher Thread     ] DEBUG FXGLAssetLoader      - Loading from disk: /assets/ui/css/fxgl_dark.css
13:42:04.057 [FXGL Launcher Thread     ] DEBUG FXGLDisplay          - Target size: DoubleProperty [value: 800.0] x DoubleProperty [value: 700.0] @ 1.0
13:42:04.057 [FXGL Launcher Thread     ] DEBUG FXGLDisplay          - New size:    800.0 x 700.0 @ DoubleProperty [value: 1.0]
13:42:04.058 [FXGL Launcher Thread     ] DEBUG FXGLDisplay          - Service [Display] initialized
13:42:04.058 [FXGL Launcher Thread     ] DEBUG FXGLDisplay          - Using CSS: CSS(externalForm=jar:file:/C:/Users/Mack/Documents/NetBeansProjects/MotherLoad/MotherLoad/lib/fxgl-0.2.9-uber.jar!/assets/ui/css/fxgl_dark.css)
13:42:04.058 [FXGL Launcher Thread     ] DEBUG InitScenesTask       - Injecting loadingScene & gameScene
13:42:04.089 [FXGL Launcher Thread     ] DEBUG FXGLMasterTimer      - Service [MasterTimer] initialized
13:42:04.092 [FXGL Launcher Thread     ] DEBUG FXGLAudioPlayer      - Service [AudioPlayer] initialized
13:42:04.100 [FXGL Launcher Thread     ] DEBUG InitProfilerTask     - Injecting profiler
13:42:04.100 [FXGL Launcher Thread     ] DEBUG GameApplication      - Starting new game
13:42:04.101 [FXGL Launcher Thread     ] DEBUG GameApplication      - Initializing App
13:42:04.103 [FXGL Launcher Thread     ] DEBUG FXGLInput            - Clearing active input actions
13:42:04.103 [FXGL Launcher Thread     ] DEBUG FXGLMasterTimer      - Stopping master timer
13:42:04.103 [FXGL Launcher Thread     ] DEBUG GameApplication      - State: STARTUP -> PAUSED
13:42:04.103 [FXGL Launcher Thread     ] DEBUG FXGLEventBus         - Firing event: FXGLEvent[type=PAUSE]
13:42:04.105 [FXGL Launcher Thread     ] DEBUG FXGLInput            - Clearing active input actions
13:42:04.105 [FXGL Launcher Thread     ] DEBUG FXGLMasterTimer      - Resetting ticks and clearing all actions
13:42:04.105 [FXGL Launcher Thread     ] DEBUG GameWorld            - Resetting game world
13:42:04.105 [FXGL Launcher Thread     ] TRACE EntityWorld          - Resetting entity world
13:42:04.107 [FXGL Launcher Thread     ] DEBUG PhysicsWorld         - Resetting physics world
13:42:04.107 [FXGL Launcher Thread     ] DEBUG GameScene            - Resetting game scene
13:42:04.107 [FXGL Launcher Thread     ] DEBUG FXGLEventBus         - Firing event: FXGLEvent[type=RESET]
13:42:04.171 [FXGL Launcher Thread     ] DEBUG GameApplication      - State: PAUSED -> LOADING
13:42:04.200 [FXGL Background Thread 1 ] DEBUG InitAppTask          - Initializing Assets
13:42:04.201 [FXGL Background Thread 1 ] DEBUG InitAppTask          - Initializing Game
13:42:04.217 [FXGL Background Thread 1 ] DEBUG FXGLAssetLoader      - Loading from disk: /assets/textures/PlayerLeft.png
13:42:04.226 [FXGL Background Thread 1 ] DEBUG FXGLAssetLoader      - Loading from disk: /assets/textures/Ground1.png
13:42:04.229 [FXGL Background Thread 1 ] DEBUG FXGLAssetLoader      - Loading from cache: /assets/textures/Ground1.png
13:42:04.231 [FXGL Background Thread 1 ] DEBUG FXGLAssetLoader      - Loading from cache: /assets/textures/Ground1.png
13:42:04.232 [FXGL Background Thread 1 ] DEBUG FXGLAssetLoader      - Loading from cache: /assets/textures/Ground1.png
13:42:04.232 [FXGL Background Thread 1 ] DEBUG FXGLAssetLoader      - Loading from cache: /assets/textures/Ground1.png
13:42:04.233 [FXGL Background Thread 1 ] DEBUG FXGLAssetLoader      - Loading from cache: /assets/textures/Ground1.png
13:42:04.234 [FXGL Background Thread 1 ] DEBUG FXGLAssetLoader      - Loading from cache: /assets/textures/Ground1.png
13:42:04.235 [FXGL Background Thread 1 ] DEBUG FXGLAssetLoader      - Loading from cache: /assets/textures/Ground1.png
13:42:04.236 [FXGL Background Thread 1 ] DEBUG FXGLAssetLoader      - Loading from cache: /assets/textures/Ground1.png
13:42:04.236 [FXGL Background Thread 1 ] DEBUG FXGLAssetLoader      - Loading from cache: /assets/textures/Ground1.png
13:42:04.237 [FXGL Background Thread 1 ] DEBUG InitAppTask          - Initializing Physics
13:42:04.237 [FXGL Background Thread 1 ] DEBUG InitAppTask          - Initializing UI
13:42:04.237 [FXGL Background Thread 1 ] DEBUG FXGLAssetLoader      - Loading from disk: /assets/textures/Background.png
13:42:04.258 [JavaFX Application Thread] DEBUG FXGLDisplay          - Showing stage
13:42:04.259 [JavaFX Application Thread] DEBUG FXGLDisplay          - Root size: 800.0x700.0
13:42:04.259 [JavaFX Application Thread] DEBUG FXGLDisplay          - Scene size: 800.0x700.0
13:42:04.259 [JavaFX Application Thread] DEBUG FXGLDisplay          - Stage size: 816.0x739.0
13:42:04.283 [FXGL Background Thread 1 ] DEBUG GameScene            - Creating render group for layer: TOP(2147483647)
13:42:04.285 [FXGL Background Thread 1 ] DEBUG InitAppTask          - Initialization Complete
13:42:04.350 [JavaFX Application Thread] DEBUG FXGLInput            - Clearing active input actions
13:42:04.351 [JavaFX Application Thread] DEBUG FXGLMasterTimer      - Starting master timer
13:42:04.351 [JavaFX Application Thread] DEBUG GameApplication      - State: LOADING -> PLAYING
13:42:04.358 [JavaFX Application Thread] DEBUG FXGLEventBus         - Firing event: FXGLEvent[type=RESUME]
13:42:04.364 [JavaFX Application Thread] DEBUG GameScene            - Entity added to scene
13:42:04.365 [JavaFX Application Thread] DEBUG GameScene            - Added MainViewComponent
13:42:04.368 [JavaFX Application Thread] DEBUG GameScene            - Entity added to scene
13:42:04.368 [JavaFX Application Thread] DEBUG GameScene            - Added MainViewComponent
13:42:04.368 [JavaFX Application Thread] DEBUG GameScene            - Entity added to scene
13:42:04.368 [JavaFX Application Thread] DEBUG GameScene            - Added MainViewComponent
13:42:04.369 [JavaFX Application Thread] DEBUG GameScene            - Entity added to scene
13:42:04.369 [JavaFX Application Thread] DEBUG GameScene            - Added MainViewComponent
13:42:04.369 [JavaFX Application Thread] DEBUG GameScene            - Entity added to scene
13:42:04.369 [JavaFX Application Thread] DEBUG GameScene            - Added MainViewComponent
13:42:04.370 [JavaFX Application Thread] DEBUG GameScene            - Entity added to scene
13:42:04.370 [JavaFX Application Thread] DEBUG GameScene            - Added MainViewComponent
13:42:04.370 [JavaFX Application Thread] DEBUG GameScene            - Entity added to scene
13:42:04.370 [JavaFX Application Thread] DEBUG GameScene            - Added MainViewComponent
13:42:04.370 [JavaFX Application Thread] DEBUG GameScene            - Entity added to scene
13:42:04.370 [JavaFX Application Thread] DEBUG GameScene            - Added MainViewComponent
13:42:04.371 [JavaFX Application Thread] DEBUG GameScene            - Entity added to scene
13:42:04.371 [JavaFX Application Thread] DEBUG GameScene            - Added MainViewComponent
13:42:04.371 [JavaFX Application Thread] DEBUG GameScene            - Entity added to scene
13:42:04.371 [JavaFX Application Thread] DEBUG GameScene            - Added MainViewComponent
13:42:04.372 [JavaFX Application Thread] DEBUG GameScene            - Entity added to scene
13:42:04.372 [JavaFX Application Thread] DEBUG GameScene            - Added MainViewComponent
13:42:14.524 [JavaFX Application Thread] DEBUG FXGLEventBus         - Firing event: DisplayEvent[type=CLOSE_REQUEST]
13:42:14.525 [JavaFX Application Thread] DEBUG FXGLEventBus         - Firing event: FXGLEvent[type=EXIT]
13:42:14.527 [JavaFX Application Thread] DEBUG FXGL                 - Saving FXGL system data
13:42:14.528 [JavaFX Application Thread] DEBUG IOTask               - Executing task: writeDataTask(system/fxgl.bundle)
13:42:14.530 [JavaFX Application Thread] DEBUG FS                   - Writing to: system\fxgl.bundle
13:42:14.533 [JavaFX Application Thread] DEBUG IOTask               - Task succeeded: writeDataTask(system/fxgl.bundle)
