11:23:40.060 [FXGL Launcher Thread     ] DEBUG FXGLLoggerFactory    - Service [LoggerFactory] initialized
11:23:40.072 [FXGL Launcher Thread     ] DEBUG FXGL                 - FXGL configuration complete
11:23:40.072 [FXGL Launcher Thread     ] DEBUG FXGL                 - Loading FXGL system data
11:23:40.080 [FXGL Launcher Thread     ] DEBUG IOTask               - Executing task: readDataTask(system/fxgl.bundle)
11:23:40.086 [FXGL Launcher Thread     ] DEBUG FS                   - Reading from: system\fxgl.bundle
11:23:40.100 [FXGL Launcher Thread     ] DEBUG IOTask               - Task succeeded: readDataTask(system/fxgl.bundle)
11:23:40.100 [FXGL Launcher Thread     ] DEBUG Bundle               - Logging bundle: FXGL
11:23:40.102 [FXGL Launcher Thread     ] DEBUG Bundle               - FXGL.offline.timer.version.check=2017-01-12T08:38:28.585
11:23:40.127 [FXGL Launcher Thread     ] DEBUG GameApplication      - Configuring GameApplication
11:23:40.137 [FXGL Launcher Thread     ] DEBUG FXGLExceptionHandler - Service [ExceptionHandler] initialized
11:23:40.138 [FXGL Launcher Thread     ] DEBUG FXGLEventBus         - Service [EventBus] initialized
11:23:40.146 [FXGL Launcher Thread     ] DEBUG FXGLExecutor         - Service [Executor] initialized
11:23:40.146 [FXGL Launcher Thread     ] DEBUG PreInitTask          - Injecting gameWorld & physicsWorld
11:23:40.159 [FXGL Launcher Thread     ] DEBUG GameWorld            - Game world initialized
11:23:40.260 [FXGL Launcher Thread     ] DEBUG FXGLPooler           - Service [Pooler] initialized with default size = 128
11:23:40.261 [FXGL Launcher Thread     ] DEBUG PhysicsWorld         - Physics world initialized: appHeight=700.0, physics.ppm=50.0
11:23:40.263 [FXGL Launcher Thread     ] DEBUG FXGLInput            - Service [Input] initialized
11:23:40.314 [FXGL Launcher Thread     ] DEBUG FXGLInput            - Registered new binding: Screenshot - P
11:23:40.315 [FXGL Launcher Thread     ] DEBUG FXGLInput            - Registered new binding: Dev Options - CTRL+0
11:23:40.316 [FXGL Launcher Thread     ] DEBUG FXGLInput            - Registered new binding: Move With Mouse - PRIMARY
11:23:40.382 [FXGL Launcher Thread     ] DEBUG GameScene            - Game scene initialized: 800.0x700.0
11:23:40.398 [FXGL Launcher Thread     ] DEBUG FXGLAssetLoader      - Service [AssetLoader] initialized: cacheSize=35
11:23:40.404 [FXGL Launcher Thread     ] DEBUG FXGLAssetLoader      - Loading from disk: /assets/sounds/system/notification.wav
11:23:40.478 [FXGL Launcher Thread     ] DEBUG FXGLAssetLoader      - Loading from disk: /assets/sounds/menu/select.wav
11:23:40.482 [FXGL Launcher Thread     ] DEBUG FXGLAssetLoader      - Loading from disk: /assets/sounds/menu/back.wav
11:23:40.488 [FXGL Launcher Thread     ] DEBUG FXGLAssetLoader      - Loading from disk: /assets/sounds/menu/press.wav
11:23:40.495 [FXGL Launcher Thread     ] DEBUG FXGLAssetLoader      - Loading from disk: /assets/ui/fonts/Copperplate_Gothic_Light_Regular.ttf
11:23:40.660 [FXGL Launcher Thread     ] DEBUG FXGLAssetLoader      - Loading from disk: /assets/ui/css/fxgl.css
11:23:40.660 [FXGL Launcher Thread     ] DEBUG FXGLAssetLoader      - Loading from disk: /assets/ui/icons/fxgl_icon.png
11:23:40.732 [FXGL Launcher Thread     ] DEBUG FXGLAssetLoader      - Loading from disk: /assets/ui/css/fxgl_dark.css
11:23:40.762 [FXGL Launcher Thread     ] DEBUG FXGLDisplay          - Target size: DoubleProperty [value: 800.0] x DoubleProperty [value: 700.0] @ 1.0
11:23:40.762 [FXGL Launcher Thread     ] DEBUG FXGLDisplay          - New size:    800.0 x 700.0 @ DoubleProperty [value: 1.0]
11:23:40.763 [FXGL Launcher Thread     ] DEBUG FXGLDisplay          - Service [Display] initialized
11:23:40.764 [FXGL Launcher Thread     ] DEBUG FXGLDisplay          - Using CSS: CSS(externalForm=jar:file:/C:/Users/Mack/Documents/NetBeansProjects/MotherLoadProject/MotherLoad/lib/fxgl-0.2.9-uber.jar!/assets/ui/css/fxgl_dark.css)
11:23:40.765 [FXGL Launcher Thread     ] DEBUG InitScenesTask       - Injecting loadingScene & gameScene
11:23:40.860 [FXGL Launcher Thread     ] DEBUG FXGLMasterTimer      - Service [MasterTimer] initialized
11:23:40.868 [FXGL Launcher Thread     ] DEBUG FXGLAudioPlayer      - Service [AudioPlayer] initialized
11:23:40.893 [FXGL Launcher Thread     ] DEBUG InitProfilerTask     - Injecting profiler
11:23:40.893 [FXGL Launcher Thread     ] DEBUG GameApplication      - Starting new game
11:23:40.898 [FXGL Launcher Thread     ] DEBUG GameApplication      - Initializing App
11:23:40.902 [FXGL Launcher Thread     ] DEBUG FXGLInput            - Clearing active input actions
11:23:40.903 [FXGL Launcher Thread     ] DEBUG FXGLMasterTimer      - Stopping master timer
11:23:40.903 [FXGL Launcher Thread     ] DEBUG GameApplication      - State: STARTUP -> PAUSED
11:23:40.905 [FXGL Launcher Thread     ] DEBUG FXGLEventBus         - Firing event: FXGLEvent[type=PAUSE]
11:23:40.910 [FXGL Launcher Thread     ] DEBUG FXGLInput            - Clearing active input actions
11:23:40.910 [FXGL Launcher Thread     ] DEBUG FXGLMasterTimer      - Resetting ticks and clearing all actions
11:23:40.910 [FXGL Launcher Thread     ] DEBUG GameWorld            - Resetting game world
11:23:40.910 [FXGL Launcher Thread     ] TRACE EntityWorld          - Resetting entity world
11:23:40.914 [FXGL Launcher Thread     ] DEBUG PhysicsWorld         - Resetting physics world
11:23:40.915 [FXGL Launcher Thread     ] DEBUG GameScene            - Resetting game scene
11:23:40.915 [FXGL Launcher Thread     ] DEBUG FXGLEventBus         - Firing event: FXGLEvent[type=RESET]
11:23:41.131 [FXGL Launcher Thread     ] DEBUG GameApplication      - State: PAUSED -> LOADING
11:23:41.220 [FXGL Background Thread 1 ] DEBUG InitAppTask          - Initializing Assets
11:23:41.222 [FXGL Background Thread 1 ] DEBUG InitAppTask          - Initializing Game
11:23:41.270 [FXGL Background Thread 1 ] DEBUG FXGLAssetLoader      - Loading from disk: /assets/textures/PlayerLeft.png
11:23:41.306 [FXGL Background Thread 1 ] DEBUG InitAppTask          - Initializing Physics
11:23:41.306 [FXGL Background Thread 1 ] DEBUG InitAppTask          - Initializing UI
11:23:41.306 [FXGL Background Thread 1 ] DEBUG InitAppTask          - Initialization Complete
11:23:41.366 [JavaFX Application Thread] DEBUG FXGLDisplay          - Showing stage
11:23:41.367 [JavaFX Application Thread] DEBUG FXGLDisplay          - Root size: 800.0x700.0
11:23:41.367 [JavaFX Application Thread] DEBUG FXGLDisplay          - Scene size: 800.0x700.0
11:23:41.368 [JavaFX Application Thread] DEBUG FXGLDisplay          - Stage size: 816.0x739.0
11:23:41.608 [JavaFX Application Thread] DEBUG FXGLInput            - Clearing active input actions
11:23:41.616 [JavaFX Application Thread] DEBUG FXGLMasterTimer      - Starting master timer
11:23:41.616 [JavaFX Application Thread] DEBUG GameApplication      - State: LOADING -> PLAYING
11:23:41.635 [JavaFX Application Thread] DEBUG FXGLEventBus         - Firing event: FXGLEvent[type=RESUME]
11:23:41.648 [JavaFX Application Thread] DEBUG GameScene            - Entity added to scene
11:23:41.650 [JavaFX Application Thread] DEBUG GameScene            - Added MainViewComponent
11:23:41.657 [JavaFX Application Thread] DEBUG GameScene            - Creating render group for layer: TOP(2147483647)
11:23:45.421 [JavaFX Application Thread] DEBUG FXGLEventBus         - Firing event: DisplayEvent[type=CLOSE_REQUEST]
11:23:45.424 [JavaFX Application Thread] DEBUG FXGLEventBus         - Firing event: FXGLEvent[type=EXIT]
11:23:45.433 [JavaFX Application Thread] DEBUG FXGL                 - Saving FXGL system data
11:23:45.437 [JavaFX Application Thread] DEBUG IOTask               - Executing task: writeDataTask(system/fxgl.bundle)
11:23:45.442 [JavaFX Application Thread] DEBUG FS                   - Writing to: system\fxgl.bundle
11:23:45.451 [JavaFX Application Thread] DEBUG IOTask               - Task succeeded: writeDataTask(system/fxgl.bundle)
