19:22:57.603 [FXGL Launcher Thread     ] DEBUG FXGLLoggerFactory    - Service [LoggerFactory] initialized
19:22:57.607 [FXGL Launcher Thread     ] DEBUG FXGL                 - FXGL configuration complete
19:22:57.607 [FXGL Launcher Thread     ] DEBUG FXGL                 - Loading FXGL system data
19:22:57.609 [FXGL Launcher Thread     ] DEBUG IOTask               - Executing task: readDataTask(system/fxgl.bundle)
19:22:57.612 [FXGL Launcher Thread     ] DEBUG FS                   - Reading from: system\fxgl.bundle
19:22:57.617 [FXGL Launcher Thread     ] DEBUG IOTask               - Task succeeded: readDataTask(system/fxgl.bundle)
19:22:57.617 [FXGL Launcher Thread     ] DEBUG Bundle               - Logging bundle: FXGL
19:22:57.617 [FXGL Launcher Thread     ] DEBUG Bundle               - FXGL.offline.timer.version.check=2017-01-12T08:38:28.585
19:22:57.622 [FXGL Launcher Thread     ] DEBUG GameApplication      - Configuring GameApplication
19:22:57.625 [FXGL Launcher Thread     ] DEBUG FXGLExceptionHandler - Service [ExceptionHandler] initialized
19:22:57.626 [FXGL Launcher Thread     ] DEBUG FXGLEventBus         - Service [EventBus] initialized
19:22:57.628 [FXGL Launcher Thread     ] DEBUG FXGLExecutor         - Service [Executor] initialized
19:22:57.629 [FXGL Launcher Thread     ] DEBUG PreInitTask          - Injecting gameWorld & physicsWorld
19:22:57.632 [FXGL Launcher Thread     ] DEBUG GameWorld            - Game world initialized
19:22:57.664 [FXGL Launcher Thread     ] DEBUG FXGLPooler           - Service [Pooler] initialized with default size = 128
19:22:57.665 [FXGL Launcher Thread     ] DEBUG PhysicsWorld         - Physics world initialized: appHeight=700.0, physics.ppm=50.0
19:22:57.665 [FXGL Launcher Thread     ] DEBUG FXGLInput            - Service [Input] initialized
19:22:57.680 [FXGL Launcher Thread     ] DEBUG FXGLInput            - Registered new binding: Screenshot - P
19:22:57.681 [FXGL Launcher Thread     ] DEBUG FXGLInput            - Registered new binding: Dev Options - CTRL+0
19:22:57.681 [FXGL Launcher Thread     ] DEBUG FXGLInput            - Registered new binding: Move With Mouse - PRIMARY
19:22:57.702 [FXGL Launcher Thread     ] DEBUG GameScene            - Game scene initialized: 800.0x700.0
19:22:57.708 [FXGL Launcher Thread     ] DEBUG FXGLAssetLoader      - Service [AssetLoader] initialized: cacheSize=35
19:22:57.710 [FXGL Launcher Thread     ] DEBUG FXGLAssetLoader      - Loading from disk: /assets/sounds/system/notification.wav
19:22:57.729 [FXGL Launcher Thread     ] DEBUG FXGLAssetLoader      - Loading from disk: /assets/sounds/menu/select.wav
19:22:57.730 [FXGL Launcher Thread     ] DEBUG FXGLAssetLoader      - Loading from disk: /assets/sounds/menu/back.wav
19:22:57.731 [FXGL Launcher Thread     ] DEBUG FXGLAssetLoader      - Loading from disk: /assets/sounds/menu/press.wav
19:22:57.733 [FXGL Launcher Thread     ] DEBUG FXGLAssetLoader      - Loading from disk: /assets/ui/fonts/Copperplate_Gothic_Light_Regular.ttf
19:22:57.873 [FXGL Launcher Thread     ] DEBUG FXGLAssetLoader      - Loading from disk: /assets/ui/css/fxgl.css
19:22:57.874 [FXGL Launcher Thread     ] DEBUG FXGLAssetLoader      - Loading from disk: /assets/ui/icons/fxgl_icon.png
19:22:57.905 [FXGL Launcher Thread     ] DEBUG FXGLAssetLoader      - Loading from disk: /assets/ui/css/fxgl_dark.css
19:22:57.914 [FXGL Launcher Thread     ] DEBUG FXGLDisplay          - Target size: DoubleProperty [value: 800.0] x DoubleProperty [value: 700.0] @ 1.0
19:22:57.914 [FXGL Launcher Thread     ] DEBUG FXGLDisplay          - New size:    800.0 x 700.0 @ DoubleProperty [value: 1.0]
19:22:57.914 [FXGL Launcher Thread     ] DEBUG FXGLDisplay          - Service [Display] initialized
19:22:57.914 [FXGL Launcher Thread     ] DEBUG FXGLDisplay          - Using CSS: CSS(externalForm=jar:file:/I:/Documents/NetBeansProjects/MotherLoad/MotherLoad/lib/fxgl-0.2.9-uber.jar!/assets/ui/css/fxgl_dark.css)
19:22:57.914 [FXGL Launcher Thread     ] DEBUG InitScenesTask       - Injecting loadingScene & gameScene
19:22:57.937 [FXGL Launcher Thread     ] DEBUG FXGLMasterTimer      - Service [MasterTimer] initialized
19:22:57.939 [FXGL Launcher Thread     ] DEBUG FXGLAudioPlayer      - Service [AudioPlayer] initialized
19:22:57.946 [FXGL Launcher Thread     ] DEBUG InitProfilerTask     - Injecting profiler
19:22:57.946 [FXGL Launcher Thread     ] DEBUG GameApplication      - Starting new game
19:22:57.948 [FXGL Launcher Thread     ] DEBUG GameApplication      - Initializing App
19:22:57.949 [FXGL Launcher Thread     ] DEBUG FXGLInput            - Clearing active input actions
19:22:57.949 [FXGL Launcher Thread     ] DEBUG FXGLMasterTimer      - Stopping master timer
19:22:57.949 [FXGL Launcher Thread     ] DEBUG GameApplication      - State: STARTUP -> PAUSED
19:22:57.950 [FXGL Launcher Thread     ] DEBUG FXGLEventBus         - Firing event: FXGLEvent[type=PAUSE]
19:22:57.951 [FXGL Launcher Thread     ] DEBUG FXGLInput            - Clearing active input actions
19:22:57.951 [FXGL Launcher Thread     ] DEBUG FXGLMasterTimer      - Resetting ticks and clearing all actions
19:22:57.951 [FXGL Launcher Thread     ] DEBUG GameWorld            - Resetting game world
19:22:57.951 [FXGL Launcher Thread     ] TRACE EntityWorld          - Resetting entity world
19:22:57.952 [FXGL Launcher Thread     ] DEBUG PhysicsWorld         - Resetting physics world
19:22:57.952 [FXGL Launcher Thread     ] DEBUG GameScene            - Resetting game scene
19:22:57.952 [FXGL Launcher Thread     ] DEBUG FXGLEventBus         - Firing event: FXGLEvent[type=RESET]
19:22:58.003 [FXGL Launcher Thread     ] DEBUG GameApplication      - State: PAUSED -> LOADING
19:22:58.029 [FXGL Background Thread 1 ] DEBUG InitAppTask          - Initializing Assets
19:22:58.030 [FXGL Background Thread 1 ] DEBUG InitAppTask          - Initializing Game
19:22:58.044 [FXGL Background Thread 1 ] DEBUG FXGLAssetLoader      - Loading from disk: /assets/textures/PlayerLeft.png
19:22:58.052 [FXGL Background Thread 1 ] DEBUG FXGLAssetLoader      - Loading from disk: /assets/textures/Ground1.png
19:22:58.054 [FXGL Background Thread 1 ] DEBUG FXGLAssetLoader      - Loading from cache: /assets/textures/Ground1.png
19:22:58.055 [FXGL Background Thread 1 ] DEBUG FXGLAssetLoader      - Loading from cache: /assets/textures/Ground1.png
19:22:58.056 [FXGL Background Thread 1 ] DEBUG FXGLAssetLoader      - Loading from cache: /assets/textures/Ground1.png
19:22:58.057 [FXGL Background Thread 1 ] DEBUG FXGLAssetLoader      - Loading from cache: /assets/textures/Ground1.png
19:22:58.058 [FXGL Background Thread 1 ] DEBUG FXGLAssetLoader      - Loading from cache: /assets/textures/Ground1.png
19:22:58.059 [FXGL Background Thread 1 ] DEBUG FXGLAssetLoader      - Loading from cache: /assets/textures/Ground1.png
19:22:58.060 [FXGL Background Thread 1 ] DEBUG FXGLAssetLoader      - Loading from cache: /assets/textures/Ground1.png
19:22:58.061 [FXGL Background Thread 1 ] DEBUG FXGLAssetLoader      - Loading from cache: /assets/textures/Ground1.png
19:22:58.062 [FXGL Background Thread 1 ] DEBUG FXGLAssetLoader      - Loading from cache: /assets/textures/Ground1.png
19:22:58.062 [FXGL Background Thread 1 ] DEBUG FXGLAssetLoader      - Loading from cache: /assets/textures/Ground1.png
19:22:58.063 [FXGL Background Thread 1 ] DEBUG FXGLAssetLoader      - Loading from cache: /assets/textures/Ground1.png
19:22:58.064 [FXGL Background Thread 1 ] DEBUG FXGLAssetLoader      - Loading from cache: /assets/textures/Ground1.png
19:22:58.064 [FXGL Background Thread 1 ] DEBUG FXGLAssetLoader      - Loading from cache: /assets/textures/Ground1.png
19:22:58.065 [FXGL Background Thread 1 ] DEBUG FXGLAssetLoader      - Loading from cache: /assets/textures/Ground1.png
19:22:58.066 [FXGL Background Thread 1 ] DEBUG FXGLAssetLoader      - Loading from cache: /assets/textures/Ground1.png
19:22:58.066 [FXGL Background Thread 1 ] DEBUG FXGLAssetLoader      - Loading from cache: /assets/textures/Ground1.png
19:22:58.067 [FXGL Background Thread 1 ] DEBUG FXGLAssetLoader      - Loading from cache: /assets/textures/Ground1.png
19:22:58.068 [FXGL Background Thread 1 ] DEBUG FXGLAssetLoader      - Loading from cache: /assets/textures/Ground1.png
19:22:58.068 [FXGL Background Thread 1 ] DEBUG FXGLAssetLoader      - Loading from cache: /assets/textures/Ground1.png
19:22:58.069 [FXGL Background Thread 1 ] DEBUG FXGLAssetLoader      - Loading from cache: /assets/textures/Ground1.png
19:22:58.069 [FXGL Background Thread 1 ] DEBUG FXGLAssetLoader      - Loading from cache: /assets/textures/Ground1.png
19:22:58.070 [FXGL Background Thread 1 ] DEBUG FXGLAssetLoader      - Loading from cache: /assets/textures/Ground1.png
19:22:58.071 [FXGL Background Thread 1 ] DEBUG FXGLAssetLoader      - Loading from cache: /assets/textures/Ground1.png
19:22:58.071 [FXGL Background Thread 1 ] DEBUG FXGLAssetLoader      - Loading from cache: /assets/textures/Ground1.png
19:22:58.072 [FXGL Background Thread 1 ] DEBUG FXGLAssetLoader      - Loading from cache: /assets/textures/Ground1.png
19:22:58.072 [FXGL Background Thread 1 ] DEBUG FXGLAssetLoader      - Loading from cache: /assets/textures/Ground1.png
19:22:58.073 [FXGL Background Thread 1 ] DEBUG FXGLAssetLoader      - Loading from cache: /assets/textures/Ground1.png
19:22:58.073 [FXGL Background Thread 1 ] DEBUG FXGLAssetLoader      - Loading from cache: /assets/textures/Ground1.png
19:22:58.073 [FXGL Background Thread 1 ] DEBUG FXGLAssetLoader      - Loading from cache: /assets/textures/Ground1.png
19:22:58.074 [FXGL Background Thread 1 ] DEBUG FXGLAssetLoader      - Loading from cache: /assets/textures/Ground1.png
19:22:58.074 [FXGL Background Thread 1 ] DEBUG FXGLAssetLoader      - Loading from cache: /assets/textures/Ground1.png
19:22:58.075 [FXGL Background Thread 1 ] DEBUG FXGLAssetLoader      - Loading from cache: /assets/textures/Ground1.png
19:22:58.075 [FXGL Background Thread 1 ] DEBUG FXGLAssetLoader      - Loading from cache: /assets/textures/Ground1.png
19:22:58.076 [FXGL Background Thread 1 ] DEBUG FXGLAssetLoader      - Loading from cache: /assets/textures/Ground1.png
19:22:58.077 [FXGL Background Thread 1 ] DEBUG FXGLAssetLoader      - Loading from cache: /assets/textures/Ground1.png
19:22:58.077 [FXGL Background Thread 1 ] DEBUG FXGLAssetLoader      - Loading from cache: /assets/textures/Ground1.png
19:22:58.078 [FXGL Background Thread 1 ] DEBUG FXGLAssetLoader      - Loading from cache: /assets/textures/Ground1.png
19:22:58.079 [FXGL Background Thread 1 ] DEBUG FXGLAssetLoader      - Loading from cache: /assets/textures/Ground1.png
19:22:58.079 [FXGL Background Thread 1 ] DEBUG FXGLAssetLoader      - Loading from cache: /assets/textures/Ground1.png
19:22:58.079 [FXGL Background Thread 1 ] DEBUG FXGLAssetLoader      - Loading from cache: /assets/textures/Ground1.png
19:22:58.080 [FXGL Background Thread 1 ] DEBUG FXGLAssetLoader      - Loading from cache: /assets/textures/Ground1.png
19:22:58.080 [FXGL Background Thread 1 ] DEBUG FXGLAssetLoader      - Loading from cache: /assets/textures/Ground1.png
19:22:58.081 [FXGL Background Thread 1 ] DEBUG FXGLAssetLoader      - Loading from cache: /assets/textures/Ground1.png
19:22:58.081 [FXGL Background Thread 1 ] DEBUG FXGLAssetLoader      - Loading from cache: /assets/textures/Ground1.png
19:22:58.082 [FXGL Background Thread 1 ] DEBUG FXGLAssetLoader      - Loading from cache: /assets/textures/Ground1.png
19:22:58.083 [FXGL Background Thread 1 ] DEBUG FXGLAssetLoader      - Loading from cache: /assets/textures/Ground1.png
19:22:58.083 [JavaFX Application Thread] DEBUG FXGLDisplay          - Showing stage
19:22:58.083 [JavaFX Application Thread] DEBUG FXGLDisplay          - Root size: 800.0x700.0
19:22:58.083 [JavaFX Application Thread] DEBUG FXGLDisplay          - Scene size: 800.0x700.0
19:22:58.083 [JavaFX Application Thread] DEBUG FXGLDisplay          - Stage size: 816.0x739.0
19:22:58.083 [FXGL Background Thread 1 ] DEBUG FXGLAssetLoader      - Loading from cache: /assets/textures/Ground1.png
19:22:58.084 [FXGL Background Thread 1 ] DEBUG FXGLAssetLoader      - Loading from cache: /assets/textures/Ground1.png
19:22:58.085 [FXGL Background Thread 1 ] DEBUG FXGLAssetLoader      - Loading from cache: /assets/textures/Ground1.png
19:22:58.085 [FXGL Background Thread 1 ] DEBUG FXGLAssetLoader      - Loading from cache: /assets/textures/Ground1.png
19:22:58.086 [FXGL Background Thread 1 ] DEBUG FXGLAssetLoader      - Loading from cache: /assets/textures/Ground1.png
19:22:58.086 [FXGL Background Thread 1 ] DEBUG FXGLAssetLoader      - Loading from cache: /assets/textures/Ground1.png
19:22:58.087 [FXGL Background Thread 1 ] DEBUG FXGLAssetLoader      - Loading from cache: /assets/textures/Ground1.png
19:22:58.087 [FXGL Background Thread 1 ] DEBUG FXGLAssetLoader      - Loading from cache: /assets/textures/Ground1.png
19:22:58.088 [FXGL Background Thread 1 ] DEBUG FXGLAssetLoader      - Loading from cache: /assets/textures/Ground1.png
19:22:58.089 [FXGL Background Thread 1 ] DEBUG FXGLAssetLoader      - Loading from cache: /assets/textures/Ground1.png
19:22:58.089 [FXGL Background Thread 1 ] DEBUG FXGLAssetLoader      - Loading from cache: /assets/textures/Ground1.png
19:22:58.090 [FXGL Background Thread 1 ] DEBUG FXGLAssetLoader      - Loading from cache: /assets/textures/Ground1.png
19:22:58.091 [FXGL Background Thread 1 ] DEBUG FXGLAssetLoader      - Loading from cache: /assets/textures/Ground1.png
19:22:58.091 [FXGL Background Thread 1 ] DEBUG FXGLAssetLoader      - Loading from cache: /assets/textures/Ground1.png
19:22:58.092 [FXGL Background Thread 1 ] DEBUG FXGLAssetLoader      - Loading from cache: /assets/textures/Ground1.png
19:22:58.092 [FXGL Background Thread 1 ] DEBUG FXGLAssetLoader      - Loading from cache: /assets/textures/Ground1.png
19:22:58.093 [FXGL Background Thread 1 ] DEBUG FXGLAssetLoader      - Loading from cache: /assets/textures/Ground1.png
19:22:58.093 [FXGL Background Thread 1 ] DEBUG FXGLAssetLoader      - Loading from cache: /assets/textures/Ground1.png
19:22:58.094 [FXGL Background Thread 1 ] DEBUG FXGLAssetLoader      - Loading from cache: /assets/textures/Ground1.png
19:22:58.094 [FXGL Background Thread 1 ] DEBUG FXGLAssetLoader      - Loading from cache: /assets/textures/Ground1.png
19:22:58.095 [FXGL Background Thread 1 ] DEBUG FXGLAssetLoader      - Loading from cache: /assets/textures/Ground1.png
19:22:58.095 [FXGL Background Thread 1 ] DEBUG FXGLAssetLoader      - Loading from cache: /assets/textures/Ground1.png
19:22:58.096 [FXGL Background Thread 1 ] DEBUG FXGLAssetLoader      - Loading from cache: /assets/textures/Ground1.png
19:22:58.096 [FXGL Background Thread 1 ] DEBUG FXGLAssetLoader      - Loading from cache: /assets/textures/Ground1.png
19:22:58.096 [FXGL Background Thread 1 ] DEBUG FXGLAssetLoader      - Loading from cache: /assets/textures/Ground1.png
19:22:58.097 [FXGL Background Thread 1 ] DEBUG FXGLAssetLoader      - Loading from cache: /assets/textures/Ground1.png
19:22:58.097 [FXGL Background Thread 1 ] DEBUG FXGLAssetLoader      - Loading from cache: /assets/textures/Ground1.png
19:22:58.098 [FXGL Background Thread 1 ] DEBUG FXGLAssetLoader      - Loading from cache: /assets/textures/Ground1.png
19:22:58.098 [FXGL Background Thread 1 ] DEBUG InitAppTask          - Initializing Physics
19:22:58.099 [FXGL Background Thread 1 ] DEBUG InitAppTask          - Initializing UI
19:22:58.099 [FXGL Background Thread 1 ] DEBUG InitAppTask          - Initialization Complete
19:22:58.134 [JavaFX Application Thread] DEBUG FXGLInput            - Clearing active input actions
19:22:58.135 [JavaFX Application Thread] DEBUG FXGLMasterTimer      - Starting master timer
19:22:58.135 [JavaFX Application Thread] DEBUG GameApplication      - State: LOADING -> PLAYING
19:22:58.139 [JavaFX Application Thread] DEBUG FXGLEventBus         - Firing event: FXGLEvent[type=RESUME]
19:22:58.143 [JavaFX Application Thread] DEBUG GameScene            - Entity added to scene
19:22:58.144 [JavaFX Application Thread] DEBUG GameScene            - Added MainViewComponent
19:22:58.146 [JavaFX Application Thread] DEBUG GameScene            - Creating render group for layer: TOP(2147483647)
19:22:58.149 [JavaFX Application Thread] DEBUG GameScene            - Entity added to scene
19:22:58.149 [JavaFX Application Thread] DEBUG GameScene            - Added MainViewComponent
19:22:58.149 [JavaFX Application Thread] DEBUG GameScene            - Entity added to scene
19:22:58.149 [JavaFX Application Thread] DEBUG GameScene            - Added MainViewComponent
19:22:58.150 [JavaFX Application Thread] DEBUG GameScene            - Entity added to scene
19:22:58.150 [JavaFX Application Thread] DEBUG GameScene            - Added MainViewComponent
19:22:58.150 [JavaFX Application Thread] DEBUG GameScene            - Entity added to scene
19:22:58.150 [JavaFX Application Thread] DEBUG GameScene            - Added MainViewComponent
19:22:58.150 [JavaFX Application Thread] DEBUG GameScene            - Entity added to scene
19:22:58.150 [JavaFX Application Thread] DEBUG GameScene            - Added MainViewComponent
19:22:58.150 [JavaFX Application Thread] DEBUG GameScene            - Entity added to scene
19:22:58.150 [JavaFX Application Thread] DEBUG GameScene            - Added MainViewComponent
19:22:58.151 [JavaFX Application Thread] DEBUG GameScene            - Entity added to scene
19:22:58.151 [JavaFX Application Thread] DEBUG GameScene            - Added MainViewComponent
19:22:58.151 [JavaFX Application Thread] DEBUG GameScene            - Entity added to scene
19:22:58.151 [JavaFX Application Thread] DEBUG GameScene            - Added MainViewComponent
19:22:58.151 [JavaFX Application Thread] DEBUG GameScene            - Entity added to scene
19:22:58.151 [JavaFX Application Thread] DEBUG GameScene            - Added MainViewComponent
19:22:58.151 [JavaFX Application Thread] DEBUG GameScene            - Entity added to scene
19:22:58.151 [JavaFX Application Thread] DEBUG GameScene            - Added MainViewComponent
19:22:58.151 [JavaFX Application Thread] DEBUG GameScene            - Entity added to scene
19:22:58.152 [JavaFX Application Thread] DEBUG GameScene            - Added MainViewComponent
19:22:58.152 [JavaFX Application Thread] DEBUG GameScene            - Entity added to scene
19:22:58.152 [JavaFX Application Thread] DEBUG GameScene            - Added MainViewComponent
19:22:58.152 [JavaFX Application Thread] DEBUG GameScene            - Entity added to scene
19:22:58.152 [JavaFX Application Thread] DEBUG GameScene            - Added MainViewComponent
19:22:58.152 [JavaFX Application Thread] DEBUG GameScene            - Entity added to scene
19:22:58.152 [JavaFX Application Thread] DEBUG GameScene            - Added MainViewComponent
19:22:58.152 [JavaFX Application Thread] DEBUG GameScene            - Entity added to scene
19:22:58.152 [JavaFX Application Thread] DEBUG GameScene            - Added MainViewComponent
19:22:58.153 [JavaFX Application Thread] DEBUG GameScene            - Entity added to scene
19:22:58.153 [JavaFX Application Thread] DEBUG GameScene            - Added MainViewComponent
19:22:58.153 [JavaFX Application Thread] DEBUG GameScene            - Entity added to scene
19:22:58.153 [JavaFX Application Thread] DEBUG GameScene            - Added MainViewComponent
19:22:58.153 [JavaFX Application Thread] DEBUG GameScene            - Entity added to scene
19:22:58.153 [JavaFX Application Thread] DEBUG GameScene            - Added MainViewComponent
19:22:58.153 [JavaFX Application Thread] DEBUG GameScene            - Entity added to scene
19:22:58.153 [JavaFX Application Thread] DEBUG GameScene            - Added MainViewComponent
19:22:58.153 [JavaFX Application Thread] DEBUG GameScene            - Entity added to scene
19:22:58.154 [JavaFX Application Thread] DEBUG GameScene            - Added MainViewComponent
19:22:58.154 [JavaFX Application Thread] DEBUG GameScene            - Entity added to scene
19:22:58.154 [JavaFX Application Thread] DEBUG GameScene            - Added MainViewComponent
19:22:58.154 [JavaFX Application Thread] DEBUG GameScene            - Entity added to scene
19:22:58.154 [JavaFX Application Thread] DEBUG GameScene            - Added MainViewComponent
19:22:58.154 [JavaFX Application Thread] DEBUG GameScene            - Entity added to scene
19:22:58.154 [JavaFX Application Thread] DEBUG GameScene            - Added MainViewComponent
19:22:58.154 [JavaFX Application Thread] DEBUG GameScene            - Entity added to scene
19:22:58.154 [JavaFX Application Thread] DEBUG GameScene            - Added MainViewComponent
19:22:58.155 [JavaFX Application Thread] DEBUG GameScene            - Entity added to scene
19:22:58.155 [JavaFX Application Thread] DEBUG GameScene            - Added MainViewComponent
19:22:58.155 [JavaFX Application Thread] DEBUG GameScene            - Entity added to scene
19:22:58.155 [JavaFX Application Thread] DEBUG GameScene            - Added MainViewComponent
19:22:58.155 [JavaFX Application Thread] DEBUG GameScene            - Entity added to scene
19:22:58.155 [JavaFX Application Thread] DEBUG GameScene            - Added MainViewComponent
19:22:58.155 [JavaFX Application Thread] DEBUG GameScene            - Entity added to scene
19:22:58.155 [JavaFX Application Thread] DEBUG GameScene            - Added MainViewComponent
19:22:58.155 [JavaFX Application Thread] DEBUG GameScene            - Entity added to scene
19:22:58.155 [JavaFX Application Thread] DEBUG GameScene            - Added MainViewComponent
19:22:58.156 [JavaFX Application Thread] DEBUG GameScene            - Entity added to scene
19:22:58.156 [JavaFX Application Thread] DEBUG GameScene            - Added MainViewComponent
19:22:58.156 [JavaFX Application Thread] DEBUG GameScene            - Entity added to scene
19:22:58.156 [JavaFX Application Thread] DEBUG GameScene            - Added MainViewComponent
19:22:58.156 [JavaFX Application Thread] DEBUG GameScene            - Entity added to scene
19:22:58.156 [JavaFX Application Thread] DEBUG GameScene            - Added MainViewComponent
19:22:58.156 [JavaFX Application Thread] DEBUG GameScene            - Entity added to scene
19:22:58.156 [JavaFX Application Thread] DEBUG GameScene            - Added MainViewComponent
19:22:58.156 [JavaFX Application Thread] DEBUG GameScene            - Entity added to scene
19:22:58.156 [JavaFX Application Thread] DEBUG GameScene            - Added MainViewComponent
19:22:58.157 [JavaFX Application Thread] DEBUG GameScene            - Entity added to scene
19:22:58.157 [JavaFX Application Thread] DEBUG GameScene            - Added MainViewComponent
19:22:58.157 [JavaFX Application Thread] DEBUG GameScene            - Entity added to scene
19:22:58.157 [JavaFX Application Thread] DEBUG GameScene            - Added MainViewComponent
19:22:58.157 [JavaFX Application Thread] DEBUG GameScene            - Entity added to scene
19:22:58.157 [JavaFX Application Thread] DEBUG GameScene            - Added MainViewComponent
19:22:58.157 [JavaFX Application Thread] DEBUG GameScene            - Entity added to scene
19:22:58.157 [JavaFX Application Thread] DEBUG GameScene            - Added MainViewComponent
19:22:58.158 [JavaFX Application Thread] DEBUG GameScene            - Entity added to scene
19:22:58.158 [JavaFX Application Thread] DEBUG GameScene            - Added MainViewComponent
19:22:58.158 [JavaFX Application Thread] DEBUG GameScene            - Entity added to scene
19:22:58.158 [JavaFX Application Thread] DEBUG GameScene            - Added MainViewComponent
19:22:58.158 [JavaFX Application Thread] DEBUG GameScene            - Entity added to scene
19:22:58.158 [JavaFX Application Thread] DEBUG GameScene            - Added MainViewComponent
19:22:58.158 [JavaFX Application Thread] DEBUG GameScene            - Entity added to scene
19:22:58.158 [JavaFX Application Thread] DEBUG GameScene            - Added MainViewComponent
19:22:58.158 [JavaFX Application Thread] DEBUG GameScene            - Entity added to scene
19:22:58.158 [JavaFX Application Thread] DEBUG GameScene            - Added MainViewComponent
19:22:58.159 [JavaFX Application Thread] DEBUG GameScene            - Entity added to scene
19:22:58.159 [JavaFX Application Thread] DEBUG GameScene            - Added MainViewComponent
19:22:58.159 [JavaFX Application Thread] DEBUG GameScene            - Entity added to scene
19:22:58.159 [JavaFX Application Thread] DEBUG GameScene            - Added MainViewComponent
19:22:58.159 [JavaFX Application Thread] DEBUG GameScene            - Entity added to scene
19:22:58.159 [JavaFX Application Thread] DEBUG GameScene            - Added MainViewComponent
19:22:58.159 [JavaFX Application Thread] DEBUG GameScene            - Entity added to scene
19:22:58.159 [JavaFX Application Thread] DEBUG GameScene            - Added MainViewComponent
19:22:58.159 [JavaFX Application Thread] DEBUG GameScene            - Entity added to scene
19:22:58.159 [JavaFX Application Thread] DEBUG GameScene            - Added MainViewComponent
19:22:58.160 [JavaFX Application Thread] DEBUG GameScene            - Entity added to scene
19:22:58.160 [JavaFX Application Thread] DEBUG GameScene            - Added MainViewComponent
19:22:58.160 [JavaFX Application Thread] DEBUG GameScene            - Entity added to scene
19:22:58.160 [JavaFX Application Thread] DEBUG GameScene            - Added MainViewComponent
19:22:58.160 [JavaFX Application Thread] DEBUG GameScene            - Entity added to scene
19:22:58.160 [JavaFX Application Thread] DEBUG GameScene            - Added MainViewComponent
19:22:58.160 [JavaFX Application Thread] DEBUG GameScene            - Entity added to scene
19:22:58.160 [JavaFX Application Thread] DEBUG GameScene            - Added MainViewComponent
19:22:58.161 [JavaFX Application Thread] DEBUG GameScene            - Entity added to scene
19:22:58.161 [JavaFX Application Thread] DEBUG GameScene            - Added MainViewComponent
19:22:58.161 [JavaFX Application Thread] DEBUG GameScene            - Entity added to scene
19:22:58.161 [JavaFX Application Thread] DEBUG GameScene            - Added MainViewComponent
19:22:58.161 [JavaFX Application Thread] DEBUG GameScene            - Entity added to scene
19:22:58.161 [JavaFX Application Thread] DEBUG GameScene            - Added MainViewComponent
19:22:58.162 [JavaFX Application Thread] DEBUG GameScene            - Entity added to scene
19:22:58.162 [JavaFX Application Thread] DEBUG GameScene            - Added MainViewComponent
19:22:58.162 [JavaFX Application Thread] DEBUG GameScene            - Entity added to scene
19:22:58.162 [JavaFX Application Thread] DEBUG GameScene            - Added MainViewComponent
19:22:58.162 [JavaFX Application Thread] DEBUG GameScene            - Entity added to scene
19:22:58.162 [JavaFX Application Thread] DEBUG GameScene            - Added MainViewComponent
19:22:58.162 [JavaFX Application Thread] DEBUG GameScene            - Entity added to scene
19:22:58.162 [JavaFX Application Thread] DEBUG GameScene            - Added MainViewComponent
19:22:58.163 [JavaFX Application Thread] DEBUG GameScene            - Entity added to scene
19:22:58.163 [JavaFX Application Thread] DEBUG GameScene            - Added MainViewComponent
19:22:58.163 [JavaFX Application Thread] DEBUG GameScene            - Entity added to scene
19:22:58.163 [JavaFX Application Thread] DEBUG GameScene            - Added MainViewComponent
19:22:58.163 [JavaFX Application Thread] DEBUG GameScene            - Entity added to scene
19:22:58.163 [JavaFX Application Thread] DEBUG GameScene            - Added MainViewComponent
19:22:58.163 [JavaFX Application Thread] DEBUG GameScene            - Entity added to scene
19:22:58.163 [JavaFX Application Thread] DEBUG GameScene            - Added MainViewComponent
19:22:58.164 [JavaFX Application Thread] DEBUG GameScene            - Entity added to scene
19:22:58.164 [JavaFX Application Thread] DEBUG GameScene            - Added MainViewComponent
19:22:58.164 [JavaFX Application Thread] DEBUG GameScene            - Entity added to scene
19:22:58.164 [JavaFX Application Thread] DEBUG GameScene            - Added MainViewComponent
19:22:58.164 [JavaFX Application Thread] DEBUG GameScene            - Entity added to scene
19:22:58.164 [JavaFX Application Thread] DEBUG GameScene            - Added MainViewComponent
19:22:58.164 [JavaFX Application Thread] DEBUG GameScene            - Entity added to scene
19:22:58.164 [JavaFX Application Thread] DEBUG GameScene            - Added MainViewComponent
19:22:58.164 [JavaFX Application Thread] DEBUG GameScene            - Entity added to scene
19:22:58.164 [JavaFX Application Thread] DEBUG GameScene            - Added MainViewComponent
19:22:58.165 [JavaFX Application Thread] DEBUG GameScene            - Entity added to scene
19:22:58.165 [JavaFX Application Thread] DEBUG GameScene            - Added MainViewComponent
19:22:58.165 [JavaFX Application Thread] DEBUG GameScene            - Entity added to scene
19:22:58.165 [JavaFX Application Thread] DEBUG GameScene            - Added MainViewComponent
19:22:58.165 [JavaFX Application Thread] DEBUG GameScene            - Entity added to scene
19:22:58.165 [JavaFX Application Thread] DEBUG GameScene            - Added MainViewComponent
19:22:58.165 [JavaFX Application Thread] DEBUG GameScene            - Entity added to scene
19:22:58.165 [JavaFX Application Thread] DEBUG GameScene            - Added MainViewComponent
19:22:58.165 [JavaFX Application Thread] DEBUG GameScene            - Entity added to scene
19:22:58.165 [JavaFX Application Thread] DEBUG GameScene            - Added MainViewComponent
19:22:58.165 [JavaFX Application Thread] DEBUG GameScene            - Entity added to scene
19:22:58.165 [JavaFX Application Thread] DEBUG GameScene            - Added MainViewComponent
19:22:58.166 [JavaFX Application Thread] DEBUG GameScene            - Entity added to scene
19:22:58.166 [JavaFX Application Thread] DEBUG GameScene            - Added MainViewComponent
19:24:23.267 [JavaFX Application Thread] DEBUG FXGLEventBus         - Firing event: DisplayEvent[type=CLOSE_REQUEST]
19:24:23.268 [JavaFX Application Thread] DEBUG FXGLEventBus         - Firing event: FXGLEvent[type=EXIT]
19:24:23.271 [JavaFX Application Thread] DEBUG FXGL                 - Saving FXGL system data
19:24:23.272 [JavaFX Application Thread] DEBUG IOTask               - Executing task: writeDataTask(system/fxgl.bundle)
19:24:23.273 [JavaFX Application Thread] DEBUG FS                   - Writing to: system\fxgl.bundle
19:24:23.276 [JavaFX Application Thread] DEBUG IOTask               - Task succeeded: writeDataTask(system/fxgl.bundle)
