11:21:44.428 [FXGL Launcher Thread     ] DEBUG FXGLLoggerFactory    - Service [LoggerFactory] initialized
11:21:44.433 [FXGL Launcher Thread     ] DEBUG FXGL                 - FXGL configuration complete
11:21:44.433 [FXGL Launcher Thread     ] DEBUG FXGL                 - Loading FXGL system data
11:21:44.436 [FXGL Launcher Thread     ] DEBUG IOTask               - Executing task: readDataTask(system/fxgl.bundle)
11:21:44.438 [FXGL Launcher Thread     ] DEBUG FS                   - Reading from: system\fxgl.bundle
11:21:44.443 [FXGL Launcher Thread     ] DEBUG IOTask               - Task succeeded: readDataTask(system/fxgl.bundle)
11:21:44.443 [FXGL Launcher Thread     ] DEBUG Bundle               - Logging bundle: FXGL
11:21:44.444 [FXGL Launcher Thread     ] DEBUG Bundle               - FXGL.offline.timer.version.check=2017-01-12T08:38:28.585
11:21:44.453 [FXGL Launcher Thread     ] DEBUG GameApplication      - Configuring GameApplication
11:21:44.457 [FXGL Launcher Thread     ] DEBUG FXGLExceptionHandler - Service [ExceptionHandler] initialized
11:21:44.457 [FXGL Launcher Thread     ] DEBUG FXGLEventBus         - Service [EventBus] initialized
11:21:44.460 [FXGL Launcher Thread     ] DEBUG FXGLExecutor         - Service [Executor] initialized
11:21:44.460 [FXGL Launcher Thread     ] DEBUG PreInitTask          - Injecting gameWorld & physicsWorld
11:21:44.465 [FXGL Launcher Thread     ] DEBUG GameWorld            - Game world initialized
11:21:44.501 [FXGL Launcher Thread     ] DEBUG FXGLPooler           - Service [Pooler] initialized with default size = 128
11:21:44.502 [FXGL Launcher Thread     ] DEBUG PhysicsWorld         - Physics world initialized: appHeight=700.0, physics.ppm=50.0
11:21:44.503 [FXGL Launcher Thread     ] DEBUG FXGLInput            - Service [Input] initialized
11:21:44.521 [FXGL Launcher Thread     ] DEBUG FXGLInput            - Registered new binding: Screenshot - P
11:21:44.521 [FXGL Launcher Thread     ] DEBUG FXGLInput            - Registered new binding: Dev Options - CTRL+0
11:21:44.522 [FXGL Launcher Thread     ] DEBUG FXGLInput            - Registered new binding: Move With Mouse - PRIMARY
11:21:44.546 [FXGL Launcher Thread     ] DEBUG GameScene            - Game scene initialized: 800.0x700.0
11:21:44.552 [FXGL Launcher Thread     ] DEBUG FXGLAssetLoader      - Service [AssetLoader] initialized: cacheSize=35
11:21:44.555 [FXGL Launcher Thread     ] DEBUG FXGLAssetLoader      - Loading from disk: /assets/sounds/system/notification.wav
11:21:44.578 [FXGL Launcher Thread     ] DEBUG FXGLAssetLoader      - Loading from disk: /assets/sounds/menu/select.wav
11:21:44.579 [FXGL Launcher Thread     ] DEBUG FXGLAssetLoader      - Loading from disk: /assets/sounds/menu/back.wav
11:21:44.581 [FXGL Launcher Thread     ] DEBUG FXGLAssetLoader      - Loading from disk: /assets/sounds/menu/press.wav
11:21:44.583 [FXGL Launcher Thread     ] DEBUG FXGLAssetLoader      - Loading from disk: /assets/ui/fonts/Copperplate_Gothic_Light_Regular.ttf
11:21:44.664 [FXGL Launcher Thread     ] DEBUG FXGLAssetLoader      - Loading from disk: /assets/ui/css/fxgl.css
11:21:44.664 [FXGL Launcher Thread     ] DEBUG FXGLAssetLoader      - Loading from disk: /assets/ui/icons/fxgl_icon.png
11:21:44.693 [FXGL Launcher Thread     ] DEBUG FXGLAssetLoader      - Loading from disk: /assets/ui/css/fxgl_dark.css
11:21:44.703 [FXGL Launcher Thread     ] DEBUG FXGLDisplay          - Target size: DoubleProperty [value: 800.0] x DoubleProperty [value: 700.0] @ 1.0
11:21:44.703 [FXGL Launcher Thread     ] DEBUG FXGLDisplay          - New size:    800.0 x 700.0 @ DoubleProperty [value: 1.0]
11:21:44.704 [FXGL Launcher Thread     ] DEBUG FXGLDisplay          - Service [Display] initialized
11:21:44.704 [FXGL Launcher Thread     ] DEBUG FXGLDisplay          - Using CSS: CSS(externalForm=jar:file:/C:/Users/Mack/Documents/NetBeansProjects/MotherLoadProject/MotherLoad/lib/fxgl-0.2.9-uber.jar!/assets/ui/css/fxgl_dark.css)
11:21:44.704 [FXGL Launcher Thread     ] DEBUG InitScenesTask       - Injecting loadingScene & gameScene
11:21:44.731 [FXGL Launcher Thread     ] DEBUG FXGLMasterTimer      - Service [MasterTimer] initialized
11:21:44.734 [FXGL Launcher Thread     ] DEBUG FXGLAudioPlayer      - Service [AudioPlayer] initialized
11:21:44.741 [FXGL Launcher Thread     ] DEBUG InitProfilerTask     - Injecting profiler
11:21:44.741 [FXGL Launcher Thread     ] DEBUG GameApplication      - Starting new game
11:21:44.743 [FXGL Launcher Thread     ] DEBUG GameApplication      - Initializing App
11:21:44.744 [FXGL Launcher Thread     ] DEBUG FXGLInput            - Clearing active input actions
11:21:44.744 [FXGL Launcher Thread     ] DEBUG FXGLMasterTimer      - Stopping master timer
11:21:44.744 [FXGL Launcher Thread     ] DEBUG GameApplication      - State: STARTUP -> PAUSED
11:21:44.745 [FXGL Launcher Thread     ] DEBUG FXGLEventBus         - Firing event: FXGLEvent[type=PAUSE]
11:21:44.746 [FXGL Launcher Thread     ] DEBUG FXGLInput            - Clearing active input actions
11:21:44.746 [FXGL Launcher Thread     ] DEBUG FXGLMasterTimer      - Resetting ticks and clearing all actions
11:21:44.746 [FXGL Launcher Thread     ] DEBUG GameWorld            - Resetting game world
11:21:44.746 [FXGL Launcher Thread     ] TRACE EntityWorld          - Resetting entity world
11:21:44.747 [FXGL Launcher Thread     ] DEBUG PhysicsWorld         - Resetting physics world
11:21:44.747 [FXGL Launcher Thread     ] DEBUG GameScene            - Resetting game scene
11:21:44.747 [FXGL Launcher Thread     ] DEBUG FXGLEventBus         - Firing event: FXGLEvent[type=RESET]
11:21:44.814 [FXGL Launcher Thread     ] DEBUG GameApplication      - State: PAUSED -> LOADING
11:21:44.843 [FXGL Background Thread 1 ] DEBUG InitAppTask          - Initializing Assets
11:21:44.844 [FXGL Background Thread 1 ] DEBUG InitAppTask          - Initializing Game
11:21:44.858 [FXGL Background Thread 1 ] DEBUG FXGLAssetLoader      - Loading from disk: /assets/textures/PlayerLeft.png
11:21:44.865 [FXGL Background Thread 1 ] DEBUG InitAppTask          - Initializing Physics
11:21:44.865 [FXGL Background Thread 1 ] DEBUG InitAppTask          - Initializing UI
11:21:44.865 [FXGL Background Thread 1 ] DEBUG InitAppTask          - Initialization Complete
11:21:44.905 [JavaFX Application Thread] DEBUG FXGLDisplay          - Showing stage
11:21:44.905 [JavaFX Application Thread] DEBUG FXGLDisplay          - Root size: 800.0x700.0
11:21:44.905 [JavaFX Application Thread] DEBUG FXGLDisplay          - Scene size: 800.0x700.0
11:21:44.905 [JavaFX Application Thread] DEBUG FXGLDisplay          - Stage size: 816.0x739.0
11:21:44.976 [JavaFX Application Thread] DEBUG FXGLInput            - Clearing active input actions
11:21:44.977 [JavaFX Application Thread] DEBUG FXGLMasterTimer      - Starting master timer
11:21:44.977 [JavaFX Application Thread] DEBUG GameApplication      - State: LOADING -> PLAYING
11:21:44.981 [JavaFX Application Thread] DEBUG FXGLEventBus         - Firing event: FXGLEvent[type=RESUME]
11:21:44.986 [JavaFX Application Thread] DEBUG GameScene            - Entity added to scene
11:21:44.987 [JavaFX Application Thread] DEBUG GameScene            - Added MainViewComponent
11:21:44.989 [JavaFX Application Thread] DEBUG GameScene            - Creating render group for layer: TOP(2147483647)
11:23:31.558 [JavaFX Application Thread] DEBUG FXGLEventBus         - Firing event: DisplayEvent[type=CLOSE_REQUEST]
11:23:31.560 [JavaFX Application Thread] DEBUG FXGLEventBus         - Firing event: FXGLEvent[type=EXIT]
11:23:31.569 [JavaFX Application Thread] DEBUG FXGL                 - Saving FXGL system data
11:23:31.572 [JavaFX Application Thread] DEBUG IOTask               - Executing task: writeDataTask(system/fxgl.bundle)
11:23:31.577 [JavaFX Application Thread] DEBUG FS                   - Writing to: system\fxgl.bundle
11:23:31.586 [JavaFX Application Thread] DEBUG IOTask               - Task succeeded: writeDataTask(system/fxgl.bundle)
