12:48:27.363 [FXGL Launcher Thread     ] DEBUG FXGLLoggerFactory    - Service [LoggerFactory] initialized
12:48:27.367 [FXGL Launcher Thread     ] DEBUG FXGL                 - FXGL configuration complete
12:48:27.367 [FXGL Launcher Thread     ] DEBUG FXGL                 - Loading FXGL system data
12:48:27.371 [FXGL Launcher Thread     ] DEBUG IOTask               - Executing task: readDataTask(system/fxgl.bundle)
12:48:27.373 [FXGL Launcher Thread     ] DEBUG FS                   - Reading from: system\fxgl.bundle
12:48:27.378 [FXGL Launcher Thread     ] DEBUG IOTask               - Task succeeded: readDataTask(system/fxgl.bundle)
12:48:27.378 [FXGL Launcher Thread     ] DEBUG Bundle               - Logging bundle: FXGL
12:48:27.379 [FXGL Launcher Thread     ] DEBUG Bundle               - FXGL.offline.timer.version.check=2017-01-12T08:38:28.585
12:48:27.386 [FXGL Launcher Thread     ] DEBUG GameApplication      - Configuring GameApplication
12:48:27.389 [FXGL Launcher Thread     ] DEBUG FXGLExceptionHandler - Service [ExceptionHandler] initialized
12:48:27.390 [FXGL Launcher Thread     ] DEBUG FXGLEventBus         - Service [EventBus] initialized
12:48:27.393 [FXGL Launcher Thread     ] DEBUG FXGLExecutor         - Service [Executor] initialized
12:48:27.393 [FXGL Launcher Thread     ] DEBUG PreInitTask          - Injecting gameWorld & physicsWorld
12:48:27.397 [FXGL Launcher Thread     ] DEBUG GameWorld            - Game world initialized
12:48:27.429 [FXGL Launcher Thread     ] DEBUG FXGLPooler           - Service [Pooler] initialized with default size = 128
12:48:27.429 [FXGL Launcher Thread     ] DEBUG PhysicsWorld         - Physics world initialized: appHeight=700.0, physics.ppm=50.0
12:48:27.430 [FXGL Launcher Thread     ] DEBUG FXGLInput            - Service [Input] initialized
12:48:27.445 [FXGL Launcher Thread     ] DEBUG FXGLInput            - Registered new binding: Screenshot - P
12:48:27.446 [FXGL Launcher Thread     ] DEBUG FXGLInput            - Registered new binding: Dev Options - CTRL+0
12:48:27.446 [FXGL Launcher Thread     ] DEBUG FXGLInput            - Registered new binding: Move With Mouse - PRIMARY
12:48:27.446 [FXGL Launcher Thread     ] DEBUG FXGLInput            - Registered new binding: Move up - W
12:48:27.447 [FXGL Launcher Thread     ] DEBUG FXGLInput            - Registered new binding: Open Fuel Shop - 1
12:48:27.447 [FXGL Launcher Thread     ] DEBUG FXGLInput            - Registered new binding: Open Sell - 2
12:48:27.470 [FXGL Launcher Thread     ] DEBUG GameScene            - Game scene initialized: 800.0x700.0
12:48:27.475 [FXGL Launcher Thread     ] DEBUG FXGLAssetLoader      - Service [AssetLoader] initialized: cacheSize=35
12:48:27.476 [FXGL Launcher Thread     ] DEBUG FXGLAssetLoader      - Loading from disk: /assets/sounds/system/notification.wav
12:48:27.498 [FXGL Launcher Thread     ] DEBUG FXGLAssetLoader      - Loading from disk: /assets/sounds/menu/select.wav
12:48:27.499 [FXGL Launcher Thread     ] DEBUG FXGLAssetLoader      - Loading from disk: /assets/sounds/menu/back.wav
12:48:27.501 [FXGL Launcher Thread     ] DEBUG FXGLAssetLoader      - Loading from disk: /assets/sounds/menu/press.wav
12:48:27.502 [FXGL Launcher Thread     ] DEBUG FXGLAssetLoader      - Loading from disk: /assets/ui/fonts/Copperplate_Gothic_Light_Regular.ttf
12:48:27.635 [FXGL Launcher Thread     ] DEBUG FXGLAssetLoader      - Loading from disk: /assets/ui/css/fxgl.css
12:48:27.635 [FXGL Launcher Thread     ] DEBUG FXGLAssetLoader      - Loading from disk: /assets/ui/icons/fxgl_icon.png
12:48:27.666 [FXGL Launcher Thread     ] DEBUG FXGLAssetLoader      - Loading from disk: /assets/ui/css/fxgl_war3.css
12:48:27.674 [FXGL Launcher Thread     ] DEBUG FXGLDisplay          - Target size: DoubleProperty [value: 800.0] x DoubleProperty [value: 700.0] @ 1.0
12:48:27.674 [FXGL Launcher Thread     ] DEBUG FXGLDisplay          - New size:    800.0 x 700.0 @ DoubleProperty [value: 1.0]
12:48:27.675 [FXGL Launcher Thread     ] DEBUG FXGLDisplay          - Service [Display] initialized
12:48:27.675 [FXGL Launcher Thread     ] DEBUG FXGLDisplay          - Using CSS: CSS(externalForm=jar:file:/I:/Documents/NetBeansProjects/MotherLoad/MotherLoad/lib/fxgl-0.2.9-uber.jar!/assets/ui/css/fxgl_war3.css)
12:48:27.675 [FXGL Launcher Thread     ] DEBUG InitScenesTask       - Injecting loadingScene & gameScene
12:48:27.696 [FXGL Launcher Thread     ] DEBUG FXGLMasterTimer      - Service [MasterTimer] initialized
12:48:27.698 [FXGL Launcher Thread     ] DEBUG FXGLAudioPlayer      - Service [AudioPlayer] initialized
12:48:27.705 [FXGL Launcher Thread     ] DEBUG InitProfilerTask     - Injecting profiler
12:48:27.705 [FXGL Launcher Thread     ] DEBUG GameApplication      - Starting new game
12:48:27.706 [FXGL Launcher Thread     ] DEBUG GameApplication      - Initializing App
12:48:27.707 [FXGL Launcher Thread     ] DEBUG FXGLInput            - Clearing active input actions
12:48:27.708 [FXGL Launcher Thread     ] DEBUG FXGLMasterTimer      - Stopping master timer
12:48:27.708 [FXGL Launcher Thread     ] DEBUG GameApplication      - State: STARTUP -> PAUSED
12:48:27.708 [FXGL Launcher Thread     ] DEBUG FXGLEventBus         - Firing event: FXGLEvent[type=PAUSE]
12:48:27.710 [FXGL Launcher Thread     ] DEBUG FXGLInput            - Clearing active input actions
12:48:27.710 [FXGL Launcher Thread     ] DEBUG FXGLMasterTimer      - Resetting ticks and clearing all actions
12:48:27.710 [FXGL Launcher Thread     ] DEBUG GameWorld            - Resetting game world
12:48:27.710 [FXGL Launcher Thread     ] TRACE EntityWorld          - Resetting entity world
12:48:27.711 [FXGL Launcher Thread     ] DEBUG PhysicsWorld         - Resetting physics world
12:48:27.711 [FXGL Launcher Thread     ] DEBUG GameScene            - Resetting game scene
12:48:27.711 [FXGL Launcher Thread     ] DEBUG FXGLEventBus         - Firing event: FXGLEvent[type=RESET]
12:48:28.116 [FXGL Launcher Thread     ] DEBUG GameApplication      - State: PAUSED -> LOADING
12:48:28.139 [FXGL Background Thread 1 ] DEBUG InitAppTask          - Initializing Assets
12:48:28.140 [FXGL Background Thread 1 ] DEBUG InitAppTask          - Initializing Game
12:48:28.158 [FXGL Background Thread 1 ] DEBUG InitAppTask          - Initializing Physics
12:48:28.159 [FXGL Background Thread 1 ] DEBUG InitAppTask          - Initializing UI
12:48:28.159 [FXGL Background Thread 1 ] DEBUG InitAppTask          - Initialization Complete
12:48:28.179 [JavaFX Application Thread] DEBUG FXGLDisplay          - Showing stage
12:48:28.179 [JavaFX Application Thread] DEBUG FXGLDisplay          - Root size: 800.0x700.0
12:48:28.179 [JavaFX Application Thread] DEBUG FXGLDisplay          - Scene size: 800.0x700.0
12:48:28.179 [JavaFX Application Thread] DEBUG FXGLDisplay          - Stage size: 816.0x739.0
12:48:28.234 [JavaFX Application Thread] DEBUG FXGLInput            - Clearing active input actions
12:48:28.234 [JavaFX Application Thread] DEBUG FXGLMasterTimer      - Starting master timer
12:48:28.234 [JavaFX Application Thread] DEBUG GameApplication      - State: LOADING -> PLAYING
12:48:28.238 [JavaFX Application Thread] DEBUG FXGLEventBus         - Firing event: FXGLEvent[type=RESUME]
12:48:28.240 [JavaFX Application Thread] DEBUG GameScene            - Entity added to scene
12:48:28.240 [JavaFX Application Thread] DEBUG GameScene            - Added MainViewComponent
12:48:28.242 [JavaFX Application Thread] DEBUG GameScene            - Creating render group for layer: TOP(2147483647)
12:48:28.289 [JavaFX Application Thread] DEBUG FXGLAssetLoader      - Loading from disk: /assets/textures/Ground0.png
12:48:28.292 [JavaFX Application Thread] DEBUG FXGLAssetLoader      - Loading from cache: /assets/textures/Ground0.png
12:48:28.293 [JavaFX Application Thread] DEBUG FXGLAssetLoader      - Loading from cache: /assets/textures/Ground0.png
12:48:28.293 [JavaFX Application Thread] DEBUG FXGLAssetLoader      - Loading from cache: /assets/textures/Ground0.png
12:48:28.294 [JavaFX Application Thread] DEBUG FXGLAssetLoader      - Loading from cache: /assets/textures/Ground0.png
12:48:28.294 [JavaFX Application Thread] DEBUG FXGLAssetLoader      - Loading from cache: /assets/textures/Ground0.png
12:48:28.295 [JavaFX Application Thread] DEBUG FXGLAssetLoader      - Loading from cache: /assets/textures/Ground0.png
12:48:28.295 [JavaFX Application Thread] DEBUG FXGLAssetLoader      - Loading from cache: /assets/textures/Ground0.png
12:48:28.296 [JavaFX Application Thread] DEBUG FXGLAssetLoader      - Loading from cache: /assets/textures/Ground0.png
12:48:28.296 [JavaFX Application Thread] DEBUG FXGLAssetLoader      - Loading from cache: /assets/textures/Ground0.png
12:48:28.297 [JavaFX Application Thread] DEBUG FXGLAssetLoader      - Loading from cache: /assets/textures/Ground0.png
12:48:28.297 [JavaFX Application Thread] DEBUG FXGLAssetLoader      - Loading from cache: /assets/textures/Ground0.png
12:48:28.298 [JavaFX Application Thread] DEBUG FXGLAssetLoader      - Loading from cache: /assets/textures/Ground0.png
12:48:28.298 [JavaFX Application Thread] DEBUG FXGLAssetLoader      - Loading from cache: /assets/textures/Ground0.png
12:48:28.299 [JavaFX Application Thread] DEBUG FXGLAssetLoader      - Loading from cache: /assets/textures/Ground0.png
12:48:28.299 [JavaFX Application Thread] DEBUG FXGLAssetLoader      - Loading from cache: /assets/textures/Ground0.png
12:48:28.300 [JavaFX Application Thread] DEBUG FXGLAssetLoader      - Loading from cache: /assets/textures/Ground0.png
12:48:28.300 [JavaFX Application Thread] DEBUG FXGLAssetLoader      - Loading from cache: /assets/textures/Ground0.png
12:48:28.301 [JavaFX Application Thread] DEBUG FXGLAssetLoader      - Loading from cache: /assets/textures/Ground0.png
12:48:28.301 [JavaFX Application Thread] DEBUG FXGLAssetLoader      - Loading from cache: /assets/textures/Ground0.png
12:48:28.301 [JavaFX Application Thread] DEBUG FXGLAssetLoader      - Loading from cache: /assets/textures/Ground0.png
12:48:28.302 [JavaFX Application Thread] DEBUG FXGLAssetLoader      - Loading from cache: /assets/textures/Ground0.png
12:48:28.302 [JavaFX Application Thread] DEBUG FXGLAssetLoader      - Loading from cache: /assets/textures/Ground0.png
12:48:28.303 [JavaFX Application Thread] DEBUG FXGLAssetLoader      - Loading from cache: /assets/textures/Ground0.png
12:48:28.303 [JavaFX Application Thread] DEBUG FXGLAssetLoader      - Loading from cache: /assets/textures/Ground0.png
12:48:28.304 [JavaFX Application Thread] DEBUG FXGLAssetLoader      - Loading from cache: /assets/textures/Ground0.png
12:48:28.304 [JavaFX Application Thread] DEBUG FXGLAssetLoader      - Loading from cache: /assets/textures/Ground0.png
12:48:28.305 [JavaFX Application Thread] DEBUG FXGLAssetLoader      - Loading from cache: /assets/textures/Ground0.png
12:48:28.305 [JavaFX Application Thread] DEBUG FXGLAssetLoader      - Loading from cache: /assets/textures/Ground0.png
12:48:28.306 [JavaFX Application Thread] DEBUG FXGLAssetLoader      - Loading from cache: /assets/textures/Ground0.png
12:48:28.306 [JavaFX Application Thread] DEBUG FXGLAssetLoader      - Loading from cache: /assets/textures/Ground0.png
12:48:28.306 [JavaFX Application Thread] DEBUG FXGLAssetLoader      - Loading from cache: /assets/textures/Ground0.png
12:48:28.307 [JavaFX Application Thread] DEBUG FXGLAssetLoader      - Loading from cache: /assets/textures/Ground0.png
12:48:28.307 [JavaFX Application Thread] DEBUG FXGLAssetLoader      - Loading from cache: /assets/textures/Ground0.png
12:48:28.308 [JavaFX Application Thread] DEBUG FXGLAssetLoader      - Loading from cache: /assets/textures/Ground0.png
12:48:28.308 [JavaFX Application Thread] DEBUG FXGLAssetLoader      - Loading from cache: /assets/textures/Ground0.png
12:48:28.312 [JavaFX Application Thread] DEBUG GameScene            - Entity added to scene
12:48:28.312 [JavaFX Application Thread] DEBUG GameScene            - Added MainViewComponent
12:48:28.313 [JavaFX Application Thread] DEBUG GameScene            - Entity added to scene
12:48:28.313 [JavaFX Application Thread] DEBUG GameScene            - Added MainViewComponent
12:48:28.314 [JavaFX Application Thread] DEBUG GameScene            - Entity added to scene
12:48:28.314 [JavaFX Application Thread] DEBUG GameScene            - Added MainViewComponent
12:48:28.314 [JavaFX Application Thread] DEBUG GameScene            - Entity added to scene
12:48:28.314 [JavaFX Application Thread] DEBUG GameScene            - Added MainViewComponent
12:48:28.314 [JavaFX Application Thread] DEBUG GameScene            - Entity added to scene
12:48:28.314 [JavaFX Application Thread] DEBUG GameScene            - Added MainViewComponent
12:48:28.314 [JavaFX Application Thread] DEBUG GameScene            - Entity added to scene
12:48:28.314 [JavaFX Application Thread] DEBUG GameScene            - Added MainViewComponent
12:48:28.315 [JavaFX Application Thread] DEBUG GameScene            - Entity added to scene
12:48:28.315 [JavaFX Application Thread] DEBUG GameScene            - Added MainViewComponent
12:48:28.315 [JavaFX Application Thread] DEBUG GameScene            - Entity added to scene
12:48:28.315 [JavaFX Application Thread] DEBUG GameScene            - Added MainViewComponent
12:48:28.315 [JavaFX Application Thread] DEBUG GameScene            - Entity added to scene
12:48:28.315 [JavaFX Application Thread] DEBUG GameScene            - Added MainViewComponent
12:48:28.315 [JavaFX Application Thread] DEBUG GameScene            - Entity added to scene
12:48:28.316 [JavaFX Application Thread] DEBUG GameScene            - Added MainViewComponent
12:48:28.316 [JavaFX Application Thread] DEBUG GameScene            - Entity added to scene
12:48:28.316 [JavaFX Application Thread] DEBUG GameScene            - Added MainViewComponent
12:48:28.316 [JavaFX Application Thread] DEBUG GameScene            - Entity added to scene
12:48:28.316 [JavaFX Application Thread] DEBUG GameScene            - Added MainViewComponent
12:48:28.316 [JavaFX Application Thread] DEBUG GameScene            - Entity added to scene
12:48:28.316 [JavaFX Application Thread] DEBUG GameScene            - Added MainViewComponent
12:48:28.317 [JavaFX Application Thread] DEBUG GameScene            - Entity added to scene
12:48:28.317 [JavaFX Application Thread] DEBUG GameScene            - Added MainViewComponent
12:48:28.317 [JavaFX Application Thread] DEBUG GameScene            - Entity added to scene
12:48:28.317 [JavaFX Application Thread] DEBUG GameScene            - Added MainViewComponent
12:48:28.317 [JavaFX Application Thread] DEBUG GameScene            - Entity added to scene
12:48:28.317 [JavaFX Application Thread] DEBUG GameScene            - Added MainViewComponent
12:48:28.317 [JavaFX Application Thread] DEBUG GameScene            - Entity added to scene
12:48:28.317 [JavaFX Application Thread] DEBUG GameScene            - Added MainViewComponent
12:48:28.318 [JavaFX Application Thread] DEBUG GameScene            - Entity added to scene
12:48:28.318 [JavaFX Application Thread] DEBUG GameScene            - Added MainViewComponent
12:48:28.318 [JavaFX Application Thread] DEBUG GameScene            - Entity added to scene
12:48:28.318 [JavaFX Application Thread] DEBUG GameScene            - Added MainViewComponent
12:48:28.318 [JavaFX Application Thread] DEBUG GameScene            - Entity added to scene
12:48:28.318 [JavaFX Application Thread] DEBUG GameScene            - Added MainViewComponent
12:48:28.318 [JavaFX Application Thread] DEBUG GameScene            - Entity added to scene
12:48:28.318 [JavaFX Application Thread] DEBUG GameScene            - Added MainViewComponent
12:48:28.318 [JavaFX Application Thread] DEBUG GameScene            - Entity added to scene
12:48:28.318 [JavaFX Application Thread] DEBUG GameScene            - Added MainViewComponent
12:48:28.319 [JavaFX Application Thread] DEBUG GameScene            - Entity added to scene
12:48:28.319 [JavaFX Application Thread] DEBUG GameScene            - Added MainViewComponent
12:48:28.319 [JavaFX Application Thread] DEBUG GameScene            - Entity added to scene
12:48:28.319 [JavaFX Application Thread] DEBUG GameScene            - Added MainViewComponent
12:48:28.319 [JavaFX Application Thread] DEBUG GameScene            - Entity added to scene
12:48:28.319 [JavaFX Application Thread] DEBUG GameScene            - Added MainViewComponent
12:48:28.319 [JavaFX Application Thread] DEBUG GameScene            - Entity added to scene
12:48:28.319 [JavaFX Application Thread] DEBUG GameScene            - Added MainViewComponent
12:48:28.320 [JavaFX Application Thread] DEBUG GameScene            - Entity added to scene
12:48:28.320 [JavaFX Application Thread] DEBUG GameScene            - Added MainViewComponent
12:48:28.320 [JavaFX Application Thread] DEBUG GameScene            - Entity added to scene
12:48:28.320 [JavaFX Application Thread] DEBUG GameScene            - Added MainViewComponent
12:48:28.320 [JavaFX Application Thread] DEBUG GameScene            - Entity added to scene
12:48:28.320 [JavaFX Application Thread] DEBUG GameScene            - Added MainViewComponent
12:48:28.320 [JavaFX Application Thread] DEBUG GameScene            - Entity added to scene
12:48:28.320 [JavaFX Application Thread] DEBUG GameScene            - Added MainViewComponent
12:48:28.320 [JavaFX Application Thread] DEBUG GameScene            - Entity added to scene
12:48:28.321 [JavaFX Application Thread] DEBUG GameScene            - Added MainViewComponent
12:48:28.321 [JavaFX Application Thread] DEBUG GameScene            - Entity added to scene
12:48:28.321 [JavaFX Application Thread] DEBUG GameScene            - Added MainViewComponent
12:48:28.321 [JavaFX Application Thread] DEBUG GameScene            - Entity added to scene
12:48:28.321 [JavaFX Application Thread] DEBUG GameScene            - Added MainViewComponent
12:48:28.321 [JavaFX Application Thread] DEBUG GameScene            - Entity added to scene
12:48:28.321 [JavaFX Application Thread] DEBUG GameScene            - Added MainViewComponent
12:48:28.321 [JavaFX Application Thread] DEBUG GameScene            - Entity added to scene
12:48:28.321 [JavaFX Application Thread] DEBUG GameScene            - Added MainViewComponent
12:48:28.322 [JavaFX Application Thread] DEBUG GameScene            - Entity added to scene
12:48:28.322 [JavaFX Application Thread] DEBUG GameScene            - Added MainViewComponent
12:48:28.523 [JavaFX Application Thread] DEBUG FXGLAssetLoader      - Loading from cache: /assets/textures/Ground0.png
12:48:28.524 [JavaFX Application Thread] DEBUG FXGLAssetLoader      - Loading from cache: /assets/textures/Ground0.png
12:48:28.525 [JavaFX Application Thread] DEBUG FXGLAssetLoader      - Loading from cache: /assets/textures/Ground0.png
12:48:28.526 [JavaFX Application Thread] DEBUG FXGLAssetLoader      - Loading from cache: /assets/textures/Ground0.png
12:48:28.528 [JavaFX Application Thread] DEBUG FXGLAssetLoader      - Loading from cache: /assets/textures/Ground0.png
12:48:28.529 [JavaFX Application Thread] DEBUG FXGLAssetLoader      - Loading from cache: /assets/textures/Ground0.png
12:48:28.530 [JavaFX Application Thread] DEBUG FXGLAssetLoader      - Loading from cache: /assets/textures/Ground0.png
12:48:28.531 [JavaFX Application Thread] DEBUG FXGLAssetLoader      - Loading from cache: /assets/textures/Ground0.png
12:48:28.531 [JavaFX Application Thread] DEBUG FXGLAssetLoader      - Loading from cache: /assets/textures/Ground0.png
12:48:28.532 [JavaFX Application Thread] DEBUG FXGLAssetLoader      - Loading from cache: /assets/textures/Ground0.png
12:48:28.534 [JavaFX Application Thread] DEBUG FXGLAssetLoader      - Loading from cache: /assets/textures/Ground0.png
12:48:28.535 [JavaFX Application Thread] DEBUG FXGLAssetLoader      - Loading from cache: /assets/textures/Ground0.png
12:48:28.537 [JavaFX Application Thread] DEBUG GameScene            - Entity added to scene
12:48:28.537 [JavaFX Application Thread] DEBUG GameScene            - Added MainViewComponent
12:48:28.538 [JavaFX Application Thread] DEBUG GameScene            - Entity added to scene
12:48:28.538 [JavaFX Application Thread] DEBUG GameScene            - Added MainViewComponent
12:48:28.538 [JavaFX Application Thread] DEBUG GameScene            - Entity added to scene
12:48:28.538 [JavaFX Application Thread] DEBUG GameScene            - Added MainViewComponent
12:48:28.539 [JavaFX Application Thread] DEBUG GameScene            - Entity added to scene
12:48:28.539 [JavaFX Application Thread] DEBUG GameScene            - Added MainViewComponent
12:48:28.539 [JavaFX Application Thread] DEBUG GameScene            - Entity added to scene
12:48:28.539 [JavaFX Application Thread] DEBUG GameScene            - Added MainViewComponent
12:48:28.539 [JavaFX Application Thread] DEBUG GameScene            - Entity added to scene
12:48:28.540 [JavaFX Application Thread] DEBUG GameScene            - Added MainViewComponent
12:48:28.540 [JavaFX Application Thread] DEBUG GameScene            - Entity added to scene
12:48:28.540 [JavaFX Application Thread] DEBUG GameScene            - Added MainViewComponent
12:48:28.541 [JavaFX Application Thread] DEBUG GameScene            - Entity added to scene
12:48:28.541 [JavaFX Application Thread] DEBUG GameScene            - Added MainViewComponent
12:48:28.541 [JavaFX Application Thread] DEBUG GameScene            - Entity added to scene
12:48:28.541 [JavaFX Application Thread] DEBUG GameScene            - Added MainViewComponent
12:48:28.542 [JavaFX Application Thread] DEBUG GameScene            - Entity added to scene
12:48:28.542 [JavaFX Application Thread] DEBUG GameScene            - Added MainViewComponent
12:48:28.542 [JavaFX Application Thread] DEBUG GameScene            - Entity added to scene
12:48:28.543 [JavaFX Application Thread] DEBUG GameScene            - Added MainViewComponent
12:48:28.543 [JavaFX Application Thread] DEBUG GameScene            - Entity added to scene
12:48:28.543 [JavaFX Application Thread] DEBUG GameScene            - Added MainViewComponent
12:48:28.758 [JavaFX Application Thread] DEBUG FXGLAssetLoader      - Loading from cache: /assets/textures/Ground0.png
12:48:28.758 [JavaFX Application Thread] DEBUG FXGLAssetLoader      - Loading from cache: /assets/textures/Ground0.png
12:48:28.759 [JavaFX Application Thread] DEBUG FXGLAssetLoader      - Loading from disk: /assets/textures/Ground1.png
12:48:28.761 [JavaFX Application Thread] DEBUG FXGLAssetLoader      - Loading from cache: /assets/textures/Ground0.png
12:48:28.761 [JavaFX Application Thread] DEBUG FXGLAssetLoader      - Loading from cache: /assets/textures/Ground0.png
12:48:28.762 [JavaFX Application Thread] DEBUG FXGLAssetLoader      - Loading from cache: /assets/textures/Ground0.png
12:48:28.762 [JavaFX Application Thread] DEBUG FXGLAssetLoader      - Loading from cache: /assets/textures/Ground0.png
12:48:28.763 [JavaFX Application Thread] DEBUG FXGLAssetLoader      - Loading from cache: /assets/textures/Ground0.png
12:48:28.763 [JavaFX Application Thread] DEBUG FXGLAssetLoader      - Loading from cache: /assets/textures/Ground0.png
12:48:28.764 [JavaFX Application Thread] DEBUG FXGLAssetLoader      - Loading from cache: /assets/textures/Ground0.png
12:48:28.764 [JavaFX Application Thread] DEBUG FXGLAssetLoader      - Loading from cache: /assets/textures/Ground1.png
12:48:28.764 [JavaFX Application Thread] DEBUG FXGLAssetLoader      - Loading from cache: /assets/textures/Ground0.png
12:48:28.766 [JavaFX Application Thread] DEBUG GameScene            - Entity added to scene
12:48:28.766 [JavaFX Application Thread] DEBUG GameScene            - Added MainViewComponent
12:48:28.766 [JavaFX Application Thread] DEBUG GameScene            - Entity added to scene
12:48:28.766 [JavaFX Application Thread] DEBUG GameScene            - Added MainViewComponent
12:48:28.766 [JavaFX Application Thread] DEBUG GameScene            - Entity added to scene
12:48:28.766 [JavaFX Application Thread] DEBUG GameScene            - Added MainViewComponent
12:48:28.766 [JavaFX Application Thread] DEBUG GameScene            - Entity added to scene
12:48:28.766 [JavaFX Application Thread] DEBUG GameScene            - Added MainViewComponent
12:48:28.767 [JavaFX Application Thread] DEBUG GameScene            - Entity added to scene
12:48:28.767 [JavaFX Application Thread] DEBUG GameScene            - Added MainViewComponent
12:48:28.767 [JavaFX Application Thread] DEBUG GameScene            - Entity added to scene
12:48:28.767 [JavaFX Application Thread] DEBUG GameScene            - Added MainViewComponent
12:48:28.767 [JavaFX Application Thread] DEBUG GameScene            - Entity added to scene
12:48:28.767 [JavaFX Application Thread] DEBUG GameScene            - Added MainViewComponent
12:48:28.767 [JavaFX Application Thread] DEBUG GameScene            - Entity added to scene
12:48:28.767 [JavaFX Application Thread] DEBUG GameScene            - Added MainViewComponent
12:48:28.767 [JavaFX Application Thread] DEBUG GameScene            - Entity added to scene
12:48:28.767 [JavaFX Application Thread] DEBUG GameScene            - Added MainViewComponent
12:48:28.767 [JavaFX Application Thread] DEBUG GameScene            - Entity added to scene
12:48:28.767 [JavaFX Application Thread] DEBUG GameScene            - Added MainViewComponent
12:48:28.768 [JavaFX Application Thread] DEBUG GameScene            - Entity added to scene
12:48:28.768 [JavaFX Application Thread] DEBUG GameScene            - Added MainViewComponent
12:48:28.768 [JavaFX Application Thread] DEBUG GameScene            - Entity added to scene
12:48:28.768 [JavaFX Application Thread] DEBUG GameScene            - Added MainViewComponent
12:48:28.883 [JavaFX Application Thread] DEBUG FXGLAssetLoader      - Loading from cache: /assets/textures/Ground0.png
12:48:28.883 [JavaFX Application Thread] DEBUG FXGLAssetLoader      - Loading from cache: /assets/textures/Ground0.png
12:48:28.884 [JavaFX Application Thread] DEBUG FXGLAssetLoader      - Loading from cache: /assets/textures/Ground0.png
12:48:28.884 [JavaFX Application Thread] DEBUG FXGLAssetLoader      - Loading from cache: /assets/textures/Ground0.png
12:48:28.884 [JavaFX Application Thread] DEBUG FXGLAssetLoader      - Loading from cache: /assets/textures/Ground0.png
12:48:28.885 [JavaFX Application Thread] DEBUG FXGLAssetLoader      - Loading from cache: /assets/textures/Ground0.png
12:48:28.885 [JavaFX Application Thread] DEBUG FXGLAssetLoader      - Loading from cache: /assets/textures/Ground0.png
12:48:28.886 [JavaFX Application Thread] DEBUG FXGLAssetLoader      - Loading from cache: /assets/textures/Ground0.png
12:48:28.886 [JavaFX Application Thread] DEBUG FXGLAssetLoader      - Loading from cache: /assets/textures/Ground0.png
12:48:28.887 [JavaFX Application Thread] DEBUG FXGLAssetLoader      - Loading from cache: /assets/textures/Ground0.png
12:48:28.887 [JavaFX Application Thread] DEBUG FXGLAssetLoader      - Loading from cache: /assets/textures/Ground0.png
12:48:28.888 [JavaFX Application Thread] DEBUG FXGLAssetLoader      - Loading from cache: /assets/textures/Ground0.png
12:48:28.890 [JavaFX Application Thread] DEBUG GameScene            - Entity added to scene
12:48:28.890 [JavaFX Application Thread] DEBUG GameScene            - Added MainViewComponent
12:48:28.890 [JavaFX Application Thread] DEBUG GameScene            - Entity added to scene
12:48:28.890 [JavaFX Application Thread] DEBUG GameScene            - Added MainViewComponent
12:48:28.890 [JavaFX Application Thread] DEBUG GameScene            - Entity added to scene
12:48:28.890 [JavaFX Application Thread] DEBUG GameScene            - Added MainViewComponent
12:48:28.891 [JavaFX Application Thread] DEBUG GameScene            - Entity added to scene
12:48:28.891 [JavaFX Application Thread] DEBUG GameScene            - Added MainViewComponent
12:48:28.891 [JavaFX Application Thread] DEBUG GameScene            - Entity added to scene
12:48:28.891 [JavaFX Application Thread] DEBUG GameScene            - Added MainViewComponent
12:48:28.891 [JavaFX Application Thread] DEBUG GameScene            - Entity added to scene
12:48:28.891 [JavaFX Application Thread] DEBUG GameScene            - Added MainViewComponent
12:48:28.891 [JavaFX Application Thread] DEBUG GameScene            - Entity added to scene
12:48:28.891 [JavaFX Application Thread] DEBUG GameScene            - Added MainViewComponent
12:48:28.891 [JavaFX Application Thread] DEBUG GameScene            - Entity added to scene
12:48:28.891 [JavaFX Application Thread] DEBUG GameScene            - Added MainViewComponent
12:48:28.892 [JavaFX Application Thread] DEBUG GameScene            - Entity added to scene
12:48:28.892 [JavaFX Application Thread] DEBUG GameScene            - Added MainViewComponent
12:48:28.892 [JavaFX Application Thread] DEBUG GameScene            - Entity added to scene
12:48:28.892 [JavaFX Application Thread] DEBUG GameScene            - Added MainViewComponent
12:48:28.892 [JavaFX Application Thread] DEBUG GameScene            - Entity added to scene
12:48:28.892 [JavaFX Application Thread] DEBUG GameScene            - Added MainViewComponent
12:48:28.892 [JavaFX Application Thread] DEBUG GameScene            - Entity added to scene
12:48:28.892 [JavaFX Application Thread] DEBUG GameScene            - Added MainViewComponent
12:48:28.980 [JavaFX Application Thread] DEBUG FXGLAssetLoader      - Loading from cache: /assets/textures/Ground0.png
12:48:28.981 [JavaFX Application Thread] DEBUG FXGLAssetLoader      - Loading from cache: /assets/textures/Ground0.png
12:48:28.981 [JavaFX Application Thread] DEBUG FXGLAssetLoader      - Loading from cache: /assets/textures/Ground0.png
12:48:28.981 [JavaFX Application Thread] DEBUG FXGLAssetLoader      - Loading from cache: /assets/textures/Ground0.png
12:48:28.982 [JavaFX Application Thread] DEBUG FXGLAssetLoader      - Loading from cache: /assets/textures/Ground0.png
12:48:28.982 [JavaFX Application Thread] DEBUG FXGLAssetLoader      - Loading from cache: /assets/textures/Ground0.png
12:48:28.982 [JavaFX Application Thread] DEBUG FXGLAssetLoader      - Loading from cache: /assets/textures/Ground0.png
12:48:28.982 [JavaFX Application Thread] DEBUG FXGLAssetLoader      - Loading from cache: /assets/textures/Ground0.png
12:48:28.983 [JavaFX Application Thread] DEBUG FXGLAssetLoader      - Loading from cache: /assets/textures/Ground0.png
12:48:28.983 [JavaFX Application Thread] DEBUG FXGLAssetLoader      - Loading from cache: /assets/textures/Ground0.png
12:48:28.983 [JavaFX Application Thread] DEBUG FXGLAssetLoader      - Loading from cache: /assets/textures/Ground0.png
12:48:28.984 [JavaFX Application Thread] DEBUG FXGLAssetLoader      - Loading from cache: /assets/textures/Ground0.png
12:48:28.987 [JavaFX Application Thread] DEBUG GameScene            - Entity added to scene
12:48:28.987 [JavaFX Application Thread] DEBUG GameScene            - Added MainViewComponent
12:48:28.987 [JavaFX Application Thread] DEBUG GameScene            - Entity added to scene
12:48:28.987 [JavaFX Application Thread] DEBUG GameScene            - Added MainViewComponent
12:48:28.987 [JavaFX Application Thread] DEBUG GameScene            - Entity added to scene
12:48:28.988 [JavaFX Application Thread] DEBUG GameScene            - Added MainViewComponent
12:48:28.988 [JavaFX Application Thread] DEBUG GameScene            - Entity added to scene
12:48:28.988 [JavaFX Application Thread] DEBUG GameScene            - Added MainViewComponent
12:48:28.988 [JavaFX Application Thread] DEBUG GameScene            - Entity added to scene
12:48:28.988 [JavaFX Application Thread] DEBUG GameScene            - Added MainViewComponent
12:48:28.988 [JavaFX Application Thread] DEBUG GameScene            - Entity added to scene
12:48:28.988 [JavaFX Application Thread] DEBUG GameScene            - Added MainViewComponent
12:48:28.988 [JavaFX Application Thread] DEBUG GameScene            - Entity added to scene
12:48:28.988 [JavaFX Application Thread] DEBUG GameScene            - Added MainViewComponent
12:48:28.988 [JavaFX Application Thread] DEBUG GameScene            - Entity added to scene
12:48:28.988 [JavaFX Application Thread] DEBUG GameScene            - Added MainViewComponent
12:48:28.989 [JavaFX Application Thread] DEBUG GameScene            - Entity added to scene
12:48:28.989 [JavaFX Application Thread] DEBUG GameScene            - Added MainViewComponent
12:48:28.989 [JavaFX Application Thread] DEBUG GameScene            - Entity added to scene
12:48:28.989 [JavaFX Application Thread] DEBUG GameScene            - Added MainViewComponent
12:48:28.989 [JavaFX Application Thread] DEBUG GameScene            - Entity added to scene
12:48:28.989 [JavaFX Application Thread] DEBUG GameScene            - Added MainViewComponent
12:48:28.989 [JavaFX Application Thread] DEBUG GameScene            - Entity added to scene
12:48:28.989 [JavaFX Application Thread] DEBUG GameScene            - Added MainViewComponent
12:48:30.217 [JavaFX Application Thread] DEBUG FXGLAssetLoader      - Loading from cache: /assets/textures/Ground0.png
12:48:30.224 [JavaFX Application Thread] DEBUG GameScene            - Entity added to scene
12:48:30.224 [JavaFX Application Thread] DEBUG GameScene            - Added MainViewComponent
12:48:33.312 [JavaFX Application Thread] DEBUG FXGLEventBus         - Firing event: DisplayEvent[type=CLOSE_REQUEST]
12:48:33.313 [JavaFX Application Thread] DEBUG FXGLEventBus         - Firing event: FXGLEvent[type=EXIT]
12:48:33.316 [JavaFX Application Thread] DEBUG FXGL                 - Saving FXGL system data
12:48:33.317 [JavaFX Application Thread] DEBUG IOTask               - Executing task: writeDataTask(system/fxgl.bundle)
12:48:33.318 [JavaFX Application Thread] DEBUG FS                   - Writing to: system\fxgl.bundle
12:48:33.321 [JavaFX Application Thread] DEBUG IOTask               - Task succeeded: writeDataTask(system/fxgl.bundle)
