15:04:13.525 [FXGL Launcher Thread     ] DEBUG FXGLLoggerFactory    - Service [LoggerFactory] initialized
15:04:13.531 [FXGL Launcher Thread     ] DEBUG FXGL                 - FXGL configuration complete
15:04:13.531 [FXGL Launcher Thread     ] DEBUG FXGL                 - Loading FXGL system data
15:04:13.534 [FXGL Launcher Thread     ] DEBUG IOTask               - Executing task: readDataTask(system/fxgl.bundle)
15:04:13.537 [FXGL Launcher Thread     ] DEBUG FS                   - Reading from: system\fxgl.bundle
15:04:13.542 [FXGL Launcher Thread     ] DEBUG IOTask               - Task succeeded: readDataTask(system/fxgl.bundle)
15:04:13.542 [FXGL Launcher Thread     ] DEBUG Bundle               - Logging bundle: FXGL
15:04:13.542 [FXGL Launcher Thread     ] DEBUG Bundle               - FXGL.offline.timer.version.check=2017-01-12T08:38:28.585
15:04:13.547 [FXGL Launcher Thread     ] DEBUG GameApplication      - Configuring GameApplication
15:04:13.550 [FXGL Launcher Thread     ] DEBUG FXGLExceptionHandler - Service [ExceptionHandler] initialized
15:04:13.551 [FXGL Launcher Thread     ] DEBUG FXGLEventBus         - Service [EventBus] initialized
15:04:13.554 [FXGL Launcher Thread     ] DEBUG FXGLExecutor         - Service [Executor] initialized
15:04:13.554 [FXGL Launcher Thread     ] DEBUG PreInitTask          - Injecting gameWorld & physicsWorld
15:04:13.558 [FXGL Launcher Thread     ] DEBUG GameWorld            - Game world initialized
15:04:13.591 [FXGL Launcher Thread     ] DEBUG FXGLPooler           - Service [Pooler] initialized with default size = 128
15:04:13.592 [FXGL Launcher Thread     ] DEBUG PhysicsWorld         - Physics world initialized: appHeight=700.0, physics.ppm=50.0
15:04:13.593 [FXGL Launcher Thread     ] DEBUG FXGLInput            - Service [Input] initialized
15:04:13.609 [FXGL Launcher Thread     ] DEBUG FXGLInput            - Registered new binding: Screenshot - P
15:04:13.609 [FXGL Launcher Thread     ] DEBUG FXGLInput            - Registered new binding: Dev Options - CTRL+0
15:04:13.609 [FXGL Launcher Thread     ] DEBUG FXGLInput            - Registered new binding: Move With Mouse - PRIMARY
15:04:13.609 [FXGL Launcher Thread     ] DEBUG FXGLInput            - Registered new binding: Move up - W
15:04:13.610 [FXGL Launcher Thread     ] DEBUG FXGLInput            - Registered new binding: Open Fuel Shop - 1
15:04:13.610 [FXGL Launcher Thread     ] DEBUG FXGLInput            - Registered new binding: Open Sell - 2
15:04:13.631 [FXGL Launcher Thread     ] DEBUG GameScene            - Game scene initialized: 800.0x700.0
15:04:13.636 [FXGL Launcher Thread     ] DEBUG FXGLAssetLoader      - Service [AssetLoader] initialized: cacheSize=35
15:04:13.639 [FXGL Launcher Thread     ] DEBUG FXGLAssetLoader      - Loading from disk: /assets/sounds/system/notification.wav
15:04:13.674 [FXGL Launcher Thread     ] DEBUG FXGLAssetLoader      - Loading from disk: /assets/sounds/menu/select.wav
15:04:13.676 [FXGL Launcher Thread     ] DEBUG FXGLAssetLoader      - Loading from disk: /assets/sounds/menu/back.wav
15:04:13.679 [FXGL Launcher Thread     ] DEBUG FXGLAssetLoader      - Loading from disk: /assets/sounds/menu/press.wav
15:04:13.681 [FXGL Launcher Thread     ] DEBUG FXGLAssetLoader      - Loading from disk: /assets/ui/fonts/Copperplate_Gothic_Light_Regular.ttf
15:04:13.791 [FXGL Launcher Thread     ] DEBUG FXGLAssetLoader      - Loading from disk: /assets/ui/css/fxgl.css
15:04:13.791 [FXGL Launcher Thread     ] DEBUG FXGLAssetLoader      - Loading from disk: /assets/ui/icons/fxgl_icon.png
15:04:13.820 [FXGL Launcher Thread     ] DEBUG FXGLAssetLoader      - Loading from disk: /assets/ui/css/fxgl_war3.css
15:04:13.830 [FXGL Launcher Thread     ] DEBUG FXGLDisplay          - Target size: DoubleProperty [value: 800.0] x DoubleProperty [value: 700.0] @ 1.0
15:04:13.830 [FXGL Launcher Thread     ] DEBUG FXGLDisplay          - New size:    800.0 x 700.0 @ DoubleProperty [value: 1.0]
15:04:13.830 [FXGL Launcher Thread     ] DEBUG FXGLDisplay          - Service [Display] initialized
15:04:13.830 [FXGL Launcher Thread     ] DEBUG FXGLDisplay          - Using CSS: CSS(externalForm=jar:file:/C:/Users/Vic%20Spet/Documents/NetBeansProjects/MotherLoadProject/MotherLoad/lib/fxgl-0.2.9-uber.jar!/assets/ui/css/fxgl_war3.css)
15:04:13.830 [FXGL Launcher Thread     ] DEBUG InitScenesTask       - Injecting loadingScene & gameScene
15:04:13.849 [FXGL Launcher Thread     ] DEBUG FXGLMasterTimer      - Service [MasterTimer] initialized
15:04:13.851 [FXGL Launcher Thread     ] DEBUG FXGLAudioPlayer      - Service [AudioPlayer] initialized
15:04:13.859 [FXGL Launcher Thread     ] DEBUG InitProfilerTask     - Injecting profiler
15:04:13.859 [FXGL Launcher Thread     ] DEBUG GameApplication      - Starting new game
15:04:13.861 [FXGL Launcher Thread     ] DEBUG GameApplication      - Initializing App
15:04:13.862 [FXGL Launcher Thread     ] DEBUG FXGLInput            - Clearing active input actions
15:04:13.862 [FXGL Launcher Thread     ] DEBUG FXGLMasterTimer      - Stopping master timer
15:04:13.862 [FXGL Launcher Thread     ] DEBUG GameApplication      - State: STARTUP -> PAUSED
15:04:13.863 [FXGL Launcher Thread     ] DEBUG FXGLEventBus         - Firing event: FXGLEvent[type=PAUSE]
15:04:13.864 [FXGL Launcher Thread     ] DEBUG FXGLInput            - Clearing active input actions
15:04:13.864 [FXGL Launcher Thread     ] DEBUG FXGLMasterTimer      - Resetting ticks and clearing all actions
15:04:13.864 [FXGL Launcher Thread     ] DEBUG GameWorld            - Resetting game world
15:04:13.864 [FXGL Launcher Thread     ] TRACE EntityWorld          - Resetting entity world
15:04:13.865 [FXGL Launcher Thread     ] DEBUG PhysicsWorld         - Resetting physics world
15:04:13.865 [FXGL Launcher Thread     ] DEBUG GameScene            - Resetting game scene
15:04:13.865 [FXGL Launcher Thread     ] DEBUG FXGLEventBus         - Firing event: FXGLEvent[type=RESET]
15:04:14.158 [FXGL Launcher Thread     ] DEBUG GameApplication      - State: PAUSED -> LOADING
15:04:14.182 [FXGL Background Thread 1 ] DEBUG InitAppTask          - Initializing Assets
15:04:14.183 [FXGL Background Thread 1 ] DEBUG InitAppTask          - Initializing Game
15:04:14.200 [FXGL Background Thread 1 ] DEBUG InitAppTask          - Initializing Physics
15:04:14.200 [FXGL Background Thread 1 ] DEBUG InitAppTask          - Initializing UI
15:04:14.200 [FXGL Background Thread 1 ] DEBUG InitAppTask          - Initialization Complete
15:04:14.249 [JavaFX Application Thread] DEBUG FXGLDisplay          - Showing stage
15:04:14.249 [JavaFX Application Thread] DEBUG FXGLDisplay          - Root size: 800.0x700.0
15:04:14.250 [JavaFX Application Thread] DEBUG FXGLDisplay          - Scene size: 800.0x700.0
15:04:14.250 [JavaFX Application Thread] DEBUG FXGLDisplay          - Stage size: 818.0x747.0
15:04:14.300 [JavaFX Application Thread] DEBUG FXGLInput            - Clearing active input actions
15:04:14.300 [JavaFX Application Thread] DEBUG FXGLMasterTimer      - Starting master timer
15:04:14.300 [JavaFX Application Thread] DEBUG GameApplication      - State: LOADING -> PLAYING
15:04:14.304 [JavaFX Application Thread] DEBUG FXGLEventBus         - Firing event: FXGLEvent[type=RESUME]
15:04:14.307 [JavaFX Application Thread] DEBUG GameScene            - Entity added to scene
15:04:14.308 [JavaFX Application Thread] DEBUG GameScene            - Added MainViewComponent
15:04:14.309 [JavaFX Application Thread] DEBUG GameScene            - Creating render group for layer: TOP(2147483647)
15:04:14.355 [JavaFX Application Thread] DEBUG FXGLAssetLoader      - Loading from disk: /assets/textures/Ground0.png
15:04:14.358 [JavaFX Application Thread] DEBUG FXGLAssetLoader      - Loading from cache: /assets/textures/Ground0.png
15:04:14.359 [JavaFX Application Thread] DEBUG FXGLAssetLoader      - Loading from cache: /assets/textures/Ground0.png
15:04:14.360 [JavaFX Application Thread] DEBUG FXGLAssetLoader      - Loading from cache: /assets/textures/Ground0.png
15:04:14.360 [JavaFX Application Thread] DEBUG FXGLAssetLoader      - Loading from cache: /assets/textures/Ground0.png
15:04:14.361 [JavaFX Application Thread] DEBUG FXGLAssetLoader      - Loading from cache: /assets/textures/Ground0.png
15:04:14.361 [JavaFX Application Thread] DEBUG FXGLAssetLoader      - Loading from cache: /assets/textures/Ground0.png
15:04:14.362 [JavaFX Application Thread] DEBUG FXGLAssetLoader      - Loading from cache: /assets/textures/Ground0.png
15:04:14.362 [JavaFX Application Thread] DEBUG FXGLAssetLoader      - Loading from cache: /assets/textures/Ground0.png
15:04:14.363 [JavaFX Application Thread] DEBUG FXGLAssetLoader      - Loading from cache: /assets/textures/Ground0.png
15:04:14.363 [JavaFX Application Thread] DEBUG FXGLAssetLoader      - Loading from cache: /assets/textures/Ground0.png
15:04:14.364 [JavaFX Application Thread] DEBUG FXGLAssetLoader      - Loading from cache: /assets/textures/Ground0.png
15:04:14.364 [JavaFX Application Thread] DEBUG FXGLAssetLoader      - Loading from cache: /assets/textures/Ground0.png
15:04:14.365 [JavaFX Application Thread] DEBUG FXGLAssetLoader      - Loading from cache: /assets/textures/Ground0.png
15:04:14.365 [JavaFX Application Thread] DEBUG FXGLAssetLoader      - Loading from disk: /assets/textures/Ground1.png
15:04:14.367 [JavaFX Application Thread] DEBUG FXGLAssetLoader      - Loading from cache: /assets/textures/Ground0.png
15:04:14.367 [JavaFX Application Thread] DEBUG FXGLAssetLoader      - Loading from cache: /assets/textures/Ground0.png
15:04:14.368 [JavaFX Application Thread] DEBUG FXGLAssetLoader      - Loading from cache: /assets/textures/Ground0.png
15:04:14.368 [JavaFX Application Thread] DEBUG FXGLAssetLoader      - Loading from cache: /assets/textures/Ground0.png
15:04:14.369 [JavaFX Application Thread] DEBUG FXGLAssetLoader      - Loading from cache: /assets/textures/Ground0.png
15:04:14.370 [JavaFX Application Thread] DEBUG FXGLAssetLoader      - Loading from cache: /assets/textures/Ground0.png
15:04:14.370 [JavaFX Application Thread] DEBUG FXGLAssetLoader      - Loading from cache: /assets/textures/Ground0.png
15:04:14.371 [JavaFX Application Thread] DEBUG FXGLAssetLoader      - Loading from cache: /assets/textures/Ground0.png
15:04:14.371 [JavaFX Application Thread] DEBUG FXGLAssetLoader      - Loading from cache: /assets/textures/Ground0.png
15:04:14.372 [JavaFX Application Thread] DEBUG FXGLAssetLoader      - Loading from cache: /assets/textures/Ground0.png
15:04:14.372 [JavaFX Application Thread] DEBUG FXGLAssetLoader      - Loading from cache: /assets/textures/Ground0.png
15:04:14.373 [JavaFX Application Thread] DEBUG FXGLAssetLoader      - Loading from cache: /assets/textures/Ground0.png
15:04:14.373 [JavaFX Application Thread] DEBUG FXGLAssetLoader      - Loading from cache: /assets/textures/Ground0.png
15:04:14.374 [JavaFX Application Thread] DEBUG FXGLAssetLoader      - Loading from cache: /assets/textures/Ground0.png
15:04:14.374 [JavaFX Application Thread] DEBUG FXGLAssetLoader      - Loading from disk: /assets/textures/Ground2.png
15:04:14.376 [JavaFX Application Thread] DEBUG FXGLAssetLoader      - Loading from cache: /assets/textures/Ground0.png
15:04:14.376 [JavaFX Application Thread] DEBUG FXGLAssetLoader      - Loading from cache: /assets/textures/Ground0.png
15:04:14.377 [JavaFX Application Thread] DEBUG FXGLAssetLoader      - Loading from cache: /assets/textures/Ground0.png
15:04:14.377 [JavaFX Application Thread] DEBUG FXGLAssetLoader      - Loading from cache: /assets/textures/Ground0.png
15:04:14.377 [JavaFX Application Thread] DEBUG FXGLAssetLoader      - Loading from cache: /assets/textures/Ground0.png
15:04:14.378 [JavaFX Application Thread] DEBUG FXGLAssetLoader      - Loading from cache: /assets/textures/Ground0.png
15:04:14.378 [JavaFX Application Thread] DEBUG FXGLAssetLoader      - Loading from cache: /assets/textures/Ground0.png
15:04:14.378 [JavaFX Application Thread] DEBUG FXGLAssetLoader      - Loading from cache: /assets/textures/Ground0.png
15:04:14.379 [JavaFX Application Thread] DEBUG FXGLAssetLoader      - Loading from cache: /assets/textures/Ground0.png
15:04:14.379 [JavaFX Application Thread] DEBUG FXGLAssetLoader      - Loading from cache: /assets/textures/Ground0.png
15:04:14.379 [JavaFX Application Thread] DEBUG FXGLAssetLoader      - Loading from cache: /assets/textures/Ground0.png
15:04:14.380 [JavaFX Application Thread] DEBUG FXGLAssetLoader      - Loading from cache: /assets/textures/Ground0.png
15:04:14.380 [JavaFX Application Thread] DEBUG FXGLAssetLoader      - Loading from cache: /assets/textures/Ground0.png
15:04:14.381 [JavaFX Application Thread] DEBUG FXGLAssetLoader      - Loading from cache: /assets/textures/Ground0.png
15:04:14.381 [JavaFX Application Thread] DEBUG FXGLAssetLoader      - Loading from cache: /assets/textures/Ground0.png
15:04:14.385 [JavaFX Application Thread] DEBUG GameScene            - Entity added to scene
15:04:14.386 [JavaFX Application Thread] DEBUG GameScene            - Added MainViewComponent
15:04:14.387 [JavaFX Application Thread] DEBUG GameScene            - Entity added to scene
15:04:14.387 [JavaFX Application Thread] DEBUG GameScene            - Added MainViewComponent
15:04:14.388 [JavaFX Application Thread] DEBUG GameScene            - Entity added to scene
15:04:14.388 [JavaFX Application Thread] DEBUG GameScene            - Added MainViewComponent
15:04:14.388 [JavaFX Application Thread] DEBUG GameScene            - Entity added to scene
15:04:14.388 [JavaFX Application Thread] DEBUG GameScene            - Added MainViewComponent
15:04:14.388 [JavaFX Application Thread] DEBUG GameScene            - Entity added to scene
15:04:14.388 [JavaFX Application Thread] DEBUG GameScene            - Added MainViewComponent
15:04:14.389 [JavaFX Application Thread] DEBUG GameScene            - Entity added to scene
15:04:14.389 [JavaFX Application Thread] DEBUG GameScene            - Added MainViewComponent
15:04:14.389 [JavaFX Application Thread] DEBUG GameScene            - Entity added to scene
15:04:14.389 [JavaFX Application Thread] DEBUG GameScene            - Added MainViewComponent
15:04:14.389 [JavaFX Application Thread] DEBUG GameScene            - Entity added to scene
15:04:14.389 [JavaFX Application Thread] DEBUG GameScene            - Added MainViewComponent
15:04:14.390 [JavaFX Application Thread] DEBUG GameScene            - Entity added to scene
15:04:14.390 [JavaFX Application Thread] DEBUG GameScene            - Added MainViewComponent
15:04:14.390 [JavaFX Application Thread] DEBUG GameScene            - Entity added to scene
15:04:14.390 [JavaFX Application Thread] DEBUG GameScene            - Added MainViewComponent
15:04:14.390 [JavaFX Application Thread] DEBUG GameScene            - Entity added to scene
15:04:14.390 [JavaFX Application Thread] DEBUG GameScene            - Added MainViewComponent
15:04:14.391 [JavaFX Application Thread] DEBUG GameScene            - Entity added to scene
15:04:14.391 [JavaFX Application Thread] DEBUG GameScene            - Added MainViewComponent
15:04:14.391 [JavaFX Application Thread] DEBUG GameScene            - Entity added to scene
15:04:14.391 [JavaFX Application Thread] DEBUG GameScene            - Added MainViewComponent
15:04:14.391 [JavaFX Application Thread] DEBUG GameScene            - Entity added to scene
15:04:14.391 [JavaFX Application Thread] DEBUG GameScene            - Added MainViewComponent
15:04:14.392 [JavaFX Application Thread] DEBUG GameScene            - Entity added to scene
15:04:14.392 [JavaFX Application Thread] DEBUG GameScene            - Added MainViewComponent
15:04:14.392 [JavaFX Application Thread] DEBUG GameScene            - Entity added to scene
15:04:14.392 [JavaFX Application Thread] DEBUG GameScene            - Added MainViewComponent
15:04:14.392 [JavaFX Application Thread] DEBUG GameScene            - Entity added to scene
15:04:14.392 [JavaFX Application Thread] DEBUG GameScene            - Added MainViewComponent
15:04:14.392 [JavaFX Application Thread] DEBUG GameScene            - Entity added to scene
15:04:14.393 [JavaFX Application Thread] DEBUG GameScene            - Added MainViewComponent
15:04:14.393 [JavaFX Application Thread] DEBUG GameScene            - Entity added to scene
15:04:14.393 [JavaFX Application Thread] DEBUG GameScene            - Added MainViewComponent
15:04:14.393 [JavaFX Application Thread] DEBUG GameScene            - Entity added to scene
15:04:14.393 [JavaFX Application Thread] DEBUG GameScene            - Added MainViewComponent
15:04:14.393 [JavaFX Application Thread] DEBUG GameScene            - Entity added to scene
15:04:14.393 [JavaFX Application Thread] DEBUG GameScene            - Added MainViewComponent
15:04:14.394 [JavaFX Application Thread] DEBUG GameScene            - Entity added to scene
15:04:14.394 [JavaFX Application Thread] DEBUG GameScene            - Added MainViewComponent
15:04:14.394 [JavaFX Application Thread] DEBUG GameScene            - Entity added to scene
15:04:14.394 [JavaFX Application Thread] DEBUG GameScene            - Added MainViewComponent
15:04:14.394 [JavaFX Application Thread] DEBUG GameScene            - Entity added to scene
15:04:14.394 [JavaFX Application Thread] DEBUG GameScene            - Added MainViewComponent
15:04:14.395 [JavaFX Application Thread] DEBUG GameScene            - Entity added to scene
15:04:14.395 [JavaFX Application Thread] DEBUG GameScene            - Added MainViewComponent
15:04:14.395 [JavaFX Application Thread] DEBUG GameScene            - Entity added to scene
15:04:14.395 [JavaFX Application Thread] DEBUG GameScene            - Added MainViewComponent
15:04:14.396 [JavaFX Application Thread] DEBUG GameScene            - Entity added to scene
15:04:14.396 [JavaFX Application Thread] DEBUG GameScene            - Added MainViewComponent
15:04:14.396 [JavaFX Application Thread] DEBUG GameScene            - Entity added to scene
15:04:14.396 [JavaFX Application Thread] DEBUG GameScene            - Added MainViewComponent
15:04:14.396 [JavaFX Application Thread] DEBUG GameScene            - Entity added to scene
15:04:14.396 [JavaFX Application Thread] DEBUG GameScene            - Added MainViewComponent
15:04:14.397 [JavaFX Application Thread] DEBUG GameScene            - Entity added to scene
15:04:14.397 [JavaFX Application Thread] DEBUG GameScene            - Added MainViewComponent
15:04:14.397 [JavaFX Application Thread] DEBUG GameScene            - Entity added to scene
15:04:14.397 [JavaFX Application Thread] DEBUG GameScene            - Added MainViewComponent
15:04:14.398 [JavaFX Application Thread] DEBUG GameScene            - Entity added to scene
15:04:14.398 [JavaFX Application Thread] DEBUG GameScene            - Added MainViewComponent
15:04:14.398 [JavaFX Application Thread] DEBUG GameScene            - Entity added to scene
15:04:14.398 [JavaFX Application Thread] DEBUG GameScene            - Added MainViewComponent
15:04:14.398 [JavaFX Application Thread] DEBUG GameScene            - Entity added to scene
15:04:14.399 [JavaFX Application Thread] DEBUG GameScene            - Added MainViewComponent
15:04:14.399 [JavaFX Application Thread] DEBUG GameScene            - Entity added to scene
15:04:14.399 [JavaFX Application Thread] DEBUG GameScene            - Added MainViewComponent
15:04:14.400 [JavaFX Application Thread] DEBUG GameScene            - Entity added to scene
15:04:14.400 [JavaFX Application Thread] DEBUG GameScene            - Added MainViewComponent
15:04:14.400 [JavaFX Application Thread] DEBUG GameScene            - Entity added to scene
15:04:14.400 [JavaFX Application Thread] DEBUG GameScene            - Added MainViewComponent
15:04:14.400 [JavaFX Application Thread] DEBUG GameScene            - Entity added to scene
15:04:14.400 [JavaFX Application Thread] DEBUG GameScene            - Added MainViewComponent
15:04:14.401 [JavaFX Application Thread] DEBUG GameScene            - Entity added to scene
15:04:14.401 [JavaFX Application Thread] DEBUG GameScene            - Added MainViewComponent
15:04:14.401 [JavaFX Application Thread] DEBUG GameScene            - Entity added to scene
15:04:14.401 [JavaFX Application Thread] DEBUG GameScene            - Added MainViewComponent
15:04:14.401 [JavaFX Application Thread] DEBUG GameScene            - Entity added to scene
15:04:14.401 [JavaFX Application Thread] DEBUG GameScene            - Added MainViewComponent
15:04:14.402 [JavaFX Application Thread] DEBUG GameScene            - Entity added to scene
15:04:14.402 [JavaFX Application Thread] DEBUG GameScene            - Added MainViewComponent
15:04:14.402 [JavaFX Application Thread] DEBUG GameScene            - Entity added to scene
15:04:14.402 [JavaFX Application Thread] DEBUG GameScene            - Added MainViewComponent
15:04:14.402 [JavaFX Application Thread] DEBUG GameScene            - Entity added to scene
15:04:14.402 [JavaFX Application Thread] DEBUG GameScene            - Added MainViewComponent
15:04:14.402 [JavaFX Application Thread] DEBUG GameScene            - Entity added to scene
15:04:14.403 [JavaFX Application Thread] DEBUG GameScene            - Added MainViewComponent
15:04:14.656 [JavaFX Application Thread] DEBUG FXGLAssetLoader      - Loading from cache: /assets/textures/Ground0.png
15:04:14.658 [JavaFX Application Thread] DEBUG FXGLAssetLoader      - Loading from cache: /assets/textures/Ground0.png
15:04:14.659 [JavaFX Application Thread] DEBUG FXGLAssetLoader      - Loading from cache: /assets/textures/Ground0.png
15:04:14.661 [JavaFX Application Thread] DEBUG FXGLAssetLoader      - Loading from cache: /assets/textures/Ground0.png
15:04:14.662 [JavaFX Application Thread] DEBUG FXGLAssetLoader      - Loading from cache: /assets/textures/Ground0.png
15:04:14.663 [JavaFX Application Thread] DEBUG FXGLAssetLoader      - Loading from cache: /assets/textures/Ground0.png
15:04:14.664 [JavaFX Application Thread] DEBUG FXGLAssetLoader      - Loading from cache: /assets/textures/Ground0.png
15:04:14.665 [JavaFX Application Thread] DEBUG FXGLAssetLoader      - Loading from cache: /assets/textures/Ground0.png
15:04:14.666 [JavaFX Application Thread] DEBUG FXGLAssetLoader      - Loading from cache: /assets/textures/Ground0.png
15:04:14.667 [JavaFX Application Thread] DEBUG FXGLAssetLoader      - Loading from cache: /assets/textures/Ground0.png
15:04:14.669 [JavaFX Application Thread] DEBUG FXGLAssetLoader      - Loading from cache: /assets/textures/Ground0.png
15:04:14.670 [JavaFX Application Thread] DEBUG FXGLAssetLoader      - Loading from cache: /assets/textures/Ground1.png
15:04:14.672 [JavaFX Application Thread] DEBUG FXGLAssetLoader      - Loading from cache: /assets/textures/Ground1.png
15:04:14.673 [JavaFX Application Thread] DEBUG FXGLAssetLoader      - Loading from cache: /assets/textures/Ground0.png
15:04:14.674 [JavaFX Application Thread] DEBUG FXGLAssetLoader      - Loading from cache: /assets/textures/Ground0.png
15:04:14.677 [JavaFX Application Thread] DEBUG GameScene            - Entity added to scene
15:04:14.677 [JavaFX Application Thread] DEBUG GameScene            - Added MainViewComponent
15:04:14.679 [JavaFX Application Thread] DEBUG GameScene            - Entity added to scene
15:04:14.679 [JavaFX Application Thread] DEBUG GameScene            - Added MainViewComponent
15:04:14.680 [JavaFX Application Thread] DEBUG GameScene            - Entity added to scene
15:04:14.680 [JavaFX Application Thread] DEBUG GameScene            - Added MainViewComponent
15:04:14.681 [JavaFX Application Thread] DEBUG GameScene            - Entity added to scene
15:04:14.681 [JavaFX Application Thread] DEBUG GameScene            - Added MainViewComponent
15:04:14.682 [JavaFX Application Thread] DEBUG GameScene            - Entity added to scene
15:04:14.682 [JavaFX Application Thread] DEBUG GameScene            - Added MainViewComponent
15:04:14.682 [JavaFX Application Thread] DEBUG GameScene            - Entity added to scene
15:04:14.683 [JavaFX Application Thread] DEBUG GameScene            - Added MainViewComponent
15:04:14.683 [JavaFX Application Thread] DEBUG GameScene            - Entity added to scene
15:04:14.683 [JavaFX Application Thread] DEBUG GameScene            - Added MainViewComponent
15:04:14.684 [JavaFX Application Thread] DEBUG GameScene            - Entity added to scene
15:04:14.684 [JavaFX Application Thread] DEBUG GameScene            - Added MainViewComponent
15:04:14.685 [JavaFX Application Thread] DEBUG GameScene            - Entity added to scene
15:04:14.685 [JavaFX Application Thread] DEBUG GameScene            - Added MainViewComponent
15:04:14.686 [JavaFX Application Thread] DEBUG GameScene            - Entity added to scene
15:04:14.686 [JavaFX Application Thread] DEBUG GameScene            - Added MainViewComponent
15:04:14.688 [JavaFX Application Thread] DEBUG GameScene            - Entity added to scene
15:04:14.688 [JavaFX Application Thread] DEBUG GameScene            - Added MainViewComponent
15:04:14.689 [JavaFX Application Thread] DEBUG GameScene            - Entity added to scene
15:04:14.689 [JavaFX Application Thread] DEBUG GameScene            - Added MainViewComponent
15:04:14.690 [JavaFX Application Thread] DEBUG GameScene            - Entity added to scene
15:04:14.690 [JavaFX Application Thread] DEBUG GameScene            - Added MainViewComponent
15:04:14.690 [JavaFX Application Thread] DEBUG GameScene            - Entity added to scene
15:04:14.690 [JavaFX Application Thread] DEBUG GameScene            - Added MainViewComponent
15:04:14.691 [JavaFX Application Thread] DEBUG GameScene            - Entity added to scene
15:04:14.691 [JavaFX Application Thread] DEBUG GameScene            - Added MainViewComponent
15:04:15.187 [JavaFX Application Thread] DEBUG FXGLAssetLoader      - Loading from cache: /assets/textures/Ground0.png
15:04:15.188 [JavaFX Application Thread] DEBUG FXGLAssetLoader      - Loading from cache: /assets/textures/Ground0.png
15:04:15.189 [JavaFX Application Thread] DEBUG FXGLAssetLoader      - Loading from cache: /assets/textures/Ground0.png
15:04:15.190 [JavaFX Application Thread] DEBUG FXGLAssetLoader      - Loading from cache: /assets/textures/Ground0.png
15:04:15.190 [JavaFX Application Thread] DEBUG FXGLAssetLoader      - Loading from cache: /assets/textures/Ground1.png
15:04:15.191 [JavaFX Application Thread] DEBUG FXGLAssetLoader      - Loading from cache: /assets/textures/Ground0.png
15:04:15.191 [JavaFX Application Thread] DEBUG FXGLAssetLoader      - Loading from cache: /assets/textures/Ground0.png
15:04:15.192 [JavaFX Application Thread] DEBUG FXGLAssetLoader      - Loading from cache: /assets/textures/Ground0.png
15:04:15.192 [JavaFX Application Thread] DEBUG FXGLAssetLoader      - Loading from cache: /assets/textures/Ground0.png
15:04:15.193 [JavaFX Application Thread] DEBUG FXGLAssetLoader      - Loading from cache: /assets/textures/Ground0.png
15:04:15.193 [JavaFX Application Thread] DEBUG FXGLAssetLoader      - Loading from cache: /assets/textures/Ground0.png
15:04:15.194 [JavaFX Application Thread] DEBUG FXGLAssetLoader      - Loading from cache: /assets/textures/Ground0.png
15:04:15.194 [JavaFX Application Thread] DEBUG FXGLAssetLoader      - Loading from cache: /assets/textures/Ground0.png
15:04:15.195 [JavaFX Application Thread] DEBUG FXGLAssetLoader      - Loading from cache: /assets/textures/Ground0.png
15:04:15.195 [JavaFX Application Thread] DEBUG FXGLAssetLoader      - Loading from cache: /assets/textures/Ground0.png
15:04:15.203 [JavaFX Application Thread] DEBUG GameScene            - Entity added to scene
15:04:15.203 [JavaFX Application Thread] DEBUG GameScene            - Added MainViewComponent
15:04:15.203 [JavaFX Application Thread] DEBUG GameScene            - Entity added to scene
15:04:15.203 [JavaFX Application Thread] DEBUG GameScene            - Added MainViewComponent
15:04:15.204 [JavaFX Application Thread] DEBUG GameScene            - Entity added to scene
15:04:15.204 [JavaFX Application Thread] DEBUG GameScene            - Added MainViewComponent
15:04:15.204 [JavaFX Application Thread] DEBUG GameScene            - Entity added to scene
15:04:15.204 [JavaFX Application Thread] DEBUG GameScene            - Added MainViewComponent
15:04:15.204 [JavaFX Application Thread] DEBUG GameScene            - Entity added to scene
15:04:15.204 [JavaFX Application Thread] DEBUG GameScene            - Added MainViewComponent
15:04:15.205 [JavaFX Application Thread] DEBUG GameScene            - Entity added to scene
15:04:15.205 [JavaFX Application Thread] DEBUG GameScene            - Added MainViewComponent
15:04:15.205 [JavaFX Application Thread] DEBUG GameScene            - Entity added to scene
15:04:15.205 [JavaFX Application Thread] DEBUG GameScene            - Added MainViewComponent
15:04:15.205 [JavaFX Application Thread] DEBUG GameScene            - Entity added to scene
15:04:15.205 [JavaFX Application Thread] DEBUG GameScene            - Added MainViewComponent
15:04:15.205 [JavaFX Application Thread] DEBUG GameScene            - Entity added to scene
15:04:15.205 [JavaFX Application Thread] DEBUG GameScene            - Added MainViewComponent
15:04:15.206 [JavaFX Application Thread] DEBUG GameScene            - Entity added to scene
15:04:15.206 [JavaFX Application Thread] DEBUG GameScene            - Added MainViewComponent
15:04:15.206 [JavaFX Application Thread] DEBUG GameScene            - Entity added to scene
15:04:15.206 [JavaFX Application Thread] DEBUG GameScene            - Added MainViewComponent
15:04:15.207 [JavaFX Application Thread] DEBUG GameScene            - Entity added to scene
15:04:15.207 [JavaFX Application Thread] DEBUG GameScene            - Added MainViewComponent
15:04:15.207 [JavaFX Application Thread] DEBUG GameScene            - Entity added to scene
15:04:15.207 [JavaFX Application Thread] DEBUG GameScene            - Added MainViewComponent
15:04:15.207 [JavaFX Application Thread] DEBUG GameScene            - Entity added to scene
15:04:15.208 [JavaFX Application Thread] DEBUG GameScene            - Added MainViewComponent
15:04:15.208 [JavaFX Application Thread] DEBUG GameScene            - Entity added to scene
15:04:15.208 [JavaFX Application Thread] DEBUG GameScene            - Added MainViewComponent
15:04:15.487 [JavaFX Application Thread] DEBUG FXGLAssetLoader      - Loading from cache: /assets/textures/Ground0.png
15:04:15.487 [JavaFX Application Thread] DEBUG FXGLAssetLoader      - Loading from cache: /assets/textures/Ground0.png
15:04:15.488 [JavaFX Application Thread] DEBUG FXGLAssetLoader      - Loading from cache: /assets/textures/Ground0.png
15:04:15.488 [JavaFX Application Thread] DEBUG FXGLAssetLoader      - Loading from cache: /assets/textures/Ground0.png
15:04:15.488 [JavaFX Application Thread] DEBUG FXGLAssetLoader      - Loading from cache: /assets/textures/Ground0.png
15:04:15.488 [JavaFX Application Thread] DEBUG FXGLAssetLoader      - Loading from cache: /assets/textures/Ground0.png
15:04:15.489 [JavaFX Application Thread] DEBUG FXGLAssetLoader      - Loading from cache: /assets/textures/Ground0.png
15:04:15.489 [JavaFX Application Thread] DEBUG FXGLAssetLoader      - Loading from cache: /assets/textures/Ground0.png
15:04:15.489 [JavaFX Application Thread] DEBUG FXGLAssetLoader      - Loading from cache: /assets/textures/Ground0.png
15:04:15.490 [JavaFX Application Thread] DEBUG FXGLAssetLoader      - Loading from cache: /assets/textures/Ground0.png
15:04:15.490 [JavaFX Application Thread] DEBUG FXGLAssetLoader      - Loading from cache: /assets/textures/Ground0.png
15:04:15.490 [JavaFX Application Thread] DEBUG FXGLAssetLoader      - Loading from cache: /assets/textures/Ground0.png
15:04:15.490 [JavaFX Application Thread] DEBUG FXGLAssetLoader      - Loading from cache: /assets/textures/Ground0.png
15:04:15.491 [JavaFX Application Thread] DEBUG FXGLAssetLoader      - Loading from cache: /assets/textures/Ground0.png
15:04:15.491 [JavaFX Application Thread] DEBUG FXGLAssetLoader      - Loading from cache: /assets/textures/Ground0.png
15:04:15.502 [JavaFX Application Thread] DEBUG GameScene            - Entity added to scene
15:04:15.502 [JavaFX Application Thread] DEBUG GameScene            - Added MainViewComponent
15:04:15.503 [JavaFX Application Thread] DEBUG GameScene            - Entity added to scene
15:04:15.503 [JavaFX Application Thread] DEBUG GameScene            - Added MainViewComponent
15:04:15.504 [JavaFX Application Thread] DEBUG GameScene            - Entity added to scene
15:04:15.504 [JavaFX Application Thread] DEBUG GameScene            - Added MainViewComponent
15:04:15.504 [JavaFX Application Thread] DEBUG GameScene            - Entity added to scene
15:04:15.504 [JavaFX Application Thread] DEBUG GameScene            - Added MainViewComponent
15:04:15.504 [JavaFX Application Thread] DEBUG GameScene            - Entity added to scene
15:04:15.504 [JavaFX Application Thread] DEBUG GameScene            - Added MainViewComponent
15:04:15.504 [JavaFX Application Thread] DEBUG GameScene            - Entity added to scene
15:04:15.504 [JavaFX Application Thread] DEBUG GameScene            - Added MainViewComponent
15:04:15.505 [JavaFX Application Thread] DEBUG GameScene            - Entity added to scene
15:04:15.505 [JavaFX Application Thread] DEBUG GameScene            - Added MainViewComponent
15:04:15.505 [JavaFX Application Thread] DEBUG GameScene            - Entity added to scene
15:04:15.505 [JavaFX Application Thread] DEBUG GameScene            - Added MainViewComponent
15:04:15.505 [JavaFX Application Thread] DEBUG GameScene            - Entity added to scene
15:04:15.505 [JavaFX Application Thread] DEBUG GameScene            - Added MainViewComponent
15:04:15.505 [JavaFX Application Thread] DEBUG GameScene            - Entity added to scene
15:04:15.505 [JavaFX Application Thread] DEBUG GameScene            - Added MainViewComponent
15:04:15.505 [JavaFX Application Thread] DEBUG GameScene            - Entity added to scene
15:04:15.505 [JavaFX Application Thread] DEBUG GameScene            - Added MainViewComponent
15:04:15.506 [JavaFX Application Thread] DEBUG GameScene            - Entity added to scene
15:04:15.506 [JavaFX Application Thread] DEBUG GameScene            - Added MainViewComponent
15:04:15.506 [JavaFX Application Thread] DEBUG GameScene            - Entity added to scene
15:04:15.506 [JavaFX Application Thread] DEBUG GameScene            - Added MainViewComponent
15:04:15.506 [JavaFX Application Thread] DEBUG GameScene            - Entity added to scene
15:04:15.506 [JavaFX Application Thread] DEBUG GameScene            - Added MainViewComponent
15:04:15.506 [JavaFX Application Thread] DEBUG GameScene            - Entity added to scene
15:04:15.506 [JavaFX Application Thread] DEBUG GameScene            - Added MainViewComponent
15:04:15.720 [JavaFX Application Thread] DEBUG FXGLAssetLoader      - Loading from cache: /assets/textures/Ground0.png
15:04:15.720 [JavaFX Application Thread] DEBUG FXGLAssetLoader      - Loading from cache: /assets/textures/Ground0.png
15:04:15.721 [JavaFX Application Thread] DEBUG FXGLAssetLoader      - Loading from cache: /assets/textures/Ground0.png
15:04:15.721 [JavaFX Application Thread] DEBUG FXGLAssetLoader      - Loading from cache: /assets/textures/Ground0.png
15:04:15.721 [JavaFX Application Thread] DEBUG FXGLAssetLoader      - Loading from cache: /assets/textures/Ground0.png
15:04:15.722 [JavaFX Application Thread] DEBUG FXGLAssetLoader      - Loading from cache: /assets/textures/Ground0.png
15:04:15.722 [JavaFX Application Thread] DEBUG FXGLAssetLoader      - Loading from cache: /assets/textures/Ground0.png
15:04:15.722 [JavaFX Application Thread] DEBUG FXGLAssetLoader      - Loading from cache: /assets/textures/Ground0.png
15:04:15.722 [JavaFX Application Thread] DEBUG FXGLAssetLoader      - Loading from cache: /assets/textures/Ground0.png
15:04:15.723 [JavaFX Application Thread] DEBUG FXGLAssetLoader      - Loading from cache: /assets/textures/Ground0.png
15:04:15.723 [JavaFX Application Thread] DEBUG FXGLAssetLoader      - Loading from cache: /assets/textures/Ground0.png
15:04:15.723 [JavaFX Application Thread] DEBUG FXGLAssetLoader      - Loading from cache: /assets/textures/Ground0.png
15:04:15.724 [JavaFX Application Thread] DEBUG FXGLAssetLoader      - Loading from cache: /assets/textures/Ground0.png
15:04:15.724 [JavaFX Application Thread] DEBUG FXGLAssetLoader      - Loading from cache: /assets/textures/Ground1.png
15:04:15.724 [JavaFX Application Thread] DEBUG FXGLAssetLoader      - Loading from cache: /assets/textures/Ground0.png
15:04:15.736 [JavaFX Application Thread] DEBUG GameScene            - Entity added to scene
15:04:15.736 [JavaFX Application Thread] DEBUG GameScene            - Added MainViewComponent
15:04:15.736 [JavaFX Application Thread] DEBUG GameScene            - Entity added to scene
15:04:15.737 [JavaFX Application Thread] DEBUG GameScene            - Added MainViewComponent
15:04:15.737 [JavaFX Application Thread] DEBUG GameScene            - Entity added to scene
15:04:15.737 [JavaFX Application Thread] DEBUG GameScene            - Added MainViewComponent
15:04:15.737 [JavaFX Application Thread] DEBUG GameScene            - Entity added to scene
15:04:15.737 [JavaFX Application Thread] DEBUG GameScene            - Added MainViewComponent
15:04:15.737 [JavaFX Application Thread] DEBUG GameScene            - Entity added to scene
15:04:15.737 [JavaFX Application Thread] DEBUG GameScene            - Added MainViewComponent
15:04:15.738 [JavaFX Application Thread] DEBUG GameScene            - Entity added to scene
15:04:15.738 [JavaFX Application Thread] DEBUG GameScene            - Added MainViewComponent
15:04:15.738 [JavaFX Application Thread] DEBUG GameScene            - Entity added to scene
15:04:15.738 [JavaFX Application Thread] DEBUG GameScene            - Added MainViewComponent
15:04:15.738 [JavaFX Application Thread] DEBUG GameScene            - Entity added to scene
15:04:15.738 [JavaFX Application Thread] DEBUG GameScene            - Added MainViewComponent
15:04:15.738 [JavaFX Application Thread] DEBUG GameScene            - Entity added to scene
15:04:15.738 [JavaFX Application Thread] DEBUG GameScene            - Added MainViewComponent
15:04:15.738 [JavaFX Application Thread] DEBUG GameScene            - Entity added to scene
15:04:15.738 [JavaFX Application Thread] DEBUG GameScene            - Added MainViewComponent
15:04:15.739 [JavaFX Application Thread] DEBUG GameScene            - Entity added to scene
15:04:15.739 [JavaFX Application Thread] DEBUG GameScene            - Added MainViewComponent
15:04:15.739 [JavaFX Application Thread] DEBUG GameScene            - Entity added to scene
15:04:15.739 [JavaFX Application Thread] DEBUG GameScene            - Added MainViewComponent
15:04:15.739 [JavaFX Application Thread] DEBUG GameScene            - Entity added to scene
15:04:15.739 [JavaFX Application Thread] DEBUG GameScene            - Added MainViewComponent
15:04:15.739 [JavaFX Application Thread] DEBUG GameScene            - Entity added to scene
15:04:15.739 [JavaFX Application Thread] DEBUG GameScene            - Added MainViewComponent
15:04:15.739 [JavaFX Application Thread] DEBUG GameScene            - Entity added to scene
15:04:15.739 [JavaFX Application Thread] DEBUG GameScene            - Added MainViewComponent
15:04:16.383 [JavaFX Application Thread] DEBUG FXGLEventBus         - Firing event: DisplayEvent[type=CLOSE_REQUEST]
15:04:16.384 [JavaFX Application Thread] DEBUG FXGLEventBus         - Firing event: FXGLEvent[type=EXIT]
15:04:16.387 [JavaFX Application Thread] DEBUG FXGL                 - Saving FXGL system data
15:04:16.388 [JavaFX Application Thread] DEBUG IOTask               - Executing task: writeDataTask(system/fxgl.bundle)
15:04:16.389 [JavaFX Application Thread] DEBUG FS                   - Writing to: system\fxgl.bundle
15:04:16.392 [JavaFX Application Thread] DEBUG IOTask               - Task succeeded: writeDataTask(system/fxgl.bundle)
