17:01:36.320 [FXGL Launcher Thread     ] DEBUG FXGLLoggerFactory    - Service [LoggerFactory] initialized
17:01:36.324 [FXGL Launcher Thread     ] DEBUG FXGL                 - FXGL configuration complete
17:01:36.324 [FXGL Launcher Thread     ] DEBUG FXGL                 - Loading FXGL system data
17:01:36.326 [FXGL Launcher Thread     ] DEBUG IOTask               - Executing task: readDataTask(system/fxgl.bundle)
17:01:36.329 [FXGL Launcher Thread     ] DEBUG FS                   - Reading from: system\fxgl.bundle
17:01:36.334 [FXGL Launcher Thread     ] DEBUG IOTask               - Task succeeded: readDataTask(system/fxgl.bundle)
17:01:36.334 [FXGL Launcher Thread     ] DEBUG Bundle               - Logging bundle: FXGL
17:01:36.334 [FXGL Launcher Thread     ] DEBUG Bundle               - FXGL.offline.timer.version.check=2017-01-12T08:38:28.585
17:01:36.339 [FXGL Launcher Thread     ] DEBUG GameApplication      - Configuring GameApplication
17:01:36.342 [FXGL Launcher Thread     ] DEBUG FXGLExceptionHandler - Service [ExceptionHandler] initialized
17:01:36.342 [FXGL Launcher Thread     ] DEBUG FXGLEventBus         - Service [EventBus] initialized
17:01:36.345 [FXGL Launcher Thread     ] DEBUG FXGLExecutor         - Service [Executor] initialized
17:01:36.345 [FXGL Launcher Thread     ] DEBUG PreInitTask          - Injecting gameWorld & physicsWorld
17:01:36.350 [FXGL Launcher Thread     ] DEBUG GameWorld            - Game world initialized
17:01:36.381 [FXGL Launcher Thread     ] DEBUG FXGLPooler           - Service [Pooler] initialized with default size = 128
17:01:36.381 [FXGL Launcher Thread     ] DEBUG PhysicsWorld         - Physics world initialized: appHeight=700.0, physics.ppm=50.0
17:01:36.382 [FXGL Launcher Thread     ] DEBUG FXGLInput            - Service [Input] initialized
17:01:36.397 [FXGL Launcher Thread     ] DEBUG FXGLInput            - Registered new binding: Screenshot - P
17:01:36.398 [FXGL Launcher Thread     ] DEBUG FXGLInput            - Registered new binding: Dev Options - CTRL+0
17:01:36.398 [FXGL Launcher Thread     ] DEBUG FXGLInput            - Registered new binding: Move Up - W
17:01:36.398 [FXGL Launcher Thread     ] DEBUG FXGLInput            - Registered new binding: Move Right - A
17:01:36.398 [FXGL Launcher Thread     ] DEBUG FXGLInput            - Registered new binding: Move Left - D
17:01:36.398 [FXGL Launcher Thread     ] DEBUG FXGLInput            - Registered new binding: Move Down - S
17:01:36.419 [FXGL Launcher Thread     ] DEBUG GameScene            - Game scene initialized: 800.0x700.0
17:01:36.425 [FXGL Launcher Thread     ] DEBUG FXGLAssetLoader      - Service [AssetLoader] initialized: cacheSize=35
17:01:36.427 [FXGL Launcher Thread     ] DEBUG FXGLAssetLoader      - Loading from disk: /assets/sounds/system/notification.wav
17:01:36.444 [FXGL Launcher Thread     ] DEBUG FXGLAssetLoader      - Loading from disk: /assets/sounds/menu/select.wav
17:01:36.446 [FXGL Launcher Thread     ] DEBUG FXGLAssetLoader      - Loading from disk: /assets/sounds/menu/back.wav
17:01:36.447 [FXGL Launcher Thread     ] DEBUG FXGLAssetLoader      - Loading from disk: /assets/sounds/menu/press.wav
17:01:36.448 [FXGL Launcher Thread     ] DEBUG FXGLAssetLoader      - Loading from disk: /assets/ui/fonts/Copperplate_Gothic_Light_Regular.ttf
17:01:36.585 [FXGL Launcher Thread     ] DEBUG FXGLAssetLoader      - Loading from disk: /assets/ui/css/fxgl.css
17:01:36.585 [FXGL Launcher Thread     ] DEBUG FXGLAssetLoader      - Loading from disk: /assets/ui/icons/fxgl_icon.png
17:01:36.616 [FXGL Launcher Thread     ] DEBUG FXGLAssetLoader      - Loading from disk: /assets/ui/css/fxgl_dark.css
17:01:36.625 [FXGL Launcher Thread     ] DEBUG FXGLDisplay          - Target size: DoubleProperty [value: 800.0] x DoubleProperty [value: 700.0] @ 1.0
17:01:36.625 [FXGL Launcher Thread     ] DEBUG FXGLDisplay          - New size:    800.0 x 700.0 @ DoubleProperty [value: 1.0]
17:01:36.625 [FXGL Launcher Thread     ] DEBUG FXGLDisplay          - Service [Display] initialized
17:01:36.626 [FXGL Launcher Thread     ] DEBUG FXGLDisplay          - Using CSS: CSS(externalForm=jar:file:/I:/Documents/NetBeansProjects/MotherLoad/MotherLoad/lib/fxgl-0.2.9-uber.jar!/assets/ui/css/fxgl_dark.css)
17:01:36.626 [FXGL Launcher Thread     ] DEBUG InitScenesTask       - Injecting loadingScene & gameScene
17:01:36.647 [FXGL Launcher Thread     ] DEBUG FXGLMasterTimer      - Service [MasterTimer] initialized
17:01:36.649 [FXGL Launcher Thread     ] DEBUG FXGLAudioPlayer      - Service [AudioPlayer] initialized
17:01:36.656 [FXGL Launcher Thread     ] DEBUG InitProfilerTask     - Injecting profiler
17:01:36.656 [FXGL Launcher Thread     ] DEBUG GameApplication      - Starting new game
17:01:36.657 [FXGL Launcher Thread     ] DEBUG GameApplication      - Initializing App
17:01:36.658 [FXGL Launcher Thread     ] DEBUG FXGLInput            - Clearing active input actions
17:01:36.659 [FXGL Launcher Thread     ] DEBUG FXGLMasterTimer      - Stopping master timer
17:01:36.659 [FXGL Launcher Thread     ] DEBUG GameApplication      - State: STARTUP -> PAUSED
17:01:36.659 [FXGL Launcher Thread     ] DEBUG FXGLEventBus         - Firing event: FXGLEvent[type=PAUSE]
17:01:36.660 [FXGL Launcher Thread     ] DEBUG FXGLInput            - Clearing active input actions
17:01:36.660 [FXGL Launcher Thread     ] DEBUG FXGLMasterTimer      - Resetting ticks and clearing all actions
17:01:36.660 [FXGL Launcher Thread     ] DEBUG GameWorld            - Resetting game world
17:01:36.660 [FXGL Launcher Thread     ] TRACE EntityWorld          - Resetting entity world
17:01:36.661 [FXGL Launcher Thread     ] DEBUG PhysicsWorld         - Resetting physics world
17:01:36.662 [FXGL Launcher Thread     ] DEBUG GameScene            - Resetting game scene
17:01:36.662 [FXGL Launcher Thread     ] DEBUG FXGLEventBus         - Firing event: FXGLEvent[type=RESET]
17:01:36.711 [FXGL Launcher Thread     ] DEBUG GameApplication      - State: PAUSED -> LOADING
17:01:36.736 [FXGL Background Thread 1 ] DEBUG InitAppTask          - Initializing Assets
17:01:36.737 [FXGL Background Thread 1 ] DEBUG InitAppTask          - Initializing Game
17:01:36.753 [FXGL Background Thread 1 ] DEBUG InitAppTask          - Initializing Physics
17:01:36.753 [FXGL Background Thread 1 ] DEBUG InitAppTask          - Initializing UI
17:01:36.754 [FXGL Background Thread 1 ] DEBUG InitAppTask          - Initialization Complete
17:01:36.781 [JavaFX Application Thread] DEBUG FXGLDisplay          - Showing stage
17:01:36.781 [JavaFX Application Thread] DEBUG FXGLDisplay          - Root size: 800.0x700.0
17:01:36.781 [JavaFX Application Thread] DEBUG FXGLDisplay          - Scene size: 800.0x700.0
17:01:36.781 [JavaFX Application Thread] DEBUG FXGLDisplay          - Stage size: 816.0x739.0
17:01:36.823 [JavaFX Application Thread] DEBUG FXGLInput            - Clearing active input actions
17:01:36.824 [JavaFX Application Thread] DEBUG FXGLMasterTimer      - Starting master timer
17:01:36.824 [JavaFX Application Thread] DEBUG GameApplication      - State: LOADING -> PLAYING
17:01:36.828 [JavaFX Application Thread] DEBUG FXGLEventBus         - Firing event: FXGLEvent[type=RESUME]
17:01:36.830 [JavaFX Application Thread] DEBUG GameScene            - Entity added to scene
17:01:36.831 [JavaFX Application Thread] DEBUG GameScene            - Added MainViewComponent
17:01:36.833 [JavaFX Application Thread] DEBUG GameScene            - Creating render group for layer: TOP(2147483647)
17:01:39.748 [JavaFX Application Thread] DEBUG FXGLEventBus         - Firing event: DisplayEvent[type=CLOSE_REQUEST]
17:01:39.749 [JavaFX Application Thread] DEBUG FXGLEventBus         - Firing event: FXGLEvent[type=EXIT]
17:01:39.751 [JavaFX Application Thread] DEBUG FXGL                 - Saving FXGL system data
17:01:39.752 [JavaFX Application Thread] DEBUG IOTask               - Executing task: writeDataTask(system/fxgl.bundle)
17:01:39.753 [JavaFX Application Thread] DEBUG FS                   - Writing to: system\fxgl.bundle
17:01:39.756 [JavaFX Application Thread] DEBUG IOTask               - Task succeeded: writeDataTask(system/fxgl.bundle)
