10:41:27.117 [FXGL Launcher Thread     ] DEBUG FXGLLoggerFactory    - Service [LoggerFactory] initialized
10:41:27.122 [FXGL Launcher Thread     ] DEBUG FXGL                 - FXGL configuration complete
10:41:27.122 [FXGL Launcher Thread     ] DEBUG FXGL                 - Loading FXGL system data
10:41:27.124 [FXGL Launcher Thread     ] DEBUG IOTask               - Executing task: readDataTask(system/fxgl.bundle)
10:41:27.127 [FXGL Launcher Thread     ] DEBUG FS                   - Reading from: system\fxgl.bundle
10:41:27.133 [FXGL Launcher Thread     ] DEBUG IOTask               - Task succeeded: readDataTask(system/fxgl.bundle)
10:41:27.133 [FXGL Launcher Thread     ] DEBUG Bundle               - Logging bundle: FXGL
10:41:27.137 [FXGL Launcher Thread     ] DEBUG Bundle               - FXGL.offline.timer.version.check=2017-01-12T08:38:28.585
10:41:27.146 [FXGL Launcher Thread     ] DEBUG GameApplication      - Configuring GameApplication
10:41:27.152 [FXGL Launcher Thread     ] DEBUG FXGLExceptionHandler - Service [ExceptionHandler] initialized
10:41:27.152 [FXGL Launcher Thread     ] DEBUG FXGLEventBus         - Service [EventBus] initialized
10:41:27.156 [FXGL Launcher Thread     ] DEBUG FXGLExecutor         - Service [Executor] initialized
10:41:27.156 [FXGL Launcher Thread     ] DEBUG PreInitTask          - Injecting gameWorld & physicsWorld
10:41:27.161 [FXGL Launcher Thread     ] DEBUG GameWorld            - Game world initialized
10:41:27.194 [FXGL Launcher Thread     ] DEBUG FXGLPooler           - Service [Pooler] initialized with default size = 128
10:41:27.195 [FXGL Launcher Thread     ] DEBUG PhysicsWorld         - Physics world initialized: appHeight=700.0, physics.ppm=50.0
10:41:27.196 [FXGL Launcher Thread     ] DEBUG FXGLInput            - Service [Input] initialized
10:41:27.213 [FXGL Launcher Thread     ] DEBUG FXGLInput            - Registered new binding: Screenshot - P
10:41:27.213 [FXGL Launcher Thread     ] DEBUG FXGLInput            - Registered new binding: Dev Options - CTRL+0
10:41:27.213 [FXGL Launcher Thread     ] DEBUG FXGLInput            - Registered new binding: Move Up - W
10:41:27.213 [FXGL Launcher Thread     ] DEBUG FXGLInput            - Registered new binding: Move Right - A
10:41:27.214 [FXGL Launcher Thread     ] DEBUG FXGLInput            - Registered new binding: Move Left - D
10:41:27.214 [FXGL Launcher Thread     ] DEBUG FXGLInput            - Registered new binding: Move Down - S
10:41:27.238 [FXGL Launcher Thread     ] DEBUG GameScene            - Game scene initialized: 800.0x700.0
10:41:27.243 [FXGL Launcher Thread     ] DEBUG FXGLAssetLoader      - Service [AssetLoader] initialized: cacheSize=35
10:41:27.245 [FXGL Launcher Thread     ] DEBUG FXGLAssetLoader      - Loading from disk: /assets/sounds/system/notification.wav
10:41:27.275 [FXGL Launcher Thread     ] DEBUG FXGLAssetLoader      - Loading from disk: /assets/sounds/menu/select.wav
10:41:27.277 [FXGL Launcher Thread     ] DEBUG FXGLAssetLoader      - Loading from disk: /assets/sounds/menu/back.wav
10:41:27.279 [FXGL Launcher Thread     ] DEBUG FXGLAssetLoader      - Loading from disk: /assets/sounds/menu/press.wav
10:41:27.281 [FXGL Launcher Thread     ] DEBUG FXGLAssetLoader      - Loading from disk: /assets/ui/fonts/Copperplate_Gothic_Light_Regular.ttf
10:41:27.417 [FXGL Launcher Thread     ] DEBUG FXGLAssetLoader      - Loading from disk: /assets/ui/css/fxgl.css
10:41:27.417 [FXGL Launcher Thread     ] DEBUG FXGLAssetLoader      - Loading from disk: /assets/ui/icons/fxgl_icon.png
10:41:27.447 [FXGL Launcher Thread     ] DEBUG FXGLAssetLoader      - Loading from disk: /assets/ui/css/fxgl_dark.css
10:41:27.455 [FXGL Launcher Thread     ] DEBUG FXGLDisplay          - Target size: DoubleProperty [value: 800.0] x DoubleProperty [value: 700.0] @ 1.0
10:41:27.455 [FXGL Launcher Thread     ] DEBUG FXGLDisplay          - New size:    800.0 x 700.0 @ DoubleProperty [value: 1.0]
10:41:27.455 [FXGL Launcher Thread     ] DEBUG FXGLDisplay          - Service [Display] initialized
10:41:27.456 [FXGL Launcher Thread     ] DEBUG FXGLDisplay          - Using CSS: CSS(externalForm=jar:file:/C:/Users/Vic%20Spet/Documents/NetBeansProjects/MotherLoadProject/MotherLoad/lib/fxgl-0.2.9-uber.jar!/assets/ui/css/fxgl_dark.css)
10:41:27.456 [FXGL Launcher Thread     ] DEBUG InitScenesTask       - Injecting loadingScene & gameScene
10:41:27.476 [FXGL Launcher Thread     ] DEBUG FXGLMasterTimer      - Service [MasterTimer] initialized
10:41:27.479 [FXGL Launcher Thread     ] DEBUG FXGLAudioPlayer      - Service [AudioPlayer] initialized
10:41:27.487 [FXGL Launcher Thread     ] DEBUG InitProfilerTask     - Injecting profiler
10:41:27.487 [FXGL Launcher Thread     ] DEBUG GameApplication      - Starting new game
10:41:27.488 [FXGL Launcher Thread     ] DEBUG GameApplication      - Initializing App
10:41:27.489 [FXGL Launcher Thread     ] DEBUG FXGLInput            - Clearing active input actions
10:41:27.490 [FXGL Launcher Thread     ] DEBUG FXGLMasterTimer      - Stopping master timer
10:41:27.490 [FXGL Launcher Thread     ] DEBUG GameApplication      - State: STARTUP -> PAUSED
10:41:27.490 [FXGL Launcher Thread     ] DEBUG FXGLEventBus         - Firing event: FXGLEvent[type=PAUSE]
10:41:27.492 [FXGL Launcher Thread     ] DEBUG FXGLInput            - Clearing active input actions
10:41:27.492 [FXGL Launcher Thread     ] DEBUG FXGLMasterTimer      - Resetting ticks and clearing all actions
10:41:27.492 [FXGL Launcher Thread     ] DEBUG GameWorld            - Resetting game world
10:41:27.492 [FXGL Launcher Thread     ] TRACE EntityWorld          - Resetting entity world
10:41:27.493 [FXGL Launcher Thread     ] DEBUG PhysicsWorld         - Resetting physics world
10:41:27.494 [FXGL Launcher Thread     ] DEBUG GameScene            - Resetting game scene
10:41:27.494 [FXGL Launcher Thread     ] DEBUG FXGLEventBus         - Firing event: FXGLEvent[type=RESET]
10:41:27.541 [FXGL Launcher Thread     ] DEBUG GameApplication      - State: PAUSED -> LOADING
10:41:27.569 [FXGL Background Thread 1 ] DEBUG InitAppTask          - Initializing Assets
10:41:27.570 [FXGL Background Thread 1 ] DEBUG InitAppTask          - Initializing Game
10:41:27.589 [FXGL Background Thread 1 ] DEBUG FXGLAssetLoader      - Loading from disk: /assets/textures/PlayerLeft.png
10:41:27.598 [FXGL Background Thread 1 ] DEBUG InitAppTask          - Initializing Physics
10:41:27.599 [FXGL Background Thread 1 ] DEBUG InitAppTask          - Initializing UI
10:41:27.599 [FXGL Background Thread 1 ] DEBUG InitAppTask          - Initialization Complete
10:41:27.611 [JavaFX Application Thread] DEBUG FXGLDisplay          - Showing stage
10:41:27.611 [JavaFX Application Thread] DEBUG FXGLDisplay          - Root size: 800.0x700.0
10:41:27.611 [JavaFX Application Thread] DEBUG FXGLDisplay          - Scene size: 800.0x700.0
10:41:27.611 [JavaFX Application Thread] DEBUG FXGLDisplay          - Stage size: 818.0x747.0
10:41:27.658 [JavaFX Application Thread] DEBUG FXGLInput            - Clearing active input actions
10:41:27.658 [JavaFX Application Thread] DEBUG FXGLMasterTimer      - Starting master timer
10:41:27.658 [JavaFX Application Thread] DEBUG GameApplication      - State: LOADING -> PLAYING
10:41:27.662 [JavaFX Application Thread] DEBUG FXGLEventBus         - Firing event: FXGLEvent[type=RESUME]
10:41:27.665 [JavaFX Application Thread] DEBUG GameScene            - Entity added to scene
10:41:27.666 [JavaFX Application Thread] DEBUG GameScene            - Added MainViewComponent
10:41:27.668 [JavaFX Application Thread] DEBUG GameScene            - Creating render group for layer: TOP(2147483647)
10:41:27.671 [JavaFX Application Thread] DEBUG GameScene            - Entity added to scene
10:41:27.672 [JavaFX Application Thread] DEBUG GameScene            - Added MainViewComponent
10:43:37.014 [JavaFX Application Thread] DEBUG FXGLEventBus         - Firing event: DisplayEvent[type=CLOSE_REQUEST]
10:43:37.015 [JavaFX Application Thread] DEBUG FXGLEventBus         - Firing event: FXGLEvent[type=EXIT]
10:43:37.017 [JavaFX Application Thread] DEBUG FXGL                 - Saving FXGL system data
10:43:37.018 [JavaFX Application Thread] DEBUG IOTask               - Executing task: writeDataTask(system/fxgl.bundle)
10:43:37.019 [JavaFX Application Thread] DEBUG FS                   - Writing to: system\fxgl.bundle
10:43:37.022 [JavaFX Application Thread] DEBUG IOTask               - Task succeeded: writeDataTask(system/fxgl.bundle)
