22:09:06.729 [FXGL Launcher Thread     ] DEBUG FXGLLoggerFactory    - Service [LoggerFactory] initialized
22:09:06.733 [FXGL Launcher Thread     ] DEBUG FXGL                 - FXGL configuration complete
22:09:06.734 [FXGL Launcher Thread     ] DEBUG FXGL                 - Loading FXGL system data
22:09:06.736 [FXGL Launcher Thread     ] DEBUG IOTask               - Executing task: readDataTask(system/fxgl.bundle)
22:09:06.739 [FXGL Launcher Thread     ] DEBUG FS                   - Reading from: system\fxgl.bundle
22:09:06.744 [FXGL Launcher Thread     ] DEBUG IOTask               - Task succeeded: readDataTask(system/fxgl.bundle)
22:09:06.744 [FXGL Launcher Thread     ] DEBUG Bundle               - Logging bundle: FXGL
22:09:06.746 [FXGL Launcher Thread     ] DEBUG Bundle               - FXGL.offline.timer.version.check=2017-01-12T08:38:28.585
22:09:06.752 [FXGL Launcher Thread     ] DEBUG GameApplication      - Configuring GameApplication
22:09:06.755 [FXGL Launcher Thread     ] DEBUG FXGLExceptionHandler - Service [ExceptionHandler] initialized
22:09:06.755 [FXGL Launcher Thread     ] DEBUG FXGLEventBus         - Service [EventBus] initialized
22:09:06.758 [FXGL Launcher Thread     ] DEBUG FXGLExecutor         - Service [Executor] initialized
22:09:06.758 [FXGL Launcher Thread     ] DEBUG PreInitTask          - Injecting gameWorld & physicsWorld
22:09:06.763 [FXGL Launcher Thread     ] DEBUG GameWorld            - Game world initialized
22:09:06.797 [FXGL Launcher Thread     ] DEBUG FXGLPooler           - Service [Pooler] initialized with default size = 128
22:09:06.798 [FXGL Launcher Thread     ] DEBUG PhysicsWorld         - Physics world initialized: appHeight=700.0, physics.ppm=50.0
22:09:06.798 [FXGL Launcher Thread     ] DEBUG FXGLInput            - Service [Input] initialized
22:09:06.814 [FXGL Launcher Thread     ] DEBUG FXGLInput            - Registered new binding: Screenshot - P
22:09:06.815 [FXGL Launcher Thread     ] DEBUG FXGLInput            - Registered new binding: Dev Options - CTRL+0
22:09:06.815 [FXGL Launcher Thread     ] DEBUG FXGLInput            - Registered new binding: Move With Mouse - PRIMARY
22:09:06.815 [FXGL Launcher Thread     ] DEBUG FXGLInput            - Registered new binding: Move up - W
22:09:06.816 [FXGL Launcher Thread     ] DEBUG FXGLInput            - Registered new binding: Open Fuel Shop - 1
22:09:06.816 [FXGL Launcher Thread     ] DEBUG FXGLInput            - Registered new binding: Open Sell - 2
22:09:06.838 [FXGL Launcher Thread     ] DEBUG GameScene            - Game scene initialized: 800.0x700.0
22:09:06.844 [FXGL Launcher Thread     ] DEBUG FXGLAssetLoader      - Service [AssetLoader] initialized: cacheSize=35
22:09:06.846 [FXGL Launcher Thread     ] DEBUG FXGLAssetLoader      - Loading from disk: /assets/sounds/system/notification.wav
22:09:06.879 [FXGL Launcher Thread     ] DEBUG FXGLAssetLoader      - Loading from disk: /assets/sounds/menu/select.wav
22:09:06.881 [FXGL Launcher Thread     ] DEBUG FXGLAssetLoader      - Loading from disk: /assets/sounds/menu/back.wav
22:09:06.882 [FXGL Launcher Thread     ] DEBUG FXGLAssetLoader      - Loading from disk: /assets/sounds/menu/press.wav
22:09:06.884 [FXGL Launcher Thread     ] DEBUG FXGLAssetLoader      - Loading from disk: /assets/ui/fonts/Copperplate_Gothic_Light_Regular.ttf
22:09:07.012 [FXGL Launcher Thread     ] DEBUG FXGLAssetLoader      - Loading from disk: /assets/ui/css/fxgl.css
22:09:07.012 [FXGL Launcher Thread     ] DEBUG FXGLAssetLoader      - Loading from disk: /assets/ui/icons/fxgl_icon.png
22:09:07.040 [FXGL Launcher Thread     ] DEBUG FXGLEventBus         - Firing event: SaveEvent
22:09:07.046 [FXGL Launcher Thread     ] DEBUG FXGLAssetLoader      - Loading from disk: /assets/textures/Menu Image.png
22:09:07.084 [FXGL Launcher Thread     ] DEBUG Menu                 - createMenuBodyMainMenu()
22:09:07.090 [FXGL Launcher Thread     ] DEBUG Menu                 - createOptionsMenu()
22:09:07.097 [FXGL Launcher Thread     ] DEBUG Menu                 - createExtraMenu()
22:09:07.102 [FXGL Launcher Thread     ] DEBUG FXGLAssetLoader      - Loading from cache: /assets/textures/Menu Image.png
22:09:07.103 [FXGL Launcher Thread     ] DEBUG Menu                 - createMenuBodyGameMenu()
22:09:07.104 [FXGL Launcher Thread     ] DEBUG Menu                 - createOptionsMenu()
22:09:07.105 [FXGL Launcher Thread     ] DEBUG Menu                 - createExtraMenu()
22:09:07.108 [FXGL Launcher Thread     ] DEBUG FXGLAssetLoader      - Loading from disk: /assets/ui/css/fxgl_dark.css
22:09:07.116 [FXGL Launcher Thread     ] DEBUG FXGLDisplay          - Target size: DoubleProperty [value: 800.0] x DoubleProperty [value: 700.0] @ 1.0
22:09:07.116 [FXGL Launcher Thread     ] DEBUG FXGLDisplay          - New size:    800.0 x 700.0 @ DoubleProperty [value: 1.0]
22:09:07.116 [FXGL Launcher Thread     ] DEBUG FXGLDisplay          - Service [Display] initialized
22:09:07.117 [FXGL Launcher Thread     ] DEBUG FXGLDisplay          - Using CSS: CSS(externalForm=jar:file:/C:/Users/Vic%20Spet/Documents/NetBeansProjects/MotherLoadProject/MotherLoad/lib/fxgl-0.2.9-uber.jar!/assets/ui/css/fxgl_dark.css)
22:09:07.117 [FXGL Launcher Thread     ] DEBUG InitScenesTask       - Injecting mainMenuScene & gameMenuScene
22:09:07.117 [FXGL Launcher Thread     ] DEBUG InitScenesTask       - Injecting loadingScene & gameScene
22:09:07.138 [FXGL Launcher Thread     ] DEBUG FXGLMasterTimer      - Service [MasterTimer] initialized
22:09:07.140 [FXGL Launcher Thread     ] DEBUG FXGLAudioPlayer      - Service [AudioPlayer] initialized
22:09:07.146 [FXGL Launcher Thread     ] DEBUG InitProfilerTask     - Injecting profiler
22:09:07.147 [FXGL Launcher Thread     ] DEBUG GameApplication      - State: STARTUP -> MAIN_MENU
22:09:07.184 [FXGL Launcher Thread     ] DEBUG SaveLoadManager      - Checking profiles dir: profiles/
22:09:07.184 [FXGL Launcher Thread     ] DEBUG SaveLoadManager      - Loading profile names
22:09:07.185 [FXGL Launcher Thread     ] DEBUG IOTask               - Showing dialog
22:09:07.191 [FXGL Launcher Thread     ] DEBUG FXGLEventBus         - Firing event: DisplayEvent[type=DIALOG_OPENED]
22:09:07.192 [FXGL Launcher Thread     ] DEBUG FXGLInput            - Clearing active input actions
22:09:07.194 [FXGL Background Thread 1 ] DEBUG IOTask               - Executing task: loadDirectoryNamesTask(./profiles/, false)
22:09:07.319 [JavaFX Application Thread] DEBUG FXGLDisplay          - Showing stage
22:09:07.319 [JavaFX Application Thread] DEBUG FXGLDisplay          - Root size: 800.0x700.0
22:09:07.320 [JavaFX Application Thread] DEBUG FXGLDisplay          - Scene size: 800.0x700.0
22:09:07.320 [JavaFX Application Thread] DEBUG FXGLDisplay          - Stage size: 818.0x747.0
22:09:07.433 [JavaFX Application Thread] DEBUG IOTask               - succeed(): Dismissing dialog
22:09:07.434 [JavaFX Application Thread] DEBUG FXGLEventBus         - Firing event: DisplayEvent[type=DIALOG_CLOSED]
22:09:07.434 [JavaFX Application Thread] DEBUG IOTask               - Task succeeded: loadDirectoryNamesTask(./profiles/, false)
22:09:07.437 [JavaFX Application Thread] DEBUG FXGLEventBus         - Firing event: DisplayEvent[type=DIALOG_OPENED]
22:09:07.437 [JavaFX Application Thread] DEBUG FXGLInput            - Clearing active input actions
22:09:08.206 [JavaFX Application Thread] DEBUG FXGLEventBus         - Firing event: DisplayEvent[type=DIALOG_CLOSED]
22:09:08.207 [JavaFX Application Thread] DEBUG SaveLoadManager      - Loading profile: Mack
22:09:08.207 [JavaFX Application Thread] DEBUG IOTask               - Showing dialog
22:09:08.210 [JavaFX Application Thread] DEBUG FXGLEventBus         - Firing event: DisplayEvent[type=DIALOG_OPENED]
22:09:08.210 [JavaFX Application Thread] DEBUG FXGLInput            - Clearing active input actions
22:09:08.211 [FXGL Background Thread 1 ] DEBUG IOTask               - Executing task: readDataTask(./profiles/Mack/user.profile)
22:09:08.211 [FXGL Background Thread 1 ] DEBUG FS                   - Reading from: .\profiles\Mack\user.profile
22:09:08.224 [JavaFX Application Thread] DEBUG IOTask               - succeed(): Dismissing dialog
22:09:08.225 [JavaFX Application Thread] DEBUG FXGLEventBus         - Firing event: DisplayEvent[type=DIALOG_CLOSED]
22:09:08.225 [JavaFX Application Thread] DEBUG IOTask               - Task succeeded: readDataTask(./profiles/Mack/user.profile)
22:09:08.225 [JavaFX Application Thread] DEBUG FXGLEventBus         - Firing event: LoadEvent[type=LOAD_PROFILE]
22:09:08.225 [JavaFX Application Thread] DEBUG FXGLInput            - Loading data from profile
22:09:08.225 [JavaFX Application Thread] DEBUG Bundle               - Logging bundle: input
22:09:08.225 [JavaFX Application Thread] DEBUG Bundle               - input.Open Fuel Shop=1
22:09:08.225 [JavaFX Application Thread] DEBUG Bundle               - input.Screenshot=H
22:09:08.225 [JavaFX Application Thread] DEBUG Bundle               - input.Dev Options=CTRL+0
22:09:08.225 [JavaFX Application Thread] DEBUG Bundle               - input.Move up=W
22:09:08.225 [JavaFX Application Thread] DEBUG Bundle               - input.Open Sell=2
22:09:08.225 [JavaFX Application Thread] DEBUG Bundle               - input.Move With Mouse=PRIMARY
22:09:08.226 [JavaFX Application Thread] DEBUG FXGLDisplay          - Loading data from profile
22:09:08.226 [JavaFX Application Thread] DEBUG Bundle               - Logging bundle: scene
22:09:08.226 [JavaFX Application Thread] DEBUG Bundle               - scene.sizeW=822.8571428571428
22:09:08.226 [JavaFX Application Thread] DEBUG Bundle               - scene.sizeH=720.0
22:09:08.226 [JavaFX Application Thread] DEBUG FXGLDisplay          - Target size: DoubleProperty [value: 822.8571428571428] x DoubleProperty [value: 720.0] @ 1.0
22:09:08.226 [JavaFX Application Thread] DEBUG FXGLDisplay          - New size:    822.8571428571428 x 720.0 @ DoubleProperty [value: 1.0285714285714285]
22:09:08.267 [JavaFX Application Thread] DEBUG FXGLAudioPlayer      - Loading data from profile
22:09:08.267 [JavaFX Application Thread] DEBUG Bundle               - Logging bundle: audio
22:09:08.267 [JavaFX Application Thread] DEBUG Bundle               - audio.musicVolume=1.0
22:09:08.267 [JavaFX Application Thread] DEBUG Bundle               - audio.soundVolume=0.47449908925318784
22:09:08.268 [JavaFX Application Thread] DEBUG AchievementManager   - Service [AchievementManager] initialized
22:09:08.268 [JavaFX Application Thread] DEBUG AchievementManager   - Loading data from profile
22:09:08.268 [JavaFX Application Thread] DEBUG Bundle               - Logging bundle: achievement
22:09:08.268 [JavaFX Application Thread] DEBUG FXGLMasterTimer      - Loading data from profile
22:09:08.268 [JavaFX Application Thread] DEBUG Bundle               - Logging bundle: timer
22:09:08.268 [JavaFX Application Thread] DEBUG Bundle               - timer.playtime=1725455266694
22:09:08.269 [JavaFX Application Thread] DEBUG SaveLoadManager      - Loading last modified save file
22:09:08.269 [JavaFX Application Thread] DEBUG SaveLoadManager      - Loading save files
22:09:08.271 [JavaFX Application Thread] DEBUG IOTask               - Showing dialog
22:09:08.274 [JavaFX Application Thread] DEBUG FXGLEventBus         - Firing event: DisplayEvent[type=DIALOG_OPENED]
22:09:08.274 [JavaFX Application Thread] DEBUG FXGLInput            - Clearing active input actions
22:09:08.274 [FXGL Background Thread 1 ] DEBUG IOTask               - Executing task: loadFileNamesTask(./profiles/Mack/saves/, true, [FileExtension(extension=.sav)])
22:09:08.274 [FXGL Background Thread 1 ] DEBUG IOTask               - Executing task: loadFileNamesTask(./profiles/Mack/saves/, true, [FileExtension(extension=.sav)])
22:09:08.274 [FXGL Background Thread 1 ] DEBUG IOTask               - Executing task: loadFileNamesTask(./profiles/Mack/saves/, true, [FileExtension(extension=.sav)])
22:09:08.277 [FXGL Background Thread 1 ] DEBUG IOTask               - Executing task: readSaveFiles
22:09:08.278 [FXGL Background Thread 1 ] DEBUG IOTask               - Executing task: readDataTask(./profiles/Mack/saves/hh.sav)
22:09:08.279 [FXGL Background Thread 1 ] DEBUG FS                   - Reading from: .\profiles\Mack\saves\hh.sav
22:09:08.288 [FXGL Background Thread 1 ] DEBUG IOTask               - Task succeeded: readDataTask(./profiles/Mack/saves/hh.sav)
22:09:08.289 [FXGL Background Thread 1 ] DEBUG IOTask               - Executing task: readDataTask(./profiles/Mack/saves/Test.sav)
22:09:08.289 [FXGL Background Thread 1 ] DEBUG FS                   - Reading from: .\profiles\Mack\saves\Test.sav
22:09:08.289 [FXGL Background Thread 1 ] DEBUG IOTask               - Task succeeded: readDataTask(./profiles/Mack/saves/Test.sav)
22:09:08.290 [FXGL Background Thread 1 ] DEBUG IOTask               - Executing task: findLastSave
22:09:08.330 [JavaFX Application Thread] DEBUG IOTask               - succeed(): Dismissing dialog
22:09:08.330 [JavaFX Application Thread] DEBUG FXGLEventBus         - Firing event: DisplayEvent[type=DIALOG_CLOSED]
22:09:08.330 [JavaFX Application Thread] DEBUG IOTask               - Task succeeded: loadFileNamesTask(./profiles/Mack/saves/, true, [FileExtension(extension=.sav)])
22:09:08.330 [JavaFX Application Thread] DEBUG FXGLEventBus         - Firing event: ProfileSelectedEvent[name=Mack,hasSaves=true]
22:09:08.829 [JavaFX Application Thread] DEBUG Menu                 - fireNewGame()
22:09:08.830 [JavaFX Application Thread] DEBUG GameApplication      - Starting new game
22:09:08.830 [JavaFX Application Thread] DEBUG GameApplication      - Initializing App
22:09:08.831 [JavaFX Application Thread] DEBUG FXGLInput            - Clearing active input actions
22:09:08.831 [JavaFX Application Thread] DEBUG FXGLMasterTimer      - Stopping master timer
22:09:08.832 [JavaFX Application Thread] DEBUG GameApplication      - State: MAIN_MENU -> PAUSED
22:09:08.832 [JavaFX Application Thread] DEBUG FXGLEventBus         - Firing event: FXGLEvent[type=PAUSE]
22:09:08.832 [JavaFX Application Thread] DEBUG FXGLInput            - Clearing active input actions
22:09:08.832 [JavaFX Application Thread] DEBUG FXGLMasterTimer      - Resetting ticks and clearing all actions
22:09:08.832 [JavaFX Application Thread] DEBUG GameWorld            - Resetting game world
22:09:08.832 [JavaFX Application Thread] TRACE EntityWorld          - Resetting entity world
22:09:08.833 [JavaFX Application Thread] DEBUG PhysicsWorld         - Resetting physics world
22:09:08.833 [JavaFX Application Thread] DEBUG GameScene            - Resetting game scene
22:09:08.833 [JavaFX Application Thread] DEBUG FXGLEventBus         - Firing event: FXGLEvent[type=RESET]
22:09:09.000 [JavaFX Application Thread] DEBUG GameApplication      - State: PAUSED -> LOADING
22:09:09.004 [JavaFX Application Thread] DEBUG FXGLEventBus         - Firing event: MenuEvent[type=NEW_GAME]
22:09:09.004 [FXGL Background Thread 1 ] DEBUG InitAppTask          - Initializing Assets
22:09:09.004 [FXGL Background Thread 1 ] DEBUG InitAppTask          - Initializing Game
22:09:09.006 [FXGL Background Thread 1 ] DEBUG FXGLAssetLoader      - Loading from disk: /assets/music/test.mp3
22:09:09.035 [FXGL Background Thread 1 ] DEBUG FXGLAudioPlayer      - Playing music Music [balance=0.0, volume=1.0, rate=1.0, cycleCount=1]
22:09:09.052 [FXGL Background Thread 1 ] DEBUG InitAppTask          - Initializing Physics
22:09:09.052 [FXGL Background Thread 1 ] DEBUG InitAppTask          - Initializing UI
22:09:09.052 [FXGL Background Thread 1 ] DEBUG InitAppTask          - Initialization Complete
22:09:09.053 [JavaFX Application Thread] DEBUG FXGLInput            - Clearing active input actions
22:09:09.054 [JavaFX Application Thread] DEBUG FXGLMasterTimer      - Starting master timer
22:09:09.054 [JavaFX Application Thread] DEBUG GameApplication      - State: LOADING -> PLAYING
22:09:09.056 [JavaFX Application Thread] DEBUG FXGLEventBus         - Firing event: FXGLEvent[type=RESUME]
22:09:09.065 [JavaFX Application Thread] DEBUG GameScene            - Entity added to scene
22:09:09.066 [JavaFX Application Thread] DEBUG GameScene            - Added MainViewComponent
22:09:09.066 [JavaFX Application Thread] DEBUG GameScene            - Creating render group for layer: TOP(2147483647)
22:09:09.111 [JavaFX Application Thread] DEBUG FXGLAssetLoader      - Loading from disk: /assets/textures/Ground1.png
22:09:09.112 [JavaFX Application Thread] DEBUG FXGLAssetLoader      - Loading from cache: /assets/textures/Ground1.png
22:09:09.113 [JavaFX Application Thread] DEBUG FXGLAssetLoader      - Loading from cache: /assets/textures/Ground1.png
22:09:09.113 [JavaFX Application Thread] DEBUG FXGLAssetLoader      - Loading from cache: /assets/textures/Ground1.png
22:09:09.113 [JavaFX Application Thread] DEBUG FXGLAssetLoader      - Loading from cache: /assets/textures/Ground1.png
22:09:09.114 [JavaFX Application Thread] DEBUG FXGLAssetLoader      - Loading from cache: /assets/textures/Ground1.png
22:09:09.114 [JavaFX Application Thread] DEBUG FXGLAssetLoader      - Loading from cache: /assets/textures/Ground1.png
22:09:09.114 [JavaFX Application Thread] DEBUG FXGLAssetLoader      - Loading from cache: /assets/textures/Ground1.png
22:09:09.115 [JavaFX Application Thread] DEBUG FXGLAssetLoader      - Loading from cache: /assets/textures/Ground1.png
22:09:09.115 [JavaFX Application Thread] DEBUG FXGLAssetLoader      - Loading from cache: /assets/textures/Ground1.png
22:09:09.115 [JavaFX Application Thread] DEBUG FXGLAssetLoader      - Loading from cache: /assets/textures/Ground1.png
22:09:09.116 [JavaFX Application Thread] DEBUG FXGLAssetLoader      - Loading from cache: /assets/textures/Ground1.png
22:09:09.116 [JavaFX Application Thread] DEBUG FXGLAssetLoader      - Loading from cache: /assets/textures/Ground1.png
22:09:09.117 [JavaFX Application Thread] DEBUG FXGLAssetLoader      - Loading from cache: /assets/textures/Ground1.png
22:09:09.117 [JavaFX Application Thread] DEBUG FXGLAssetLoader      - Loading from cache: /assets/textures/Ground1.png
22:09:09.118 [JavaFX Application Thread] DEBUG FXGLAssetLoader      - Loading from cache: /assets/textures/Ground1.png
22:09:09.118 [JavaFX Application Thread] DEBUG FXGLAssetLoader      - Loading from cache: /assets/textures/Ground1.png
22:09:09.118 [JavaFX Application Thread] DEBUG FXGLAssetLoader      - Loading from cache: /assets/textures/Ground1.png
22:09:09.119 [JavaFX Application Thread] DEBUG FXGLAssetLoader      - Loading from cache: /assets/textures/Ground1.png
22:09:09.119 [JavaFX Application Thread] DEBUG FXGLAssetLoader      - Loading from cache: /assets/textures/Ground1.png
22:09:09.120 [JavaFX Application Thread] DEBUG FXGLAssetLoader      - Loading from cache: /assets/textures/Ground1.png
22:09:09.120 [JavaFX Application Thread] DEBUG FXGLAssetLoader      - Loading from cache: /assets/textures/Ground1.png
22:09:09.120 [JavaFX Application Thread] DEBUG FXGLAssetLoader      - Loading from cache: /assets/textures/Ground1.png
22:09:09.121 [JavaFX Application Thread] DEBUG FXGLAssetLoader      - Loading from cache: /assets/textures/Ground1.png
22:09:09.121 [JavaFX Application Thread] DEBUG FXGLAssetLoader      - Loading from cache: /assets/textures/Ground1.png
22:09:09.122 [JavaFX Application Thread] DEBUG FXGLAssetLoader      - Loading from cache: /assets/textures/Ground1.png
22:09:09.122 [JavaFX Application Thread] DEBUG FXGLAssetLoader      - Loading from cache: /assets/textures/Ground1.png
22:09:09.122 [JavaFX Application Thread] DEBUG FXGLAssetLoader      - Loading from cache: /assets/textures/Ground1.png
22:09:09.123 [JavaFX Application Thread] DEBUG FXGLAssetLoader      - Loading from cache: /assets/textures/Ground1.png
22:09:09.123 [JavaFX Application Thread] DEBUG FXGLAssetLoader      - Loading from cache: /assets/textures/Ground1.png
22:09:09.123 [JavaFX Application Thread] DEBUG FXGLAssetLoader      - Loading from cache: /assets/textures/Ground1.png
22:09:09.124 [JavaFX Application Thread] DEBUG FXGLAssetLoader      - Loading from cache: /assets/textures/Ground1.png
22:09:09.124 [JavaFX Application Thread] DEBUG FXGLAssetLoader      - Loading from cache: /assets/textures/Ground1.png
22:09:09.124 [JavaFX Application Thread] DEBUG FXGLAssetLoader      - Loading from cache: /assets/textures/Ground1.png
22:09:09.125 [JavaFX Application Thread] DEBUG FXGLAssetLoader      - Loading from cache: /assets/textures/Ground1.png
22:09:09.125 [JavaFX Application Thread] DEBUG FXGLAssetLoader      - Loading from cache: /assets/textures/Ground1.png
22:09:09.125 [JavaFX Application Thread] DEBUG FXGLAssetLoader      - Loading from cache: /assets/textures/Ground1.png
22:09:09.126 [JavaFX Application Thread] DEBUG FXGLAssetLoader      - Loading from cache: /assets/textures/Ground1.png
22:09:09.126 [JavaFX Application Thread] DEBUG FXGLAssetLoader      - Loading from cache: /assets/textures/Ground1.png
22:09:09.126 [JavaFX Application Thread] DEBUG FXGLAssetLoader      - Loading from cache: /assets/textures/Ground1.png
22:09:09.127 [JavaFX Application Thread] DEBUG FXGLAssetLoader      - Loading from cache: /assets/textures/Ground1.png
22:09:09.127 [JavaFX Application Thread] DEBUG FXGLAssetLoader      - Loading from cache: /assets/textures/Ground1.png
22:09:09.128 [JavaFX Application Thread] DEBUG FXGLAssetLoader      - Loading from cache: /assets/textures/Ground1.png
22:09:09.128 [JavaFX Application Thread] DEBUG FXGLAssetLoader      - Loading from cache: /assets/textures/Ground1.png
22:09:09.129 [JavaFX Application Thread] DEBUG FXGLAssetLoader      - Loading from cache: /assets/textures/Ground1.png
22:09:09.142 [JavaFX Application Thread] DEBUG GameScene            - Entity added to scene
22:09:09.142 [JavaFX Application Thread] DEBUG GameScene            - Added MainViewComponent
22:09:09.143 [JavaFX Application Thread] DEBUG GameScene            - Entity added to scene
22:09:09.143 [JavaFX Application Thread] DEBUG GameScene            - Added MainViewComponent
22:09:09.143 [JavaFX Application Thread] DEBUG GameScene            - Entity added to scene
22:09:09.143 [JavaFX Application Thread] DEBUG GameScene            - Added MainViewComponent
22:09:09.144 [JavaFX Application Thread] DEBUG GameScene            - Entity added to scene
22:09:09.144 [JavaFX Application Thread] DEBUG GameScene            - Added MainViewComponent
22:09:09.144 [JavaFX Application Thread] DEBUG GameScene            - Entity added to scene
22:09:09.144 [JavaFX Application Thread] DEBUG GameScene            - Added MainViewComponent
22:09:09.144 [JavaFX Application Thread] DEBUG GameScene            - Entity added to scene
22:09:09.144 [JavaFX Application Thread] DEBUG GameScene            - Added MainViewComponent
22:09:09.144 [JavaFX Application Thread] DEBUG GameScene            - Entity added to scene
22:09:09.144 [JavaFX Application Thread] DEBUG GameScene            - Added MainViewComponent
22:09:09.145 [JavaFX Application Thread] DEBUG GameScene            - Entity added to scene
22:09:09.145 [JavaFX Application Thread] DEBUG GameScene            - Added MainViewComponent
22:09:09.145 [JavaFX Application Thread] DEBUG GameScene            - Entity added to scene
22:09:09.145 [JavaFX Application Thread] DEBUG GameScene            - Added MainViewComponent
22:09:09.145 [JavaFX Application Thread] DEBUG GameScene            - Entity added to scene
22:09:09.145 [JavaFX Application Thread] DEBUG GameScene            - Added MainViewComponent
22:09:09.145 [JavaFX Application Thread] DEBUG GameScene            - Entity added to scene
22:09:09.145 [JavaFX Application Thread] DEBUG GameScene            - Added MainViewComponent
22:09:09.146 [JavaFX Application Thread] DEBUG GameScene            - Entity added to scene
22:09:09.146 [JavaFX Application Thread] DEBUG GameScene            - Added MainViewComponent
22:09:09.146 [JavaFX Application Thread] DEBUG GameScene            - Entity added to scene
22:09:09.146 [JavaFX Application Thread] DEBUG GameScene            - Added MainViewComponent
22:09:09.146 [JavaFX Application Thread] DEBUG GameScene            - Entity added to scene
22:09:09.146 [JavaFX Application Thread] DEBUG GameScene            - Added MainViewComponent
22:09:09.146 [JavaFX Application Thread] DEBUG GameScene            - Entity added to scene
22:09:09.146 [JavaFX Application Thread] DEBUG GameScene            - Added MainViewComponent
22:09:09.147 [JavaFX Application Thread] DEBUG GameScene            - Entity added to scene
22:09:09.147 [JavaFX Application Thread] DEBUG GameScene            - Added MainViewComponent
22:09:09.147 [JavaFX Application Thread] DEBUG GameScene            - Entity added to scene
22:09:09.147 [JavaFX Application Thread] DEBUG GameScene            - Added MainViewComponent
22:09:09.147 [JavaFX Application Thread] DEBUG GameScene            - Entity added to scene
22:09:09.147 [JavaFX Application Thread] DEBUG GameScene            - Added MainViewComponent
22:09:09.147 [JavaFX Application Thread] DEBUG GameScene            - Entity added to scene
22:09:09.147 [JavaFX Application Thread] DEBUG GameScene            - Added MainViewComponent
22:09:09.147 [JavaFX Application Thread] DEBUG GameScene            - Entity added to scene
22:09:09.148 [JavaFX Application Thread] DEBUG GameScene            - Added MainViewComponent
22:09:09.148 [JavaFX Application Thread] DEBUG GameScene            - Entity added to scene
22:09:09.148 [JavaFX Application Thread] DEBUG GameScene            - Added MainViewComponent
22:09:09.148 [JavaFX Application Thread] DEBUG GameScene            - Entity added to scene
22:09:09.148 [JavaFX Application Thread] DEBUG GameScene            - Added MainViewComponent
22:09:09.148 [JavaFX Application Thread] DEBUG GameScene            - Entity added to scene
22:09:09.148 [JavaFX Application Thread] DEBUG GameScene            - Added MainViewComponent
22:09:09.148 [JavaFX Application Thread] DEBUG GameScene            - Entity added to scene
22:09:09.149 [JavaFX Application Thread] DEBUG GameScene            - Added MainViewComponent
22:09:09.149 [JavaFX Application Thread] DEBUG GameScene            - Entity added to scene
22:09:09.149 [JavaFX Application Thread] DEBUG GameScene            - Added MainViewComponent
22:09:09.149 [JavaFX Application Thread] DEBUG GameScene            - Entity added to scene
22:09:09.149 [JavaFX Application Thread] DEBUG GameScene            - Added MainViewComponent
22:09:09.149 [JavaFX Application Thread] DEBUG GameScene            - Entity added to scene
22:09:09.149 [JavaFX Application Thread] DEBUG GameScene            - Added MainViewComponent
22:09:09.149 [JavaFX Application Thread] DEBUG GameScene            - Entity added to scene
22:09:09.149 [JavaFX Application Thread] DEBUG GameScene            - Added MainViewComponent
22:09:09.150 [JavaFX Application Thread] DEBUG GameScene            - Entity added to scene
22:09:09.150 [JavaFX Application Thread] DEBUG GameScene            - Added MainViewComponent
22:09:09.150 [JavaFX Application Thread] DEBUG GameScene            - Entity added to scene
22:09:09.150 [JavaFX Application Thread] DEBUG GameScene            - Added MainViewComponent
22:09:09.150 [JavaFX Application Thread] DEBUG GameScene            - Entity added to scene
22:09:09.150 [JavaFX Application Thread] DEBUG GameScene            - Added MainViewComponent
22:09:09.150 [JavaFX Application Thread] DEBUG GameScene            - Entity added to scene
22:09:09.150 [JavaFX Application Thread] DEBUG GameScene            - Added MainViewComponent
22:09:09.150 [JavaFX Application Thread] DEBUG GameScene            - Entity added to scene
22:09:09.150 [JavaFX Application Thread] DEBUG GameScene            - Added MainViewComponent
22:09:09.150 [JavaFX Application Thread] DEBUG GameScene            - Entity added to scene
22:09:09.150 [JavaFX Application Thread] DEBUG GameScene            - Added MainViewComponent
22:09:09.151 [JavaFX Application Thread] DEBUG GameScene            - Entity added to scene
22:09:09.151 [JavaFX Application Thread] DEBUG GameScene            - Added MainViewComponent
22:09:09.151 [JavaFX Application Thread] DEBUG GameScene            - Entity added to scene
22:09:09.151 [JavaFX Application Thread] DEBUG GameScene            - Added MainViewComponent
22:09:09.151 [JavaFX Application Thread] DEBUG GameScene            - Entity added to scene
22:09:09.151 [JavaFX Application Thread] DEBUG GameScene            - Added MainViewComponent
22:09:09.151 [JavaFX Application Thread] DEBUG GameScene            - Entity added to scene
22:09:09.151 [JavaFX Application Thread] DEBUG GameScene            - Added MainViewComponent
22:09:09.152 [JavaFX Application Thread] DEBUG GameScene            - Entity added to scene
22:09:09.152 [JavaFX Application Thread] DEBUG GameScene            - Added MainViewComponent
22:09:09.152 [JavaFX Application Thread] DEBUG GameScene            - Entity added to scene
22:09:09.152 [JavaFX Application Thread] DEBUG GameScene            - Added MainViewComponent
22:09:09.152 [JavaFX Application Thread] DEBUG GameScene            - Entity added to scene
22:09:09.152 [JavaFX Application Thread] DEBUG GameScene            - Added MainViewComponent
22:09:09.152 [JavaFX Application Thread] DEBUG GameScene            - Entity added to scene
22:09:09.152 [JavaFX Application Thread] DEBUG GameScene            - Added MainViewComponent
22:09:09.152 [JavaFX Application Thread] DEBUG GameScene            - Entity added to scene
22:09:09.152 [JavaFX Application Thread] DEBUG GameScene            - Added MainViewComponent
22:09:09.152 [JavaFX Application Thread] DEBUG GameScene            - Entity added to scene
22:09:09.152 [JavaFX Application Thread] DEBUG GameScene            - Added MainViewComponent
22:09:09.153 [JavaFX Application Thread] DEBUG GameScene            - Entity added to scene
22:09:09.153 [JavaFX Application Thread] DEBUG GameScene            - Added MainViewComponent
22:09:09.401 [JavaFX Application Thread] DEBUG FXGLAssetLoader      - Loading from cache: /assets/textures/Ground1.png
22:09:09.402 [JavaFX Application Thread] DEBUG FXGLAssetLoader      - Loading from cache: /assets/textures/Ground1.png
22:09:09.403 [JavaFX Application Thread] DEBUG FXGLAssetLoader      - Loading from cache: /assets/textures/Ground1.png
22:09:09.405 [JavaFX Application Thread] DEBUG FXGLAssetLoader      - Loading from cache: /assets/textures/Ground1.png
22:09:09.406 [JavaFX Application Thread] DEBUG FXGLAssetLoader      - Loading from cache: /assets/textures/Ground1.png
22:09:09.407 [JavaFX Application Thread] DEBUG FXGLAssetLoader      - Loading from cache: /assets/textures/Ground1.png
22:09:09.409 [JavaFX Application Thread] DEBUG FXGLAssetLoader      - Loading from cache: /assets/textures/Ground1.png
22:09:09.413 [JavaFX Application Thread] DEBUG FXGLAssetLoader      - Loading from cache: /assets/textures/Ground1.png
22:09:09.414 [JavaFX Application Thread] DEBUG FXGLAssetLoader      - Loading from cache: /assets/textures/Ground1.png
22:09:09.414 [JavaFX Application Thread] DEBUG FXGLAssetLoader      - Loading from cache: /assets/textures/Ground1.png
22:09:09.415 [JavaFX Application Thread] DEBUG FXGLAssetLoader      - Loading from cache: /assets/textures/Ground1.png
22:09:09.416 [JavaFX Application Thread] DEBUG FXGLAssetLoader      - Loading from cache: /assets/textures/Ground1.png
22:09:09.416 [JavaFX Application Thread] DEBUG FXGLAssetLoader      - Loading from cache: /assets/textures/Ground1.png
22:09:09.418 [JavaFX Application Thread] DEBUG FXGLAssetLoader      - Loading from cache: /assets/textures/Ground1.png
22:09:09.419 [JavaFX Application Thread] DEBUG FXGLAssetLoader      - Loading from cache: /assets/textures/Ground1.png
22:09:09.428 [JavaFX Application Thread] DEBUG GameScene            - Entity added to scene
22:09:09.428 [JavaFX Application Thread] DEBUG GameScene            - Added MainViewComponent
22:09:09.428 [JavaFX Application Thread] DEBUG GameScene            - Entity added to scene
22:09:09.428 [JavaFX Application Thread] DEBUG GameScene            - Added MainViewComponent
22:09:09.428 [JavaFX Application Thread] DEBUG GameScene            - Entity added to scene
22:09:09.429 [JavaFX Application Thread] DEBUG GameScene            - Added MainViewComponent
22:09:09.429 [JavaFX Application Thread] DEBUG GameScene            - Entity added to scene
22:09:09.429 [JavaFX Application Thread] DEBUG GameScene            - Added MainViewComponent
22:09:09.429 [JavaFX Application Thread] DEBUG GameScene            - Entity added to scene
22:09:09.429 [JavaFX Application Thread] DEBUG GameScene            - Added MainViewComponent
22:09:09.429 [JavaFX Application Thread] DEBUG GameScene            - Entity added to scene
22:09:09.429 [JavaFX Application Thread] DEBUG GameScene            - Added MainViewComponent
22:09:09.430 [JavaFX Application Thread] DEBUG GameScene            - Entity added to scene
22:09:09.430 [JavaFX Application Thread] DEBUG GameScene            - Added MainViewComponent
22:09:09.430 [JavaFX Application Thread] DEBUG GameScene            - Entity added to scene
22:09:09.430 [JavaFX Application Thread] DEBUG GameScene            - Added MainViewComponent
22:09:09.430 [JavaFX Application Thread] DEBUG GameScene            - Entity added to scene
22:09:09.430 [JavaFX Application Thread] DEBUG GameScene            - Added MainViewComponent
22:09:09.430 [JavaFX Application Thread] DEBUG GameScene            - Entity added to scene
22:09:09.430 [JavaFX Application Thread] DEBUG GameScene            - Added MainViewComponent
22:09:09.430 [JavaFX Application Thread] DEBUG GameScene            - Entity added to scene
22:09:09.431 [JavaFX Application Thread] DEBUG GameScene            - Added MainViewComponent
22:09:09.431 [JavaFX Application Thread] DEBUG GameScene            - Entity added to scene
22:09:09.431 [JavaFX Application Thread] DEBUG GameScene            - Added MainViewComponent
22:09:09.431 [JavaFX Application Thread] DEBUG GameScene            - Entity added to scene
22:09:09.431 [JavaFX Application Thread] DEBUG GameScene            - Added MainViewComponent
22:09:09.431 [JavaFX Application Thread] DEBUG GameScene            - Entity added to scene
22:09:09.431 [JavaFX Application Thread] DEBUG GameScene            - Added MainViewComponent
22:09:09.431 [JavaFX Application Thread] DEBUG GameScene            - Entity added to scene
22:09:09.431 [JavaFX Application Thread] DEBUG GameScene            - Added MainViewComponent
22:09:09.943 [JavaFX Application Thread] DEBUG FXGLAssetLoader      - Loading from cache: /assets/textures/Ground1.png
22:09:09.944 [JavaFX Application Thread] DEBUG FXGLAssetLoader      - Loading from cache: /assets/textures/Ground1.png
22:09:09.944 [JavaFX Application Thread] DEBUG FXGLAssetLoader      - Loading from cache: /assets/textures/Ground1.png
22:09:09.945 [JavaFX Application Thread] DEBUG FXGLAssetLoader      - Loading from cache: /assets/textures/Ground1.png
22:09:09.945 [JavaFX Application Thread] DEBUG FXGLAssetLoader      - Loading from cache: /assets/textures/Ground1.png
22:09:09.945 [JavaFX Application Thread] DEBUG FXGLAssetLoader      - Loading from cache: /assets/textures/Ground1.png
22:09:09.946 [JavaFX Application Thread] DEBUG FXGLAssetLoader      - Loading from cache: /assets/textures/Ground1.png
22:09:09.946 [JavaFX Application Thread] DEBUG FXGLAssetLoader      - Loading from cache: /assets/textures/Ground1.png
22:09:09.946 [JavaFX Application Thread] DEBUG FXGLAssetLoader      - Loading from cache: /assets/textures/Ground1.png
22:09:09.947 [JavaFX Application Thread] DEBUG FXGLAssetLoader      - Loading from cache: /assets/textures/Ground1.png
22:09:09.947 [JavaFX Application Thread] DEBUG FXGLAssetLoader      - Loading from cache: /assets/textures/Ground1.png
22:09:09.947 [JavaFX Application Thread] DEBUG FXGLAssetLoader      - Loading from cache: /assets/textures/Ground1.png
22:09:09.947 [JavaFX Application Thread] DEBUG FXGLAssetLoader      - Loading from cache: /assets/textures/Ground1.png
22:09:09.948 [JavaFX Application Thread] DEBUG FXGLAssetLoader      - Loading from cache: /assets/textures/Ground1.png
22:09:09.948 [JavaFX Application Thread] DEBUG FXGLAssetLoader      - Loading from cache: /assets/textures/Ground1.png
22:09:09.958 [JavaFX Application Thread] DEBUG GameScene            - Entity added to scene
22:09:09.959 [JavaFX Application Thread] DEBUG GameScene            - Added MainViewComponent
22:09:09.959 [JavaFX Application Thread] DEBUG GameScene            - Entity added to scene
22:09:09.959 [JavaFX Application Thread] DEBUG GameScene            - Added MainViewComponent
22:09:09.959 [JavaFX Application Thread] DEBUG GameScene            - Entity added to scene
22:09:09.959 [JavaFX Application Thread] DEBUG GameScene            - Added MainViewComponent
22:09:09.959 [JavaFX Application Thread] DEBUG GameScene            - Entity added to scene
22:09:09.959 [JavaFX Application Thread] DEBUG GameScene            - Added MainViewComponent
22:09:09.960 [JavaFX Application Thread] DEBUG GameScene            - Entity added to scene
22:09:09.960 [JavaFX Application Thread] DEBUG GameScene            - Added MainViewComponent
22:09:09.960 [JavaFX Application Thread] DEBUG GameScene            - Entity added to scene
22:09:09.960 [JavaFX Application Thread] DEBUG GameScene            - Added MainViewComponent
22:09:09.961 [JavaFX Application Thread] DEBUG GameScene            - Entity added to scene
22:09:09.961 [JavaFX Application Thread] DEBUG GameScene            - Added MainViewComponent
22:09:09.961 [JavaFX Application Thread] DEBUG GameScene            - Entity added to scene
22:09:09.961 [JavaFX Application Thread] DEBUG GameScene            - Added MainViewComponent
22:09:09.961 [JavaFX Application Thread] DEBUG GameScene            - Entity added to scene
22:09:09.961 [JavaFX Application Thread] DEBUG GameScene            - Added MainViewComponent
22:09:09.961 [JavaFX Application Thread] DEBUG GameScene            - Entity added to scene
22:09:09.961 [JavaFX Application Thread] DEBUG GameScene            - Added MainViewComponent
22:09:09.961 [JavaFX Application Thread] DEBUG GameScene            - Entity added to scene
22:09:09.961 [JavaFX Application Thread] DEBUG GameScene            - Added MainViewComponent
22:09:09.962 [JavaFX Application Thread] DEBUG GameScene            - Entity added to scene
22:09:09.962 [JavaFX Application Thread] DEBUG GameScene            - Added MainViewComponent
22:09:09.962 [JavaFX Application Thread] DEBUG GameScene            - Entity added to scene
22:09:09.962 [JavaFX Application Thread] DEBUG GameScene            - Added MainViewComponent
22:09:09.962 [JavaFX Application Thread] DEBUG GameScene            - Entity added to scene
22:09:09.962 [JavaFX Application Thread] DEBUG GameScene            - Added MainViewComponent
22:09:09.962 [JavaFX Application Thread] DEBUG GameScene            - Entity added to scene
22:09:09.962 [JavaFX Application Thread] DEBUG GameScene            - Added MainViewComponent
22:09:10.232 [JavaFX Application Thread] DEBUG FXGLAssetLoader      - Loading from cache: /assets/textures/Ground1.png
22:09:10.232 [JavaFX Application Thread] DEBUG FXGLAssetLoader      - Loading from cache: /assets/textures/Ground1.png
22:09:10.232 [JavaFX Application Thread] DEBUG FXGLAssetLoader      - Loading from cache: /assets/textures/Ground1.png
22:09:10.232 [JavaFX Application Thread] DEBUG FXGLAssetLoader      - Loading from cache: /assets/textures/Ground1.png
22:09:10.233 [JavaFX Application Thread] DEBUG FXGLAssetLoader      - Loading from cache: /assets/textures/Ground1.png
22:09:10.233 [JavaFX Application Thread] DEBUG FXGLAssetLoader      - Loading from cache: /assets/textures/Ground1.png
22:09:10.233 [JavaFX Application Thread] DEBUG FXGLAssetLoader      - Loading from cache: /assets/textures/Ground1.png
22:09:10.233 [JavaFX Application Thread] DEBUG FXGLAssetLoader      - Loading from cache: /assets/textures/Ground1.png
22:09:10.233 [JavaFX Application Thread] DEBUG FXGLAssetLoader      - Loading from cache: /assets/textures/Ground1.png
22:09:10.234 [JavaFX Application Thread] DEBUG FXGLAssetLoader      - Loading from cache: /assets/textures/Ground1.png
22:09:10.234 [JavaFX Application Thread] DEBUG FXGLAssetLoader      - Loading from cache: /assets/textures/Ground1.png
22:09:10.234 [JavaFX Application Thread] DEBUG FXGLAssetLoader      - Loading from cache: /assets/textures/Ground1.png
22:09:10.234 [JavaFX Application Thread] DEBUG FXGLAssetLoader      - Loading from cache: /assets/textures/Ground1.png
22:09:10.234 [JavaFX Application Thread] DEBUG FXGLAssetLoader      - Loading from cache: /assets/textures/Ground1.png
22:09:10.235 [JavaFX Application Thread] DEBUG FXGLAssetLoader      - Loading from cache: /assets/textures/Ground1.png
22:09:10.247 [JavaFX Application Thread] DEBUG GameScene            - Entity added to scene
22:09:10.247 [JavaFX Application Thread] DEBUG GameScene            - Added MainViewComponent
22:09:10.247 [JavaFX Application Thread] DEBUG GameScene            - Entity added to scene
22:09:10.247 [JavaFX Application Thread] DEBUG GameScene            - Added MainViewComponent
22:09:10.248 [JavaFX Application Thread] DEBUG GameScene            - Entity added to scene
22:09:10.248 [JavaFX Application Thread] DEBUG GameScene            - Added MainViewComponent
22:09:10.248 [JavaFX Application Thread] DEBUG GameScene            - Entity added to scene
22:09:10.248 [JavaFX Application Thread] DEBUG GameScene            - Added MainViewComponent
22:09:10.248 [JavaFX Application Thread] DEBUG GameScene            - Entity added to scene
22:09:10.248 [JavaFX Application Thread] DEBUG GameScene            - Added MainViewComponent
22:09:10.248 [JavaFX Application Thread] DEBUG GameScene            - Entity added to scene
22:09:10.248 [JavaFX Application Thread] DEBUG GameScene            - Added MainViewComponent
22:09:10.248 [JavaFX Application Thread] DEBUG GameScene            - Entity added to scene
22:09:10.248 [JavaFX Application Thread] DEBUG GameScene            - Added MainViewComponent
22:09:10.248 [JavaFX Application Thread] DEBUG GameScene            - Entity added to scene
22:09:10.249 [JavaFX Application Thread] DEBUG GameScene            - Added MainViewComponent
22:09:10.249 [JavaFX Application Thread] DEBUG GameScene            - Entity added to scene
22:09:10.249 [JavaFX Application Thread] DEBUG GameScene            - Added MainViewComponent
22:09:10.249 [JavaFX Application Thread] DEBUG GameScene            - Entity added to scene
22:09:10.249 [JavaFX Application Thread] DEBUG GameScene            - Added MainViewComponent
22:09:10.249 [JavaFX Application Thread] DEBUG GameScene            - Entity added to scene
22:09:10.249 [JavaFX Application Thread] DEBUG GameScene            - Added MainViewComponent
22:09:10.249 [JavaFX Application Thread] DEBUG GameScene            - Entity added to scene
22:09:10.249 [JavaFX Application Thread] DEBUG GameScene            - Added MainViewComponent
22:09:10.249 [JavaFX Application Thread] DEBUG GameScene            - Entity added to scene
22:09:10.249 [JavaFX Application Thread] DEBUG GameScene            - Added MainViewComponent
22:09:10.249 [JavaFX Application Thread] DEBUG GameScene            - Entity added to scene
22:09:10.250 [JavaFX Application Thread] DEBUG GameScene            - Added MainViewComponent
22:09:10.250 [JavaFX Application Thread] DEBUG GameScene            - Entity added to scene
22:09:10.250 [JavaFX Application Thread] DEBUG GameScene            - Added MainViewComponent
22:09:10.471 [JavaFX Application Thread] DEBUG FXGLAssetLoader      - Loading from cache: /assets/textures/Ground1.png
22:09:10.472 [JavaFX Application Thread] DEBUG FXGLAssetLoader      - Loading from cache: /assets/textures/Ground1.png
22:09:10.472 [JavaFX Application Thread] DEBUG FXGLAssetLoader      - Loading from cache: /assets/textures/Ground1.png
22:09:10.472 [JavaFX Application Thread] DEBUG FXGLAssetLoader      - Loading from cache: /assets/textures/Ground1.png
22:09:10.472 [JavaFX Application Thread] DEBUG FXGLAssetLoader      - Loading from cache: /assets/textures/Ground1.png
22:09:10.473 [JavaFX Application Thread] DEBUG FXGLAssetLoader      - Loading from cache: /assets/textures/Ground1.png
22:09:10.473 [JavaFX Application Thread] DEBUG FXGLAssetLoader      - Loading from cache: /assets/textures/Ground1.png
22:09:10.473 [JavaFX Application Thread] DEBUG FXGLAssetLoader      - Loading from cache: /assets/textures/Ground1.png
22:09:10.473 [JavaFX Application Thread] DEBUG FXGLAssetLoader      - Loading from cache: /assets/textures/Ground1.png
22:09:10.473 [JavaFX Application Thread] DEBUG FXGLAssetLoader      - Loading from cache: /assets/textures/Ground1.png
22:09:10.474 [JavaFX Application Thread] DEBUG FXGLAssetLoader      - Loading from cache: /assets/textures/Ground1.png
22:09:10.474 [JavaFX Application Thread] DEBUG FXGLAssetLoader      - Loading from cache: /assets/textures/Ground1.png
22:09:10.474 [JavaFX Application Thread] DEBUG FXGLAssetLoader      - Loading from cache: /assets/textures/Ground1.png
22:09:10.475 [JavaFX Application Thread] DEBUG FXGLAssetLoader      - Loading from cache: /assets/textures/Ground1.png
22:09:10.475 [JavaFX Application Thread] DEBUG FXGLAssetLoader      - Loading from cache: /assets/textures/Ground1.png
22:09:10.487 [JavaFX Application Thread] DEBUG GameScene            - Entity added to scene
22:09:10.487 [JavaFX Application Thread] DEBUG GameScene            - Added MainViewComponent
22:09:10.487 [JavaFX Application Thread] DEBUG GameScene            - Entity added to scene
22:09:10.487 [JavaFX Application Thread] DEBUG GameScene            - Added MainViewComponent
22:09:10.487 [JavaFX Application Thread] DEBUG GameScene            - Entity added to scene
22:09:10.487 [JavaFX Application Thread] DEBUG GameScene            - Added MainViewComponent
22:09:10.488 [JavaFX Application Thread] DEBUG GameScene            - Entity added to scene
22:09:10.488 [JavaFX Application Thread] DEBUG GameScene            - Added MainViewComponent
22:09:10.488 [JavaFX Application Thread] DEBUG GameScene            - Entity added to scene
22:09:10.488 [JavaFX Application Thread] DEBUG GameScene            - Added MainViewComponent
22:09:10.488 [JavaFX Application Thread] DEBUG GameScene            - Entity added to scene
22:09:10.488 [JavaFX Application Thread] DEBUG GameScene            - Added MainViewComponent
22:09:10.488 [JavaFX Application Thread] DEBUG GameScene            - Entity added to scene
22:09:10.488 [JavaFX Application Thread] DEBUG GameScene            - Added MainViewComponent
22:09:10.488 [JavaFX Application Thread] DEBUG GameScene            - Entity added to scene
22:09:10.488 [JavaFX Application Thread] DEBUG GameScene            - Added MainViewComponent
22:09:10.488 [JavaFX Application Thread] DEBUG GameScene            - Entity added to scene
22:09:10.488 [JavaFX Application Thread] DEBUG GameScene            - Added MainViewComponent
22:09:10.488 [JavaFX Application Thread] DEBUG GameScene            - Entity added to scene
22:09:10.488 [JavaFX Application Thread] DEBUG GameScene            - Added MainViewComponent
22:09:10.488 [JavaFX Application Thread] DEBUG GameScene            - Entity added to scene
22:09:10.488 [JavaFX Application Thread] DEBUG GameScene            - Added MainViewComponent
22:09:10.489 [JavaFX Application Thread] DEBUG GameScene            - Entity added to scene
22:09:10.489 [JavaFX Application Thread] DEBUG GameScene            - Added MainViewComponent
22:09:10.489 [JavaFX Application Thread] DEBUG GameScene            - Entity added to scene
22:09:10.489 [JavaFX Application Thread] DEBUG GameScene            - Added MainViewComponent
22:09:10.489 [JavaFX Application Thread] DEBUG GameScene            - Entity added to scene
22:09:10.489 [JavaFX Application Thread] DEBUG GameScene            - Added MainViewComponent
22:09:10.489 [JavaFX Application Thread] DEBUG GameScene            - Entity added to scene
22:09:10.489 [JavaFX Application Thread] DEBUG GameScene            - Added MainViewComponent
22:09:22.969 [JavaFX Application Thread] DEBUG FXGLEventBus         - Firing event: DisplayEvent[type=CLOSE_REQUEST]
22:09:22.970 [JavaFX Application Thread] DEBUG FXGLEventBus         - Firing event: FXGLEvent[type=EXIT]
22:09:22.970 [JavaFX Application Thread] DEBUG FXGLEventBus         - Firing event: SaveEvent
22:09:22.970 [JavaFX Application Thread] DEBUG FXGLInput            - Saving data to profile
22:09:22.970 [JavaFX Application Thread] DEBUG Bundle               - Logging bundle: input
22:09:22.970 [JavaFX Application Thread] DEBUG Bundle               - input.Open Fuel Shop=1
22:09:22.970 [JavaFX Application Thread] DEBUG Bundle               - input.Screenshot=H
22:09:22.970 [JavaFX Application Thread] DEBUG Bundle               - input.Dev Options=CTRL+0
22:09:22.970 [JavaFX Application Thread] DEBUG Bundle               - input.Move up=W
22:09:22.970 [JavaFX Application Thread] DEBUG Bundle               - input.Open Sell=2
22:09:22.970 [JavaFX Application Thread] DEBUG Bundle               - input.Move With Mouse=PRIMARY
22:09:22.970 [JavaFX Application Thread] DEBUG FXGLDisplay          - Saving data to profile
22:09:22.970 [JavaFX Application Thread] DEBUG Bundle               - Logging bundle: scene
22:09:22.970 [JavaFX Application Thread] DEBUG Bundle               - scene.sizeW=822.8571428571428
22:09:22.970 [JavaFX Application Thread] DEBUG Bundle               - scene.sizeH=720.0
22:09:22.970 [JavaFX Application Thread] DEBUG FXGLAudioPlayer      - Saving data to profile
22:09:22.970 [JavaFX Application Thread] DEBUG Bundle               - Logging bundle: audio
22:09:22.970 [JavaFX Application Thread] DEBUG Bundle               - audio.musicVolume=0.3
22:09:22.970 [JavaFX Application Thread] DEBUG Bundle               - audio.soundVolume=0.47449908925318784
22:09:22.971 [JavaFX Application Thread] DEBUG AchievementManager   - Saving data to profile
22:09:22.971 [JavaFX Application Thread] DEBUG Bundle               - Logging bundle: achievement
22:09:22.971 [JavaFX Application Thread] DEBUG FXGLMasterTimer      - Saving data to profile
22:09:22.971 [JavaFX Application Thread] DEBUG Bundle               - Logging bundle: timer
22:09:22.971 [JavaFX Application Thread] DEBUG Bundle               - timer.playtime=1738715056052
22:09:22.971 [JavaFX Application Thread] DEBUG SaveLoadManager      - Saving profile: Mack
22:09:22.972 [JavaFX Application Thread] DEBUG IOTask               - Executing task: writeDataTask(./profiles/Mack/user.profile)
22:09:22.972 [JavaFX Application Thread] DEBUG IOTask               - Executing task: writeDataTask(./profiles/Mack/user.profile)
22:09:22.974 [JavaFX Application Thread] DEBUG FS                   - Writing to: .\profiles\Mack\user.profile
22:09:22.976 [JavaFX Application Thread] DEBUG IOTask               - Executing task: checkSavesDir(./profiles/Mack/saves/)
22:09:22.977 [JavaFX Application Thread] DEBUG IOTask               - Task succeeded: writeDataTask(./profiles/Mack/user.profile)
22:09:22.979 [JavaFX Application Thread] DEBUG FXGL                 - Saving FXGL system data
22:09:22.979 [JavaFX Application Thread] DEBUG IOTask               - Executing task: writeDataTask(system/fxgl.bundle)
22:09:22.980 [JavaFX Application Thread] DEBUG FS                   - Writing to: system\fxgl.bundle
22:09:22.982 [JavaFX Application Thread] DEBUG IOTask               - Task succeeded: writeDataTask(system/fxgl.bundle)
