12:47:56.275 [FXGL Launcher Thread     ] DEBUG FXGLLoggerFactory    - Service [LoggerFactory] initialized
12:47:56.279 [FXGL Launcher Thread     ] DEBUG FXGL                 - FXGL configuration complete
12:47:56.279 [FXGL Launcher Thread     ] DEBUG FXGL                 - Loading FXGL system data
12:47:56.281 [FXGL Launcher Thread     ] DEBUG IOTask               - Executing task: readDataTask(system/fxgl.bundle)
12:47:56.284 [FXGL Launcher Thread     ] DEBUG FS                   - Reading from: system\fxgl.bundle
12:47:56.288 [FXGL Launcher Thread     ] DEBUG IOTask               - Task succeeded: readDataTask(system/fxgl.bundle)
12:47:56.288 [FXGL Launcher Thread     ] DEBUG Bundle               - Logging bundle: FXGL
12:47:56.289 [FXGL Launcher Thread     ] DEBUG Bundle               - FXGL.offline.timer.version.check=2017-01-12T08:38:28.585
12:47:56.294 [FXGL Launcher Thread     ] DEBUG GameApplication      - Configuring GameApplication
12:47:56.298 [FXGL Launcher Thread     ] DEBUG FXGLExceptionHandler - Service [ExceptionHandler] initialized
12:47:56.298 [FXGL Launcher Thread     ] DEBUG FXGLEventBus         - Service [EventBus] initialized
12:47:56.301 [FXGL Launcher Thread     ] DEBUG FXGLExecutor         - Service [Executor] initialized
12:47:56.301 [FXGL Launcher Thread     ] DEBUG PreInitTask          - Injecting gameWorld & physicsWorld
12:47:56.306 [FXGL Launcher Thread     ] DEBUG GameWorld            - Game world initialized
12:47:56.337 [FXGL Launcher Thread     ] DEBUG FXGLPooler           - Service [Pooler] initialized with default size = 128
12:47:56.338 [FXGL Launcher Thread     ] DEBUG PhysicsWorld         - Physics world initialized: appHeight=700.0, physics.ppm=50.0
12:47:56.338 [FXGL Launcher Thread     ] DEBUG FXGLInput            - Service [Input] initialized
12:47:56.353 [FXGL Launcher Thread     ] DEBUG FXGLInput            - Registered new binding: Screenshot - P
12:47:56.354 [FXGL Launcher Thread     ] DEBUG FXGLInput            - Registered new binding: Dev Options - CTRL+0
12:47:56.354 [FXGL Launcher Thread     ] DEBUG FXGLInput            - Registered new binding: Move With Mouse - PRIMARY
12:47:56.354 [FXGL Launcher Thread     ] DEBUG FXGLInput            - Registered new binding: Move up - W
12:47:56.355 [FXGL Launcher Thread     ] DEBUG FXGLInput            - Registered new binding: Open Fuel Shop - 1
12:47:56.355 [FXGL Launcher Thread     ] DEBUG FXGLInput            - Registered new binding: Open Sell - 2
12:47:56.378 [FXGL Launcher Thread     ] DEBUG GameScene            - Game scene initialized: 800.0x700.0
12:47:56.383 [FXGL Launcher Thread     ] DEBUG FXGLAssetLoader      - Service [AssetLoader] initialized: cacheSize=35
12:47:56.385 [FXGL Launcher Thread     ] DEBUG FXGLAssetLoader      - Loading from disk: /assets/sounds/system/notification.wav
12:47:56.404 [FXGL Launcher Thread     ] DEBUG FXGLAssetLoader      - Loading from disk: /assets/sounds/menu/select.wav
12:47:56.405 [FXGL Launcher Thread     ] DEBUG FXGLAssetLoader      - Loading from disk: /assets/sounds/menu/back.wav
12:47:56.406 [FXGL Launcher Thread     ] DEBUG FXGLAssetLoader      - Loading from disk: /assets/sounds/menu/press.wav
12:47:56.410 [FXGL Launcher Thread     ] DEBUG FXGLAssetLoader      - Loading from disk: /assets/ui/fonts/Copperplate_Gothic_Light_Regular.ttf
12:47:56.545 [FXGL Launcher Thread     ] DEBUG FXGLAssetLoader      - Loading from disk: /assets/ui/css/fxgl.css
12:47:56.545 [FXGL Launcher Thread     ] DEBUG FXGLAssetLoader      - Loading from disk: /assets/ui/icons/fxgl_icon.png
12:47:56.574 [FXGL Launcher Thread     ] DEBUG FXGLAssetLoader      - Loading from disk: /assets/ui/css/fxgl_war3.css
12:47:56.582 [FXGL Launcher Thread     ] DEBUG FXGLDisplay          - Target size: DoubleProperty [value: 800.0] x DoubleProperty [value: 700.0] @ 1.0
12:47:56.582 [FXGL Launcher Thread     ] DEBUG FXGLDisplay          - New size:    800.0 x 700.0 @ DoubleProperty [value: 1.0]
12:47:56.583 [FXGL Launcher Thread     ] DEBUG FXGLDisplay          - Service [Display] initialized
12:47:56.583 [FXGL Launcher Thread     ] DEBUG FXGLDisplay          - Using CSS: CSS(externalForm=jar:file:/I:/Documents/NetBeansProjects/MotherLoad/MotherLoad/lib/fxgl-0.2.9-uber.jar!/assets/ui/css/fxgl_war3.css)
12:47:56.583 [FXGL Launcher Thread     ] DEBUG InitScenesTask       - Injecting loadingScene & gameScene
12:47:56.606 [FXGL Launcher Thread     ] DEBUG FXGLMasterTimer      - Service [MasterTimer] initialized
12:47:56.608 [FXGL Launcher Thread     ] DEBUG FXGLAudioPlayer      - Service [AudioPlayer] initialized
12:47:56.614 [FXGL Launcher Thread     ] DEBUG InitProfilerTask     - Injecting profiler
12:47:56.614 [FXGL Launcher Thread     ] DEBUG GameApplication      - Starting new game
12:47:56.616 [FXGL Launcher Thread     ] DEBUG GameApplication      - Initializing App
12:47:56.617 [FXGL Launcher Thread     ] DEBUG FXGLInput            - Clearing active input actions
12:47:56.617 [FXGL Launcher Thread     ] DEBUG FXGLMasterTimer      - Stopping master timer
12:47:56.617 [FXGL Launcher Thread     ] DEBUG GameApplication      - State: STARTUP -> PAUSED
12:47:56.617 [FXGL Launcher Thread     ] DEBUG FXGLEventBus         - Firing event: FXGLEvent[type=PAUSE]
12:47:56.619 [FXGL Launcher Thread     ] DEBUG FXGLInput            - Clearing active input actions
12:47:56.619 [FXGL Launcher Thread     ] DEBUG FXGLMasterTimer      - Resetting ticks and clearing all actions
12:47:56.619 [FXGL Launcher Thread     ] DEBUG GameWorld            - Resetting game world
12:47:56.619 [FXGL Launcher Thread     ] TRACE EntityWorld          - Resetting entity world
12:47:56.620 [FXGL Launcher Thread     ] DEBUG PhysicsWorld         - Resetting physics world
12:47:56.620 [FXGL Launcher Thread     ] DEBUG GameScene            - Resetting game scene
12:47:56.620 [FXGL Launcher Thread     ] DEBUG FXGLEventBus         - Firing event: FXGLEvent[type=RESET]
12:47:56.963 [FXGL Launcher Thread     ] DEBUG GameApplication      - State: PAUSED -> LOADING
12:47:56.985 [FXGL Background Thread 1 ] DEBUG InitAppTask          - Initializing Assets
12:47:56.986 [FXGL Background Thread 1 ] DEBUG InitAppTask          - Initializing Game
12:47:57.005 [FXGL Background Thread 1 ] DEBUG InitAppTask          - Initializing Physics
12:47:57.005 [FXGL Background Thread 1 ] DEBUG InitAppTask          - Initializing UI
12:47:57.006 [FXGL Background Thread 1 ] DEBUG InitAppTask          - Initialization Complete
12:47:57.030 [JavaFX Application Thread] DEBUG FXGLDisplay          - Showing stage
12:47:57.030 [JavaFX Application Thread] DEBUG FXGLDisplay          - Root size: 800.0x700.0
12:47:57.030 [JavaFX Application Thread] DEBUG FXGLDisplay          - Scene size: 800.0x700.0
12:47:57.031 [JavaFX Application Thread] DEBUG FXGLDisplay          - Stage size: 816.0x739.0
12:47:57.071 [JavaFX Application Thread] DEBUG FXGLInput            - Clearing active input actions
12:47:57.072 [JavaFX Application Thread] DEBUG FXGLMasterTimer      - Starting master timer
12:47:57.072 [JavaFX Application Thread] DEBUG GameApplication      - State: LOADING -> PLAYING
12:47:57.076 [JavaFX Application Thread] DEBUG FXGLEventBus         - Firing event: FXGLEvent[type=RESUME]
12:47:57.078 [JavaFX Application Thread] DEBUG GameScene            - Entity added to scene
12:47:57.079 [JavaFX Application Thread] DEBUG GameScene            - Added MainViewComponent
12:47:57.080 [JavaFX Application Thread] DEBUG GameScene            - Creating render group for layer: TOP(2147483647)
12:47:57.127 [JavaFX Application Thread] DEBUG FXGLAssetLoader      - Loading from disk: /assets/textures/Ground0.png
12:47:57.130 [JavaFX Application Thread] DEBUG FXGLAssetLoader      - Loading from cache: /assets/textures/Ground0.png
12:47:57.131 [JavaFX Application Thread] DEBUG FXGLAssetLoader      - Loading from cache: /assets/textures/Ground0.png
12:47:57.131 [JavaFX Application Thread] DEBUG FXGLAssetLoader      - Loading from cache: /assets/textures/Ground0.png
12:47:57.132 [JavaFX Application Thread] DEBUG FXGLAssetLoader      - Loading from cache: /assets/textures/Ground0.png
12:47:57.132 [JavaFX Application Thread] DEBUG FXGLAssetLoader      - Loading from cache: /assets/textures/Ground0.png
12:47:57.133 [JavaFX Application Thread] DEBUG FXGLAssetLoader      - Loading from cache: /assets/textures/Ground0.png
12:47:57.133 [JavaFX Application Thread] DEBUG FXGLAssetLoader      - Loading from disk: /assets/textures/Ground1.png
12:47:57.135 [JavaFX Application Thread] DEBUG FXGLAssetLoader      - Loading from cache: /assets/textures/Ground0.png
12:47:57.136 [JavaFX Application Thread] DEBUG FXGLAssetLoader      - Loading from cache: /assets/textures/Ground0.png
12:47:57.136 [JavaFX Application Thread] DEBUG FXGLAssetLoader      - Loading from cache: /assets/textures/Ground0.png
12:47:57.136 [JavaFX Application Thread] DEBUG FXGLAssetLoader      - Loading from cache: /assets/textures/Ground1.png
12:47:57.137 [JavaFX Application Thread] DEBUG FXGLAssetLoader      - Loading from cache: /assets/textures/Ground0.png
12:47:57.138 [JavaFX Application Thread] DEBUG FXGLAssetLoader      - Loading from cache: /assets/textures/Ground0.png
12:47:57.138 [JavaFX Application Thread] DEBUG FXGLAssetLoader      - Loading from cache: /assets/textures/Ground0.png
12:47:57.139 [JavaFX Application Thread] DEBUG FXGLAssetLoader      - Loading from cache: /assets/textures/Ground0.png
12:47:57.139 [JavaFX Application Thread] DEBUG FXGLAssetLoader      - Loading from cache: /assets/textures/Ground0.png
12:47:57.139 [JavaFX Application Thread] DEBUG FXGLAssetLoader      - Loading from cache: /assets/textures/Ground0.png
12:47:57.140 [JavaFX Application Thread] DEBUG FXGLAssetLoader      - Loading from cache: /assets/textures/Ground0.png
12:47:57.140 [JavaFX Application Thread] DEBUG FXGLAssetLoader      - Loading from cache: /assets/textures/Ground0.png
12:47:57.141 [JavaFX Application Thread] DEBUG FXGLAssetLoader      - Loading from cache: /assets/textures/Ground0.png
12:47:57.141 [JavaFX Application Thread] DEBUG FXGLAssetLoader      - Loading from cache: /assets/textures/Ground0.png
12:47:57.141 [JavaFX Application Thread] DEBUG FXGLAssetLoader      - Loading from cache: /assets/textures/Ground0.png
12:47:57.142 [JavaFX Application Thread] DEBUG FXGLAssetLoader      - Loading from cache: /assets/textures/Ground0.png
12:47:57.142 [JavaFX Application Thread] DEBUG FXGLAssetLoader      - Loading from cache: /assets/textures/Ground0.png
12:47:57.143 [JavaFX Application Thread] DEBUG FXGLAssetLoader      - Loading from cache: /assets/textures/Ground0.png
12:47:57.143 [JavaFX Application Thread] DEBUG FXGLAssetLoader      - Loading from cache: /assets/textures/Ground0.png
12:47:57.144 [JavaFX Application Thread] DEBUG FXGLAssetLoader      - Loading from cache: /assets/textures/Ground0.png
12:47:57.144 [JavaFX Application Thread] DEBUG FXGLAssetLoader      - Loading from cache: /assets/textures/Ground0.png
12:47:57.144 [JavaFX Application Thread] DEBUG FXGLAssetLoader      - Loading from cache: /assets/textures/Ground0.png
12:47:57.145 [JavaFX Application Thread] DEBUG FXGLAssetLoader      - Loading from cache: /assets/textures/Ground1.png
12:47:57.145 [JavaFX Application Thread] DEBUG FXGLAssetLoader      - Loading from cache: /assets/textures/Ground0.png
12:47:57.146 [JavaFX Application Thread] DEBUG FXGLAssetLoader      - Loading from cache: /assets/textures/Ground0.png
12:47:57.146 [JavaFX Application Thread] DEBUG FXGLAssetLoader      - Loading from cache: /assets/textures/Ground0.png
12:47:57.146 [JavaFX Application Thread] DEBUG FXGLAssetLoader      - Loading from cache: /assets/textures/Ground0.png
12:47:57.147 [JavaFX Application Thread] DEBUG FXGLAssetLoader      - Loading from cache: /assets/textures/Ground0.png
12:47:57.151 [JavaFX Application Thread] DEBUG GameScene            - Entity added to scene
12:47:57.152 [JavaFX Application Thread] DEBUG GameScene            - Added MainViewComponent
12:47:57.153 [JavaFX Application Thread] DEBUG GameScene            - Entity added to scene
12:47:57.154 [JavaFX Application Thread] DEBUG GameScene            - Added MainViewComponent
12:47:57.154 [JavaFX Application Thread] DEBUG GameScene            - Entity added to scene
12:47:57.154 [JavaFX Application Thread] DEBUG GameScene            - Added MainViewComponent
12:47:57.154 [JavaFX Application Thread] DEBUG GameScene            - Entity added to scene
12:47:57.154 [JavaFX Application Thread] DEBUG GameScene            - Added MainViewComponent
12:47:57.154 [JavaFX Application Thread] DEBUG GameScene            - Entity added to scene
12:47:57.155 [JavaFX Application Thread] DEBUG GameScene            - Added MainViewComponent
12:47:57.155 [JavaFX Application Thread] DEBUG GameScene            - Entity added to scene
12:47:57.155 [JavaFX Application Thread] DEBUG GameScene            - Added MainViewComponent
12:47:57.155 [JavaFX Application Thread] DEBUG GameScene            - Entity added to scene
12:47:57.155 [JavaFX Application Thread] DEBUG GameScene            - Added MainViewComponent
12:47:57.155 [JavaFX Application Thread] DEBUG GameScene            - Entity added to scene
12:47:57.155 [JavaFX Application Thread] DEBUG GameScene            - Added MainViewComponent
12:47:57.156 [JavaFX Application Thread] DEBUG GameScene            - Entity added to scene
12:47:57.156 [JavaFX Application Thread] DEBUG GameScene            - Added MainViewComponent
12:47:57.156 [JavaFX Application Thread] DEBUG GameScene            - Entity added to scene
12:47:57.156 [JavaFX Application Thread] DEBUG GameScene            - Added MainViewComponent
12:47:57.156 [JavaFX Application Thread] DEBUG GameScene            - Entity added to scene
12:47:57.156 [JavaFX Application Thread] DEBUG GameScene            - Added MainViewComponent
12:47:57.156 [JavaFX Application Thread] DEBUG GameScene            - Entity added to scene
12:47:57.156 [JavaFX Application Thread] DEBUG GameScene            - Added MainViewComponent
12:47:57.157 [JavaFX Application Thread] DEBUG GameScene            - Entity added to scene
12:47:57.157 [JavaFX Application Thread] DEBUG GameScene            - Added MainViewComponent
12:47:57.157 [JavaFX Application Thread] DEBUG GameScene            - Entity added to scene
12:47:57.157 [JavaFX Application Thread] DEBUG GameScene            - Added MainViewComponent
12:47:57.157 [JavaFX Application Thread] DEBUG GameScene            - Entity added to scene
12:47:57.157 [JavaFX Application Thread] DEBUG GameScene            - Added MainViewComponent
12:47:57.157 [JavaFX Application Thread] DEBUG GameScene            - Entity added to scene
12:47:57.157 [JavaFX Application Thread] DEBUG GameScene            - Added MainViewComponent
12:47:57.157 [JavaFX Application Thread] DEBUG GameScene            - Entity added to scene
12:47:57.158 [JavaFX Application Thread] DEBUG GameScene            - Added MainViewComponent
12:47:57.158 [JavaFX Application Thread] DEBUG GameScene            - Entity added to scene
12:47:57.158 [JavaFX Application Thread] DEBUG GameScene            - Added MainViewComponent
12:47:57.158 [JavaFX Application Thread] DEBUG GameScene            - Entity added to scene
12:47:57.158 [JavaFX Application Thread] DEBUG GameScene            - Added MainViewComponent
12:47:57.158 [JavaFX Application Thread] DEBUG GameScene            - Entity added to scene
12:47:57.158 [JavaFX Application Thread] DEBUG GameScene            - Added MainViewComponent
12:47:57.158 [JavaFX Application Thread] DEBUG GameScene            - Entity added to scene
12:47:57.158 [JavaFX Application Thread] DEBUG GameScene            - Added MainViewComponent
12:47:57.159 [JavaFX Application Thread] DEBUG GameScene            - Entity added to scene
12:47:57.159 [JavaFX Application Thread] DEBUG GameScene            - Added MainViewComponent
12:47:57.159 [JavaFX Application Thread] DEBUG GameScene            - Entity added to scene
12:47:57.159 [JavaFX Application Thread] DEBUG GameScene            - Added MainViewComponent
12:47:57.159 [JavaFX Application Thread] DEBUG GameScene            - Entity added to scene
12:47:57.159 [JavaFX Application Thread] DEBUG GameScene            - Added MainViewComponent
12:47:57.159 [JavaFX Application Thread] DEBUG GameScene            - Entity added to scene
12:47:57.159 [JavaFX Application Thread] DEBUG GameScene            - Added MainViewComponent
12:47:57.160 [JavaFX Application Thread] DEBUG GameScene            - Entity added to scene
12:47:57.160 [JavaFX Application Thread] DEBUG GameScene            - Added MainViewComponent
12:47:57.160 [JavaFX Application Thread] DEBUG GameScene            - Entity added to scene
12:47:57.160 [JavaFX Application Thread] DEBUG GameScene            - Added MainViewComponent
12:47:57.160 [JavaFX Application Thread] DEBUG GameScene            - Entity added to scene
12:47:57.160 [JavaFX Application Thread] DEBUG GameScene            - Added MainViewComponent
12:47:57.160 [JavaFX Application Thread] DEBUG GameScene            - Entity added to scene
12:47:57.160 [JavaFX Application Thread] DEBUG GameScene            - Added MainViewComponent
12:47:57.161 [JavaFX Application Thread] DEBUG GameScene            - Entity added to scene
12:47:57.161 [JavaFX Application Thread] DEBUG GameScene            - Added MainViewComponent
12:47:57.161 [JavaFX Application Thread] DEBUG GameScene            - Entity added to scene
12:47:57.161 [JavaFX Application Thread] DEBUG GameScene            - Added MainViewComponent
12:47:57.161 [JavaFX Application Thread] DEBUG GameScene            - Entity added to scene
12:47:57.161 [JavaFX Application Thread] DEBUG GameScene            - Added MainViewComponent
12:47:57.161 [JavaFX Application Thread] DEBUG GameScene            - Entity added to scene
12:47:57.161 [JavaFX Application Thread] DEBUG GameScene            - Added MainViewComponent
12:47:57.161 [JavaFX Application Thread] DEBUG GameScene            - Entity added to scene
12:47:57.162 [JavaFX Application Thread] DEBUG GameScene            - Added MainViewComponent
12:47:57.162 [JavaFX Application Thread] DEBUG GameScene            - Entity added to scene
12:47:57.162 [JavaFX Application Thread] DEBUG GameScene            - Added MainViewComponent
12:47:57.162 [JavaFX Application Thread] DEBUG GameScene            - Entity added to scene
12:47:57.162 [JavaFX Application Thread] DEBUG GameScene            - Added MainViewComponent
12:47:57.404 [JavaFX Application Thread] DEBUG FXGLAssetLoader      - Loading from cache: /assets/textures/Ground0.png
12:47:57.404 [JavaFX Application Thread] DEBUG FXGLAssetLoader      - Loading from cache: /assets/textures/Ground0.png
12:47:57.405 [JavaFX Application Thread] DEBUG FXGLAssetLoader      - Loading from cache: /assets/textures/Ground0.png
12:47:57.405 [JavaFX Application Thread] DEBUG FXGLAssetLoader      - Loading from cache: /assets/textures/Ground0.png
12:47:57.406 [JavaFX Application Thread] DEBUG FXGLAssetLoader      - Loading from cache: /assets/textures/Ground0.png
12:47:57.406 [JavaFX Application Thread] DEBUG FXGLAssetLoader      - Loading from cache: /assets/textures/Ground0.png
12:47:57.407 [JavaFX Application Thread] DEBUG FXGLAssetLoader      - Loading from cache: /assets/textures/Ground1.png
12:47:57.407 [JavaFX Application Thread] DEBUG FXGLAssetLoader      - Loading from cache: /assets/textures/Ground0.png
12:47:57.408 [JavaFX Application Thread] DEBUG FXGLAssetLoader      - Loading from cache: /assets/textures/Ground0.png
12:47:57.408 [JavaFX Application Thread] DEBUG FXGLAssetLoader      - Loading from cache: /assets/textures/Ground0.png
12:47:57.409 [JavaFX Application Thread] DEBUG FXGLAssetLoader      - Loading from cache: /assets/textures/Ground0.png
12:47:57.409 [JavaFX Application Thread] DEBUG FXGLAssetLoader      - Loading from cache: /assets/textures/Ground0.png
12:47:57.424 [JavaFX Application Thread] DEBUG GameScene            - Entity added to scene
12:47:57.424 [JavaFX Application Thread] DEBUG GameScene            - Added MainViewComponent
12:47:57.424 [JavaFX Application Thread] DEBUG GameScene            - Entity added to scene
12:47:57.424 [JavaFX Application Thread] DEBUG GameScene            - Added MainViewComponent
12:47:57.425 [JavaFX Application Thread] DEBUG GameScene            - Entity added to scene
12:47:57.425 [JavaFX Application Thread] DEBUG GameScene            - Added MainViewComponent
12:47:57.425 [JavaFX Application Thread] DEBUG GameScene            - Entity added to scene
12:47:57.425 [JavaFX Application Thread] DEBUG GameScene            - Added MainViewComponent
12:47:57.425 [JavaFX Application Thread] DEBUG GameScene            - Entity added to scene
12:47:57.425 [JavaFX Application Thread] DEBUG GameScene            - Added MainViewComponent
12:47:57.425 [JavaFX Application Thread] DEBUG GameScene            - Entity added to scene
12:47:57.425 [JavaFX Application Thread] DEBUG GameScene            - Added MainViewComponent
12:47:57.425 [JavaFX Application Thread] DEBUG GameScene            - Entity added to scene
12:47:57.425 [JavaFX Application Thread] DEBUG GameScene            - Added MainViewComponent
12:47:57.426 [JavaFX Application Thread] DEBUG GameScene            - Entity added to scene
12:47:57.426 [JavaFX Application Thread] DEBUG GameScene            - Added MainViewComponent
12:47:57.426 [JavaFX Application Thread] DEBUG GameScene            - Entity added to scene
12:47:57.426 [JavaFX Application Thread] DEBUG GameScene            - Added MainViewComponent
12:47:57.426 [JavaFX Application Thread] DEBUG GameScene            - Entity added to scene
12:47:57.426 [JavaFX Application Thread] DEBUG GameScene            - Added MainViewComponent
12:47:57.426 [JavaFX Application Thread] DEBUG GameScene            - Entity added to scene
12:47:57.426 [JavaFX Application Thread] DEBUG GameScene            - Added MainViewComponent
12:47:57.426 [JavaFX Application Thread] DEBUG GameScene            - Entity added to scene
12:47:57.426 [JavaFX Application Thread] DEBUG GameScene            - Added MainViewComponent
12:47:57.653 [JavaFX Application Thread] DEBUG FXGLAssetLoader      - Loading from disk: /assets/textures/Ground2.png
12:47:57.655 [JavaFX Application Thread] DEBUG FXGLAssetLoader      - Loading from cache: /assets/textures/Ground0.png
12:47:57.655 [JavaFX Application Thread] DEBUG FXGLAssetLoader      - Loading from cache: /assets/textures/Ground0.png
12:47:57.656 [JavaFX Application Thread] DEBUG FXGLAssetLoader      - Loading from cache: /assets/textures/Ground0.png
12:47:57.656 [JavaFX Application Thread] DEBUG FXGLAssetLoader      - Loading from cache: /assets/textures/Ground0.png
12:47:57.657 [JavaFX Application Thread] DEBUG FXGLAssetLoader      - Loading from cache: /assets/textures/Ground0.png
12:47:57.657 [JavaFX Application Thread] DEBUG FXGLAssetLoader      - Loading from cache: /assets/textures/Ground0.png
12:47:57.657 [JavaFX Application Thread] DEBUG FXGLAssetLoader      - Loading from cache: /assets/textures/Ground0.png
12:47:57.658 [JavaFX Application Thread] DEBUG FXGLAssetLoader      - Loading from cache: /assets/textures/Ground0.png
12:47:57.658 [JavaFX Application Thread] DEBUG FXGLAssetLoader      - Loading from cache: /assets/textures/Ground0.png
12:47:57.659 [JavaFX Application Thread] DEBUG FXGLAssetLoader      - Loading from cache: /assets/textures/Ground0.png
12:47:57.659 [JavaFX Application Thread] DEBUG FXGLAssetLoader      - Loading from cache: /assets/textures/Ground1.png
12:47:57.660 [JavaFX Application Thread] DEBUG GameScene            - Entity added to scene
12:47:57.660 [JavaFX Application Thread] DEBUG GameScene            - Added MainViewComponent
12:47:57.660 [JavaFX Application Thread] DEBUG GameScene            - Entity added to scene
12:47:57.660 [JavaFX Application Thread] DEBUG GameScene            - Added MainViewComponent
12:47:57.661 [JavaFX Application Thread] DEBUG GameScene            - Entity added to scene
12:47:57.661 [JavaFX Application Thread] DEBUG GameScene            - Added MainViewComponent
12:47:57.661 [JavaFX Application Thread] DEBUG GameScene            - Entity added to scene
12:47:57.661 [JavaFX Application Thread] DEBUG GameScene            - Added MainViewComponent
12:47:57.661 [JavaFX Application Thread] DEBUG GameScene            - Entity added to scene
12:47:57.661 [JavaFX Application Thread] DEBUG GameScene            - Added MainViewComponent
12:47:57.661 [JavaFX Application Thread] DEBUG GameScene            - Entity added to scene
12:47:57.661 [JavaFX Application Thread] DEBUG GameScene            - Added MainViewComponent
12:47:57.662 [JavaFX Application Thread] DEBUG GameScene            - Entity added to scene
12:47:57.662 [JavaFX Application Thread] DEBUG GameScene            - Added MainViewComponent
12:47:57.662 [JavaFX Application Thread] DEBUG GameScene            - Entity added to scene
12:47:57.662 [JavaFX Application Thread] DEBUG GameScene            - Added MainViewComponent
12:47:57.662 [JavaFX Application Thread] DEBUG GameScene            - Entity added to scene
12:47:57.662 [JavaFX Application Thread] DEBUG GameScene            - Added MainViewComponent
12:47:57.662 [JavaFX Application Thread] DEBUG GameScene            - Entity added to scene
12:47:57.662 [JavaFX Application Thread] DEBUG GameScene            - Added MainViewComponent
12:47:57.663 [JavaFX Application Thread] DEBUG GameScene            - Entity added to scene
12:47:57.663 [JavaFX Application Thread] DEBUG GameScene            - Added MainViewComponent
12:47:57.663 [JavaFX Application Thread] DEBUG GameScene            - Entity added to scene
12:47:57.663 [JavaFX Application Thread] DEBUG GameScene            - Added MainViewComponent
12:47:57.778 [JavaFX Application Thread] DEBUG FXGLAssetLoader      - Loading from cache: /assets/textures/Ground1.png
12:47:57.778 [JavaFX Application Thread] DEBUG FXGLAssetLoader      - Loading from cache: /assets/textures/Ground0.png
12:47:57.779 [JavaFX Application Thread] DEBUG FXGLAssetLoader      - Loading from cache: /assets/textures/Ground0.png
12:47:57.780 [JavaFX Application Thread] DEBUG FXGLAssetLoader      - Loading from cache: /assets/textures/Ground0.png
12:47:57.780 [JavaFX Application Thread] DEBUG FXGLAssetLoader      - Loading from cache: /assets/textures/Ground0.png
12:47:57.780 [JavaFX Application Thread] DEBUG FXGLAssetLoader      - Loading from cache: /assets/textures/Ground0.png
12:47:57.781 [JavaFX Application Thread] DEBUG FXGLAssetLoader      - Loading from cache: /assets/textures/Ground0.png
12:47:57.781 [JavaFX Application Thread] DEBUG FXGLAssetLoader      - Loading from cache: /assets/textures/Ground0.png
12:47:57.781 [JavaFX Application Thread] DEBUG FXGLAssetLoader      - Loading from cache: /assets/textures/Ground0.png
12:47:57.782 [JavaFX Application Thread] DEBUG FXGLAssetLoader      - Loading from cache: /assets/textures/Ground0.png
12:47:57.782 [JavaFX Application Thread] DEBUG FXGLAssetLoader      - Loading from cache: /assets/textures/Ground0.png
12:47:57.782 [JavaFX Application Thread] DEBUG FXGLAssetLoader      - Loading from cache: /assets/textures/Ground0.png
12:47:57.784 [JavaFX Application Thread] DEBUG GameScene            - Entity added to scene
12:47:57.784 [JavaFX Application Thread] DEBUG GameScene            - Added MainViewComponent
12:47:57.785 [JavaFX Application Thread] DEBUG GameScene            - Entity added to scene
12:47:57.785 [JavaFX Application Thread] DEBUG GameScene            - Added MainViewComponent
12:47:57.785 [JavaFX Application Thread] DEBUG GameScene            - Entity added to scene
12:47:57.785 [JavaFX Application Thread] DEBUG GameScene            - Added MainViewComponent
12:47:57.785 [JavaFX Application Thread] DEBUG GameScene            - Entity added to scene
12:47:57.785 [JavaFX Application Thread] DEBUG GameScene            - Added MainViewComponent
12:47:57.785 [JavaFX Application Thread] DEBUG GameScene            - Entity added to scene
12:47:57.785 [JavaFX Application Thread] DEBUG GameScene            - Added MainViewComponent
12:47:57.786 [JavaFX Application Thread] DEBUG GameScene            - Entity added to scene
12:47:57.786 [JavaFX Application Thread] DEBUG GameScene            - Added MainViewComponent
12:47:57.786 [JavaFX Application Thread] DEBUG GameScene            - Entity added to scene
12:47:57.786 [JavaFX Application Thread] DEBUG GameScene            - Added MainViewComponent
12:47:57.786 [JavaFX Application Thread] DEBUG GameScene            - Entity added to scene
12:47:57.786 [JavaFX Application Thread] DEBUG GameScene            - Added MainViewComponent
12:47:57.786 [JavaFX Application Thread] DEBUG GameScene            - Entity added to scene
12:47:57.786 [JavaFX Application Thread] DEBUG GameScene            - Added MainViewComponent
12:47:57.786 [JavaFX Application Thread] DEBUG GameScene            - Entity added to scene
12:47:57.786 [JavaFX Application Thread] DEBUG GameScene            - Added MainViewComponent
12:47:57.787 [JavaFX Application Thread] DEBUG GameScene            - Entity added to scene
12:47:57.787 [JavaFX Application Thread] DEBUG GameScene            - Added MainViewComponent
12:47:57.787 [JavaFX Application Thread] DEBUG GameScene            - Entity added to scene
12:47:57.787 [JavaFX Application Thread] DEBUG GameScene            - Added MainViewComponent
12:47:57.875 [JavaFX Application Thread] DEBUG FXGLAssetLoader      - Loading from cache: /assets/textures/Ground0.png
12:47:57.875 [JavaFX Application Thread] DEBUG FXGLAssetLoader      - Loading from cache: /assets/textures/Ground0.png
12:47:57.876 [JavaFX Application Thread] DEBUG FXGLAssetLoader      - Loading from cache: /assets/textures/Ground0.png
12:47:57.876 [JavaFX Application Thread] DEBUG FXGLAssetLoader      - Loading from cache: /assets/textures/Ground0.png
12:47:57.876 [JavaFX Application Thread] DEBUG FXGLAssetLoader      - Loading from cache: /assets/textures/Ground0.png
12:47:57.877 [JavaFX Application Thread] DEBUG FXGLAssetLoader      - Loading from cache: /assets/textures/Ground0.png
12:47:57.877 [JavaFX Application Thread] DEBUG FXGLAssetLoader      - Loading from cache: /assets/textures/Ground0.png
12:47:57.877 [JavaFX Application Thread] DEBUG FXGLAssetLoader      - Loading from cache: /assets/textures/Ground0.png
12:47:57.877 [JavaFX Application Thread] DEBUG FXGLAssetLoader      - Loading from cache: /assets/textures/Ground0.png
12:47:57.878 [JavaFX Application Thread] DEBUG FXGLAssetLoader      - Loading from cache: /assets/textures/Ground2.png
12:47:57.878 [JavaFX Application Thread] DEBUG FXGLAssetLoader      - Loading from cache: /assets/textures/Ground0.png
12:47:57.878 [JavaFX Application Thread] DEBUG FXGLAssetLoader      - Loading from cache: /assets/textures/Ground0.png
12:47:57.882 [JavaFX Application Thread] DEBUG GameScene            - Entity added to scene
12:47:57.882 [JavaFX Application Thread] DEBUG GameScene            - Added MainViewComponent
12:47:57.882 [JavaFX Application Thread] DEBUG GameScene            - Entity added to scene
12:47:57.882 [JavaFX Application Thread] DEBUG GameScene            - Added MainViewComponent
12:47:57.883 [JavaFX Application Thread] DEBUG GameScene            - Entity added to scene
12:47:57.883 [JavaFX Application Thread] DEBUG GameScene            - Added MainViewComponent
12:47:57.883 [JavaFX Application Thread] DEBUG GameScene            - Entity added to scene
12:47:57.883 [JavaFX Application Thread] DEBUG GameScene            - Added MainViewComponent
12:47:57.883 [JavaFX Application Thread] DEBUG GameScene            - Entity added to scene
12:47:57.883 [JavaFX Application Thread] DEBUG GameScene            - Added MainViewComponent
12:47:57.883 [JavaFX Application Thread] DEBUG GameScene            - Entity added to scene
12:47:57.883 [JavaFX Application Thread] DEBUG GameScene            - Added MainViewComponent
12:47:57.883 [JavaFX Application Thread] DEBUG GameScene            - Entity added to scene
12:47:57.883 [JavaFX Application Thread] DEBUG GameScene            - Added MainViewComponent
12:47:57.883 [JavaFX Application Thread] DEBUG GameScene            - Entity added to scene
12:47:57.883 [JavaFX Application Thread] DEBUG GameScene            - Added MainViewComponent
12:47:57.884 [JavaFX Application Thread] DEBUG GameScene            - Entity added to scene
12:47:57.884 [JavaFX Application Thread] DEBUG GameScene            - Added MainViewComponent
12:47:57.884 [JavaFX Application Thread] DEBUG GameScene            - Entity added to scene
12:47:57.884 [JavaFX Application Thread] DEBUG GameScene            - Added MainViewComponent
12:47:57.884 [JavaFX Application Thread] DEBUG GameScene            - Entity added to scene
12:47:57.884 [JavaFX Application Thread] DEBUG GameScene            - Added MainViewComponent
12:47:57.884 [JavaFX Application Thread] DEBUG GameScene            - Entity added to scene
12:47:57.884 [JavaFX Application Thread] DEBUG GameScene            - Added MainViewComponent
12:48:05.468 [JavaFX Application Thread] DEBUG FXGLEventBus         - Firing event: DisplayEvent[type=CLOSE_REQUEST]
12:48:05.469 [JavaFX Application Thread] DEBUG FXGLEventBus         - Firing event: FXGLEvent[type=EXIT]
12:48:05.471 [JavaFX Application Thread] DEBUG FXGL                 - Saving FXGL system data
12:48:05.472 [JavaFX Application Thread] DEBUG IOTask               - Executing task: writeDataTask(system/fxgl.bundle)
12:48:05.473 [JavaFX Application Thread] DEBUG FS                   - Writing to: system\fxgl.bundle
12:48:05.476 [JavaFX Application Thread] DEBUG IOTask               - Task succeeded: writeDataTask(system/fxgl.bundle)
