21:49:09.354 [FXGL Launcher Thread     ] DEBUG FXGLLoggerFactory    - Service [LoggerFactory] initialized
21:49:09.359 [FXGL Launcher Thread     ] DEBUG FXGL                 - FXGL configuration complete
21:49:09.359 [FXGL Launcher Thread     ] DEBUG FXGL                 - Loading FXGL system data
21:49:09.363 [FXGL Launcher Thread     ] DEBUG IOTask               - Executing task: readDataTask(system/fxgl.bundle)
21:49:09.368 [FXGL Launcher Thread     ] DEBUG FS                   - Reading from: system\fxgl.bundle
21:49:09.374 [FXGL Launcher Thread     ] DEBUG IOTask               - Task succeeded: readDataTask(system/fxgl.bundle)
21:49:09.374 [FXGL Launcher Thread     ] DEBUG Bundle               - Logging bundle: FXGL
21:49:09.374 [FXGL Launcher Thread     ] DEBUG Bundle               - FXGL.offline.timer.version.check=2017-01-12T08:38:28.585
21:49:09.381 [FXGL Launcher Thread     ] DEBUG GameApplication      - Configuring GameApplication
21:49:09.385 [FXGL Launcher Thread     ] DEBUG FXGLExceptionHandler - Service [ExceptionHandler] initialized
21:49:09.385 [FXGL Launcher Thread     ] DEBUG FXGLEventBus         - Service [EventBus] initialized
21:49:09.389 [FXGL Launcher Thread     ] DEBUG FXGLExecutor         - Service [Executor] initialized
21:49:09.389 [FXGL Launcher Thread     ] DEBUG PreInitTask          - Injecting gameWorld & physicsWorld
21:49:09.394 [FXGL Launcher Thread     ] DEBUG GameWorld            - Game world initialized
21:49:09.432 [FXGL Launcher Thread     ] DEBUG FXGLPooler           - Service [Pooler] initialized with default size = 128
21:49:09.433 [FXGL Launcher Thread     ] DEBUG PhysicsWorld         - Physics world initialized: appHeight=700.0, physics.ppm=50.0
21:49:09.433 [FXGL Launcher Thread     ] DEBUG FXGLInput            - Service [Input] initialized
21:49:09.452 [FXGL Launcher Thread     ] DEBUG FXGLInput            - Registered new binding: Screenshot - P
21:49:09.453 [FXGL Launcher Thread     ] DEBUG FXGLInput            - Registered new binding: Dev Options - CTRL+0
21:49:09.453 [FXGL Launcher Thread     ] DEBUG FXGLInput            - Registered new binding: Move With Mouse - PRIMARY
21:49:09.453 [FXGL Launcher Thread     ] DEBUG FXGLInput            - Registered new binding: Move up - W
21:49:09.454 [FXGL Launcher Thread     ] DEBUG FXGLInput            - Registered new binding: Open Fuel Shop - 1
21:49:09.454 [FXGL Launcher Thread     ] DEBUG FXGLInput            - Registered new binding: Open Sell - 2
21:49:09.490 [FXGL Launcher Thread     ] DEBUG GameScene            - Game scene initialized: 800.0x700.0
21:49:09.500 [FXGL Launcher Thread     ] DEBUG FXGLAssetLoader      - Service [AssetLoader] initialized: cacheSize=35
21:49:09.502 [FXGL Launcher Thread     ] DEBUG FXGLAssetLoader      - Loading from disk: /assets/sounds/system/notification.wav
21:49:09.624 [FXGL Launcher Thread     ] DEBUG FXGLAssetLoader      - Loading from disk: /assets/sounds/menu/select.wav
21:49:09.627 [FXGL Launcher Thread     ] DEBUG FXGLAssetLoader      - Loading from disk: /assets/sounds/menu/back.wav
21:49:09.631 [FXGL Launcher Thread     ] DEBUG FXGLAssetLoader      - Loading from disk: /assets/sounds/menu/press.wav
21:49:09.634 [FXGL Launcher Thread     ] DEBUG FXGLAssetLoader      - Loading from disk: /assets/ui/fonts/Copperplate_Gothic_Light_Regular.ttf
21:49:09.773 [FXGL Launcher Thread     ] DEBUG FXGLAssetLoader      - Loading from disk: /assets/ui/css/fxgl.css
21:49:09.774 [FXGL Launcher Thread     ] DEBUG FXGLAssetLoader      - Loading from disk: /assets/ui/icons/fxgl_icon.png
21:49:09.807 [FXGL Launcher Thread     ] DEBUG FXGLEventBus         - Firing event: SaveEvent
21:49:09.812 [FXGL Launcher Thread     ] DEBUG FXGLAssetLoader      - Loading from disk: /assets/textures/Menu Image.png
21:49:09.855 [FXGL Launcher Thread     ] DEBUG Menu                 - createMenuBodyMainMenu()
21:49:09.866 [FXGL Launcher Thread     ] DEBUG Menu                 - createOptionsMenu()
21:49:09.870 [FXGL Launcher Thread     ] DEBUG Menu                 - createExtraMenu()
21:49:09.874 [FXGL Launcher Thread     ] DEBUG FXGLAssetLoader      - Loading from cache: /assets/textures/Menu Image.png
21:49:09.875 [FXGL Launcher Thread     ] DEBUG Menu                 - createMenuBodyGameMenu()
21:49:09.877 [FXGL Launcher Thread     ] DEBUG Menu                 - createOptionsMenu()
21:49:09.879 [FXGL Launcher Thread     ] DEBUG Menu                 - createExtraMenu()
21:49:09.881 [FXGL Launcher Thread     ] DEBUG FXGLAssetLoader      - Loading from disk: /assets/ui/css/fxgl_dark.css
21:49:09.889 [FXGL Launcher Thread     ] DEBUG FXGLDisplay          - Target size: DoubleProperty [value: 800.0] x DoubleProperty [value: 700.0] @ 1.0
21:49:09.889 [FXGL Launcher Thread     ] DEBUG FXGLDisplay          - New size:    800.0 x 700.0 @ DoubleProperty [value: 1.0]
21:49:09.890 [FXGL Launcher Thread     ] DEBUG FXGLDisplay          - Service [Display] initialized
21:49:09.890 [FXGL Launcher Thread     ] DEBUG FXGLDisplay          - Using CSS: CSS(externalForm=jar:file:/C:/Users/Vic%20Spet/Documents/NetBeansProjects/MotherLoadProject/MotherLoad/lib/fxgl-0.2.9-uber.jar!/assets/ui/css/fxgl_dark.css)
21:49:09.890 [FXGL Launcher Thread     ] DEBUG InitScenesTask       - Injecting mainMenuScene & gameMenuScene
21:49:09.891 [FXGL Launcher Thread     ] DEBUG InitScenesTask       - Injecting loadingScene & gameScene
21:49:09.931 [FXGL Launcher Thread     ] DEBUG FXGLMasterTimer      - Service [MasterTimer] initialized
21:49:09.933 [FXGL Launcher Thread     ] DEBUG FXGLAudioPlayer      - Service [AudioPlayer] initialized
21:49:09.940 [FXGL Launcher Thread     ] DEBUG InitProfilerTask     - Injecting profiler
21:49:09.940 [FXGL Launcher Thread     ] DEBUG GameApplication      - State: STARTUP -> MAIN_MENU
21:49:09.979 [FXGL Launcher Thread     ] DEBUG SaveLoadManager      - Checking profiles dir: profiles/
21:49:09.980 [FXGL Launcher Thread     ] DEBUG SaveLoadManager      - Loading profile names
21:49:09.981 [FXGL Launcher Thread     ] DEBUG IOTask               - Showing dialog
21:49:09.988 [FXGL Launcher Thread     ] DEBUG FXGLEventBus         - Firing event: DisplayEvent[type=DIALOG_OPENED]
21:49:09.988 [FXGL Launcher Thread     ] DEBUG FXGLInput            - Clearing active input actions
21:49:09.990 [FXGL Background Thread 1 ] DEBUG IOTask               - Executing task: loadDirectoryNamesTask(./profiles/, false)
21:49:10.104 [JavaFX Application Thread] DEBUG FXGLDisplay          - Showing stage
21:49:10.104 [JavaFX Application Thread] DEBUG FXGLDisplay          - Root size: 800.0x700.0
21:49:10.104 [JavaFX Application Thread] DEBUG FXGLDisplay          - Scene size: 800.0x700.0
21:49:10.104 [JavaFX Application Thread] DEBUG FXGLDisplay          - Stage size: 818.0x747.0
21:49:10.223 [JavaFX Application Thread] DEBUG IOTask               - succeed(): Dismissing dialog
21:49:10.223 [JavaFX Application Thread] DEBUG FXGLEventBus         - Firing event: DisplayEvent[type=DIALOG_CLOSED]
21:49:10.223 [JavaFX Application Thread] DEBUG IOTask               - Task succeeded: loadDirectoryNamesTask(./profiles/, false)
21:49:10.226 [JavaFX Application Thread] DEBUG FXGLEventBus         - Firing event: DisplayEvent[type=DIALOG_OPENED]
21:49:10.226 [JavaFX Application Thread] DEBUG FXGLInput            - Clearing active input actions
21:49:12.225 [JavaFX Application Thread] DEBUG FXGLEventBus         - Firing event: DisplayEvent[type=DIALOG_CLOSED]
21:49:12.225 [JavaFX Application Thread] DEBUG SaveLoadManager      - Loading profile: Mack
21:49:12.226 [JavaFX Application Thread] DEBUG IOTask               - Showing dialog
21:49:12.229 [JavaFX Application Thread] DEBUG FXGLEventBus         - Firing event: DisplayEvent[type=DIALOG_OPENED]
21:49:12.229 [JavaFX Application Thread] DEBUG FXGLInput            - Clearing active input actions
21:49:12.229 [FXGL Background Thread 1 ] DEBUG IOTask               - Executing task: readDataTask(./profiles/Mack/user.profile)
21:49:12.230 [FXGL Background Thread 1 ] DEBUG FS                   - Reading from: .\profiles\Mack\user.profile
21:49:12.246 [JavaFX Application Thread] DEBUG IOTask               - succeed(): Dismissing dialog
21:49:12.247 [JavaFX Application Thread] DEBUG FXGLEventBus         - Firing event: DisplayEvent[type=DIALOG_CLOSED]
21:49:12.247 [JavaFX Application Thread] DEBUG IOTask               - Task succeeded: readDataTask(./profiles/Mack/user.profile)
21:49:12.247 [JavaFX Application Thread] DEBUG FXGLEventBus         - Firing event: LoadEvent[type=LOAD_PROFILE]
21:49:12.247 [JavaFX Application Thread] DEBUG FXGLInput            - Loading data from profile
21:49:12.247 [JavaFX Application Thread] DEBUG Bundle               - Logging bundle: input
21:49:12.247 [JavaFX Application Thread] DEBUG Bundle               - input.Open Fuel Shop=1
21:49:12.247 [JavaFX Application Thread] DEBUG Bundle               - input.Screenshot=H
21:49:12.247 [JavaFX Application Thread] DEBUG Bundle               - input.Dev Options=CTRL+0
21:49:12.247 [JavaFX Application Thread] DEBUG Bundle               - input.Move up=W
21:49:12.247 [JavaFX Application Thread] DEBUG Bundle               - input.Open Sell=2
21:49:12.247 [JavaFX Application Thread] DEBUG Bundle               - input.Move With Mouse=PRIMARY
21:49:12.248 [JavaFX Application Thread] DEBUG FXGLDisplay          - Loading data from profile
21:49:12.248 [JavaFX Application Thread] DEBUG Bundle               - Logging bundle: scene
21:49:12.248 [JavaFX Application Thread] DEBUG Bundle               - scene.sizeW=822.8571428571428
21:49:12.248 [JavaFX Application Thread] DEBUG Bundle               - scene.sizeH=720.0
21:49:12.248 [JavaFX Application Thread] DEBUG FXGLDisplay          - Target size: DoubleProperty [value: 822.8571428571428] x DoubleProperty [value: 720.0] @ 1.0
21:49:12.248 [JavaFX Application Thread] DEBUG FXGLDisplay          - New size:    822.8571428571428 x 720.0 @ DoubleProperty [value: 1.0285714285714285]
21:49:12.282 [JavaFX Application Thread] DEBUG FXGLAudioPlayer      - Loading data from profile
21:49:12.282 [JavaFX Application Thread] DEBUG Bundle               - Logging bundle: audio
21:49:12.282 [JavaFX Application Thread] DEBUG Bundle               - audio.musicVolume=0.5
21:49:12.282 [JavaFX Application Thread] DEBUG Bundle               - audio.soundVolume=0.47449908925318784
21:49:12.283 [JavaFX Application Thread] DEBUG AchievementManager   - Service [AchievementManager] initialized
21:49:12.283 [JavaFX Application Thread] DEBUG AchievementManager   - Loading data from profile
21:49:12.283 [JavaFX Application Thread] DEBUG Bundle               - Logging bundle: achievement
21:49:12.283 [JavaFX Application Thread] DEBUG FXGLMasterTimer      - Loading data from profile
21:49:12.283 [JavaFX Application Thread] DEBUG Bundle               - Logging bundle: timer
21:49:12.283 [JavaFX Application Thread] DEBUG Bundle               - timer.playtime=546528236748
21:49:12.284 [JavaFX Application Thread] DEBUG SaveLoadManager      - Loading last modified save file
21:49:12.285 [JavaFX Application Thread] DEBUG SaveLoadManager      - Loading save files
21:49:12.286 [JavaFX Application Thread] DEBUG IOTask               - Showing dialog
21:49:12.288 [JavaFX Application Thread] DEBUG FXGLEventBus         - Firing event: DisplayEvent[type=DIALOG_OPENED]
21:49:12.288 [JavaFX Application Thread] DEBUG FXGLInput            - Clearing active input actions
21:49:12.288 [FXGL Background Thread 1 ] DEBUG IOTask               - Executing task: loadFileNamesTask(./profiles/Mack/saves/, true, [FileExtension(extension=.sav)])
21:49:12.289 [FXGL Background Thread 1 ] DEBUG IOTask               - Executing task: loadFileNamesTask(./profiles/Mack/saves/, true, [FileExtension(extension=.sav)])
21:49:12.289 [FXGL Background Thread 1 ] DEBUG IOTask               - Executing task: loadFileNamesTask(./profiles/Mack/saves/, true, [FileExtension(extension=.sav)])
21:49:12.291 [FXGL Background Thread 1 ] DEBUG IOTask               - Executing task: readSaveFiles
21:49:12.292 [FXGL Background Thread 1 ] DEBUG IOTask               - Executing task: findLastSave
21:49:12.322 [JavaFX Application Thread] DEBUG IOTask               - fail(): Dismissing dialog
21:49:12.322 [JavaFX Application Thread] DEBUG FXGLEventBus         - Firing event: DisplayEvent[type=DIALOG_CLOSED]
21:49:12.322 [JavaFX Application Thread] WARN  IOTask               - Task failed: loadFileNamesTask(./profiles/Mack/saves/, true, [FileExtension(extension=.sav)]) Error: java.io.FileNotFoundException: No save files found
21:49:12.322 [JavaFX Application Thread] DEBUG FXGLEventBus         - Firing event: ProfileSelectedEvent[name=Mack,hasSaves=false]
21:49:40.012 [JavaFX Application Thread] DEBUG Menu                 - fireNewGame()
21:49:40.012 [JavaFX Application Thread] DEBUG GameApplication      - Starting new game
21:49:40.013 [JavaFX Application Thread] DEBUG GameApplication      - Initializing App
21:49:40.014 [JavaFX Application Thread] DEBUG FXGLInput            - Clearing active input actions
21:49:40.014 [JavaFX Application Thread] DEBUG FXGLMasterTimer      - Stopping master timer
21:49:40.014 [JavaFX Application Thread] DEBUG GameApplication      - State: MAIN_MENU -> PAUSED
21:49:40.014 [JavaFX Application Thread] DEBUG FXGLEventBus         - Firing event: FXGLEvent[type=PAUSE]
21:49:40.015 [JavaFX Application Thread] DEBUG FXGLInput            - Clearing active input actions
21:49:40.015 [JavaFX Application Thread] DEBUG FXGLMasterTimer      - Resetting ticks and clearing all actions
21:49:40.015 [JavaFX Application Thread] DEBUG GameWorld            - Resetting game world
21:49:40.015 [JavaFX Application Thread] TRACE EntityWorld          - Resetting entity world
21:49:40.016 [JavaFX Application Thread] DEBUG PhysicsWorld         - Resetting physics world
21:49:40.016 [JavaFX Application Thread] DEBUG GameScene            - Resetting game scene
21:49:40.016 [JavaFX Application Thread] DEBUG FXGLEventBus         - Firing event: FXGLEvent[type=RESET]
21:49:40.394 [JavaFX Application Thread] DEBUG GameApplication      - State: PAUSED -> LOADING
21:49:40.398 [JavaFX Application Thread] DEBUG FXGLEventBus         - Firing event: MenuEvent[type=NEW_GAME]
21:49:40.398 [FXGL Background Thread 1 ] DEBUG InitAppTask          - Initializing Assets
21:49:40.399 [FXGL Background Thread 1 ] DEBUG InitAppTask          - Initializing Game
21:49:40.423 [FXGL Background Thread 1 ] DEBUG InitAppTask          - Initializing Physics
21:49:40.423 [FXGL Background Thread 1 ] DEBUG InitAppTask          - Initializing UI
21:49:40.423 [FXGL Background Thread 1 ] DEBUG InitAppTask          - Initialization Complete
21:49:40.424 [JavaFX Application Thread] DEBUG FXGLInput            - Clearing active input actions
21:49:40.425 [JavaFX Application Thread] DEBUG FXGLMasterTimer      - Starting master timer
21:49:40.425 [JavaFX Application Thread] DEBUG GameApplication      - State: LOADING -> PLAYING
21:49:40.427 [JavaFX Application Thread] DEBUG FXGLEventBus         - Firing event: FXGLEvent[type=RESUME]
21:49:40.431 [JavaFX Application Thread] DEBUG GameScene            - Entity added to scene
21:49:40.431 [JavaFX Application Thread] DEBUG GameScene            - Added MainViewComponent
21:49:40.434 [JavaFX Application Thread] DEBUG GameScene            - Creating render group for layer: TOP(2147483647)
21:49:40.480 [JavaFX Application Thread] DEBUG FXGLAssetLoader      - Loading from disk: /assets/textures/Ground0.png
21:49:40.481 [JavaFX Application Thread] DEBUG FXGLAssetLoader      - Loading from cache: /assets/textures/Ground0.png
21:49:40.482 [JavaFX Application Thread] DEBUG FXGLAssetLoader      - Loading from cache: /assets/textures/Ground0.png
21:49:40.482 [JavaFX Application Thread] DEBUG FXGLAssetLoader      - Loading from cache: /assets/textures/Ground0.png
21:49:40.483 [JavaFX Application Thread] DEBUG FXGLAssetLoader      - Loading from cache: /assets/textures/Ground0.png
21:49:40.483 [JavaFX Application Thread] DEBUG FXGLAssetLoader      - Loading from cache: /assets/textures/Ground0.png
21:49:40.483 [JavaFX Application Thread] DEBUG FXGLAssetLoader      - Loading from cache: /assets/textures/Ground0.png
21:49:40.484 [JavaFX Application Thread] DEBUG FXGLAssetLoader      - Loading from cache: /assets/textures/Ground0.png
21:49:40.484 [JavaFX Application Thread] DEBUG FXGLAssetLoader      - Loading from cache: /assets/textures/Ground0.png
21:49:40.485 [JavaFX Application Thread] DEBUG FXGLAssetLoader      - Loading from disk: /assets/textures/Ground1.png
21:49:40.486 [JavaFX Application Thread] DEBUG FXGLAssetLoader      - Loading from cache: /assets/textures/Ground0.png
21:49:40.487 [JavaFX Application Thread] DEBUG FXGLAssetLoader      - Loading from cache: /assets/textures/Ground0.png
21:49:40.487 [JavaFX Application Thread] DEBUG FXGLAssetLoader      - Loading from cache: /assets/textures/Ground0.png
21:49:40.489 [JavaFX Application Thread] DEBUG FXGLAssetLoader      - Loading from cache: /assets/textures/Ground0.png
21:49:40.489 [JavaFX Application Thread] DEBUG FXGLAssetLoader      - Loading from cache: /assets/textures/Ground0.png
21:49:40.490 [JavaFX Application Thread] DEBUG FXGLAssetLoader      - Loading from cache: /assets/textures/Ground0.png
21:49:40.490 [JavaFX Application Thread] DEBUG FXGLAssetLoader      - Loading from cache: /assets/textures/Ground0.png
21:49:40.491 [JavaFX Application Thread] DEBUG FXGLAssetLoader      - Loading from cache: /assets/textures/Ground0.png
21:49:40.491 [JavaFX Application Thread] DEBUG FXGLAssetLoader      - Loading from cache: /assets/textures/Ground0.png
21:49:40.491 [JavaFX Application Thread] DEBUG FXGLAssetLoader      - Loading from cache: /assets/textures/Ground0.png
21:49:40.491 [JavaFX Application Thread] DEBUG FXGLAssetLoader      - Loading from cache: /assets/textures/Ground0.png
21:49:40.492 [JavaFX Application Thread] DEBUG FXGLAssetLoader      - Loading from cache: /assets/textures/Ground0.png
21:49:40.492 [JavaFX Application Thread] DEBUG FXGLAssetLoader      - Loading from cache: /assets/textures/Ground0.png
21:49:40.493 [JavaFX Application Thread] DEBUG FXGLAssetLoader      - Loading from cache: /assets/textures/Ground0.png
21:49:40.493 [JavaFX Application Thread] DEBUG FXGLAssetLoader      - Loading from cache: /assets/textures/Ground0.png
21:49:40.493 [JavaFX Application Thread] DEBUG FXGLAssetLoader      - Loading from cache: /assets/textures/Ground0.png
21:49:40.494 [JavaFX Application Thread] DEBUG FXGLAssetLoader      - Loading from cache: /assets/textures/Ground0.png
21:49:40.494 [JavaFX Application Thread] DEBUG FXGLAssetLoader      - Loading from cache: /assets/textures/Ground0.png
21:49:40.494 [JavaFX Application Thread] DEBUG FXGLAssetLoader      - Loading from cache: /assets/textures/Ground0.png
21:49:40.495 [JavaFX Application Thread] DEBUG FXGLAssetLoader      - Loading from cache: /assets/textures/Ground0.png
21:49:40.495 [JavaFX Application Thread] DEBUG FXGLAssetLoader      - Loading from cache: /assets/textures/Ground0.png
21:49:40.495 [JavaFX Application Thread] DEBUG FXGLAssetLoader      - Loading from cache: /assets/textures/Ground0.png
21:49:40.496 [JavaFX Application Thread] DEBUG FXGLAssetLoader      - Loading from cache: /assets/textures/Ground0.png
21:49:40.496 [JavaFX Application Thread] DEBUG FXGLAssetLoader      - Loading from cache: /assets/textures/Ground1.png
21:49:40.496 [JavaFX Application Thread] DEBUG FXGLAssetLoader      - Loading from cache: /assets/textures/Ground0.png
21:49:40.497 [JavaFX Application Thread] DEBUG FXGLAssetLoader      - Loading from cache: /assets/textures/Ground0.png
21:49:40.497 [JavaFX Application Thread] DEBUG FXGLAssetLoader      - Loading from cache: /assets/textures/Ground0.png
21:49:40.498 [JavaFX Application Thread] DEBUG FXGLAssetLoader      - Loading from cache: /assets/textures/Ground0.png
21:49:40.498 [JavaFX Application Thread] DEBUG FXGLAssetLoader      - Loading from disk: /assets/textures/Ground2.png
21:49:40.500 [JavaFX Application Thread] DEBUG FXGLAssetLoader      - Loading from cache: /assets/textures/Ground0.png
21:49:40.500 [JavaFX Application Thread] DEBUG FXGLAssetLoader      - Loading from cache: /assets/textures/Ground1.png
21:49:40.500 [JavaFX Application Thread] DEBUG FXGLAssetLoader      - Loading from cache: /assets/textures/Ground0.png
21:49:40.501 [JavaFX Application Thread] DEBUG FXGLAssetLoader      - Loading from cache: /assets/textures/Ground0.png
21:49:40.501 [JavaFX Application Thread] DEBUG FXGLAssetLoader      - Loading from cache: /assets/textures/Ground0.png
21:49:40.501 [JavaFX Application Thread] DEBUG FXGLAssetLoader      - Loading from cache: /assets/textures/Ground0.png
21:49:40.515 [JavaFX Application Thread] DEBUG GameScene            - Entity added to scene
21:49:40.515 [JavaFX Application Thread] DEBUG GameScene            - Added MainViewComponent
21:49:40.516 [JavaFX Application Thread] DEBUG GameScene            - Entity added to scene
21:49:40.516 [JavaFX Application Thread] DEBUG GameScene            - Added MainViewComponent
21:49:40.516 [JavaFX Application Thread] DEBUG GameScene            - Entity added to scene
21:49:40.516 [JavaFX Application Thread] DEBUG GameScene            - Added MainViewComponent
21:49:40.516 [JavaFX Application Thread] DEBUG GameScene            - Entity added to scene
21:49:40.516 [JavaFX Application Thread] DEBUG GameScene            - Added MainViewComponent
21:49:40.516 [JavaFX Application Thread] DEBUG GameScene            - Entity added to scene
21:49:40.516 [JavaFX Application Thread] DEBUG GameScene            - Added MainViewComponent
21:49:40.517 [JavaFX Application Thread] DEBUG GameScene            - Entity added to scene
21:49:40.517 [JavaFX Application Thread] DEBUG GameScene            - Added MainViewComponent
21:49:40.517 [JavaFX Application Thread] DEBUG GameScene            - Entity added to scene
21:49:40.517 [JavaFX Application Thread] DEBUG GameScene            - Added MainViewComponent
21:49:40.517 [JavaFX Application Thread] DEBUG GameScene            - Entity added to scene
21:49:40.517 [JavaFX Application Thread] DEBUG GameScene            - Added MainViewComponent
21:49:40.518 [JavaFX Application Thread] DEBUG GameScene            - Entity added to scene
21:49:40.518 [JavaFX Application Thread] DEBUG GameScene            - Added MainViewComponent
21:49:40.518 [JavaFX Application Thread] DEBUG GameScene            - Entity added to scene
21:49:40.518 [JavaFX Application Thread] DEBUG GameScene            - Added MainViewComponent
21:49:40.518 [JavaFX Application Thread] DEBUG GameScene            - Entity added to scene
21:49:40.518 [JavaFX Application Thread] DEBUG GameScene            - Added MainViewComponent
21:49:40.518 [JavaFX Application Thread] DEBUG GameScene            - Entity added to scene
21:49:40.518 [JavaFX Application Thread] DEBUG GameScene            - Added MainViewComponent
21:49:40.518 [JavaFX Application Thread] DEBUG GameScene            - Entity added to scene
21:49:40.518 [JavaFX Application Thread] DEBUG GameScene            - Added MainViewComponent
21:49:40.519 [JavaFX Application Thread] DEBUG GameScene            - Entity added to scene
21:49:40.519 [JavaFX Application Thread] DEBUG GameScene            - Added MainViewComponent
21:49:40.519 [JavaFX Application Thread] DEBUG GameScene            - Entity added to scene
21:49:40.519 [JavaFX Application Thread] DEBUG GameScene            - Added MainViewComponent
21:49:40.519 [JavaFX Application Thread] DEBUG GameScene            - Entity added to scene
21:49:40.519 [JavaFX Application Thread] DEBUG GameScene            - Added MainViewComponent
21:49:40.519 [JavaFX Application Thread] DEBUG GameScene            - Entity added to scene
21:49:40.519 [JavaFX Application Thread] DEBUG GameScene            - Added MainViewComponent
21:49:40.520 [JavaFX Application Thread] DEBUG GameScene            - Entity added to scene
21:49:40.520 [JavaFX Application Thread] DEBUG GameScene            - Added MainViewComponent
21:49:40.520 [JavaFX Application Thread] DEBUG GameScene            - Entity added to scene
21:49:40.520 [JavaFX Application Thread] DEBUG GameScene            - Added MainViewComponent
21:49:40.520 [JavaFX Application Thread] DEBUG GameScene            - Entity added to scene
21:49:40.520 [JavaFX Application Thread] DEBUG GameScene            - Added MainViewComponent
21:49:40.520 [JavaFX Application Thread] DEBUG GameScene            - Entity added to scene
21:49:40.520 [JavaFX Application Thread] DEBUG GameScene            - Added MainViewComponent
21:49:40.521 [JavaFX Application Thread] DEBUG GameScene            - Entity added to scene
21:49:40.521 [JavaFX Application Thread] DEBUG GameScene            - Added MainViewComponent
21:49:40.521 [JavaFX Application Thread] DEBUG GameScene            - Entity added to scene
21:49:40.522 [JavaFX Application Thread] DEBUG GameScene            - Added MainViewComponent
21:49:40.522 [JavaFX Application Thread] DEBUG GameScene            - Entity added to scene
21:49:40.522 [JavaFX Application Thread] DEBUG GameScene            - Added MainViewComponent
21:49:40.522 [JavaFX Application Thread] DEBUG GameScene            - Entity added to scene
21:49:40.523 [JavaFX Application Thread] DEBUG GameScene            - Added MainViewComponent
21:49:40.523 [JavaFX Application Thread] DEBUG GameScene            - Entity added to scene
21:49:40.523 [JavaFX Application Thread] DEBUG GameScene            - Added MainViewComponent
21:49:40.523 [JavaFX Application Thread] DEBUG GameScene            - Entity added to scene
21:49:40.523 [JavaFX Application Thread] DEBUG GameScene            - Added MainViewComponent
21:49:40.524 [JavaFX Application Thread] DEBUG GameScene            - Entity added to scene
21:49:40.524 [JavaFX Application Thread] DEBUG GameScene            - Added MainViewComponent
21:49:40.524 [JavaFX Application Thread] DEBUG GameScene            - Entity added to scene
21:49:40.524 [JavaFX Application Thread] DEBUG GameScene            - Added MainViewComponent
21:49:40.524 [JavaFX Application Thread] DEBUG GameScene            - Entity added to scene
21:49:40.524 [JavaFX Application Thread] DEBUG GameScene            - Added MainViewComponent
21:49:40.524 [JavaFX Application Thread] DEBUG GameScene            - Entity added to scene
21:49:40.524 [JavaFX Application Thread] DEBUG GameScene            - Added MainViewComponent
21:49:40.524 [JavaFX Application Thread] DEBUG GameScene            - Entity added to scene
21:49:40.524 [JavaFX Application Thread] DEBUG GameScene            - Added MainViewComponent
21:49:40.525 [JavaFX Application Thread] DEBUG GameScene            - Entity added to scene
21:49:40.525 [JavaFX Application Thread] DEBUG GameScene            - Added MainViewComponent
21:49:40.525 [JavaFX Application Thread] DEBUG GameScene            - Entity added to scene
21:49:40.525 [JavaFX Application Thread] DEBUG GameScene            - Added MainViewComponent
21:49:40.525 [JavaFX Application Thread] DEBUG GameScene            - Entity added to scene
21:49:40.525 [JavaFX Application Thread] DEBUG GameScene            - Added MainViewComponent
21:49:40.525 [JavaFX Application Thread] DEBUG GameScene            - Entity added to scene
21:49:40.525 [JavaFX Application Thread] DEBUG GameScene            - Added MainViewComponent
21:49:40.525 [JavaFX Application Thread] DEBUG GameScene            - Entity added to scene
21:49:40.525 [JavaFX Application Thread] DEBUG GameScene            - Added MainViewComponent
21:49:40.525 [JavaFX Application Thread] DEBUG GameScene            - Entity added to scene
21:49:40.525 [JavaFX Application Thread] DEBUG GameScene            - Added MainViewComponent
21:49:40.526 [JavaFX Application Thread] DEBUG GameScene            - Entity added to scene
21:49:40.526 [JavaFX Application Thread] DEBUG GameScene            - Added MainViewComponent
21:49:40.526 [JavaFX Application Thread] DEBUG GameScene            - Entity added to scene
21:49:40.526 [JavaFX Application Thread] DEBUG GameScene            - Added MainViewComponent
21:49:40.526 [JavaFX Application Thread] DEBUG GameScene            - Entity added to scene
21:49:40.526 [JavaFX Application Thread] DEBUG GameScene            - Added MainViewComponent
21:49:40.526 [JavaFX Application Thread] DEBUG GameScene            - Entity added to scene
21:49:40.526 [JavaFX Application Thread] DEBUG GameScene            - Added MainViewComponent
21:49:40.526 [JavaFX Application Thread] DEBUG GameScene            - Entity added to scene
21:49:40.527 [JavaFX Application Thread] DEBUG GameScene            - Added MainViewComponent
21:49:40.527 [JavaFX Application Thread] DEBUG GameScene            - Entity added to scene
21:49:40.527 [JavaFX Application Thread] DEBUG GameScene            - Added MainViewComponent
21:49:40.527 [JavaFX Application Thread] DEBUG GameScene            - Entity added to scene
21:49:40.527 [JavaFX Application Thread] DEBUG GameScene            - Added MainViewComponent
21:49:40.788 [JavaFX Application Thread] DEBUG FXGLAssetLoader      - Loading from cache: /assets/textures/Ground0.png
21:49:40.790 [JavaFX Application Thread] DEBUG FXGLAssetLoader      - Loading from cache: /assets/textures/Ground0.png
21:49:40.791 [JavaFX Application Thread] DEBUG FXGLAssetLoader      - Loading from cache: /assets/textures/Ground1.png
21:49:40.792 [JavaFX Application Thread] DEBUG FXGLAssetLoader      - Loading from cache: /assets/textures/Ground0.png
21:49:40.793 [JavaFX Application Thread] DEBUG FXGLAssetLoader      - Loading from cache: /assets/textures/Ground0.png
21:49:40.794 [JavaFX Application Thread] DEBUG FXGLAssetLoader      - Loading from cache: /assets/textures/Ground0.png
21:49:40.795 [JavaFX Application Thread] DEBUG FXGLAssetLoader      - Loading from cache: /assets/textures/Ground0.png
21:49:40.796 [JavaFX Application Thread] DEBUG FXGLAssetLoader      - Loading from cache: /assets/textures/Ground0.png
21:49:40.796 [JavaFX Application Thread] DEBUG FXGLAssetLoader      - Loading from cache: /assets/textures/Ground0.png
21:49:40.797 [JavaFX Application Thread] DEBUG FXGLAssetLoader      - Loading from cache: /assets/textures/Ground0.png
21:49:40.798 [JavaFX Application Thread] DEBUG FXGLAssetLoader      - Loading from cache: /assets/textures/Ground0.png
21:49:40.798 [JavaFX Application Thread] DEBUG FXGLAssetLoader      - Loading from cache: /assets/textures/Ground0.png
21:49:40.799 [JavaFX Application Thread] DEBUG FXGLAssetLoader      - Loading from cache: /assets/textures/Ground0.png
21:49:40.799 [JavaFX Application Thread] DEBUG FXGLAssetLoader      - Loading from cache: /assets/textures/Ground2.png
21:49:40.800 [JavaFX Application Thread] DEBUG FXGLAssetLoader      - Loading from cache: /assets/textures/Ground0.png
21:49:40.803 [JavaFX Application Thread] DEBUG GameScene            - Entity added to scene
21:49:40.803 [JavaFX Application Thread] DEBUG GameScene            - Added MainViewComponent
21:49:40.803 [JavaFX Application Thread] DEBUG GameScene            - Entity added to scene
21:49:40.804 [JavaFX Application Thread] DEBUG GameScene            - Added MainViewComponent
21:49:40.804 [JavaFX Application Thread] DEBUG GameScene            - Entity added to scene
21:49:40.804 [JavaFX Application Thread] DEBUG GameScene            - Added MainViewComponent
21:49:40.804 [JavaFX Application Thread] DEBUG GameScene            - Entity added to scene
21:49:40.804 [JavaFX Application Thread] DEBUG GameScene            - Added MainViewComponent
21:49:40.805 [JavaFX Application Thread] DEBUG GameScene            - Entity added to scene
21:49:40.805 [JavaFX Application Thread] DEBUG GameScene            - Added MainViewComponent
21:49:40.806 [JavaFX Application Thread] DEBUG GameScene            - Entity added to scene
21:49:40.806 [JavaFX Application Thread] DEBUG GameScene            - Added MainViewComponent
21:49:40.806 [JavaFX Application Thread] DEBUG GameScene            - Entity added to scene
21:49:40.806 [JavaFX Application Thread] DEBUG GameScene            - Added MainViewComponent
21:49:40.807 [JavaFX Application Thread] DEBUG GameScene            - Entity added to scene
21:49:40.807 [JavaFX Application Thread] DEBUG GameScene            - Added MainViewComponent
21:49:40.807 [JavaFX Application Thread] DEBUG GameScene            - Entity added to scene
21:49:40.807 [JavaFX Application Thread] DEBUG GameScene            - Added MainViewComponent
21:49:40.808 [JavaFX Application Thread] DEBUG GameScene            - Entity added to scene
21:49:40.808 [JavaFX Application Thread] DEBUG GameScene            - Added MainViewComponent
21:49:40.808 [JavaFX Application Thread] DEBUG GameScene            - Entity added to scene
21:49:40.808 [JavaFX Application Thread] DEBUG GameScene            - Added MainViewComponent
21:49:40.808 [JavaFX Application Thread] DEBUG GameScene            - Entity added to scene
21:49:40.808 [JavaFX Application Thread] DEBUG GameScene            - Added MainViewComponent
21:49:40.808 [JavaFX Application Thread] DEBUG GameScene            - Entity added to scene
21:49:40.808 [JavaFX Application Thread] DEBUG GameScene            - Added MainViewComponent
21:49:40.808 [JavaFX Application Thread] DEBUG GameScene            - Entity added to scene
21:49:40.809 [JavaFX Application Thread] DEBUG GameScene            - Added MainViewComponent
21:49:40.809 [JavaFX Application Thread] DEBUG GameScene            - Entity added to scene
21:49:40.809 [JavaFX Application Thread] DEBUG GameScene            - Added MainViewComponent
21:49:41.300 [JavaFX Application Thread] DEBUG FXGLAssetLoader      - Loading from cache: /assets/textures/Ground0.png
21:49:41.300 [JavaFX Application Thread] DEBUG FXGLAssetLoader      - Loading from cache: /assets/textures/Ground0.png
21:49:41.301 [JavaFX Application Thread] DEBUG FXGLAssetLoader      - Loading from cache: /assets/textures/Ground0.png
21:49:41.301 [JavaFX Application Thread] DEBUG FXGLAssetLoader      - Loading from cache: /assets/textures/Ground0.png
21:49:41.301 [JavaFX Application Thread] DEBUG FXGLAssetLoader      - Loading from cache: /assets/textures/Ground0.png
21:49:41.302 [JavaFX Application Thread] DEBUG FXGLAssetLoader      - Loading from cache: /assets/textures/Ground0.png
21:49:41.302 [JavaFX Application Thread] DEBUG FXGLAssetLoader      - Loading from cache: /assets/textures/Ground0.png
21:49:41.302 [JavaFX Application Thread] DEBUG FXGLAssetLoader      - Loading from cache: /assets/textures/Ground0.png
21:49:41.303 [JavaFX Application Thread] DEBUG FXGLAssetLoader      - Loading from cache: /assets/textures/Ground0.png
21:49:41.303 [JavaFX Application Thread] DEBUG FXGLAssetLoader      - Loading from cache: /assets/textures/Ground0.png
21:49:41.303 [JavaFX Application Thread] DEBUG FXGLAssetLoader      - Loading from cache: /assets/textures/Ground0.png
21:49:41.303 [JavaFX Application Thread] DEBUG FXGLAssetLoader      - Loading from cache: /assets/textures/Ground0.png
21:49:41.304 [JavaFX Application Thread] DEBUG FXGLAssetLoader      - Loading from cache: /assets/textures/Ground0.png
21:49:41.304 [JavaFX Application Thread] DEBUG FXGLAssetLoader      - Loading from cache: /assets/textures/Ground0.png
21:49:41.304 [JavaFX Application Thread] DEBUG FXGLAssetLoader      - Loading from cache: /assets/textures/Ground0.png
21:49:41.315 [JavaFX Application Thread] DEBUG GameScene            - Entity added to scene
21:49:41.315 [JavaFX Application Thread] DEBUG GameScene            - Added MainViewComponent
21:49:41.316 [JavaFX Application Thread] DEBUG GameScene            - Entity added to scene
21:49:41.316 [JavaFX Application Thread] DEBUG GameScene            - Added MainViewComponent
21:49:41.316 [JavaFX Application Thread] DEBUG GameScene            - Entity added to scene
21:49:41.316 [JavaFX Application Thread] DEBUG GameScene            - Added MainViewComponent
21:49:41.316 [JavaFX Application Thread] DEBUG GameScene            - Entity added to scene
21:49:41.316 [JavaFX Application Thread] DEBUG GameScene            - Added MainViewComponent
21:49:41.316 [JavaFX Application Thread] DEBUG GameScene            - Entity added to scene
21:49:41.316 [JavaFX Application Thread] DEBUG GameScene            - Added MainViewComponent
21:49:41.317 [JavaFX Application Thread] DEBUG GameScene            - Entity added to scene
21:49:41.317 [JavaFX Application Thread] DEBUG GameScene            - Added MainViewComponent
21:49:41.317 [JavaFX Application Thread] DEBUG GameScene            - Entity added to scene
21:49:41.317 [JavaFX Application Thread] DEBUG GameScene            - Added MainViewComponent
21:49:41.317 [JavaFX Application Thread] DEBUG GameScene            - Entity added to scene
21:49:41.317 [JavaFX Application Thread] DEBUG GameScene            - Added MainViewComponent
21:49:41.317 [JavaFX Application Thread] DEBUG GameScene            - Entity added to scene
21:49:41.317 [JavaFX Application Thread] DEBUG GameScene            - Added MainViewComponent
21:49:41.317 [JavaFX Application Thread] DEBUG GameScene            - Entity added to scene
21:49:41.317 [JavaFX Application Thread] DEBUG GameScene            - Added MainViewComponent
21:49:41.318 [JavaFX Application Thread] DEBUG GameScene            - Entity added to scene
21:49:41.318 [JavaFX Application Thread] DEBUG GameScene            - Added MainViewComponent
21:49:41.318 [JavaFX Application Thread] DEBUG GameScene            - Entity added to scene
21:49:41.318 [JavaFX Application Thread] DEBUG GameScene            - Added MainViewComponent
21:49:41.318 [JavaFX Application Thread] DEBUG GameScene            - Entity added to scene
21:49:41.318 [JavaFX Application Thread] DEBUG GameScene            - Added MainViewComponent
21:49:41.318 [JavaFX Application Thread] DEBUG GameScene            - Entity added to scene
21:49:41.318 [JavaFX Application Thread] DEBUG GameScene            - Added MainViewComponent
21:49:41.318 [JavaFX Application Thread] DEBUG GameScene            - Entity added to scene
21:49:41.318 [JavaFX Application Thread] DEBUG GameScene            - Added MainViewComponent
21:49:41.605 [JavaFX Application Thread] DEBUG FXGLAssetLoader      - Loading from cache: /assets/textures/Ground0.png
21:49:41.605 [JavaFX Application Thread] DEBUG FXGLAssetLoader      - Loading from cache: /assets/textures/Ground0.png
21:49:41.606 [JavaFX Application Thread] DEBUG FXGLAssetLoader      - Loading from cache: /assets/textures/Ground0.png
21:49:41.607 [JavaFX Application Thread] DEBUG FXGLAssetLoader      - Loading from cache: /assets/textures/Ground0.png
21:49:41.608 [JavaFX Application Thread] DEBUG FXGLAssetLoader      - Loading from cache: /assets/textures/Ground0.png
21:49:41.609 [JavaFX Application Thread] DEBUG FXGLAssetLoader      - Loading from cache: /assets/textures/Ground0.png
21:49:41.610 [JavaFX Application Thread] DEBUG FXGLAssetLoader      - Loading from cache: /assets/textures/Ground0.png
21:49:41.611 [JavaFX Application Thread] DEBUG FXGLAssetLoader      - Loading from cache: /assets/textures/Ground0.png
21:49:41.612 [JavaFX Application Thread] DEBUG FXGLAssetLoader      - Loading from cache: /assets/textures/Ground0.png
21:49:41.613 [JavaFX Application Thread] DEBUG FXGLAssetLoader      - Loading from cache: /assets/textures/Ground0.png
21:49:41.613 [JavaFX Application Thread] DEBUG FXGLAssetLoader      - Loading from cache: /assets/textures/Ground0.png
21:49:41.614 [JavaFX Application Thread] DEBUG FXGLAssetLoader      - Loading from cache: /assets/textures/Ground0.png
21:49:41.615 [JavaFX Application Thread] DEBUG FXGLAssetLoader      - Loading from cache: /assets/textures/Ground0.png
21:49:41.616 [JavaFX Application Thread] DEBUG FXGLAssetLoader      - Loading from cache: /assets/textures/Ground0.png
21:49:41.617 [JavaFX Application Thread] DEBUG FXGLAssetLoader      - Loading from cache: /assets/textures/Ground0.png
21:49:41.620 [JavaFX Application Thread] DEBUG GameScene            - Entity added to scene
21:49:41.620 [JavaFX Application Thread] DEBUG GameScene            - Added MainViewComponent
21:49:41.621 [JavaFX Application Thread] DEBUG GameScene            - Entity added to scene
21:49:41.621 [JavaFX Application Thread] DEBUG GameScene            - Added MainViewComponent
21:49:41.621 [JavaFX Application Thread] DEBUG GameScene            - Entity added to scene
21:49:41.621 [JavaFX Application Thread] DEBUG GameScene            - Added MainViewComponent
21:49:41.622 [JavaFX Application Thread] DEBUG GameScene            - Entity added to scene
21:49:41.622 [JavaFX Application Thread] DEBUG GameScene            - Added MainViewComponent
21:49:41.622 [JavaFX Application Thread] DEBUG GameScene            - Entity added to scene
21:49:41.622 [JavaFX Application Thread] DEBUG GameScene            - Added MainViewComponent
21:49:41.623 [JavaFX Application Thread] DEBUG GameScene            - Entity added to scene
21:49:41.623 [JavaFX Application Thread] DEBUG GameScene            - Added MainViewComponent
21:49:41.624 [JavaFX Application Thread] DEBUG GameScene            - Entity added to scene
21:49:41.624 [JavaFX Application Thread] DEBUG GameScene            - Added MainViewComponent
21:49:41.625 [JavaFX Application Thread] DEBUG GameScene            - Entity added to scene
21:49:41.625 [JavaFX Application Thread] DEBUG GameScene            - Added MainViewComponent
21:49:41.626 [JavaFX Application Thread] DEBUG GameScene            - Entity added to scene
21:49:41.626 [JavaFX Application Thread] DEBUG GameScene            - Added MainViewComponent
21:49:41.626 [JavaFX Application Thread] DEBUG GameScene            - Entity added to scene
21:49:41.626 [JavaFX Application Thread] DEBUG GameScene            - Added MainViewComponent
21:49:41.627 [JavaFX Application Thread] DEBUG GameScene            - Entity added to scene
21:49:41.627 [JavaFX Application Thread] DEBUG GameScene            - Added MainViewComponent
21:49:41.627 [JavaFX Application Thread] DEBUG GameScene            - Entity added to scene
21:49:41.627 [JavaFX Application Thread] DEBUG GameScene            - Added MainViewComponent
21:49:41.627 [JavaFX Application Thread] DEBUG GameScene            - Entity added to scene
21:49:41.628 [JavaFX Application Thread] DEBUG GameScene            - Added MainViewComponent
21:49:41.628 [JavaFX Application Thread] DEBUG GameScene            - Entity added to scene
21:49:41.628 [JavaFX Application Thread] DEBUG GameScene            - Added MainViewComponent
21:49:41.628 [JavaFX Application Thread] DEBUG GameScene            - Entity added to scene
21:49:41.628 [JavaFX Application Thread] DEBUG GameScene            - Added MainViewComponent
21:49:41.813 [JavaFX Application Thread] DEBUG FXGLAssetLoader      - Loading from cache: /assets/textures/Ground0.png
21:49:41.814 [JavaFX Application Thread] DEBUG FXGLAssetLoader      - Loading from cache: /assets/textures/Ground0.png
21:49:41.815 [JavaFX Application Thread] DEBUG FXGLAssetLoader      - Loading from cache: /assets/textures/Ground0.png
21:49:41.815 [JavaFX Application Thread] DEBUG FXGLAssetLoader      - Loading from cache: /assets/textures/Ground0.png
21:49:41.816 [JavaFX Application Thread] DEBUG FXGLAssetLoader      - Loading from cache: /assets/textures/Ground0.png
21:49:41.817 [JavaFX Application Thread] DEBUG FXGLAssetLoader      - Loading from cache: /assets/textures/Ground0.png
21:49:41.827 [JavaFX Application Thread] DEBUG GameScene            - Entity added to scene
21:49:41.828 [JavaFX Application Thread] DEBUG GameScene            - Added MainViewComponent
21:49:41.828 [JavaFX Application Thread] DEBUG GameScene            - Entity added to scene
21:49:41.829 [JavaFX Application Thread] DEBUG GameScene            - Added MainViewComponent
21:49:41.829 [JavaFX Application Thread] DEBUG GameScene            - Entity added to scene
21:49:41.829 [JavaFX Application Thread] DEBUG GameScene            - Added MainViewComponent
21:49:41.829 [JavaFX Application Thread] DEBUG GameScene            - Entity added to scene
21:49:41.830 [JavaFX Application Thread] DEBUG GameScene            - Added MainViewComponent
21:49:41.830 [JavaFX Application Thread] DEBUG GameScene            - Entity added to scene
21:49:41.830 [JavaFX Application Thread] DEBUG GameScene            - Added MainViewComponent
21:49:41.830 [JavaFX Application Thread] DEBUG GameScene            - Entity added to scene
21:49:41.830 [JavaFX Application Thread] DEBUG GameScene            - Added MainViewComponent
21:49:41.859 [JavaFX Application Thread] DEBUG FXGLAssetLoader      - Loading from cache: /assets/textures/Ground0.png
21:49:41.859 [JavaFX Application Thread] DEBUG FXGLAssetLoader      - Loading from cache: /assets/textures/Ground0.png
21:49:41.860 [JavaFX Application Thread] DEBUG FXGLAssetLoader      - Loading from cache: /assets/textures/Ground0.png
21:49:41.860 [JavaFX Application Thread] DEBUG FXGLAssetLoader      - Loading from cache: /assets/textures/Ground0.png
21:49:41.860 [JavaFX Application Thread] DEBUG FXGLAssetLoader      - Loading from cache: /assets/textures/Ground0.png
21:49:41.861 [JavaFX Application Thread] DEBUG FXGLAssetLoader      - Loading from cache: /assets/textures/Ground0.png
21:49:41.861 [JavaFX Application Thread] DEBUG FXGLAssetLoader      - Loading from cache: /assets/textures/Ground0.png
21:49:41.861 [JavaFX Application Thread] DEBUG FXGLAssetLoader      - Loading from cache: /assets/textures/Ground0.png
21:49:41.861 [JavaFX Application Thread] DEBUG FXGLAssetLoader      - Loading from cache: /assets/textures/Ground0.png
21:49:41.862 [JavaFX Application Thread] DEBUG FXGLAssetLoader      - Loading from cache: /assets/textures/Ground0.png
21:49:41.862 [JavaFX Application Thread] DEBUG FXGLAssetLoader      - Loading from cache: /assets/textures/Ground0.png
21:49:41.862 [JavaFX Application Thread] DEBUG FXGLAssetLoader      - Loading from cache: /assets/textures/Ground0.png
21:49:41.862 [JavaFX Application Thread] DEBUG FXGLAssetLoader      - Loading from cache: /assets/textures/Ground0.png
21:49:41.863 [JavaFX Application Thread] DEBUG FXGLAssetLoader      - Loading from cache: /assets/textures/Ground0.png
21:49:41.863 [JavaFX Application Thread] DEBUG FXGLAssetLoader      - Loading from cache: /assets/textures/Ground0.png
21:49:41.875 [JavaFX Application Thread] DEBUG GameScene            - Entity added to scene
21:49:41.875 [JavaFX Application Thread] DEBUG GameScene            - Added MainViewComponent
21:49:41.875 [JavaFX Application Thread] DEBUG GameScene            - Entity added to scene
21:49:41.875 [JavaFX Application Thread] DEBUG GameScene            - Added MainViewComponent
21:49:41.875 [JavaFX Application Thread] DEBUG GameScene            - Entity added to scene
21:49:41.875 [JavaFX Application Thread] DEBUG GameScene            - Added MainViewComponent
21:49:41.875 [JavaFX Application Thread] DEBUG GameScene            - Entity added to scene
21:49:41.875 [JavaFX Application Thread] DEBUG GameScene            - Added MainViewComponent
21:49:41.875 [JavaFX Application Thread] DEBUG GameScene            - Entity added to scene
21:49:41.875 [JavaFX Application Thread] DEBUG GameScene            - Added MainViewComponent
21:49:41.875 [JavaFX Application Thread] DEBUG GameScene            - Entity added to scene
21:49:41.876 [JavaFX Application Thread] DEBUG GameScene            - Added MainViewComponent
21:49:41.876 [JavaFX Application Thread] DEBUG GameScene            - Entity added to scene
21:49:41.876 [JavaFX Application Thread] DEBUG GameScene            - Added MainViewComponent
21:49:41.876 [JavaFX Application Thread] DEBUG GameScene            - Entity added to scene
21:49:41.876 [JavaFX Application Thread] DEBUG GameScene            - Added MainViewComponent
21:49:41.876 [JavaFX Application Thread] DEBUG GameScene            - Entity added to scene
21:49:41.876 [JavaFX Application Thread] DEBUG GameScene            - Added MainViewComponent
21:49:41.876 [JavaFX Application Thread] DEBUG GameScene            - Entity added to scene
21:49:41.876 [JavaFX Application Thread] DEBUG GameScene            - Added MainViewComponent
21:49:41.876 [JavaFX Application Thread] DEBUG GameScene            - Entity added to scene
21:49:41.876 [JavaFX Application Thread] DEBUG GameScene            - Added MainViewComponent
21:49:41.876 [JavaFX Application Thread] DEBUG GameScene            - Entity added to scene
21:49:41.876 [JavaFX Application Thread] DEBUG GameScene            - Added MainViewComponent
21:49:41.876 [JavaFX Application Thread] DEBUG GameScene            - Entity added to scene
21:49:41.876 [JavaFX Application Thread] DEBUG GameScene            - Added MainViewComponent
21:49:41.876 [JavaFX Application Thread] DEBUG GameScene            - Entity added to scene
21:49:41.877 [JavaFX Application Thread] DEBUG GameScene            - Added MainViewComponent
21:49:41.877 [JavaFX Application Thread] DEBUG GameScene            - Entity added to scene
21:49:41.877 [JavaFX Application Thread] DEBUG GameScene            - Added MainViewComponent
21:49:42.739 [JavaFX Application Thread] DEBUG GameScene            - Entity removed from scene
21:49:42.739 [JavaFX Application Thread] DEBUG GameScene            - Removed MainViewComponent
21:49:43.172 [JavaFX Application Thread] DEBUG FXGLAssetLoader      - Loading from cache: /assets/textures/Ground0.png
21:49:43.172 [JavaFX Application Thread] DEBUG FXGLAssetLoader      - Loading from cache: /assets/textures/Ground0.png
21:49:43.173 [JavaFX Application Thread] DEBUG FXGLAssetLoader      - Loading from cache: /assets/textures/Ground0.png
21:49:43.173 [JavaFX Application Thread] DEBUG FXGLAssetLoader      - Loading from cache: /assets/textures/Ground0.png
21:49:43.174 [JavaFX Application Thread] DEBUG FXGLAssetLoader      - Loading from cache: /assets/textures/Ground0.png
21:49:43.174 [JavaFX Application Thread] DEBUG FXGLAssetLoader      - Loading from cache: /assets/textures/Ground1.png
21:49:43.174 [JavaFX Application Thread] DEBUG FXGLAssetLoader      - Loading from cache: /assets/textures/Ground0.png
21:49:43.175 [JavaFX Application Thread] DEBUG FXGLAssetLoader      - Loading from cache: /assets/textures/Ground0.png
21:49:43.175 [JavaFX Application Thread] DEBUG FXGLAssetLoader      - Loading from cache: /assets/textures/Ground0.png
21:49:43.175 [JavaFX Application Thread] DEBUG FXGLAssetLoader      - Loading from cache: /assets/textures/Ground0.png
21:49:43.175 [JavaFX Application Thread] DEBUG FXGLAssetLoader      - Loading from cache: /assets/textures/Ground0.png
21:49:43.176 [JavaFX Application Thread] DEBUG FXGLAssetLoader      - Loading from cache: /assets/textures/Ground0.png
21:49:43.176 [JavaFX Application Thread] DEBUG FXGLAssetLoader      - Loading from cache: /assets/textures/Ground0.png
21:49:43.176 [JavaFX Application Thread] DEBUG FXGLAssetLoader      - Loading from cache: /assets/textures/Ground1.png
21:49:43.177 [JavaFX Application Thread] DEBUG FXGLAssetLoader      - Loading from cache: /assets/textures/Ground0.png
21:49:43.188 [JavaFX Application Thread] DEBUG GameScene            - Entity added to scene
21:49:43.188 [JavaFX Application Thread] DEBUG GameScene            - Added MainViewComponent
21:49:43.188 [JavaFX Application Thread] DEBUG GameScene            - Entity added to scene
21:49:43.188 [JavaFX Application Thread] DEBUG GameScene            - Added MainViewComponent
21:49:43.189 [JavaFX Application Thread] DEBUG GameScene            - Entity added to scene
21:49:43.189 [JavaFX Application Thread] DEBUG GameScene            - Added MainViewComponent
21:49:43.189 [JavaFX Application Thread] DEBUG GameScene            - Entity added to scene
21:49:43.189 [JavaFX Application Thread] DEBUG GameScene            - Added MainViewComponent
21:49:43.189 [JavaFX Application Thread] DEBUG GameScene            - Entity added to scene
21:49:43.189 [JavaFX Application Thread] DEBUG GameScene            - Added MainViewComponent
21:49:43.189 [JavaFX Application Thread] DEBUG GameScene            - Entity added to scene
21:49:43.190 [JavaFX Application Thread] DEBUG GameScene            - Added MainViewComponent
21:49:43.190 [JavaFX Application Thread] DEBUG GameScene            - Entity added to scene
21:49:43.190 [JavaFX Application Thread] DEBUG GameScene            - Added MainViewComponent
21:49:43.190 [JavaFX Application Thread] DEBUG GameScene            - Entity added to scene
21:49:43.190 [JavaFX Application Thread] DEBUG GameScene            - Added MainViewComponent
21:49:43.191 [JavaFX Application Thread] DEBUG GameScene            - Entity added to scene
21:49:43.191 [JavaFX Application Thread] DEBUG GameScene            - Added MainViewComponent
21:49:43.191 [JavaFX Application Thread] DEBUG GameScene            - Entity added to scene
21:49:43.191 [JavaFX Application Thread] DEBUG GameScene            - Added MainViewComponent
21:49:43.191 [JavaFX Application Thread] DEBUG GameScene            - Entity added to scene
21:49:43.191 [JavaFX Application Thread] DEBUG GameScene            - Added MainViewComponent
21:49:43.192 [JavaFX Application Thread] DEBUG GameScene            - Entity added to scene
21:49:43.192 [JavaFX Application Thread] DEBUG GameScene            - Added MainViewComponent
21:49:43.192 [JavaFX Application Thread] DEBUG GameScene            - Entity added to scene
21:49:43.192 [JavaFX Application Thread] DEBUG GameScene            - Added MainViewComponent
21:49:43.192 [JavaFX Application Thread] DEBUG GameScene            - Entity added to scene
21:49:43.192 [JavaFX Application Thread] DEBUG GameScene            - Added MainViewComponent
21:49:43.192 [JavaFX Application Thread] DEBUG GameScene            - Entity added to scene
21:49:43.192 [JavaFX Application Thread] DEBUG GameScene            - Added MainViewComponent
21:49:43.843 [JavaFX Application Thread] DEBUG GameScene            - Entity removed from scene
21:49:43.843 [JavaFX Application Thread] DEBUG GameScene            - Removed MainViewComponent
21:49:44.179 [JavaFX Application Thread] DEBUG GameScene            - Entity removed from scene
21:49:44.179 [JavaFX Application Thread] DEBUG GameScene            - Removed MainViewComponent
21:49:44.484 [JavaFX Application Thread] DEBUG FXGLAssetLoader      - Loading from cache: /assets/textures/Ground0.png
21:49:44.485 [JavaFX Application Thread] DEBUG FXGLAssetLoader      - Loading from cache: /assets/textures/Ground0.png
21:49:44.485 [JavaFX Application Thread] DEBUG FXGLAssetLoader      - Loading from cache: /assets/textures/Ground0.png
21:49:44.485 [JavaFX Application Thread] DEBUG FXGLAssetLoader      - Loading from cache: /assets/textures/Ground0.png
21:49:44.485 [JavaFX Application Thread] DEBUG FXGLAssetLoader      - Loading from cache: /assets/textures/Ground0.png
21:49:44.486 [JavaFX Application Thread] DEBUG FXGLAssetLoader      - Loading from cache: /assets/textures/Ground0.png
21:49:44.486 [JavaFX Application Thread] DEBUG FXGLAssetLoader      - Loading from cache: /assets/textures/Ground0.png
21:49:44.486 [JavaFX Application Thread] DEBUG FXGLAssetLoader      - Loading from cache: /assets/textures/Ground1.png
21:49:44.486 [JavaFX Application Thread] DEBUG FXGLAssetLoader      - Loading from cache: /assets/textures/Ground0.png
21:49:44.486 [JavaFX Application Thread] DEBUG FXGLAssetLoader      - Loading from cache: /assets/textures/Ground0.png
21:49:44.486 [JavaFX Application Thread] DEBUG FXGLAssetLoader      - Loading from cache: /assets/textures/Ground0.png
21:49:44.487 [JavaFX Application Thread] DEBUG FXGLAssetLoader      - Loading from cache: /assets/textures/Ground1.png
21:49:44.487 [JavaFX Application Thread] DEBUG FXGLAssetLoader      - Loading from cache: /assets/textures/Ground0.png
21:49:44.487 [JavaFX Application Thread] DEBUG FXGLAssetLoader      - Loading from cache: /assets/textures/Ground0.png
21:49:44.487 [JavaFX Application Thread] DEBUG FXGLAssetLoader      - Loading from cache: /assets/textures/Ground0.png
21:49:44.499 [JavaFX Application Thread] DEBUG GameScene            - Entity added to scene
21:49:44.499 [JavaFX Application Thread] DEBUG GameScene            - Added MainViewComponent
21:49:44.500 [JavaFX Application Thread] DEBUG GameScene            - Entity added to scene
21:49:44.500 [JavaFX Application Thread] DEBUG GameScene            - Added MainViewComponent
21:49:44.500 [JavaFX Application Thread] DEBUG GameScene            - Entity added to scene
21:49:44.500 [JavaFX Application Thread] DEBUG GameScene            - Added MainViewComponent
21:49:44.500 [JavaFX Application Thread] DEBUG GameScene            - Entity added to scene
21:49:44.500 [JavaFX Application Thread] DEBUG GameScene            - Added MainViewComponent
21:49:44.500 [JavaFX Application Thread] DEBUG GameScene            - Entity added to scene
21:49:44.500 [JavaFX Application Thread] DEBUG GameScene            - Added MainViewComponent
21:49:44.501 [JavaFX Application Thread] DEBUG GameScene            - Entity added to scene
21:49:44.501 [JavaFX Application Thread] DEBUG GameScene            - Added MainViewComponent
21:49:44.501 [JavaFX Application Thread] DEBUG GameScene            - Entity added to scene
21:49:44.501 [JavaFX Application Thread] DEBUG GameScene            - Added MainViewComponent
21:49:44.501 [JavaFX Application Thread] DEBUG GameScene            - Entity added to scene
21:49:44.501 [JavaFX Application Thread] DEBUG GameScene            - Added MainViewComponent
21:49:44.501 [JavaFX Application Thread] DEBUG GameScene            - Entity added to scene
21:49:44.501 [JavaFX Application Thread] DEBUG GameScene            - Added MainViewComponent
21:49:44.501 [JavaFX Application Thread] DEBUG GameScene            - Entity added to scene
21:49:44.501 [JavaFX Application Thread] DEBUG GameScene            - Added MainViewComponent
21:49:44.501 [JavaFX Application Thread] DEBUG GameScene            - Entity added to scene
21:49:44.501 [JavaFX Application Thread] DEBUG GameScene            - Added MainViewComponent
21:49:44.501 [JavaFX Application Thread] DEBUG GameScene            - Entity added to scene
21:49:44.501 [JavaFX Application Thread] DEBUG GameScene            - Added MainViewComponent
21:49:44.501 [JavaFX Application Thread] DEBUG GameScene            - Entity added to scene
21:49:44.501 [JavaFX Application Thread] DEBUG GameScene            - Added MainViewComponent
21:49:44.501 [JavaFX Application Thread] DEBUG GameScene            - Entity added to scene
21:49:44.501 [JavaFX Application Thread] DEBUG GameScene            - Added MainViewComponent
21:49:44.502 [JavaFX Application Thread] DEBUG GameScene            - Entity added to scene
21:49:44.502 [JavaFX Application Thread] DEBUG GameScene            - Added MainViewComponent
21:49:44.628 [JavaFX Application Thread] DEBUG GameScene            - Entity removed from scene
21:49:44.628 [JavaFX Application Thread] DEBUG GameScene            - Removed MainViewComponent
21:49:44.980 [JavaFX Application Thread] DEBUG FXGLAssetLoader      - Loading from cache: /assets/textures/Ground0.png
21:49:44.981 [JavaFX Application Thread] DEBUG FXGLAssetLoader      - Loading from cache: /assets/textures/Ground0.png
21:49:44.981 [JavaFX Application Thread] DEBUG FXGLAssetLoader      - Loading from cache: /assets/textures/Ground0.png
21:49:44.982 [JavaFX Application Thread] DEBUG FXGLAssetLoader      - Loading from cache: /assets/textures/Ground0.png
21:49:44.982 [JavaFX Application Thread] DEBUG FXGLAssetLoader      - Loading from cache: /assets/textures/Ground0.png
21:49:44.983 [JavaFX Application Thread] DEBUG FXGLAssetLoader      - Loading from cache: /assets/textures/Ground0.png
21:49:44.983 [JavaFX Application Thread] DEBUG FXGLAssetLoader      - Loading from cache: /assets/textures/Ground0.png
21:49:44.984 [JavaFX Application Thread] DEBUG FXGLAssetLoader      - Loading from cache: /assets/textures/Ground0.png
21:49:44.985 [JavaFX Application Thread] DEBUG FXGLAssetLoader      - Loading from cache: /assets/textures/Ground0.png
21:49:44.985 [JavaFX Application Thread] DEBUG FXGLAssetLoader      - Loading from cache: /assets/textures/Ground0.png
21:49:44.986 [JavaFX Application Thread] DEBUG FXGLAssetLoader      - Loading from cache: /assets/textures/Ground0.png
21:49:44.987 [JavaFX Application Thread] DEBUG FXGLAssetLoader      - Loading from cache: /assets/textures/Ground0.png
21:49:44.988 [JavaFX Application Thread] DEBUG FXGLAssetLoader      - Loading from cache: /assets/textures/Ground0.png
21:49:44.989 [JavaFX Application Thread] DEBUG FXGLAssetLoader      - Loading from cache: /assets/textures/Ground0.png
21:49:44.990 [JavaFX Application Thread] DEBUG FXGLAssetLoader      - Loading from cache: /assets/textures/Ground0.png
21:49:44.995 [JavaFX Application Thread] DEBUG GameScene            - Entity added to scene
21:49:44.995 [JavaFX Application Thread] DEBUG GameScene            - Added MainViewComponent
21:49:44.995 [JavaFX Application Thread] DEBUG GameScene            - Entity added to scene
21:49:44.995 [JavaFX Application Thread] DEBUG GameScene            - Added MainViewComponent
21:49:44.996 [JavaFX Application Thread] DEBUG GameScene            - Entity added to scene
21:49:44.996 [JavaFX Application Thread] DEBUG GameScene            - Added MainViewComponent
21:49:44.996 [JavaFX Application Thread] DEBUG GameScene            - Entity added to scene
21:49:44.996 [JavaFX Application Thread] DEBUG GameScene            - Added MainViewComponent
21:49:44.996 [JavaFX Application Thread] DEBUG GameScene            - Entity added to scene
21:49:44.997 [JavaFX Application Thread] DEBUG GameScene            - Added MainViewComponent
21:49:44.997 [JavaFX Application Thread] DEBUG GameScene            - Entity added to scene
21:49:44.997 [JavaFX Application Thread] DEBUG GameScene            - Added MainViewComponent
21:49:44.997 [JavaFX Application Thread] DEBUG GameScene            - Entity added to scene
21:49:44.997 [JavaFX Application Thread] DEBUG GameScene            - Added MainViewComponent
21:49:45.001 [JavaFX Application Thread] DEBUG GameScene            - Entity added to scene
21:49:45.002 [JavaFX Application Thread] DEBUG GameScene            - Added MainViewComponent
21:49:45.002 [JavaFX Application Thread] DEBUG GameScene            - Entity added to scene
21:49:45.002 [JavaFX Application Thread] DEBUG GameScene            - Added MainViewComponent
21:49:45.002 [JavaFX Application Thread] DEBUG GameScene            - Entity added to scene
21:49:45.002 [JavaFX Application Thread] DEBUG GameScene            - Added MainViewComponent
21:49:45.002 [JavaFX Application Thread] DEBUG GameScene            - Entity added to scene
21:49:45.002 [JavaFX Application Thread] DEBUG GameScene            - Added MainViewComponent
21:49:45.002 [JavaFX Application Thread] DEBUG GameScene            - Entity added to scene
21:49:45.002 [JavaFX Application Thread] DEBUG GameScene            - Added MainViewComponent
21:49:45.002 [JavaFX Application Thread] DEBUG GameScene            - Entity added to scene
21:49:45.003 [JavaFX Application Thread] DEBUG GameScene            - Added MainViewComponent
21:49:45.003 [JavaFX Application Thread] DEBUG GameScene            - Entity added to scene
21:49:45.003 [JavaFX Application Thread] DEBUG GameScene            - Added MainViewComponent
21:49:45.003 [JavaFX Application Thread] DEBUG GameScene            - Entity added to scene
21:49:45.003 [JavaFX Application Thread] DEBUG GameScene            - Added MainViewComponent
21:49:45.412 [JavaFX Application Thread] DEBUG GameScene            - Entity removed from scene
21:49:45.412 [JavaFX Application Thread] DEBUG GameScene            - Removed MainViewComponent
21:49:47.028 [JavaFX Application Thread] DEBUG GameScene            - Entity removed from scene
21:49:47.028 [JavaFX Application Thread] DEBUG GameScene            - Removed MainViewComponent
21:50:02.612 [JavaFX Application Thread] DEBUG FXGLEventBus         - Firing event: DisplayEvent[type=CLOSE_REQUEST]
21:50:02.612 [JavaFX Application Thread] DEBUG FXGLEventBus         - Firing event: FXGLEvent[type=EXIT]
21:50:02.613 [JavaFX Application Thread] DEBUG FXGLEventBus         - Firing event: SaveEvent
21:50:02.613 [JavaFX Application Thread] DEBUG FXGLInput            - Saving data to profile
21:50:02.613 [JavaFX Application Thread] DEBUG Bundle               - Logging bundle: input
21:50:02.613 [JavaFX Application Thread] DEBUG Bundle               - input.Open Fuel Shop=1
21:50:02.613 [JavaFX Application Thread] DEBUG Bundle               - input.Screenshot=H
21:50:02.613 [JavaFX Application Thread] DEBUG Bundle               - input.Dev Options=CTRL+0
21:50:02.613 [JavaFX Application Thread] DEBUG Bundle               - input.Move up=W
21:50:02.613 [JavaFX Application Thread] DEBUG Bundle               - input.Open Sell=2
21:50:02.613 [JavaFX Application Thread] DEBUG Bundle               - input.Move With Mouse=PRIMARY
21:50:02.613 [JavaFX Application Thread] DEBUG FXGLDisplay          - Saving data to profile
21:50:02.613 [JavaFX Application Thread] DEBUG Bundle               - Logging bundle: scene
21:50:02.613 [JavaFX Application Thread] DEBUG Bundle               - scene.sizeW=822.8571428571428
21:50:02.613 [JavaFX Application Thread] DEBUG Bundle               - scene.sizeH=720.0
21:50:02.613 [JavaFX Application Thread] DEBUG FXGLAudioPlayer      - Saving data to profile
21:50:02.613 [JavaFX Application Thread] DEBUG Bundle               - Logging bundle: audio
21:50:02.613 [JavaFX Application Thread] DEBUG Bundle               - audio.musicVolume=0.5
21:50:02.613 [JavaFX Application Thread] DEBUG Bundle               - audio.soundVolume=0.47449908925318784
21:50:02.613 [JavaFX Application Thread] DEBUG AchievementManager   - Saving data to profile
21:50:02.613 [JavaFX Application Thread] DEBUG Bundle               - Logging bundle: achievement
21:50:02.613 [JavaFX Application Thread] DEBUG FXGLMasterTimer      - Saving data to profile
21:50:02.613 [JavaFX Application Thread] DEBUG Bundle               - Logging bundle: timer
21:50:02.613 [JavaFX Application Thread] DEBUG Bundle               - timer.playtime=567562578210
21:50:02.614 [JavaFX Application Thread] DEBUG SaveLoadManager      - Saving profile: Mack
21:50:02.615 [JavaFX Application Thread] DEBUG IOTask               - Executing task: writeDataTask(./profiles/Mack/user.profile)
21:50:02.615 [JavaFX Application Thread] DEBUG IOTask               - Executing task: writeDataTask(./profiles/Mack/user.profile)
21:50:02.620 [JavaFX Application Thread] DEBUG FS                   - Writing to: .\profiles\Mack\user.profile
21:50:02.623 [JavaFX Application Thread] DEBUG IOTask               - Executing task: checkSavesDir(./profiles/Mack/saves/)
21:50:02.623 [JavaFX Application Thread] DEBUG IOTask               - Task succeeded: writeDataTask(./profiles/Mack/user.profile)
21:50:02.625 [JavaFX Application Thread] DEBUG FXGL                 - Saving FXGL system data
21:50:02.625 [JavaFX Application Thread] DEBUG IOTask               - Executing task: writeDataTask(system/fxgl.bundle)
21:50:02.626 [JavaFX Application Thread] DEBUG FS                   - Writing to: system\fxgl.bundle
21:50:02.629 [JavaFX Application Thread] DEBUG IOTask               - Task succeeded: writeDataTask(system/fxgl.bundle)
