11:21:33.778 [FXGL Launcher Thread     ] DEBUG FXGLLoggerFactory    - Service [LoggerFactory] initialized
11:21:33.783 [FXGL Launcher Thread     ] DEBUG FXGL                 - FXGL configuration complete
11:21:33.783 [FXGL Launcher Thread     ] DEBUG FXGL                 - Loading FXGL system data
11:21:33.787 [FXGL Launcher Thread     ] DEBUG IOTask               - Executing task: readDataTask(system/fxgl.bundle)
11:21:33.789 [FXGL Launcher Thread     ] DEBUG FS                   - Reading from: system\fxgl.bundle
11:21:33.795 [FXGL Launcher Thread     ] DEBUG IOTask               - Task succeeded: readDataTask(system/fxgl.bundle)
11:21:33.795 [FXGL Launcher Thread     ] DEBUG Bundle               - Logging bundle: FXGL
11:21:33.795 [FXGL Launcher Thread     ] DEBUG Bundle               - FXGL.offline.timer.version.check=2017-01-12T08:38:28.585
11:21:33.801 [FXGL Launcher Thread     ] DEBUG GameApplication      - Configuring GameApplication
11:21:33.805 [FXGL Launcher Thread     ] DEBUG FXGLExceptionHandler - Service [ExceptionHandler] initialized
11:21:33.805 [FXGL Launcher Thread     ] DEBUG FXGLEventBus         - Service [EventBus] initialized
11:21:33.808 [FXGL Launcher Thread     ] DEBUG FXGLExecutor         - Service [Executor] initialized
11:21:33.808 [FXGL Launcher Thread     ] DEBUG PreInitTask          - Injecting gameWorld & physicsWorld
11:21:33.813 [FXGL Launcher Thread     ] DEBUG GameWorld            - Game world initialized
11:21:33.850 [FXGL Launcher Thread     ] DEBUG FXGLPooler           - Service [Pooler] initialized with default size = 128
11:21:33.850 [FXGL Launcher Thread     ] DEBUG PhysicsWorld         - Physics world initialized: appHeight=700.0, physics.ppm=50.0
11:21:33.851 [FXGL Launcher Thread     ] DEBUG FXGLInput            - Service [Input] initialized
11:21:33.869 [FXGL Launcher Thread     ] DEBUG FXGLInput            - Registered new binding: Screenshot - P
11:21:33.869 [FXGL Launcher Thread     ] DEBUG FXGLInput            - Registered new binding: Dev Options - CTRL+0
11:21:33.869 [FXGL Launcher Thread     ] DEBUG FXGLInput            - Registered new binding: Move With Mouse - PRIMARY
11:21:33.893 [FXGL Launcher Thread     ] DEBUG GameScene            - Game scene initialized: 800.0x700.0
11:21:33.900 [FXGL Launcher Thread     ] DEBUG FXGLAssetLoader      - Service [AssetLoader] initialized: cacheSize=35
11:21:33.901 [FXGL Launcher Thread     ] DEBUG FXGLAssetLoader      - Loading from disk: /assets/sounds/system/notification.wav
11:21:33.923 [FXGL Launcher Thread     ] DEBUG FXGLAssetLoader      - Loading from disk: /assets/sounds/menu/select.wav
11:21:33.924 [FXGL Launcher Thread     ] DEBUG FXGLAssetLoader      - Loading from disk: /assets/sounds/menu/back.wav
11:21:33.926 [FXGL Launcher Thread     ] DEBUG FXGLAssetLoader      - Loading from disk: /assets/sounds/menu/press.wav
11:21:33.929 [FXGL Launcher Thread     ] DEBUG FXGLAssetLoader      - Loading from disk: /assets/ui/fonts/Copperplate_Gothic_Light_Regular.ttf
11:21:34.009 [FXGL Launcher Thread     ] DEBUG FXGLAssetLoader      - Loading from disk: /assets/ui/css/fxgl.css
11:21:34.010 [FXGL Launcher Thread     ] DEBUG FXGLAssetLoader      - Loading from disk: /assets/ui/icons/fxgl_icon.png
11:21:34.039 [FXGL Launcher Thread     ] DEBUG FXGLAssetLoader      - Loading from disk: /assets/ui/css/fxgl_dark.css
11:21:34.052 [FXGL Launcher Thread     ] DEBUG FXGLDisplay          - Target size: DoubleProperty [value: 800.0] x DoubleProperty [value: 700.0] @ 1.0
11:21:34.052 [FXGL Launcher Thread     ] DEBUG FXGLDisplay          - New size:    800.0 x 700.0 @ DoubleProperty [value: 1.0]
11:21:34.052 [FXGL Launcher Thread     ] DEBUG FXGLDisplay          - Service [Display] initialized
11:21:34.052 [FXGL Launcher Thread     ] DEBUG FXGLDisplay          - Using CSS: CSS(externalForm=jar:file:/C:/Users/Mack/Documents/NetBeansProjects/MotherLoadProject/MotherLoad/lib/fxgl-0.2.9-uber.jar!/assets/ui/css/fxgl_dark.css)
11:21:34.053 [FXGL Launcher Thread     ] DEBUG InitScenesTask       - Injecting loadingScene & gameScene
11:21:34.089 [FXGL Launcher Thread     ] DEBUG FXGLMasterTimer      - Service [MasterTimer] initialized
11:21:34.092 [FXGL Launcher Thread     ] DEBUG FXGLAudioPlayer      - Service [AudioPlayer] initialized
11:21:34.100 [FXGL Launcher Thread     ] DEBUG InitProfilerTask     - Injecting profiler
11:21:34.101 [FXGL Launcher Thread     ] DEBUG GameApplication      - Starting new game
11:21:34.102 [FXGL Launcher Thread     ] DEBUG GameApplication      - Initializing App
11:21:34.103 [FXGL Launcher Thread     ] DEBUG FXGLInput            - Clearing active input actions
11:21:34.104 [FXGL Launcher Thread     ] DEBUG FXGLMasterTimer      - Stopping master timer
11:21:34.104 [FXGL Launcher Thread     ] DEBUG GameApplication      - State: STARTUP -> PAUSED
11:21:34.104 [FXGL Launcher Thread     ] DEBUG FXGLEventBus         - Firing event: FXGLEvent[type=PAUSE]
11:21:34.105 [FXGL Launcher Thread     ] DEBUG FXGLInput            - Clearing active input actions
11:21:34.106 [FXGL Launcher Thread     ] DEBUG FXGLMasterTimer      - Resetting ticks and clearing all actions
11:21:34.106 [FXGL Launcher Thread     ] DEBUG GameWorld            - Resetting game world
11:21:34.106 [FXGL Launcher Thread     ] TRACE EntityWorld          - Resetting entity world
11:21:34.107 [FXGL Launcher Thread     ] DEBUG PhysicsWorld         - Resetting physics world
11:21:34.107 [FXGL Launcher Thread     ] DEBUG GameScene            - Resetting game scene
11:21:34.107 [FXGL Launcher Thread     ] DEBUG FXGLEventBus         - Firing event: FXGLEvent[type=RESET]
11:21:34.171 [FXGL Launcher Thread     ] DEBUG GameApplication      - State: PAUSED -> LOADING
11:21:34.199 [FXGL Background Thread 1 ] DEBUG InitAppTask          - Initializing Assets
11:21:34.199 [FXGL Background Thread 1 ] DEBUG InitAppTask          - Initializing Game
11:21:34.212 [FXGL Background Thread 1 ] DEBUG FXGLAssetLoader      - Loading from disk: /assets/textures/PlayerLeft.png
11:21:34.218 [FXGL Background Thread 1 ] DEBUG InitAppTask          - Initializing Physics
11:21:34.218 [FXGL Background Thread 1 ] DEBUG InitAppTask          - Initializing UI
11:21:34.218 [FXGL Background Thread 1 ] DEBUG InitAppTask          - Initialization Complete
11:21:34.263 [JavaFX Application Thread] DEBUG FXGLDisplay          - Showing stage
11:21:34.263 [JavaFX Application Thread] DEBUG FXGLDisplay          - Root size: 800.0x700.0
11:21:34.263 [JavaFX Application Thread] DEBUG FXGLDisplay          - Scene size: 800.0x700.0
11:21:34.263 [JavaFX Application Thread] DEBUG FXGLDisplay          - Stage size: 816.0x739.0
11:21:34.343 [JavaFX Application Thread] DEBUG FXGLInput            - Clearing active input actions
11:21:34.343 [JavaFX Application Thread] DEBUG FXGLMasterTimer      - Starting master timer
11:21:34.343 [JavaFX Application Thread] DEBUG GameApplication      - State: LOADING -> PLAYING
11:21:34.349 [JavaFX Application Thread] DEBUG FXGLEventBus         - Firing event: FXGLEvent[type=RESUME]
11:21:34.352 [JavaFX Application Thread] DEBUG GameScene            - Entity added to scene
11:21:34.353 [JavaFX Application Thread] DEBUG GameScene            - Added MainViewComponent
11:21:34.355 [JavaFX Application Thread] DEBUG GameScene            - Creating render group for layer: TOP(2147483647)
11:21:40.525 [JavaFX Application Thread] DEBUG FXGLEventBus         - Firing event: DisplayEvent[type=CLOSE_REQUEST]
11:21:40.526 [JavaFX Application Thread] DEBUG FXGLEventBus         - Firing event: FXGLEvent[type=EXIT]
11:21:40.529 [JavaFX Application Thread] DEBUG FXGL                 - Saving FXGL system data
11:21:40.530 [JavaFX Application Thread] DEBUG IOTask               - Executing task: writeDataTask(system/fxgl.bundle)
11:21:40.531 [JavaFX Application Thread] DEBUG FS                   - Writing to: system\fxgl.bundle
11:21:40.534 [JavaFX Application Thread] DEBUG IOTask               - Task succeeded: writeDataTask(system/fxgl.bundle)
