11:21:27.644 [FXGL Launcher Thread     ] DEBUG FXGLLoggerFactory    - Service [LoggerFactory] initialized
11:21:27.648 [FXGL Launcher Thread     ] DEBUG FXGL                 - FXGL configuration complete
11:21:27.648 [FXGL Launcher Thread     ] DEBUG FXGL                 - Loading FXGL system data
11:21:27.652 [FXGL Launcher Thread     ] DEBUG IOTask               - Executing task: readDataTask(system/fxgl.bundle)
11:21:27.655 [FXGL Launcher Thread     ] DEBUG FS                   - Reading from: system\fxgl.bundle
11:21:27.660 [FXGL Launcher Thread     ] DEBUG IOTask               - Task succeeded: readDataTask(system/fxgl.bundle)
11:21:27.660 [FXGL Launcher Thread     ] DEBUG Bundle               - Logging bundle: FXGL
11:21:27.660 [FXGL Launcher Thread     ] DEBUG Bundle               - FXGL.offline.timer.version.check=2017-01-12T08:38:28.585
11:21:27.667 [FXGL Launcher Thread     ] DEBUG GameApplication      - Configuring GameApplication
11:21:27.670 [FXGL Launcher Thread     ] DEBUG FXGLExceptionHandler - Service [ExceptionHandler] initialized
11:21:27.671 [FXGL Launcher Thread     ] DEBUG FXGLEventBus         - Service [EventBus] initialized
11:21:27.673 [FXGL Launcher Thread     ] DEBUG FXGLExecutor         - Service [Executor] initialized
11:21:27.674 [FXGL Launcher Thread     ] DEBUG PreInitTask          - Injecting gameWorld & physicsWorld
11:21:27.678 [FXGL Launcher Thread     ] DEBUG GameWorld            - Game world initialized
11:21:27.716 [FXGL Launcher Thread     ] DEBUG FXGLPooler           - Service [Pooler] initialized with default size = 128
11:21:27.716 [FXGL Launcher Thread     ] DEBUG PhysicsWorld         - Physics world initialized: appHeight=700.0, physics.ppm=50.0
11:21:27.717 [FXGL Launcher Thread     ] DEBUG FXGLInput            - Service [Input] initialized
11:21:27.734 [FXGL Launcher Thread     ] DEBUG FXGLInput            - Registered new binding: Screenshot - P
11:21:27.735 [FXGL Launcher Thread     ] DEBUG FXGLInput            - Registered new binding: Dev Options - CTRL+0
11:21:27.735 [FXGL Launcher Thread     ] DEBUG FXGLInput            - Registered new binding: Move With Mouse - PRIMARY
11:21:27.758 [FXGL Launcher Thread     ] DEBUG GameScene            - Game scene initialized: 800.0x700.0
11:21:27.764 [FXGL Launcher Thread     ] DEBUG FXGLAssetLoader      - Service [AssetLoader] initialized: cacheSize=35
11:21:27.766 [FXGL Launcher Thread     ] DEBUG FXGLAssetLoader      - Loading from disk: /assets/sounds/system/notification.wav
11:21:27.789 [FXGL Launcher Thread     ] DEBUG FXGLAssetLoader      - Loading from disk: /assets/sounds/menu/select.wav
11:21:27.791 [FXGL Launcher Thread     ] DEBUG FXGLAssetLoader      - Loading from disk: /assets/sounds/menu/back.wav
11:21:27.792 [FXGL Launcher Thread     ] DEBUG FXGLAssetLoader      - Loading from disk: /assets/sounds/menu/press.wav
11:21:27.794 [FXGL Launcher Thread     ] DEBUG FXGLAssetLoader      - Loading from disk: /assets/ui/fonts/Copperplate_Gothic_Light_Regular.ttf
11:21:27.873 [FXGL Launcher Thread     ] DEBUG FXGLAssetLoader      - Loading from disk: /assets/ui/css/fxgl.css
11:21:27.873 [FXGL Launcher Thread     ] DEBUG FXGLAssetLoader      - Loading from disk: /assets/ui/icons/fxgl_icon.png
11:21:27.905 [FXGL Launcher Thread     ] DEBUG FXGLAssetLoader      - Loading from disk: /assets/ui/css/fxgl_dark.css
11:21:27.914 [FXGL Launcher Thread     ] DEBUG FXGLDisplay          - Target size: DoubleProperty [value: 800.0] x DoubleProperty [value: 700.0] @ 1.0
11:21:27.914 [FXGL Launcher Thread     ] DEBUG FXGLDisplay          - New size:    800.0 x 700.0 @ DoubleProperty [value: 1.0]
11:21:27.914 [FXGL Launcher Thread     ] DEBUG FXGLDisplay          - Service [Display] initialized
11:21:27.914 [FXGL Launcher Thread     ] DEBUG FXGLDisplay          - Using CSS: CSS(externalForm=jar:file:/C:/Users/Mack/Documents/NetBeansProjects/MotherLoadProject/MotherLoad/lib/fxgl-0.2.9-uber.jar!/assets/ui/css/fxgl_dark.css)
11:21:27.915 [FXGL Launcher Thread     ] DEBUG InitScenesTask       - Injecting loadingScene & gameScene
11:21:27.947 [FXGL Launcher Thread     ] DEBUG FXGLMasterTimer      - Service [MasterTimer] initialized
11:21:27.949 [FXGL Launcher Thread     ] DEBUG FXGLAudioPlayer      - Service [AudioPlayer] initialized
11:21:27.957 [FXGL Launcher Thread     ] DEBUG InitProfilerTask     - Injecting profiler
11:21:27.957 [FXGL Launcher Thread     ] DEBUG GameApplication      - Starting new game
11:21:27.958 [FXGL Launcher Thread     ] DEBUG GameApplication      - Initializing App
11:21:27.959 [FXGL Launcher Thread     ] DEBUG FXGLInput            - Clearing active input actions
11:21:27.960 [FXGL Launcher Thread     ] DEBUG FXGLMasterTimer      - Stopping master timer
11:21:27.960 [FXGL Launcher Thread     ] DEBUG GameApplication      - State: STARTUP -> PAUSED
11:21:27.960 [FXGL Launcher Thread     ] DEBUG FXGLEventBus         - Firing event: FXGLEvent[type=PAUSE]
11:21:27.962 [FXGL Launcher Thread     ] DEBUG FXGLInput            - Clearing active input actions
11:21:27.962 [FXGL Launcher Thread     ] DEBUG FXGLMasterTimer      - Resetting ticks and clearing all actions
11:21:27.962 [FXGL Launcher Thread     ] DEBUG GameWorld            - Resetting game world
11:21:27.962 [FXGL Launcher Thread     ] TRACE EntityWorld          - Resetting entity world
11:21:27.963 [FXGL Launcher Thread     ] DEBUG PhysicsWorld         - Resetting physics world
11:21:27.963 [FXGL Launcher Thread     ] DEBUG GameScene            - Resetting game scene
11:21:27.963 [FXGL Launcher Thread     ] DEBUG FXGLEventBus         - Firing event: FXGLEvent[type=RESET]
11:21:28.029 [FXGL Launcher Thread     ] DEBUG GameApplication      - State: PAUSED -> LOADING
11:21:28.056 [FXGL Background Thread 1 ] DEBUG InitAppTask          - Initializing Assets
11:21:28.057 [FXGL Background Thread 1 ] DEBUG InitAppTask          - Initializing Game
11:21:28.072 [FXGL Background Thread 1 ] DEBUG FXGLAssetLoader      - Loading from disk: /assets/textures/PlayerLeft.png
11:21:28.080 [FXGL Background Thread 1 ] DEBUG InitAppTask          - Initializing Physics
11:21:28.080 [FXGL Background Thread 1 ] DEBUG InitAppTask          - Initializing UI
11:21:28.080 [FXGL Background Thread 1 ] DEBUG InitAppTask          - Initialization Complete
11:21:28.108 [JavaFX Application Thread] DEBUG FXGLDisplay          - Showing stage
11:21:28.108 [JavaFX Application Thread] DEBUG FXGLDisplay          - Root size: 800.0x700.0
11:21:28.109 [JavaFX Application Thread] DEBUG FXGLDisplay          - Scene size: 800.0x700.0
11:21:28.109 [JavaFX Application Thread] DEBUG FXGLDisplay          - Stage size: 816.0x739.0
11:21:28.184 [JavaFX Application Thread] DEBUG FXGLInput            - Clearing active input actions
11:21:28.184 [JavaFX Application Thread] DEBUG FXGLMasterTimer      - Starting master timer
11:21:28.185 [JavaFX Application Thread] DEBUG GameApplication      - State: LOADING -> PLAYING
11:21:28.189 [JavaFX Application Thread] DEBUG FXGLEventBus         - Firing event: FXGLEvent[type=RESUME]
11:21:28.193 [JavaFX Application Thread] DEBUG GameScene            - Entity added to scene
11:21:28.194 [JavaFX Application Thread] DEBUG GameScene            - Added MainViewComponent
11:21:28.195 [JavaFX Application Thread] DEBUG GameScene            - Creating render group for layer: TOP(2147483647)
11:21:31.413 [JavaFX Application Thread] DEBUG FXGLEventBus         - Firing event: DisplayEvent[type=CLOSE_REQUEST]
11:21:31.414 [JavaFX Application Thread] DEBUG FXGLEventBus         - Firing event: FXGLEvent[type=EXIT]
11:21:31.416 [JavaFX Application Thread] DEBUG FXGL                 - Saving FXGL system data
11:21:31.417 [JavaFX Application Thread] DEBUG IOTask               - Executing task: writeDataTask(system/fxgl.bundle)
11:21:31.419 [JavaFX Application Thread] DEBUG FS                   - Writing to: system\fxgl.bundle
11:21:31.422 [JavaFX Application Thread] DEBUG IOTask               - Task succeeded: writeDataTask(system/fxgl.bundle)
