18:06:54.096 [FXGL Launcher Thread     ] DEBUG FXGLLoggerFactory    - Service [LoggerFactory] initialized
18:06:54.100 [FXGL Launcher Thread     ] DEBUG FXGL                 - FXGL configuration complete
18:06:54.100 [FXGL Launcher Thread     ] DEBUG FXGL                 - Loading FXGL system data
18:06:54.103 [FXGL Launcher Thread     ] DEBUG IOTask               - Executing task: readDataTask(system/fxgl.bundle)
18:06:54.106 [FXGL Launcher Thread     ] DEBUG FS                   - Reading from: system\fxgl.bundle
18:06:54.111 [FXGL Launcher Thread     ] DEBUG IOTask               - Task succeeded: readDataTask(system/fxgl.bundle)
18:06:54.111 [FXGL Launcher Thread     ] DEBUG Bundle               - Logging bundle: FXGL
18:06:54.111 [FXGL Launcher Thread     ] DEBUG Bundle               - FXGL.offline.timer.version.check=2017-01-12T08:38:28.585
18:06:54.116 [FXGL Launcher Thread     ] DEBUG GameApplication      - Configuring GameApplication
18:06:54.119 [FXGL Launcher Thread     ] DEBUG FXGLExceptionHandler - Service [ExceptionHandler] initialized
18:06:54.120 [FXGL Launcher Thread     ] DEBUG FXGLEventBus         - Service [EventBus] initialized
18:06:54.123 [FXGL Launcher Thread     ] DEBUG FXGLExecutor         - Service [Executor] initialized
18:06:54.123 [FXGL Launcher Thread     ] DEBUG PreInitTask          - Injecting gameWorld & physicsWorld
18:06:54.127 [FXGL Launcher Thread     ] DEBUG GameWorld            - Game world initialized
18:06:54.158 [FXGL Launcher Thread     ] DEBUG FXGLPooler           - Service [Pooler] initialized with default size = 128
18:06:54.158 [FXGL Launcher Thread     ] DEBUG PhysicsWorld         - Physics world initialized: appHeight=700.0, physics.ppm=50.0
18:06:54.159 [FXGL Launcher Thread     ] DEBUG FXGLInput            - Service [Input] initialized
18:06:54.174 [FXGL Launcher Thread     ] DEBUG FXGLInput            - Registered new binding: Screenshot - P
18:06:54.174 [FXGL Launcher Thread     ] DEBUG FXGLInput            - Registered new binding: Dev Options - CTRL+0
18:06:54.174 [FXGL Launcher Thread     ] DEBUG FXGLInput            - Registered new binding: Move Up - W
18:06:54.174 [FXGL Launcher Thread     ] DEBUG FXGLInput            - Registered new binding: Move Right - A
18:06:54.174 [FXGL Launcher Thread     ] DEBUG FXGLInput            - Registered new binding: Move Left - D
18:06:54.175 [FXGL Launcher Thread     ] DEBUG FXGLInput            - Registered new binding: Move Down - S
18:06:54.196 [FXGL Launcher Thread     ] DEBUG GameScene            - Game scene initialized: 800.0x700.0
18:06:54.201 [FXGL Launcher Thread     ] DEBUG FXGLAssetLoader      - Service [AssetLoader] initialized: cacheSize=35
18:06:54.203 [FXGL Launcher Thread     ] DEBUG FXGLAssetLoader      - Loading from disk: /assets/sounds/system/notification.wav
18:06:54.222 [FXGL Launcher Thread     ] DEBUG FXGLAssetLoader      - Loading from disk: /assets/sounds/menu/select.wav
18:06:54.223 [FXGL Launcher Thread     ] DEBUG FXGLAssetLoader      - Loading from disk: /assets/sounds/menu/back.wav
18:06:54.224 [FXGL Launcher Thread     ] DEBUG FXGLAssetLoader      - Loading from disk: /assets/sounds/menu/press.wav
18:06:54.226 [FXGL Launcher Thread     ] DEBUG FXGLAssetLoader      - Loading from disk: /assets/ui/fonts/Copperplate_Gothic_Light_Regular.ttf
18:06:54.359 [FXGL Launcher Thread     ] DEBUG FXGLAssetLoader      - Loading from disk: /assets/ui/css/fxgl.css
18:06:54.360 [FXGL Launcher Thread     ] DEBUG FXGLAssetLoader      - Loading from disk: /assets/ui/icons/fxgl_icon.png
18:06:54.392 [FXGL Launcher Thread     ] DEBUG FXGLAssetLoader      - Loading from disk: /assets/ui/css/fxgl_dark.css
18:06:54.401 [FXGL Launcher Thread     ] DEBUG FXGLDisplay          - Target size: DoubleProperty [value: 800.0] x DoubleProperty [value: 700.0] @ 1.0
18:06:54.401 [FXGL Launcher Thread     ] DEBUG FXGLDisplay          - New size:    800.0 x 700.0 @ DoubleProperty [value: 1.0]
18:06:54.401 [FXGL Launcher Thread     ] DEBUG FXGLDisplay          - Service [Display] initialized
18:06:54.401 [FXGL Launcher Thread     ] DEBUG FXGLDisplay          - Using CSS: CSS(externalForm=jar:file:/I:/Documents/NetBeansProjects/MotherLoad/MotherLoad/lib/fxgl-0.2.9-uber.jar!/assets/ui/css/fxgl_dark.css)
18:06:54.402 [FXGL Launcher Thread     ] DEBUG InitScenesTask       - Injecting loadingScene & gameScene
18:06:54.422 [FXGL Launcher Thread     ] DEBUG FXGLMasterTimer      - Service [MasterTimer] initialized
18:06:54.424 [FXGL Launcher Thread     ] DEBUG FXGLAudioPlayer      - Service [AudioPlayer] initialized
18:06:54.430 [FXGL Launcher Thread     ] DEBUG InitProfilerTask     - Injecting profiler
18:06:54.430 [FXGL Launcher Thread     ] DEBUG GameApplication      - Starting new game
18:06:54.432 [FXGL Launcher Thread     ] DEBUG GameApplication      - Initializing App
18:06:54.433 [FXGL Launcher Thread     ] DEBUG FXGLInput            - Clearing active input actions
18:06:54.433 [FXGL Launcher Thread     ] DEBUG FXGLMasterTimer      - Stopping master timer
18:06:54.433 [FXGL Launcher Thread     ] DEBUG GameApplication      - State: STARTUP -> PAUSED
18:06:54.433 [FXGL Launcher Thread     ] DEBUG FXGLEventBus         - Firing event: FXGLEvent[type=PAUSE]
18:06:54.434 [FXGL Launcher Thread     ] DEBUG FXGLInput            - Clearing active input actions
18:06:54.434 [FXGL Launcher Thread     ] DEBUG FXGLMasterTimer      - Resetting ticks and clearing all actions
18:06:54.434 [FXGL Launcher Thread     ] DEBUG GameWorld            - Resetting game world
18:06:54.435 [FXGL Launcher Thread     ] TRACE EntityWorld          - Resetting entity world
18:06:54.436 [FXGL Launcher Thread     ] DEBUG PhysicsWorld         - Resetting physics world
18:06:54.436 [FXGL Launcher Thread     ] DEBUG GameScene            - Resetting game scene
18:06:54.436 [FXGL Launcher Thread     ] DEBUG FXGLEventBus         - Firing event: FXGLEvent[type=RESET]
18:06:54.484 [FXGL Launcher Thread     ] DEBUG GameApplication      - State: PAUSED -> LOADING
18:06:54.509 [FXGL Background Thread 1 ] DEBUG InitAppTask          - Initializing Assets
18:06:54.509 [FXGL Background Thread 1 ] DEBUG InitAppTask          - Initializing Game
18:06:54.526 [FXGL Background Thread 1 ] DEBUG FXGLAssetLoader      - Loading from disk: /assets/textures/player.png
18:06:54.532 [FXGL Background Thread 1 ] DEBUG InitAppTask          - Initializing Physics
18:06:54.532 [FXGL Background Thread 1 ] DEBUG InitAppTask          - Initializing UI
18:06:54.532 [FXGL Background Thread 1 ] DEBUG InitAppTask          - Initialization Complete
18:06:54.546 [JavaFX Application Thread] DEBUG FXGLDisplay          - Showing stage
18:06:54.546 [JavaFX Application Thread] DEBUG FXGLDisplay          - Root size: 800.0x700.0
18:06:54.547 [JavaFX Application Thread] DEBUG FXGLDisplay          - Scene size: 800.0x700.0
18:06:54.547 [JavaFX Application Thread] DEBUG FXGLDisplay          - Stage size: 816.0x739.0
18:06:54.589 [JavaFX Application Thread] DEBUG FXGLInput            - Clearing active input actions
18:06:54.590 [JavaFX Application Thread] DEBUG FXGLMasterTimer      - Starting master timer
18:06:54.590 [JavaFX Application Thread] DEBUG GameApplication      - State: LOADING -> PLAYING
18:06:54.593 [JavaFX Application Thread] DEBUG FXGLEventBus         - Firing event: FXGLEvent[type=RESUME]
18:06:54.595 [JavaFX Application Thread] DEBUG GameScene            - Entity added to scene
18:06:54.596 [JavaFX Application Thread] DEBUG GameScene            - Added MainViewComponent
18:06:54.597 [JavaFX Application Thread] DEBUG GameScene            - Creating render group for layer: TOP(2147483647)
18:07:48.190 [JavaFX Application Thread] DEBUG FXGLEventBus         - Firing event: DisplayEvent[type=CLOSE_REQUEST]
18:07:48.191 [JavaFX Application Thread] DEBUG FXGLEventBus         - Firing event: FXGLEvent[type=EXIT]
18:07:48.194 [JavaFX Application Thread] DEBUG FXGL                 - Saving FXGL system data
18:07:48.194 [JavaFX Application Thread] DEBUG IOTask               - Executing task: writeDataTask(system/fxgl.bundle)
18:07:48.196 [JavaFX Application Thread] DEBUG FS                   - Writing to: system\fxgl.bundle
18:07:48.198 [JavaFX Application Thread] DEBUG IOTask               - Task succeeded: writeDataTask(system/fxgl.bundle)
