16:15:18.924 [FXGL Launcher Thread     ] DEBUG FXGLLoggerFactory    - Service [LoggerFactory] initialized
16:15:18.927 [FXGL Launcher Thread     ] DEBUG FXGL                 - FXGL configuration complete
16:15:18.927 [FXGL Launcher Thread     ] DEBUG FXGL                 - Loading FXGL system data
16:15:18.930 [FXGL Launcher Thread     ] DEBUG IOTask               - Executing task: readDataTask(system/fxgl.bundle)
16:15:18.933 [FXGL Launcher Thread     ] DEBUG FS                   - Reading from: system\fxgl.bundle
16:15:18.938 [FXGL Launcher Thread     ] DEBUG IOTask               - Task succeeded: readDataTask(system/fxgl.bundle)
16:15:18.938 [FXGL Launcher Thread     ] DEBUG Bundle               - Logging bundle: FXGL
16:15:18.939 [FXGL Launcher Thread     ] DEBUG Bundle               - FXGL.offline.timer.version.check=2017-01-12T08:38:28.585
16:15:18.943 [FXGL Launcher Thread     ] DEBUG GameApplication      - Configuring GameApplication
16:15:18.947 [FXGL Launcher Thread     ] DEBUG FXGLExceptionHandler - Service [ExceptionHandler] initialized
16:15:18.947 [FXGL Launcher Thread     ] DEBUG FXGLEventBus         - Service [EventBus] initialized
16:15:18.950 [FXGL Launcher Thread     ] DEBUG FXGLExecutor         - Service [Executor] initialized
16:15:18.950 [FXGL Launcher Thread     ] DEBUG PreInitTask          - Injecting gameWorld & physicsWorld
16:15:18.954 [FXGL Launcher Thread     ] DEBUG GameWorld            - Game world initialized
16:15:18.986 [FXGL Launcher Thread     ] DEBUG FXGLPooler           - Service [Pooler] initialized with default size = 128
16:15:18.986 [FXGL Launcher Thread     ] DEBUG PhysicsWorld         - Physics world initialized: appHeight=700.0, physics.ppm=50.0
16:15:18.987 [FXGL Launcher Thread     ] DEBUG FXGLInput            - Service [Input] initialized
16:15:19.002 [FXGL Launcher Thread     ] DEBUG FXGLInput            - Registered new binding: Screenshot - P
16:15:19.003 [FXGL Launcher Thread     ] DEBUG FXGLInput            - Registered new binding: Dev Options - CTRL+0
16:15:19.003 [FXGL Launcher Thread     ] DEBUG FXGLInput            - Registered new binding: Move With Mouse - PRIMARY
16:15:19.025 [FXGL Launcher Thread     ] DEBUG GameScene            - Game scene initialized: 800.0x700.0
16:15:19.031 [FXGL Launcher Thread     ] DEBUG FXGLAssetLoader      - Service [AssetLoader] initialized: cacheSize=35
16:15:19.033 [FXGL Launcher Thread     ] DEBUG FXGLAssetLoader      - Loading from disk: /assets/sounds/system/notification.wav
16:15:19.054 [FXGL Launcher Thread     ] DEBUG FXGLAssetLoader      - Loading from disk: /assets/sounds/menu/select.wav
16:15:19.056 [FXGL Launcher Thread     ] DEBUG FXGLAssetLoader      - Loading from disk: /assets/sounds/menu/back.wav
16:15:19.057 [FXGL Launcher Thread     ] DEBUG FXGLAssetLoader      - Loading from disk: /assets/sounds/menu/press.wav
16:15:19.059 [FXGL Launcher Thread     ] DEBUG FXGLAssetLoader      - Loading from disk: /assets/ui/fonts/Copperplate_Gothic_Light_Regular.ttf
16:15:19.196 [FXGL Launcher Thread     ] DEBUG FXGLAssetLoader      - Loading from disk: /assets/ui/css/fxgl.css
16:15:19.197 [FXGL Launcher Thread     ] DEBUG FXGLAssetLoader      - Loading from disk: /assets/ui/icons/fxgl_icon.png
16:15:19.230 [FXGL Launcher Thread     ] DEBUG FXGLAssetLoader      - Loading from disk: /assets/ui/css/fxgl_dark.css
16:15:19.240 [FXGL Launcher Thread     ] DEBUG FXGLDisplay          - Target size: DoubleProperty [value: 800.0] x DoubleProperty [value: 700.0] @ 1.0
16:15:19.240 [FXGL Launcher Thread     ] DEBUG FXGLDisplay          - New size:    800.0 x 700.0 @ DoubleProperty [value: 1.0]
16:15:19.240 [FXGL Launcher Thread     ] DEBUG FXGLDisplay          - Service [Display] initialized
16:15:19.240 [FXGL Launcher Thread     ] DEBUG FXGLDisplay          - Using CSS: CSS(externalForm=jar:file:/I:/Documents/NetBeansProjects/MotherLoad/MotherLoad/lib/fxgl-0.2.9-uber.jar!/assets/ui/css/fxgl_dark.css)
16:15:19.240 [FXGL Launcher Thread     ] DEBUG InitScenesTask       - Injecting loadingScene & gameScene
16:15:19.262 [FXGL Launcher Thread     ] DEBUG FXGLMasterTimer      - Service [MasterTimer] initialized
16:15:19.265 [FXGL Launcher Thread     ] DEBUG FXGLAudioPlayer      - Service [AudioPlayer] initialized
16:15:19.272 [FXGL Launcher Thread     ] DEBUG InitProfilerTask     - Injecting profiler
16:15:19.272 [FXGL Launcher Thread     ] DEBUG GameApplication      - Starting new game
16:15:19.273 [FXGL Launcher Thread     ] DEBUG GameApplication      - Initializing App
16:15:19.274 [FXGL Launcher Thread     ] DEBUG FXGLInput            - Clearing active input actions
16:15:19.275 [FXGL Launcher Thread     ] DEBUG FXGLMasterTimer      - Stopping master timer
16:15:19.275 [FXGL Launcher Thread     ] DEBUG GameApplication      - State: STARTUP -> PAUSED
16:15:19.275 [FXGL Launcher Thread     ] DEBUG FXGLEventBus         - Firing event: FXGLEvent[type=PAUSE]
16:15:19.276 [FXGL Launcher Thread     ] DEBUG FXGLInput            - Clearing active input actions
16:15:19.276 [FXGL Launcher Thread     ] DEBUG FXGLMasterTimer      - Resetting ticks and clearing all actions
16:15:19.276 [FXGL Launcher Thread     ] DEBUG GameWorld            - Resetting game world
16:15:19.276 [FXGL Launcher Thread     ] TRACE EntityWorld          - Resetting entity world
16:15:19.278 [FXGL Launcher Thread     ] DEBUG PhysicsWorld         - Resetting physics world
16:15:19.278 [FXGL Launcher Thread     ] DEBUG GameScene            - Resetting game scene
16:15:19.278 [FXGL Launcher Thread     ] DEBUG FXGLEventBus         - Firing event: FXGLEvent[type=RESET]
16:15:19.327 [FXGL Launcher Thread     ] DEBUG GameApplication      - State: PAUSED -> LOADING
16:15:19.354 [FXGL Background Thread 1 ] DEBUG InitAppTask          - Initializing Assets
16:15:19.355 [FXGL Background Thread 1 ] DEBUG InitAppTask          - Initializing Game
16:15:19.369 [FXGL Background Thread 1 ] DEBUG FXGLAssetLoader      - Loading from disk: /assets/textures/Ground1.png
16:15:19.375 [FXGL Background Thread 1 ] DEBUG FXGLAssetLoader      - Loading from cache: /assets/textures/Ground1.png
16:15:19.376 [FXGL Background Thread 1 ] DEBUG FXGLAssetLoader      - Loading from cache: /assets/textures/Ground1.png
16:15:19.377 [FXGL Background Thread 1 ] DEBUG FXGLAssetLoader      - Loading from cache: /assets/textures/Ground1.png
16:15:19.378 [FXGL Background Thread 1 ] DEBUG FXGLAssetLoader      - Loading from cache: /assets/textures/Ground1.png
16:15:19.379 [FXGL Background Thread 1 ] DEBUG FXGLAssetLoader      - Loading from cache: /assets/textures/Ground1.png
16:15:19.380 [FXGL Background Thread 1 ] DEBUG FXGLAssetLoader      - Loading from cache: /assets/textures/Ground1.png
16:15:19.382 [FXGL Background Thread 1 ] DEBUG FXGLAssetLoader      - Loading from cache: /assets/textures/Ground1.png
16:15:19.384 [FXGL Background Thread 1 ] DEBUG FXGLAssetLoader      - Loading from cache: /assets/textures/Ground1.png
16:15:19.385 [FXGL Background Thread 1 ] DEBUG FXGLAssetLoader      - Loading from cache: /assets/textures/Ground1.png
16:15:19.386 [FXGL Background Thread 1 ] DEBUG FXGLAssetLoader      - Loading from cache: /assets/textures/Ground1.png
16:15:19.386 [FXGL Background Thread 1 ] DEBUG FXGLAssetLoader      - Loading from cache: /assets/textures/Ground1.png
16:15:19.387 [FXGL Background Thread 1 ] DEBUG FXGLAssetLoader      - Loading from cache: /assets/textures/Ground1.png
16:15:19.387 [FXGL Background Thread 1 ] DEBUG FXGLAssetLoader      - Loading from cache: /assets/textures/Ground1.png
16:15:19.388 [FXGL Background Thread 1 ] DEBUG FXGLAssetLoader      - Loading from cache: /assets/textures/Ground1.png
16:15:19.388 [FXGL Background Thread 1 ] DEBUG FXGLAssetLoader      - Loading from cache: /assets/textures/Ground1.png
16:15:19.389 [FXGL Background Thread 1 ] DEBUG FXGLAssetLoader      - Loading from cache: /assets/textures/Ground1.png
16:15:19.389 [FXGL Background Thread 1 ] DEBUG FXGLAssetLoader      - Loading from cache: /assets/textures/Ground1.png
16:15:19.390 [FXGL Background Thread 1 ] DEBUG FXGLAssetLoader      - Loading from cache: /assets/textures/Ground1.png
16:15:19.390 [FXGL Background Thread 1 ] DEBUG FXGLAssetLoader      - Loading from cache: /assets/textures/Ground1.png
16:15:19.391 [FXGL Background Thread 1 ] DEBUG FXGLAssetLoader      - Loading from cache: /assets/textures/Ground1.png
16:15:19.391 [FXGL Background Thread 1 ] DEBUG FXGLAssetLoader      - Loading from cache: /assets/textures/Ground1.png
16:15:19.392 [FXGL Background Thread 1 ] DEBUG FXGLAssetLoader      - Loading from cache: /assets/textures/Ground1.png
16:15:19.392 [FXGL Background Thread 1 ] DEBUG FXGLAssetLoader      - Loading from cache: /assets/textures/Ground1.png
16:15:19.392 [FXGL Background Thread 1 ] DEBUG FXGLAssetLoader      - Loading from cache: /assets/textures/Ground1.png
16:15:19.393 [FXGL Background Thread 1 ] DEBUG FXGLAssetLoader      - Loading from cache: /assets/textures/Ground1.png
16:15:19.393 [FXGL Background Thread 1 ] DEBUG FXGLAssetLoader      - Loading from cache: /assets/textures/Ground1.png
16:15:19.394 [FXGL Background Thread 1 ] DEBUG FXGLAssetLoader      - Loading from cache: /assets/textures/Ground1.png
16:15:19.394 [FXGL Background Thread 1 ] DEBUG FXGLAssetLoader      - Loading from cache: /assets/textures/Ground1.png
16:15:19.395 [FXGL Background Thread 1 ] DEBUG FXGLAssetLoader      - Loading from cache: /assets/textures/Ground1.png
16:15:19.395 [FXGL Background Thread 1 ] DEBUG FXGLAssetLoader      - Loading from cache: /assets/textures/Ground1.png
16:15:19.396 [FXGL Background Thread 1 ] DEBUG FXGLAssetLoader      - Loading from cache: /assets/textures/Ground1.png
16:15:19.397 [FXGL Background Thread 1 ] DEBUG FXGLAssetLoader      - Loading from cache: /assets/textures/Ground1.png
16:15:19.397 [FXGL Background Thread 1 ] DEBUG FXGLAssetLoader      - Loading from cache: /assets/textures/Ground1.png
16:15:19.398 [FXGL Background Thread 1 ] DEBUG FXGLAssetLoader      - Loading from cache: /assets/textures/Ground1.png
16:15:19.398 [FXGL Background Thread 1 ] DEBUG FXGLAssetLoader      - Loading from cache: /assets/textures/Ground1.png
16:15:19.398 [FXGL Background Thread 1 ] DEBUG FXGLAssetLoader      - Loading from cache: /assets/textures/Ground1.png
16:15:19.399 [FXGL Background Thread 1 ] DEBUG FXGLAssetLoader      - Loading from cache: /assets/textures/Ground1.png
16:15:19.399 [FXGL Background Thread 1 ] DEBUG FXGLAssetLoader      - Loading from cache: /assets/textures/Ground1.png
16:15:19.400 [FXGL Background Thread 1 ] DEBUG FXGLAssetLoader      - Loading from cache: /assets/textures/Ground1.png
16:15:19.400 [FXGL Background Thread 1 ] DEBUG FXGLAssetLoader      - Loading from cache: /assets/textures/Ground1.png
16:15:19.401 [FXGL Background Thread 1 ] DEBUG FXGLAssetLoader      - Loading from cache: /assets/textures/Ground1.png
16:15:19.401 [FXGL Background Thread 1 ] DEBUG FXGLAssetLoader      - Loading from cache: /assets/textures/Ground1.png
16:15:19.401 [FXGL Background Thread 1 ] DEBUG FXGLAssetLoader      - Loading from cache: /assets/textures/Ground1.png
16:15:19.402 [FXGL Background Thread 1 ] DEBUG FXGLAssetLoader      - Loading from cache: /assets/textures/Ground1.png
16:15:19.402 [FXGL Background Thread 1 ] DEBUG FXGLAssetLoader      - Loading from cache: /assets/textures/Ground1.png
16:15:19.403 [FXGL Background Thread 1 ] DEBUG FXGLAssetLoader      - Loading from cache: /assets/textures/Ground1.png
16:15:19.403 [FXGL Background Thread 1 ] DEBUG FXGLAssetLoader      - Loading from cache: /assets/textures/Ground1.png
16:15:19.404 [FXGL Background Thread 1 ] DEBUG FXGLAssetLoader      - Loading from cache: /assets/textures/Ground1.png
16:15:19.405 [FXGL Background Thread 1 ] DEBUG FXGLAssetLoader      - Loading from cache: /assets/textures/Ground1.png
16:15:19.405 [FXGL Background Thread 1 ] DEBUG FXGLAssetLoader      - Loading from cache: /assets/textures/Ground1.png
16:15:19.406 [FXGL Background Thread 1 ] DEBUG FXGLAssetLoader      - Loading from cache: /assets/textures/Ground1.png
16:15:19.406 [FXGL Background Thread 1 ] DEBUG FXGLAssetLoader      - Loading from cache: /assets/textures/Ground1.png
16:15:19.406 [FXGL Background Thread 1 ] DEBUG FXGLAssetLoader      - Loading from cache: /assets/textures/Ground1.png
16:15:19.407 [FXGL Background Thread 1 ] DEBUG FXGLAssetLoader      - Loading from cache: /assets/textures/Ground1.png
16:15:19.407 [FXGL Background Thread 1 ] DEBUG FXGLAssetLoader      - Loading from cache: /assets/textures/Ground1.png
16:15:19.408 [FXGL Background Thread 1 ] DEBUG FXGLAssetLoader      - Loading from cache: /assets/textures/Ground1.png
16:15:19.408 [FXGL Background Thread 1 ] DEBUG FXGLAssetLoader      - Loading from cache: /assets/textures/Ground1.png
16:15:19.409 [FXGL Background Thread 1 ] DEBUG FXGLAssetLoader      - Loading from cache: /assets/textures/Ground1.png
16:15:19.409 [FXGL Background Thread 1 ] DEBUG FXGLAssetLoader      - Loading from cache: /assets/textures/Ground1.png
16:15:19.409 [JavaFX Application Thread] DEBUG FXGLDisplay          - Showing stage
16:15:19.410 [JavaFX Application Thread] DEBUG FXGLDisplay          - Root size: 800.0x700.0
16:15:19.410 [JavaFX Application Thread] DEBUG FXGLDisplay          - Scene size: 800.0x700.0
16:15:19.410 [JavaFX Application Thread] DEBUG FXGLDisplay          - Stage size: 816.0x739.0
16:15:19.410 [FXGL Background Thread 1 ] DEBUG FXGLAssetLoader      - Loading from cache: /assets/textures/Ground1.png
16:15:19.410 [FXGL Background Thread 1 ] DEBUG FXGLAssetLoader      - Loading from cache: /assets/textures/Ground1.png
16:15:19.411 [FXGL Background Thread 1 ] DEBUG FXGLAssetLoader      - Loading from cache: /assets/textures/Ground1.png
16:15:19.412 [FXGL Background Thread 1 ] DEBUG FXGLAssetLoader      - Loading from cache: /assets/textures/Ground1.png
16:15:19.412 [FXGL Background Thread 1 ] DEBUG FXGLAssetLoader      - Loading from cache: /assets/textures/Ground1.png
16:15:19.413 [FXGL Background Thread 1 ] DEBUG FXGLAssetLoader      - Loading from cache: /assets/textures/Ground1.png
16:15:19.413 [FXGL Background Thread 1 ] DEBUG FXGLAssetLoader      - Loading from cache: /assets/textures/Ground1.png
16:15:19.413 [FXGL Background Thread 1 ] DEBUG FXGLAssetLoader      - Loading from cache: /assets/textures/Ground1.png
16:15:19.414 [FXGL Background Thread 1 ] DEBUG FXGLAssetLoader      - Loading from cache: /assets/textures/Ground1.png
16:15:19.414 [FXGL Background Thread 1 ] DEBUG FXGLAssetLoader      - Loading from cache: /assets/textures/Ground1.png
16:15:19.415 [FXGL Background Thread 1 ] DEBUG FXGLAssetLoader      - Loading from cache: /assets/textures/Ground1.png
16:15:19.416 [FXGL Background Thread 1 ] DEBUG FXGLAssetLoader      - Loading from cache: /assets/textures/Ground1.png
16:15:19.416 [FXGL Background Thread 1 ] DEBUG FXGLAssetLoader      - Loading from cache: /assets/textures/Ground1.png
16:15:19.417 [FXGL Background Thread 1 ] DEBUG FXGLAssetLoader      - Loading from cache: /assets/textures/Ground1.png
16:15:19.417 [FXGL Background Thread 1 ] DEBUG FXGLAssetLoader      - Loading from cache: /assets/textures/Ground1.png
16:15:19.418 [FXGL Background Thread 1 ] DEBUG InitAppTask          - Initializing Physics
16:15:19.418 [FXGL Background Thread 1 ] DEBUG InitAppTask          - Initializing UI
16:15:19.418 [FXGL Background Thread 1 ] DEBUG InitAppTask          - Initialization Complete
16:15:19.459 [JavaFX Application Thread] DEBUG FXGLInput            - Clearing active input actions
16:15:19.459 [JavaFX Application Thread] DEBUG FXGLMasterTimer      - Starting master timer
16:15:19.459 [JavaFX Application Thread] DEBUG GameApplication      - State: LOADING -> PLAYING
16:15:19.464 [JavaFX Application Thread] DEBUG FXGLEventBus         - Firing event: FXGLEvent[type=RESUME]
16:15:19.467 [JavaFX Application Thread] DEBUG GameScene            - Entity added to scene
16:15:19.468 [JavaFX Application Thread] DEBUG GameScene            - Added MainViewComponent
16:15:19.470 [JavaFX Application Thread] DEBUG GameScene            - Creating render group for layer: TOP(2147483647)
16:15:19.472 [JavaFX Application Thread] DEBUG GameScene            - Entity added to scene
16:15:19.473 [JavaFX Application Thread] DEBUG GameScene            - Added MainViewComponent
16:15:19.473 [JavaFX Application Thread] DEBUG GameScene            - Entity added to scene
16:15:19.473 [JavaFX Application Thread] DEBUG GameScene            - Added MainViewComponent
16:15:19.474 [JavaFX Application Thread] DEBUG GameScene            - Entity added to scene
16:15:19.474 [JavaFX Application Thread] DEBUG GameScene            - Added MainViewComponent
16:15:19.474 [JavaFX Application Thread] DEBUG GameScene            - Entity added to scene
16:15:19.474 [JavaFX Application Thread] DEBUG GameScene            - Added MainViewComponent
16:15:19.474 [JavaFX Application Thread] DEBUG GameScene            - Entity added to scene
16:15:19.474 [JavaFX Application Thread] DEBUG GameScene            - Added MainViewComponent
16:15:19.475 [JavaFX Application Thread] DEBUG GameScene            - Entity added to scene
16:15:19.475 [JavaFX Application Thread] DEBUG GameScene            - Added MainViewComponent
16:15:19.475 [JavaFX Application Thread] DEBUG GameScene            - Entity added to scene
16:15:19.475 [JavaFX Application Thread] DEBUG GameScene            - Added MainViewComponent
16:15:19.475 [JavaFX Application Thread] DEBUG GameScene            - Entity added to scene
16:15:19.475 [JavaFX Application Thread] DEBUG GameScene            - Added MainViewComponent
16:15:19.475 [JavaFX Application Thread] DEBUG GameScene            - Entity added to scene
16:15:19.475 [JavaFX Application Thread] DEBUG GameScene            - Added MainViewComponent
16:15:19.475 [JavaFX Application Thread] DEBUG GameScene            - Entity added to scene
16:15:19.475 [JavaFX Application Thread] DEBUG GameScene            - Added MainViewComponent
16:15:19.476 [JavaFX Application Thread] DEBUG GameScene            - Entity added to scene
16:15:19.476 [JavaFX Application Thread] DEBUG GameScene            - Added MainViewComponent
16:15:19.476 [JavaFX Application Thread] DEBUG GameScene            - Entity added to scene
16:15:19.476 [JavaFX Application Thread] DEBUG GameScene            - Added MainViewComponent
16:15:19.476 [JavaFX Application Thread] DEBUG GameScene            - Entity added to scene
16:15:19.476 [JavaFX Application Thread] DEBUG GameScene            - Added MainViewComponent
16:15:19.476 [JavaFX Application Thread] DEBUG GameScene            - Entity added to scene
16:15:19.476 [JavaFX Application Thread] DEBUG GameScene            - Added MainViewComponent
16:15:19.476 [JavaFX Application Thread] DEBUG GameScene            - Entity added to scene
16:15:19.476 [JavaFX Application Thread] DEBUG GameScene            - Added MainViewComponent
16:15:19.477 [JavaFX Application Thread] DEBUG GameScene            - Entity added to scene
16:15:19.477 [JavaFX Application Thread] DEBUG GameScene            - Added MainViewComponent
16:15:19.477 [JavaFX Application Thread] DEBUG GameScene            - Entity added to scene
16:15:19.477 [JavaFX Application Thread] DEBUG GameScene            - Added MainViewComponent
16:15:19.477 [JavaFX Application Thread] DEBUG GameScene            - Entity added to scene
16:15:19.477 [JavaFX Application Thread] DEBUG GameScene            - Added MainViewComponent
16:15:19.477 [JavaFX Application Thread] DEBUG GameScene            - Entity added to scene
16:15:19.477 [JavaFX Application Thread] DEBUG GameScene            - Added MainViewComponent
16:15:19.477 [JavaFX Application Thread] DEBUG GameScene            - Entity added to scene
16:15:19.477 [JavaFX Application Thread] DEBUG GameScene            - Added MainViewComponent
16:15:19.478 [JavaFX Application Thread] DEBUG GameScene            - Entity added to scene
16:15:19.478 [JavaFX Application Thread] DEBUG GameScene            - Added MainViewComponent
16:15:19.478 [JavaFX Application Thread] DEBUG GameScene            - Entity added to scene
16:15:19.478 [JavaFX Application Thread] DEBUG GameScene            - Added MainViewComponent
16:15:19.478 [JavaFX Application Thread] DEBUG GameScene            - Entity added to scene
16:15:19.478 [JavaFX Application Thread] DEBUG GameScene            - Added MainViewComponent
16:15:19.478 [JavaFX Application Thread] DEBUG GameScene            - Entity added to scene
16:15:19.478 [JavaFX Application Thread] DEBUG GameScene            - Added MainViewComponent
16:15:19.479 [JavaFX Application Thread] DEBUG GameScene            - Entity added to scene
16:15:19.479 [JavaFX Application Thread] DEBUG GameScene            - Added MainViewComponent
16:15:19.479 [JavaFX Application Thread] DEBUG GameScene            - Entity added to scene
16:15:19.479 [JavaFX Application Thread] DEBUG GameScene            - Added MainViewComponent
16:15:19.479 [JavaFX Application Thread] DEBUG GameScene            - Entity added to scene
16:15:19.479 [JavaFX Application Thread] DEBUG GameScene            - Added MainViewComponent
16:15:19.479 [JavaFX Application Thread] DEBUG GameScene            - Entity added to scene
16:15:19.479 [JavaFX Application Thread] DEBUG GameScene            - Added MainViewComponent
16:15:19.479 [JavaFX Application Thread] DEBUG GameScene            - Entity added to scene
16:15:19.480 [JavaFX Application Thread] DEBUG GameScene            - Added MainViewComponent
16:15:19.480 [JavaFX Application Thread] DEBUG GameScene            - Entity added to scene
16:15:19.480 [JavaFX Application Thread] DEBUG GameScene            - Added MainViewComponent
16:15:19.480 [JavaFX Application Thread] DEBUG GameScene            - Entity added to scene
16:15:19.480 [JavaFX Application Thread] DEBUG GameScene            - Added MainViewComponent
16:15:19.480 [JavaFX Application Thread] DEBUG GameScene            - Entity added to scene
16:15:19.480 [JavaFX Application Thread] DEBUG GameScene            - Added MainViewComponent
16:15:19.480 [JavaFX Application Thread] DEBUG GameScene            - Entity added to scene
16:15:19.480 [JavaFX Application Thread] DEBUG GameScene            - Added MainViewComponent
16:15:19.481 [JavaFX Application Thread] DEBUG GameScene            - Entity added to scene
16:15:19.481 [JavaFX Application Thread] DEBUG GameScene            - Added MainViewComponent
16:15:19.481 [JavaFX Application Thread] DEBUG GameScene            - Entity added to scene
16:15:19.481 [JavaFX Application Thread] DEBUG GameScene            - Added MainViewComponent
16:15:19.481 [JavaFX Application Thread] DEBUG GameScene            - Entity added to scene
16:15:19.481 [JavaFX Application Thread] DEBUG GameScene            - Added MainViewComponent
16:15:19.481 [JavaFX Application Thread] DEBUG GameScene            - Entity added to scene
16:15:19.481 [JavaFX Application Thread] DEBUG GameScene            - Added MainViewComponent
16:15:19.481 [JavaFX Application Thread] DEBUG GameScene            - Entity added to scene
16:15:19.481 [JavaFX Application Thread] DEBUG GameScene            - Added MainViewComponent
16:15:19.482 [JavaFX Application Thread] DEBUG GameScene            - Entity added to scene
16:15:19.482 [JavaFX Application Thread] DEBUG GameScene            - Added MainViewComponent
16:15:19.482 [JavaFX Application Thread] DEBUG GameScene            - Entity added to scene
16:15:19.482 [JavaFX Application Thread] DEBUG GameScene            - Added MainViewComponent
16:15:19.482 [JavaFX Application Thread] DEBUG GameScene            - Entity added to scene
16:15:19.482 [JavaFX Application Thread] DEBUG GameScene            - Added MainViewComponent
16:15:19.482 [JavaFX Application Thread] DEBUG GameScene            - Entity added to scene
16:15:19.482 [JavaFX Application Thread] DEBUG GameScene            - Added MainViewComponent
16:15:19.482 [JavaFX Application Thread] DEBUG GameScene            - Entity added to scene
16:15:19.482 [JavaFX Application Thread] DEBUG GameScene            - Added MainViewComponent
16:15:19.483 [JavaFX Application Thread] DEBUG GameScene            - Entity added to scene
16:15:19.483 [JavaFX Application Thread] DEBUG GameScene            - Added MainViewComponent
16:15:19.483 [JavaFX Application Thread] DEBUG GameScene            - Entity added to scene
16:15:19.483 [JavaFX Application Thread] DEBUG GameScene            - Added MainViewComponent
16:15:19.483 [JavaFX Application Thread] DEBUG GameScene            - Entity added to scene
16:15:19.483 [JavaFX Application Thread] DEBUG GameScene            - Added MainViewComponent
16:15:19.484 [JavaFX Application Thread] DEBUG GameScene            - Entity added to scene
16:15:19.484 [JavaFX Application Thread] DEBUG GameScene            - Added MainViewComponent
16:15:19.484 [JavaFX Application Thread] DEBUG GameScene            - Entity added to scene
16:15:19.484 [JavaFX Application Thread] DEBUG GameScene            - Added MainViewComponent
16:15:19.484 [JavaFX Application Thread] DEBUG GameScene            - Entity added to scene
16:15:19.484 [JavaFX Application Thread] DEBUG GameScene            - Added MainViewComponent
16:15:19.484 [JavaFX Application Thread] DEBUG GameScene            - Entity added to scene
16:15:19.484 [JavaFX Application Thread] DEBUG GameScene            - Added MainViewComponent
16:15:19.484 [JavaFX Application Thread] DEBUG GameScene            - Entity added to scene
16:15:19.484 [JavaFX Application Thread] DEBUG GameScene            - Added MainViewComponent
16:15:19.485 [JavaFX Application Thread] DEBUG GameScene            - Entity added to scene
16:15:19.485 [JavaFX Application Thread] DEBUG GameScene            - Added MainViewComponent
16:15:19.485 [JavaFX Application Thread] DEBUG GameScene            - Entity added to scene
16:15:19.485 [JavaFX Application Thread] DEBUG GameScene            - Added MainViewComponent
16:15:19.485 [JavaFX Application Thread] DEBUG GameScene            - Entity added to scene
16:15:19.485 [JavaFX Application Thread] DEBUG GameScene            - Added MainViewComponent
16:15:19.485 [JavaFX Application Thread] DEBUG GameScene            - Entity added to scene
16:15:19.485 [JavaFX Application Thread] DEBUG GameScene            - Added MainViewComponent
16:15:19.485 [JavaFX Application Thread] DEBUG GameScene            - Entity added to scene
16:15:19.485 [JavaFX Application Thread] DEBUG GameScene            - Added MainViewComponent
16:15:19.486 [JavaFX Application Thread] DEBUG GameScene            - Entity added to scene
16:15:19.486 [JavaFX Application Thread] DEBUG GameScene            - Added MainViewComponent
16:15:19.486 [JavaFX Application Thread] DEBUG GameScene            - Entity added to scene
16:15:19.486 [JavaFX Application Thread] DEBUG GameScene            - Added MainViewComponent
16:15:19.486 [JavaFX Application Thread] DEBUG GameScene            - Entity added to scene
16:15:19.486 [JavaFX Application Thread] DEBUG GameScene            - Added MainViewComponent
16:15:19.486 [JavaFX Application Thread] DEBUG GameScene            - Entity added to scene
16:15:19.486 [JavaFX Application Thread] DEBUG GameScene            - Added MainViewComponent
16:15:19.487 [JavaFX Application Thread] DEBUG GameScene            - Entity added to scene
16:15:19.487 [JavaFX Application Thread] DEBUG GameScene            - Added MainViewComponent
16:15:19.487 [JavaFX Application Thread] DEBUG GameScene            - Entity added to scene
16:15:19.487 [JavaFX Application Thread] DEBUG GameScene            - Added MainViewComponent
16:15:19.487 [JavaFX Application Thread] DEBUG GameScene            - Entity added to scene
16:15:19.487 [JavaFX Application Thread] DEBUG GameScene            - Added MainViewComponent
16:15:19.487 [JavaFX Application Thread] DEBUG GameScene            - Entity added to scene
16:15:19.487 [JavaFX Application Thread] DEBUG GameScene            - Added MainViewComponent
16:15:19.487 [JavaFX Application Thread] DEBUG GameScene            - Entity added to scene
16:15:19.487 [JavaFX Application Thread] DEBUG GameScene            - Added MainViewComponent
16:15:19.488 [JavaFX Application Thread] DEBUG GameScene            - Entity added to scene
16:15:19.488 [JavaFX Application Thread] DEBUG GameScene            - Added MainViewComponent
16:15:19.488 [JavaFX Application Thread] DEBUG GameScene            - Entity added to scene
16:15:19.488 [JavaFX Application Thread] DEBUG GameScene            - Added MainViewComponent
16:15:19.488 [JavaFX Application Thread] DEBUG GameScene            - Entity added to scene
16:15:19.488 [JavaFX Application Thread] DEBUG GameScene            - Added MainViewComponent
16:15:19.488 [JavaFX Application Thread] DEBUG GameScene            - Entity added to scene
16:15:19.488 [JavaFX Application Thread] DEBUG GameScene            - Added MainViewComponent
16:15:19.488 [JavaFX Application Thread] DEBUG GameScene            - Entity added to scene
16:15:19.488 [JavaFX Application Thread] DEBUG GameScene            - Added MainViewComponent
16:15:19.488 [JavaFX Application Thread] DEBUG GameScene            - Entity added to scene
16:15:19.488 [JavaFX Application Thread] DEBUG GameScene            - Added MainViewComponent
16:15:19.489 [JavaFX Application Thread] DEBUG GameScene            - Entity added to scene
16:15:19.489 [JavaFX Application Thread] DEBUG GameScene            - Added MainViewComponent
16:15:19.489 [JavaFX Application Thread] DEBUG GameScene            - Entity added to scene
16:15:19.489 [JavaFX Application Thread] DEBUG GameScene            - Added MainViewComponent
16:15:19.489 [JavaFX Application Thread] DEBUG GameScene            - Entity added to scene
16:15:19.489 [JavaFX Application Thread] DEBUG GameScene            - Added MainViewComponent
16:15:19.489 [JavaFX Application Thread] DEBUG GameScene            - Entity added to scene
16:15:19.489 [JavaFX Application Thread] DEBUG GameScene            - Added MainViewComponent
16:15:28.229 [JavaFX Application Thread] DEBUG FXGLEventBus         - Firing event: DisplayEvent[type=CLOSE_REQUEST]
16:15:28.230 [JavaFX Application Thread] DEBUG FXGLEventBus         - Firing event: FXGLEvent[type=EXIT]
16:15:28.233 [JavaFX Application Thread] DEBUG FXGL                 - Saving FXGL system data
16:15:28.234 [JavaFX Application Thread] DEBUG IOTask               - Executing task: writeDataTask(system/fxgl.bundle)
16:15:28.235 [JavaFX Application Thread] DEBUG FS                   - Writing to: system\fxgl.bundle
16:15:28.238 [JavaFX Application Thread] DEBUG IOTask               - Task succeeded: writeDataTask(system/fxgl.bundle)
