16:15:46.455 [FXGL Launcher Thread     ] DEBUG FXGLLoggerFactory    - Service [LoggerFactory] initialized
16:15:46.459 [FXGL Launcher Thread     ] DEBUG FXGL                 - FXGL configuration complete
16:15:46.459 [FXGL Launcher Thread     ] DEBUG FXGL                 - Loading FXGL system data
16:15:46.462 [FXGL Launcher Thread     ] DEBUG IOTask               - Executing task: readDataTask(system/fxgl.bundle)
16:15:46.465 [FXGL Launcher Thread     ] DEBUG FS                   - Reading from: system\fxgl.bundle
16:15:46.469 [FXGL Launcher Thread     ] DEBUG IOTask               - Task succeeded: readDataTask(system/fxgl.bundle)
16:15:46.470 [FXGL Launcher Thread     ] DEBUG Bundle               - Logging bundle: FXGL
16:15:46.470 [FXGL Launcher Thread     ] DEBUG Bundle               - FXGL.offline.timer.version.check=2017-01-12T08:38:28.585
16:15:46.475 [FXGL Launcher Thread     ] DEBUG GameApplication      - Configuring GameApplication
16:15:46.478 [FXGL Launcher Thread     ] DEBUG FXGLExceptionHandler - Service [ExceptionHandler] initialized
16:15:46.478 [FXGL Launcher Thread     ] DEBUG FXGLEventBus         - Service [EventBus] initialized
16:15:46.482 [FXGL Launcher Thread     ] DEBUG FXGLExecutor         - Service [Executor] initialized
16:15:46.482 [FXGL Launcher Thread     ] DEBUG PreInitTask          - Injecting gameWorld & physicsWorld
16:15:46.486 [FXGL Launcher Thread     ] DEBUG GameWorld            - Game world initialized
16:15:46.518 [FXGL Launcher Thread     ] DEBUG FXGLPooler           - Service [Pooler] initialized with default size = 128
16:15:46.518 [FXGL Launcher Thread     ] DEBUG PhysicsWorld         - Physics world initialized: appHeight=700.0, physics.ppm=50.0
16:15:46.519 [FXGL Launcher Thread     ] DEBUG FXGLInput            - Service [Input] initialized
16:15:46.534 [FXGL Launcher Thread     ] DEBUG FXGLInput            - Registered new binding: Screenshot - P
16:15:46.534 [FXGL Launcher Thread     ] DEBUG FXGLInput            - Registered new binding: Dev Options - CTRL+0
16:15:46.535 [FXGL Launcher Thread     ] DEBUG FXGLInput            - Registered new binding: Move With Mouse - PRIMARY
16:15:46.557 [FXGL Launcher Thread     ] DEBUG GameScene            - Game scene initialized: 800.0x700.0
16:15:46.563 [FXGL Launcher Thread     ] DEBUG FXGLAssetLoader      - Service [AssetLoader] initialized: cacheSize=35
16:15:46.565 [FXGL Launcher Thread     ] DEBUG FXGLAssetLoader      - Loading from disk: /assets/sounds/system/notification.wav
16:15:46.584 [FXGL Launcher Thread     ] DEBUG FXGLAssetLoader      - Loading from disk: /assets/sounds/menu/select.wav
16:15:46.585 [FXGL Launcher Thread     ] DEBUG FXGLAssetLoader      - Loading from disk: /assets/sounds/menu/back.wav
16:15:46.586 [FXGL Launcher Thread     ] DEBUG FXGLAssetLoader      - Loading from disk: /assets/sounds/menu/press.wav
16:15:46.588 [FXGL Launcher Thread     ] DEBUG FXGLAssetLoader      - Loading from disk: /assets/ui/fonts/Copperplate_Gothic_Light_Regular.ttf
16:15:46.726 [FXGL Launcher Thread     ] DEBUG FXGLAssetLoader      - Loading from disk: /assets/ui/css/fxgl.css
16:15:46.726 [FXGL Launcher Thread     ] DEBUG FXGLAssetLoader      - Loading from disk: /assets/ui/icons/fxgl_icon.png
16:15:46.760 [FXGL Launcher Thread     ] DEBUG FXGLAssetLoader      - Loading from disk: /assets/ui/css/fxgl_dark.css
16:15:46.768 [FXGL Launcher Thread     ] DEBUG FXGLDisplay          - Target size: DoubleProperty [value: 800.0] x DoubleProperty [value: 700.0] @ 1.0
16:15:46.769 [FXGL Launcher Thread     ] DEBUG FXGLDisplay          - New size:    800.0 x 700.0 @ DoubleProperty [value: 1.0]
16:15:46.769 [FXGL Launcher Thread     ] DEBUG FXGLDisplay          - Service [Display] initialized
16:15:46.769 [FXGL Launcher Thread     ] DEBUG FXGLDisplay          - Using CSS: CSS(externalForm=jar:file:/I:/Documents/NetBeansProjects/MotherLoad/MotherLoad/lib/fxgl-0.2.9-uber.jar!/assets/ui/css/fxgl_dark.css)
16:15:46.769 [FXGL Launcher Thread     ] DEBUG InitScenesTask       - Injecting loadingScene & gameScene
16:15:46.790 [FXGL Launcher Thread     ] DEBUG FXGLMasterTimer      - Service [MasterTimer] initialized
16:15:46.792 [FXGL Launcher Thread     ] DEBUG FXGLAudioPlayer      - Service [AudioPlayer] initialized
16:15:46.799 [FXGL Launcher Thread     ] DEBUG InitProfilerTask     - Injecting profiler
16:15:46.799 [FXGL Launcher Thread     ] DEBUG GameApplication      - Starting new game
16:15:46.800 [FXGL Launcher Thread     ] DEBUG GameApplication      - Initializing App
16:15:46.801 [FXGL Launcher Thread     ] DEBUG FXGLInput            - Clearing active input actions
16:15:46.801 [FXGL Launcher Thread     ] DEBUG FXGLMasterTimer      - Stopping master timer
16:15:46.802 [FXGL Launcher Thread     ] DEBUG GameApplication      - State: STARTUP -> PAUSED
16:15:46.802 [FXGL Launcher Thread     ] DEBUG FXGLEventBus         - Firing event: FXGLEvent[type=PAUSE]
16:15:46.803 [FXGL Launcher Thread     ] DEBUG FXGLInput            - Clearing active input actions
16:15:46.803 [FXGL Launcher Thread     ] DEBUG FXGLMasterTimer      - Resetting ticks and clearing all actions
16:15:46.803 [FXGL Launcher Thread     ] DEBUG GameWorld            - Resetting game world
16:15:46.803 [FXGL Launcher Thread     ] TRACE EntityWorld          - Resetting entity world
16:15:46.804 [FXGL Launcher Thread     ] DEBUG PhysicsWorld         - Resetting physics world
16:15:46.805 [FXGL Launcher Thread     ] DEBUG GameScene            - Resetting game scene
16:15:46.805 [FXGL Launcher Thread     ] DEBUG FXGLEventBus         - Firing event: FXGLEvent[type=RESET]
16:15:46.856 [FXGL Launcher Thread     ] DEBUG GameApplication      - State: PAUSED -> LOADING
16:15:46.885 [FXGL Background Thread 1 ] DEBUG InitAppTask          - Initializing Assets
16:15:46.886 [FXGL Background Thread 1 ] DEBUG InitAppTask          - Initializing Game
16:15:46.904 [FXGL Background Thread 1 ] DEBUG FXGLAssetLoader      - Loading from disk: /assets/textures/Ground1.png
16:15:46.910 [FXGL Background Thread 1 ] DEBUG FXGLAssetLoader      - Loading from cache: /assets/textures/Ground1.png
16:15:46.911 [FXGL Background Thread 1 ] DEBUG FXGLAssetLoader      - Loading from cache: /assets/textures/Ground1.png
16:15:46.912 [FXGL Background Thread 1 ] DEBUG FXGLAssetLoader      - Loading from cache: /assets/textures/Ground1.png
16:15:46.913 [FXGL Background Thread 1 ] DEBUG FXGLAssetLoader      - Loading from cache: /assets/textures/Ground1.png
16:15:46.913 [FXGL Background Thread 1 ] DEBUG FXGLAssetLoader      - Loading from cache: /assets/textures/Ground1.png
16:15:46.914 [FXGL Background Thread 1 ] DEBUG FXGLAssetLoader      - Loading from cache: /assets/textures/Ground1.png
16:15:46.915 [FXGL Background Thread 1 ] DEBUG FXGLAssetLoader      - Loading from cache: /assets/textures/Ground1.png
16:15:46.916 [FXGL Background Thread 1 ] DEBUG FXGLAssetLoader      - Loading from cache: /assets/textures/Ground1.png
16:15:46.916 [FXGL Background Thread 1 ] DEBUG FXGLAssetLoader      - Loading from cache: /assets/textures/Ground1.png
16:15:46.917 [FXGL Background Thread 1 ] DEBUG FXGLAssetLoader      - Loading from cache: /assets/textures/Ground1.png
16:15:46.918 [FXGL Background Thread 1 ] DEBUG FXGLAssetLoader      - Loading from cache: /assets/textures/Ground1.png
16:15:46.918 [FXGL Background Thread 1 ] DEBUG FXGLAssetLoader      - Loading from cache: /assets/textures/Ground1.png
16:15:46.919 [FXGL Background Thread 1 ] DEBUG FXGLAssetLoader      - Loading from cache: /assets/textures/Ground1.png
16:15:46.919 [FXGL Background Thread 1 ] DEBUG FXGLAssetLoader      - Loading from cache: /assets/textures/Ground1.png
16:15:46.920 [FXGL Background Thread 1 ] DEBUG FXGLAssetLoader      - Loading from cache: /assets/textures/Ground1.png
16:15:46.920 [FXGL Background Thread 1 ] DEBUG FXGLAssetLoader      - Loading from cache: /assets/textures/Ground1.png
16:15:46.921 [FXGL Background Thread 1 ] DEBUG FXGLAssetLoader      - Loading from cache: /assets/textures/Ground1.png
16:15:46.921 [FXGL Background Thread 1 ] DEBUG FXGLAssetLoader      - Loading from cache: /assets/textures/Ground1.png
16:15:46.922 [FXGL Background Thread 1 ] DEBUG FXGLAssetLoader      - Loading from cache: /assets/textures/Ground1.png
16:15:46.922 [FXGL Background Thread 1 ] DEBUG FXGLAssetLoader      - Loading from cache: /assets/textures/Ground1.png
16:15:46.923 [FXGL Background Thread 1 ] DEBUG FXGLAssetLoader      - Loading from cache: /assets/textures/Ground1.png
16:15:46.923 [FXGL Background Thread 1 ] DEBUG FXGLAssetLoader      - Loading from cache: /assets/textures/Ground1.png
16:15:46.924 [FXGL Background Thread 1 ] DEBUG FXGLAssetLoader      - Loading from cache: /assets/textures/Ground1.png
16:15:46.924 [FXGL Background Thread 1 ] DEBUG FXGLAssetLoader      - Loading from cache: /assets/textures/Ground1.png
16:15:46.925 [FXGL Background Thread 1 ] DEBUG FXGLAssetLoader      - Loading from cache: /assets/textures/Ground1.png
16:15:46.925 [FXGL Background Thread 1 ] DEBUG FXGLAssetLoader      - Loading from cache: /assets/textures/Ground1.png
16:15:46.926 [FXGL Background Thread 1 ] DEBUG FXGLAssetLoader      - Loading from cache: /assets/textures/Ground1.png
16:15:46.926 [FXGL Background Thread 1 ] DEBUG FXGLAssetLoader      - Loading from cache: /assets/textures/Ground1.png
16:15:46.927 [FXGL Background Thread 1 ] DEBUG FXGLAssetLoader      - Loading from cache: /assets/textures/Ground1.png
16:15:46.927 [FXGL Background Thread 1 ] DEBUG FXGLAssetLoader      - Loading from cache: /assets/textures/Ground1.png
16:15:46.928 [FXGL Background Thread 1 ] DEBUG FXGLAssetLoader      - Loading from cache: /assets/textures/Ground1.png
16:15:46.928 [FXGL Background Thread 1 ] DEBUG FXGLAssetLoader      - Loading from cache: /assets/textures/Ground1.png
16:15:46.929 [FXGL Background Thread 1 ] DEBUG FXGLAssetLoader      - Loading from cache: /assets/textures/Ground1.png
16:15:46.929 [FXGL Background Thread 1 ] DEBUG FXGLAssetLoader      - Loading from cache: /assets/textures/Ground1.png
16:15:46.930 [FXGL Background Thread 1 ] DEBUG FXGLAssetLoader      - Loading from cache: /assets/textures/Ground1.png
16:15:46.930 [JavaFX Application Thread] DEBUG FXGLDisplay          - Showing stage
16:15:46.930 [JavaFX Application Thread] DEBUG FXGLDisplay          - Root size: 800.0x700.0
16:15:46.930 [JavaFX Application Thread] DEBUG FXGLDisplay          - Scene size: 800.0x700.0
16:15:46.930 [JavaFX Application Thread] DEBUG FXGLDisplay          - Stage size: 816.0x739.0
16:15:46.931 [FXGL Background Thread 1 ] DEBUG FXGLAssetLoader      - Loading from cache: /assets/textures/Ground1.png
16:15:46.931 [FXGL Background Thread 1 ] DEBUG FXGLAssetLoader      - Loading from cache: /assets/textures/Ground1.png
16:15:46.932 [FXGL Background Thread 1 ] DEBUG FXGLAssetLoader      - Loading from cache: /assets/textures/Ground1.png
16:15:46.932 [FXGL Background Thread 1 ] DEBUG FXGLAssetLoader      - Loading from cache: /assets/textures/Ground1.png
16:15:46.933 [FXGL Background Thread 1 ] DEBUG FXGLAssetLoader      - Loading from cache: /assets/textures/Ground1.png
16:15:46.933 [FXGL Background Thread 1 ] DEBUG FXGLAssetLoader      - Loading from cache: /assets/textures/Ground1.png
16:15:46.934 [FXGL Background Thread 1 ] DEBUG FXGLAssetLoader      - Loading from cache: /assets/textures/Ground1.png
16:15:46.934 [FXGL Background Thread 1 ] DEBUG FXGLAssetLoader      - Loading from cache: /assets/textures/Ground1.png
16:15:46.935 [FXGL Background Thread 1 ] DEBUG FXGLAssetLoader      - Loading from cache: /assets/textures/Ground1.png
16:15:46.935 [FXGL Background Thread 1 ] DEBUG FXGLAssetLoader      - Loading from cache: /assets/textures/Ground1.png
16:15:46.936 [FXGL Background Thread 1 ] DEBUG FXGLAssetLoader      - Loading from cache: /assets/textures/Ground1.png
16:15:46.937 [FXGL Background Thread 1 ] DEBUG FXGLAssetLoader      - Loading from cache: /assets/textures/Ground1.png
16:15:46.937 [FXGL Background Thread 1 ] DEBUG FXGLAssetLoader      - Loading from cache: /assets/textures/Ground1.png
16:15:46.938 [FXGL Background Thread 1 ] DEBUG FXGLAssetLoader      - Loading from cache: /assets/textures/Ground1.png
16:15:46.938 [FXGL Background Thread 1 ] DEBUG FXGLAssetLoader      - Loading from cache: /assets/textures/Ground1.png
16:15:46.939 [FXGL Background Thread 1 ] DEBUG FXGLAssetLoader      - Loading from cache: /assets/textures/Ground1.png
16:15:46.939 [FXGL Background Thread 1 ] DEBUG FXGLAssetLoader      - Loading from cache: /assets/textures/Ground1.png
16:15:46.940 [FXGL Background Thread 1 ] DEBUG FXGLAssetLoader      - Loading from cache: /assets/textures/Ground1.png
16:15:46.940 [FXGL Background Thread 1 ] DEBUG FXGLAssetLoader      - Loading from cache: /assets/textures/Ground1.png
16:15:46.941 [FXGL Background Thread 1 ] DEBUG FXGLAssetLoader      - Loading from cache: /assets/textures/Ground1.png
16:15:46.941 [FXGL Background Thread 1 ] DEBUG FXGLAssetLoader      - Loading from cache: /assets/textures/Ground1.png
16:15:46.942 [FXGL Background Thread 1 ] DEBUG FXGLAssetLoader      - Loading from cache: /assets/textures/Ground1.png
16:15:46.942 [FXGL Background Thread 1 ] DEBUG FXGLAssetLoader      - Loading from cache: /assets/textures/Ground1.png
16:15:46.942 [FXGL Background Thread 1 ] DEBUG FXGLAssetLoader      - Loading from cache: /assets/textures/Ground1.png
16:15:46.943 [FXGL Background Thread 1 ] DEBUG FXGLAssetLoader      - Loading from cache: /assets/textures/Ground1.png
16:15:46.943 [FXGL Background Thread 1 ] DEBUG FXGLAssetLoader      - Loading from cache: /assets/textures/Ground1.png
16:15:46.944 [FXGL Background Thread 1 ] DEBUG FXGLAssetLoader      - Loading from cache: /assets/textures/Ground1.png
16:15:46.944 [FXGL Background Thread 1 ] DEBUG FXGLAssetLoader      - Loading from cache: /assets/textures/Ground1.png
16:15:46.945 [FXGL Background Thread 1 ] DEBUG FXGLAssetLoader      - Loading from cache: /assets/textures/Ground1.png
16:15:46.945 [FXGL Background Thread 1 ] DEBUG FXGLAssetLoader      - Loading from cache: /assets/textures/Ground1.png
16:15:46.946 [FXGL Background Thread 1 ] DEBUG FXGLAssetLoader      - Loading from cache: /assets/textures/Ground1.png
16:15:46.946 [FXGL Background Thread 1 ] DEBUG FXGLAssetLoader      - Loading from cache: /assets/textures/Ground1.png
16:15:46.947 [FXGL Background Thread 1 ] DEBUG FXGLAssetLoader      - Loading from cache: /assets/textures/Ground1.png
16:15:46.947 [FXGL Background Thread 1 ] DEBUG FXGLAssetLoader      - Loading from cache: /assets/textures/Ground1.png
16:15:46.948 [FXGL Background Thread 1 ] DEBUG FXGLAssetLoader      - Loading from cache: /assets/textures/Ground1.png
16:15:46.948 [FXGL Background Thread 1 ] DEBUG FXGLAssetLoader      - Loading from cache: /assets/textures/Ground1.png
16:15:46.948 [FXGL Background Thread 1 ] DEBUG FXGLAssetLoader      - Loading from cache: /assets/textures/Ground1.png
16:15:46.949 [FXGL Background Thread 1 ] DEBUG FXGLAssetLoader      - Loading from cache: /assets/textures/Ground1.png
16:15:46.949 [FXGL Background Thread 1 ] DEBUG FXGLAssetLoader      - Loading from cache: /assets/textures/Ground1.png
16:15:46.950 [FXGL Background Thread 1 ] DEBUG InitAppTask          - Initializing Physics
16:15:46.950 [FXGL Background Thread 1 ] DEBUG InitAppTask          - Initializing UI
16:15:46.950 [FXGL Background Thread 1 ] DEBUG InitAppTask          - Initialization Complete
16:15:46.978 [JavaFX Application Thread] DEBUG FXGLInput            - Clearing active input actions
16:15:46.978 [JavaFX Application Thread] DEBUG FXGLMasterTimer      - Starting master timer
16:15:46.978 [JavaFX Application Thread] DEBUG GameApplication      - State: LOADING -> PLAYING
16:15:46.983 [JavaFX Application Thread] DEBUG FXGLEventBus         - Firing event: FXGLEvent[type=RESUME]
16:15:46.987 [JavaFX Application Thread] DEBUG GameScene            - Entity added to scene
16:15:46.987 [JavaFX Application Thread] DEBUG GameScene            - Added MainViewComponent
16:15:46.989 [JavaFX Application Thread] DEBUG GameScene            - Creating render group for layer: TOP(2147483647)
16:15:46.991 [JavaFX Application Thread] DEBUG GameScene            - Entity added to scene
16:15:46.991 [JavaFX Application Thread] DEBUG GameScene            - Added MainViewComponent
16:15:46.992 [JavaFX Application Thread] DEBUG GameScene            - Entity added to scene
16:15:46.992 [JavaFX Application Thread] DEBUG GameScene            - Added MainViewComponent
16:15:46.992 [JavaFX Application Thread] DEBUG GameScene            - Entity added to scene
16:15:46.992 [JavaFX Application Thread] DEBUG GameScene            - Added MainViewComponent
16:15:46.992 [JavaFX Application Thread] DEBUG GameScene            - Entity added to scene
16:15:46.992 [JavaFX Application Thread] DEBUG GameScene            - Added MainViewComponent
16:15:46.993 [JavaFX Application Thread] DEBUG GameScene            - Entity added to scene
16:15:46.993 [JavaFX Application Thread] DEBUG GameScene            - Added MainViewComponent
16:15:46.993 [JavaFX Application Thread] DEBUG GameScene            - Entity added to scene
16:15:46.993 [JavaFX Application Thread] DEBUG GameScene            - Added MainViewComponent
16:15:46.993 [JavaFX Application Thread] DEBUG GameScene            - Entity added to scene
16:15:46.993 [JavaFX Application Thread] DEBUG GameScene            - Added MainViewComponent
16:15:46.993 [JavaFX Application Thread] DEBUG GameScene            - Entity added to scene
16:15:46.993 [JavaFX Application Thread] DEBUG GameScene            - Added MainViewComponent
16:15:46.993 [JavaFX Application Thread] DEBUG GameScene            - Entity added to scene
16:15:46.993 [JavaFX Application Thread] DEBUG GameScene            - Added MainViewComponent
16:15:46.994 [JavaFX Application Thread] DEBUG GameScene            - Entity added to scene
16:15:46.994 [JavaFX Application Thread] DEBUG GameScene            - Added MainViewComponent
16:15:46.994 [JavaFX Application Thread] DEBUG GameScene            - Entity added to scene
16:15:46.994 [JavaFX Application Thread] DEBUG GameScene            - Added MainViewComponent
16:15:46.994 [JavaFX Application Thread] DEBUG GameScene            - Entity added to scene
16:15:46.994 [JavaFX Application Thread] DEBUG GameScene            - Added MainViewComponent
16:15:46.994 [JavaFX Application Thread] DEBUG GameScene            - Entity added to scene
16:15:46.994 [JavaFX Application Thread] DEBUG GameScene            - Added MainViewComponent
16:15:46.994 [JavaFX Application Thread] DEBUG GameScene            - Entity added to scene
16:15:46.995 [JavaFX Application Thread] DEBUG GameScene            - Added MainViewComponent
16:15:46.995 [JavaFX Application Thread] DEBUG GameScene            - Entity added to scene
16:15:46.995 [JavaFX Application Thread] DEBUG GameScene            - Added MainViewComponent
16:15:46.995 [JavaFX Application Thread] DEBUG GameScene            - Entity added to scene
16:15:46.995 [JavaFX Application Thread] DEBUG GameScene            - Added MainViewComponent
16:15:46.995 [JavaFX Application Thread] DEBUG GameScene            - Entity added to scene
16:15:46.995 [JavaFX Application Thread] DEBUG GameScene            - Added MainViewComponent
16:15:46.995 [JavaFX Application Thread] DEBUG GameScene            - Entity added to scene
16:15:46.995 [JavaFX Application Thread] DEBUG GameScene            - Added MainViewComponent
16:15:46.996 [JavaFX Application Thread] DEBUG GameScene            - Entity added to scene
16:15:46.996 [JavaFX Application Thread] DEBUG GameScene            - Added MainViewComponent
16:15:46.996 [JavaFX Application Thread] DEBUG GameScene            - Entity added to scene
16:15:46.996 [JavaFX Application Thread] DEBUG GameScene            - Added MainViewComponent
16:15:46.996 [JavaFX Application Thread] DEBUG GameScene            - Entity added to scene
16:15:46.996 [JavaFX Application Thread] DEBUG GameScene            - Added MainViewComponent
16:15:46.996 [JavaFX Application Thread] DEBUG GameScene            - Entity added to scene
16:15:46.996 [JavaFX Application Thread] DEBUG GameScene            - Added MainViewComponent
16:15:46.996 [JavaFX Application Thread] DEBUG GameScene            - Entity added to scene
16:15:46.996 [JavaFX Application Thread] DEBUG GameScene            - Added MainViewComponent
16:15:46.997 [JavaFX Application Thread] DEBUG GameScene            - Entity added to scene
16:15:46.997 [JavaFX Application Thread] DEBUG GameScene            - Added MainViewComponent
16:15:46.997 [JavaFX Application Thread] DEBUG GameScene            - Entity added to scene
16:15:46.997 [JavaFX Application Thread] DEBUG GameScene            - Added MainViewComponent
16:15:46.997 [JavaFX Application Thread] DEBUG GameScene            - Entity added to scene
16:15:46.997 [JavaFX Application Thread] DEBUG GameScene            - Added MainViewComponent
16:15:46.997 [JavaFX Application Thread] DEBUG GameScene            - Entity added to scene
16:15:46.997 [JavaFX Application Thread] DEBUG GameScene            - Added MainViewComponent
16:15:46.997 [JavaFX Application Thread] DEBUG GameScene            - Entity added to scene
16:15:46.997 [JavaFX Application Thread] DEBUG GameScene            - Added MainViewComponent
16:15:46.998 [JavaFX Application Thread] DEBUG GameScene            - Entity added to scene
16:15:46.998 [JavaFX Application Thread] DEBUG GameScene            - Added MainViewComponent
16:15:46.998 [JavaFX Application Thread] DEBUG GameScene            - Entity added to scene
16:15:46.998 [JavaFX Application Thread] DEBUG GameScene            - Added MainViewComponent
16:15:46.998 [JavaFX Application Thread] DEBUG GameScene            - Entity added to scene
16:15:46.998 [JavaFX Application Thread] DEBUG GameScene            - Added MainViewComponent
16:15:46.998 [JavaFX Application Thread] DEBUG GameScene            - Entity added to scene
16:15:46.998 [JavaFX Application Thread] DEBUG GameScene            - Added MainViewComponent
16:15:46.999 [JavaFX Application Thread] DEBUG GameScene            - Entity added to scene
16:15:46.999 [JavaFX Application Thread] DEBUG GameScene            - Added MainViewComponent
16:15:46.999 [JavaFX Application Thread] DEBUG GameScene            - Entity added to scene
16:15:46.999 [JavaFX Application Thread] DEBUG GameScene            - Added MainViewComponent
16:15:46.999 [JavaFX Application Thread] DEBUG GameScene            - Entity added to scene
16:15:46.999 [JavaFX Application Thread] DEBUG GameScene            - Added MainViewComponent
16:15:46.999 [JavaFX Application Thread] DEBUG GameScene            - Entity added to scene
16:15:46.999 [JavaFX Application Thread] DEBUG GameScene            - Added MainViewComponent
16:15:46.999 [JavaFX Application Thread] DEBUG GameScene            - Entity added to scene
16:15:46.999 [JavaFX Application Thread] DEBUG GameScene            - Added MainViewComponent
16:15:47.000 [JavaFX Application Thread] DEBUG GameScene            - Entity added to scene
16:15:47.000 [JavaFX Application Thread] DEBUG GameScene            - Added MainViewComponent
16:15:47.000 [JavaFX Application Thread] DEBUG GameScene            - Entity added to scene
16:15:47.000 [JavaFX Application Thread] DEBUG GameScene            - Added MainViewComponent
16:15:47.000 [JavaFX Application Thread] DEBUG GameScene            - Entity added to scene
16:15:47.000 [JavaFX Application Thread] DEBUG GameScene            - Added MainViewComponent
16:15:47.000 [JavaFX Application Thread] DEBUG GameScene            - Entity added to scene
16:15:47.000 [JavaFX Application Thread] DEBUG GameScene            - Added MainViewComponent
16:15:47.000 [JavaFX Application Thread] DEBUG GameScene            - Entity added to scene
16:15:47.000 [JavaFX Application Thread] DEBUG GameScene            - Added MainViewComponent
16:15:47.001 [JavaFX Application Thread] DEBUG GameScene            - Entity added to scene
16:15:47.001 [JavaFX Application Thread] DEBUG GameScene            - Added MainViewComponent
16:15:47.001 [JavaFX Application Thread] DEBUG GameScene            - Entity added to scene
16:15:47.001 [JavaFX Application Thread] DEBUG GameScene            - Added MainViewComponent
16:15:47.001 [JavaFX Application Thread] DEBUG GameScene            - Entity added to scene
16:15:47.001 [JavaFX Application Thread] DEBUG GameScene            - Added MainViewComponent
16:15:47.001 [JavaFX Application Thread] DEBUG GameScene            - Entity added to scene
16:15:47.001 [JavaFX Application Thread] DEBUG GameScene            - Added MainViewComponent
16:15:47.001 [JavaFX Application Thread] DEBUG GameScene            - Entity added to scene
16:15:47.001 [JavaFX Application Thread] DEBUG GameScene            - Added MainViewComponent
16:15:47.002 [JavaFX Application Thread] DEBUG GameScene            - Entity added to scene
16:15:47.002 [JavaFX Application Thread] DEBUG GameScene            - Added MainViewComponent
16:15:47.002 [JavaFX Application Thread] DEBUG GameScene            - Entity added to scene
16:15:47.002 [JavaFX Application Thread] DEBUG GameScene            - Added MainViewComponent
16:15:47.002 [JavaFX Application Thread] DEBUG GameScene            - Entity added to scene
16:15:47.002 [JavaFX Application Thread] DEBUG GameScene            - Added MainViewComponent
16:15:47.002 [JavaFX Application Thread] DEBUG GameScene            - Entity added to scene
16:15:47.002 [JavaFX Application Thread] DEBUG GameScene            - Added MainViewComponent
16:15:47.002 [JavaFX Application Thread] DEBUG GameScene            - Entity added to scene
16:15:47.002 [JavaFX Application Thread] DEBUG GameScene            - Added MainViewComponent
16:15:47.003 [JavaFX Application Thread] DEBUG GameScene            - Entity added to scene
16:15:47.003 [JavaFX Application Thread] DEBUG GameScene            - Added MainViewComponent
16:15:47.003 [JavaFX Application Thread] DEBUG GameScene            - Entity added to scene
16:15:47.003 [JavaFX Application Thread] DEBUG GameScene            - Added MainViewComponent
16:15:47.003 [JavaFX Application Thread] DEBUG GameScene            - Entity added to scene
16:15:47.003 [JavaFX Application Thread] DEBUG GameScene            - Added MainViewComponent
16:15:47.003 [JavaFX Application Thread] DEBUG GameScene            - Entity added to scene
16:15:47.003 [JavaFX Application Thread] DEBUG GameScene            - Added MainViewComponent
16:15:47.003 [JavaFX Application Thread] DEBUG GameScene            - Entity added to scene
16:15:47.003 [JavaFX Application Thread] DEBUG GameScene            - Added MainViewComponent
16:15:47.004 [JavaFX Application Thread] DEBUG GameScene            - Entity added to scene
16:15:47.004 [JavaFX Application Thread] DEBUG GameScene            - Added MainViewComponent
16:15:47.004 [JavaFX Application Thread] DEBUG GameScene            - Entity added to scene
16:15:47.004 [JavaFX Application Thread] DEBUG GameScene            - Added MainViewComponent
16:15:47.004 [JavaFX Application Thread] DEBUG GameScene            - Entity added to scene
16:15:47.004 [JavaFX Application Thread] DEBUG GameScene            - Added MainViewComponent
16:15:47.004 [JavaFX Application Thread] DEBUG GameScene            - Entity added to scene
16:15:47.004 [JavaFX Application Thread] DEBUG GameScene            - Added MainViewComponent
16:15:47.005 [JavaFX Application Thread] DEBUG GameScene            - Entity added to scene
16:15:47.005 [JavaFX Application Thread] DEBUG GameScene            - Added MainViewComponent
16:15:47.005 [JavaFX Application Thread] DEBUG GameScene            - Entity added to scene
16:15:47.005 [JavaFX Application Thread] DEBUG GameScene            - Added MainViewComponent
16:15:47.005 [JavaFX Application Thread] DEBUG GameScene            - Entity added to scene
16:15:47.005 [JavaFX Application Thread] DEBUG GameScene            - Added MainViewComponent
16:15:47.005 [JavaFX Application Thread] DEBUG GameScene            - Entity added to scene
16:15:47.005 [JavaFX Application Thread] DEBUG GameScene            - Added MainViewComponent
16:15:47.005 [JavaFX Application Thread] DEBUG GameScene            - Entity added to scene
16:15:47.006 [JavaFX Application Thread] DEBUG GameScene            - Added MainViewComponent
16:15:47.006 [JavaFX Application Thread] DEBUG GameScene            - Entity added to scene
16:15:47.006 [JavaFX Application Thread] DEBUG GameScene            - Added MainViewComponent
16:15:47.006 [JavaFX Application Thread] DEBUG GameScene            - Entity added to scene
16:15:47.006 [JavaFX Application Thread] DEBUG GameScene            - Added MainViewComponent
16:15:47.006 [JavaFX Application Thread] DEBUG GameScene            - Entity added to scene
16:15:47.006 [JavaFX Application Thread] DEBUG GameScene            - Added MainViewComponent
16:15:47.006 [JavaFX Application Thread] DEBUG GameScene            - Entity added to scene
16:15:47.006 [JavaFX Application Thread] DEBUG GameScene            - Added MainViewComponent
16:15:47.006 [JavaFX Application Thread] DEBUG GameScene            - Entity added to scene
16:15:47.006 [JavaFX Application Thread] DEBUG GameScene            - Added MainViewComponent
16:15:47.007 [JavaFX Application Thread] DEBUG GameScene            - Entity added to scene
16:15:47.007 [JavaFX Application Thread] DEBUG GameScene            - Added MainViewComponent
16:15:47.007 [JavaFX Application Thread] DEBUG GameScene            - Entity added to scene
16:15:47.007 [JavaFX Application Thread] DEBUG GameScene            - Added MainViewComponent
16:15:47.007 [JavaFX Application Thread] DEBUG GameScene            - Entity added to scene
16:15:47.007 [JavaFX Application Thread] DEBUG GameScene            - Added MainViewComponent
16:15:47.007 [JavaFX Application Thread] DEBUG GameScene            - Entity added to scene
16:15:47.007 [JavaFX Application Thread] DEBUG GameScene            - Added MainViewComponent
16:15:52.015 [JavaFX Application Thread] DEBUG FXGLEventBus         - Firing event: DisplayEvent[type=CLOSE_REQUEST]
16:15:52.016 [JavaFX Application Thread] DEBUG FXGLEventBus         - Firing event: FXGLEvent[type=EXIT]
16:15:52.019 [JavaFX Application Thread] DEBUG FXGL                 - Saving FXGL system data
16:15:52.020 [JavaFX Application Thread] DEBUG IOTask               - Executing task: writeDataTask(system/fxgl.bundle)
16:15:52.021 [JavaFX Application Thread] DEBUG FS                   - Writing to: system\fxgl.bundle
16:15:52.024 [JavaFX Application Thread] DEBUG IOTask               - Task succeeded: writeDataTask(system/fxgl.bundle)
