17:00:51.432 [FXGL Launcher Thread     ] DEBUG FXGLLoggerFactory    - Service [LoggerFactory] initialized
17:00:51.436 [FXGL Launcher Thread     ] DEBUG FXGL                 - FXGL configuration complete
17:00:51.436 [FXGL Launcher Thread     ] DEBUG FXGL                 - Loading FXGL system data
17:00:51.439 [FXGL Launcher Thread     ] DEBUG IOTask               - Executing task: readDataTask(system/fxgl.bundle)
17:00:51.442 [FXGL Launcher Thread     ] DEBUG FS                   - Reading from: system\fxgl.bundle
17:00:51.447 [FXGL Launcher Thread     ] DEBUG IOTask               - Task succeeded: readDataTask(system/fxgl.bundle)
17:00:51.447 [FXGL Launcher Thread     ] DEBUG Bundle               - Logging bundle: FXGL
17:00:51.447 [FXGL Launcher Thread     ] DEBUG Bundle               - FXGL.offline.timer.version.check=2017-01-12T08:38:28.585
17:00:51.452 [FXGL Launcher Thread     ] DEBUG GameApplication      - Configuring GameApplication
17:00:51.457 [FXGL Launcher Thread     ] DEBUG FXGLExceptionHandler - Service [ExceptionHandler] initialized
17:00:51.457 [FXGL Launcher Thread     ] DEBUG FXGLEventBus         - Service [EventBus] initialized
17:00:51.461 [FXGL Launcher Thread     ] DEBUG FXGLExecutor         - Service [Executor] initialized
17:00:51.461 [FXGL Launcher Thread     ] DEBUG PreInitTask          - Injecting gameWorld & physicsWorld
17:00:51.465 [FXGL Launcher Thread     ] DEBUG GameWorld            - Game world initialized
17:00:51.498 [FXGL Launcher Thread     ] DEBUG FXGLPooler           - Service [Pooler] initialized with default size = 128
17:00:51.498 [FXGL Launcher Thread     ] DEBUG PhysicsWorld         - Physics world initialized: appHeight=700.0, physics.ppm=50.0
17:00:51.499 [FXGL Launcher Thread     ] DEBUG FXGLInput            - Service [Input] initialized
17:00:51.514 [FXGL Launcher Thread     ] DEBUG FXGLInput            - Registered new binding: Screenshot - P
17:00:51.514 [FXGL Launcher Thread     ] DEBUG FXGLInput            - Registered new binding: Dev Options - CTRL+0
17:00:51.514 [FXGL Launcher Thread     ] DEBUG FXGLInput            - Registered new binding: Move Up - W
17:00:51.514 [FXGL Launcher Thread     ] DEBUG FXGLInput            - Registered new binding: Move Right - A
17:00:51.515 [FXGL Launcher Thread     ] DEBUG FXGLInput            - Registered new binding: Move Left - D
17:00:51.515 [FXGL Launcher Thread     ] DEBUG FXGLInput            - Registered new binding: Move Down - S
17:00:51.538 [FXGL Launcher Thread     ] DEBUG GameScene            - Game scene initialized: 800.0x700.0
17:00:51.546 [FXGL Launcher Thread     ] DEBUG FXGLAssetLoader      - Service [AssetLoader] initialized: cacheSize=35
17:00:51.548 [FXGL Launcher Thread     ] DEBUG FXGLAssetLoader      - Loading from disk: /assets/sounds/system/notification.wav
17:00:51.568 [FXGL Launcher Thread     ] DEBUG FXGLAssetLoader      - Loading from disk: /assets/sounds/menu/select.wav
17:00:51.569 [FXGL Launcher Thread     ] DEBUG FXGLAssetLoader      - Loading from disk: /assets/sounds/menu/back.wav
17:00:51.571 [FXGL Launcher Thread     ] DEBUG FXGLAssetLoader      - Loading from disk: /assets/sounds/menu/press.wav
17:00:51.573 [FXGL Launcher Thread     ] DEBUG FXGLAssetLoader      - Loading from disk: /assets/ui/fonts/Copperplate_Gothic_Light_Regular.ttf
17:00:51.708 [FXGL Launcher Thread     ] DEBUG FXGLAssetLoader      - Loading from disk: /assets/ui/css/fxgl.css
17:00:51.709 [FXGL Launcher Thread     ] DEBUG FXGLAssetLoader      - Loading from disk: /assets/ui/icons/fxgl_icon.png
17:00:51.741 [FXGL Launcher Thread     ] DEBUG FXGLAssetLoader      - Loading from disk: /assets/ui/css/fxgl_dark.css
17:00:51.750 [FXGL Launcher Thread     ] DEBUG FXGLDisplay          - Target size: DoubleProperty [value: 800.0] x DoubleProperty [value: 700.0] @ 1.0
17:00:51.750 [FXGL Launcher Thread     ] DEBUG FXGLDisplay          - New size:    800.0 x 700.0 @ DoubleProperty [value: 1.0]
17:00:51.750 [FXGL Launcher Thread     ] DEBUG FXGLDisplay          - Service [Display] initialized
17:00:51.750 [FXGL Launcher Thread     ] DEBUG FXGLDisplay          - Using CSS: CSS(externalForm=jar:file:/I:/Documents/NetBeansProjects/MotherLoad/MotherLoad/lib/fxgl-0.2.9-uber.jar!/assets/ui/css/fxgl_dark.css)
17:00:51.751 [FXGL Launcher Thread     ] DEBUG InitScenesTask       - Injecting loadingScene & gameScene
17:00:51.772 [FXGL Launcher Thread     ] DEBUG FXGLMasterTimer      - Service [MasterTimer] initialized
17:00:51.774 [FXGL Launcher Thread     ] DEBUG FXGLAudioPlayer      - Service [AudioPlayer] initialized
17:00:51.781 [FXGL Launcher Thread     ] DEBUG InitProfilerTask     - Injecting profiler
17:00:51.781 [FXGL Launcher Thread     ] DEBUG GameApplication      - Starting new game
17:00:51.782 [FXGL Launcher Thread     ] DEBUG GameApplication      - Initializing App
17:00:51.783 [FXGL Launcher Thread     ] DEBUG FXGLInput            - Clearing active input actions
17:00:51.784 [FXGL Launcher Thread     ] DEBUG FXGLMasterTimer      - Stopping master timer
17:00:51.784 [FXGL Launcher Thread     ] DEBUG GameApplication      - State: STARTUP -> PAUSED
17:00:51.784 [FXGL Launcher Thread     ] DEBUG FXGLEventBus         - Firing event: FXGLEvent[type=PAUSE]
17:00:51.785 [FXGL Launcher Thread     ] DEBUG FXGLInput            - Clearing active input actions
17:00:51.786 [FXGL Launcher Thread     ] DEBUG FXGLMasterTimer      - Resetting ticks and clearing all actions
17:00:51.786 [FXGL Launcher Thread     ] DEBUG GameWorld            - Resetting game world
17:00:51.786 [FXGL Launcher Thread     ] TRACE EntityWorld          - Resetting entity world
17:00:51.787 [FXGL Launcher Thread     ] DEBUG PhysicsWorld         - Resetting physics world
17:00:51.787 [FXGL Launcher Thread     ] DEBUG GameScene            - Resetting game scene
17:00:51.787 [FXGL Launcher Thread     ] DEBUG FXGLEventBus         - Firing event: FXGLEvent[type=RESET]
17:00:51.838 [FXGL Launcher Thread     ] DEBUG GameApplication      - State: PAUSED -> LOADING
17:00:51.864 [FXGL Background Thread 1 ] DEBUG InitAppTask          - Initializing Assets
17:00:51.865 [FXGL Background Thread 1 ] DEBUG InitAppTask          - Initializing Game
17:00:51.885 [FXGL Background Thread 1 ] DEBUG InitAppTask          - Initializing Physics
17:00:51.885 [FXGL Background Thread 1 ] DEBUG InitAppTask          - Initializing UI
17:00:51.885 [FXGL Background Thread 1 ] DEBUG InitAppTask          - Initialization Complete
17:00:51.906 [JavaFX Application Thread] DEBUG FXGLDisplay          - Showing stage
17:00:51.906 [JavaFX Application Thread] DEBUG FXGLDisplay          - Root size: 800.0x700.0
17:00:51.906 [JavaFX Application Thread] DEBUG FXGLDisplay          - Scene size: 800.0x700.0
17:00:51.906 [JavaFX Application Thread] DEBUG FXGLDisplay          - Stage size: 816.0x739.0
17:00:51.957 [JavaFX Application Thread] DEBUG FXGLInput            - Clearing active input actions
17:00:51.957 [JavaFX Application Thread] DEBUG FXGLMasterTimer      - Starting master timer
17:00:51.958 [JavaFX Application Thread] DEBUG GameApplication      - State: LOADING -> PLAYING
17:00:51.962 [JavaFX Application Thread] DEBUG FXGLEventBus         - Firing event: FXGLEvent[type=RESUME]
17:00:51.964 [JavaFX Application Thread] DEBUG GameScene            - Entity added to scene
17:00:51.965 [JavaFX Application Thread] DEBUG GameScene            - Added MainViewComponent
17:00:51.966 [JavaFX Application Thread] DEBUG GameScene            - Creating render group for layer: TOP(2147483647)
17:01:06.987 [JavaFX Application Thread] DEBUG FXGLEventBus         - Firing event: DisplayEvent[type=CLOSE_REQUEST]
17:01:06.988 [JavaFX Application Thread] DEBUG FXGLEventBus         - Firing event: FXGLEvent[type=EXIT]
17:01:06.990 [JavaFX Application Thread] DEBUG FXGL                 - Saving FXGL system data
17:01:06.991 [JavaFX Application Thread] DEBUG IOTask               - Executing task: writeDataTask(system/fxgl.bundle)
17:01:06.992 [JavaFX Application Thread] DEBUG FS                   - Writing to: system\fxgl.bundle
17:01:06.995 [JavaFX Application Thread] DEBUG IOTask               - Task succeeded: writeDataTask(system/fxgl.bundle)
