12:12:49.318 [FXGL Launcher Thread     ] DEBUG FXGLLoggerFactory    - Service [LoggerFactory] initialized
12:12:49.322 [FXGL Launcher Thread     ] DEBUG FXGL                 - FXGL configuration complete
12:12:49.322 [FXGL Launcher Thread     ] DEBUG FXGL                 - Loading FXGL system data
12:12:49.324 [FXGL Launcher Thread     ] DEBUG IOTask               - Executing task: readDataTask(system/fxgl.bundle)
12:12:49.327 [FXGL Launcher Thread     ] DEBUG FS                   - Reading from: system\fxgl.bundle
12:12:49.332 [FXGL Launcher Thread     ] DEBUG IOTask               - Task succeeded: readDataTask(system/fxgl.bundle)
12:12:49.333 [FXGL Launcher Thread     ] DEBUG Bundle               - Logging bundle: FXGL
12:12:49.333 [FXGL Launcher Thread     ] DEBUG Bundle               - FXGL.offline.timer.version.check=2017-01-12T08:38:28.585
12:12:49.339 [FXGL Launcher Thread     ] DEBUG GameApplication      - Configuring GameApplication
12:12:49.342 [FXGL Launcher Thread     ] DEBUG FXGLExceptionHandler - Service [ExceptionHandler] initialized
12:12:49.343 [FXGL Launcher Thread     ] DEBUG FXGLEventBus         - Service [EventBus] initialized
12:12:49.345 [FXGL Launcher Thread     ] DEBUG FXGLExecutor         - Service [Executor] initialized
12:12:49.345 [FXGL Launcher Thread     ] DEBUG PreInitTask          - Injecting gameWorld & physicsWorld
12:12:49.349 [FXGL Launcher Thread     ] DEBUG GameWorld            - Game world initialized
12:12:49.380 [FXGL Launcher Thread     ] DEBUG FXGLPooler           - Service [Pooler] initialized with default size = 128
12:12:49.381 [FXGL Launcher Thread     ] DEBUG PhysicsWorld         - Physics world initialized: appHeight=700.0, physics.ppm=50.0
12:12:49.382 [FXGL Launcher Thread     ] DEBUG FXGLInput            - Service [Input] initialized
12:12:49.396 [FXGL Launcher Thread     ] DEBUG FXGLInput            - Registered new binding: Screenshot - P
12:12:49.397 [FXGL Launcher Thread     ] DEBUG FXGLInput            - Registered new binding: Dev Options - CTRL+0
12:12:49.397 [FXGL Launcher Thread     ] DEBUG FXGLInput            - Registered new binding: Move With Mouse - PRIMARY
12:12:49.397 [FXGL Launcher Thread     ] DEBUG FXGLInput            - Registered new binding: Move up - W
12:12:49.398 [FXGL Launcher Thread     ] DEBUG FXGLInput            - Registered new binding: Open Fuel Shop - 1
12:12:49.398 [FXGL Launcher Thread     ] DEBUG FXGLInput            - Registered new binding: Open Sell - 2
12:12:49.422 [FXGL Launcher Thread     ] DEBUG GameScene            - Game scene initialized: 800.0x700.0
12:12:49.428 [FXGL Launcher Thread     ] DEBUG FXGLAssetLoader      - Service [AssetLoader] initialized: cacheSize=35
12:12:49.429 [FXGL Launcher Thread     ] DEBUG FXGLAssetLoader      - Loading from disk: /assets/sounds/system/notification.wav
12:12:49.448 [FXGL Launcher Thread     ] DEBUG FXGLAssetLoader      - Loading from disk: /assets/sounds/menu/select.wav
12:12:49.449 [FXGL Launcher Thread     ] DEBUG FXGLAssetLoader      - Loading from disk: /assets/sounds/menu/back.wav
12:12:49.450 [FXGL Launcher Thread     ] DEBUG FXGLAssetLoader      - Loading from disk: /assets/sounds/menu/press.wav
12:12:49.452 [FXGL Launcher Thread     ] DEBUG FXGLAssetLoader      - Loading from disk: /assets/ui/fonts/Copperplate_Gothic_Light_Regular.ttf
12:12:49.587 [FXGL Launcher Thread     ] DEBUG FXGLAssetLoader      - Loading from disk: /assets/ui/css/fxgl.css
12:12:49.587 [FXGL Launcher Thread     ] DEBUG FXGLAssetLoader      - Loading from disk: /assets/ui/icons/fxgl_icon.png
12:12:49.620 [FXGL Launcher Thread     ] DEBUG FXGLEventBus         - Firing event: SaveEvent
12:12:49.625 [FXGL Launcher Thread     ] DEBUG FXGLAssetLoader      - Loading from disk: /assets/textures/Menu Image.png
12:12:49.664 [FXGL Launcher Thread     ] DEBUG Menu                 - createMenuBodyMainMenu()
12:12:49.670 [FXGL Launcher Thread     ] DEBUG Menu                 - createOptionsMenu()
12:12:49.675 [FXGL Launcher Thread     ] DEBUG Menu                 - createExtraMenu()
12:12:49.681 [FXGL Launcher Thread     ] DEBUG FXGLAssetLoader      - Loading from cache: /assets/textures/Menu Image.png
12:12:49.682 [FXGL Launcher Thread     ] DEBUG Menu                 - createMenuBodyGameMenu()
12:12:49.683 [FXGL Launcher Thread     ] DEBUG Menu                 - createOptionsMenu()
12:12:49.684 [FXGL Launcher Thread     ] DEBUG Menu                 - createExtraMenu()
12:12:49.686 [FXGL Launcher Thread     ] DEBUG FXGLAssetLoader      - Loading from disk: /assets/ui/css/fxgl_dark.css
12:12:49.695 [FXGL Launcher Thread     ] DEBUG FXGLDisplay          - Target size: DoubleProperty [value: 800.0] x DoubleProperty [value: 700.0] @ 1.0
12:12:49.695 [FXGL Launcher Thread     ] DEBUG FXGLDisplay          - New size:    800.0 x 700.0 @ DoubleProperty [value: 1.0]
12:12:49.696 [FXGL Launcher Thread     ] DEBUG FXGLDisplay          - Service [Display] initialized
12:12:49.696 [FXGL Launcher Thread     ] DEBUG FXGLDisplay          - Using CSS: CSS(externalForm=jar:file:/I:/Documents/NetBeansProjects/MotherLoad/MotherLoad/lib/fxgl-0.2.9-uber.jar!/assets/ui/css/fxgl_dark.css)
12:12:49.697 [FXGL Launcher Thread     ] DEBUG InitScenesTask       - Injecting mainMenuScene & gameMenuScene
12:12:49.697 [FXGL Launcher Thread     ] DEBUG InitScenesTask       - Injecting loadingScene & gameScene
12:12:49.725 [FXGL Launcher Thread     ] DEBUG FXGLMasterTimer      - Service [MasterTimer] initialized
12:12:49.728 [FXGL Launcher Thread     ] DEBUG FXGLAudioPlayer      - Service [AudioPlayer] initialized
12:12:49.734 [FXGL Launcher Thread     ] DEBUG InitProfilerTask     - Injecting profiler
12:12:49.734 [FXGL Launcher Thread     ] DEBUG GameApplication      - State: STARTUP -> MAIN_MENU
12:12:49.773 [FXGL Launcher Thread     ] DEBUG SaveLoadManager      - Checking profiles dir: profiles/
12:12:49.774 [FXGL Launcher Thread     ] DEBUG SaveLoadManager      - Loading profile names
12:12:49.775 [FXGL Launcher Thread     ] DEBUG IOTask               - Showing dialog
12:12:49.784 [FXGL Launcher Thread     ] DEBUG FXGLEventBus         - Firing event: DisplayEvent[type=DIALOG_OPENED]
12:12:49.785 [FXGL Launcher Thread     ] DEBUG FXGLInput            - Clearing active input actions
12:12:49.795 [FXGL Background Thread 1 ] DEBUG IOTask               - Executing task: loadDirectoryNamesTask(./profiles/, false)
12:12:49.885 [JavaFX Application Thread] DEBUG FXGLDisplay          - Showing stage
12:12:49.885 [JavaFX Application Thread] DEBUG FXGLDisplay          - Root size: 800.0x700.0
12:12:49.885 [JavaFX Application Thread] DEBUG FXGLDisplay          - Scene size: 800.0x700.0
12:12:49.885 [JavaFX Application Thread] DEBUG FXGLDisplay          - Stage size: 816.0x739.0
12:12:49.972 [JavaFX Application Thread] DEBUG IOTask               - succeed(): Dismissing dialog
12:12:49.973 [JavaFX Application Thread] DEBUG FXGLEventBus         - Firing event: DisplayEvent[type=DIALOG_CLOSED]
12:12:49.973 [JavaFX Application Thread] DEBUG IOTask               - Task succeeded: loadDirectoryNamesTask(./profiles/, false)
12:12:49.976 [JavaFX Application Thread] DEBUG FXGLEventBus         - Firing event: DisplayEvent[type=DIALOG_OPENED]
12:12:49.976 [JavaFX Application Thread] DEBUG FXGLInput            - Clearing active input actions
12:12:50.778 [JavaFX Application Thread] DEBUG FXGLEventBus         - Firing event: DisplayEvent[type=DIALOG_CLOSED]
12:12:50.779 [JavaFX Application Thread] DEBUG SaveLoadManager      - Loading profile: Mack
12:12:50.780 [JavaFX Application Thread] DEBUG IOTask               - Showing dialog
12:12:50.782 [JavaFX Application Thread] DEBUG FXGLEventBus         - Firing event: DisplayEvent[type=DIALOG_OPENED]
12:12:50.782 [JavaFX Application Thread] DEBUG FXGLInput            - Clearing active input actions
12:12:50.782 [FXGL Background Thread 1 ] DEBUG IOTask               - Executing task: readDataTask(./profiles/Mack/user.profile)
12:12:50.783 [FXGL Background Thread 1 ] DEBUG FS                   - Reading from: .\profiles\Mack\user.profile
12:12:50.795 [JavaFX Application Thread] DEBUG IOTask               - succeed(): Dismissing dialog
12:12:50.796 [JavaFX Application Thread] DEBUG FXGLEventBus         - Firing event: DisplayEvent[type=DIALOG_CLOSED]
12:12:50.796 [JavaFX Application Thread] DEBUG IOTask               - Task succeeded: readDataTask(./profiles/Mack/user.profile)
12:12:50.796 [JavaFX Application Thread] DEBUG FXGLEventBus         - Firing event: LoadEvent[type=LOAD_PROFILE]
12:12:50.797 [JavaFX Application Thread] DEBUG FXGLInput            - Loading data from profile
12:12:50.797 [JavaFX Application Thread] DEBUG Bundle               - Logging bundle: input
12:12:50.797 [JavaFX Application Thread] DEBUG Bundle               - input.Open Fuel Shop=1
12:12:50.797 [JavaFX Application Thread] DEBUG Bundle               - input.Screenshot=H
12:12:50.797 [JavaFX Application Thread] DEBUG Bundle               - input.Dev Options=CTRL+0
12:12:50.797 [JavaFX Application Thread] DEBUG Bundle               - input.Move up=W
12:12:50.797 [JavaFX Application Thread] DEBUG Bundle               - input.Open Sell=2
12:12:50.797 [JavaFX Application Thread] DEBUG Bundle               - input.Move With Mouse=PRIMARY
12:12:50.797 [JavaFX Application Thread] DEBUG FXGLDisplay          - Loading data from profile
12:12:50.797 [JavaFX Application Thread] DEBUG Bundle               - Logging bundle: scene
12:12:50.797 [JavaFX Application Thread] DEBUG Bundle               - scene.sizeW=822.8571428571428
12:12:50.798 [JavaFX Application Thread] DEBUG Bundle               - scene.sizeH=720.0
12:12:50.798 [JavaFX Application Thread] DEBUG FXGLDisplay          - Target size: DoubleProperty [value: 822.8571428571428] x DoubleProperty [value: 720.0] @ 1.0
12:12:50.798 [JavaFX Application Thread] DEBUG FXGLDisplay          - New size:    822.8571428571428 x 720.0 @ DoubleProperty [value: 1.0285714285714285]
12:12:50.834 [JavaFX Application Thread] DEBUG FXGLAudioPlayer      - Loading data from profile
12:12:50.834 [JavaFX Application Thread] DEBUG Bundle               - Logging bundle: audio
12:12:50.834 [JavaFX Application Thread] DEBUG Bundle               - audio.musicVolume=0.5
12:12:50.834 [JavaFX Application Thread] DEBUG Bundle               - audio.soundVolume=0.47449908925318784
12:12:50.835 [JavaFX Application Thread] DEBUG AchievementManager   - Service [AchievementManager] initialized
12:12:50.835 [JavaFX Application Thread] DEBUG AchievementManager   - Loading data from profile
12:12:50.835 [JavaFX Application Thread] DEBUG Bundle               - Logging bundle: achievement
12:12:50.835 [JavaFX Application Thread] DEBUG FXGLMasterTimer      - Loading data from profile
12:12:50.835 [JavaFX Application Thread] DEBUG Bundle               - Logging bundle: timer
12:12:50.835 [JavaFX Application Thread] DEBUG Bundle               - timer.playtime=1572779907694
12:12:50.836 [JavaFX Application Thread] DEBUG SaveLoadManager      - Loading last modified save file
12:12:50.837 [JavaFX Application Thread] DEBUG SaveLoadManager      - Loading save files
12:12:50.838 [JavaFX Application Thread] DEBUG IOTask               - Showing dialog
12:12:50.841 [JavaFX Application Thread] DEBUG FXGLEventBus         - Firing event: DisplayEvent[type=DIALOG_OPENED]
12:12:50.841 [JavaFX Application Thread] DEBUG FXGLInput            - Clearing active input actions
12:12:50.841 [FXGL Background Thread 1 ] DEBUG IOTask               - Executing task: loadFileNamesTask(./profiles/Mack/saves/, true, [FileExtension(extension=.sav)])
12:12:50.841 [FXGL Background Thread 1 ] DEBUG IOTask               - Executing task: loadFileNamesTask(./profiles/Mack/saves/, true, [FileExtension(extension=.sav)])
12:12:50.841 [FXGL Background Thread 1 ] DEBUG IOTask               - Executing task: loadFileNamesTask(./profiles/Mack/saves/, true, [FileExtension(extension=.sav)])
12:12:50.844 [FXGL Background Thread 1 ] DEBUG IOTask               - Executing task: readSaveFiles
12:12:50.845 [FXGL Background Thread 1 ] DEBUG IOTask               - Executing task: findLastSave
12:12:50.874 [JavaFX Application Thread] DEBUG IOTask               - fail(): Dismissing dialog
12:12:50.874 [JavaFX Application Thread] DEBUG FXGLEventBus         - Firing event: DisplayEvent[type=DIALOG_CLOSED]
12:12:50.874 [JavaFX Application Thread] WARN  IOTask               - Task failed: loadFileNamesTask(./profiles/Mack/saves/, true, [FileExtension(extension=.sav)]) Error: java.io.FileNotFoundException: No save files found
12:12:50.874 [JavaFX Application Thread] DEBUG FXGLEventBus         - Firing event: ProfileSelectedEvent[name=Mack,hasSaves=false]
12:12:51.203 [JavaFX Application Thread] DEBUG Menu                 - fireNewGame()
12:12:51.203 [JavaFX Application Thread] DEBUG GameApplication      - Starting new game
12:12:51.204 [JavaFX Application Thread] DEBUG GameApplication      - Initializing App
12:12:51.205 [JavaFX Application Thread] DEBUG FXGLInput            - Clearing active input actions
12:12:51.206 [JavaFX Application Thread] DEBUG FXGLMasterTimer      - Stopping master timer
12:12:51.206 [JavaFX Application Thread] DEBUG GameApplication      - State: MAIN_MENU -> PAUSED
12:12:51.206 [JavaFX Application Thread] DEBUG FXGLEventBus         - Firing event: FXGLEvent[type=PAUSE]
12:12:51.206 [JavaFX Application Thread] DEBUG FXGLInput            - Clearing active input actions
12:12:51.206 [JavaFX Application Thread] DEBUG FXGLMasterTimer      - Resetting ticks and clearing all actions
12:12:51.206 [JavaFX Application Thread] DEBUG GameWorld            - Resetting game world
12:12:51.206 [JavaFX Application Thread] TRACE EntityWorld          - Resetting entity world
12:12:51.208 [JavaFX Application Thread] DEBUG PhysicsWorld         - Resetting physics world
12:12:51.208 [JavaFX Application Thread] DEBUG GameScene            - Resetting game scene
12:12:51.208 [JavaFX Application Thread] DEBUG FXGLEventBus         - Firing event: FXGLEvent[type=RESET]
12:12:51.530 [JavaFX Application Thread] DEBUG GameApplication      - State: PAUSED -> LOADING
12:12:51.534 [FXGL Background Thread 1 ] DEBUG InitAppTask          - Initializing Assets
12:12:51.534 [JavaFX Application Thread] DEBUG FXGLEventBus         - Firing event: MenuEvent[type=NEW_GAME]
12:12:51.535 [FXGL Background Thread 1 ] DEBUG InitAppTask          - Initializing Game
12:12:51.554 [FXGL Background Thread 1 ] DEBUG InitAppTask          - Initializing Physics
12:12:51.554 [FXGL Background Thread 1 ] DEBUG InitAppTask          - Initializing UI
12:12:51.554 [FXGL Background Thread 1 ] DEBUG InitAppTask          - Initialization Complete
12:12:51.555 [JavaFX Application Thread] DEBUG FXGLInput            - Clearing active input actions
12:12:51.556 [JavaFX Application Thread] DEBUG FXGLMasterTimer      - Starting master timer
12:12:51.556 [JavaFX Application Thread] DEBUG GameApplication      - State: LOADING -> PLAYING
12:12:51.559 [JavaFX Application Thread] DEBUG FXGLEventBus         - Firing event: FXGLEvent[type=RESUME]
12:12:51.562 [JavaFX Application Thread] DEBUG GameScene            - Entity added to scene
12:12:51.563 [JavaFX Application Thread] DEBUG GameScene            - Added MainViewComponent
12:12:51.565 [JavaFX Application Thread] DEBUG GameScene            - Creating render group for layer: TOP(2147483647)
12:12:51.611 [JavaFX Application Thread] DEBUG FXGLAssetLoader      - Loading from disk: /assets/textures/Ground1.png
12:12:51.612 [JavaFX Application Thread] DEBUG FXGLAssetLoader      - Loading from cache: /assets/textures/Ground1.png
12:12:51.613 [JavaFX Application Thread] DEBUG FXGLAssetLoader      - Loading from cache: /assets/textures/Ground1.png
12:12:51.613 [JavaFX Application Thread] DEBUG FXGLAssetLoader      - Loading from cache: /assets/textures/Ground1.png
12:12:51.614 [JavaFX Application Thread] DEBUG FXGLAssetLoader      - Loading from cache: /assets/textures/Ground1.png
12:12:51.614 [JavaFX Application Thread] DEBUG FXGLAssetLoader      - Loading from cache: /assets/textures/Ground1.png
12:12:51.615 [JavaFX Application Thread] DEBUG FXGLAssetLoader      - Loading from cache: /assets/textures/Ground1.png
12:12:51.615 [JavaFX Application Thread] DEBUG FXGLAssetLoader      - Loading from cache: /assets/textures/Ground1.png
12:12:51.616 [JavaFX Application Thread] DEBUG FXGLAssetLoader      - Loading from cache: /assets/textures/Ground1.png
12:12:51.616 [JavaFX Application Thread] DEBUG FXGLAssetLoader      - Loading from cache: /assets/textures/Ground1.png
12:12:51.617 [JavaFX Application Thread] DEBUG FXGLAssetLoader      - Loading from cache: /assets/textures/Ground1.png
12:12:51.617 [JavaFX Application Thread] DEBUG FXGLAssetLoader      - Loading from cache: /assets/textures/Ground1.png
12:12:51.618 [JavaFX Application Thread] DEBUG FXGLAssetLoader      - Loading from cache: /assets/textures/Ground1.png
12:12:51.618 [JavaFX Application Thread] DEBUG FXGLAssetLoader      - Loading from cache: /assets/textures/Ground1.png
12:12:51.619 [JavaFX Application Thread] DEBUG FXGLAssetLoader      - Loading from cache: /assets/textures/Ground1.png
12:12:51.619 [JavaFX Application Thread] DEBUG FXGLAssetLoader      - Loading from cache: /assets/textures/Ground1.png
12:12:51.620 [JavaFX Application Thread] DEBUG FXGLAssetLoader      - Loading from cache: /assets/textures/Ground1.png
12:12:51.620 [JavaFX Application Thread] DEBUG FXGLAssetLoader      - Loading from cache: /assets/textures/Ground1.png
12:12:51.620 [JavaFX Application Thread] DEBUG FXGLAssetLoader      - Loading from cache: /assets/textures/Ground1.png
12:12:51.621 [JavaFX Application Thread] DEBUG FXGLAssetLoader      - Loading from cache: /assets/textures/Ground1.png
12:12:51.621 [JavaFX Application Thread] DEBUG FXGLAssetLoader      - Loading from cache: /assets/textures/Ground1.png
12:12:51.621 [JavaFX Application Thread] DEBUG FXGLAssetLoader      - Loading from cache: /assets/textures/Ground1.png
12:12:51.622 [JavaFX Application Thread] DEBUG FXGLAssetLoader      - Loading from cache: /assets/textures/Ground1.png
12:12:51.622 [JavaFX Application Thread] DEBUG FXGLAssetLoader      - Loading from cache: /assets/textures/Ground1.png
12:12:51.623 [JavaFX Application Thread] DEBUG FXGLAssetLoader      - Loading from cache: /assets/textures/Ground1.png
12:12:51.623 [JavaFX Application Thread] DEBUG FXGLAssetLoader      - Loading from cache: /assets/textures/Ground1.png
12:12:51.623 [JavaFX Application Thread] DEBUG FXGLAssetLoader      - Loading from cache: /assets/textures/Ground1.png
12:12:51.624 [JavaFX Application Thread] DEBUG FXGLAssetLoader      - Loading from cache: /assets/textures/Ground1.png
12:12:51.641 [JavaFX Application Thread] DEBUG GameScene            - Entity added to scene
12:12:51.641 [JavaFX Application Thread] DEBUG GameScene            - Added MainViewComponent
12:12:51.641 [JavaFX Application Thread] DEBUG GameScene            - Entity added to scene
12:12:51.641 [JavaFX Application Thread] DEBUG GameScene            - Added MainViewComponent
12:12:51.641 [JavaFX Application Thread] DEBUG GameScene            - Entity added to scene
12:12:51.641 [JavaFX Application Thread] DEBUG GameScene            - Added MainViewComponent
12:12:51.641 [JavaFX Application Thread] DEBUG GameScene            - Entity added to scene
12:12:51.641 [JavaFX Application Thread] DEBUG GameScene            - Added MainViewComponent
12:12:51.642 [JavaFX Application Thread] DEBUG GameScene            - Entity added to scene
12:12:51.642 [JavaFX Application Thread] DEBUG GameScene            - Added MainViewComponent
12:12:51.642 [JavaFX Application Thread] DEBUG GameScene            - Entity added to scene
12:12:51.642 [JavaFX Application Thread] DEBUG GameScene            - Added MainViewComponent
12:12:51.642 [JavaFX Application Thread] DEBUG GameScene            - Entity added to scene
12:12:51.642 [JavaFX Application Thread] DEBUG GameScene            - Added MainViewComponent
12:12:51.642 [JavaFX Application Thread] DEBUG GameScene            - Entity added to scene
12:12:51.642 [JavaFX Application Thread] DEBUG GameScene            - Added MainViewComponent
12:12:51.642 [JavaFX Application Thread] DEBUG GameScene            - Entity added to scene
12:12:51.642 [JavaFX Application Thread] DEBUG GameScene            - Added MainViewComponent
12:12:51.642 [JavaFX Application Thread] DEBUG GameScene            - Entity added to scene
12:12:51.643 [JavaFX Application Thread] DEBUG GameScene            - Added MainViewComponent
12:12:51.643 [JavaFX Application Thread] DEBUG GameScene            - Entity added to scene
12:12:51.643 [JavaFX Application Thread] DEBUG GameScene            - Added MainViewComponent
12:12:51.643 [JavaFX Application Thread] DEBUG GameScene            - Entity added to scene
12:12:51.643 [JavaFX Application Thread] DEBUG GameScene            - Added MainViewComponent
12:12:51.643 [JavaFX Application Thread] DEBUG GameScene            - Entity added to scene
12:12:51.643 [JavaFX Application Thread] DEBUG GameScene            - Added MainViewComponent
12:12:51.643 [JavaFX Application Thread] DEBUG GameScene            - Entity added to scene
12:12:51.643 [JavaFX Application Thread] DEBUG GameScene            - Added MainViewComponent
12:12:51.643 [JavaFX Application Thread] DEBUG GameScene            - Entity added to scene
12:12:51.643 [JavaFX Application Thread] DEBUG GameScene            - Added MainViewComponent
12:12:51.644 [JavaFX Application Thread] DEBUG GameScene            - Entity added to scene
12:12:51.644 [JavaFX Application Thread] DEBUG GameScene            - Added MainViewComponent
12:12:51.644 [JavaFX Application Thread] DEBUG GameScene            - Entity added to scene
12:12:51.644 [JavaFX Application Thread] DEBUG GameScene            - Added MainViewComponent
12:12:51.644 [JavaFX Application Thread] DEBUG GameScene            - Entity added to scene
12:12:51.644 [JavaFX Application Thread] DEBUG GameScene            - Added MainViewComponent
12:12:51.644 [JavaFX Application Thread] DEBUG GameScene            - Entity added to scene
12:12:51.644 [JavaFX Application Thread] DEBUG GameScene            - Added MainViewComponent
12:12:51.644 [JavaFX Application Thread] DEBUG GameScene            - Entity added to scene
12:12:51.644 [JavaFX Application Thread] DEBUG GameScene            - Added MainViewComponent
12:12:51.644 [JavaFX Application Thread] DEBUG GameScene            - Entity added to scene
12:12:51.644 [JavaFX Application Thread] DEBUG GameScene            - Added MainViewComponent
12:12:51.645 [JavaFX Application Thread] DEBUG GameScene            - Entity added to scene
12:12:51.645 [JavaFX Application Thread] DEBUG GameScene            - Added MainViewComponent
12:12:51.645 [JavaFX Application Thread] DEBUG GameScene            - Entity added to scene
12:12:51.645 [JavaFX Application Thread] DEBUG GameScene            - Added MainViewComponent
12:12:51.645 [JavaFX Application Thread] DEBUG GameScene            - Entity added to scene
12:12:51.645 [JavaFX Application Thread] DEBUG GameScene            - Added MainViewComponent
12:12:51.645 [JavaFX Application Thread] DEBUG GameScene            - Entity added to scene
12:12:51.645 [JavaFX Application Thread] DEBUG GameScene            - Added MainViewComponent
12:12:51.645 [JavaFX Application Thread] DEBUG GameScene            - Entity added to scene
12:12:51.645 [JavaFX Application Thread] DEBUG GameScene            - Added MainViewComponent
12:12:51.645 [JavaFX Application Thread] DEBUG GameScene            - Entity added to scene
12:12:51.645 [JavaFX Application Thread] DEBUG GameScene            - Added MainViewComponent
12:12:51.646 [JavaFX Application Thread] DEBUG GameScene            - Entity added to scene
12:12:51.646 [JavaFX Application Thread] DEBUG GameScene            - Added MainViewComponent
12:12:51.753 [JavaFX Application Thread] DEBUG FXGLAssetLoader      - Loading from cache: /assets/textures/Ground1.png
12:12:51.754 [JavaFX Application Thread] DEBUG FXGLAssetLoader      - Loading from cache: /assets/textures/Ground1.png
12:12:51.754 [JavaFX Application Thread] DEBUG FXGLAssetLoader      - Loading from cache: /assets/textures/Ground1.png
12:12:51.755 [JavaFX Application Thread] DEBUG FXGLAssetLoader      - Loading from cache: /assets/textures/Ground1.png
12:12:51.755 [JavaFX Application Thread] DEBUG FXGLAssetLoader      - Loading from cache: /assets/textures/Ground1.png
12:12:51.756 [JavaFX Application Thread] DEBUG FXGLAssetLoader      - Loading from cache: /assets/textures/Ground1.png
12:12:51.756 [JavaFX Application Thread] DEBUG FXGLAssetLoader      - Loading from cache: /assets/textures/Ground1.png
12:12:51.756 [JavaFX Application Thread] DEBUG FXGLAssetLoader      - Loading from cache: /assets/textures/Ground1.png
12:12:51.757 [JavaFX Application Thread] DEBUG FXGLAssetLoader      - Loading from cache: /assets/textures/Ground1.png
12:12:51.757 [JavaFX Application Thread] DEBUG FXGLAssetLoader      - Loading from cache: /assets/textures/Ground1.png
12:12:51.758 [JavaFX Application Thread] DEBUG FXGLAssetLoader      - Loading from cache: /assets/textures/Ground1.png
12:12:51.758 [JavaFX Application Thread] DEBUG FXGLAssetLoader      - Loading from cache: /assets/textures/Ground1.png
12:12:51.759 [JavaFX Application Thread] DEBUG FXGLAssetLoader      - Loading from cache: /assets/textures/Ground1.png
12:12:51.759 [JavaFX Application Thread] DEBUG FXGLAssetLoader      - Loading from cache: /assets/textures/Ground1.png
12:12:51.766 [JavaFX Application Thread] DEBUG GameScene            - Entity added to scene
12:12:51.766 [JavaFX Application Thread] DEBUG GameScene            - Added MainViewComponent
12:12:51.766 [JavaFX Application Thread] DEBUG GameScene            - Entity added to scene
12:12:51.766 [JavaFX Application Thread] DEBUG GameScene            - Added MainViewComponent
12:12:51.766 [JavaFX Application Thread] DEBUG GameScene            - Entity added to scene
12:12:51.767 [JavaFX Application Thread] DEBUG GameScene            - Added MainViewComponent
12:12:51.767 [JavaFX Application Thread] DEBUG GameScene            - Entity added to scene
12:12:51.767 [JavaFX Application Thread] DEBUG GameScene            - Added MainViewComponent
12:12:51.767 [JavaFX Application Thread] DEBUG GameScene            - Entity added to scene
12:12:51.767 [JavaFX Application Thread] DEBUG GameScene            - Added MainViewComponent
12:12:51.767 [JavaFX Application Thread] DEBUG GameScene            - Entity added to scene
12:12:51.767 [JavaFX Application Thread] DEBUG GameScene            - Added MainViewComponent
12:12:51.767 [JavaFX Application Thread] DEBUG GameScene            - Entity added to scene
12:12:51.767 [JavaFX Application Thread] DEBUG GameScene            - Added MainViewComponent
12:12:51.768 [JavaFX Application Thread] DEBUG GameScene            - Entity added to scene
12:12:51.768 [JavaFX Application Thread] DEBUG GameScene            - Added MainViewComponent
12:12:51.768 [JavaFX Application Thread] DEBUG GameScene            - Entity added to scene
12:12:51.768 [JavaFX Application Thread] DEBUG GameScene            - Added MainViewComponent
12:12:51.768 [JavaFX Application Thread] DEBUG GameScene            - Entity added to scene
12:12:51.768 [JavaFX Application Thread] DEBUG GameScene            - Added MainViewComponent
12:12:51.768 [JavaFX Application Thread] DEBUG GameScene            - Entity added to scene
12:12:51.768 [JavaFX Application Thread] DEBUG GameScene            - Added MainViewComponent
12:12:51.768 [JavaFX Application Thread] DEBUG GameScene            - Entity added to scene
12:12:51.768 [JavaFX Application Thread] DEBUG GameScene            - Added MainViewComponent
12:12:51.769 [JavaFX Application Thread] DEBUG GameScene            - Entity added to scene
12:12:51.769 [JavaFX Application Thread] DEBUG GameScene            - Added MainViewComponent
12:12:51.769 [JavaFX Application Thread] DEBUG GameScene            - Entity added to scene
12:12:51.769 [JavaFX Application Thread] DEBUG GameScene            - Added MainViewComponent
12:12:51.993 [JavaFX Application Thread] DEBUG FXGLAssetLoader      - Loading from cache: /assets/textures/Ground1.png
12:12:51.994 [JavaFX Application Thread] DEBUG FXGLAssetLoader      - Loading from cache: /assets/textures/Ground1.png
12:12:51.994 [JavaFX Application Thread] DEBUG FXGLAssetLoader      - Loading from cache: /assets/textures/Ground1.png
12:12:51.994 [JavaFX Application Thread] DEBUG FXGLAssetLoader      - Loading from cache: /assets/textures/Ground1.png
12:12:51.995 [JavaFX Application Thread] DEBUG FXGLAssetLoader      - Loading from cache: /assets/textures/Ground1.png
12:12:51.995 [JavaFX Application Thread] DEBUG FXGLAssetLoader      - Loading from cache: /assets/textures/Ground1.png
12:12:51.995 [JavaFX Application Thread] DEBUG FXGLAssetLoader      - Loading from cache: /assets/textures/Ground1.png
12:12:51.996 [JavaFX Application Thread] DEBUG FXGLAssetLoader      - Loading from cache: /assets/textures/Ground1.png
12:12:51.996 [JavaFX Application Thread] DEBUG FXGLAssetLoader      - Loading from cache: /assets/textures/Ground1.png
12:12:51.996 [JavaFX Application Thread] DEBUG FXGLAssetLoader      - Loading from cache: /assets/textures/Ground1.png
12:12:51.996 [JavaFX Application Thread] DEBUG FXGLAssetLoader      - Loading from cache: /assets/textures/Ground1.png
12:12:51.997 [JavaFX Application Thread] DEBUG FXGLAssetLoader      - Loading from cache: /assets/textures/Ground1.png
12:12:51.997 [JavaFX Application Thread] DEBUG FXGLAssetLoader      - Loading from cache: /assets/textures/Ground1.png
12:12:51.997 [JavaFX Application Thread] DEBUG FXGLAssetLoader      - Loading from cache: /assets/textures/Ground1.png
12:12:52.002 [JavaFX Application Thread] DEBUG GameScene            - Entity added to scene
12:12:52.002 [JavaFX Application Thread] DEBUG GameScene            - Added MainViewComponent
12:12:52.002 [JavaFX Application Thread] DEBUG GameScene            - Entity added to scene
12:12:52.002 [JavaFX Application Thread] DEBUG GameScene            - Added MainViewComponent
12:12:52.003 [JavaFX Application Thread] DEBUG GameScene            - Entity added to scene
12:12:52.003 [JavaFX Application Thread] DEBUG GameScene            - Added MainViewComponent
12:12:52.003 [JavaFX Application Thread] DEBUG GameScene            - Entity added to scene
12:12:52.003 [JavaFX Application Thread] DEBUG GameScene            - Added MainViewComponent
12:12:52.003 [JavaFX Application Thread] DEBUG GameScene            - Entity added to scene
12:12:52.003 [JavaFX Application Thread] DEBUG GameScene            - Added MainViewComponent
12:12:52.003 [JavaFX Application Thread] DEBUG GameScene            - Entity added to scene
12:12:52.003 [JavaFX Application Thread] DEBUG GameScene            - Added MainViewComponent
12:12:52.004 [JavaFX Application Thread] DEBUG GameScene            - Entity added to scene
12:12:52.004 [JavaFX Application Thread] DEBUG GameScene            - Added MainViewComponent
12:12:52.004 [JavaFX Application Thread] DEBUG GameScene            - Entity added to scene
12:12:52.004 [JavaFX Application Thread] DEBUG GameScene            - Added MainViewComponent
12:12:52.004 [JavaFX Application Thread] DEBUG GameScene            - Entity added to scene
12:12:52.004 [JavaFX Application Thread] DEBUG GameScene            - Added MainViewComponent
12:12:52.004 [JavaFX Application Thread] DEBUG GameScene            - Entity added to scene
12:12:52.004 [JavaFX Application Thread] DEBUG GameScene            - Added MainViewComponent
12:12:52.004 [JavaFX Application Thread] DEBUG GameScene            - Entity added to scene
12:12:52.004 [JavaFX Application Thread] DEBUG GameScene            - Added MainViewComponent
12:12:52.004 [JavaFX Application Thread] DEBUG GameScene            - Entity added to scene
12:12:52.004 [JavaFX Application Thread] DEBUG GameScene            - Added MainViewComponent
12:12:52.004 [JavaFX Application Thread] DEBUG GameScene            - Entity added to scene
12:12:52.005 [JavaFX Application Thread] DEBUG GameScene            - Added MainViewComponent
12:12:52.005 [JavaFX Application Thread] DEBUG GameScene            - Entity added to scene
12:12:52.005 [JavaFX Application Thread] DEBUG GameScene            - Added MainViewComponent
12:12:52.120 [JavaFX Application Thread] DEBUG FXGLAssetLoader      - Loading from cache: /assets/textures/Ground1.png
12:12:52.121 [JavaFX Application Thread] DEBUG FXGLAssetLoader      - Loading from cache: /assets/textures/Ground1.png
12:12:52.121 [JavaFX Application Thread] DEBUG FXGLAssetLoader      - Loading from cache: /assets/textures/Ground1.png
12:12:52.121 [JavaFX Application Thread] DEBUG FXGLAssetLoader      - Loading from cache: /assets/textures/Ground1.png
12:12:52.122 [JavaFX Application Thread] DEBUG FXGLAssetLoader      - Loading from cache: /assets/textures/Ground1.png
12:12:52.122 [JavaFX Application Thread] DEBUG FXGLAssetLoader      - Loading from cache: /assets/textures/Ground1.png
12:12:52.122 [JavaFX Application Thread] DEBUG FXGLAssetLoader      - Loading from cache: /assets/textures/Ground1.png
12:12:52.123 [JavaFX Application Thread] DEBUG FXGLAssetLoader      - Loading from cache: /assets/textures/Ground1.png
12:12:52.123 [JavaFX Application Thread] DEBUG FXGLAssetLoader      - Loading from cache: /assets/textures/Ground1.png
12:12:52.123 [JavaFX Application Thread] DEBUG FXGLAssetLoader      - Loading from cache: /assets/textures/Ground1.png
12:12:52.124 [JavaFX Application Thread] DEBUG FXGLAssetLoader      - Loading from cache: /assets/textures/Ground1.png
12:12:52.124 [JavaFX Application Thread] DEBUG FXGLAssetLoader      - Loading from cache: /assets/textures/Ground1.png
12:12:52.124 [JavaFX Application Thread] DEBUG FXGLAssetLoader      - Loading from cache: /assets/textures/Ground1.png
12:12:52.125 [JavaFX Application Thread] DEBUG FXGLAssetLoader      - Loading from cache: /assets/textures/Ground1.png
12:12:52.127 [JavaFX Application Thread] DEBUG GameScene            - Entity added to scene
12:12:52.128 [JavaFX Application Thread] DEBUG GameScene            - Added MainViewComponent
12:12:52.128 [JavaFX Application Thread] DEBUG GameScene            - Entity added to scene
12:12:52.128 [JavaFX Application Thread] DEBUG GameScene            - Added MainViewComponent
12:12:52.128 [JavaFX Application Thread] DEBUG GameScene            - Entity added to scene
12:12:52.128 [JavaFX Application Thread] DEBUG GameScene            - Added MainViewComponent
12:12:52.128 [JavaFX Application Thread] DEBUG GameScene            - Entity added to scene
12:12:52.128 [JavaFX Application Thread] DEBUG GameScene            - Added MainViewComponent
12:12:52.129 [JavaFX Application Thread] DEBUG GameScene            - Entity added to scene
12:12:52.129 [JavaFX Application Thread] DEBUG GameScene            - Added MainViewComponent
12:12:52.129 [JavaFX Application Thread] DEBUG GameScene            - Entity added to scene
12:12:52.129 [JavaFX Application Thread] DEBUG GameScene            - Added MainViewComponent
12:12:52.129 [JavaFX Application Thread] DEBUG GameScene            - Entity added to scene
12:12:52.129 [JavaFX Application Thread] DEBUG GameScene            - Added MainViewComponent
12:12:52.129 [JavaFX Application Thread] DEBUG GameScene            - Entity added to scene
12:12:52.129 [JavaFX Application Thread] DEBUG GameScene            - Added MainViewComponent
12:12:52.129 [JavaFX Application Thread] DEBUG GameScene            - Entity added to scene
12:12:52.129 [JavaFX Application Thread] DEBUG GameScene            - Added MainViewComponent
12:12:52.129 [JavaFX Application Thread] DEBUG GameScene            - Entity added to scene
12:12:52.129 [JavaFX Application Thread] DEBUG GameScene            - Added MainViewComponent
12:12:52.129 [JavaFX Application Thread] DEBUG GameScene            - Entity added to scene
12:12:52.130 [JavaFX Application Thread] DEBUG GameScene            - Added MainViewComponent
12:12:52.130 [JavaFX Application Thread] DEBUG GameScene            - Entity added to scene
12:12:52.130 [JavaFX Application Thread] DEBUG GameScene            - Added MainViewComponent
12:12:52.130 [JavaFX Application Thread] DEBUG GameScene            - Entity added to scene
12:12:52.130 [JavaFX Application Thread] DEBUG GameScene            - Added MainViewComponent
12:12:52.130 [JavaFX Application Thread] DEBUG GameScene            - Entity added to scene
12:12:52.130 [JavaFX Application Thread] DEBUG GameScene            - Added MainViewComponent
12:12:52.217 [JavaFX Application Thread] DEBUG FXGLAssetLoader      - Loading from cache: /assets/textures/Ground1.png
12:12:52.218 [JavaFX Application Thread] DEBUG FXGLAssetLoader      - Loading from cache: /assets/textures/Ground1.png
12:12:52.218 [JavaFX Application Thread] DEBUG FXGLAssetLoader      - Loading from cache: /assets/textures/Ground1.png
12:12:52.218 [JavaFX Application Thread] DEBUG FXGLAssetLoader      - Loading from cache: /assets/textures/Ground1.png
12:12:52.219 [JavaFX Application Thread] DEBUG FXGLAssetLoader      - Loading from cache: /assets/textures/Ground1.png
12:12:52.219 [JavaFX Application Thread] DEBUG FXGLAssetLoader      - Loading from cache: /assets/textures/Ground1.png
12:12:52.219 [JavaFX Application Thread] DEBUG FXGLAssetLoader      - Loading from cache: /assets/textures/Ground1.png
12:12:52.219 [JavaFX Application Thread] DEBUG FXGLAssetLoader      - Loading from cache: /assets/textures/Ground1.png
12:12:52.220 [JavaFX Application Thread] DEBUG FXGLAssetLoader      - Loading from cache: /assets/textures/Ground1.png
12:12:52.220 [JavaFX Application Thread] DEBUG FXGLAssetLoader      - Loading from cache: /assets/textures/Ground1.png
12:12:52.220 [JavaFX Application Thread] DEBUG FXGLAssetLoader      - Loading from cache: /assets/textures/Ground1.png
12:12:52.220 [JavaFX Application Thread] DEBUG FXGLAssetLoader      - Loading from cache: /assets/textures/Ground1.png
12:12:52.221 [JavaFX Application Thread] DEBUG FXGLAssetLoader      - Loading from cache: /assets/textures/Ground1.png
12:12:52.221 [JavaFX Application Thread] DEBUG FXGLAssetLoader      - Loading from cache: /assets/textures/Ground1.png
12:12:52.224 [JavaFX Application Thread] DEBUG GameScene            - Entity added to scene
12:12:52.224 [JavaFX Application Thread] DEBUG GameScene            - Added MainViewComponent
12:12:52.224 [JavaFX Application Thread] DEBUG GameScene            - Entity added to scene
12:12:52.224 [JavaFX Application Thread] DEBUG GameScene            - Added MainViewComponent
12:12:52.225 [JavaFX Application Thread] DEBUG GameScene            - Entity added to scene
12:12:52.225 [JavaFX Application Thread] DEBUG GameScene            - Added MainViewComponent
12:12:52.225 [JavaFX Application Thread] DEBUG GameScene            - Entity added to scene
12:12:52.225 [JavaFX Application Thread] DEBUG GameScene            - Added MainViewComponent
12:12:52.225 [JavaFX Application Thread] DEBUG GameScene            - Entity added to scene
12:12:52.225 [JavaFX Application Thread] DEBUG GameScene            - Added MainViewComponent
12:12:52.225 [JavaFX Application Thread] DEBUG GameScene            - Entity added to scene
12:12:52.225 [JavaFX Application Thread] DEBUG GameScene            - Added MainViewComponent
12:12:52.225 [JavaFX Application Thread] DEBUG GameScene            - Entity added to scene
12:12:52.225 [JavaFX Application Thread] DEBUG GameScene            - Added MainViewComponent
12:12:52.225 [JavaFX Application Thread] DEBUG GameScene            - Entity added to scene
12:12:52.225 [JavaFX Application Thread] DEBUG GameScene            - Added MainViewComponent
12:12:52.225 [JavaFX Application Thread] DEBUG GameScene            - Entity added to scene
12:12:52.225 [JavaFX Application Thread] DEBUG GameScene            - Added MainViewComponent
12:12:52.226 [JavaFX Application Thread] DEBUG GameScene            - Entity added to scene
12:12:52.226 [JavaFX Application Thread] DEBUG GameScene            - Added MainViewComponent
12:12:52.226 [JavaFX Application Thread] DEBUG GameScene            - Entity added to scene
12:12:52.226 [JavaFX Application Thread] DEBUG GameScene            - Added MainViewComponent
12:12:52.226 [JavaFX Application Thread] DEBUG GameScene            - Entity added to scene
12:12:52.226 [JavaFX Application Thread] DEBUG GameScene            - Added MainViewComponent
12:12:52.226 [JavaFX Application Thread] DEBUG GameScene            - Entity added to scene
12:12:52.226 [JavaFX Application Thread] DEBUG GameScene            - Added MainViewComponent
12:12:52.226 [JavaFX Application Thread] DEBUG GameScene            - Entity added to scene
12:12:52.226 [JavaFX Application Thread] DEBUG GameScene            - Added MainViewComponent
12:12:52.342 [JavaFX Application Thread] DEBUG FXGLAssetLoader      - Loading from cache: /assets/textures/Ground1.png
12:12:52.343 [JavaFX Application Thread] DEBUG FXGLAssetLoader      - Loading from cache: /assets/textures/Ground1.png
12:12:52.343 [JavaFX Application Thread] DEBUG FXGLAssetLoader      - Loading from cache: /assets/textures/Ground1.png
12:12:52.343 [JavaFX Application Thread] DEBUG FXGLAssetLoader      - Loading from cache: /assets/textures/Ground1.png
12:12:52.344 [JavaFX Application Thread] DEBUG FXGLAssetLoader      - Loading from cache: /assets/textures/Ground1.png
12:12:52.344 [JavaFX Application Thread] DEBUG FXGLAssetLoader      - Loading from cache: /assets/textures/Ground1.png
12:12:52.345 [JavaFX Application Thread] DEBUG GameScene            - Entity added to scene
12:12:52.345 [JavaFX Application Thread] DEBUG GameScene            - Added MainViewComponent
12:12:52.345 [JavaFX Application Thread] DEBUG GameScene            - Entity added to scene
12:12:52.345 [JavaFX Application Thread] DEBUG GameScene            - Added MainViewComponent
12:12:52.345 [JavaFX Application Thread] DEBUG GameScene            - Entity added to scene
12:12:52.345 [JavaFX Application Thread] DEBUG GameScene            - Added MainViewComponent
12:12:52.345 [JavaFX Application Thread] DEBUG GameScene            - Entity added to scene
12:12:52.345 [JavaFX Application Thread] DEBUG GameScene            - Added MainViewComponent
12:12:52.345 [JavaFX Application Thread] DEBUG GameScene            - Entity added to scene
12:12:52.345 [JavaFX Application Thread] DEBUG GameScene            - Added MainViewComponent
12:12:52.346 [JavaFX Application Thread] DEBUG GameScene            - Entity added to scene
12:12:52.346 [JavaFX Application Thread] DEBUG GameScene            - Added MainViewComponent
12:12:52.473 [JavaFX Application Thread] DEBUG FXGLAssetLoader      - Loading from cache: /assets/textures/Ground1.png
12:12:52.474 [JavaFX Application Thread] DEBUG FXGLAssetLoader      - Loading from cache: /assets/textures/Ground1.png
12:12:52.474 [JavaFX Application Thread] DEBUG FXGLAssetLoader      - Loading from cache: /assets/textures/Ground1.png
12:12:52.474 [JavaFX Application Thread] DEBUG FXGLAssetLoader      - Loading from cache: /assets/textures/Ground1.png
12:12:52.475 [JavaFX Application Thread] DEBUG FXGLAssetLoader      - Loading from cache: /assets/textures/Ground1.png
12:12:52.475 [JavaFX Application Thread] DEBUG FXGLAssetLoader      - Loading from cache: /assets/textures/Ground1.png
12:12:52.481 [JavaFX Application Thread] DEBUG GameScene            - Entity added to scene
12:12:52.481 [JavaFX Application Thread] DEBUG GameScene            - Added MainViewComponent
12:12:52.481 [JavaFX Application Thread] DEBUG GameScene            - Entity added to scene
12:12:52.481 [JavaFX Application Thread] DEBUG GameScene            - Added MainViewComponent
12:12:52.482 [JavaFX Application Thread] DEBUG GameScene            - Entity added to scene
12:12:52.482 [JavaFX Application Thread] DEBUG GameScene            - Added MainViewComponent
12:12:52.482 [JavaFX Application Thread] DEBUG GameScene            - Entity added to scene
12:12:52.482 [JavaFX Application Thread] DEBUG GameScene            - Added MainViewComponent
12:12:52.482 [JavaFX Application Thread] DEBUG GameScene            - Entity added to scene
12:12:52.482 [JavaFX Application Thread] DEBUG GameScene            - Added MainViewComponent
12:12:52.482 [JavaFX Application Thread] DEBUG GameScene            - Entity added to scene
12:12:52.482 [JavaFX Application Thread] DEBUG GameScene            - Added MainViewComponent
12:12:52.482 [JavaFX Application Thread] DEBUG GameScene            - Entity removed from scene
12:12:52.482 [JavaFX Application Thread] DEBUG GameScene            - Removed MainViewComponent
12:12:52.483 [JavaFX Application Thread] DEBUG GameScene            - Entity removed from scene
12:12:52.483 [JavaFX Application Thread] DEBUG GameScene            - Removed MainViewComponent
12:12:52.484 [JavaFX Application Thread] DEBUG GameScene            - Entity removed from scene
12:12:52.484 [JavaFX Application Thread] DEBUG GameScene            - Removed MainViewComponent
12:12:52.484 [JavaFX Application Thread] DEBUG GameScene            - Entity removed from scene
12:12:52.484 [JavaFX Application Thread] DEBUG GameScene            - Removed MainViewComponent
12:12:52.484 [JavaFX Application Thread] DEBUG GameScene            - Entity removed from scene
12:12:52.484 [JavaFX Application Thread] DEBUG GameScene            - Removed MainViewComponent
12:12:52.484 [JavaFX Application Thread] DEBUG GameScene            - Entity removed from scene
12:12:52.484 [JavaFX Application Thread] DEBUG GameScene            - Removed MainViewComponent
12:12:52.579 [JavaFX Application Thread] DEBUG FXGLAssetLoader      - Loading from cache: /assets/textures/Ground1.png
12:12:52.579 [JavaFX Application Thread] DEBUG FXGLAssetLoader      - Loading from cache: /assets/textures/Ground1.png
12:12:52.580 [JavaFX Application Thread] DEBUG FXGLAssetLoader      - Loading from cache: /assets/textures/Ground1.png
12:12:52.580 [JavaFX Application Thread] DEBUG FXGLAssetLoader      - Loading from cache: /assets/textures/Ground1.png
12:12:52.580 [JavaFX Application Thread] DEBUG FXGLAssetLoader      - Loading from cache: /assets/textures/Ground1.png
12:12:52.581 [JavaFX Application Thread] DEBUG FXGLAssetLoader      - Loading from cache: /assets/textures/Ground1.png
12:12:52.585 [JavaFX Application Thread] DEBUG GameScene            - Entity added to scene
12:12:52.585 [JavaFX Application Thread] DEBUG GameScene            - Added MainViewComponent
12:12:52.586 [JavaFX Application Thread] DEBUG GameScene            - Entity added to scene
12:12:52.586 [JavaFX Application Thread] DEBUG GameScene            - Added MainViewComponent
12:12:52.586 [JavaFX Application Thread] DEBUG GameScene            - Entity added to scene
12:12:52.586 [JavaFX Application Thread] DEBUG GameScene            - Added MainViewComponent
12:12:52.586 [JavaFX Application Thread] DEBUG GameScene            - Entity added to scene
12:12:52.586 [JavaFX Application Thread] DEBUG GameScene            - Added MainViewComponent
12:12:52.586 [JavaFX Application Thread] DEBUG GameScene            - Entity added to scene
12:12:52.586 [JavaFX Application Thread] DEBUG GameScene            - Added MainViewComponent
12:12:52.586 [JavaFX Application Thread] DEBUG GameScene            - Entity added to scene
12:12:52.587 [JavaFX Application Thread] DEBUG GameScene            - Added MainViewComponent
12:12:52.587 [JavaFX Application Thread] DEBUG GameScene            - Entity removed from scene
12:12:52.587 [JavaFX Application Thread] DEBUG GameScene            - Removed MainViewComponent
12:12:52.587 [JavaFX Application Thread] DEBUG GameScene            - Entity removed from scene
12:12:52.587 [JavaFX Application Thread] DEBUG GameScene            - Removed MainViewComponent
12:12:52.587 [JavaFX Application Thread] DEBUG GameScene            - Entity removed from scene
12:12:52.587 [JavaFX Application Thread] DEBUG GameScene            - Removed MainViewComponent
12:12:52.587 [JavaFX Application Thread] DEBUG GameScene            - Entity removed from scene
12:12:52.587 [JavaFX Application Thread] DEBUG GameScene            - Removed MainViewComponent
12:12:52.588 [JavaFX Application Thread] DEBUG GameScene            - Entity removed from scene
12:12:52.588 [JavaFX Application Thread] DEBUG GameScene            - Removed MainViewComponent
12:12:52.588 [JavaFX Application Thread] DEBUG GameScene            - Entity removed from scene
12:12:52.588 [JavaFX Application Thread] DEBUG GameScene            - Removed MainViewComponent
12:12:52.676 [JavaFX Application Thread] DEBUG FXGLAssetLoader      - Loading from cache: /assets/textures/Ground1.png
12:12:52.676 [JavaFX Application Thread] DEBUG FXGLAssetLoader      - Loading from cache: /assets/textures/Ground1.png
12:12:52.676 [JavaFX Application Thread] DEBUG FXGLAssetLoader      - Loading from cache: /assets/textures/Ground1.png
12:12:52.676 [JavaFX Application Thread] DEBUG FXGLAssetLoader      - Loading from cache: /assets/textures/Ground1.png
12:12:52.677 [JavaFX Application Thread] DEBUG FXGLAssetLoader      - Loading from cache: /assets/textures/Ground1.png
12:12:52.677 [JavaFX Application Thread] DEBUG FXGLAssetLoader      - Loading from cache: /assets/textures/Ground1.png
12:12:52.681 [JavaFX Application Thread] DEBUG GameScene            - Entity added to scene
12:12:52.681 [JavaFX Application Thread] DEBUG GameScene            - Added MainViewComponent
12:12:52.681 [JavaFX Application Thread] DEBUG GameScene            - Entity added to scene
12:12:52.681 [JavaFX Application Thread] DEBUG GameScene            - Added MainViewComponent
12:12:52.682 [JavaFX Application Thread] DEBUG GameScene            - Entity added to scene
12:12:52.682 [JavaFX Application Thread] DEBUG GameScene            - Added MainViewComponent
12:12:52.682 [JavaFX Application Thread] DEBUG GameScene            - Entity added to scene
12:12:52.682 [JavaFX Application Thread] DEBUG GameScene            - Added MainViewComponent
12:12:52.682 [JavaFX Application Thread] DEBUG GameScene            - Entity added to scene
12:12:52.682 [JavaFX Application Thread] DEBUG GameScene            - Added MainViewComponent
12:12:52.682 [JavaFX Application Thread] DEBUG GameScene            - Entity added to scene
12:12:52.682 [JavaFX Application Thread] DEBUG GameScene            - Added MainViewComponent
12:12:52.683 [JavaFX Application Thread] DEBUG GameScene            - Entity removed from scene
12:12:52.683 [JavaFX Application Thread] DEBUG GameScene            - Removed MainViewComponent
12:12:52.683 [JavaFX Application Thread] DEBUG GameScene            - Entity removed from scene
12:12:52.683 [JavaFX Application Thread] DEBUG GameScene            - Removed MainViewComponent
12:12:52.683 [JavaFX Application Thread] DEBUG GameScene            - Entity removed from scene
12:12:52.683 [JavaFX Application Thread] DEBUG GameScene            - Removed MainViewComponent
12:12:52.683 [JavaFX Application Thread] DEBUG GameScene            - Entity removed from scene
12:12:52.683 [JavaFX Application Thread] DEBUG GameScene            - Removed MainViewComponent
12:12:52.683 [JavaFX Application Thread] DEBUG GameScene            - Entity removed from scene
12:12:52.683 [JavaFX Application Thread] DEBUG GameScene            - Removed MainViewComponent
12:12:52.683 [JavaFX Application Thread] DEBUG GameScene            - Entity removed from scene
12:12:52.683 [JavaFX Application Thread] DEBUG GameScene            - Removed MainViewComponent
12:12:52.759 [JavaFX Application Thread] DEBUG GameScene            - Entity removed from scene
12:12:52.759 [JavaFX Application Thread] DEBUG GameScene            - Removed MainViewComponent
12:12:52.762 [JavaFX Application Thread] DEBUG FXGLAssetLoader      - Loading from cache: /assets/textures/Ground1.png
12:12:52.762 [JavaFX Application Thread] DEBUG FXGLAssetLoader      - Loading from cache: /assets/textures/Ground1.png
12:12:52.763 [JavaFX Application Thread] DEBUG FXGLAssetLoader      - Loading from cache: /assets/textures/Ground1.png
12:12:52.763 [JavaFX Application Thread] DEBUG FXGLAssetLoader      - Loading from cache: /assets/textures/Ground1.png
12:12:52.764 [JavaFX Application Thread] DEBUG FXGLAssetLoader      - Loading from cache: /assets/textures/Ground1.png
12:12:52.765 [JavaFX Application Thread] DEBUG FXGLAssetLoader      - Loading from cache: /assets/textures/Ground1.png
12:12:52.773 [JavaFX Application Thread] DEBUG GameScene            - Entity added to scene
12:12:52.773 [JavaFX Application Thread] DEBUG GameScene            - Added MainViewComponent
12:12:52.774 [JavaFX Application Thread] DEBUG GameScene            - Entity added to scene
12:12:52.774 [JavaFX Application Thread] DEBUG GameScene            - Added MainViewComponent
12:12:52.774 [JavaFX Application Thread] DEBUG GameScene            - Entity added to scene
12:12:52.774 [JavaFX Application Thread] DEBUG GameScene            - Added MainViewComponent
12:12:52.774 [JavaFX Application Thread] DEBUG GameScene            - Entity added to scene
12:12:52.775 [JavaFX Application Thread] DEBUG GameScene            - Added MainViewComponent
12:12:52.775 [JavaFX Application Thread] DEBUG GameScene            - Entity added to scene
12:12:52.775 [JavaFX Application Thread] DEBUG GameScene            - Added MainViewComponent
12:12:52.775 [JavaFX Application Thread] DEBUG GameScene            - Entity added to scene
12:12:52.775 [JavaFX Application Thread] DEBUG GameScene            - Added MainViewComponent
12:12:52.775 [JavaFX Application Thread] DEBUG GameScene            - Entity removed from scene
12:12:52.775 [JavaFX Application Thread] DEBUG GameScene            - Removed MainViewComponent
12:12:52.776 [JavaFX Application Thread] DEBUG GameScene            - Entity removed from scene
12:12:52.776 [JavaFX Application Thread] DEBUG GameScene            - Removed MainViewComponent
12:12:52.776 [JavaFX Application Thread] DEBUG GameScene            - Entity removed from scene
12:12:52.776 [JavaFX Application Thread] DEBUG GameScene            - Removed MainViewComponent
12:12:52.776 [JavaFX Application Thread] DEBUG GameScene            - Entity removed from scene
12:12:52.776 [JavaFX Application Thread] DEBUG GameScene            - Removed MainViewComponent
12:12:52.777 [JavaFX Application Thread] DEBUG GameScene            - Entity removed from scene
12:12:52.777 [JavaFX Application Thread] DEBUG GameScene            - Removed MainViewComponent
12:12:52.777 [JavaFX Application Thread] DEBUG GameScene            - Entity removed from scene
12:12:52.777 [JavaFX Application Thread] DEBUG GameScene            - Removed MainViewComponent
12:12:52.793 [JavaFX Application Thread] DEBUG GameScene            - Entity removed from scene
12:12:52.793 [JavaFX Application Thread] DEBUG GameScene            - Removed MainViewComponent
12:12:52.849 [JavaFX Application Thread] DEBUG FXGLAssetLoader      - Loading from cache: /assets/textures/Ground1.png
12:12:52.850 [JavaFX Application Thread] DEBUG FXGLAssetLoader      - Loading from cache: /assets/textures/Ground1.png
12:12:52.850 [JavaFX Application Thread] DEBUG FXGLAssetLoader      - Loading from cache: /assets/textures/Ground1.png
12:12:52.850 [JavaFX Application Thread] DEBUG FXGLAssetLoader      - Loading from cache: /assets/textures/Ground1.png
12:12:52.853 [JavaFX Application Thread] DEBUG FXGLAssetLoader      - Loading from cache: /assets/textures/Ground1.png
12:12:52.853 [JavaFX Application Thread] DEBUG FXGLAssetLoader      - Loading from cache: /assets/textures/Ground1.png
12:12:52.856 [JavaFX Application Thread] DEBUG GameScene            - Entity added to scene
12:12:52.856 [JavaFX Application Thread] DEBUG GameScene            - Added MainViewComponent
12:12:52.856 [JavaFX Application Thread] DEBUG GameScene            - Entity added to scene
12:12:52.856 [JavaFX Application Thread] DEBUG GameScene            - Added MainViewComponent
12:12:52.856 [JavaFX Application Thread] DEBUG GameScene            - Entity added to scene
12:12:52.856 [JavaFX Application Thread] DEBUG GameScene            - Added MainViewComponent
12:12:52.856 [JavaFX Application Thread] DEBUG GameScene            - Entity added to scene
12:12:52.856 [JavaFX Application Thread] DEBUG GameScene            - Added MainViewComponent
12:12:52.856 [JavaFX Application Thread] DEBUG GameScene            - Entity added to scene
12:12:52.856 [JavaFX Application Thread] DEBUG GameScene            - Added MainViewComponent
12:12:52.856 [JavaFX Application Thread] DEBUG GameScene            - Entity added to scene
12:12:52.856 [JavaFX Application Thread] DEBUG GameScene            - Added MainViewComponent
12:12:52.857 [JavaFX Application Thread] DEBUG GameScene            - Entity removed from scene
12:12:52.857 [JavaFX Application Thread] DEBUG GameScene            - Removed MainViewComponent
12:12:52.857 [JavaFX Application Thread] DEBUG GameScene            - Entity removed from scene
12:12:52.857 [JavaFX Application Thread] DEBUG GameScene            - Removed MainViewComponent
12:12:52.857 [JavaFX Application Thread] DEBUG GameScene            - Entity removed from scene
12:12:52.857 [JavaFX Application Thread] DEBUG GameScene            - Removed MainViewComponent
12:12:52.857 [JavaFX Application Thread] DEBUG GameScene            - Entity removed from scene
12:12:52.857 [JavaFX Application Thread] DEBUG GameScene            - Removed MainViewComponent
12:12:52.857 [JavaFX Application Thread] DEBUG GameScene            - Entity removed from scene
12:12:52.857 [JavaFX Application Thread] DEBUG GameScene            - Removed MainViewComponent
12:12:52.857 [JavaFX Application Thread] DEBUG GameScene            - Entity removed from scene
12:12:52.857 [JavaFX Application Thread] DEBUG GameScene            - Removed MainViewComponent
12:12:52.884 [JavaFX Application Thread] DEBUG GameScene            - Entity removed from scene
12:12:52.884 [JavaFX Application Thread] DEBUG GameScene            - Removed MainViewComponent
12:12:52.937 [JavaFX Application Thread] DEBUG FXGLAssetLoader      - Loading from cache: /assets/textures/Ground1.png
12:12:52.937 [JavaFX Application Thread] DEBUG FXGLAssetLoader      - Loading from cache: /assets/textures/Ground1.png
12:12:52.938 [JavaFX Application Thread] DEBUG FXGLAssetLoader      - Loading from cache: /assets/textures/Ground1.png
12:12:52.938 [JavaFX Application Thread] DEBUG FXGLAssetLoader      - Loading from cache: /assets/textures/Ground1.png
12:12:52.938 [JavaFX Application Thread] DEBUG FXGLAssetLoader      - Loading from cache: /assets/textures/Ground1.png
12:12:52.939 [JavaFX Application Thread] DEBUG FXGLAssetLoader      - Loading from cache: /assets/textures/Ground1.png
12:12:52.946 [JavaFX Application Thread] DEBUG GameScene            - Entity added to scene
12:12:52.946 [JavaFX Application Thread] DEBUG GameScene            - Added MainViewComponent
12:12:52.946 [JavaFX Application Thread] DEBUG GameScene            - Entity added to scene
12:12:52.946 [JavaFX Application Thread] DEBUG GameScene            - Added MainViewComponent
12:12:52.946 [JavaFX Application Thread] DEBUG GameScene            - Entity added to scene
12:12:52.946 [JavaFX Application Thread] DEBUG GameScene            - Added MainViewComponent
12:12:52.947 [JavaFX Application Thread] DEBUG GameScene            - Entity added to scene
12:12:52.947 [JavaFX Application Thread] DEBUG GameScene            - Added MainViewComponent
12:12:52.947 [JavaFX Application Thread] DEBUG GameScene            - Entity added to scene
12:12:52.947 [JavaFX Application Thread] DEBUG GameScene            - Added MainViewComponent
12:12:52.947 [JavaFX Application Thread] DEBUG GameScene            - Entity added to scene
12:12:52.947 [JavaFX Application Thread] DEBUG GameScene            - Added MainViewComponent
12:12:52.947 [JavaFX Application Thread] DEBUG GameScene            - Entity removed from scene
12:12:52.947 [JavaFX Application Thread] DEBUG GameScene            - Removed MainViewComponent
12:12:52.947 [JavaFX Application Thread] DEBUG GameScene            - Entity removed from scene
12:12:52.947 [JavaFX Application Thread] DEBUG GameScene            - Removed MainViewComponent
12:12:52.947 [JavaFX Application Thread] DEBUG GameScene            - Entity removed from scene
12:12:52.947 [JavaFX Application Thread] DEBUG GameScene            - Removed MainViewComponent
12:12:52.947 [JavaFX Application Thread] DEBUG GameScene            - Entity removed from scene
12:12:52.947 [JavaFX Application Thread] DEBUG GameScene            - Removed MainViewComponent
12:12:52.948 [JavaFX Application Thread] DEBUG GameScene            - Entity removed from scene
12:12:52.948 [JavaFX Application Thread] DEBUG GameScene            - Removed MainViewComponent
12:12:52.948 [JavaFX Application Thread] DEBUG GameScene            - Entity removed from scene
12:12:52.948 [JavaFX Application Thread] DEBUG GameScene            - Removed MainViewComponent
12:12:53.049 [JavaFX Application Thread] DEBUG FXGLAssetLoader      - Loading from cache: /assets/textures/Ground1.png
12:12:53.050 [JavaFX Application Thread] DEBUG FXGLAssetLoader      - Loading from cache: /assets/textures/Ground1.png
12:12:53.050 [JavaFX Application Thread] DEBUG FXGLAssetLoader      - Loading from cache: /assets/textures/Ground1.png
12:12:53.050 [JavaFX Application Thread] DEBUG FXGLAssetLoader      - Loading from cache: /assets/textures/Ground1.png
12:12:53.050 [JavaFX Application Thread] DEBUG FXGLAssetLoader      - Loading from cache: /assets/textures/Ground1.png
12:12:53.051 [JavaFX Application Thread] DEBUG FXGLAssetLoader      - Loading from cache: /assets/textures/Ground1.png
12:12:53.057 [JavaFX Application Thread] DEBUG GameScene            - Entity added to scene
12:12:53.057 [JavaFX Application Thread] DEBUG GameScene            - Added MainViewComponent
12:12:53.057 [JavaFX Application Thread] DEBUG GameScene            - Entity added to scene
12:12:53.057 [JavaFX Application Thread] DEBUG GameScene            - Added MainViewComponent
12:12:53.057 [JavaFX Application Thread] DEBUG GameScene            - Entity added to scene
12:12:53.057 [JavaFX Application Thread] DEBUG GameScene            - Added MainViewComponent
12:12:53.058 [JavaFX Application Thread] DEBUG GameScene            - Entity added to scene
12:12:53.058 [JavaFX Application Thread] DEBUG GameScene            - Added MainViewComponent
12:12:53.058 [JavaFX Application Thread] DEBUG GameScene            - Entity added to scene
12:12:53.058 [JavaFX Application Thread] DEBUG GameScene            - Added MainViewComponent
12:12:53.058 [JavaFX Application Thread] DEBUG GameScene            - Entity added to scene
12:12:53.058 [JavaFX Application Thread] DEBUG GameScene            - Added MainViewComponent
12:12:53.058 [JavaFX Application Thread] DEBUG GameScene            - Entity removed from scene
12:12:53.058 [JavaFX Application Thread] DEBUG GameScene            - Removed MainViewComponent
12:12:53.058 [JavaFX Application Thread] DEBUG GameScene            - Entity removed from scene
12:12:53.058 [JavaFX Application Thread] DEBUG GameScene            - Removed MainViewComponent
12:12:53.058 [JavaFX Application Thread] DEBUG GameScene            - Entity removed from scene
12:12:53.058 [JavaFX Application Thread] DEBUG GameScene            - Removed MainViewComponent
12:12:53.058 [JavaFX Application Thread] DEBUG GameScene            - Entity removed from scene
12:12:53.058 [JavaFX Application Thread] DEBUG GameScene            - Removed MainViewComponent
12:12:53.058 [JavaFX Application Thread] DEBUG GameScene            - Entity removed from scene
12:12:53.058 [JavaFX Application Thread] DEBUG GameScene            - Removed MainViewComponent
12:12:53.059 [JavaFX Application Thread] DEBUG GameScene            - Entity removed from scene
12:12:53.059 [JavaFX Application Thread] DEBUG GameScene            - Removed MainViewComponent
12:12:53.733 [JavaFX Application Thread] DEBUG FXGLEventBus         - Firing event: DisplayEvent[type=CLOSE_REQUEST]
12:12:53.734 [JavaFX Application Thread] DEBUG FXGLEventBus         - Firing event: FXGLEvent[type=EXIT]
12:12:53.734 [JavaFX Application Thread] DEBUG FXGLEventBus         - Firing event: SaveEvent
12:12:53.734 [JavaFX Application Thread] DEBUG FXGLInput            - Saving data to profile
12:12:53.734 [JavaFX Application Thread] DEBUG Bundle               - Logging bundle: input
12:12:53.734 [JavaFX Application Thread] DEBUG Bundle               - input.Open Fuel Shop=1
12:12:53.734 [JavaFX Application Thread] DEBUG Bundle               - input.Screenshot=H
12:12:53.734 [JavaFX Application Thread] DEBUG Bundle               - input.Dev Options=CTRL+0
12:12:53.734 [JavaFX Application Thread] DEBUG Bundle               - input.Move up=W
12:12:53.734 [JavaFX Application Thread] DEBUG Bundle               - input.Open Sell=2
12:12:53.734 [JavaFX Application Thread] DEBUG Bundle               - input.Move With Mouse=PRIMARY
12:12:53.734 [JavaFX Application Thread] DEBUG FXGLDisplay          - Saving data to profile
12:12:53.734 [JavaFX Application Thread] DEBUG Bundle               - Logging bundle: scene
12:12:53.734 [JavaFX Application Thread] DEBUG Bundle               - scene.sizeW=822.8571428571428
12:12:53.734 [JavaFX Application Thread] DEBUG Bundle               - scene.sizeH=720.0
12:12:53.734 [JavaFX Application Thread] DEBUG FXGLAudioPlayer      - Saving data to profile
12:12:53.734 [JavaFX Application Thread] DEBUG Bundle               - Logging bundle: audio
12:12:53.734 [JavaFX Application Thread] DEBUG Bundle               - audio.musicVolume=0.5
12:12:53.734 [JavaFX Application Thread] DEBUG Bundle               - audio.soundVolume=0.47449908925318784
12:12:53.734 [JavaFX Application Thread] DEBUG AchievementManager   - Saving data to profile
12:12:53.734 [JavaFX Application Thread] DEBUG Bundle               - Logging bundle: achievement
12:12:53.734 [JavaFX Application Thread] DEBUG FXGLMasterTimer      - Saving data to profile
12:12:53.735 [JavaFX Application Thread] DEBUG Bundle               - Logging bundle: timer
12:12:53.735 [JavaFX Application Thread] DEBUG Bundle               - timer.playtime=1574799921222
12:12:53.735 [JavaFX Application Thread] DEBUG SaveLoadManager      - Saving profile: Mack
12:12:53.736 [JavaFX Application Thread] DEBUG IOTask               - Executing task: writeDataTask(./profiles/Mack/user.profile)
12:12:53.736 [JavaFX Application Thread] DEBUG IOTask               - Executing task: writeDataTask(./profiles/Mack/user.profile)
12:12:53.737 [JavaFX Application Thread] DEBUG FS                   - Writing to: .\profiles\Mack\user.profile
12:12:53.743 [JavaFX Application Thread] DEBUG IOTask               - Executing task: checkSavesDir(./profiles/Mack/saves/)
12:12:53.743 [JavaFX Application Thread] DEBUG IOTask               - Task succeeded: writeDataTask(./profiles/Mack/user.profile)
12:12:53.746 [JavaFX Application Thread] DEBUG FXGL                 - Saving FXGL system data
12:12:53.747 [JavaFX Application Thread] DEBUG IOTask               - Executing task: writeDataTask(system/fxgl.bundle)
12:12:53.747 [JavaFX Application Thread] DEBUG FS                   - Writing to: system\fxgl.bundle
12:12:53.750 [JavaFX Application Thread] DEBUG IOTask               - Task succeeded: writeDataTask(system/fxgl.bundle)
