11:58:15.788 [FXGL Launcher Thread     ] DEBUG FXGLLoggerFactory    - Service [LoggerFactory] initialized
11:58:15.793 [FXGL Launcher Thread     ] DEBUG FXGL                 - FXGL configuration complete
11:58:15.793 [FXGL Launcher Thread     ] DEBUG FXGL                 - Loading FXGL system data
11:58:15.796 [FXGL Launcher Thread     ] DEBUG IOTask               - Executing task: readDataTask(system/fxgl.bundle)
11:58:15.799 [FXGL Launcher Thread     ] DEBUG FS                   - Reading from: system\fxgl.bundle
11:58:15.805 [FXGL Launcher Thread     ] DEBUG IOTask               - Task succeeded: readDataTask(system/fxgl.bundle)
11:58:15.805 [FXGL Launcher Thread     ] DEBUG Bundle               - Logging bundle: FXGL
11:58:15.805 [FXGL Launcher Thread     ] DEBUG Bundle               - FXGL.offline.timer.version.check=2017-01-12T08:38:28.585
11:58:15.810 [FXGL Launcher Thread     ] DEBUG GameApplication      - Configuring GameApplication
11:58:15.814 [FXGL Launcher Thread     ] DEBUG FXGLExceptionHandler - Service [ExceptionHandler] initialized
11:58:15.814 [FXGL Launcher Thread     ] DEBUG FXGLEventBus         - Service [EventBus] initialized
11:58:15.818 [FXGL Launcher Thread     ] DEBUG FXGLExecutor         - Service [Executor] initialized
11:58:15.818 [FXGL Launcher Thread     ] DEBUG PreInitTask          - Injecting gameWorld & physicsWorld
11:58:15.822 [FXGL Launcher Thread     ] DEBUG GameWorld            - Game world initialized
11:58:15.858 [FXGL Launcher Thread     ] DEBUG FXGLPooler           - Service [Pooler] initialized with default size = 128
11:58:15.859 [FXGL Launcher Thread     ] DEBUG PhysicsWorld         - Physics world initialized: appHeight=700.0, physics.ppm=50.0
11:58:15.860 [FXGL Launcher Thread     ] DEBUG FXGLInput            - Service [Input] initialized
11:58:15.877 [FXGL Launcher Thread     ] DEBUG FXGLInput            - Registered new binding: Screenshot - P
11:58:15.877 [FXGL Launcher Thread     ] DEBUG FXGLInput            - Registered new binding: Dev Options - CTRL+0
11:58:15.878 [FXGL Launcher Thread     ] DEBUG FXGLInput            - Registered new binding: Move With Mouse - PRIMARY
11:58:15.903 [FXGL Launcher Thread     ] DEBUG GameScene            - Game scene initialized: 800.0x700.0
11:58:15.909 [FXGL Launcher Thread     ] DEBUG FXGLAssetLoader      - Service [AssetLoader] initialized: cacheSize=35
11:58:15.911 [FXGL Launcher Thread     ] DEBUG FXGLAssetLoader      - Loading from disk: /assets/sounds/system/notification.wav
11:58:15.940 [FXGL Launcher Thread     ] DEBUG FXGLAssetLoader      - Loading from disk: /assets/sounds/menu/select.wav
11:58:15.941 [FXGL Launcher Thread     ] DEBUG FXGLAssetLoader      - Loading from disk: /assets/sounds/menu/back.wav
11:58:15.943 [FXGL Launcher Thread     ] DEBUG FXGLAssetLoader      - Loading from disk: /assets/sounds/menu/press.wav
11:58:15.945 [FXGL Launcher Thread     ] DEBUG FXGLAssetLoader      - Loading from disk: /assets/ui/fonts/Copperplate_Gothic_Light_Regular.ttf
11:58:16.027 [FXGL Launcher Thread     ] DEBUG FXGLAssetLoader      - Loading from disk: /assets/ui/css/fxgl.css
11:58:16.027 [FXGL Launcher Thread     ] DEBUG FXGLAssetLoader      - Loading from disk: /assets/ui/icons/fxgl_icon.png
11:58:16.057 [FXGL Launcher Thread     ] DEBUG FXGLAssetLoader      - Loading from disk: /assets/ui/css/fxgl_dark.css
11:58:16.067 [FXGL Launcher Thread     ] DEBUG FXGLDisplay          - Target size: DoubleProperty [value: 800.0] x DoubleProperty [value: 700.0] @ 1.0
11:58:16.068 [FXGL Launcher Thread     ] DEBUG FXGLDisplay          - New size:    800.0 x 700.0 @ DoubleProperty [value: 1.0]
11:58:16.068 [FXGL Launcher Thread     ] DEBUG FXGLDisplay          - Service [Display] initialized
11:58:16.068 [FXGL Launcher Thread     ] DEBUG FXGLDisplay          - Using CSS: CSS(externalForm=jar:file:/C:/Users/Mack/Documents/NetBeansProjects/MotherLoadProject/MotherLoad/lib/fxgl-0.2.9-uber.jar!/assets/ui/css/fxgl_dark.css)
11:58:16.069 [FXGL Launcher Thread     ] DEBUG InitScenesTask       - Injecting loadingScene & gameScene
11:58:16.100 [FXGL Launcher Thread     ] DEBUG FXGLMasterTimer      - Service [MasterTimer] initialized
11:58:16.103 [FXGL Launcher Thread     ] DEBUG FXGLAudioPlayer      - Service [AudioPlayer] initialized
11:58:16.111 [FXGL Launcher Thread     ] DEBUG InitProfilerTask     - Injecting profiler
11:58:16.111 [FXGL Launcher Thread     ] DEBUG GameApplication      - Starting new game
11:58:16.113 [FXGL Launcher Thread     ] DEBUG GameApplication      - Initializing App
11:58:16.114 [FXGL Launcher Thread     ] DEBUG FXGLInput            - Clearing active input actions
11:58:16.114 [FXGL Launcher Thread     ] DEBUG FXGLMasterTimer      - Stopping master timer
11:58:16.115 [FXGL Launcher Thread     ] DEBUG GameApplication      - State: STARTUP -> PAUSED
11:58:16.115 [FXGL Launcher Thread     ] DEBUG FXGLEventBus         - Firing event: FXGLEvent[type=PAUSE]
11:58:16.117 [FXGL Launcher Thread     ] DEBUG FXGLInput            - Clearing active input actions
11:58:16.117 [FXGL Launcher Thread     ] DEBUG FXGLMasterTimer      - Resetting ticks and clearing all actions
11:58:16.117 [FXGL Launcher Thread     ] DEBUG GameWorld            - Resetting game world
11:58:16.117 [FXGL Launcher Thread     ] TRACE EntityWorld          - Resetting entity world
11:58:16.119 [FXGL Launcher Thread     ] DEBUG PhysicsWorld         - Resetting physics world
11:58:16.119 [FXGL Launcher Thread     ] DEBUG GameScene            - Resetting game scene
11:58:16.119 [FXGL Launcher Thread     ] DEBUG FXGLEventBus         - Firing event: FXGLEvent[type=RESET]
11:58:16.185 [FXGL Launcher Thread     ] DEBUG GameApplication      - State: PAUSED -> LOADING
11:58:16.213 [FXGL Background Thread 1 ] DEBUG InitAppTask          - Initializing Assets
11:58:16.214 [FXGL Background Thread 1 ] DEBUG InitAppTask          - Initializing Game
11:58:16.230 [FXGL Background Thread 1 ] DEBUG FXGLAssetLoader      - Loading from disk: /assets/textures/PlayerLeft.png
11:58:16.242 [FXGL Background Thread 1 ] DEBUG InitAppTask          - Initializing Physics
11:58:16.242 [FXGL Background Thread 1 ] DEBUG InitAppTask          - Initializing UI
11:58:16.242 [FXGL Background Thread 1 ] DEBUG InitAppTask          - Initialization Complete
11:58:16.256 [JavaFX Application Thread] DEBUG FXGLDisplay          - Showing stage
11:58:16.256 [JavaFX Application Thread] DEBUG FXGLDisplay          - Root size: 800.0x700.0
11:58:16.256 [JavaFX Application Thread] DEBUG FXGLDisplay          - Scene size: 800.0x700.0
11:58:16.256 [JavaFX Application Thread] DEBUG FXGLDisplay          - Stage size: 816.0x739.0
11:58:16.334 [JavaFX Application Thread] DEBUG FXGLInput            - Clearing active input actions
11:58:16.335 [JavaFX Application Thread] DEBUG FXGLMasterTimer      - Starting master timer
11:58:16.335 [JavaFX Application Thread] DEBUG GameApplication      - State: LOADING -> PLAYING
11:58:16.340 [JavaFX Application Thread] DEBUG FXGLEventBus         - Firing event: FXGLEvent[type=RESUME]
11:58:16.343 [JavaFX Application Thread] DEBUG GameScene            - Entity added to scene
11:58:16.344 [JavaFX Application Thread] DEBUG GameScene            - Added MainViewComponent
11:58:16.345 [JavaFX Application Thread] DEBUG GameScene            - Creating render group for layer: TOP(2147483647)
11:58:16.349 [JavaFX Application Thread] DEBUG GameScene            - Entity added to scene
11:58:16.349 [JavaFX Application Thread] DEBUG GameScene            - Added MainViewComponent
11:58:21.199 [JavaFX Application Thread] DEBUG FXGLEventBus         - Firing event: DisplayEvent[type=CLOSE_REQUEST]
11:58:21.200 [JavaFX Application Thread] DEBUG FXGLEventBus         - Firing event: FXGLEvent[type=EXIT]
11:58:21.203 [JavaFX Application Thread] DEBUG FXGL                 - Saving FXGL system data
11:58:21.204 [JavaFX Application Thread] DEBUG IOTask               - Executing task: writeDataTask(system/fxgl.bundle)
11:58:21.205 [JavaFX Application Thread] DEBUG FS                   - Writing to: system\fxgl.bundle
11:58:21.208 [JavaFX Application Thread] DEBUG IOTask               - Task succeeded: writeDataTask(system/fxgl.bundle)
