13:09:55.305 [FXGL Launcher Thread     ] DEBUG FXGLLoggerFactory    - Service [LoggerFactory] initialized
13:09:55.314 [FXGL Launcher Thread     ] DEBUG FXGL                 - FXGL configuration complete
13:09:55.314 [FXGL Launcher Thread     ] DEBUG FXGL                 - Loading FXGL system data
13:09:55.319 [FXGL Launcher Thread     ] DEBUG IOTask               - Executing task: readDataTask(system/fxgl.bundle)
13:09:55.326 [FXGL Launcher Thread     ] DEBUG FS                   - Reading from: system\fxgl.bundle
13:09:55.338 [FXGL Launcher Thread     ] DEBUG IOTask               - Task succeeded: readDataTask(system/fxgl.bundle)
13:09:55.339 [FXGL Launcher Thread     ] DEBUG Bundle               - Logging bundle: FXGL
13:09:55.341 [FXGL Launcher Thread     ] DEBUG Bundle               - FXGL.offline.timer.version.check=2017-01-12T08:38:28.585
13:09:55.350 [FXGL Launcher Thread     ] DEBUG GameApplication      - Configuring GameApplication
13:09:55.357 [FXGL Launcher Thread     ] DEBUG FXGLExceptionHandler - Service [ExceptionHandler] initialized
13:09:55.358 [FXGL Launcher Thread     ] DEBUG FXGLEventBus         - Service [EventBus] initialized
13:09:55.364 [FXGL Launcher Thread     ] DEBUG FXGLExecutor         - Service [Executor] initialized
13:09:55.364 [FXGL Launcher Thread     ] DEBUG PreInitTask          - Injecting gameWorld & physicsWorld
13:09:55.371 [FXGL Launcher Thread     ] DEBUG GameWorld            - Game world initialized
13:09:55.425 [FXGL Launcher Thread     ] DEBUG FXGLPooler           - Service [Pooler] initialized with default size = 128
13:09:55.426 [FXGL Launcher Thread     ] DEBUG PhysicsWorld         - Physics world initialized: appHeight=700.0, physics.ppm=50.0
13:09:55.427 [FXGL Launcher Thread     ] DEBUG FXGLInput            - Service [Input] initialized
13:09:55.453 [FXGL Launcher Thread     ] DEBUG FXGLInput            - Registered new binding: Screenshot - P
13:09:55.454 [FXGL Launcher Thread     ] DEBUG FXGLInput            - Registered new binding: Dev Options - CTRL+0
13:09:55.454 [FXGL Launcher Thread     ] DEBUG FXGLInput            - Registered new binding: Move With Mouse - PRIMARY
13:09:55.502 [FXGL Launcher Thread     ] DEBUG GameScene            - Game scene initialized: 800.0x700.0
13:09:55.519 [FXGL Launcher Thread     ] DEBUG FXGLAssetLoader      - Service [AssetLoader] initialized: cacheSize=35
13:09:55.545 [FXGL Launcher Thread     ] DEBUG FXGLAssetLoader      - Loading from disk: /assets/sounds/system/notification.wav
13:09:55.593 [FXGL Launcher Thread     ] DEBUG FXGLAssetLoader      - Loading from disk: /assets/sounds/menu/select.wav
13:09:55.596 [FXGL Launcher Thread     ] DEBUG FXGLAssetLoader      - Loading from disk: /assets/sounds/menu/back.wav
13:09:55.599 [FXGL Launcher Thread     ] DEBUG FXGLAssetLoader      - Loading from disk: /assets/sounds/menu/press.wav
13:09:55.603 [FXGL Launcher Thread     ] DEBUG FXGLAssetLoader      - Loading from disk: /assets/ui/fonts/Copperplate_Gothic_Light_Regular.ttf
13:09:55.729 [FXGL Launcher Thread     ] DEBUG FXGLAssetLoader      - Loading from disk: /assets/ui/css/fxgl.css
13:09:55.730 [FXGL Launcher Thread     ] DEBUG FXGLAssetLoader      - Loading from disk: /assets/ui/icons/fxgl_icon.png
13:09:55.784 [FXGL Launcher Thread     ] DEBUG FXGLAssetLoader      - Loading from disk: /assets/ui/css/fxgl_dark.css
13:09:55.803 [FXGL Launcher Thread     ] DEBUG FXGLDisplay          - Target size: DoubleProperty [value: 800.0] x DoubleProperty [value: 700.0] @ 1.0
13:09:55.803 [FXGL Launcher Thread     ] DEBUG FXGLDisplay          - New size:    800.0 x 700.0 @ DoubleProperty [value: 1.0]
13:09:55.803 [FXGL Launcher Thread     ] DEBUG FXGLDisplay          - Service [Display] initialized
13:09:55.804 [FXGL Launcher Thread     ] DEBUG FXGLDisplay          - Using CSS: CSS(externalForm=jar:file:/C:/Users/Tyler/Documents/NetBeansProjects/MotherLoadGit/MotherLoad/lib/fxgl-0.2.9-uber.jar!/assets/ui/css/fxgl_dark.css)
13:09:55.804 [FXGL Launcher Thread     ] DEBUG InitScenesTask       - Injecting loadingScene & gameScene
13:09:55.851 [FXGL Launcher Thread     ] DEBUG FXGLMasterTimer      - Service [MasterTimer] initialized
13:09:55.855 [FXGL Launcher Thread     ] DEBUG FXGLAudioPlayer      - Service [AudioPlayer] initialized
13:09:55.868 [FXGL Launcher Thread     ] DEBUG InitProfilerTask     - Injecting profiler
13:09:55.868 [FXGL Launcher Thread     ] DEBUG GameApplication      - Starting new game
13:09:55.872 [FXGL Launcher Thread     ] DEBUG GameApplication      - Initializing App
13:09:55.874 [FXGL Launcher Thread     ] DEBUG FXGLInput            - Clearing active input actions
13:09:55.874 [FXGL Launcher Thread     ] DEBUG FXGLMasterTimer      - Stopping master timer
13:09:55.874 [FXGL Launcher Thread     ] DEBUG GameApplication      - State: STARTUP -> PAUSED
13:09:55.875 [FXGL Launcher Thread     ] DEBUG FXGLEventBus         - Firing event: FXGLEvent[type=PAUSE]
13:09:55.879 [FXGL Launcher Thread     ] DEBUG FXGLInput            - Clearing active input actions
13:09:55.879 [FXGL Launcher Thread     ] DEBUG FXGLMasterTimer      - Resetting ticks and clearing all actions
13:09:55.879 [FXGL Launcher Thread     ] DEBUG GameWorld            - Resetting game world
13:09:55.879 [FXGL Launcher Thread     ] TRACE EntityWorld          - Resetting entity world
13:09:55.881 [FXGL Launcher Thread     ] DEBUG PhysicsWorld         - Resetting physics world
13:09:55.882 [FXGL Launcher Thread     ] DEBUG GameScene            - Resetting game scene
13:09:55.882 [FXGL Launcher Thread     ] DEBUG FXGLEventBus         - Firing event: FXGLEvent[type=RESET]
13:09:55.962 [FXGL Launcher Thread     ] DEBUG GameApplication      - State: PAUSED -> LOADING
13:09:56.010 [FXGL Background Thread 1 ] DEBUG InitAppTask          - Initializing Assets
13:09:56.013 [FXGL Background Thread 1 ] DEBUG InitAppTask          - Initializing Game
13:09:56.103 [FXGL Background Thread 1 ] DEBUG FXGLAssetLoader      - Loading from disk: /assets/textures/PlayerLeft.png
13:09:56.117 [JavaFX Application Thread] DEBUG FXGLDisplay          - Showing stage
13:09:56.117 [JavaFX Application Thread] DEBUG FXGLDisplay          - Root size: 800.0x700.0
13:09:56.118 [JavaFX Application Thread] DEBUG FXGLDisplay          - Scene size: 800.0x700.0
13:09:56.118 [JavaFX Application Thread] DEBUG FXGLDisplay          - Stage size: 816.0x739.0
13:09:56.132 [FXGL Background Thread 1 ] DEBUG FXGLAssetLoader      - Loading from disk: /assets/textures/Ground1.png
13:09:56.153 [FXGL Background Thread 1 ] DEBUG InitAppTask          - Initializing Physics
13:09:56.154 [FXGL Background Thread 1 ] DEBUG InitAppTask          - Initializing UI
13:09:56.154 [FXGL Background Thread 1 ] DEBUG FXGLAssetLoader      - Loading from disk: /assets/textures/Background.png
13:09:56.327 [FXGL Background Thread 1 ] DEBUG GameScene            - Creating render group for layer: TOP(2147483647)
13:09:56.331 [FXGL Background Thread 1 ] DEBUG InitAppTask          - Initialization Complete
13:09:56.337 [JavaFX Application Thread] DEBUG FXGLInput            - Clearing active input actions
13:09:56.337 [JavaFX Application Thread] DEBUG FXGLMasterTimer      - Starting master timer
13:09:56.338 [JavaFX Application Thread] DEBUG GameApplication      - State: LOADING -> PLAYING
13:09:56.348 [JavaFX Application Thread] DEBUG FXGLEventBus         - Firing event: FXGLEvent[type=RESUME]
13:09:56.359 [JavaFX Application Thread] DEBUG GameScene            - Entity added to scene
13:09:56.360 [JavaFX Application Thread] DEBUG GameScene            - Added MainViewComponent
13:09:56.367 [JavaFX Application Thread] DEBUG GameScene            - Entity added to scene
13:09:56.367 [JavaFX Application Thread] DEBUG GameScene            - Added MainViewComponent
13:10:11.876 [JavaFX Application Thread] DEBUG FXGLEventBus         - Firing event: DisplayEvent[type=CLOSE_REQUEST]
13:10:11.878 [JavaFX Application Thread] DEBUG FXGLEventBus         - Firing event: FXGLEvent[type=EXIT]
13:10:11.883 [JavaFX Application Thread] DEBUG FXGL                 - Saving FXGL system data
13:10:11.885 [JavaFX Application Thread] DEBUG IOTask               - Executing task: writeDataTask(system/fxgl.bundle)
13:10:11.888 [JavaFX Application Thread] DEBUG FS                   - Writing to: system\fxgl.bundle
13:10:11.892 [JavaFX Application Thread] DEBUG IOTask               - Task succeeded: writeDataTask(system/fxgl.bundle)
