12:12:33.868 [FXGL Launcher Thread     ] DEBUG FXGLLoggerFactory    - Service [LoggerFactory] initialized
12:12:33.872 [FXGL Launcher Thread     ] DEBUG FXGL                 - FXGL configuration complete
12:12:33.872 [FXGL Launcher Thread     ] DEBUG FXGL                 - Loading FXGL system data
12:12:33.875 [FXGL Launcher Thread     ] DEBUG IOTask               - Executing task: readDataTask(system/fxgl.bundle)
12:12:33.878 [FXGL Launcher Thread     ] DEBUG FS                   - Reading from: system\fxgl.bundle
12:12:33.883 [FXGL Launcher Thread     ] DEBUG IOTask               - Task succeeded: readDataTask(system/fxgl.bundle)
12:12:33.883 [FXGL Launcher Thread     ] DEBUG Bundle               - Logging bundle: FXGL
12:12:33.884 [FXGL Launcher Thread     ] DEBUG Bundle               - FXGL.offline.timer.version.check=2017-01-12T08:38:28.585
12:12:33.894 [FXGL Launcher Thread     ] DEBUG GameApplication      - Configuring GameApplication
12:12:33.897 [FXGL Launcher Thread     ] DEBUG FXGLExceptionHandler - Service [ExceptionHandler] initialized
12:12:33.897 [FXGL Launcher Thread     ] DEBUG FXGLEventBus         - Service [EventBus] initialized
12:12:33.900 [FXGL Launcher Thread     ] DEBUG FXGLExecutor         - Service [Executor] initialized
12:12:33.900 [FXGL Launcher Thread     ] DEBUG PreInitTask          - Injecting gameWorld & physicsWorld
12:12:33.904 [FXGL Launcher Thread     ] DEBUG GameWorld            - Game world initialized
12:12:33.936 [FXGL Launcher Thread     ] DEBUG FXGLPooler           - Service [Pooler] initialized with default size = 128
12:12:33.936 [FXGL Launcher Thread     ] DEBUG PhysicsWorld         - Physics world initialized: appHeight=700.0, physics.ppm=50.0
12:12:33.937 [FXGL Launcher Thread     ] DEBUG FXGLInput            - Service [Input] initialized
12:12:33.954 [FXGL Launcher Thread     ] DEBUG FXGLInput            - Registered new binding: Screenshot - P
12:12:33.954 [FXGL Launcher Thread     ] DEBUG FXGLInput            - Registered new binding: Dev Options - CTRL+0
12:12:33.955 [FXGL Launcher Thread     ] DEBUG FXGLInput            - Registered new binding: Move With Mouse - PRIMARY
12:12:33.955 [FXGL Launcher Thread     ] DEBUG FXGLInput            - Registered new binding: Move up - W
12:12:33.955 [FXGL Launcher Thread     ] DEBUG FXGLInput            - Registered new binding: Open Fuel Shop - 1
12:12:33.955 [FXGL Launcher Thread     ] DEBUG FXGLInput            - Registered new binding: Open Sell - 2
12:12:33.977 [FXGL Launcher Thread     ] DEBUG GameScene            - Game scene initialized: 800.0x700.0
12:12:33.982 [FXGL Launcher Thread     ] DEBUG FXGLAssetLoader      - Service [AssetLoader] initialized: cacheSize=35
12:12:33.983 [FXGL Launcher Thread     ] DEBUG FXGLAssetLoader      - Loading from disk: /assets/sounds/system/notification.wav
12:12:34.003 [FXGL Launcher Thread     ] DEBUG FXGLAssetLoader      - Loading from disk: /assets/sounds/menu/select.wav
12:12:34.005 [FXGL Launcher Thread     ] DEBUG FXGLAssetLoader      - Loading from disk: /assets/sounds/menu/back.wav
12:12:34.007 [FXGL Launcher Thread     ] DEBUG FXGLAssetLoader      - Loading from disk: /assets/sounds/menu/press.wav
12:12:34.009 [FXGL Launcher Thread     ] DEBUG FXGLAssetLoader      - Loading from disk: /assets/ui/fonts/Copperplate_Gothic_Light_Regular.ttf
12:12:34.143 [FXGL Launcher Thread     ] DEBUG FXGLAssetLoader      - Loading from disk: /assets/ui/css/fxgl.css
12:12:34.143 [FXGL Launcher Thread     ] DEBUG FXGLAssetLoader      - Loading from disk: /assets/ui/icons/fxgl_icon.png
12:12:34.174 [FXGL Launcher Thread     ] DEBUG FXGLEventBus         - Firing event: SaveEvent
12:12:34.179 [FXGL Launcher Thread     ] DEBUG FXGLAssetLoader      - Loading from disk: /assets/textures/Menu Image.png
12:12:34.215 [FXGL Launcher Thread     ] DEBUG Menu                 - createMenuBodyMainMenu()
12:12:34.224 [FXGL Launcher Thread     ] DEBUG Menu                 - createOptionsMenu()
12:12:34.229 [FXGL Launcher Thread     ] DEBUG Menu                 - createExtraMenu()
12:12:34.234 [FXGL Launcher Thread     ] DEBUG FXGLAssetLoader      - Loading from cache: /assets/textures/Menu Image.png
12:12:34.235 [FXGL Launcher Thread     ] DEBUG Menu                 - createMenuBodyGameMenu()
12:12:34.237 [FXGL Launcher Thread     ] DEBUG Menu                 - createOptionsMenu()
12:12:34.238 [FXGL Launcher Thread     ] DEBUG Menu                 - createExtraMenu()
12:12:34.240 [FXGL Launcher Thread     ] DEBUG FXGLAssetLoader      - Loading from disk: /assets/ui/css/fxgl_dark.css
12:12:34.249 [FXGL Launcher Thread     ] DEBUG FXGLDisplay          - Target size: DoubleProperty [value: 800.0] x DoubleProperty [value: 700.0] @ 1.0
12:12:34.249 [FXGL Launcher Thread     ] DEBUG FXGLDisplay          - New size:    800.0 x 700.0 @ DoubleProperty [value: 1.0]
12:12:34.249 [FXGL Launcher Thread     ] DEBUG FXGLDisplay          - Service [Display] initialized
12:12:34.249 [FXGL Launcher Thread     ] DEBUG FXGLDisplay          - Using CSS: CSS(externalForm=jar:file:/I:/Documents/NetBeansProjects/MotherLoad/MotherLoad/lib/fxgl-0.2.9-uber.jar!/assets/ui/css/fxgl_dark.css)
12:12:34.250 [FXGL Launcher Thread     ] DEBUG InitScenesTask       - Injecting mainMenuScene & gameMenuScene
12:12:34.250 [FXGL Launcher Thread     ] DEBUG InitScenesTask       - Injecting loadingScene & gameScene
12:12:34.271 [FXGL Launcher Thread     ] DEBUG FXGLMasterTimer      - Service [MasterTimer] initialized
12:12:34.273 [FXGL Launcher Thread     ] DEBUG FXGLAudioPlayer      - Service [AudioPlayer] initialized
12:12:34.279 [FXGL Launcher Thread     ] DEBUG InitProfilerTask     - Injecting profiler
12:12:34.279 [FXGL Launcher Thread     ] DEBUG GameApplication      - State: STARTUP -> MAIN_MENU
12:12:34.313 [FXGL Launcher Thread     ] DEBUG SaveLoadManager      - Checking profiles dir: profiles/
12:12:34.313 [FXGL Launcher Thread     ] DEBUG SaveLoadManager      - Loading profile names
12:12:34.314 [FXGL Launcher Thread     ] DEBUG IOTask               - Showing dialog
12:12:34.322 [FXGL Launcher Thread     ] DEBUG FXGLEventBus         - Firing event: DisplayEvent[type=DIALOG_OPENED]
12:12:34.323 [FXGL Launcher Thread     ] DEBUG FXGLInput            - Clearing active input actions
12:12:34.325 [FXGL Background Thread 1 ] DEBUG IOTask               - Executing task: loadDirectoryNamesTask(./profiles/, false)
12:12:34.411 [JavaFX Application Thread] DEBUG FXGLDisplay          - Showing stage
12:12:34.411 [JavaFX Application Thread] DEBUG FXGLDisplay          - Root size: 800.0x700.0
12:12:34.411 [JavaFX Application Thread] DEBUG FXGLDisplay          - Scene size: 800.0x700.0
12:12:34.411 [JavaFX Application Thread] DEBUG FXGLDisplay          - Stage size: 816.0x739.0
12:12:34.495 [JavaFX Application Thread] DEBUG IOTask               - succeed(): Dismissing dialog
12:12:34.496 [JavaFX Application Thread] DEBUG FXGLEventBus         - Firing event: DisplayEvent[type=DIALOG_CLOSED]
12:12:34.496 [JavaFX Application Thread] DEBUG IOTask               - Task succeeded: loadDirectoryNamesTask(./profiles/, false)
12:12:34.499 [JavaFX Application Thread] DEBUG FXGLEventBus         - Firing event: DisplayEvent[type=DIALOG_OPENED]
12:12:34.499 [JavaFX Application Thread] DEBUG FXGLInput            - Clearing active input actions
12:12:35.219 [JavaFX Application Thread] DEBUG FXGLEventBus         - Firing event: DisplayEvent[type=DIALOG_CLOSED]
12:12:35.220 [JavaFX Application Thread] DEBUG SaveLoadManager      - Loading profile: Mack
12:12:35.220 [JavaFX Application Thread] DEBUG IOTask               - Showing dialog
12:12:35.222 [JavaFX Application Thread] DEBUG FXGLEventBus         - Firing event: DisplayEvent[type=DIALOG_OPENED]
12:12:35.222 [JavaFX Application Thread] DEBUG FXGLInput            - Clearing active input actions
12:12:35.222 [FXGL Background Thread 1 ] DEBUG IOTask               - Executing task: readDataTask(./profiles/Mack/user.profile)
12:12:35.223 [FXGL Background Thread 1 ] DEBUG FS                   - Reading from: .\profiles\Mack\user.profile
12:12:35.238 [JavaFX Application Thread] DEBUG IOTask               - succeed(): Dismissing dialog
12:12:35.239 [JavaFX Application Thread] DEBUG FXGLEventBus         - Firing event: DisplayEvent[type=DIALOG_CLOSED]
12:12:35.239 [JavaFX Application Thread] DEBUG IOTask               - Task succeeded: readDataTask(./profiles/Mack/user.profile)
12:12:35.239 [JavaFX Application Thread] DEBUG FXGLEventBus         - Firing event: LoadEvent[type=LOAD_PROFILE]
12:12:35.239 [JavaFX Application Thread] DEBUG FXGLInput            - Loading data from profile
12:12:35.239 [JavaFX Application Thread] DEBUG Bundle               - Logging bundle: input
12:12:35.239 [JavaFX Application Thread] DEBUG Bundle               - input.Open Fuel Shop=1
12:12:35.239 [JavaFX Application Thread] DEBUG Bundle               - input.Screenshot=H
12:12:35.239 [JavaFX Application Thread] DEBUG Bundle               - input.Dev Options=CTRL+0
12:12:35.239 [JavaFX Application Thread] DEBUG Bundle               - input.Move up=W
12:12:35.239 [JavaFX Application Thread] DEBUG Bundle               - input.Open Sell=2
12:12:35.239 [JavaFX Application Thread] DEBUG Bundle               - input.Move With Mouse=PRIMARY
12:12:35.240 [JavaFX Application Thread] DEBUG FXGLDisplay          - Loading data from profile
12:12:35.240 [JavaFX Application Thread] DEBUG Bundle               - Logging bundle: scene
12:12:35.240 [JavaFX Application Thread] DEBUG Bundle               - scene.sizeW=822.8571428571428
12:12:35.240 [JavaFX Application Thread] DEBUG Bundle               - scene.sizeH=720.0
12:12:35.240 [JavaFX Application Thread] DEBUG FXGLDisplay          - Target size: DoubleProperty [value: 822.8571428571428] x DoubleProperty [value: 720.0] @ 1.0
12:12:35.240 [JavaFX Application Thread] DEBUG FXGLDisplay          - New size:    822.8571428571428 x 720.0 @ DoubleProperty [value: 1.0285714285714285]
12:12:35.272 [JavaFX Application Thread] DEBUG FXGLAudioPlayer      - Loading data from profile
12:12:35.273 [JavaFX Application Thread] DEBUG Bundle               - Logging bundle: audio
12:12:35.273 [JavaFX Application Thread] DEBUG Bundle               - audio.musicVolume=0.5
12:12:35.273 [JavaFX Application Thread] DEBUG Bundle               - audio.soundVolume=0.47449908925318784
12:12:35.273 [JavaFX Application Thread] DEBUG AchievementManager   - Service [AchievementManager] initialized
12:12:35.273 [JavaFX Application Thread] DEBUG AchievementManager   - Loading data from profile
12:12:35.273 [JavaFX Application Thread] DEBUG Bundle               - Logging bundle: achievement
12:12:35.273 [JavaFX Application Thread] DEBUG FXGLMasterTimer      - Loading data from profile
12:12:35.273 [JavaFX Application Thread] DEBUG Bundle               - Logging bundle: timer
12:12:35.274 [JavaFX Application Thread] DEBUG Bundle               - timer.playtime=1568690275057
12:12:35.274 [JavaFX Application Thread] DEBUG SaveLoadManager      - Loading last modified save file
12:12:35.275 [JavaFX Application Thread] DEBUG SaveLoadManager      - Loading save files
12:12:35.276 [JavaFX Application Thread] DEBUG IOTask               - Showing dialog
12:12:35.279 [JavaFX Application Thread] DEBUG FXGLEventBus         - Firing event: DisplayEvent[type=DIALOG_OPENED]
12:12:35.279 [JavaFX Application Thread] DEBUG FXGLInput            - Clearing active input actions
12:12:35.279 [FXGL Background Thread 1 ] DEBUG IOTask               - Executing task: loadFileNamesTask(./profiles/Mack/saves/, true, [FileExtension(extension=.sav)])
12:12:35.279 [FXGL Background Thread 1 ] DEBUG IOTask               - Executing task: loadFileNamesTask(./profiles/Mack/saves/, true, [FileExtension(extension=.sav)])
12:12:35.279 [FXGL Background Thread 1 ] DEBUG IOTask               - Executing task: loadFileNamesTask(./profiles/Mack/saves/, true, [FileExtension(extension=.sav)])
12:12:35.282 [FXGL Background Thread 1 ] DEBUG IOTask               - Executing task: readSaveFiles
12:12:35.283 [FXGL Background Thread 1 ] DEBUG IOTask               - Executing task: findLastSave
12:12:35.314 [JavaFX Application Thread] DEBUG IOTask               - fail(): Dismissing dialog
12:12:35.315 [JavaFX Application Thread] DEBUG FXGLEventBus         - Firing event: DisplayEvent[type=DIALOG_CLOSED]
12:12:35.315 [JavaFX Application Thread] WARN  IOTask               - Task failed: loadFileNamesTask(./profiles/Mack/saves/, true, [FileExtension(extension=.sav)]) Error: java.io.FileNotFoundException: No save files found
12:12:35.315 [JavaFX Application Thread] DEBUG FXGLEventBus         - Firing event: ProfileSelectedEvent[name=Mack,hasSaves=false]
12:12:35.709 [JavaFX Application Thread] DEBUG Menu                 - fireNewGame()
12:12:35.709 [JavaFX Application Thread] DEBUG GameApplication      - Starting new game
12:12:35.710 [JavaFX Application Thread] DEBUG GameApplication      - Initializing App
12:12:35.711 [JavaFX Application Thread] DEBUG FXGLInput            - Clearing active input actions
12:12:35.711 [JavaFX Application Thread] DEBUG FXGLMasterTimer      - Stopping master timer
12:12:35.711 [JavaFX Application Thread] DEBUG GameApplication      - State: MAIN_MENU -> PAUSED
12:12:35.711 [JavaFX Application Thread] DEBUG FXGLEventBus         - Firing event: FXGLEvent[type=PAUSE]
12:12:35.712 [JavaFX Application Thread] DEBUG FXGLInput            - Clearing active input actions
12:12:35.712 [JavaFX Application Thread] DEBUG FXGLMasterTimer      - Resetting ticks and clearing all actions
12:12:35.712 [JavaFX Application Thread] DEBUG GameWorld            - Resetting game world
12:12:35.712 [JavaFX Application Thread] TRACE EntityWorld          - Resetting entity world
12:12:35.713 [JavaFX Application Thread] DEBUG PhysicsWorld         - Resetting physics world
12:12:35.713 [JavaFX Application Thread] DEBUG GameScene            - Resetting game scene
12:12:35.713 [JavaFX Application Thread] DEBUG FXGLEventBus         - Firing event: FXGLEvent[type=RESET]
12:12:36.040 [JavaFX Application Thread] DEBUG GameApplication      - State: PAUSED -> LOADING
12:12:36.044 [JavaFX Application Thread] DEBUG FXGLEventBus         - Firing event: MenuEvent[type=NEW_GAME]
12:12:36.044 [FXGL Background Thread 1 ] DEBUG InitAppTask          - Initializing Assets
12:12:36.045 [FXGL Background Thread 1 ] DEBUG InitAppTask          - Initializing Game
12:12:36.063 [FXGL Background Thread 1 ] DEBUG InitAppTask          - Initializing Physics
12:12:36.063 [FXGL Background Thread 1 ] DEBUG InitAppTask          - Initializing UI
12:12:36.063 [FXGL Background Thread 1 ] DEBUG InitAppTask          - Initialization Complete
12:12:36.065 [JavaFX Application Thread] DEBUG FXGLInput            - Clearing active input actions
12:12:36.065 [JavaFX Application Thread] DEBUG FXGLMasterTimer      - Starting master timer
12:12:36.065 [JavaFX Application Thread] DEBUG GameApplication      - State: LOADING -> PLAYING
12:12:36.068 [JavaFX Application Thread] DEBUG FXGLEventBus         - Firing event: FXGLEvent[type=RESUME]
12:12:36.071 [JavaFX Application Thread] DEBUG GameScene            - Entity added to scene
12:12:36.072 [JavaFX Application Thread] DEBUG GameScene            - Added MainViewComponent
12:12:36.073 [JavaFX Application Thread] DEBUG GameScene            - Creating render group for layer: TOP(2147483647)
12:12:36.126 [JavaFX Application Thread] DEBUG FXGLAssetLoader      - Loading from disk: /assets/textures/Ground1.png
12:12:36.127 [JavaFX Application Thread] DEBUG FXGLAssetLoader      - Loading from cache: /assets/textures/Ground1.png
12:12:36.128 [JavaFX Application Thread] DEBUG FXGLAssetLoader      - Loading from cache: /assets/textures/Ground1.png
12:12:36.128 [JavaFX Application Thread] DEBUG FXGLAssetLoader      - Loading from cache: /assets/textures/Ground1.png
12:12:36.128 [JavaFX Application Thread] DEBUG FXGLAssetLoader      - Loading from cache: /assets/textures/Ground1.png
12:12:36.129 [JavaFX Application Thread] DEBUG FXGLAssetLoader      - Loading from cache: /assets/textures/Ground1.png
12:12:36.129 [JavaFX Application Thread] DEBUG FXGLAssetLoader      - Loading from cache: /assets/textures/Ground1.png
12:12:36.129 [JavaFX Application Thread] DEBUG FXGLAssetLoader      - Loading from cache: /assets/textures/Ground1.png
12:12:36.130 [JavaFX Application Thread] DEBUG FXGLAssetLoader      - Loading from cache: /assets/textures/Ground1.png
12:12:36.130 [JavaFX Application Thread] DEBUG FXGLAssetLoader      - Loading from cache: /assets/textures/Ground1.png
12:12:36.131 [JavaFX Application Thread] DEBUG FXGLAssetLoader      - Loading from cache: /assets/textures/Ground1.png
12:12:36.131 [JavaFX Application Thread] DEBUG FXGLAssetLoader      - Loading from cache: /assets/textures/Ground1.png
12:12:36.132 [JavaFX Application Thread] DEBUG FXGLAssetLoader      - Loading from cache: /assets/textures/Ground1.png
12:12:36.141 [JavaFX Application Thread] DEBUG GameScene            - Entity added to scene
12:12:36.141 [JavaFX Application Thread] DEBUG GameScene            - Added MainViewComponent
12:12:36.141 [JavaFX Application Thread] DEBUG GameScene            - Entity added to scene
12:12:36.141 [JavaFX Application Thread] DEBUG GameScene            - Added MainViewComponent
12:12:36.142 [JavaFX Application Thread] DEBUG GameScene            - Entity added to scene
12:12:36.142 [JavaFX Application Thread] DEBUG GameScene            - Added MainViewComponent
12:12:36.142 [JavaFX Application Thread] DEBUG GameScene            - Entity added to scene
12:12:36.142 [JavaFX Application Thread] DEBUG GameScene            - Added MainViewComponent
12:12:36.142 [JavaFX Application Thread] DEBUG GameScene            - Entity added to scene
12:12:36.142 [JavaFX Application Thread] DEBUG GameScene            - Added MainViewComponent
12:12:36.142 [JavaFX Application Thread] DEBUG GameScene            - Entity added to scene
12:12:36.142 [JavaFX Application Thread] DEBUG GameScene            - Added MainViewComponent
12:12:36.143 [JavaFX Application Thread] DEBUG GameScene            - Entity added to scene
12:12:36.143 [JavaFX Application Thread] DEBUG GameScene            - Added MainViewComponent
12:12:36.143 [JavaFX Application Thread] DEBUG GameScene            - Entity added to scene
12:12:36.143 [JavaFX Application Thread] DEBUG GameScene            - Added MainViewComponent
12:12:36.143 [JavaFX Application Thread] DEBUG GameScene            - Entity added to scene
12:12:36.143 [JavaFX Application Thread] DEBUG GameScene            - Added MainViewComponent
12:12:36.143 [JavaFX Application Thread] DEBUG GameScene            - Entity added to scene
12:12:36.143 [JavaFX Application Thread] DEBUG GameScene            - Added MainViewComponent
12:12:36.143 [JavaFX Application Thread] DEBUG GameScene            - Entity added to scene
12:12:36.143 [JavaFX Application Thread] DEBUG GameScene            - Added MainViewComponent
12:12:36.144 [JavaFX Application Thread] DEBUG GameScene            - Entity added to scene
12:12:36.144 [JavaFX Application Thread] DEBUG GameScene            - Added MainViewComponent
12:12:36.144 [JavaFX Application Thread] DEBUG GameScene            - Entity added to scene
12:12:36.144 [JavaFX Application Thread] DEBUG GameScene            - Added MainViewComponent
12:12:36.269 [JavaFX Application Thread] DEBUG FXGLAssetLoader      - Loading from cache: /assets/textures/Ground1.png
12:12:36.270 [JavaFX Application Thread] DEBUG FXGLAssetLoader      - Loading from cache: /assets/textures/Ground1.png
12:12:36.270 [JavaFX Application Thread] DEBUG FXGLAssetLoader      - Loading from cache: /assets/textures/Ground1.png
12:12:36.270 [JavaFX Application Thread] DEBUG FXGLAssetLoader      - Loading from cache: /assets/textures/Ground1.png
12:12:36.271 [JavaFX Application Thread] DEBUG FXGLAssetLoader      - Loading from cache: /assets/textures/Ground1.png
12:12:36.271 [JavaFX Application Thread] DEBUG FXGLAssetLoader      - Loading from cache: /assets/textures/Ground1.png
12:12:36.272 [JavaFX Application Thread] DEBUG FXGLAssetLoader      - Loading from cache: /assets/textures/Ground1.png
12:12:36.272 [JavaFX Application Thread] DEBUG FXGLAssetLoader      - Loading from cache: /assets/textures/Ground1.png
12:12:36.272 [JavaFX Application Thread] DEBUG FXGLAssetLoader      - Loading from cache: /assets/textures/Ground1.png
12:12:36.273 [JavaFX Application Thread] DEBUG FXGLAssetLoader      - Loading from cache: /assets/textures/Ground1.png
12:12:36.273 [JavaFX Application Thread] DEBUG FXGLAssetLoader      - Loading from cache: /assets/textures/Ground1.png
12:12:36.274 [JavaFX Application Thread] DEBUG FXGLAssetLoader      - Loading from cache: /assets/textures/Ground1.png
12:12:36.274 [JavaFX Application Thread] DEBUG FXGLAssetLoader      - Loading from cache: /assets/textures/Ground1.png
12:12:36.279 [JavaFX Application Thread] DEBUG GameScene            - Entity added to scene
12:12:36.279 [JavaFX Application Thread] DEBUG GameScene            - Added MainViewComponent
12:12:36.280 [JavaFX Application Thread] DEBUG GameScene            - Entity added to scene
12:12:36.280 [JavaFX Application Thread] DEBUG GameScene            - Added MainViewComponent
12:12:36.280 [JavaFX Application Thread] DEBUG GameScene            - Entity added to scene
12:12:36.280 [JavaFX Application Thread] DEBUG GameScene            - Added MainViewComponent
12:12:36.280 [JavaFX Application Thread] DEBUG GameScene            - Entity added to scene
12:12:36.280 [JavaFX Application Thread] DEBUG GameScene            - Added MainViewComponent
12:12:36.280 [JavaFX Application Thread] DEBUG GameScene            - Entity added to scene
12:12:36.280 [JavaFX Application Thread] DEBUG GameScene            - Added MainViewComponent
12:12:36.280 [JavaFX Application Thread] DEBUG GameScene            - Entity added to scene
12:12:36.280 [JavaFX Application Thread] DEBUG GameScene            - Added MainViewComponent
12:12:36.280 [JavaFX Application Thread] DEBUG GameScene            - Entity added to scene
12:12:36.280 [JavaFX Application Thread] DEBUG GameScene            - Added MainViewComponent
12:12:36.281 [JavaFX Application Thread] DEBUG GameScene            - Entity added to scene
12:12:36.281 [JavaFX Application Thread] DEBUG GameScene            - Added MainViewComponent
12:12:36.281 [JavaFX Application Thread] DEBUG GameScene            - Entity added to scene
12:12:36.281 [JavaFX Application Thread] DEBUG GameScene            - Added MainViewComponent
12:12:36.281 [JavaFX Application Thread] DEBUG GameScene            - Entity added to scene
12:12:36.281 [JavaFX Application Thread] DEBUG GameScene            - Added MainViewComponent
12:12:36.281 [JavaFX Application Thread] DEBUG GameScene            - Entity added to scene
12:12:36.281 [JavaFX Application Thread] DEBUG GameScene            - Added MainViewComponent
12:12:36.281 [JavaFX Application Thread] DEBUG GameScene            - Entity added to scene
12:12:36.281 [JavaFX Application Thread] DEBUG GameScene            - Added MainViewComponent
12:12:36.281 [JavaFX Application Thread] DEBUG GameScene            - Entity added to scene
12:12:36.281 [JavaFX Application Thread] DEBUG GameScene            - Added MainViewComponent
12:12:36.493 [JavaFX Application Thread] DEBUG FXGLAssetLoader      - Loading from cache: /assets/textures/Ground1.png
12:12:36.494 [JavaFX Application Thread] DEBUG FXGLAssetLoader      - Loading from cache: /assets/textures/Ground1.png
12:12:36.494 [JavaFX Application Thread] DEBUG FXGLAssetLoader      - Loading from cache: /assets/textures/Ground1.png
12:12:36.494 [JavaFX Application Thread] DEBUG FXGLAssetLoader      - Loading from cache: /assets/textures/Ground1.png
12:12:36.495 [JavaFX Application Thread] DEBUG FXGLAssetLoader      - Loading from cache: /assets/textures/Ground1.png
12:12:36.495 [JavaFX Application Thread] DEBUG FXGLAssetLoader      - Loading from cache: /assets/textures/Ground1.png
12:12:36.495 [JavaFX Application Thread] DEBUG FXGLAssetLoader      - Loading from cache: /assets/textures/Ground1.png
12:12:36.495 [JavaFX Application Thread] DEBUG FXGLAssetLoader      - Loading from cache: /assets/textures/Ground1.png
12:12:36.496 [JavaFX Application Thread] DEBUG FXGLAssetLoader      - Loading from cache: /assets/textures/Ground1.png
12:12:36.496 [JavaFX Application Thread] DEBUG FXGLAssetLoader      - Loading from cache: /assets/textures/Ground1.png
12:12:36.496 [JavaFX Application Thread] DEBUG FXGLAssetLoader      - Loading from cache: /assets/textures/Ground1.png
12:12:36.497 [JavaFX Application Thread] DEBUG FXGLAssetLoader      - Loading from cache: /assets/textures/Ground1.png
12:12:36.497 [JavaFX Application Thread] DEBUG FXGLAssetLoader      - Loading from cache: /assets/textures/Ground1.png
12:12:36.501 [JavaFX Application Thread] DEBUG GameScene            - Entity added to scene
12:12:36.501 [JavaFX Application Thread] DEBUG GameScene            - Added MainViewComponent
12:12:36.502 [JavaFX Application Thread] DEBUG GameScene            - Entity added to scene
12:12:36.502 [JavaFX Application Thread] DEBUG GameScene            - Added MainViewComponent
12:12:36.502 [JavaFX Application Thread] DEBUG GameScene            - Entity added to scene
12:12:36.502 [JavaFX Application Thread] DEBUG GameScene            - Added MainViewComponent
12:12:36.502 [JavaFX Application Thread] DEBUG GameScene            - Entity added to scene
12:12:36.502 [JavaFX Application Thread] DEBUG GameScene            - Added MainViewComponent
12:12:36.502 [JavaFX Application Thread] DEBUG GameScene            - Entity added to scene
12:12:36.502 [JavaFX Application Thread] DEBUG GameScene            - Added MainViewComponent
12:12:36.502 [JavaFX Application Thread] DEBUG GameScene            - Entity added to scene
12:12:36.502 [JavaFX Application Thread] DEBUG GameScene            - Added MainViewComponent
12:12:36.503 [JavaFX Application Thread] DEBUG GameScene            - Entity added to scene
12:12:36.503 [JavaFX Application Thread] DEBUG GameScene            - Added MainViewComponent
12:12:36.503 [JavaFX Application Thread] DEBUG GameScene            - Entity added to scene
12:12:36.503 [JavaFX Application Thread] DEBUG GameScene            - Added MainViewComponent
12:12:36.503 [JavaFX Application Thread] DEBUG GameScene            - Entity added to scene
12:12:36.503 [JavaFX Application Thread] DEBUG GameScene            - Added MainViewComponent
12:12:36.503 [JavaFX Application Thread] DEBUG GameScene            - Entity added to scene
12:12:36.503 [JavaFX Application Thread] DEBUG GameScene            - Added MainViewComponent
12:12:36.503 [JavaFX Application Thread] DEBUG GameScene            - Entity added to scene
12:12:36.503 [JavaFX Application Thread] DEBUG GameScene            - Added MainViewComponent
12:12:36.503 [JavaFX Application Thread] DEBUG GameScene            - Entity added to scene
12:12:36.503 [JavaFX Application Thread] DEBUG GameScene            - Added MainViewComponent
12:12:36.504 [JavaFX Application Thread] DEBUG GameScene            - Entity added to scene
12:12:36.504 [JavaFX Application Thread] DEBUG GameScene            - Added MainViewComponent
12:12:36.620 [JavaFX Application Thread] DEBUG FXGLAssetLoader      - Loading from cache: /assets/textures/Ground1.png
12:12:36.621 [JavaFX Application Thread] DEBUG FXGLAssetLoader      - Loading from cache: /assets/textures/Ground1.png
12:12:36.621 [JavaFX Application Thread] DEBUG FXGLAssetLoader      - Loading from cache: /assets/textures/Ground1.png
12:12:36.621 [JavaFX Application Thread] DEBUG FXGLAssetLoader      - Loading from cache: /assets/textures/Ground1.png
12:12:36.622 [JavaFX Application Thread] DEBUG FXGLAssetLoader      - Loading from cache: /assets/textures/Ground1.png
12:12:36.625 [JavaFX Application Thread] DEBUG FXGLAssetLoader      - Loading from disk: /assets/textures/Ground2.png
12:12:36.627 [JavaFX Application Thread] DEBUG FXGLAssetLoader      - Loading from cache: /assets/textures/Ground1.png
12:12:36.627 [JavaFX Application Thread] DEBUG FXGLAssetLoader      - Loading from cache: /assets/textures/Ground1.png
12:12:36.627 [JavaFX Application Thread] DEBUG FXGLAssetLoader      - Loading from cache: /assets/textures/Ground1.png
12:12:36.627 [JavaFX Application Thread] DEBUG FXGLAssetLoader      - Loading from cache: /assets/textures/Ground1.png
12:12:36.628 [JavaFX Application Thread] DEBUG FXGLAssetLoader      - Loading from cache: /assets/textures/Ground1.png
12:12:36.628 [JavaFX Application Thread] DEBUG FXGLAssetLoader      - Loading from cache: /assets/textures/Ground1.png
12:12:36.628 [JavaFX Application Thread] DEBUG FXGLAssetLoader      - Loading from cache: /assets/textures/Ground1.png
12:12:36.630 [JavaFX Application Thread] DEBUG GameScene            - Entity added to scene
12:12:36.630 [JavaFX Application Thread] DEBUG GameScene            - Added MainViewComponent
12:12:36.631 [JavaFX Application Thread] DEBUG GameScene            - Entity added to scene
12:12:36.631 [JavaFX Application Thread] DEBUG GameScene            - Added MainViewComponent
12:12:36.631 [JavaFX Application Thread] DEBUG GameScene            - Entity added to scene
12:12:36.631 [JavaFX Application Thread] DEBUG GameScene            - Added MainViewComponent
12:12:36.631 [JavaFX Application Thread] DEBUG GameScene            - Entity added to scene
12:12:36.631 [JavaFX Application Thread] DEBUG GameScene            - Added MainViewComponent
12:12:36.631 [JavaFX Application Thread] DEBUG GameScene            - Entity added to scene
12:12:36.631 [JavaFX Application Thread] DEBUG GameScene            - Added MainViewComponent
12:12:36.631 [JavaFX Application Thread] DEBUG GameScene            - Entity added to scene
12:12:36.631 [JavaFX Application Thread] DEBUG GameScene            - Added MainViewComponent
12:12:36.632 [JavaFX Application Thread] DEBUG GameScene            - Entity added to scene
12:12:36.632 [JavaFX Application Thread] DEBUG GameScene            - Added MainViewComponent
12:12:36.632 [JavaFX Application Thread] DEBUG GameScene            - Entity added to scene
12:12:36.632 [JavaFX Application Thread] DEBUG GameScene            - Added MainViewComponent
12:12:36.632 [JavaFX Application Thread] DEBUG GameScene            - Entity added to scene
12:12:36.632 [JavaFX Application Thread] DEBUG GameScene            - Added MainViewComponent
12:12:36.632 [JavaFX Application Thread] DEBUG GameScene            - Entity added to scene
12:12:36.632 [JavaFX Application Thread] DEBUG GameScene            - Added MainViewComponent
12:12:36.632 [JavaFX Application Thread] DEBUG GameScene            - Entity added to scene
12:12:36.632 [JavaFX Application Thread] DEBUG GameScene            - Added MainViewComponent
12:12:36.632 [JavaFX Application Thread] DEBUG GameScene            - Entity added to scene
12:12:36.632 [JavaFX Application Thread] DEBUG GameScene            - Added MainViewComponent
12:12:36.633 [JavaFX Application Thread] DEBUG GameScene            - Entity added to scene
12:12:36.633 [JavaFX Application Thread] DEBUG GameScene            - Added MainViewComponent
12:12:36.733 [JavaFX Application Thread] DEBUG FXGLAssetLoader      - Loading from cache: /assets/textures/Ground1.png
12:12:36.733 [JavaFX Application Thread] DEBUG FXGLAssetLoader      - Loading from cache: /assets/textures/Ground1.png
12:12:36.733 [JavaFX Application Thread] DEBUG FXGLAssetLoader      - Loading from cache: /assets/textures/Ground1.png
12:12:36.734 [JavaFX Application Thread] DEBUG FXGLAssetLoader      - Loading from cache: /assets/textures/Ground1.png
12:12:36.734 [JavaFX Application Thread] DEBUG FXGLAssetLoader      - Loading from cache: /assets/textures/Ground1.png
12:12:36.734 [JavaFX Application Thread] DEBUG FXGLAssetLoader      - Loading from cache: /assets/textures/Ground1.png
12:12:36.734 [JavaFX Application Thread] DEBUG FXGLAssetLoader      - Loading from cache: /assets/textures/Ground1.png
12:12:36.735 [JavaFX Application Thread] DEBUG FXGLAssetLoader      - Loading from cache: /assets/textures/Ground1.png
12:12:36.735 [JavaFX Application Thread] DEBUG FXGLAssetLoader      - Loading from cache: /assets/textures/Ground1.png
12:12:36.735 [JavaFX Application Thread] DEBUG FXGLAssetLoader      - Loading from cache: /assets/textures/Ground1.png
12:12:36.736 [JavaFX Application Thread] DEBUG FXGLAssetLoader      - Loading from cache: /assets/textures/Ground1.png
12:12:36.736 [JavaFX Application Thread] DEBUG FXGLAssetLoader      - Loading from cache: /assets/textures/Ground2.png
12:12:36.736 [JavaFX Application Thread] DEBUG FXGLAssetLoader      - Loading from cache: /assets/textures/Ground1.png
12:12:36.744 [JavaFX Application Thread] DEBUG GameScene            - Entity added to scene
12:12:36.745 [JavaFX Application Thread] DEBUG GameScene            - Added MainViewComponent
12:12:36.745 [JavaFX Application Thread] DEBUG GameScene            - Entity added to scene
12:12:36.745 [JavaFX Application Thread] DEBUG GameScene            - Added MainViewComponent
12:12:36.745 [JavaFX Application Thread] DEBUG GameScene            - Entity added to scene
12:12:36.745 [JavaFX Application Thread] DEBUG GameScene            - Added MainViewComponent
12:12:36.745 [JavaFX Application Thread] DEBUG GameScene            - Entity added to scene
12:12:36.745 [JavaFX Application Thread] DEBUG GameScene            - Added MainViewComponent
12:12:36.745 [JavaFX Application Thread] DEBUG GameScene            - Entity added to scene
12:12:36.745 [JavaFX Application Thread] DEBUG GameScene            - Added MainViewComponent
12:12:36.746 [JavaFX Application Thread] DEBUG GameScene            - Entity added to scene
12:12:36.746 [JavaFX Application Thread] DEBUG GameScene            - Added MainViewComponent
12:12:36.746 [JavaFX Application Thread] DEBUG GameScene            - Entity added to scene
12:12:36.746 [JavaFX Application Thread] DEBUG GameScene            - Added MainViewComponent
12:12:36.746 [JavaFX Application Thread] DEBUG GameScene            - Entity added to scene
12:12:36.746 [JavaFX Application Thread] DEBUG GameScene            - Added MainViewComponent
12:12:36.746 [JavaFX Application Thread] DEBUG GameScene            - Entity added to scene
12:12:36.746 [JavaFX Application Thread] DEBUG GameScene            - Added MainViewComponent
12:12:36.746 [JavaFX Application Thread] DEBUG GameScene            - Entity added to scene
12:12:36.746 [JavaFX Application Thread] DEBUG GameScene            - Added MainViewComponent
12:12:36.746 [JavaFX Application Thread] DEBUG GameScene            - Entity added to scene
12:12:36.746 [JavaFX Application Thread] DEBUG GameScene            - Added MainViewComponent
12:12:36.747 [JavaFX Application Thread] DEBUG GameScene            - Entity added to scene
12:12:36.747 [JavaFX Application Thread] DEBUG GameScene            - Added MainViewComponent
12:12:36.747 [JavaFX Application Thread] DEBUG GameScene            - Entity added to scene
12:12:36.747 [JavaFX Application Thread] DEBUG GameScene            - Added MainViewComponent
12:12:36.906 [JavaFX Application Thread] DEBUG FXGLAssetLoader      - Loading from cache: /assets/textures/Ground1.png
12:12:36.907 [JavaFX Application Thread] DEBUG FXGLAssetLoader      - Loading from cache: /assets/textures/Ground1.png
12:12:36.907 [JavaFX Application Thread] DEBUG FXGLAssetLoader      - Loading from cache: /assets/textures/Ground1.png
12:12:36.908 [JavaFX Application Thread] DEBUG FXGLAssetLoader      - Loading from cache: /assets/textures/Ground1.png
12:12:36.908 [JavaFX Application Thread] DEBUG FXGLAssetLoader      - Loading from cache: /assets/textures/Ground1.png
12:12:36.911 [JavaFX Application Thread] DEBUG GameScene            - Entity added to scene
12:12:36.912 [JavaFX Application Thread] DEBUG GameScene            - Added MainViewComponent
12:12:36.912 [JavaFX Application Thread] DEBUG GameScene            - Entity added to scene
12:12:36.912 [JavaFX Application Thread] DEBUG GameScene            - Added MainViewComponent
12:12:36.912 [JavaFX Application Thread] DEBUG GameScene            - Entity added to scene
12:12:36.912 [JavaFX Application Thread] DEBUG GameScene            - Added MainViewComponent
12:12:36.912 [JavaFX Application Thread] DEBUG GameScene            - Entity added to scene
12:12:36.912 [JavaFX Application Thread] DEBUG GameScene            - Added MainViewComponent
12:12:36.912 [JavaFX Application Thread] DEBUG GameScene            - Entity added to scene
12:12:36.913 [JavaFX Application Thread] DEBUG GameScene            - Added MainViewComponent
12:12:37.037 [JavaFX Application Thread] DEBUG FXGLAssetLoader      - Loading from cache: /assets/textures/Ground1.png
12:12:37.037 [JavaFX Application Thread] DEBUG FXGLAssetLoader      - Loading from cache: /assets/textures/Ground1.png
12:12:37.037 [JavaFX Application Thread] DEBUG FXGLAssetLoader      - Loading from cache: /assets/textures/Ground1.png
12:12:37.038 [JavaFX Application Thread] DEBUG FXGLAssetLoader      - Loading from cache: /assets/textures/Ground1.png
12:12:37.038 [JavaFX Application Thread] DEBUG FXGLAssetLoader      - Loading from cache: /assets/textures/Ground1.png
12:12:37.043 [JavaFX Application Thread] DEBUG GameScene            - Entity added to scene
12:12:37.043 [JavaFX Application Thread] DEBUG GameScene            - Added MainViewComponent
12:12:37.043 [JavaFX Application Thread] DEBUG GameScene            - Entity added to scene
12:12:37.044 [JavaFX Application Thread] DEBUG GameScene            - Added MainViewComponent
12:12:37.044 [JavaFX Application Thread] DEBUG GameScene            - Entity added to scene
12:12:37.044 [JavaFX Application Thread] DEBUG GameScene            - Added MainViewComponent
12:12:37.044 [JavaFX Application Thread] DEBUG GameScene            - Entity added to scene
12:12:37.044 [JavaFX Application Thread] DEBUG GameScene            - Added MainViewComponent
12:12:37.044 [JavaFX Application Thread] DEBUG GameScene            - Entity added to scene
12:12:37.044 [JavaFX Application Thread] DEBUG GameScene            - Added MainViewComponent
12:12:37.044 [JavaFX Application Thread] DEBUG GameScene            - Entity removed from scene
12:12:37.045 [JavaFX Application Thread] DEBUG GameScene            - Removed MainViewComponent
12:12:37.046 [JavaFX Application Thread] DEBUG GameScene            - Entity removed from scene
12:12:37.046 [JavaFX Application Thread] DEBUG GameScene            - Removed MainViewComponent
12:12:37.046 [JavaFX Application Thread] DEBUG GameScene            - Entity removed from scene
12:12:37.046 [JavaFX Application Thread] DEBUG GameScene            - Removed MainViewComponent
12:12:37.046 [JavaFX Application Thread] DEBUG GameScene            - Entity removed from scene
12:12:37.046 [JavaFX Application Thread] DEBUG GameScene            - Removed MainViewComponent
12:12:37.046 [JavaFX Application Thread] DEBUG GameScene            - Entity removed from scene
12:12:37.046 [JavaFX Application Thread] DEBUG GameScene            - Removed MainViewComponent
12:12:37.141 [JavaFX Application Thread] DEBUG FXGLAssetLoader      - Loading from cache: /assets/textures/Ground1.png
12:12:37.141 [JavaFX Application Thread] DEBUG FXGLAssetLoader      - Loading from cache: /assets/textures/Ground1.png
12:12:37.142 [JavaFX Application Thread] DEBUG FXGLAssetLoader      - Loading from cache: /assets/textures/Ground1.png
12:12:37.142 [JavaFX Application Thread] DEBUG FXGLAssetLoader      - Loading from cache: /assets/textures/Ground1.png
12:12:37.142 [JavaFX Application Thread] DEBUG FXGLAssetLoader      - Loading from cache: /assets/textures/Ground1.png
12:12:37.148 [JavaFX Application Thread] DEBUG GameScene            - Entity added to scene
12:12:37.148 [JavaFX Application Thread] DEBUG GameScene            - Added MainViewComponent
12:12:37.148 [JavaFX Application Thread] DEBUG GameScene            - Entity added to scene
12:12:37.148 [JavaFX Application Thread] DEBUG GameScene            - Added MainViewComponent
12:12:37.148 [JavaFX Application Thread] DEBUG GameScene            - Entity added to scene
12:12:37.148 [JavaFX Application Thread] DEBUG GameScene            - Added MainViewComponent
12:12:37.148 [JavaFX Application Thread] DEBUG GameScene            - Entity added to scene
12:12:37.148 [JavaFX Application Thread] DEBUG GameScene            - Added MainViewComponent
12:12:37.148 [JavaFX Application Thread] DEBUG GameScene            - Entity added to scene
12:12:37.148 [JavaFX Application Thread] DEBUG GameScene            - Added MainViewComponent
12:12:37.148 [JavaFX Application Thread] DEBUG GameScene            - Entity removed from scene
12:12:37.149 [JavaFX Application Thread] DEBUG GameScene            - Removed MainViewComponent
12:12:37.149 [JavaFX Application Thread] DEBUG GameScene            - Entity removed from scene
12:12:37.149 [JavaFX Application Thread] DEBUG GameScene            - Removed MainViewComponent
12:12:37.149 [JavaFX Application Thread] DEBUG GameScene            - Entity removed from scene
12:12:37.149 [JavaFX Application Thread] DEBUG GameScene            - Removed MainViewComponent
12:12:37.149 [JavaFX Application Thread] DEBUG GameScene            - Entity removed from scene
12:12:37.149 [JavaFX Application Thread] DEBUG GameScene            - Removed MainViewComponent
12:12:37.149 [JavaFX Application Thread] DEBUG GameScene            - Entity removed from scene
12:12:37.149 [JavaFX Application Thread] DEBUG GameScene            - Removed MainViewComponent
12:12:37.246 [JavaFX Application Thread] DEBUG FXGLAssetLoader      - Loading from cache: /assets/textures/Ground1.png
12:12:37.246 [JavaFX Application Thread] DEBUG FXGLAssetLoader      - Loading from cache: /assets/textures/Ground1.png
12:12:37.247 [JavaFX Application Thread] DEBUG FXGLAssetLoader      - Loading from cache: /assets/textures/Ground1.png
12:12:37.247 [JavaFX Application Thread] DEBUG FXGLAssetLoader      - Loading from cache: /assets/textures/Ground1.png
12:12:37.248 [JavaFX Application Thread] DEBUG FXGLAssetLoader      - Loading from cache: /assets/textures/Ground1.png
12:12:37.252 [JavaFX Application Thread] DEBUG GameScene            - Entity added to scene
12:12:37.252 [JavaFX Application Thread] DEBUG GameScene            - Added MainViewComponent
12:12:37.253 [JavaFX Application Thread] DEBUG GameScene            - Entity added to scene
12:12:37.253 [JavaFX Application Thread] DEBUG GameScene            - Added MainViewComponent
12:12:37.253 [JavaFX Application Thread] DEBUG GameScene            - Entity added to scene
12:12:37.253 [JavaFX Application Thread] DEBUG GameScene            - Added MainViewComponent
12:12:37.253 [JavaFX Application Thread] DEBUG GameScene            - Entity added to scene
12:12:37.253 [JavaFX Application Thread] DEBUG GameScene            - Added MainViewComponent
12:12:37.254 [JavaFX Application Thread] DEBUG GameScene            - Entity added to scene
12:12:37.254 [JavaFX Application Thread] DEBUG GameScene            - Added MainViewComponent
12:12:37.254 [JavaFX Application Thread] DEBUG GameScene            - Entity removed from scene
12:12:37.254 [JavaFX Application Thread] DEBUG GameScene            - Removed MainViewComponent
12:12:37.254 [JavaFX Application Thread] DEBUG GameScene            - Entity removed from scene
12:12:37.254 [JavaFX Application Thread] DEBUG GameScene            - Removed MainViewComponent
12:12:37.255 [JavaFX Application Thread] DEBUG GameScene            - Entity removed from scene
12:12:37.255 [JavaFX Application Thread] DEBUG GameScene            - Removed MainViewComponent
12:12:37.255 [JavaFX Application Thread] DEBUG GameScene            - Entity removed from scene
12:12:37.255 [JavaFX Application Thread] DEBUG GameScene            - Removed MainViewComponent
12:12:37.255 [JavaFX Application Thread] DEBUG GameScene            - Entity removed from scene
12:12:37.255 [JavaFX Application Thread] DEBUG GameScene            - Removed MainViewComponent
12:12:37.335 [JavaFX Application Thread] DEBUG GameScene            - Entity removed from scene
12:12:37.335 [JavaFX Application Thread] DEBUG GameScene            - Removed MainViewComponent
12:12:37.336 [JavaFX Application Thread] DEBUG FXGLAssetLoader      - Loading from cache: /assets/textures/Ground1.png
12:12:37.336 [JavaFX Application Thread] DEBUG FXGLAssetLoader      - Loading from cache: /assets/textures/Ground1.png
12:12:37.336 [JavaFX Application Thread] DEBUG FXGLAssetLoader      - Loading from cache: /assets/textures/Ground1.png
12:12:37.337 [JavaFX Application Thread] DEBUG FXGLAssetLoader      - Loading from cache: /assets/textures/Ground1.png
12:12:37.337 [JavaFX Application Thread] DEBUG FXGLAssetLoader      - Loading from cache: /assets/textures/Ground1.png
12:12:37.340 [JavaFX Application Thread] DEBUG GameScene            - Entity added to scene
12:12:37.340 [JavaFX Application Thread] DEBUG GameScene            - Added MainViewComponent
12:12:37.340 [JavaFX Application Thread] DEBUG GameScene            - Entity added to scene
12:12:37.341 [JavaFX Application Thread] DEBUG GameScene            - Added MainViewComponent
12:12:37.341 [JavaFX Application Thread] DEBUG GameScene            - Entity added to scene
12:12:37.341 [JavaFX Application Thread] DEBUG GameScene            - Added MainViewComponent
12:12:37.341 [JavaFX Application Thread] DEBUG GameScene            - Entity added to scene
12:12:37.341 [JavaFX Application Thread] DEBUG GameScene            - Added MainViewComponent
12:12:37.341 [JavaFX Application Thread] DEBUG GameScene            - Entity added to scene
12:12:37.341 [JavaFX Application Thread] DEBUG GameScene            - Added MainViewComponent
12:12:37.341 [JavaFX Application Thread] DEBUG GameScene            - Entity removed from scene
12:12:37.341 [JavaFX Application Thread] DEBUG GameScene            - Removed MainViewComponent
12:12:37.341 [JavaFX Application Thread] DEBUG GameScene            - Entity removed from scene
12:12:37.341 [JavaFX Application Thread] DEBUG GameScene            - Removed MainViewComponent
12:12:37.342 [JavaFX Application Thread] DEBUG GameScene            - Entity removed from scene
12:12:37.342 [JavaFX Application Thread] DEBUG GameScene            - Removed MainViewComponent
12:12:37.342 [JavaFX Application Thread] DEBUG GameScene            - Entity removed from scene
12:12:37.342 [JavaFX Application Thread] DEBUG GameScene            - Removed MainViewComponent
12:12:37.342 [JavaFX Application Thread] DEBUG GameScene            - Entity removed from scene
12:12:37.342 [JavaFX Application Thread] DEBUG GameScene            - Removed MainViewComponent
12:12:37.357 [JavaFX Application Thread] DEBUG GameScene            - Entity removed from scene
12:12:37.357 [JavaFX Application Thread] DEBUG GameScene            - Removed MainViewComponent
12:12:37.420 [JavaFX Application Thread] DEBUG FXGLAssetLoader      - Loading from cache: /assets/textures/Ground1.png
12:12:37.421 [JavaFX Application Thread] DEBUG FXGLAssetLoader      - Loading from cache: /assets/textures/Ground1.png
12:12:37.421 [JavaFX Application Thread] DEBUG FXGLAssetLoader      - Loading from cache: /assets/textures/Ground1.png
12:12:37.421 [JavaFX Application Thread] DEBUG FXGLAssetLoader      - Loading from cache: /assets/textures/Ground1.png
12:12:37.422 [JavaFX Application Thread] DEBUG FXGLAssetLoader      - Loading from cache: /assets/textures/Ground1.png
12:12:37.432 [JavaFX Application Thread] DEBUG GameScene            - Entity added to scene
12:12:37.432 [JavaFX Application Thread] DEBUG GameScene            - Added MainViewComponent
12:12:37.432 [JavaFX Application Thread] DEBUG GameScene            - Entity added to scene
12:12:37.432 [JavaFX Application Thread] DEBUG GameScene            - Added MainViewComponent
12:12:37.432 [JavaFX Application Thread] DEBUG GameScene            - Entity added to scene
12:12:37.432 [JavaFX Application Thread] DEBUG GameScene            - Added MainViewComponent
12:12:37.433 [JavaFX Application Thread] DEBUG GameScene            - Entity added to scene
12:12:37.433 [JavaFX Application Thread] DEBUG GameScene            - Added MainViewComponent
12:12:37.433 [JavaFX Application Thread] DEBUG GameScene            - Entity added to scene
12:12:37.433 [JavaFX Application Thread] DEBUG GameScene            - Added MainViewComponent
12:12:37.433 [JavaFX Application Thread] DEBUG GameScene            - Entity removed from scene
12:12:37.433 [JavaFX Application Thread] DEBUG GameScene            - Removed MainViewComponent
12:12:37.433 [JavaFX Application Thread] DEBUG GameScene            - Entity removed from scene
12:12:37.433 [JavaFX Application Thread] DEBUG GameScene            - Removed MainViewComponent
12:12:37.433 [JavaFX Application Thread] DEBUG GameScene            - Entity removed from scene
12:12:37.433 [JavaFX Application Thread] DEBUG GameScene            - Removed MainViewComponent
12:12:37.433 [JavaFX Application Thread] DEBUG GameScene            - Entity removed from scene
12:12:37.433 [JavaFX Application Thread] DEBUG GameScene            - Removed MainViewComponent
12:12:37.433 [JavaFX Application Thread] DEBUG GameScene            - Entity removed from scene
12:12:37.434 [JavaFX Application Thread] DEBUG GameScene            - Removed MainViewComponent
12:12:37.564 [JavaFX Application Thread] DEBUG FXGLAssetLoader      - Loading from cache: /assets/textures/Ground1.png
12:12:37.564 [JavaFX Application Thread] DEBUG FXGLAssetLoader      - Loading from cache: /assets/textures/Ground1.png
12:12:37.565 [JavaFX Application Thread] DEBUG FXGLAssetLoader      - Loading from cache: /assets/textures/Ground1.png
12:12:37.565 [JavaFX Application Thread] DEBUG FXGLAssetLoader      - Loading from cache: /assets/textures/Ground1.png
12:12:37.565 [JavaFX Application Thread] DEBUG FXGLAssetLoader      - Loading from cache: /assets/textures/Ground1.png
12:12:37.571 [JavaFX Application Thread] DEBUG GameScene            - Entity added to scene
12:12:37.571 [JavaFX Application Thread] DEBUG GameScene            - Added MainViewComponent
12:12:37.571 [JavaFX Application Thread] DEBUG GameScene            - Entity added to scene
12:12:37.571 [JavaFX Application Thread] DEBUG GameScene            - Added MainViewComponent
12:12:37.571 [JavaFX Application Thread] DEBUG GameScene            - Entity added to scene
12:12:37.571 [JavaFX Application Thread] DEBUG GameScene            - Added MainViewComponent
12:12:37.571 [JavaFX Application Thread] DEBUG GameScene            - Entity added to scene
12:12:37.571 [JavaFX Application Thread] DEBUG GameScene            - Added MainViewComponent
12:12:37.571 [JavaFX Application Thread] DEBUG GameScene            - Entity added to scene
12:12:37.571 [JavaFX Application Thread] DEBUG GameScene            - Added MainViewComponent
12:12:37.571 [JavaFX Application Thread] DEBUG GameScene            - Entity removed from scene
12:12:37.571 [JavaFX Application Thread] DEBUG GameScene            - Removed MainViewComponent
12:12:37.572 [JavaFX Application Thread] DEBUG GameScene            - Entity removed from scene
12:12:37.572 [JavaFX Application Thread] DEBUG GameScene            - Removed MainViewComponent
12:12:37.572 [JavaFX Application Thread] DEBUG GameScene            - Entity removed from scene
12:12:37.572 [JavaFX Application Thread] DEBUG GameScene            - Removed MainViewComponent
12:12:37.572 [JavaFX Application Thread] DEBUG GameScene            - Entity removed from scene
12:12:37.572 [JavaFX Application Thread] DEBUG GameScene            - Removed MainViewComponent
12:12:37.572 [JavaFX Application Thread] DEBUG GameScene            - Entity removed from scene
12:12:37.572 [JavaFX Application Thread] DEBUG GameScene            - Removed MainViewComponent
12:12:39.276 [JavaFX Application Thread] DEBUG FXGLAssetLoader      - Loading from cache: /assets/textures/Ground1.png
12:12:39.277 [JavaFX Application Thread] DEBUG FXGLAssetLoader      - Loading from cache: /assets/textures/Ground1.png
12:12:39.277 [JavaFX Application Thread] DEBUG FXGLAssetLoader      - Loading from cache: /assets/textures/Ground1.png
12:12:39.278 [JavaFX Application Thread] DEBUG FXGLAssetLoader      - Loading from cache: /assets/textures/Ground1.png
12:12:39.279 [JavaFX Application Thread] DEBUG FXGLAssetLoader      - Loading from cache: /assets/textures/Ground1.png
12:12:39.286 [JavaFX Application Thread] DEBUG GameScene            - Entity added to scene
12:12:39.286 [JavaFX Application Thread] DEBUG GameScene            - Added MainViewComponent
12:12:39.287 [JavaFX Application Thread] DEBUG GameScene            - Entity added to scene
12:12:39.287 [JavaFX Application Thread] DEBUG GameScene            - Added MainViewComponent
12:12:39.287 [JavaFX Application Thread] DEBUG GameScene            - Entity added to scene
12:12:39.287 [JavaFX Application Thread] DEBUG GameScene            - Added MainViewComponent
12:12:39.287 [JavaFX Application Thread] DEBUG GameScene            - Entity added to scene
12:12:39.287 [JavaFX Application Thread] DEBUG GameScene            - Added MainViewComponent
12:12:39.288 [JavaFX Application Thread] DEBUG GameScene            - Entity added to scene
12:12:39.288 [JavaFX Application Thread] DEBUG GameScene            - Added MainViewComponent
12:12:39.288 [JavaFX Application Thread] DEBUG GameScene            - Entity removed from scene
12:12:39.288 [JavaFX Application Thread] DEBUG GameScene            - Removed MainViewComponent
12:12:39.288 [JavaFX Application Thread] DEBUG GameScene            - Entity removed from scene
12:12:39.288 [JavaFX Application Thread] DEBUG GameScene            - Removed MainViewComponent
12:12:39.289 [JavaFX Application Thread] DEBUG GameScene            - Entity removed from scene
12:12:39.289 [JavaFX Application Thread] DEBUG GameScene            - Removed MainViewComponent
12:12:39.289 [JavaFX Application Thread] DEBUG GameScene            - Entity removed from scene
12:12:39.289 [JavaFX Application Thread] DEBUG GameScene            - Removed MainViewComponent
12:12:39.289 [JavaFX Application Thread] DEBUG GameScene            - Entity removed from scene
12:12:39.289 [JavaFX Application Thread] DEBUG GameScene            - Removed MainViewComponent
12:12:39.468 [JavaFX Application Thread] DEBUG FXGLAssetLoader      - Loading from cache: /assets/textures/Ground1.png
12:12:39.468 [JavaFX Application Thread] DEBUG FXGLAssetLoader      - Loading from cache: /assets/textures/Ground1.png
12:12:39.469 [JavaFX Application Thread] DEBUG FXGLAssetLoader      - Loading from cache: /assets/textures/Ground1.png
12:12:39.469 [JavaFX Application Thread] DEBUG FXGLAssetLoader      - Loading from cache: /assets/textures/Ground1.png
12:12:39.469 [JavaFX Application Thread] DEBUG FXGLAssetLoader      - Loading from cache: /assets/textures/Ground1.png
12:12:39.473 [JavaFX Application Thread] DEBUG GameScene            - Entity added to scene
12:12:39.473 [JavaFX Application Thread] DEBUG GameScene            - Added MainViewComponent
12:12:39.473 [JavaFX Application Thread] DEBUG GameScene            - Entity added to scene
12:12:39.473 [JavaFX Application Thread] DEBUG GameScene            - Added MainViewComponent
12:12:39.475 [JavaFX Application Thread] DEBUG GameScene            - Entity added to scene
12:12:39.475 [JavaFX Application Thread] DEBUG GameScene            - Added MainViewComponent
12:12:39.475 [JavaFX Application Thread] DEBUG GameScene            - Entity added to scene
12:12:39.475 [JavaFX Application Thread] DEBUG GameScene            - Added MainViewComponent
12:12:39.475 [JavaFX Application Thread] DEBUG GameScene            - Entity added to scene
12:12:39.475 [JavaFX Application Thread] DEBUG GameScene            - Added MainViewComponent
12:12:39.476 [JavaFX Application Thread] DEBUG GameScene            - Entity removed from scene
12:12:39.476 [JavaFX Application Thread] DEBUG GameScene            - Removed MainViewComponent
12:12:39.476 [JavaFX Application Thread] DEBUG GameScene            - Entity removed from scene
12:12:39.476 [JavaFX Application Thread] DEBUG GameScene            - Removed MainViewComponent
12:12:39.476 [JavaFX Application Thread] DEBUG GameScene            - Entity removed from scene
12:12:39.476 [JavaFX Application Thread] DEBUG GameScene            - Removed MainViewComponent
12:12:39.476 [JavaFX Application Thread] DEBUG GameScene            - Entity removed from scene
12:12:39.476 [JavaFX Application Thread] DEBUG GameScene            - Removed MainViewComponent
12:12:39.477 [JavaFX Application Thread] DEBUG GameScene            - Entity removed from scene
12:12:39.477 [JavaFX Application Thread] DEBUG GameScene            - Removed MainViewComponent
12:12:39.592 [JavaFX Application Thread] DEBUG FXGLAssetLoader      - Loading from cache: /assets/textures/Ground1.png
12:12:39.593 [JavaFX Application Thread] DEBUG FXGLAssetLoader      - Loading from cache: /assets/textures/Ground1.png
12:12:39.593 [JavaFX Application Thread] DEBUG FXGLAssetLoader      - Loading from cache: /assets/textures/Ground1.png
12:12:39.594 [JavaFX Application Thread] DEBUG FXGLAssetLoader      - Loading from cache: /assets/textures/Ground1.png
12:12:39.594 [JavaFX Application Thread] DEBUG FXGLAssetLoader      - Loading from cache: /assets/textures/Ground1.png
12:12:39.596 [JavaFX Application Thread] DEBUG GameScene            - Entity added to scene
12:12:39.596 [JavaFX Application Thread] DEBUG GameScene            - Added MainViewComponent
12:12:39.596 [JavaFX Application Thread] DEBUG GameScene            - Entity added to scene
12:12:39.596 [JavaFX Application Thread] DEBUG GameScene            - Added MainViewComponent
12:12:39.597 [JavaFX Application Thread] DEBUG GameScene            - Entity added to scene
12:12:39.597 [JavaFX Application Thread] DEBUG GameScene            - Added MainViewComponent
12:12:39.597 [JavaFX Application Thread] DEBUG GameScene            - Entity added to scene
12:12:39.597 [JavaFX Application Thread] DEBUG GameScene            - Added MainViewComponent
12:12:39.597 [JavaFX Application Thread] DEBUG GameScene            - Entity added to scene
12:12:39.598 [JavaFX Application Thread] DEBUG GameScene            - Added MainViewComponent
12:12:39.598 [JavaFX Application Thread] DEBUG GameScene            - Entity removed from scene
12:12:39.598 [JavaFX Application Thread] DEBUG GameScene            - Removed MainViewComponent
12:12:39.598 [JavaFX Application Thread] DEBUG GameScene            - Entity removed from scene
12:12:39.598 [JavaFX Application Thread] DEBUG GameScene            - Removed MainViewComponent
12:12:39.599 [JavaFX Application Thread] DEBUG GameScene            - Entity removed from scene
12:12:39.599 [JavaFX Application Thread] DEBUG GameScene            - Removed MainViewComponent
12:12:39.599 [JavaFX Application Thread] DEBUG GameScene            - Entity removed from scene
12:12:39.599 [JavaFX Application Thread] DEBUG GameScene            - Removed MainViewComponent
12:12:39.599 [JavaFX Application Thread] DEBUG GameScene            - Entity removed from scene
12:12:39.600 [JavaFX Application Thread] DEBUG GameScene            - Removed MainViewComponent
12:12:39.703 [JavaFX Application Thread] DEBUG FXGLAssetLoader      - Loading from cache: /assets/textures/Ground1.png
12:12:39.703 [JavaFX Application Thread] DEBUG FXGLAssetLoader      - Loading from cache: /assets/textures/Ground1.png
12:12:39.703 [JavaFX Application Thread] DEBUG FXGLAssetLoader      - Loading from cache: /assets/textures/Ground1.png
12:12:39.703 [JavaFX Application Thread] DEBUG FXGLAssetLoader      - Loading from cache: /assets/textures/Ground1.png
12:12:39.703 [JavaFX Application Thread] DEBUG FXGLAssetLoader      - Loading from cache: /assets/textures/Ground1.png
12:12:39.708 [JavaFX Application Thread] DEBUG GameScene            - Entity added to scene
12:12:39.708 [JavaFX Application Thread] DEBUG GameScene            - Added MainViewComponent
12:12:39.708 [JavaFX Application Thread] DEBUG GameScene            - Entity added to scene
12:12:39.708 [JavaFX Application Thread] DEBUG GameScene            - Added MainViewComponent
12:12:39.708 [JavaFX Application Thread] DEBUG GameScene            - Entity added to scene
12:12:39.708 [JavaFX Application Thread] DEBUG GameScene            - Added MainViewComponent
12:12:39.708 [JavaFX Application Thread] DEBUG GameScene            - Entity added to scene
12:12:39.708 [JavaFX Application Thread] DEBUG GameScene            - Added MainViewComponent
12:12:39.708 [JavaFX Application Thread] DEBUG GameScene            - Entity added to scene
12:12:39.708 [JavaFX Application Thread] DEBUG GameScene            - Added MainViewComponent
12:12:39.709 [JavaFX Application Thread] DEBUG GameScene            - Entity removed from scene
12:12:39.709 [JavaFX Application Thread] DEBUG GameScene            - Removed MainViewComponent
12:12:39.709 [JavaFX Application Thread] DEBUG GameScene            - Entity removed from scene
12:12:39.709 [JavaFX Application Thread] DEBUG GameScene            - Removed MainViewComponent
12:12:39.709 [JavaFX Application Thread] DEBUG GameScene            - Entity removed from scene
12:12:39.709 [JavaFX Application Thread] DEBUG GameScene            - Removed MainViewComponent
12:12:39.709 [JavaFX Application Thread] DEBUG GameScene            - Entity removed from scene
12:12:39.709 [JavaFX Application Thread] DEBUG GameScene            - Removed MainViewComponent
12:12:39.709 [JavaFX Application Thread] DEBUG GameScene            - Entity removed from scene
12:12:39.709 [JavaFX Application Thread] DEBUG GameScene            - Removed MainViewComponent
12:12:39.804 [JavaFX Application Thread] DEBUG FXGLAssetLoader      - Loading from cache: /assets/textures/Ground1.png
12:12:39.804 [JavaFX Application Thread] DEBUG FXGLAssetLoader      - Loading from cache: /assets/textures/Ground1.png
12:12:39.804 [JavaFX Application Thread] DEBUG FXGLAssetLoader      - Loading from cache: /assets/textures/Ground1.png
12:12:39.805 [JavaFX Application Thread] DEBUG FXGLAssetLoader      - Loading from cache: /assets/textures/Ground1.png
12:12:39.805 [JavaFX Application Thread] DEBUG FXGLAssetLoader      - Loading from cache: /assets/textures/Ground1.png
12:12:39.813 [JavaFX Application Thread] DEBUG GameScene            - Entity added to scene
12:12:39.813 [JavaFX Application Thread] DEBUG GameScene            - Added MainViewComponent
12:12:39.813 [JavaFX Application Thread] DEBUG GameScene            - Entity added to scene
12:12:39.813 [JavaFX Application Thread] DEBUG GameScene            - Added MainViewComponent
12:12:39.813 [JavaFX Application Thread] DEBUG GameScene            - Entity added to scene
12:12:39.813 [JavaFX Application Thread] DEBUG GameScene            - Added MainViewComponent
12:12:39.813 [JavaFX Application Thread] DEBUG GameScene            - Entity added to scene
12:12:39.813 [JavaFX Application Thread] DEBUG GameScene            - Added MainViewComponent
12:12:39.813 [JavaFX Application Thread] DEBUG GameScene            - Entity added to scene
12:12:39.813 [JavaFX Application Thread] DEBUG GameScene            - Added MainViewComponent
12:12:39.813 [JavaFX Application Thread] DEBUG GameScene            - Entity removed from scene
12:12:39.813 [JavaFX Application Thread] DEBUG GameScene            - Removed MainViewComponent
12:12:39.814 [JavaFX Application Thread] DEBUG GameScene            - Entity removed from scene
12:12:39.814 [JavaFX Application Thread] DEBUG GameScene            - Removed MainViewComponent
12:12:39.814 [JavaFX Application Thread] DEBUG GameScene            - Entity removed from scene
12:12:39.814 [JavaFX Application Thread] DEBUG GameScene            - Removed MainViewComponent
12:12:39.814 [JavaFX Application Thread] DEBUG GameScene            - Entity removed from scene
12:12:39.814 [JavaFX Application Thread] DEBUG GameScene            - Removed MainViewComponent
12:12:39.814 [JavaFX Application Thread] DEBUG GameScene            - Entity removed from scene
12:12:39.814 [JavaFX Application Thread] DEBUG GameScene            - Removed MainViewComponent
12:12:39.995 [JavaFX Application Thread] DEBUG FXGLAssetLoader      - Loading from cache: /assets/textures/Ground1.png
12:12:39.996 [JavaFX Application Thread] DEBUG FXGLAssetLoader      - Loading from cache: /assets/textures/Ground1.png
12:12:39.996 [JavaFX Application Thread] DEBUG FXGLAssetLoader      - Loading from cache: /assets/textures/Ground1.png
12:12:39.996 [JavaFX Application Thread] DEBUG FXGLAssetLoader      - Loading from cache: /assets/textures/Ground1.png
12:12:39.997 [JavaFX Application Thread] DEBUG FXGLAssetLoader      - Loading from cache: /assets/textures/Ground1.png
12:12:40.001 [JavaFX Application Thread] DEBUG GameScene            - Entity added to scene
12:12:40.002 [JavaFX Application Thread] DEBUG GameScene            - Added MainViewComponent
12:12:40.002 [JavaFX Application Thread] DEBUG GameScene            - Entity added to scene
12:12:40.002 [JavaFX Application Thread] DEBUG GameScene            - Added MainViewComponent
12:12:40.002 [JavaFX Application Thread] DEBUG GameScene            - Entity added to scene
12:12:40.002 [JavaFX Application Thread] DEBUG GameScene            - Added MainViewComponent
12:12:40.002 [JavaFX Application Thread] DEBUG GameScene            - Entity added to scene
12:12:40.002 [JavaFX Application Thread] DEBUG GameScene            - Added MainViewComponent
12:12:40.003 [JavaFX Application Thread] DEBUG GameScene            - Entity added to scene
12:12:40.003 [JavaFX Application Thread] DEBUG GameScene            - Added MainViewComponent
12:12:40.003 [JavaFX Application Thread] DEBUG GameScene            - Entity removed from scene
12:12:40.003 [JavaFX Application Thread] DEBUG GameScene            - Removed MainViewComponent
12:12:40.003 [JavaFX Application Thread] DEBUG GameScene            - Entity removed from scene
12:12:40.003 [JavaFX Application Thread] DEBUG GameScene            - Removed MainViewComponent
12:12:40.003 [JavaFX Application Thread] DEBUG GameScene            - Entity removed from scene
12:12:40.003 [JavaFX Application Thread] DEBUG GameScene            - Removed MainViewComponent
12:12:40.003 [JavaFX Application Thread] DEBUG GameScene            - Entity removed from scene
12:12:40.003 [JavaFX Application Thread] DEBUG GameScene            - Removed MainViewComponent
12:12:40.004 [JavaFX Application Thread] DEBUG GameScene            - Entity removed from scene
12:12:40.004 [JavaFX Application Thread] DEBUG GameScene            - Removed MainViewComponent
12:12:40.274 [JavaFX Application Thread] DEBUG FXGLEventBus         - Firing event: DisplayEvent[type=CLOSE_REQUEST]
12:12:40.275 [JavaFX Application Thread] DEBUG FXGLEventBus         - Firing event: FXGLEvent[type=EXIT]
12:12:40.275 [JavaFX Application Thread] DEBUG FXGLEventBus         - Firing event: SaveEvent
12:12:40.275 [JavaFX Application Thread] DEBUG FXGLInput            - Saving data to profile
12:12:40.275 [JavaFX Application Thread] DEBUG Bundle               - Logging bundle: input
12:12:40.275 [JavaFX Application Thread] DEBUG Bundle               - input.Open Fuel Shop=1
12:12:40.275 [JavaFX Application Thread] DEBUG Bundle               - input.Screenshot=H
12:12:40.275 [JavaFX Application Thread] DEBUG Bundle               - input.Dev Options=CTRL+0
12:12:40.275 [JavaFX Application Thread] DEBUG Bundle               - input.Move up=W
12:12:40.275 [JavaFX Application Thread] DEBUG Bundle               - input.Open Sell=2
12:12:40.275 [JavaFX Application Thread] DEBUG Bundle               - input.Move With Mouse=PRIMARY
12:12:40.275 [JavaFX Application Thread] DEBUG FXGLDisplay          - Saving data to profile
12:12:40.275 [JavaFX Application Thread] DEBUG Bundle               - Logging bundle: scene
12:12:40.275 [JavaFX Application Thread] DEBUG Bundle               - scene.sizeW=822.8571428571428
12:12:40.275 [JavaFX Application Thread] DEBUG Bundle               - scene.sizeH=720.0
12:12:40.276 [JavaFX Application Thread] DEBUG FXGLAudioPlayer      - Saving data to profile
12:12:40.276 [JavaFX Application Thread] DEBUG Bundle               - Logging bundle: audio
12:12:40.276 [JavaFX Application Thread] DEBUG Bundle               - audio.musicVolume=0.5
12:12:40.276 [JavaFX Application Thread] DEBUG Bundle               - audio.soundVolume=0.47449908925318784
12:12:40.276 [JavaFX Application Thread] DEBUG AchievementManager   - Saving data to profile
12:12:40.276 [JavaFX Application Thread] DEBUG Bundle               - Logging bundle: achievement
12:12:40.276 [JavaFX Application Thread] DEBUG FXGLMasterTimer      - Saving data to profile
12:12:40.276 [JavaFX Application Thread] DEBUG Bundle               - Logging bundle: timer
12:12:40.276 [JavaFX Application Thread] DEBUG Bundle               - timer.playtime=1572779907694
12:12:40.276 [JavaFX Application Thread] DEBUG SaveLoadManager      - Saving profile: Mack
12:12:40.277 [JavaFX Application Thread] DEBUG IOTask               - Executing task: writeDataTask(./profiles/Mack/user.profile)
12:12:40.277 [JavaFX Application Thread] DEBUG IOTask               - Executing task: writeDataTask(./profiles/Mack/user.profile)
12:12:40.278 [JavaFX Application Thread] DEBUG FS                   - Writing to: .\profiles\Mack\user.profile
12:12:40.284 [JavaFX Application Thread] DEBUG IOTask               - Executing task: checkSavesDir(./profiles/Mack/saves/)
12:12:40.284 [JavaFX Application Thread] DEBUG IOTask               - Task succeeded: writeDataTask(./profiles/Mack/user.profile)
12:12:40.286 [JavaFX Application Thread] DEBUG FXGL                 - Saving FXGL system data
12:12:40.287 [JavaFX Application Thread] DEBUG IOTask               - Executing task: writeDataTask(system/fxgl.bundle)
12:12:40.287 [JavaFX Application Thread] DEBUG FS                   - Writing to: system\fxgl.bundle
12:12:40.292 [JavaFX Application Thread] DEBUG IOTask               - Task succeeded: writeDataTask(system/fxgl.bundle)
