12:20:46.380 [FXGL Launcher Thread     ] DEBUG FXGLLoggerFactory    - Service [LoggerFactory] initialized
12:20:46.401 [FXGL Launcher Thread     ] DEBUG FXGL                 - FXGL configuration complete
12:20:46.401 [FXGL Launcher Thread     ] DEBUG FXGL                 - Loading FXGL system data
12:20:46.411 [FXGL Launcher Thread     ] DEBUG IOTask               - Executing task: readDataTask(system/fxgl.bundle)
12:20:46.421 [FXGL Launcher Thread     ] DEBUG FS                   - Reading from: system\fxgl.bundle
12:20:46.440 [FXGL Launcher Thread     ] DEBUG IOTask               - Task succeeded: readDataTask(system/fxgl.bundle)
12:20:46.440 [FXGL Launcher Thread     ] DEBUG Bundle               - Logging bundle: FXGL
12:20:46.442 [FXGL Launcher Thread     ] DEBUG Bundle               - FXGL.offline.timer.version.check=2017-01-19T11:15:50.579
12:20:46.457 [FXGL Launcher Thread     ] DEBUG GameApplication      - Configuring GameApplication
12:20:46.471 [FXGL Launcher Thread     ] DEBUG FXGLExceptionHandler - Service [ExceptionHandler] initialized
12:20:46.473 [FXGL Launcher Thread     ] DEBUG FXGLEventBus         - Service [EventBus] initialized
12:20:46.482 [FXGL Launcher Thread     ] DEBUG FXGLExecutor         - Service [Executor] initialized
12:20:46.482 [FXGL Launcher Thread     ] DEBUG PreInitTask          - Injecting gameWorld & physicsWorld
12:20:46.501 [FXGL Launcher Thread     ] DEBUG GameWorld            - Game world initialized
12:20:46.612 [FXGL Launcher Thread     ] DEBUG FXGLPooler           - Service [Pooler] initialized with default size = 128
12:20:46.613 [FXGL Launcher Thread     ] DEBUG PhysicsWorld         - Physics world initialized: appHeight=700.0, physics.ppm=50.0
12:20:46.616 [FXGL Launcher Thread     ] DEBUG FXGLInput            - Service [Input] initialized
12:20:46.679 [FXGL Launcher Thread     ] DEBUG FXGLInput            - Registered new binding: Screenshot - P
12:20:46.680 [FXGL Launcher Thread     ] DEBUG FXGLInput            - Registered new binding: Dev Options - CTRL+0
12:20:46.682 [FXGL Launcher Thread     ] DEBUG FXGLInput            - Registered new binding: Move With Mouse - PRIMARY
12:20:46.682 [FXGL Launcher Thread     ] DEBUG FXGLInput            - Registered new binding: Move up - W
12:20:46.684 [FXGL Launcher Thread     ] DEBUG FXGLInput            - Registered new binding: Open Selling Shop - 2
12:20:46.684 [FXGL Launcher Thread     ] DEBUG FXGLInput            - Registered new binding: Open Fuel Shop - 1
12:20:46.684 [FXGL Launcher Thread     ] DEBUG FXGLInput            - Registered new binding: Open Armour Repair - 3
12:20:46.775 [FXGL Launcher Thread     ] DEBUG GameScene            - Game scene initialized: 800.0x700.0
12:20:46.802 [FXGL Launcher Thread     ] DEBUG FXGLAssetLoader      - Service [AssetLoader] initialized: cacheSize=35
12:20:46.808 [FXGL Launcher Thread     ] DEBUG FXGLAssetLoader      - Loading from disk: /assets/sounds/system/notification.wav
12:20:46.890 [FXGL Launcher Thread     ] DEBUG FXGLAssetLoader      - Loading from disk: /assets/sounds/menu/select.wav
12:20:46.895 [FXGL Launcher Thread     ] DEBUG FXGLAssetLoader      - Loading from disk: /assets/sounds/menu/back.wav
12:20:46.904 [FXGL Launcher Thread     ] DEBUG FXGLAssetLoader      - Loading from disk: /assets/sounds/menu/press.wav
12:20:46.918 [FXGL Launcher Thread     ] DEBUG FXGLAssetLoader      - Loading from disk: /assets/ui/fonts/Copperplate_Gothic_Light_Regular.ttf
12:20:47.283 [FXGL Launcher Thread     ] DEBUG FXGLAssetLoader      - Loading from disk: /assets/ui/css/fxgl.css
12:20:47.283 [FXGL Launcher Thread     ] DEBUG FXGLAssetLoader      - Loading from disk: /assets/ui/icons/fxgl_icon.png
12:20:47.404 [FXGL Launcher Thread     ] DEBUG FXGLAssetLoader      - Loading from disk: /assets/ui/css/fxgl_dark.css
12:20:47.430 [FXGL Launcher Thread     ] DEBUG FXGLDisplay          - Target size: DoubleProperty [value: 800.0] x DoubleProperty [value: 700.0] @ 1.0
12:20:47.430 [FXGL Launcher Thread     ] DEBUG FXGLDisplay          - New size:    800.0 x 700.0 @ DoubleProperty [value: 1.0]
12:20:47.431 [FXGL Launcher Thread     ] DEBUG FXGLDisplay          - Service [Display] initialized
12:20:47.432 [FXGL Launcher Thread     ] DEBUG FXGLDisplay          - Using CSS: CSS(externalForm=jar:file:/C:/Users/Tyler/Documents/NetBeansProjects/MotherLoad/MotherLoad/lib/fxgl-0.2.9-uber.jar!/assets/ui/css/fxgl_dark.css)
12:20:47.433 [FXGL Launcher Thread     ] DEBUG InitScenesTask       - Injecting loadingScene & gameScene
12:20:47.489 [FXGL Launcher Thread     ] DEBUG FXGLMasterTimer      - Service [MasterTimer] initialized
12:20:47.496 [FXGL Launcher Thread     ] DEBUG FXGLAudioPlayer      - Service [AudioPlayer] initialized
12:20:47.518 [FXGL Launcher Thread     ] DEBUG InitProfilerTask     - Injecting profiler
12:20:47.519 [FXGL Launcher Thread     ] DEBUG GameApplication      - Starting new game
12:20:47.523 [FXGL Launcher Thread     ] DEBUG GameApplication      - Initializing App
12:20:47.527 [FXGL Launcher Thread     ] DEBUG FXGLInput            - Clearing active input actions
12:20:47.528 [FXGL Launcher Thread     ] DEBUG FXGLMasterTimer      - Stopping master timer
12:20:47.528 [FXGL Launcher Thread     ] DEBUG GameApplication      - State: STARTUP -> PAUSED
12:20:47.530 [FXGL Launcher Thread     ] DEBUG FXGLEventBus         - Firing event: FXGLEvent[type=PAUSE]
12:20:47.534 [FXGL Launcher Thread     ] DEBUG FXGLInput            - Clearing active input actions
12:20:47.535 [FXGL Launcher Thread     ] DEBUG FXGLMasterTimer      - Resetting ticks and clearing all actions
12:20:47.535 [FXGL Launcher Thread     ] DEBUG GameWorld            - Resetting game world
12:20:47.535 [FXGL Launcher Thread     ] TRACE EntityWorld          - Resetting entity world
12:20:47.539 [FXGL Launcher Thread     ] DEBUG PhysicsWorld         - Resetting physics world
12:20:47.539 [FXGL Launcher Thread     ] DEBUG GameScene            - Resetting game scene
12:20:47.539 [FXGL Launcher Thread     ] DEBUG FXGLEventBus         - Firing event: FXGLEvent[type=RESET]
12:20:48.316 [FXGL Launcher Thread     ] DEBUG GameApplication      - State: PAUSED -> LOADING
12:20:48.433 [FXGL Background Thread 1 ] DEBUG InitAppTask          - Initializing Assets
12:20:48.436 [FXGL Background Thread 1 ] DEBUG InitAppTask          - Initializing Game
12:20:48.447 [FXGL Background Thread 1 ] DEBUG FXGLAssetLoader      - Loading from disk: /assets/music/Music.mp3
12:20:48.561 [JavaFX Application Thread] DEBUG FXGLDisplay          - Showing stage
12:20:48.562 [JavaFX Application Thread] DEBUG FXGLDisplay          - Root size: 800.0x700.0
12:20:48.562 [JavaFX Application Thread] DEBUG FXGLDisplay          - Scene size: 800.0x700.0
12:20:48.563 [JavaFX Application Thread] DEBUG FXGLDisplay          - Stage size: 816.0x739.0
12:20:48.637 [FXGL Background Thread 1 ] DEBUG FXGLAudioPlayer      - Playing music Music [balance=0.0, volume=1.0, rate=1.0, cycleCount=1]
12:20:48.763 [FXGL Background Thread 1 ] DEBUG FXGLAssetLoader      - Loading from disk: /assets/textures/fuelshop.png
12:20:48.861 [FXGL Background Thread 1 ] DEBUG FXGLAssetLoader      - Loading from disk: /assets/textures/oreshop.png
12:20:49.108 [FXGL Background Thread 1 ] DEBUG FXGLAssetLoader      - Loading from disk: /assets/textures/repairShop.png
12:20:49.303 [FXGL Background Thread 1 ] DEBUG FXGLAssetLoader      - Loading from disk: /assets/textures/upgrade.png
12:20:49.365 [FXGL Background Thread 1 ] DEBUG InitAppTask          - Initializing Physics
12:20:49.370 [FXGL Background Thread 1 ] DEBUG InitAppTask          - Initializing UI
12:20:49.392 [FXGL Background Thread 1 ] DEBUG GameScene            - Adding UI node: Text[text="Fuel Remaining: 1000", x=0.0, y=0.0, alignment=LEFT, origin=BASELINE, boundsType=LOGICAL, font=Font[name=Copperplate Gothic Light, family=Copperplate Gothic Light, style=Regular, size=20.0], fontSmoothingType=GRAY, fill=0x5f9ea0ff]
12:20:49.393 [FXGL Background Thread 1 ] DEBUG GameScene            - Adding UI node: Text[text="Armour Level: 10", x=0.0, y=0.0, alignment=LEFT, origin=BASELINE, boundsType=LOGICAL, font=Font[name=Copperplate Gothic Light, family=Copperplate Gothic Light, style=Regular, size=20.0], fontSmoothingType=GRAY, fill=0xdc143cff]
12:20:49.395 [FXGL Background Thread 1 ] DEBUG GameScene            - Adding UI node: Text[text="Credits: 100", x=0.0, y=0.0, alignment=LEFT, origin=BASELINE, boundsType=LOGICAL, font=Font[name=Copperplate Gothic Light, family=Copperplate Gothic Light, style=Regular, size=20.0], fontSmoothingType=GRAY, fill=0x00ff00ff]
12:20:49.395 [FXGL Background Thread 1 ] DEBUG InitAppTask          - Initialization Complete
12:20:49.401 [JavaFX Application Thread] DEBUG FXGLInput            - Clearing active input actions
12:20:49.402 [JavaFX Application Thread] DEBUG FXGLMasterTimer      - Starting master timer
12:20:49.403 [JavaFX Application Thread] DEBUG GameApplication      - State: LOADING -> PLAYING
12:20:49.422 [JavaFX Application Thread] DEBUG FXGLEventBus         - Firing event: FXGLEvent[type=RESUME]
12:20:49.433 [JavaFX Application Thread] DEBUG GameScene            - Entity added to scene
12:20:49.435 [JavaFX Application Thread] DEBUG GameScene            - Added MainViewComponent
12:20:49.443 [JavaFX Application Thread] DEBUG GameScene            - Creating render group for layer: TOP(2147483647)
12:20:49.452 [JavaFX Application Thread] DEBUG GameScene            - Entity added to scene
12:20:49.452 [JavaFX Application Thread] DEBUG GameScene            - Added MainViewComponent
12:20:49.456 [JavaFX Application Thread] DEBUG GameScene            - Entity added to scene
12:20:49.456 [JavaFX Application Thread] DEBUG GameScene            - Added MainViewComponent
12:20:49.457 [JavaFX Application Thread] DEBUG GameScene            - Entity added to scene
12:20:49.457 [JavaFX Application Thread] DEBUG GameScene            - Added MainViewComponent
12:20:49.458 [JavaFX Application Thread] DEBUG GameScene            - Entity added to scene
12:20:49.459 [JavaFX Application Thread] DEBUG GameScene            - Added MainViewComponent
12:20:49.635 [JavaFX Application Thread] DEBUG FXGLAssetLoader      - Loading from disk: /assets/textures/Ground1.png
12:20:49.642 [JavaFX Application Thread] DEBUG FXGLAssetLoader      - Loading from cache: /assets/textures/Ground1.png@64.0x64.0
12:20:49.644 [JavaFX Application Thread] DEBUG FXGLAssetLoader      - Loading from cache: /assets/textures/Ground1.png@64.0x64.0
12:20:49.646 [JavaFX Application Thread] DEBUG FXGLAssetLoader      - Loading from cache: /assets/textures/Ground1.png@64.0x64.0
12:20:49.648 [JavaFX Application Thread] DEBUG FXGLAssetLoader      - Loading from cache: /assets/textures/Ground1.png@64.0x64.0
12:20:49.651 [JavaFX Application Thread] DEBUG FXGLAssetLoader      - Loading from cache: /assets/textures/Ground1.png@64.0x64.0
12:20:49.654 [JavaFX Application Thread] DEBUG FXGLAssetLoader      - Loading from cache: /assets/textures/Ground1.png@64.0x64.0
12:20:49.656 [JavaFX Application Thread] DEBUG FXGLAssetLoader      - Loading from cache: /assets/textures/Ground1.png@64.0x64.0
12:20:49.658 [JavaFX Application Thread] DEBUG FXGLAssetLoader      - Loading from cache: /assets/textures/Ground1.png@64.0x64.0
12:20:49.660 [JavaFX Application Thread] DEBUG FXGLAssetLoader      - Loading from cache: /assets/textures/Ground1.png@64.0x64.0
12:20:49.662 [JavaFX Application Thread] DEBUG FXGLAssetLoader      - Loading from cache: /assets/textures/Ground1.png@64.0x64.0
12:20:49.664 [JavaFX Application Thread] DEBUG FXGLAssetLoader      - Loading from cache: /assets/textures/Ground1.png@64.0x64.0
12:20:49.666 [JavaFX Application Thread] DEBUG FXGLAssetLoader      - Loading from cache: /assets/textures/Ground1.png@64.0x64.0
12:20:49.668 [JavaFX Application Thread] DEBUG FXGLAssetLoader      - Loading from cache: /assets/textures/Ground1.png@64.0x64.0
12:20:49.670 [JavaFX Application Thread] DEBUG FXGLAssetLoader      - Loading from cache: /assets/textures/Ground1.png@64.0x64.0
12:20:49.672 [JavaFX Application Thread] DEBUG FXGLAssetLoader      - Loading from cache: /assets/textures/Ground1.png@64.0x64.0
12:20:49.674 [JavaFX Application Thread] DEBUG FXGLAssetLoader      - Loading from cache: /assets/textures/Ground1.png@64.0x64.0
12:20:49.677 [JavaFX Application Thread] DEBUG FXGLAssetLoader      - Loading from cache: /assets/textures/Ground1.png@64.0x64.0
12:20:49.679 [JavaFX Application Thread] DEBUG FXGLAssetLoader      - Loading from cache: /assets/textures/Ground1.png@64.0x64.0
12:20:49.681 [JavaFX Application Thread] DEBUG FXGLAssetLoader      - Loading from cache: /assets/textures/Ground1.png@64.0x64.0
12:20:49.683 [JavaFX Application Thread] DEBUG FXGLAssetLoader      - Loading from cache: /assets/textures/Ground1.png@64.0x64.0
12:20:49.685 [JavaFX Application Thread] DEBUG FXGLAssetLoader      - Loading from cache: /assets/textures/Ground1.png@64.0x64.0
12:20:49.687 [JavaFX Application Thread] DEBUG FXGLAssetLoader      - Loading from cache: /assets/textures/Ground1.png@64.0x64.0
12:20:49.689 [JavaFX Application Thread] DEBUG FXGLAssetLoader      - Loading from cache: /assets/textures/Ground1.png@64.0x64.0
12:20:49.691 [JavaFX Application Thread] DEBUG FXGLAssetLoader      - Loading from cache: /assets/textures/Ground1.png@64.0x64.0
12:20:49.692 [JavaFX Application Thread] DEBUG FXGLAssetLoader      - Loading from cache: /assets/textures/Ground1.png@64.0x64.0
12:20:49.694 [JavaFX Application Thread] DEBUG FXGLAssetLoader      - Loading from cache: /assets/textures/Ground1.png@64.0x64.0
12:20:49.696 [JavaFX Application Thread] DEBUG FXGLAssetLoader      - Loading from cache: /assets/textures/Ground1.png@64.0x64.0
12:20:49.698 [JavaFX Application Thread] DEBUG FXGLAssetLoader      - Loading from cache: /assets/textures/Ground1.png@64.0x64.0
12:20:49.699 [JavaFX Application Thread] DEBUG FXGLAssetLoader      - Loading from cache: /assets/textures/Ground1.png@64.0x64.0
12:20:49.701 [JavaFX Application Thread] DEBUG FXGLAssetLoader      - Loading from cache: /assets/textures/Ground1.png@64.0x64.0
12:20:49.703 [JavaFX Application Thread] DEBUG FXGLAssetLoader      - Loading from cache: /assets/textures/Ground1.png@64.0x64.0
12:20:49.705 [JavaFX Application Thread] DEBUG FXGLAssetLoader      - Loading from cache: /assets/textures/Ground1.png@64.0x64.0
12:20:49.706 [JavaFX Application Thread] DEBUG FXGLAssetLoader      - Loading from cache: /assets/textures/Ground1.png@64.0x64.0
12:20:49.708 [JavaFX Application Thread] DEBUG FXGLAssetLoader      - Loading from cache: /assets/textures/Ground1.png@64.0x64.0
12:20:49.710 [JavaFX Application Thread] DEBUG FXGLAssetLoader      - Loading from cache: /assets/textures/Ground1.png@64.0x64.0
12:20:49.712 [JavaFX Application Thread] DEBUG FXGLAssetLoader      - Loading from cache: /assets/textures/Ground1.png@64.0x64.0
12:20:49.714 [JavaFX Application Thread] DEBUG FXGLAssetLoader      - Loading from cache: /assets/textures/Ground1.png@64.0x64.0
12:20:49.716 [JavaFX Application Thread] DEBUG FXGLAssetLoader      - Loading from cache: /assets/textures/Ground1.png@64.0x64.0
12:20:49.718 [JavaFX Application Thread] DEBUG FXGLAssetLoader      - Loading from cache: /assets/textures/Ground1.png@64.0x64.0
12:20:49.720 [JavaFX Application Thread] DEBUG FXGLAssetLoader      - Loading from cache: /assets/textures/Ground1.png@64.0x64.0
12:20:49.721 [JavaFX Application Thread] DEBUG FXGLAssetLoader      - Loading from cache: /assets/textures/Ground1.png@64.0x64.0
12:20:49.723 [JavaFX Application Thread] DEBUG FXGLAssetLoader      - Loading from cache: /assets/textures/Ground1.png@64.0x64.0
12:20:49.725 [JavaFX Application Thread] DEBUG FXGLAssetLoader      - Loading from cache: /assets/textures/Ground1.png@64.0x64.0
12:20:49.727 [JavaFX Application Thread] DEBUG FXGLAssetLoader      - Loading from cache: /assets/textures/Ground1.png@64.0x64.0
12:20:49.763 [JavaFX Application Thread] DEBUG GameScene            - Entity added to scene
12:20:49.763 [JavaFX Application Thread] DEBUG GameScene            - Added MainViewComponent
12:20:49.765 [JavaFX Application Thread] DEBUG GameScene            - Entity added to scene
12:20:49.765 [JavaFX Application Thread] DEBUG GameScene            - Added MainViewComponent
12:20:49.767 [JavaFX Application Thread] DEBUG GameScene            - Entity added to scene
12:20:49.767 [JavaFX Application Thread] DEBUG GameScene            - Added MainViewComponent
12:20:49.768 [JavaFX Application Thread] DEBUG GameScene            - Entity added to scene
12:20:49.768 [JavaFX Application Thread] DEBUG GameScene            - Added MainViewComponent
12:20:49.769 [JavaFX Application Thread] DEBUG GameScene            - Entity added to scene
12:20:49.769 [JavaFX Application Thread] DEBUG GameScene            - Added MainViewComponent
12:20:49.770 [JavaFX Application Thread] DEBUG GameScene            - Entity added to scene
12:20:49.770 [JavaFX Application Thread] DEBUG GameScene            - Added MainViewComponent
12:20:49.771 [JavaFX Application Thread] DEBUG GameScene            - Entity added to scene
12:20:49.772 [JavaFX Application Thread] DEBUG GameScene            - Added MainViewComponent
12:20:49.773 [JavaFX Application Thread] DEBUG GameScene            - Entity added to scene
12:20:49.773 [JavaFX Application Thread] DEBUG GameScene            - Added MainViewComponent
12:20:49.774 [JavaFX Application Thread] DEBUG GameScene            - Entity added to scene
12:20:49.775 [JavaFX Application Thread] DEBUG GameScene            - Added MainViewComponent
12:20:49.776 [JavaFX Application Thread] DEBUG GameScene            - Entity added to scene
12:20:49.776 [JavaFX Application Thread] DEBUG GameScene            - Added MainViewComponent
12:20:49.777 [JavaFX Application Thread] DEBUG GameScene            - Entity added to scene
12:20:49.777 [JavaFX Application Thread] DEBUG GameScene            - Added MainViewComponent
12:20:49.778 [JavaFX Application Thread] DEBUG GameScene            - Entity added to scene
12:20:49.778 [JavaFX Application Thread] DEBUG GameScene            - Added MainViewComponent
12:20:49.779 [JavaFX Application Thread] DEBUG GameScene            - Entity added to scene
12:20:49.779 [JavaFX Application Thread] DEBUG GameScene            - Added MainViewComponent
12:20:49.780 [JavaFX Application Thread] DEBUG GameScene            - Entity added to scene
12:20:49.781 [JavaFX Application Thread] DEBUG GameScene            - Added MainViewComponent
12:20:49.782 [JavaFX Application Thread] DEBUG GameScene            - Entity added to scene
12:20:49.782 [JavaFX Application Thread] DEBUG GameScene            - Added MainViewComponent
12:20:49.783 [JavaFX Application Thread] DEBUG GameScene            - Entity added to scene
12:20:49.783 [JavaFX Application Thread] DEBUG GameScene            - Added MainViewComponent
12:20:49.784 [JavaFX Application Thread] DEBUG GameScene            - Entity added to scene
12:20:49.784 [JavaFX Application Thread] DEBUG GameScene            - Added MainViewComponent
12:20:49.785 [JavaFX Application Thread] DEBUG GameScene            - Entity added to scene
12:20:49.785 [JavaFX Application Thread] DEBUG GameScene            - Added MainViewComponent
12:20:49.786 [JavaFX Application Thread] DEBUG GameScene            - Entity added to scene
12:20:49.786 [JavaFX Application Thread] DEBUG GameScene            - Added MainViewComponent
12:20:49.787 [JavaFX Application Thread] DEBUG GameScene            - Entity added to scene
12:20:49.788 [JavaFX Application Thread] DEBUG GameScene            - Added MainViewComponent
12:20:49.789 [JavaFX Application Thread] DEBUG GameScene            - Entity added to scene
12:20:49.789 [JavaFX Application Thread] DEBUG GameScene            - Added MainViewComponent
12:20:49.791 [JavaFX Application Thread] DEBUG GameScene            - Entity added to scene
12:20:49.791 [JavaFX Application Thread] DEBUG GameScene            - Added MainViewComponent
12:20:49.793 [JavaFX Application Thread] DEBUG GameScene            - Entity added to scene
12:20:49.793 [JavaFX Application Thread] DEBUG GameScene            - Added MainViewComponent
12:20:49.795 [JavaFX Application Thread] DEBUG GameScene            - Entity added to scene
12:20:49.795 [JavaFX Application Thread] DEBUG GameScene            - Added MainViewComponent
12:20:49.797 [JavaFX Application Thread] DEBUG GameScene            - Entity added to scene
12:20:49.797 [JavaFX Application Thread] DEBUG GameScene            - Added MainViewComponent
12:20:49.798 [JavaFX Application Thread] DEBUG GameScene            - Entity added to scene
12:20:49.798 [JavaFX Application Thread] DEBUG GameScene            - Added MainViewComponent
12:20:49.799 [JavaFX Application Thread] DEBUG GameScene            - Entity added to scene
12:20:49.799 [JavaFX Application Thread] DEBUG GameScene            - Added MainViewComponent
12:20:49.800 [JavaFX Application Thread] DEBUG GameScene            - Entity added to scene
12:20:49.800 [JavaFX Application Thread] DEBUG GameScene            - Added MainViewComponent
12:20:49.801 [JavaFX Application Thread] DEBUG GameScene            - Entity added to scene
12:20:49.802 [JavaFX Application Thread] DEBUG GameScene            - Added MainViewComponent
12:20:49.803 [JavaFX Application Thread] DEBUG GameScene            - Entity added to scene
12:20:49.803 [JavaFX Application Thread] DEBUG GameScene            - Added MainViewComponent
12:20:49.805 [JavaFX Application Thread] DEBUG GameScene            - Entity added to scene
12:20:49.805 [JavaFX Application Thread] DEBUG GameScene            - Added MainViewComponent
12:20:49.806 [JavaFX Application Thread] DEBUG GameScene            - Entity added to scene
12:20:49.806 [JavaFX Application Thread] DEBUG GameScene            - Added MainViewComponent
12:20:49.808 [JavaFX Application Thread] DEBUG GameScene            - Entity added to scene
12:20:49.808 [JavaFX Application Thread] DEBUG GameScene            - Added MainViewComponent
12:20:49.810 [JavaFX Application Thread] DEBUG GameScene            - Entity added to scene
12:20:49.810 [JavaFX Application Thread] DEBUG GameScene            - Added MainViewComponent
12:20:49.812 [JavaFX Application Thread] DEBUG GameScene            - Entity added to scene
12:20:49.812 [JavaFX Application Thread] DEBUG GameScene            - Added MainViewComponent
12:20:49.813 [JavaFX Application Thread] DEBUG GameScene            - Entity added to scene
12:20:49.813 [JavaFX Application Thread] DEBUG GameScene            - Added MainViewComponent
12:20:49.814 [JavaFX Application Thread] DEBUG GameScene            - Entity added to scene
12:20:49.815 [JavaFX Application Thread] DEBUG GameScene            - Added MainViewComponent
12:20:49.816 [JavaFX Application Thread] DEBUG GameScene            - Entity added to scene
12:20:49.816 [JavaFX Application Thread] DEBUG GameScene            - Added MainViewComponent
12:20:49.817 [JavaFX Application Thread] DEBUG GameScene            - Entity added to scene
12:20:49.818 [JavaFX Application Thread] DEBUG GameScene            - Added MainViewComponent
12:20:49.819 [JavaFX Application Thread] DEBUG GameScene            - Entity added to scene
12:20:49.819 [JavaFX Application Thread] DEBUG GameScene            - Added MainViewComponent
12:20:49.820 [JavaFX Application Thread] DEBUG GameScene            - Entity added to scene
12:20:49.820 [JavaFX Application Thread] DEBUG GameScene            - Added MainViewComponent
12:20:49.822 [JavaFX Application Thread] DEBUG GameScene            - Entity added to scene
12:20:49.823 [JavaFX Application Thread] DEBUG GameScene            - Added MainViewComponent
12:20:49.825 [JavaFX Application Thread] DEBUG GameScene            - Entity added to scene
12:20:49.825 [JavaFX Application Thread] DEBUG GameScene            - Added MainViewComponent
12:20:49.826 [JavaFX Application Thread] DEBUG GameScene            - Entity added to scene
12:20:49.826 [JavaFX Application Thread] DEBUG GameScene            - Added MainViewComponent
12:20:49.827 [JavaFX Application Thread] DEBUG GameScene            - Entity added to scene
12:20:49.828 [JavaFX Application Thread] DEBUG GameScene            - Added MainViewComponent
12:20:50.165 [JavaFX Application Thread] DEBUG FXGLAssetLoader      - Loading from cache: /assets/textures/Ground1.png@64.0x64.0
12:20:50.168 [JavaFX Application Thread] DEBUG FXGLAssetLoader      - Loading from cache: /assets/textures/Ground1.png@64.0x64.0
12:20:50.169 [JavaFX Application Thread] DEBUG FXGLAssetLoader      - Loading from cache: /assets/textures/Ground1.png@64.0x64.0
12:20:50.171 [JavaFX Application Thread] DEBUG FXGLAssetLoader      - Loading from cache: /assets/textures/Ground1.png@64.0x64.0
12:20:50.172 [JavaFX Application Thread] DEBUG FXGLAssetLoader      - Loading from cache: /assets/textures/Ground1.png@64.0x64.0
12:20:50.173 [JavaFX Application Thread] DEBUG FXGLAssetLoader      - Loading from cache: /assets/textures/Ground1.png@64.0x64.0
12:20:50.175 [JavaFX Application Thread] DEBUG FXGLAssetLoader      - Loading from cache: /assets/textures/Ground1.png@64.0x64.0
12:20:50.176 [JavaFX Application Thread] DEBUG FXGLAssetLoader      - Loading from cache: /assets/textures/Ground1.png@64.0x64.0
12:20:50.178 [JavaFX Application Thread] DEBUG FXGLAssetLoader      - Loading from cache: /assets/textures/Ground1.png@64.0x64.0
12:20:50.180 [JavaFX Application Thread] DEBUG FXGLAssetLoader      - Loading from cache: /assets/textures/Ground1.png@64.0x64.0
12:20:50.182 [JavaFX Application Thread] DEBUG FXGLAssetLoader      - Loading from cache: /assets/textures/Ground1.png@64.0x64.0
12:20:50.184 [JavaFX Application Thread] DEBUG FXGLAssetLoader      - Loading from cache: /assets/textures/Ground1.png@64.0x64.0
12:20:50.186 [JavaFX Application Thread] DEBUG FXGLAssetLoader      - Loading from cache: /assets/textures/Ground1.png@64.0x64.0
12:20:50.187 [JavaFX Application Thread] DEBUG FXGLAssetLoader      - Loading from cache: /assets/textures/Ground1.png@64.0x64.0
12:20:50.189 [JavaFX Application Thread] DEBUG FXGLAssetLoader      - Loading from cache: /assets/textures/Ground1.png@64.0x64.0
12:20:50.196 [JavaFX Application Thread] DEBUG GameScene            - Entity added to scene
12:20:50.196 [JavaFX Application Thread] DEBUG GameScene            - Added MainViewComponent
12:20:50.197 [JavaFX Application Thread] DEBUG GameScene            - Entity added to scene
12:20:50.197 [JavaFX Application Thread] DEBUG GameScene            - Added MainViewComponent
12:20:50.197 [JavaFX Application Thread] DEBUG GameScene            - Entity added to scene
12:20:50.198 [JavaFX Application Thread] DEBUG GameScene            - Added MainViewComponent
12:20:50.198 [JavaFX Application Thread] DEBUG GameScene            - Entity added to scene
12:20:50.198 [JavaFX Application Thread] DEBUG GameScene            - Added MainViewComponent
12:20:50.199 [JavaFX Application Thread] DEBUG GameScene            - Entity added to scene
12:20:50.199 [JavaFX Application Thread] DEBUG GameScene            - Added MainViewComponent
12:20:50.200 [JavaFX Application Thread] DEBUG GameScene            - Entity added to scene
12:20:50.200 [JavaFX Application Thread] DEBUG GameScene            - Added MainViewComponent
12:20:50.201 [JavaFX Application Thread] DEBUG GameScene            - Entity added to scene
12:20:50.201 [JavaFX Application Thread] DEBUG GameScene            - Added MainViewComponent
12:20:50.202 [JavaFX Application Thread] DEBUG GameScene            - Entity added to scene
12:20:50.202 [JavaFX Application Thread] DEBUG GameScene            - Added MainViewComponent
12:20:50.203 [JavaFX Application Thread] DEBUG GameScene            - Entity added to scene
12:20:50.203 [JavaFX Application Thread] DEBUG GameScene            - Added MainViewComponent
12:20:50.204 [JavaFX Application Thread] DEBUG GameScene            - Entity added to scene
12:20:50.204 [JavaFX Application Thread] DEBUG GameScene            - Added MainViewComponent
12:20:50.205 [JavaFX Application Thread] DEBUG GameScene            - Entity added to scene
12:20:50.205 [JavaFX Application Thread] DEBUG GameScene            - Added MainViewComponent
12:20:50.206 [JavaFX Application Thread] DEBUG GameScene            - Entity added to scene
12:20:50.206 [JavaFX Application Thread] DEBUG GameScene            - Added MainViewComponent
12:20:50.207 [JavaFX Application Thread] DEBUG GameScene            - Entity added to scene
12:20:50.207 [JavaFX Application Thread] DEBUG GameScene            - Added MainViewComponent
12:20:50.208 [JavaFX Application Thread] DEBUG GameScene            - Entity added to scene
12:20:50.208 [JavaFX Application Thread] DEBUG GameScene            - Added MainViewComponent
12:20:50.209 [JavaFX Application Thread] DEBUG GameScene            - Entity added to scene
12:20:50.209 [JavaFX Application Thread] DEBUG GameScene            - Added MainViewComponent
12:20:50.558 [JavaFX Application Thread] DEBUG FXGLAssetLoader      - Loading from cache: /assets/textures/Ground1.png@64.0x64.0
12:20:50.559 [JavaFX Application Thread] DEBUG FXGLAssetLoader      - Loading from cache: /assets/textures/Ground1.png@64.0x64.0
12:20:50.560 [JavaFX Application Thread] DEBUG FXGLAssetLoader      - Loading from cache: /assets/textures/Ground1.png@64.0x64.0
12:20:50.561 [JavaFX Application Thread] DEBUG FXGLAssetLoader      - Loading from cache: /assets/textures/Ground1.png@64.0x64.0
12:20:50.578 [JavaFX Application Thread] DEBUG GameScene            - Entity added to scene
12:20:50.578 [JavaFX Application Thread] DEBUG GameScene            - Added MainViewComponent
12:20:50.580 [JavaFX Application Thread] DEBUG GameScene            - Entity added to scene
12:20:50.580 [JavaFX Application Thread] DEBUG GameScene            - Added MainViewComponent
12:20:50.581 [JavaFX Application Thread] DEBUG GameScene            - Entity added to scene
12:20:50.581 [JavaFX Application Thread] DEBUG GameScene            - Added MainViewComponent
12:20:50.582 [JavaFX Application Thread] DEBUG GameScene            - Entity added to scene
12:20:50.582 [JavaFX Application Thread] DEBUG GameScene            - Added MainViewComponent
12:20:50.710 [JavaFX Application Thread] DEBUG FXGLAssetLoader      - Loading from cache: /assets/textures/Ground1.png@64.0x64.0
12:20:50.711 [JavaFX Application Thread] DEBUG FXGLAssetLoader      - Loading from cache: /assets/textures/Ground1.png@64.0x64.0
12:20:50.712 [JavaFX Application Thread] DEBUG FXGLAssetLoader      - Loading from cache: /assets/textures/Ground1.png@64.0x64.0
12:20:50.713 [JavaFX Application Thread] DEBUG FXGLAssetLoader      - Loading from cache: /assets/textures/Ground1.png@64.0x64.0
12:20:50.714 [JavaFX Application Thread] DEBUG FXGLAssetLoader      - Loading from cache: /assets/textures/Ground1.png@64.0x64.0
12:20:50.715 [JavaFX Application Thread] DEBUG FXGLAssetLoader      - Loading from cache: /assets/textures/Ground1.png@64.0x64.0
12:20:50.717 [JavaFX Application Thread] DEBUG FXGLAssetLoader      - Loading from cache: /assets/textures/Ground1.png@64.0x64.0
12:20:50.719 [JavaFX Application Thread] DEBUG FXGLAssetLoader      - Loading from cache: /assets/textures/Ground1.png@64.0x64.0
12:20:50.720 [JavaFX Application Thread] DEBUG FXGLAssetLoader      - Loading from cache: /assets/textures/Ground1.png@64.0x64.0
12:20:50.721 [JavaFX Application Thread] DEBUG FXGLAssetLoader      - Loading from cache: /assets/textures/Ground1.png@64.0x64.0
12:20:50.723 [JavaFX Application Thread] DEBUG FXGLAssetLoader      - Loading from cache: /assets/textures/Ground1.png@64.0x64.0
12:20:50.724 [JavaFX Application Thread] DEBUG FXGLAssetLoader      - Loading from cache: /assets/textures/Ground1.png@64.0x64.0
12:20:50.725 [JavaFX Application Thread] DEBUG FXGLAssetLoader      - Loading from cache: /assets/textures/Ground1.png@64.0x64.0
12:20:50.727 [JavaFX Application Thread] DEBUG FXGLAssetLoader      - Loading from cache: /assets/textures/Ground1.png@64.0x64.0
12:20:50.729 [JavaFX Application Thread] DEBUG FXGLAssetLoader      - Loading from cache: /assets/textures/Ground1.png@64.0x64.0
12:20:50.735 [JavaFX Application Thread] DEBUG GameScene            - Entity added to scene
12:20:50.735 [JavaFX Application Thread] DEBUG GameScene            - Added MainViewComponent
12:20:50.736 [JavaFX Application Thread] DEBUG GameScene            - Entity added to scene
12:20:50.736 [JavaFX Application Thread] DEBUG GameScene            - Added MainViewComponent
12:20:50.737 [JavaFX Application Thread] DEBUG GameScene            - Entity added to scene
12:20:50.737 [JavaFX Application Thread] DEBUG GameScene            - Added MainViewComponent
12:20:50.738 [JavaFX Application Thread] DEBUG GameScene            - Entity added to scene
12:20:50.738 [JavaFX Application Thread] DEBUG GameScene            - Added MainViewComponent
12:20:50.739 [JavaFX Application Thread] DEBUG GameScene            - Entity added to scene
12:20:50.739 [JavaFX Application Thread] DEBUG GameScene            - Added MainViewComponent
12:20:50.740 [JavaFX Application Thread] DEBUG GameScene            - Entity added to scene
12:20:50.740 [JavaFX Application Thread] DEBUG GameScene            - Added MainViewComponent
12:20:50.741 [JavaFX Application Thread] DEBUG GameScene            - Entity added to scene
12:20:50.741 [JavaFX Application Thread] DEBUG GameScene            - Added MainViewComponent
12:20:50.742 [JavaFX Application Thread] DEBUG GameScene            - Entity added to scene
12:20:50.742 [JavaFX Application Thread] DEBUG GameScene            - Added MainViewComponent
12:20:50.742 [JavaFX Application Thread] DEBUG GameScene            - Entity added to scene
12:20:50.742 [JavaFX Application Thread] DEBUG GameScene            - Added MainViewComponent
12:20:50.743 [JavaFX Application Thread] DEBUG GameScene            - Entity added to scene
12:20:50.743 [JavaFX Application Thread] DEBUG GameScene            - Added MainViewComponent
12:20:50.744 [JavaFX Application Thread] DEBUG GameScene            - Entity added to scene
12:20:50.744 [JavaFX Application Thread] DEBUG GameScene            - Added MainViewComponent
12:20:50.745 [JavaFX Application Thread] DEBUG GameScene            - Entity added to scene
12:20:50.745 [JavaFX Application Thread] DEBUG GameScene            - Added MainViewComponent
12:20:50.746 [JavaFX Application Thread] DEBUG GameScene            - Entity added to scene
12:20:50.746 [JavaFX Application Thread] DEBUG GameScene            - Added MainViewComponent
12:20:50.746 [JavaFX Application Thread] DEBUG GameScene            - Entity added to scene
12:20:50.746 [JavaFX Application Thread] DEBUG GameScene            - Added MainViewComponent
12:20:50.747 [JavaFX Application Thread] DEBUG GameScene            - Entity added to scene
12:20:50.747 [JavaFX Application Thread] DEBUG GameScene            - Added MainViewComponent
12:20:51.014 [JavaFX Application Thread] DEBUG FXGLAssetLoader      - Loading from cache: /assets/textures/Ground1.png@64.0x64.0
12:20:51.015 [JavaFX Application Thread] DEBUG FXGLAssetLoader      - Loading from cache: /assets/textures/Ground1.png@64.0x64.0
12:20:51.017 [JavaFX Application Thread] DEBUG FXGLAssetLoader      - Loading from cache: /assets/textures/Ground1.png@64.0x64.0
12:20:51.018 [JavaFX Application Thread] DEBUG FXGLAssetLoader      - Loading from cache: /assets/textures/Ground1.png@64.0x64.0
12:20:51.019 [JavaFX Application Thread] DEBUG FXGLAssetLoader      - Loading from cache: /assets/textures/Ground1.png@64.0x64.0
12:20:51.020 [JavaFX Application Thread] DEBUG FXGLAssetLoader      - Loading from cache: /assets/textures/Ground1.png@64.0x64.0
12:20:51.021 [JavaFX Application Thread] DEBUG FXGLAssetLoader      - Loading from cache: /assets/textures/Ground1.png@64.0x64.0
12:20:51.022 [JavaFX Application Thread] DEBUG FXGLAssetLoader      - Loading from cache: /assets/textures/Ground1.png@64.0x64.0
12:20:51.023 [JavaFX Application Thread] DEBUG FXGLAssetLoader      - Loading from cache: /assets/textures/Ground1.png@64.0x64.0
12:20:51.024 [JavaFX Application Thread] DEBUG FXGLAssetLoader      - Loading from cache: /assets/textures/Ground1.png@64.0x64.0
12:20:51.026 [JavaFX Application Thread] DEBUG FXGLAssetLoader      - Loading from cache: /assets/textures/Ground1.png@64.0x64.0
12:20:51.027 [JavaFX Application Thread] DEBUG FXGLAssetLoader      - Loading from cache: /assets/textures/Ground1.png@64.0x64.0
12:20:51.028 [JavaFX Application Thread] DEBUG FXGLAssetLoader      - Loading from cache: /assets/textures/Ground1.png@64.0x64.0
12:20:51.030 [JavaFX Application Thread] DEBUG FXGLAssetLoader      - Loading from cache: /assets/textures/Ground1.png@64.0x64.0
12:20:51.031 [JavaFX Application Thread] DEBUG FXGLAssetLoader      - Loading from cache: /assets/textures/Ground1.png@64.0x64.0
12:20:51.037 [JavaFX Application Thread] DEBUG GameScene            - Entity added to scene
12:20:51.038 [JavaFX Application Thread] DEBUG GameScene            - Added MainViewComponent
12:20:51.039 [JavaFX Application Thread] DEBUG GameScene            - Entity added to scene
12:20:51.039 [JavaFX Application Thread] DEBUG GameScene            - Added MainViewComponent
12:20:51.040 [JavaFX Application Thread] DEBUG GameScene            - Entity added to scene
12:20:51.040 [JavaFX Application Thread] DEBUG GameScene            - Added MainViewComponent
12:20:51.041 [JavaFX Application Thread] DEBUG GameScene            - Entity added to scene
12:20:51.041 [JavaFX Application Thread] DEBUG GameScene            - Added MainViewComponent
12:20:51.042 [JavaFX Application Thread] DEBUG GameScene            - Entity added to scene
12:20:51.042 [JavaFX Application Thread] DEBUG GameScene            - Added MainViewComponent
12:20:51.043 [JavaFX Application Thread] DEBUG GameScene            - Entity added to scene
12:20:51.043 [JavaFX Application Thread] DEBUG GameScene            - Added MainViewComponent
12:20:51.044 [JavaFX Application Thread] DEBUG GameScene            - Entity added to scene
12:20:51.044 [JavaFX Application Thread] DEBUG GameScene            - Added MainViewComponent
12:20:51.044 [JavaFX Application Thread] DEBUG GameScene            - Entity added to scene
12:20:51.044 [JavaFX Application Thread] DEBUG GameScene            - Added MainViewComponent
12:20:51.045 [JavaFX Application Thread] DEBUG GameScene            - Entity added to scene
12:20:51.045 [JavaFX Application Thread] DEBUG GameScene            - Added MainViewComponent
12:20:51.046 [JavaFX Application Thread] DEBUG GameScene            - Entity added to scene
12:20:51.046 [JavaFX Application Thread] DEBUG GameScene            - Added MainViewComponent
12:20:51.046 [JavaFX Application Thread] DEBUG GameScene            - Entity added to scene
12:20:51.047 [JavaFX Application Thread] DEBUG GameScene            - Added MainViewComponent
12:20:51.047 [JavaFX Application Thread] DEBUG GameScene            - Entity added to scene
12:20:51.047 [JavaFX Application Thread] DEBUG GameScene            - Added MainViewComponent
12:20:51.048 [JavaFX Application Thread] DEBUG GameScene            - Entity added to scene
12:20:51.048 [JavaFX Application Thread] DEBUG GameScene            - Added MainViewComponent
12:20:51.048 [JavaFX Application Thread] DEBUG GameScene            - Entity added to scene
12:20:51.048 [JavaFX Application Thread] DEBUG GameScene            - Added MainViewComponent
12:20:51.049 [JavaFX Application Thread] DEBUG GameScene            - Entity added to scene
12:20:51.049 [JavaFX Application Thread] DEBUG GameScene            - Added MainViewComponent
12:20:51.286 [JavaFX Application Thread] DEBUG FXGLAssetLoader      - Loading from cache: /assets/textures/Ground1.png@64.0x64.0
12:20:51.287 [JavaFX Application Thread] DEBUG FXGLAssetLoader      - Loading from cache: /assets/textures/Ground1.png@64.0x64.0
12:20:51.289 [JavaFX Application Thread] DEBUG FXGLAssetLoader      - Loading from cache: /assets/textures/Ground1.png@64.0x64.0
12:20:51.290 [JavaFX Application Thread] DEBUG FXGLAssetLoader      - Loading from cache: /assets/textures/Ground1.png@64.0x64.0
12:20:51.292 [JavaFX Application Thread] DEBUG FXGLAssetLoader      - Loading from cache: /assets/textures/Ground1.png@64.0x64.0
12:20:51.293 [JavaFX Application Thread] DEBUG FXGLAssetLoader      - Loading from cache: /assets/textures/Ground1.png@64.0x64.0
12:20:51.294 [JavaFX Application Thread] DEBUG FXGLAssetLoader      - Loading from cache: /assets/textures/Ground1.png@64.0x64.0
12:20:51.295 [JavaFX Application Thread] DEBUG FXGLAssetLoader      - Loading from cache: /assets/textures/Ground1.png@64.0x64.0
12:20:51.297 [JavaFX Application Thread] DEBUG FXGLAssetLoader      - Loading from cache: /assets/textures/Ground1.png@64.0x64.0
12:20:51.298 [JavaFX Application Thread] DEBUG FXGLAssetLoader      - Loading from cache: /assets/textures/Ground1.png@64.0x64.0
12:20:51.299 [JavaFX Application Thread] DEBUG FXGLAssetLoader      - Loading from cache: /assets/textures/Ground1.png@64.0x64.0
12:20:51.301 [JavaFX Application Thread] DEBUG FXGLAssetLoader      - Loading from cache: /assets/textures/Ground1.png@64.0x64.0
12:20:51.302 [JavaFX Application Thread] DEBUG FXGLAssetLoader      - Loading from cache: /assets/textures/Ground1.png@64.0x64.0
12:20:51.303 [JavaFX Application Thread] DEBUG FXGLAssetLoader      - Loading from cache: /assets/textures/Ground1.png@64.0x64.0
12:20:51.304 [JavaFX Application Thread] DEBUG FXGLAssetLoader      - Loading from cache: /assets/textures/Ground1.png@64.0x64.0
12:20:51.310 [JavaFX Application Thread] DEBUG GameScene            - Entity added to scene
12:20:51.310 [JavaFX Application Thread] DEBUG GameScene            - Added MainViewComponent
12:20:51.312 [JavaFX Application Thread] DEBUG GameScene            - Entity added to scene
12:20:51.312 [JavaFX Application Thread] DEBUG GameScene            - Added MainViewComponent
12:20:51.313 [JavaFX Application Thread] DEBUG GameScene            - Entity added to scene
12:20:51.313 [JavaFX Application Thread] DEBUG GameScene            - Added MainViewComponent
12:20:51.313 [JavaFX Application Thread] DEBUG GameScene            - Entity added to scene
12:20:51.314 [JavaFX Application Thread] DEBUG GameScene            - Added MainViewComponent
12:20:51.314 [JavaFX Application Thread] DEBUG GameScene            - Entity added to scene
12:20:51.315 [JavaFX Application Thread] DEBUG GameScene            - Added MainViewComponent
12:20:51.315 [JavaFX Application Thread] DEBUG GameScene            - Entity added to scene
12:20:51.315 [JavaFX Application Thread] DEBUG GameScene            - Added MainViewComponent
12:20:51.316 [JavaFX Application Thread] DEBUG GameScene            - Entity added to scene
12:20:51.316 [JavaFX Application Thread] DEBUG GameScene            - Added MainViewComponent
12:20:51.317 [JavaFX Application Thread] DEBUG GameScene            - Entity added to scene
12:20:51.317 [JavaFX Application Thread] DEBUG GameScene            - Added MainViewComponent
12:20:51.318 [JavaFX Application Thread] DEBUG GameScene            - Entity added to scene
12:20:51.318 [JavaFX Application Thread] DEBUG GameScene            - Added MainViewComponent
12:20:51.319 [JavaFX Application Thread] DEBUG GameScene            - Entity added to scene
12:20:51.319 [JavaFX Application Thread] DEBUG GameScene            - Added MainViewComponent
12:20:51.320 [JavaFX Application Thread] DEBUG GameScene            - Entity added to scene
12:20:51.320 [JavaFX Application Thread] DEBUG GameScene            - Added MainViewComponent
12:20:51.321 [JavaFX Application Thread] DEBUG GameScene            - Entity added to scene
12:20:51.321 [JavaFX Application Thread] DEBUG GameScene            - Added MainViewComponent
12:20:51.322 [JavaFX Application Thread] DEBUG GameScene            - Entity added to scene
12:20:51.322 [JavaFX Application Thread] DEBUG GameScene            - Added MainViewComponent
12:20:51.323 [JavaFX Application Thread] DEBUG GameScene            - Entity added to scene
12:20:51.323 [JavaFX Application Thread] DEBUG GameScene            - Added MainViewComponent
12:20:51.324 [JavaFX Application Thread] DEBUG GameScene            - Entity added to scene
12:20:51.324 [JavaFX Application Thread] DEBUG GameScene            - Added MainViewComponent
12:20:51.333 [JavaFX Application Thread] DEBUG FXGLAssetLoader      - Loading from cache: /assets/textures/Ground1.png@64.0x64.0
12:20:51.335 [JavaFX Application Thread] DEBUG FXGLAssetLoader      - Loading from cache: /assets/textures/Ground1.png@64.0x64.0
12:20:51.336 [JavaFX Application Thread] DEBUG FXGLAssetLoader      - Loading from cache: /assets/textures/Ground1.png@64.0x64.0
12:20:51.338 [JavaFX Application Thread] DEBUG FXGLAssetLoader      - Loading from cache: /assets/textures/Ground1.png@64.0x64.0
12:20:51.339 [JavaFX Application Thread] DEBUG FXGLAssetLoader      - Loading from cache: /assets/textures/Ground1.png@64.0x64.0
12:20:51.340 [JavaFX Application Thread] DEBUG FXGLAssetLoader      - Loading from cache: /assets/textures/Ground1.png@64.0x64.0
12:20:51.341 [JavaFX Application Thread] DEBUG FXGLAssetLoader      - Loading from cache: /assets/textures/Ground1.png@64.0x64.0
12:20:51.348 [JavaFX Application Thread] DEBUG GameScene            - Entity added to scene
12:20:51.348 [JavaFX Application Thread] DEBUG GameScene            - Added MainViewComponent
12:20:51.349 [JavaFX Application Thread] DEBUG GameScene            - Entity added to scene
12:20:51.349 [JavaFX Application Thread] DEBUG GameScene            - Added MainViewComponent
12:20:51.350 [JavaFX Application Thread] DEBUG GameScene            - Entity added to scene
12:20:51.350 [JavaFX Application Thread] DEBUG GameScene            - Added MainViewComponent
12:20:51.351 [JavaFX Application Thread] DEBUG GameScene            - Entity added to scene
12:20:51.351 [JavaFX Application Thread] DEBUG GameScene            - Added MainViewComponent
12:20:51.351 [JavaFX Application Thread] DEBUG GameScene            - Entity added to scene
12:20:51.351 [JavaFX Application Thread] DEBUG GameScene            - Added MainViewComponent
12:20:51.352 [JavaFX Application Thread] DEBUG GameScene            - Entity added to scene
12:20:51.352 [JavaFX Application Thread] DEBUG GameScene            - Added MainViewComponent
12:20:51.353 [JavaFX Application Thread] DEBUG GameScene            - Entity added to scene
12:20:51.353 [JavaFX Application Thread] DEBUG GameScene            - Added MainViewComponent
12:20:51.669 [JavaFX Application Thread] DEBUG FXGLAssetLoader      - Loading from cache: /assets/textures/Ground1.png@64.0x64.0
12:20:51.671 [JavaFX Application Thread] DEBUG FXGLAssetLoader      - Loading from cache: /assets/textures/Ground1.png@64.0x64.0
12:20:51.673 [JavaFX Application Thread] DEBUG FXGLAssetLoader      - Loading from cache: /assets/textures/Ground1.png@64.0x64.0
12:20:51.674 [JavaFX Application Thread] DEBUG FXGLAssetLoader      - Loading from cache: /assets/textures/Ground1.png@64.0x64.0
12:20:51.675 [JavaFX Application Thread] DEBUG FXGLAssetLoader      - Loading from cache: /assets/textures/Ground1.png@64.0x64.0
12:20:51.676 [JavaFX Application Thread] DEBUG FXGLAssetLoader      - Loading from cache: /assets/textures/Ground1.png@64.0x64.0
12:20:51.677 [JavaFX Application Thread] DEBUG FXGLAssetLoader      - Loading from cache: /assets/textures/Ground1.png@64.0x64.0
12:20:51.684 [JavaFX Application Thread] DEBUG GameScene            - Entity added to scene
12:20:51.684 [JavaFX Application Thread] DEBUG GameScene            - Added MainViewComponent
12:20:51.685 [JavaFX Application Thread] DEBUG GameScene            - Entity added to scene
12:20:51.685 [JavaFX Application Thread] DEBUG GameScene            - Added MainViewComponent
12:20:51.686 [JavaFX Application Thread] DEBUG GameScene            - Entity added to scene
12:20:51.686 [JavaFX Application Thread] DEBUG GameScene            - Added MainViewComponent
12:20:51.686 [JavaFX Application Thread] DEBUG GameScene            - Entity added to scene
12:20:51.687 [JavaFX Application Thread] DEBUG GameScene            - Added MainViewComponent
12:20:51.687 [JavaFX Application Thread] DEBUG GameScene            - Entity added to scene
12:20:51.687 [JavaFX Application Thread] DEBUG GameScene            - Added MainViewComponent
12:20:51.688 [JavaFX Application Thread] DEBUG GameScene            - Entity added to scene
12:20:51.688 [JavaFX Application Thread] DEBUG GameScene            - Added MainViewComponent
12:20:51.689 [JavaFX Application Thread] DEBUG GameScene            - Entity added to scene
12:20:51.689 [JavaFX Application Thread] DEBUG GameScene            - Added MainViewComponent
12:20:51.690 [JavaFX Application Thread] DEBUG GameScene            - Entity removed from scene
12:20:51.692 [JavaFX Application Thread] DEBUG GameScene            - Removed MainViewComponent
12:20:51.696 [JavaFX Application Thread] DEBUG GameScene            - Entity removed from scene
12:20:51.696 [JavaFX Application Thread] DEBUG GameScene            - Removed MainViewComponent
12:20:51.697 [JavaFX Application Thread] DEBUG GameScene            - Entity removed from scene
12:20:51.697 [JavaFX Application Thread] DEBUG GameScene            - Removed MainViewComponent
12:20:51.697 [JavaFX Application Thread] DEBUG GameScene            - Entity removed from scene
12:20:51.697 [JavaFX Application Thread] DEBUG GameScene            - Removed MainViewComponent
12:20:51.925 [JavaFX Application Thread] DEBUG FXGLAssetLoader      - Loading from cache: /assets/textures/Ground1.png@64.0x64.0
12:20:51.926 [JavaFX Application Thread] DEBUG FXGLAssetLoader      - Loading from cache: /assets/textures/Ground1.png@64.0x64.0
12:20:51.927 [JavaFX Application Thread] DEBUG FXGLAssetLoader      - Loading from cache: /assets/textures/Ground1.png@64.0x64.0
12:20:51.928 [JavaFX Application Thread] DEBUG FXGLAssetLoader      - Loading from cache: /assets/textures/Ground1.png@64.0x64.0
12:20:51.928 [JavaFX Application Thread] DEBUG FXGLAssetLoader      - Loading from cache: /assets/textures/Ground1.png@64.0x64.0
12:20:51.929 [JavaFX Application Thread] DEBUG FXGLAssetLoader      - Loading from cache: /assets/textures/Ground1.png@64.0x64.0
12:20:51.930 [JavaFX Application Thread] DEBUG FXGLAssetLoader      - Loading from cache: /assets/textures/Ground1.png@64.0x64.0
12:20:51.956 [JavaFX Application Thread] DEBUG GameScene            - Entity added to scene
12:20:51.956 [JavaFX Application Thread] DEBUG GameScene            - Added MainViewComponent
12:20:51.957 [JavaFX Application Thread] DEBUG GameScene            - Entity added to scene
12:20:51.957 [JavaFX Application Thread] DEBUG GameScene            - Added MainViewComponent
12:20:51.958 [JavaFX Application Thread] DEBUG GameScene            - Entity added to scene
12:20:51.958 [JavaFX Application Thread] DEBUG GameScene            - Added MainViewComponent
12:20:51.959 [JavaFX Application Thread] DEBUG GameScene            - Entity added to scene
12:20:51.959 [JavaFX Application Thread] DEBUG GameScene            - Added MainViewComponent
12:20:51.961 [JavaFX Application Thread] DEBUG GameScene            - Entity added to scene
12:20:51.961 [JavaFX Application Thread] DEBUG GameScene            - Added MainViewComponent
12:20:51.962 [JavaFX Application Thread] DEBUG GameScene            - Entity added to scene
12:20:51.962 [JavaFX Application Thread] DEBUG GameScene            - Added MainViewComponent
12:20:51.963 [JavaFX Application Thread] DEBUG GameScene            - Entity added to scene
12:20:51.963 [JavaFX Application Thread] DEBUG GameScene            - Added MainViewComponent
12:20:51.963 [JavaFX Application Thread] DEBUG GameScene            - Entity removed from scene
12:20:51.963 [JavaFX Application Thread] DEBUG GameScene            - Removed MainViewComponent
12:20:51.964 [JavaFX Application Thread] DEBUG GameScene            - Entity removed from scene
12:20:51.964 [JavaFX Application Thread] DEBUG GameScene            - Removed MainViewComponent
12:20:51.965 [JavaFX Application Thread] DEBUG GameScene            - Entity removed from scene
12:20:51.965 [JavaFX Application Thread] DEBUG GameScene            - Removed MainViewComponent
12:20:51.965 [JavaFX Application Thread] DEBUG GameScene            - Entity removed from scene
12:20:51.965 [JavaFX Application Thread] DEBUG GameScene            - Removed MainViewComponent
12:20:51.966 [JavaFX Application Thread] DEBUG GameScene            - Entity removed from scene
12:20:51.966 [JavaFX Application Thread] DEBUG GameScene            - Removed MainViewComponent
12:20:51.967 [JavaFX Application Thread] DEBUG GameScene            - Entity removed from scene
12:20:51.967 [JavaFX Application Thread] DEBUG GameScene            - Removed MainViewComponent
12:20:51.967 [JavaFX Application Thread] DEBUG GameScene            - Entity removed from scene
12:20:51.968 [JavaFX Application Thread] DEBUG GameScene            - Removed MainViewComponent
12:20:52.165 [JavaFX Application Thread] DEBUG FXGLAssetLoader      - Loading from cache: /assets/textures/Ground1.png@64.0x64.0
12:20:52.165 [JavaFX Application Thread] DEBUG FXGLAssetLoader      - Loading from cache: /assets/textures/Ground1.png@64.0x64.0
12:20:52.166 [JavaFX Application Thread] DEBUG FXGLAssetLoader      - Loading from cache: /assets/textures/Ground1.png@64.0x64.0
12:20:52.168 [JavaFX Application Thread] DEBUG FXGLAssetLoader      - Loading from cache: /assets/textures/Ground1.png@64.0x64.0
12:20:52.169 [JavaFX Application Thread] DEBUG FXGLAssetLoader      - Loading from cache: /assets/textures/Ground1.png@64.0x64.0
12:20:52.170 [JavaFX Application Thread] DEBUG FXGLAssetLoader      - Loading from cache: /assets/textures/Ground1.png@64.0x64.0
12:20:52.171 [JavaFX Application Thread] DEBUG FXGLAssetLoader      - Loading from cache: /assets/textures/Ground1.png@64.0x64.0
12:20:52.180 [JavaFX Application Thread] DEBUG GameScene            - Entity added to scene
12:20:52.180 [JavaFX Application Thread] DEBUG GameScene            - Added MainViewComponent
12:20:52.181 [JavaFX Application Thread] DEBUG GameScene            - Entity added to scene
12:20:52.181 [JavaFX Application Thread] DEBUG GameScene            - Added MainViewComponent
12:20:52.183 [JavaFX Application Thread] DEBUG GameScene            - Entity added to scene
12:20:52.183 [JavaFX Application Thread] DEBUG GameScene            - Added MainViewComponent
12:20:52.184 [JavaFX Application Thread] DEBUG GameScene            - Entity added to scene
12:20:52.184 [JavaFX Application Thread] DEBUG GameScene            - Added MainViewComponent
12:20:52.185 [JavaFX Application Thread] DEBUG GameScene            - Entity added to scene
12:20:52.185 [JavaFX Application Thread] DEBUG GameScene            - Added MainViewComponent
12:20:52.185 [JavaFX Application Thread] DEBUG GameScene            - Entity added to scene
12:20:52.185 [JavaFX Application Thread] DEBUG GameScene            - Added MainViewComponent
12:20:52.186 [JavaFX Application Thread] DEBUG GameScene            - Entity added to scene
12:20:52.186 [JavaFX Application Thread] DEBUG GameScene            - Added MainViewComponent
12:20:52.187 [JavaFX Application Thread] DEBUG GameScene            - Entity removed from scene
12:20:52.187 [JavaFX Application Thread] DEBUG GameScene            - Removed MainViewComponent
12:20:52.188 [JavaFX Application Thread] DEBUG GameScene            - Entity removed from scene
12:20:52.188 [JavaFX Application Thread] DEBUG GameScene            - Removed MainViewComponent
12:20:52.189 [JavaFX Application Thread] DEBUG GameScene            - Entity removed from scene
12:20:52.189 [JavaFX Application Thread] DEBUG GameScene            - Removed MainViewComponent
12:20:52.189 [JavaFX Application Thread] DEBUG GameScene            - Entity removed from scene
12:20:52.190 [JavaFX Application Thread] DEBUG GameScene            - Removed MainViewComponent
12:20:52.191 [JavaFX Application Thread] DEBUG GameScene            - Entity removed from scene
12:20:52.191 [JavaFX Application Thread] DEBUG GameScene            - Removed MainViewComponent
12:20:52.192 [JavaFX Application Thread] DEBUG GameScene            - Entity removed from scene
12:20:52.192 [JavaFX Application Thread] DEBUG GameScene            - Removed MainViewComponent
12:20:52.192 [JavaFX Application Thread] DEBUG GameScene            - Entity removed from scene
12:20:52.193 [JavaFX Application Thread] DEBUG GameScene            - Removed MainViewComponent
12:20:52.373 [JavaFX Application Thread] DEBUG FXGLAssetLoader      - Loading from cache: /assets/textures/Ground1.png@64.0x64.0
12:20:52.374 [JavaFX Application Thread] DEBUG FXGLAssetLoader      - Loading from cache: /assets/textures/Ground1.png@64.0x64.0
12:20:52.376 [JavaFX Application Thread] DEBUG FXGLAssetLoader      - Loading from cache: /assets/textures/Ground1.png@64.0x64.0
12:20:52.376 [JavaFX Application Thread] DEBUG FXGLAssetLoader      - Loading from cache: /assets/textures/Ground1.png@64.0x64.0
12:20:52.378 [JavaFX Application Thread] DEBUG FXGLAssetLoader      - Loading from cache: /assets/textures/Ground1.png@64.0x64.0
12:20:52.379 [JavaFX Application Thread] DEBUG FXGLAssetLoader      - Loading from cache: /assets/textures/Ground1.png@64.0x64.0
12:20:52.380 [JavaFX Application Thread] DEBUG FXGLAssetLoader      - Loading from cache: /assets/textures/Ground1.png@64.0x64.0
12:20:52.388 [JavaFX Application Thread] DEBUG GameScene            - Entity added to scene
12:20:52.388 [JavaFX Application Thread] DEBUG GameScene            - Added MainViewComponent
12:20:52.389 [JavaFX Application Thread] DEBUG GameScene            - Entity added to scene
12:20:52.389 [JavaFX Application Thread] DEBUG GameScene            - Added MainViewComponent
12:20:52.390 [JavaFX Application Thread] DEBUG GameScene            - Entity added to scene
12:20:52.390 [JavaFX Application Thread] DEBUG GameScene            - Added MainViewComponent
12:20:52.391 [JavaFX Application Thread] DEBUG GameScene            - Entity added to scene
12:20:52.391 [JavaFX Application Thread] DEBUG GameScene            - Added MainViewComponent
12:20:52.392 [JavaFX Application Thread] DEBUG GameScene            - Entity added to scene
12:20:52.392 [JavaFX Application Thread] DEBUG GameScene            - Added MainViewComponent
12:20:52.393 [JavaFX Application Thread] DEBUG GameScene            - Entity added to scene
12:20:52.393 [JavaFX Application Thread] DEBUG GameScene            - Added MainViewComponent
12:20:52.394 [JavaFX Application Thread] DEBUG GameScene            - Entity added to scene
12:20:52.394 [JavaFX Application Thread] DEBUG GameScene            - Added MainViewComponent
12:20:52.395 [JavaFX Application Thread] DEBUG GameScene            - Entity removed from scene
12:20:52.396 [JavaFX Application Thread] DEBUG GameScene            - Removed MainViewComponent
12:20:52.397 [JavaFX Application Thread] DEBUG GameScene            - Entity removed from scene
12:20:52.397 [JavaFX Application Thread] DEBUG GameScene            - Removed MainViewComponent
12:20:52.398 [JavaFX Application Thread] DEBUG GameScene            - Entity removed from scene
12:20:52.398 [JavaFX Application Thread] DEBUG GameScene            - Removed MainViewComponent
12:20:52.399 [JavaFX Application Thread] DEBUG GameScene            - Entity removed from scene
12:20:52.399 [JavaFX Application Thread] DEBUG GameScene            - Removed MainViewComponent
12:20:52.400 [JavaFX Application Thread] DEBUG GameScene            - Entity removed from scene
12:20:52.400 [JavaFX Application Thread] DEBUG GameScene            - Removed MainViewComponent
12:20:52.401 [JavaFX Application Thread] DEBUG GameScene            - Entity removed from scene
12:20:52.401 [JavaFX Application Thread] DEBUG GameScene            - Removed MainViewComponent
12:20:52.401 [JavaFX Application Thread] DEBUG GameScene            - Entity removed from scene
12:20:52.402 [JavaFX Application Thread] DEBUG GameScene            - Removed MainViewComponent
12:20:52.580 [JavaFX Application Thread] DEBUG FXGLAssetLoader      - Loading from cache: /assets/textures/Ground1.png@64.0x64.0
12:20:52.581 [JavaFX Application Thread] DEBUG FXGLAssetLoader      - Loading from cache: /assets/textures/Ground1.png@64.0x64.0
12:20:52.582 [JavaFX Application Thread] DEBUG FXGLAssetLoader      - Loading from cache: /assets/textures/Ground1.png@64.0x64.0
12:20:52.583 [JavaFX Application Thread] DEBUG FXGLAssetLoader      - Loading from cache: /assets/textures/Ground1.png@64.0x64.0
12:20:52.583 [JavaFX Application Thread] DEBUG FXGLAssetLoader      - Loading from cache: /assets/textures/Ground1.png@64.0x64.0
12:20:52.585 [JavaFX Application Thread] DEBUG FXGLAssetLoader      - Loading from cache: /assets/textures/Ground1.png@64.0x64.0
12:20:52.595 [JavaFX Application Thread] DEBUG GameScene            - Entity added to scene
12:20:52.595 [JavaFX Application Thread] DEBUG GameScene            - Added MainViewComponent
12:20:52.597 [JavaFX Application Thread] DEBUG GameScene            - Entity added to scene
12:20:52.597 [JavaFX Application Thread] DEBUG GameScene            - Added MainViewComponent
12:20:52.597 [JavaFX Application Thread] DEBUG GameScene            - Entity added to scene
12:20:52.597 [JavaFX Application Thread] DEBUG GameScene            - Added MainViewComponent
12:20:52.598 [JavaFX Application Thread] DEBUG GameScene            - Entity added to scene
12:20:52.598 [JavaFX Application Thread] DEBUG GameScene            - Added MainViewComponent
12:20:52.599 [JavaFX Application Thread] DEBUG GameScene            - Entity added to scene
12:20:52.599 [JavaFX Application Thread] DEBUG GameScene            - Added MainViewComponent
12:20:52.599 [JavaFX Application Thread] DEBUG GameScene            - Entity added to scene
12:20:52.600 [JavaFX Application Thread] DEBUG GameScene            - Added MainViewComponent
12:20:52.600 [JavaFX Application Thread] DEBUG GameScene            - Entity removed from scene
12:20:52.601 [JavaFX Application Thread] DEBUG GameScene            - Removed MainViewComponent
12:20:52.601 [JavaFX Application Thread] DEBUG GameScene            - Entity removed from scene
12:20:52.601 [JavaFX Application Thread] DEBUG GameScene            - Removed MainViewComponent
12:20:52.602 [JavaFX Application Thread] DEBUG GameScene            - Entity removed from scene
12:20:52.602 [JavaFX Application Thread] DEBUG GameScene            - Removed MainViewComponent
12:20:52.603 [JavaFX Application Thread] DEBUG GameScene            - Entity removed from scene
12:20:52.603 [JavaFX Application Thread] DEBUG GameScene            - Removed MainViewComponent
12:20:52.603 [JavaFX Application Thread] DEBUG GameScene            - Entity removed from scene
12:20:52.603 [JavaFX Application Thread] DEBUG GameScene            - Removed MainViewComponent
12:20:52.604 [JavaFX Application Thread] DEBUG GameScene            - Entity removed from scene
12:20:52.604 [JavaFX Application Thread] DEBUG GameScene            - Removed MainViewComponent
12:20:52.605 [JavaFX Application Thread] DEBUG GameScene            - Entity removed from scene
12:20:52.605 [JavaFX Application Thread] DEBUG GameScene            - Removed MainViewComponent
12:20:52.805 [JavaFX Application Thread] DEBUG FXGLAssetLoader      - Loading from cache: /assets/textures/Ground1.png@64.0x64.0
12:20:52.805 [JavaFX Application Thread] DEBUG FXGLAssetLoader      - Loading from cache: /assets/textures/Ground1.png@64.0x64.0
12:20:52.806 [JavaFX Application Thread] DEBUG FXGLAssetLoader      - Loading from cache: /assets/textures/Ground1.png@64.0x64.0
12:20:52.807 [JavaFX Application Thread] DEBUG FXGLAssetLoader      - Loading from cache: /assets/textures/Ground1.png@64.0x64.0
12:20:52.808 [JavaFX Application Thread] DEBUG FXGLAssetLoader      - Loading from cache: /assets/textures/Ground1.png@64.0x64.0
12:20:52.812 [JavaFX Application Thread] DEBUG FXGLAssetLoader      - Loading from cache: /assets/textures/Ground1.png@64.0x64.0
12:20:52.820 [JavaFX Application Thread] DEBUG GameScene            - Entity added to scene
12:20:52.820 [JavaFX Application Thread] DEBUG GameScene            - Added MainViewComponent
12:20:52.821 [JavaFX Application Thread] DEBUG GameScene            - Entity added to scene
12:20:52.821 [JavaFX Application Thread] DEBUG GameScene            - Added MainViewComponent
12:20:52.821 [JavaFX Application Thread] DEBUG GameScene            - Entity added to scene
12:20:52.821 [JavaFX Application Thread] DEBUG GameScene            - Added MainViewComponent
12:20:52.822 [JavaFX Application Thread] DEBUG GameScene            - Entity added to scene
12:20:52.822 [JavaFX Application Thread] DEBUG GameScene            - Added MainViewComponent
12:20:52.822 [JavaFX Application Thread] DEBUG GameScene            - Entity added to scene
12:20:52.823 [JavaFX Application Thread] DEBUG GameScene            - Added MainViewComponent
12:20:52.823 [JavaFX Application Thread] DEBUG GameScene            - Entity added to scene
12:20:52.823 [JavaFX Application Thread] DEBUG GameScene            - Added MainViewComponent
12:20:52.824 [JavaFX Application Thread] DEBUG GameScene            - Entity removed from scene
12:20:52.824 [JavaFX Application Thread] DEBUG GameScene            - Removed MainViewComponent
12:20:52.825 [JavaFX Application Thread] DEBUG GameScene            - Entity removed from scene
12:20:52.825 [JavaFX Application Thread] DEBUG GameScene            - Removed MainViewComponent
12:20:52.825 [JavaFX Application Thread] DEBUG GameScene            - Entity removed from scene
12:20:52.825 [JavaFX Application Thread] DEBUG GameScene            - Removed MainViewComponent
12:20:52.826 [JavaFX Application Thread] DEBUG GameScene            - Entity removed from scene
12:20:52.826 [JavaFX Application Thread] DEBUG GameScene            - Removed MainViewComponent
12:20:52.826 [JavaFX Application Thread] DEBUG GameScene            - Entity removed from scene
12:20:52.826 [JavaFX Application Thread] DEBUG GameScene            - Removed MainViewComponent
12:20:52.827 [JavaFX Application Thread] DEBUG GameScene            - Entity removed from scene
12:20:52.827 [JavaFX Application Thread] DEBUG GameScene            - Removed MainViewComponent
12:20:52.827 [JavaFX Application Thread] DEBUG GameScene            - Entity removed from scene
12:20:52.827 [JavaFX Application Thread] DEBUG GameScene            - Removed MainViewComponent
12:20:53.029 [JavaFX Application Thread] DEBUG FXGLAssetLoader      - Loading from cache: /assets/textures/Ground1.png@64.0x64.0
12:20:53.029 [JavaFX Application Thread] DEBUG FXGLAssetLoader      - Loading from cache: /assets/textures/Ground1.png@64.0x64.0
12:20:53.030 [JavaFX Application Thread] DEBUG FXGLAssetLoader      - Loading from cache: /assets/textures/Ground1.png@64.0x64.0
12:20:53.031 [JavaFX Application Thread] DEBUG FXGLAssetLoader      - Loading from cache: /assets/textures/Ground1.png@64.0x64.0
12:20:53.032 [JavaFX Application Thread] DEBUG FXGLAssetLoader      - Loading from cache: /assets/textures/Ground1.png@64.0x64.0
12:20:53.033 [JavaFX Application Thread] DEBUG FXGLAssetLoader      - Loading from cache: /assets/textures/Ground1.png@64.0x64.0
12:20:53.043 [JavaFX Application Thread] DEBUG GameScene            - Entity added to scene
12:20:53.043 [JavaFX Application Thread] DEBUG GameScene            - Added MainViewComponent
12:20:53.044 [JavaFX Application Thread] DEBUG GameScene            - Entity added to scene
12:20:53.045 [JavaFX Application Thread] DEBUG GameScene            - Added MainViewComponent
12:20:53.045 [JavaFX Application Thread] DEBUG GameScene            - Entity added to scene
12:20:53.046 [JavaFX Application Thread] DEBUG GameScene            - Added MainViewComponent
12:20:53.046 [JavaFX Application Thread] DEBUG GameScene            - Entity added to scene
12:20:53.046 [JavaFX Application Thread] DEBUG GameScene            - Added MainViewComponent
12:20:53.047 [JavaFX Application Thread] DEBUG GameScene            - Entity added to scene
12:20:53.047 [JavaFX Application Thread] DEBUG GameScene            - Added MainViewComponent
12:20:53.048 [JavaFX Application Thread] DEBUG GameScene            - Entity added to scene
12:20:53.048 [JavaFX Application Thread] DEBUG GameScene            - Added MainViewComponent
12:20:53.048 [JavaFX Application Thread] DEBUG GameScene            - Entity removed from scene
12:20:53.048 [JavaFX Application Thread] DEBUG GameScene            - Removed MainViewComponent
12:20:53.049 [JavaFX Application Thread] DEBUG GameScene            - Entity removed from scene
12:20:53.049 [JavaFX Application Thread] DEBUG GameScene            - Removed MainViewComponent
12:20:53.050 [JavaFX Application Thread] DEBUG GameScene            - Entity removed from scene
12:20:53.050 [JavaFX Application Thread] DEBUG GameScene            - Removed MainViewComponent
12:20:53.050 [JavaFX Application Thread] DEBUG GameScene            - Entity removed from scene
12:20:53.051 [JavaFX Application Thread] DEBUG GameScene            - Removed MainViewComponent
12:20:53.051 [JavaFX Application Thread] DEBUG GameScene            - Entity removed from scene
12:20:53.051 [JavaFX Application Thread] DEBUG GameScene            - Removed MainViewComponent
12:20:53.052 [JavaFX Application Thread] DEBUG GameScene            - Entity removed from scene
12:20:53.052 [JavaFX Application Thread] DEBUG GameScene            - Removed MainViewComponent
12:20:53.052 [JavaFX Application Thread] DEBUG GameScene            - Entity removed from scene
12:20:53.052 [JavaFX Application Thread] DEBUG GameScene            - Removed MainViewComponent
12:20:53.220 [JavaFX Application Thread] DEBUG FXGLAssetLoader      - Loading from cache: /assets/textures/Ground1.png@64.0x64.0
12:20:53.221 [JavaFX Application Thread] DEBUG FXGLAssetLoader      - Loading from cache: /assets/textures/Ground1.png@64.0x64.0
12:20:53.222 [JavaFX Application Thread] DEBUG FXGLAssetLoader      - Loading from cache: /assets/textures/Ground1.png@64.0x64.0
12:20:53.223 [JavaFX Application Thread] DEBUG FXGLAssetLoader      - Loading from cache: /assets/textures/Ground1.png@64.0x64.0
12:20:53.224 [JavaFX Application Thread] DEBUG FXGLAssetLoader      - Loading from cache: /assets/textures/Ground1.png@64.0x64.0
12:20:53.225 [JavaFX Application Thread] DEBUG FXGLAssetLoader      - Loading from cache: /assets/textures/Ground1.png@64.0x64.0
12:20:53.235 [JavaFX Application Thread] DEBUG GameScene            - Entity added to scene
12:20:53.236 [JavaFX Application Thread] DEBUG GameScene            - Added MainViewComponent
12:20:53.236 [JavaFX Application Thread] DEBUG GameScene            - Entity added to scene
12:20:53.236 [JavaFX Application Thread] DEBUG GameScene            - Added MainViewComponent
12:20:53.237 [JavaFX Application Thread] DEBUG GameScene            - Entity added to scene
12:20:53.237 [JavaFX Application Thread] DEBUG GameScene            - Added MainViewComponent
12:20:53.237 [JavaFX Application Thread] DEBUG GameScene            - Entity added to scene
12:20:53.237 [JavaFX Application Thread] DEBUG GameScene            - Added MainViewComponent
12:20:53.238 [JavaFX Application Thread] DEBUG GameScene            - Entity added to scene
12:20:53.238 [JavaFX Application Thread] DEBUG GameScene            - Added MainViewComponent
12:20:53.238 [JavaFX Application Thread] DEBUG GameScene            - Entity added to scene
12:20:53.238 [JavaFX Application Thread] DEBUG GameScene            - Added MainViewComponent
12:20:53.239 [JavaFX Application Thread] DEBUG GameScene            - Entity removed from scene
12:20:53.239 [JavaFX Application Thread] DEBUG GameScene            - Removed MainViewComponent
12:20:53.240 [JavaFX Application Thread] DEBUG GameScene            - Entity removed from scene
12:20:53.240 [JavaFX Application Thread] DEBUG GameScene            - Removed MainViewComponent
12:20:53.240 [JavaFX Application Thread] DEBUG GameScene            - Entity removed from scene
12:20:53.240 [JavaFX Application Thread] DEBUG GameScene            - Removed MainViewComponent
12:20:53.241 [JavaFX Application Thread] DEBUG GameScene            - Entity removed from scene
12:20:53.241 [JavaFX Application Thread] DEBUG GameScene            - Removed MainViewComponent
12:20:53.241 [JavaFX Application Thread] DEBUG GameScene            - Entity removed from scene
12:20:53.241 [JavaFX Application Thread] DEBUG GameScene            - Removed MainViewComponent
12:20:53.241 [JavaFX Application Thread] DEBUG GameScene            - Entity removed from scene
12:20:53.241 [JavaFX Application Thread] DEBUG GameScene            - Removed MainViewComponent
12:20:53.242 [JavaFX Application Thread] DEBUG GameScene            - Entity removed from scene
12:20:53.242 [JavaFX Application Thread] DEBUG GameScene            - Removed MainViewComponent
12:20:53.445 [JavaFX Application Thread] DEBUG FXGLAssetLoader      - Loading from cache: /assets/textures/Ground1.png@64.0x64.0
12:20:53.445 [JavaFX Application Thread] DEBUG FXGLAssetLoader      - Loading from cache: /assets/textures/Ground1.png@64.0x64.0
12:20:53.446 [JavaFX Application Thread] DEBUG FXGLAssetLoader      - Loading from cache: /assets/textures/Ground1.png@64.0x64.0
12:20:53.447 [JavaFX Application Thread] DEBUG FXGLAssetLoader      - Loading from cache: /assets/textures/Ground1.png@64.0x64.0
12:20:53.448 [JavaFX Application Thread] DEBUG FXGLAssetLoader      - Loading from cache: /assets/textures/Ground1.png@64.0x64.0
12:20:53.449 [JavaFX Application Thread] DEBUG FXGLAssetLoader      - Loading from cache: /assets/textures/Ground1.png@64.0x64.0
12:20:53.460 [JavaFX Application Thread] DEBUG GameScene            - Entity added to scene
12:20:53.460 [JavaFX Application Thread] DEBUG GameScene            - Added MainViewComponent
12:20:53.461 [JavaFX Application Thread] DEBUG GameScene            - Entity added to scene
12:20:53.461 [JavaFX Application Thread] DEBUG GameScene            - Added MainViewComponent
12:20:53.461 [JavaFX Application Thread] DEBUG GameScene            - Entity added to scene
12:20:53.461 [JavaFX Application Thread] DEBUG GameScene            - Added MainViewComponent
12:20:53.462 [JavaFX Application Thread] DEBUG GameScene            - Entity added to scene
12:20:53.462 [JavaFX Application Thread] DEBUG GameScene            - Added MainViewComponent
12:20:53.463 [JavaFX Application Thread] DEBUG GameScene            - Entity added to scene
12:20:53.463 [JavaFX Application Thread] DEBUG GameScene            - Added MainViewComponent
12:20:53.464 [JavaFX Application Thread] DEBUG GameScene            - Entity added to scene
12:20:53.464 [JavaFX Application Thread] DEBUG GameScene            - Added MainViewComponent
12:20:53.465 [JavaFX Application Thread] DEBUG GameScene            - Entity removed from scene
12:20:53.465 [JavaFX Application Thread] DEBUG GameScene            - Removed MainViewComponent
12:20:53.465 [JavaFX Application Thread] DEBUG GameScene            - Entity removed from scene
12:20:53.465 [JavaFX Application Thread] DEBUG GameScene            - Removed MainViewComponent
12:20:53.466 [JavaFX Application Thread] DEBUG GameScene            - Entity removed from scene
12:20:53.466 [JavaFX Application Thread] DEBUG GameScene            - Removed MainViewComponent
12:20:53.466 [JavaFX Application Thread] DEBUG GameScene            - Entity removed from scene
12:20:53.466 [JavaFX Application Thread] DEBUG GameScene            - Removed MainViewComponent
12:20:53.467 [JavaFX Application Thread] DEBUG GameScene            - Entity removed from scene
12:20:53.467 [JavaFX Application Thread] DEBUG GameScene            - Removed MainViewComponent
12:20:53.467 [JavaFX Application Thread] DEBUG GameScene            - Entity removed from scene
12:20:53.468 [JavaFX Application Thread] DEBUG GameScene            - Removed MainViewComponent
12:20:53.468 [JavaFX Application Thread] DEBUG GameScene            - Entity removed from scene
12:20:53.468 [JavaFX Application Thread] DEBUG GameScene            - Removed MainViewComponent
12:20:53.652 [JavaFX Application Thread] DEBUG FXGLAssetLoader      - Loading from cache: /assets/textures/Ground1.png@64.0x64.0
12:20:53.654 [JavaFX Application Thread] DEBUG FXGLAssetLoader      - Loading from cache: /assets/textures/Ground1.png@64.0x64.0
12:20:53.655 [JavaFX Application Thread] DEBUG FXGLAssetLoader      - Loading from cache: /assets/textures/Ground1.png@64.0x64.0
12:20:53.656 [JavaFX Application Thread] DEBUG FXGLAssetLoader      - Loading from cache: /assets/textures/Ground1.png@64.0x64.0
12:20:53.656 [JavaFX Application Thread] DEBUG FXGLAssetLoader      - Loading from cache: /assets/textures/Ground1.png@64.0x64.0
12:20:53.657 [JavaFX Application Thread] DEBUG FXGLAssetLoader      - Loading from cache: /assets/textures/Ground1.png@64.0x64.0
12:20:53.667 [JavaFX Application Thread] DEBUG GameScene            - Entity added to scene
12:20:53.667 [JavaFX Application Thread] DEBUG GameScene            - Added MainViewComponent
12:20:53.668 [JavaFX Application Thread] DEBUG GameScene            - Entity added to scene
12:20:53.669 [JavaFX Application Thread] DEBUG GameScene            - Added MainViewComponent
12:20:53.669 [JavaFX Application Thread] DEBUG GameScene            - Entity added to scene
12:20:53.669 [JavaFX Application Thread] DEBUG GameScene            - Added MainViewComponent
12:20:53.669 [JavaFX Application Thread] DEBUG GameScene            - Entity added to scene
12:20:53.669 [JavaFX Application Thread] DEBUG GameScene            - Added MainViewComponent
12:20:53.670 [JavaFX Application Thread] DEBUG GameScene            - Entity added to scene
12:20:53.670 [JavaFX Application Thread] DEBUG GameScene            - Added MainViewComponent
12:20:53.670 [JavaFX Application Thread] DEBUG GameScene            - Entity added to scene
12:20:53.670 [JavaFX Application Thread] DEBUG GameScene            - Added MainViewComponent
12:20:53.671 [JavaFX Application Thread] DEBUG GameScene            - Entity removed from scene
12:20:53.671 [JavaFX Application Thread] DEBUG GameScene            - Removed MainViewComponent
12:20:53.671 [JavaFX Application Thread] DEBUG GameScene            - Entity removed from scene
12:20:53.671 [JavaFX Application Thread] DEBUG GameScene            - Removed MainViewComponent
12:20:53.672 [JavaFX Application Thread] DEBUG GameScene            - Entity removed from scene
12:20:53.672 [JavaFX Application Thread] DEBUG GameScene            - Removed MainViewComponent
12:20:53.672 [JavaFX Application Thread] DEBUG GameScene            - Entity removed from scene
12:20:53.672 [JavaFX Application Thread] DEBUG GameScene            - Removed MainViewComponent
12:20:53.673 [JavaFX Application Thread] DEBUG GameScene            - Entity removed from scene
12:20:53.673 [JavaFX Application Thread] DEBUG GameScene            - Removed MainViewComponent
12:20:53.673 [JavaFX Application Thread] DEBUG GameScene            - Entity removed from scene
12:20:53.674 [JavaFX Application Thread] DEBUG GameScene            - Removed MainViewComponent
12:20:53.674 [JavaFX Application Thread] DEBUG GameScene            - Entity removed from scene
12:20:53.674 [JavaFX Application Thread] DEBUG GameScene            - Removed MainViewComponent
12:20:53.829 [JavaFX Application Thread] DEBUG GameScene            - Adding UI node: InGameWindow@1d8e5a4d[styleClass=window]
12:20:54.245 [JavaFX Application Thread] DEBUG FXGLAssetLoader      - Loading from cache: /assets/textures/Ground1.png@64.0x64.0
12:20:54.247 [JavaFX Application Thread] DEBUG FXGLAssetLoader      - Loading from cache: /assets/textures/Ground1.png@64.0x64.0
12:20:54.248 [JavaFX Application Thread] DEBUG FXGLAssetLoader      - Loading from cache: /assets/textures/Ground1.png@64.0x64.0
12:20:54.249 [JavaFX Application Thread] DEBUG FXGLAssetLoader      - Loading from cache: /assets/textures/Ground1.png@64.0x64.0
12:20:54.250 [JavaFX Application Thread] DEBUG FXGLAssetLoader      - Loading from cache: /assets/textures/Ground1.png@64.0x64.0
12:20:54.251 [JavaFX Application Thread] DEBUG FXGLAssetLoader      - Loading from cache: /assets/textures/Ground1.png@64.0x64.0
12:20:54.271 [JavaFX Application Thread] DEBUG GameScene            - Entity added to scene
12:20:54.271 [JavaFX Application Thread] DEBUG GameScene            - Added MainViewComponent
12:20:54.273 [JavaFX Application Thread] DEBUG GameScene            - Entity added to scene
12:20:54.274 [JavaFX Application Thread] DEBUG GameScene            - Added MainViewComponent
12:20:54.274 [JavaFX Application Thread] DEBUG GameScene            - Entity added to scene
12:20:54.274 [JavaFX Application Thread] DEBUG GameScene            - Added MainViewComponent
12:20:54.275 [JavaFX Application Thread] DEBUG GameScene            - Entity added to scene
12:20:54.275 [JavaFX Application Thread] DEBUG GameScene            - Added MainViewComponent
12:20:54.276 [JavaFX Application Thread] DEBUG GameScene            - Entity added to scene
12:20:54.276 [JavaFX Application Thread] DEBUG GameScene            - Added MainViewComponent
12:20:54.276 [JavaFX Application Thread] DEBUG GameScene            - Entity added to scene
12:20:54.276 [JavaFX Application Thread] DEBUG GameScene            - Added MainViewComponent
12:20:54.277 [JavaFX Application Thread] DEBUG GameScene            - Entity removed from scene
12:20:54.277 [JavaFX Application Thread] DEBUG GameScene            - Removed MainViewComponent
12:20:54.278 [JavaFX Application Thread] DEBUG GameScene            - Entity removed from scene
12:20:54.278 [JavaFX Application Thread] DEBUG GameScene            - Removed MainViewComponent
12:20:54.278 [JavaFX Application Thread] DEBUG GameScene            - Entity removed from scene
12:20:54.278 [JavaFX Application Thread] DEBUG GameScene            - Removed MainViewComponent
12:20:54.279 [JavaFX Application Thread] DEBUG GameScene            - Entity removed from scene
12:20:54.279 [JavaFX Application Thread] DEBUG GameScene            - Removed MainViewComponent
12:20:54.279 [JavaFX Application Thread] DEBUG GameScene            - Entity removed from scene
12:20:54.279 [JavaFX Application Thread] DEBUG GameScene            - Removed MainViewComponent
12:20:54.280 [JavaFX Application Thread] DEBUG GameScene            - Entity removed from scene
12:20:54.280 [JavaFX Application Thread] DEBUG GameScene            - Removed MainViewComponent
12:20:54.280 [JavaFX Application Thread] DEBUG GameScene            - Entity removed from scene
12:20:54.280 [JavaFX Application Thread] DEBUG GameScene            - Removed MainViewComponent
12:20:54.549 [JavaFX Application Thread] DEBUG FXGLAssetLoader      - Loading from cache: /assets/textures/Ground1.png@64.0x64.0
12:20:54.550 [JavaFX Application Thread] DEBUG FXGLAssetLoader      - Loading from cache: /assets/textures/Ground1.png@64.0x64.0
12:20:54.551 [JavaFX Application Thread] DEBUG FXGLAssetLoader      - Loading from cache: /assets/textures/Ground1.png@64.0x64.0
12:20:54.552 [JavaFX Application Thread] DEBUG FXGLAssetLoader      - Loading from cache: /assets/textures/Ground1.png@64.0x64.0
12:20:54.553 [JavaFX Application Thread] DEBUG FXGLAssetLoader      - Loading from cache: /assets/textures/Ground1.png@64.0x64.0
12:20:54.554 [JavaFX Application Thread] DEBUG FXGLAssetLoader      - Loading from cache: /assets/textures/Ground1.png@64.0x64.0
12:20:54.563 [JavaFX Application Thread] DEBUG GameScene            - Entity added to scene
12:20:54.564 [JavaFX Application Thread] DEBUG GameScene            - Added MainViewComponent
12:20:54.564 [JavaFX Application Thread] DEBUG GameScene            - Entity added to scene
12:20:54.564 [JavaFX Application Thread] DEBUG GameScene            - Added MainViewComponent
12:20:54.565 [JavaFX Application Thread] DEBUG GameScene            - Entity added to scene
12:20:54.565 [JavaFX Application Thread] DEBUG GameScene            - Added MainViewComponent
12:20:54.565 [JavaFX Application Thread] DEBUG GameScene            - Entity added to scene
12:20:54.565 [JavaFX Application Thread] DEBUG GameScene            - Added MainViewComponent
12:20:54.566 [JavaFX Application Thread] DEBUG GameScene            - Entity added to scene
12:20:54.566 [JavaFX Application Thread] DEBUG GameScene            - Added MainViewComponent
12:20:54.566 [JavaFX Application Thread] DEBUG GameScene            - Entity added to scene
12:20:54.566 [JavaFX Application Thread] DEBUG GameScene            - Added MainViewComponent
12:20:54.566 [JavaFX Application Thread] DEBUG GameScene            - Entity removed from scene
12:20:54.567 [JavaFX Application Thread] DEBUG GameScene            - Removed MainViewComponent
12:20:54.567 [JavaFX Application Thread] DEBUG GameScene            - Entity removed from scene
12:20:54.568 [JavaFX Application Thread] DEBUG GameScene            - Removed MainViewComponent
12:20:54.570 [JavaFX Application Thread] DEBUG GameScene            - Entity removed from scene
12:20:54.570 [JavaFX Application Thread] DEBUG GameScene            - Removed MainViewComponent
12:20:54.571 [JavaFX Application Thread] DEBUG GameScene            - Entity removed from scene
12:20:54.571 [JavaFX Application Thread] DEBUG GameScene            - Removed MainViewComponent
12:20:54.572 [JavaFX Application Thread] DEBUG GameScene            - Entity removed from scene
12:20:54.572 [JavaFX Application Thread] DEBUG GameScene            - Removed MainViewComponent
12:20:54.572 [JavaFX Application Thread] DEBUG GameScene            - Entity removed from scene
12:20:54.572 [JavaFX Application Thread] DEBUG GameScene            - Removed MainViewComponent
12:20:54.573 [JavaFX Application Thread] DEBUG GameScene            - Entity removed from scene
12:20:54.573 [JavaFX Application Thread] DEBUG GameScene            - Removed MainViewComponent
12:20:54.919 [JavaFX Application Thread] DEBUG FXGLAssetLoader      - Loading from cache: /assets/textures/Ground1.png@64.0x64.0
12:20:54.920 [JavaFX Application Thread] DEBUG FXGLAssetLoader      - Loading from cache: /assets/textures/Ground1.png@64.0x64.0
12:20:54.921 [JavaFX Application Thread] DEBUG FXGLAssetLoader      - Loading from cache: /assets/textures/Ground1.png@64.0x64.0
12:20:54.922 [JavaFX Application Thread] DEBUG FXGLAssetLoader      - Loading from cache: /assets/textures/Ground1.png@64.0x64.0
12:20:54.923 [JavaFX Application Thread] DEBUG FXGLAssetLoader      - Loading from cache: /assets/textures/Ground1.png@64.0x64.0
12:20:54.923 [JavaFX Application Thread] DEBUG FXGLAssetLoader      - Loading from cache: /assets/textures/Ground1.png@64.0x64.0
12:20:54.924 [JavaFX Application Thread] DEBUG FXGLAssetLoader      - Loading from cache: /assets/textures/Ground1.png@64.0x64.0
12:20:54.925 [JavaFX Application Thread] DEBUG FXGLAssetLoader      - Loading from cache: /assets/textures/Ground1.png@64.0x64.0
12:20:54.932 [JavaFX Application Thread] DEBUG GameScene            - Entity added to scene
12:20:54.932 [JavaFX Application Thread] DEBUG GameScene            - Added MainViewComponent
12:20:54.933 [JavaFX Application Thread] DEBUG GameScene            - Entity added to scene
12:20:54.934 [JavaFX Application Thread] DEBUG GameScene            - Added MainViewComponent
12:20:54.934 [JavaFX Application Thread] DEBUG GameScene            - Entity added to scene
12:20:54.934 [JavaFX Application Thread] DEBUG GameScene            - Added MainViewComponent
12:20:54.935 [JavaFX Application Thread] DEBUG GameScene            - Entity added to scene
12:20:54.935 [JavaFX Application Thread] DEBUG GameScene            - Added MainViewComponent
12:20:54.935 [JavaFX Application Thread] DEBUG GameScene            - Entity added to scene
12:20:54.935 [JavaFX Application Thread] DEBUG GameScene            - Added MainViewComponent
12:20:54.936 [JavaFX Application Thread] DEBUG GameScene            - Entity added to scene
12:20:54.936 [JavaFX Application Thread] DEBUG GameScene            - Added MainViewComponent
12:20:54.936 [JavaFX Application Thread] DEBUG GameScene            - Entity added to scene
12:20:54.937 [JavaFX Application Thread] DEBUG GameScene            - Added MainViewComponent
12:20:54.937 [JavaFX Application Thread] DEBUG GameScene            - Entity added to scene
12:20:54.937 [JavaFX Application Thread] DEBUG GameScene            - Added MainViewComponent
12:20:55.653 [JavaFX Application Thread] DEBUG FXGLAssetLoader      - Loading from disk: /assets/sounds/Dig.wav
12:20:55.684 [JavaFX Application Thread] DEBUG GameScene            - Entity removed from scene
12:20:55.684 [JavaFX Application Thread] DEBUG GameScene            - Removed MainViewComponent
12:20:56.004 [JavaFX Application Thread] DEBUG FXGLAssetLoader      - Loading from cache: /assets/textures/Ground1.png@64.0x64.0
12:20:56.006 [JavaFX Application Thread] DEBUG FXGLAssetLoader      - Loading from cache: /assets/textures/Ground1.png@64.0x64.0
12:20:56.006 [JavaFX Application Thread] DEBUG FXGLAssetLoader      - Loading from cache: /assets/textures/Ground1.png@64.0x64.0
12:20:56.007 [JavaFX Application Thread] DEBUG FXGLAssetLoader      - Loading from cache: /assets/textures/Ground1.png@64.0x64.0
12:20:56.008 [JavaFX Application Thread] DEBUG FXGLAssetLoader      - Loading from cache: /assets/textures/Ground1.png@64.0x64.0
12:20:56.010 [JavaFX Application Thread] DEBUG FXGLAssetLoader      - Loading from cache: /assets/textures/Ground1.png@64.0x64.0
12:20:56.011 [JavaFX Application Thread] DEBUG FXGLAssetLoader      - Loading from cache: /assets/textures/Ground1.png@64.0x64.0
12:20:56.012 [JavaFX Application Thread] DEBUG FXGLAssetLoader      - Loading from cache: /assets/textures/Ground1.png@64.0x64.0
12:20:56.013 [JavaFX Application Thread] DEBUG FXGLAssetLoader      - Loading from cache: /assets/textures/Ground1.png@64.0x64.0
12:20:56.014 [JavaFX Application Thread] DEBUG FXGLAssetLoader      - Loading from cache: /assets/textures/Ground1.png@64.0x64.0
12:20:56.015 [JavaFX Application Thread] DEBUG FXGLAssetLoader      - Loading from cache: /assets/textures/Ground1.png@64.0x64.0
12:20:56.015 [JavaFX Application Thread] DEBUG FXGLAssetLoader      - Loading from cache: /assets/textures/Ground1.png@64.0x64.0
12:20:56.016 [JavaFX Application Thread] DEBUG FXGLAssetLoader      - Loading from cache: /assets/textures/Ground1.png@64.0x64.0
12:20:56.017 [JavaFX Application Thread] DEBUG FXGLAssetLoader      - Loading from cache: /assets/textures/Ground1.png@64.0x64.0
12:20:56.018 [JavaFX Application Thread] DEBUG FXGLAssetLoader      - Loading from cache: /assets/textures/Ground1.png@64.0x64.0
12:20:56.036 [JavaFX Application Thread] DEBUG GameScene            - Entity added to scene
12:20:56.036 [JavaFX Application Thread] DEBUG GameScene            - Added MainViewComponent
12:20:56.037 [JavaFX Application Thread] DEBUG GameScene            - Entity added to scene
12:20:56.037 [JavaFX Application Thread] DEBUG GameScene            - Added MainViewComponent
12:20:56.037 [JavaFX Application Thread] DEBUG GameScene            - Entity added to scene
12:20:56.038 [JavaFX Application Thread] DEBUG GameScene            - Added MainViewComponent
12:20:56.038 [JavaFX Application Thread] DEBUG GameScene            - Entity added to scene
12:20:56.038 [JavaFX Application Thread] DEBUG GameScene            - Added MainViewComponent
12:20:56.038 [JavaFX Application Thread] DEBUG GameScene            - Entity added to scene
12:20:56.039 [JavaFX Application Thread] DEBUG GameScene            - Added MainViewComponent
12:20:56.039 [JavaFX Application Thread] DEBUG GameScene            - Entity added to scene
12:20:56.039 [JavaFX Application Thread] DEBUG GameScene            - Added MainViewComponent
12:20:56.040 [JavaFX Application Thread] DEBUG GameScene            - Entity added to scene
12:20:56.040 [JavaFX Application Thread] DEBUG GameScene            - Added MainViewComponent
12:20:56.040 [JavaFX Application Thread] DEBUG GameScene            - Entity added to scene
12:20:56.040 [JavaFX Application Thread] DEBUG GameScene            - Added MainViewComponent
12:20:56.041 [JavaFX Application Thread] DEBUG GameScene            - Entity added to scene
12:20:56.041 [JavaFX Application Thread] DEBUG GameScene            - Added MainViewComponent
12:20:56.041 [JavaFX Application Thread] DEBUG GameScene            - Entity added to scene
12:20:56.041 [JavaFX Application Thread] DEBUG GameScene            - Added MainViewComponent
12:20:56.042 [JavaFX Application Thread] DEBUG GameScene            - Entity added to scene
12:20:56.042 [JavaFX Application Thread] DEBUG GameScene            - Added MainViewComponent
12:20:56.042 [JavaFX Application Thread] DEBUG GameScene            - Entity added to scene
12:20:56.042 [JavaFX Application Thread] DEBUG GameScene            - Added MainViewComponent
12:20:56.043 [JavaFX Application Thread] DEBUG GameScene            - Entity added to scene
12:20:56.043 [JavaFX Application Thread] DEBUG GameScene            - Added MainViewComponent
12:20:56.044 [JavaFX Application Thread] DEBUG GameScene            - Entity added to scene
12:20:56.044 [JavaFX Application Thread] DEBUG GameScene            - Added MainViewComponent
12:20:56.044 [JavaFX Application Thread] DEBUG GameScene            - Entity added to scene
12:20:56.044 [JavaFX Application Thread] DEBUG GameScene            - Added MainViewComponent
12:20:58.592 [JavaFX Application Thread] DEBUG FXGLEventBus         - Firing event: DisplayEvent[type=CLOSE_REQUEST]
12:20:58.594 [JavaFX Application Thread] DEBUG FXGLEventBus         - Firing event: FXGLEvent[type=EXIT]
12:20:58.603 [JavaFX Application Thread] DEBUG FXGL                 - Saving FXGL system data
12:20:58.606 [JavaFX Application Thread] DEBUG IOTask               - Executing task: writeDataTask(system/fxgl.bundle)
12:20:58.610 [JavaFX Application Thread] DEBUG FS                   - Writing to: system\fxgl.bundle
12:20:58.617 [JavaFX Application Thread] DEBUG IOTask               - Task succeeded: writeDataTask(system/fxgl.bundle)
