12:36:03.389 [FXGL Launcher Thread     ] DEBUG FXGLLoggerFactory    - Service [LoggerFactory] initialized
12:36:03.394 [FXGL Launcher Thread     ] DEBUG FXGL                 - FXGL configuration complete
12:36:03.394 [FXGL Launcher Thread     ] DEBUG FXGL                 - Loading FXGL system data
12:36:03.397 [FXGL Launcher Thread     ] DEBUG IOTask               - Executing task: readDataTask(system/fxgl.bundle)
12:36:03.399 [FXGL Launcher Thread     ] DEBUG FS                   - Reading from: system\fxgl.bundle
12:36:03.404 [FXGL Launcher Thread     ] DEBUG IOTask               - Task succeeded: readDataTask(system/fxgl.bundle)
12:36:03.404 [FXGL Launcher Thread     ] DEBUG Bundle               - Logging bundle: FXGL
12:36:03.406 [FXGL Launcher Thread     ] DEBUG Bundle               - FXGL.offline.timer.version.check=2017-01-12T08:38:28.585
12:36:03.414 [FXGL Launcher Thread     ] DEBUG GameApplication      - Configuring GameApplication
12:36:03.417 [FXGL Launcher Thread     ] DEBUG FXGLExceptionHandler - Service [ExceptionHandler] initialized
12:36:03.417 [FXGL Launcher Thread     ] DEBUG FXGLEventBus         - Service [EventBus] initialized
12:36:03.420 [FXGL Launcher Thread     ] DEBUG FXGLExecutor         - Service [Executor] initialized
12:36:03.420 [FXGL Launcher Thread     ] DEBUG PreInitTask          - Injecting gameWorld & physicsWorld
12:36:03.425 [FXGL Launcher Thread     ] DEBUG GameWorld            - Game world initialized
12:36:03.460 [FXGL Launcher Thread     ] DEBUG FXGLPooler           - Service [Pooler] initialized with default size = 128
12:36:03.460 [FXGL Launcher Thread     ] DEBUG PhysicsWorld         - Physics world initialized: appHeight=700.0, physics.ppm=50.0
12:36:03.461 [FXGL Launcher Thread     ] DEBUG FXGLInput            - Service [Input] initialized
12:36:03.478 [FXGL Launcher Thread     ] DEBUG FXGLInput            - Registered new binding: Screenshot - P
12:36:03.479 [FXGL Launcher Thread     ] DEBUG FXGLInput            - Registered new binding: Dev Options - CTRL+0
12:36:03.479 [FXGL Launcher Thread     ] DEBUG FXGLInput            - Registered new binding: Move Up - W
12:36:03.479 [FXGL Launcher Thread     ] DEBUG FXGLInput            - Registered new binding: Move Right - A
12:36:03.479 [FXGL Launcher Thread     ] DEBUG FXGLInput            - Registered new binding: Move Left - D
12:36:03.479 [FXGL Launcher Thread     ] DEBUG FXGLInput            - Registered new binding: Move Down - S
12:36:03.502 [FXGL Launcher Thread     ] DEBUG GameScene            - Game scene initialized: 800.0x700.0
12:36:03.507 [FXGL Launcher Thread     ] DEBUG FXGLAssetLoader      - Service [AssetLoader] initialized: cacheSize=35
12:36:03.508 [FXGL Launcher Thread     ] DEBUG FXGLAssetLoader      - Loading from disk: /assets/sounds/system/notification.wav
12:36:03.535 [FXGL Launcher Thread     ] DEBUG FXGLAssetLoader      - Loading from disk: /assets/sounds/menu/select.wav
12:36:03.540 [FXGL Launcher Thread     ] DEBUG FXGLAssetLoader      - Loading from disk: /assets/sounds/menu/back.wav
12:36:03.541 [FXGL Launcher Thread     ] DEBUG FXGLAssetLoader      - Loading from disk: /assets/sounds/menu/press.wav
12:36:03.544 [FXGL Launcher Thread     ] DEBUG FXGLAssetLoader      - Loading from disk: /assets/ui/fonts/Copperplate_Gothic_Light_Regular.ttf
12:36:03.638 [FXGL Launcher Thread     ] DEBUG FXGLAssetLoader      - Loading from disk: /assets/ui/css/fxgl.css
12:36:03.638 [FXGL Launcher Thread     ] DEBUG FXGLAssetLoader      - Loading from disk: /assets/ui/icons/fxgl_icon.png
12:36:03.665 [FXGL Launcher Thread     ] DEBUG FXGLAssetLoader      - Loading from disk: /assets/ui/css/fxgl_dark.css
12:36:03.674 [FXGL Launcher Thread     ] DEBUG FXGLDisplay          - Target size: DoubleProperty [value: 800.0] x DoubleProperty [value: 700.0] @ 1.0
12:36:03.674 [FXGL Launcher Thread     ] DEBUG FXGLDisplay          - New size:    800.0 x 700.0 @ DoubleProperty [value: 1.0]
12:36:03.674 [FXGL Launcher Thread     ] DEBUG FXGLDisplay          - Service [Display] initialized
12:36:03.675 [FXGL Launcher Thread     ] DEBUG FXGLDisplay          - Using CSS: CSS(externalForm=jar:file:/C:/Users/Vic%20Spet/Documents/NetBeansProjects/MotherLoadProject/MotherLoad/lib/fxgl-0.2.9-uber.jar!/assets/ui/css/fxgl_dark.css)
12:36:03.675 [FXGL Launcher Thread     ] DEBUG InitScenesTask       - Injecting loadingScene & gameScene
12:36:03.692 [FXGL Launcher Thread     ] DEBUG FXGLMasterTimer      - Service [MasterTimer] initialized
12:36:03.694 [FXGL Launcher Thread     ] DEBUG FXGLAudioPlayer      - Service [AudioPlayer] initialized
12:36:03.701 [FXGL Launcher Thread     ] DEBUG InitProfilerTask     - Injecting profiler
12:36:03.701 [FXGL Launcher Thread     ] DEBUG GameApplication      - Starting new game
12:36:03.703 [FXGL Launcher Thread     ] DEBUG GameApplication      - Initializing App
12:36:03.704 [FXGL Launcher Thread     ] DEBUG FXGLInput            - Clearing active input actions
12:36:03.704 [FXGL Launcher Thread     ] DEBUG FXGLMasterTimer      - Stopping master timer
12:36:03.704 [FXGL Launcher Thread     ] DEBUG GameApplication      - State: STARTUP -> PAUSED
12:36:03.705 [FXGL Launcher Thread     ] DEBUG FXGLEventBus         - Firing event: FXGLEvent[type=PAUSE]
12:36:03.706 [FXGL Launcher Thread     ] DEBUG FXGLInput            - Clearing active input actions
12:36:03.706 [FXGL Launcher Thread     ] DEBUG FXGLMasterTimer      - Resetting ticks and clearing all actions
12:36:03.706 [FXGL Launcher Thread     ] DEBUG GameWorld            - Resetting game world
12:36:03.706 [FXGL Launcher Thread     ] TRACE EntityWorld          - Resetting entity world
12:36:03.707 [FXGL Launcher Thread     ] DEBUG PhysicsWorld         - Resetting physics world
12:36:03.707 [FXGL Launcher Thread     ] DEBUG GameScene            - Resetting game scene
12:36:03.707 [FXGL Launcher Thread     ] DEBUG FXGLEventBus         - Firing event: FXGLEvent[type=RESET]
12:36:03.756 [FXGL Launcher Thread     ] DEBUG GameApplication      - State: PAUSED -> LOADING
12:36:03.783 [FXGL Background Thread 1 ] DEBUG InitAppTask          - Initializing Assets
12:36:03.783 [FXGL Background Thread 1 ] DEBUG InitAppTask          - Initializing Game
12:36:03.801 [FXGL Background Thread 1 ] DEBUG FXGLAssetLoader      - Loading from disk: /assets/textures/PlayerLeft.png
12:36:03.809 [FXGL Background Thread 1 ] DEBUG FXGLAssetLoader      - Loading from disk: /assets/textures/Ground1.png
12:36:03.811 [FXGL Background Thread 1 ] DEBUG InitAppTask          - Initializing Physics
12:36:03.812 [FXGL Background Thread 1 ] DEBUG InitAppTask          - Initializing UI
12:36:03.812 [FXGL Background Thread 1 ] DEBUG FXGLAssetLoader      - Loading from disk: /assets/textures/Background.png
12:36:03.835 [JavaFX Application Thread] DEBUG FXGLDisplay          - Showing stage
12:36:03.835 [JavaFX Application Thread] DEBUG FXGLDisplay          - Root size: 800.0x700.0
12:36:03.836 [JavaFX Application Thread] DEBUG FXGLDisplay          - Scene size: 800.0x700.0
12:36:03.836 [JavaFX Application Thread] DEBUG FXGLDisplay          - Stage size: 818.0x747.0
12:36:03.847 [FXGL Background Thread 1 ] DEBUG GameScene            - Creating render group for layer: TOP(2147483647)
12:36:03.848 [FXGL Background Thread 1 ] DEBUG InitAppTask          - Initialization Complete
12:36:03.898 [JavaFX Application Thread] DEBUG FXGLInput            - Clearing active input actions
12:36:03.899 [JavaFX Application Thread] DEBUG FXGLMasterTimer      - Starting master timer
12:36:03.899 [JavaFX Application Thread] DEBUG GameApplication      - State: LOADING -> PLAYING
12:36:03.903 [JavaFX Application Thread] DEBUG FXGLEventBus         - Firing event: FXGLEvent[type=RESUME]
12:36:03.905 [JavaFX Application Thread] DEBUG GameScene            - Entity added to scene
12:36:03.906 [JavaFX Application Thread] DEBUG GameScene            - Added MainViewComponent
12:36:03.909 [JavaFX Application Thread] DEBUG GameScene            - Entity added to scene
12:36:03.909 [JavaFX Application Thread] DEBUG GameScene            - Added MainViewComponent
12:36:16.005 [JavaFX Application Thread] DEBUG FXGLEventBus         - Firing event: DisplayEvent[type=CLOSE_REQUEST]
12:36:16.006 [JavaFX Application Thread] DEBUG FXGLEventBus         - Firing event: FXGLEvent[type=EXIT]
12:36:16.009 [JavaFX Application Thread] DEBUG FXGL                 - Saving FXGL system data
12:36:16.010 [JavaFX Application Thread] DEBUG IOTask               - Executing task: writeDataTask(system/fxgl.bundle)
12:36:16.012 [JavaFX Application Thread] DEBUG FS                   - Writing to: system\fxgl.bundle
12:36:16.015 [JavaFX Application Thread] DEBUG IOTask               - Task succeeded: writeDataTask(system/fxgl.bundle)
