22:34:58.795 [FXGL Launcher Thread     ] DEBUG FXGLLoggerFactory    - Service [LoggerFactory] initialized
22:34:58.801 [FXGL Launcher Thread     ] DEBUG FXGL                 - FXGL configuration complete
22:34:58.801 [FXGL Launcher Thread     ] DEBUG FXGL                 - Loading FXGL system data
22:34:58.804 [FXGL Launcher Thread     ] DEBUG IOTask               - Executing task: readDataTask(system/fxgl.bundle)
22:34:58.807 [FXGL Launcher Thread     ] DEBUG FS                   - Reading from: system\fxgl.bundle
22:34:58.813 [FXGL Launcher Thread     ] DEBUG IOTask               - Task succeeded: readDataTask(system/fxgl.bundle)
22:34:58.813 [FXGL Launcher Thread     ] DEBUG Bundle               - Logging bundle: FXGL
22:34:58.814 [FXGL Launcher Thread     ] DEBUG Bundle               - FXGL.offline.timer.version.check=2017-01-12T08:38:28.585
22:34:58.822 [FXGL Launcher Thread     ] DEBUG GameApplication      - Configuring GameApplication
22:34:58.825 [FXGL Launcher Thread     ] DEBUG FXGLExceptionHandler - Service [ExceptionHandler] initialized
22:34:58.826 [FXGL Launcher Thread     ] DEBUG FXGLEventBus         - Service [EventBus] initialized
22:34:58.829 [FXGL Launcher Thread     ] DEBUG FXGLExecutor         - Service [Executor] initialized
22:34:58.829 [FXGL Launcher Thread     ] DEBUG PreInitTask          - Injecting gameWorld & physicsWorld
22:34:58.833 [FXGL Launcher Thread     ] DEBUG GameWorld            - Game world initialized
22:34:58.871 [FXGL Launcher Thread     ] DEBUG FXGLPooler           - Service [Pooler] initialized with default size = 128
22:34:58.871 [FXGL Launcher Thread     ] DEBUG PhysicsWorld         - Physics world initialized: appHeight=700.0, physics.ppm=50.0
22:34:58.872 [FXGL Launcher Thread     ] DEBUG FXGLInput            - Service [Input] initialized
22:34:58.894 [FXGL Launcher Thread     ] DEBUG FXGLInput            - Registered new binding: Screenshot - P
22:34:58.894 [FXGL Launcher Thread     ] DEBUG FXGLInput            - Registered new binding: Dev Options - CTRL+0
22:34:58.894 [FXGL Launcher Thread     ] DEBUG FXGLInput            - Registered new binding: Move With Mouse - PRIMARY
22:34:58.894 [FXGL Launcher Thread     ] DEBUG FXGLInput            - Registered new binding: Move up - W
22:34:58.895 [FXGL Launcher Thread     ] DEBUG FXGLInput            - Registered new binding: Open Fuel Shop - 1
22:34:58.895 [FXGL Launcher Thread     ] DEBUG FXGLInput            - Registered new binding: Open Sell - 2
22:34:58.928 [FXGL Launcher Thread     ] DEBUG GameScene            - Game scene initialized: 800.0x700.0
22:34:58.938 [FXGL Launcher Thread     ] DEBUG FXGLAssetLoader      - Service [AssetLoader] initialized: cacheSize=35
22:34:58.942 [FXGL Launcher Thread     ] DEBUG FXGLAssetLoader      - Loading from disk: /assets/sounds/system/notification.wav
22:34:58.986 [FXGL Launcher Thread     ] DEBUG FXGLAssetLoader      - Loading from disk: /assets/sounds/menu/select.wav
22:34:58.988 [FXGL Launcher Thread     ] DEBUG FXGLAssetLoader      - Loading from disk: /assets/sounds/menu/back.wav
22:34:58.990 [FXGL Launcher Thread     ] DEBUG FXGLAssetLoader      - Loading from disk: /assets/sounds/menu/press.wav
22:34:58.992 [FXGL Launcher Thread     ] DEBUG FXGLAssetLoader      - Loading from disk: /assets/ui/fonts/Copperplate_Gothic_Light_Regular.ttf
22:34:59.073 [FXGL Launcher Thread     ] DEBUG FXGLAssetLoader      - Loading from disk: /assets/ui/css/fxgl.css
22:34:59.073 [FXGL Launcher Thread     ] DEBUG FXGLAssetLoader      - Loading from disk: /assets/ui/icons/fxgl_icon.png
22:34:59.114 [FXGL Launcher Thread     ] DEBUG FXGLAssetLoader      - Loading from disk: /assets/ui/css/fxgl_gta5.css
22:34:59.125 [FXGL Launcher Thread     ] DEBUG FXGLDisplay          - Target size: DoubleProperty [value: 800.0] x DoubleProperty [value: 700.0] @ 1.0
22:34:59.125 [FXGL Launcher Thread     ] DEBUG FXGLDisplay          - New size:    800.0 x 700.0 @ DoubleProperty [value: 1.0]
22:34:59.125 [FXGL Launcher Thread     ] DEBUG FXGLDisplay          - Service [Display] initialized
22:34:59.126 [FXGL Launcher Thread     ] DEBUG FXGLDisplay          - Using CSS: CSS(externalForm=jar:file:/C:/Users/Shane/Documents/NetBeansProjects/MotherLoad/MotherLoad/lib/fxgl-0.2.9-uber.jar!/assets/ui/css/fxgl_gta5.css)
22:34:59.126 [FXGL Launcher Thread     ] DEBUG InitScenesTask       - Injecting loadingScene & gameScene
22:34:59.165 [FXGL Launcher Thread     ] DEBUG FXGLMasterTimer      - Service [MasterTimer] initialized
22:34:59.168 [FXGL Launcher Thread     ] DEBUG FXGLAudioPlayer      - Service [AudioPlayer] initialized
22:34:59.175 [FXGL Launcher Thread     ] DEBUG InitProfilerTask     - Injecting profiler
22:34:59.175 [FXGL Launcher Thread     ] DEBUG GameApplication      - Starting new game
22:34:59.177 [FXGL Launcher Thread     ] DEBUG GameApplication      - Initializing App
22:34:59.178 [FXGL Launcher Thread     ] DEBUG FXGLInput            - Clearing active input actions
22:34:59.178 [FXGL Launcher Thread     ] DEBUG FXGLMasterTimer      - Stopping master timer
22:34:59.178 [FXGL Launcher Thread     ] DEBUG GameApplication      - State: STARTUP -> PAUSED
22:34:59.179 [FXGL Launcher Thread     ] DEBUG FXGLEventBus         - Firing event: FXGLEvent[type=PAUSE]
22:34:59.180 [FXGL Launcher Thread     ] DEBUG FXGLInput            - Clearing active input actions
22:34:59.180 [FXGL Launcher Thread     ] DEBUG FXGLMasterTimer      - Resetting ticks and clearing all actions
22:34:59.180 [FXGL Launcher Thread     ] DEBUG GameWorld            - Resetting game world
22:34:59.180 [FXGL Launcher Thread     ] TRACE EntityWorld          - Resetting entity world
22:34:59.182 [FXGL Launcher Thread     ] DEBUG PhysicsWorld         - Resetting physics world
22:34:59.182 [FXGL Launcher Thread     ] DEBUG GameScene            - Resetting game scene
22:34:59.182 [FXGL Launcher Thread     ] DEBUG FXGLEventBus         - Firing event: FXGLEvent[type=RESET]
22:34:59.320 [FXGL Launcher Thread     ] DEBUG GameApplication      - State: PAUSED -> LOADING
22:34:59.347 [FXGL Background Thread 1 ] DEBUG InitAppTask          - Initializing Assets
22:34:59.348 [FXGL Background Thread 1 ] DEBUG InitAppTask          - Initializing Game
22:34:59.366 [FXGL Background Thread 1 ] DEBUG InitAppTask          - Initializing Physics
22:34:59.366 [FXGL Background Thread 1 ] DEBUG InitAppTask          - Initializing UI
22:34:59.370 [FXGL Background Thread 1 ] DEBUG GameScene            - Adding UI node: InventoryView@265f95a5[styleClass=window]
22:34:59.370 [FXGL Background Thread 1 ] DEBUG InitAppTask          - Initialization Complete
22:34:59.412 [JavaFX Application Thread] DEBUG FXGLDisplay          - Showing stage
22:34:59.412 [JavaFX Application Thread] DEBUG FXGLDisplay          - Root size: 800.0x700.0
22:34:59.412 [JavaFX Application Thread] DEBUG FXGLDisplay          - Scene size: 800.0x700.0
22:34:59.412 [JavaFX Application Thread] DEBUG FXGLDisplay          - Stage size: 816.0x739.0
22:34:59.475 [JavaFX Application Thread] DEBUG FXGLInput            - Clearing active input actions
22:34:59.475 [JavaFX Application Thread] DEBUG FXGLMasterTimer      - Starting master timer
22:34:59.475 [JavaFX Application Thread] DEBUG GameApplication      - State: LOADING -> PLAYING
22:34:59.486 [JavaFX Application Thread] DEBUG FXGLEventBus         - Firing event: FXGLEvent[type=RESUME]
22:34:59.489 [JavaFX Application Thread] DEBUG GameScene            - Entity added to scene
22:34:59.489 [JavaFX Application Thread] DEBUG GameScene            - Added MainViewComponent
22:34:59.491 [JavaFX Application Thread] DEBUG GameScene            - Creating render group for layer: TOP(2147483647)
22:34:59.542 [JavaFX Application Thread] DEBUG FXGLAssetLoader      - Loading from disk: /assets/textures/Ground0.png
22:34:59.546 [JavaFX Application Thread] DEBUG FXGLAssetLoader      - Loading from cache: /assets/textures/Ground0.png
22:34:59.546 [JavaFX Application Thread] DEBUG FXGLAssetLoader      - Loading from cache: /assets/textures/Ground0.png
22:34:59.547 [JavaFX Application Thread] DEBUG FXGLAssetLoader      - Loading from cache: /assets/textures/Ground0.png
22:34:59.548 [JavaFX Application Thread] DEBUG FXGLAssetLoader      - Loading from cache: /assets/textures/Ground0.png
22:34:59.548 [JavaFX Application Thread] DEBUG FXGLAssetLoader      - Loading from cache: /assets/textures/Ground0.png
22:34:59.549 [JavaFX Application Thread] DEBUG FXGLAssetLoader      - Loading from cache: /assets/textures/Ground0.png
22:34:59.549 [JavaFX Application Thread] DEBUG FXGLAssetLoader      - Loading from cache: /assets/textures/Ground0.png
22:34:59.550 [JavaFX Application Thread] DEBUG FXGLAssetLoader      - Loading from cache: /assets/textures/Ground0.png
22:34:59.550 [JavaFX Application Thread] DEBUG FXGLAssetLoader      - Loading from cache: /assets/textures/Ground0.png
22:34:59.551 [JavaFX Application Thread] DEBUG FXGLAssetLoader      - Loading from cache: /assets/textures/Ground0.png
22:34:59.552 [JavaFX Application Thread] DEBUG FXGLAssetLoader      - Loading from cache: /assets/textures/Ground0.png
22:34:59.552 [JavaFX Application Thread] DEBUG FXGLAssetLoader      - Loading from cache: /assets/textures/Ground0.png
22:34:59.553 [JavaFX Application Thread] DEBUG FXGLAssetLoader      - Loading from cache: /assets/textures/Ground0.png
22:34:59.554 [JavaFX Application Thread] DEBUG FXGLAssetLoader      - Loading from cache: /assets/textures/Ground0.png
22:34:59.555 [JavaFX Application Thread] DEBUG FXGLAssetLoader      - Loading from cache: /assets/textures/Ground0.png
22:34:59.555 [JavaFX Application Thread] DEBUG FXGLAssetLoader      - Loading from cache: /assets/textures/Ground0.png
22:34:59.556 [JavaFX Application Thread] DEBUG FXGLAssetLoader      - Loading from cache: /assets/textures/Ground0.png
22:34:59.556 [JavaFX Application Thread] DEBUG FXGLAssetLoader      - Loading from cache: /assets/textures/Ground0.png
22:34:59.557 [JavaFX Application Thread] DEBUG FXGLAssetLoader      - Loading from cache: /assets/textures/Ground0.png
22:34:59.557 [JavaFX Application Thread] DEBUG FXGLAssetLoader      - Loading from cache: /assets/textures/Ground0.png
22:34:59.557 [JavaFX Application Thread] DEBUG FXGLAssetLoader      - Loading from cache: /assets/textures/Ground0.png
22:34:59.558 [JavaFX Application Thread] DEBUG FXGLAssetLoader      - Loading from cache: /assets/textures/Ground0.png
22:34:59.558 [JavaFX Application Thread] DEBUG FXGLAssetLoader      - Loading from cache: /assets/textures/Ground0.png
22:34:59.559 [JavaFX Application Thread] DEBUG FXGLAssetLoader      - Loading from cache: /assets/textures/Ground0.png
22:34:59.559 [JavaFX Application Thread] DEBUG FXGLAssetLoader      - Loading from cache: /assets/textures/Ground0.png
22:34:59.560 [JavaFX Application Thread] DEBUG FXGLAssetLoader      - Loading from cache: /assets/textures/Ground0.png
22:34:59.560 [JavaFX Application Thread] DEBUG FXGLAssetLoader      - Loading from cache: /assets/textures/Ground0.png
22:34:59.561 [JavaFX Application Thread] DEBUG FXGLAssetLoader      - Loading from cache: /assets/textures/Ground0.png
22:34:59.561 [JavaFX Application Thread] DEBUG FXGLAssetLoader      - Loading from cache: /assets/textures/Ground0.png
22:34:59.562 [JavaFX Application Thread] DEBUG FXGLAssetLoader      - Loading from cache: /assets/textures/Ground0.png
22:34:59.562 [JavaFX Application Thread] DEBUG FXGLAssetLoader      - Loading from cache: /assets/textures/Ground0.png
22:34:59.562 [JavaFX Application Thread] DEBUG FXGLAssetLoader      - Loading from cache: /assets/textures/Ground0.png
22:34:59.563 [JavaFX Application Thread] DEBUG FXGLAssetLoader      - Loading from cache: /assets/textures/Ground0.png
22:34:59.563 [JavaFX Application Thread] DEBUG FXGLAssetLoader      - Loading from cache: /assets/textures/Ground0.png
22:34:59.564 [JavaFX Application Thread] DEBUG FXGLAssetLoader      - Loading from cache: /assets/textures/Ground0.png
22:34:59.564 [JavaFX Application Thread] DEBUG FXGLAssetLoader      - Loading from cache: /assets/textures/Ground0.png
22:34:59.565 [JavaFX Application Thread] DEBUG FXGLAssetLoader      - Loading from cache: /assets/textures/Ground0.png
22:34:59.565 [JavaFX Application Thread] DEBUG FXGLAssetLoader      - Loading from cache: /assets/textures/Ground0.png
22:34:59.566 [JavaFX Application Thread] DEBUG FXGLAssetLoader      - Loading from cache: /assets/textures/Ground0.png
22:34:59.566 [JavaFX Application Thread] DEBUG FXGLAssetLoader      - Loading from cache: /assets/textures/Ground0.png
22:34:59.567 [JavaFX Application Thread] DEBUG FXGLAssetLoader      - Loading from cache: /assets/textures/Ground0.png
22:34:59.568 [JavaFX Application Thread] DEBUG FXGLAssetLoader      - Loading from cache: /assets/textures/Ground0.png
22:34:59.568 [JavaFX Application Thread] DEBUG FXGLAssetLoader      - Loading from cache: /assets/textures/Ground0.png
22:34:59.569 [JavaFX Application Thread] DEBUG FXGLAssetLoader      - Loading from cache: /assets/textures/Ground0.png
22:34:59.605 [JavaFX Application Thread] DEBUG GameScene            - Entity added to scene
22:34:59.605 [JavaFX Application Thread] DEBUG GameScene            - Added MainViewComponent
22:34:59.606 [JavaFX Application Thread] DEBUG GameScene            - Entity added to scene
22:34:59.606 [JavaFX Application Thread] DEBUG GameScene            - Added MainViewComponent
22:34:59.607 [JavaFX Application Thread] DEBUG GameScene            - Entity added to scene
22:34:59.607 [JavaFX Application Thread] DEBUG GameScene            - Added MainViewComponent
22:34:59.607 [JavaFX Application Thread] DEBUG GameScene            - Entity added to scene
22:34:59.607 [JavaFX Application Thread] DEBUG GameScene            - Added MainViewComponent
22:34:59.608 [JavaFX Application Thread] DEBUG GameScene            - Entity added to scene
22:34:59.608 [JavaFX Application Thread] DEBUG GameScene            - Added MainViewComponent
22:34:59.608 [JavaFX Application Thread] DEBUG GameScene            - Entity added to scene
22:34:59.608 [JavaFX Application Thread] DEBUG GameScene            - Added MainViewComponent
22:34:59.609 [JavaFX Application Thread] DEBUG GameScene            - Entity added to scene
22:34:59.609 [JavaFX Application Thread] DEBUG GameScene            - Added MainViewComponent
22:34:59.609 [JavaFX Application Thread] DEBUG GameScene            - Entity added to scene
22:34:59.609 [JavaFX Application Thread] DEBUG GameScene            - Added MainViewComponent
22:34:59.610 [JavaFX Application Thread] DEBUG GameScene            - Entity added to scene
22:34:59.610 [JavaFX Application Thread] DEBUG GameScene            - Added MainViewComponent
22:34:59.610 [JavaFX Application Thread] DEBUG GameScene            - Entity added to scene
22:34:59.610 [JavaFX Application Thread] DEBUG GameScene            - Added MainViewComponent
22:34:59.611 [JavaFX Application Thread] DEBUG GameScene            - Entity added to scene
22:34:59.611 [JavaFX Application Thread] DEBUG GameScene            - Added MainViewComponent
22:34:59.611 [JavaFX Application Thread] DEBUG GameScene            - Entity added to scene
22:34:59.611 [JavaFX Application Thread] DEBUG GameScene            - Added MainViewComponent
22:34:59.612 [JavaFX Application Thread] DEBUG GameScene            - Entity added to scene
22:34:59.612 [JavaFX Application Thread] DEBUG GameScene            - Added MainViewComponent
22:34:59.612 [JavaFX Application Thread] DEBUG GameScene            - Entity added to scene
22:34:59.612 [JavaFX Application Thread] DEBUG GameScene            - Added MainViewComponent
22:34:59.613 [JavaFX Application Thread] DEBUG GameScene            - Entity added to scene
22:34:59.613 [JavaFX Application Thread] DEBUG GameScene            - Added MainViewComponent
22:34:59.613 [JavaFX Application Thread] DEBUG GameScene            - Entity added to scene
22:34:59.614 [JavaFX Application Thread] DEBUG GameScene            - Added MainViewComponent
22:34:59.614 [JavaFX Application Thread] DEBUG GameScene            - Entity added to scene
22:34:59.614 [JavaFX Application Thread] DEBUG GameScene            - Added MainViewComponent
22:34:59.614 [JavaFX Application Thread] DEBUG GameScene            - Entity added to scene
22:34:59.614 [JavaFX Application Thread] DEBUG GameScene            - Added MainViewComponent
22:34:59.615 [JavaFX Application Thread] DEBUG GameScene            - Entity added to scene
22:34:59.615 [JavaFX Application Thread] DEBUG GameScene            - Added MainViewComponent
22:34:59.615 [JavaFX Application Thread] DEBUG GameScene            - Entity added to scene
22:34:59.615 [JavaFX Application Thread] DEBUG GameScene            - Added MainViewComponent
22:34:59.616 [JavaFX Application Thread] DEBUG GameScene            - Entity added to scene
22:34:59.616 [JavaFX Application Thread] DEBUG GameScene            - Added MainViewComponent
22:34:59.616 [JavaFX Application Thread] DEBUG GameScene            - Entity added to scene
22:34:59.616 [JavaFX Application Thread] DEBUG GameScene            - Added MainViewComponent
22:34:59.616 [JavaFX Application Thread] DEBUG GameScene            - Entity added to scene
22:34:59.616 [JavaFX Application Thread] DEBUG GameScene            - Added MainViewComponent
22:34:59.617 [JavaFX Application Thread] DEBUG GameScene            - Entity added to scene
22:34:59.617 [JavaFX Application Thread] DEBUG GameScene            - Added MainViewComponent
22:34:59.617 [JavaFX Application Thread] DEBUG GameScene            - Entity added to scene
22:34:59.617 [JavaFX Application Thread] DEBUG GameScene            - Added MainViewComponent
22:34:59.617 [JavaFX Application Thread] DEBUG GameScene            - Entity added to scene
22:34:59.617 [JavaFX Application Thread] DEBUG GameScene            - Added MainViewComponent
22:34:59.618 [JavaFX Application Thread] DEBUG GameScene            - Entity added to scene
22:34:59.618 [JavaFX Application Thread] DEBUG GameScene            - Added MainViewComponent
22:34:59.618 [JavaFX Application Thread] DEBUG GameScene            - Entity added to scene
22:34:59.618 [JavaFX Application Thread] DEBUG GameScene            - Added MainViewComponent
22:34:59.618 [JavaFX Application Thread] DEBUG GameScene            - Entity added to scene
22:34:59.618 [JavaFX Application Thread] DEBUG GameScene            - Added MainViewComponent
22:34:59.619 [JavaFX Application Thread] DEBUG GameScene            - Entity added to scene
22:34:59.619 [JavaFX Application Thread] DEBUG GameScene            - Added MainViewComponent
22:34:59.619 [JavaFX Application Thread] DEBUG GameScene            - Entity added to scene
22:34:59.619 [JavaFX Application Thread] DEBUG GameScene            - Added MainViewComponent
22:34:59.619 [JavaFX Application Thread] DEBUG GameScene            - Entity added to scene
22:34:59.619 [JavaFX Application Thread] DEBUG GameScene            - Added MainViewComponent
22:34:59.620 [JavaFX Application Thread] DEBUG GameScene            - Entity added to scene
22:34:59.620 [JavaFX Application Thread] DEBUG GameScene            - Added MainViewComponent
22:34:59.620 [JavaFX Application Thread] DEBUG GameScene            - Entity added to scene
22:34:59.620 [JavaFX Application Thread] DEBUG GameScene            - Added MainViewComponent
22:34:59.620 [JavaFX Application Thread] DEBUG GameScene            - Entity added to scene
22:34:59.620 [JavaFX Application Thread] DEBUG GameScene            - Added MainViewComponent
22:34:59.621 [JavaFX Application Thread] DEBUG GameScene            - Entity added to scene
22:34:59.621 [JavaFX Application Thread] DEBUG GameScene            - Added MainViewComponent
22:34:59.621 [JavaFX Application Thread] DEBUG GameScene            - Entity added to scene
22:34:59.621 [JavaFX Application Thread] DEBUG GameScene            - Added MainViewComponent
22:34:59.621 [JavaFX Application Thread] DEBUG GameScene            - Entity added to scene
22:34:59.621 [JavaFX Application Thread] DEBUG GameScene            - Added MainViewComponent
22:34:59.622 [JavaFX Application Thread] DEBUG GameScene            - Entity added to scene
22:34:59.622 [JavaFX Application Thread] DEBUG GameScene            - Added MainViewComponent
22:34:59.622 [JavaFX Application Thread] DEBUG GameScene            - Entity added to scene
22:34:59.622 [JavaFX Application Thread] DEBUG GameScene            - Added MainViewComponent
22:34:59.622 [JavaFX Application Thread] DEBUG GameScene            - Entity added to scene
22:34:59.622 [JavaFX Application Thread] DEBUG GameScene            - Added MainViewComponent
22:34:59.623 [JavaFX Application Thread] DEBUG GameScene            - Entity added to scene
22:34:59.623 [JavaFX Application Thread] DEBUG GameScene            - Added MainViewComponent
22:34:59.623 [JavaFX Application Thread] DEBUG GameScene            - Entity added to scene
22:34:59.623 [JavaFX Application Thread] DEBUG GameScene            - Added MainViewComponent
22:34:59.623 [JavaFX Application Thread] DEBUG GameScene            - Entity added to scene
22:34:59.623 [JavaFX Application Thread] DEBUG GameScene            - Added MainViewComponent
22:34:59.624 [JavaFX Application Thread] DEBUG GameScene            - Entity added to scene
22:34:59.624 [JavaFX Application Thread] DEBUG GameScene            - Added MainViewComponent
22:34:59.888 [JavaFX Application Thread] DEBUG FXGLAssetLoader      - Loading from cache: /assets/textures/Ground0.png
22:34:59.889 [JavaFX Application Thread] DEBUG FXGLAssetLoader      - Loading from cache: /assets/textures/Ground0.png
22:34:59.890 [JavaFX Application Thread] DEBUG FXGLAssetLoader      - Loading from cache: /assets/textures/Ground0.png
22:34:59.891 [JavaFX Application Thread] DEBUG FXGLAssetLoader      - Loading from cache: /assets/textures/Ground0.png
22:34:59.891 [JavaFX Application Thread] DEBUG FXGLAssetLoader      - Loading from cache: /assets/textures/Ground0.png
22:34:59.892 [JavaFX Application Thread] DEBUG FXGLAssetLoader      - Loading from cache: /assets/textures/Ground0.png
22:34:59.893 [JavaFX Application Thread] DEBUG FXGLAssetLoader      - Loading from cache: /assets/textures/Ground0.png
22:34:59.894 [JavaFX Application Thread] DEBUG FXGLAssetLoader      - Loading from cache: /assets/textures/Ground0.png
22:34:59.894 [JavaFX Application Thread] DEBUG FXGLAssetLoader      - Loading from cache: /assets/textures/Ground0.png
22:34:59.895 [JavaFX Application Thread] DEBUG FXGLAssetLoader      - Loading from cache: /assets/textures/Ground0.png
22:34:59.896 [JavaFX Application Thread] DEBUG FXGLAssetLoader      - Loading from cache: /assets/textures/Ground0.png
22:34:59.897 [JavaFX Application Thread] DEBUG FXGLAssetLoader      - Loading from cache: /assets/textures/Ground0.png
22:34:59.898 [JavaFX Application Thread] DEBUG FXGLAssetLoader      - Loading from cache: /assets/textures/Ground0.png
22:34:59.899 [JavaFX Application Thread] DEBUG FXGLAssetLoader      - Loading from cache: /assets/textures/Ground0.png
22:34:59.900 [JavaFX Application Thread] DEBUG FXGLAssetLoader      - Loading from cache: /assets/textures/Ground0.png
22:34:59.904 [JavaFX Application Thread] DEBUG GameScene            - Entity added to scene
22:34:59.904 [JavaFX Application Thread] DEBUG GameScene            - Added MainViewComponent
22:34:59.905 [JavaFX Application Thread] DEBUG GameScene            - Entity added to scene
22:34:59.905 [JavaFX Application Thread] DEBUG GameScene            - Added MainViewComponent
22:34:59.905 [JavaFX Application Thread] DEBUG GameScene            - Entity added to scene
22:34:59.905 [JavaFX Application Thread] DEBUG GameScene            - Added MainViewComponent
22:34:59.905 [JavaFX Application Thread] DEBUG GameScene            - Entity added to scene
22:34:59.906 [JavaFX Application Thread] DEBUG GameScene            - Added MainViewComponent
22:34:59.906 [JavaFX Application Thread] DEBUG GameScene            - Entity added to scene
22:34:59.906 [JavaFX Application Thread] DEBUG GameScene            - Added MainViewComponent
22:34:59.907 [JavaFX Application Thread] DEBUG GameScene            - Entity added to scene
22:34:59.907 [JavaFX Application Thread] DEBUG GameScene            - Added MainViewComponent
22:34:59.907 [JavaFX Application Thread] DEBUG GameScene            - Entity added to scene
22:34:59.907 [JavaFX Application Thread] DEBUG GameScene            - Added MainViewComponent
22:34:59.908 [JavaFX Application Thread] DEBUG GameScene            - Entity added to scene
22:34:59.908 [JavaFX Application Thread] DEBUG GameScene            - Added MainViewComponent
22:34:59.909 [JavaFX Application Thread] DEBUG GameScene            - Entity added to scene
22:34:59.909 [JavaFX Application Thread] DEBUG GameScene            - Added MainViewComponent
22:34:59.909 [JavaFX Application Thread] DEBUG GameScene            - Entity added to scene
22:34:59.909 [JavaFX Application Thread] DEBUG GameScene            - Added MainViewComponent
22:34:59.910 [JavaFX Application Thread] DEBUG GameScene            - Entity added to scene
22:34:59.910 [JavaFX Application Thread] DEBUG GameScene            - Added MainViewComponent
22:34:59.910 [JavaFX Application Thread] DEBUG GameScene            - Entity added to scene
22:34:59.910 [JavaFX Application Thread] DEBUG GameScene            - Added MainViewComponent
22:34:59.911 [JavaFX Application Thread] DEBUG GameScene            - Entity added to scene
22:34:59.911 [JavaFX Application Thread] DEBUG GameScene            - Added MainViewComponent
22:34:59.911 [JavaFX Application Thread] DEBUG GameScene            - Entity added to scene
22:34:59.912 [JavaFX Application Thread] DEBUG GameScene            - Added MainViewComponent
22:34:59.912 [JavaFX Application Thread] DEBUG GameScene            - Entity added to scene
22:34:59.912 [JavaFX Application Thread] DEBUG GameScene            - Added MainViewComponent
22:35:00.420 [JavaFX Application Thread] DEBUG FXGLAssetLoader      - Loading from cache: /assets/textures/Ground0.png
22:35:00.421 [JavaFX Application Thread] DEBUG FXGLAssetLoader      - Loading from cache: /assets/textures/Ground0.png
22:35:00.422 [JavaFX Application Thread] DEBUG FXGLAssetLoader      - Loading from cache: /assets/textures/Ground0.png
22:35:00.423 [JavaFX Application Thread] DEBUG FXGLAssetLoader      - Loading from cache: /assets/textures/Ground0.png
22:35:00.424 [JavaFX Application Thread] DEBUG FXGLAssetLoader      - Loading from cache: /assets/textures/Ground0.png
22:35:00.425 [JavaFX Application Thread] DEBUG FXGLAssetLoader      - Loading from cache: /assets/textures/Ground0.png
22:35:00.426 [JavaFX Application Thread] DEBUG FXGLAssetLoader      - Loading from cache: /assets/textures/Ground0.png
22:35:00.427 [JavaFX Application Thread] DEBUG FXGLAssetLoader      - Loading from cache: /assets/textures/Ground0.png
22:35:00.428 [JavaFX Application Thread] DEBUG FXGLAssetLoader      - Loading from cache: /assets/textures/Ground0.png
22:35:00.429 [JavaFX Application Thread] DEBUG FXGLAssetLoader      - Loading from cache: /assets/textures/Ground0.png
22:35:00.430 [JavaFX Application Thread] DEBUG FXGLAssetLoader      - Loading from cache: /assets/textures/Ground0.png
22:35:00.431 [JavaFX Application Thread] DEBUG FXGLAssetLoader      - Loading from cache: /assets/textures/Ground0.png
22:35:00.432 [JavaFX Application Thread] DEBUG FXGLAssetLoader      - Loading from cache: /assets/textures/Ground0.png
22:35:00.433 [JavaFX Application Thread] DEBUG FXGLAssetLoader      - Loading from cache: /assets/textures/Ground0.png
22:35:00.434 [JavaFX Application Thread] DEBUG FXGLAssetLoader      - Loading from cache: /assets/textures/Ground0.png
22:35:00.436 [JavaFX Application Thread] DEBUG GameScene            - Entity added to scene
22:35:00.436 [JavaFX Application Thread] DEBUG GameScene            - Added MainViewComponent
22:35:00.437 [JavaFX Application Thread] DEBUG GameScene            - Entity added to scene
22:35:00.437 [JavaFX Application Thread] DEBUG GameScene            - Added MainViewComponent
22:35:00.438 [JavaFX Application Thread] DEBUG GameScene            - Entity added to scene
22:35:00.438 [JavaFX Application Thread] DEBUG GameScene            - Added MainViewComponent
22:35:00.438 [JavaFX Application Thread] DEBUG GameScene            - Entity added to scene
22:35:00.439 [JavaFX Application Thread] DEBUG GameScene            - Added MainViewComponent
22:35:00.439 [JavaFX Application Thread] DEBUG GameScene            - Entity added to scene
22:35:00.439 [JavaFX Application Thread] DEBUG GameScene            - Added MainViewComponent
22:35:00.440 [JavaFX Application Thread] DEBUG GameScene            - Entity added to scene
22:35:00.440 [JavaFX Application Thread] DEBUG GameScene            - Added MainViewComponent
22:35:00.441 [JavaFX Application Thread] DEBUG GameScene            - Entity added to scene
22:35:00.441 [JavaFX Application Thread] DEBUG GameScene            - Added MainViewComponent
22:35:00.441 [JavaFX Application Thread] DEBUG GameScene            - Entity added to scene
22:35:00.441 [JavaFX Application Thread] DEBUG GameScene            - Added MainViewComponent
22:35:00.442 [JavaFX Application Thread] DEBUG GameScene            - Entity added to scene
22:35:00.442 [JavaFX Application Thread] DEBUG GameScene            - Added MainViewComponent
22:35:00.442 [JavaFX Application Thread] DEBUG GameScene            - Entity added to scene
22:35:00.443 [JavaFX Application Thread] DEBUG GameScene            - Added MainViewComponent
22:35:00.443 [JavaFX Application Thread] DEBUG GameScene            - Entity added to scene
22:35:00.443 [JavaFX Application Thread] DEBUG GameScene            - Added MainViewComponent
22:35:00.444 [JavaFX Application Thread] DEBUG GameScene            - Entity added to scene
22:35:00.444 [JavaFX Application Thread] DEBUG GameScene            - Added MainViewComponent
22:35:00.444 [JavaFX Application Thread] DEBUG GameScene            - Entity added to scene
22:35:00.444 [JavaFX Application Thread] DEBUG GameScene            - Added MainViewComponent
22:35:00.445 [JavaFX Application Thread] DEBUG GameScene            - Entity added to scene
22:35:00.445 [JavaFX Application Thread] DEBUG GameScene            - Added MainViewComponent
22:35:00.446 [JavaFX Application Thread] DEBUG GameScene            - Entity added to scene
22:35:00.446 [JavaFX Application Thread] DEBUG GameScene            - Added MainViewComponent
22:35:00.729 [JavaFX Application Thread] DEBUG FXGLAssetLoader      - Loading from cache: /assets/textures/Ground0.png
22:35:00.730 [JavaFX Application Thread] DEBUG FXGLAssetLoader      - Loading from cache: /assets/textures/Ground0.png
22:35:00.730 [JavaFX Application Thread] DEBUG FXGLAssetLoader      - Loading from cache: /assets/textures/Ground0.png
22:35:00.731 [JavaFX Application Thread] DEBUG FXGLAssetLoader      - Loading from cache: /assets/textures/Ground0.png
22:35:00.731 [JavaFX Application Thread] DEBUG FXGLAssetLoader      - Loading from cache: /assets/textures/Ground0.png
22:35:00.732 [JavaFX Application Thread] DEBUG FXGLAssetLoader      - Loading from cache: /assets/textures/Ground0.png
22:35:00.732 [JavaFX Application Thread] DEBUG FXGLAssetLoader      - Loading from cache: /assets/textures/Ground0.png
22:35:00.732 [JavaFX Application Thread] DEBUG FXGLAssetLoader      - Loading from cache: /assets/textures/Ground0.png
22:35:00.733 [JavaFX Application Thread] DEBUG FXGLAssetLoader      - Loading from cache: /assets/textures/Ground0.png
22:35:00.733 [JavaFX Application Thread] DEBUG FXGLAssetLoader      - Loading from cache: /assets/textures/Ground0.png
22:35:00.733 [JavaFX Application Thread] DEBUG FXGLAssetLoader      - Loading from cache: /assets/textures/Ground0.png
22:35:00.734 [JavaFX Application Thread] DEBUG FXGLAssetLoader      - Loading from cache: /assets/textures/Ground0.png
22:35:00.734 [JavaFX Application Thread] DEBUG FXGLAssetLoader      - Loading from cache: /assets/textures/Ground0.png
22:35:00.735 [JavaFX Application Thread] DEBUG FXGLAssetLoader      - Loading from cache: /assets/textures/Ground0.png
22:35:00.735 [JavaFX Application Thread] DEBUG FXGLAssetLoader      - Loading from cache: /assets/textures/Ground0.png
22:35:00.737 [JavaFX Application Thread] DEBUG GameScene            - Entity added to scene
22:35:00.737 [JavaFX Application Thread] DEBUG GameScene            - Added MainViewComponent
22:35:00.737 [JavaFX Application Thread] DEBUG GameScene            - Entity added to scene
22:35:00.737 [JavaFX Application Thread] DEBUG GameScene            - Added MainViewComponent
22:35:00.738 [JavaFX Application Thread] DEBUG GameScene            - Entity added to scene
22:35:00.738 [JavaFX Application Thread] DEBUG GameScene            - Added MainViewComponent
22:35:00.738 [JavaFX Application Thread] DEBUG GameScene            - Entity added to scene
22:35:00.738 [JavaFX Application Thread] DEBUG GameScene            - Added MainViewComponent
22:35:00.738 [JavaFX Application Thread] DEBUG GameScene            - Entity added to scene
22:35:00.738 [JavaFX Application Thread] DEBUG GameScene            - Added MainViewComponent
22:35:00.739 [JavaFX Application Thread] DEBUG GameScene            - Entity added to scene
22:35:00.739 [JavaFX Application Thread] DEBUG GameScene            - Added MainViewComponent
22:35:00.739 [JavaFX Application Thread] DEBUG GameScene            - Entity added to scene
22:35:00.739 [JavaFX Application Thread] DEBUG GameScene            - Added MainViewComponent
22:35:00.739 [JavaFX Application Thread] DEBUG GameScene            - Entity added to scene
22:35:00.740 [JavaFX Application Thread] DEBUG GameScene            - Added MainViewComponent
22:35:00.740 [JavaFX Application Thread] DEBUG GameScene            - Entity added to scene
22:35:00.740 [JavaFX Application Thread] DEBUG GameScene            - Added MainViewComponent
22:35:00.740 [JavaFX Application Thread] DEBUG GameScene            - Entity added to scene
22:35:00.740 [JavaFX Application Thread] DEBUG GameScene            - Added MainViewComponent
22:35:00.740 [JavaFX Application Thread] DEBUG GameScene            - Entity added to scene
22:35:00.740 [JavaFX Application Thread] DEBUG GameScene            - Added MainViewComponent
22:35:00.741 [JavaFX Application Thread] DEBUG GameScene            - Entity added to scene
22:35:00.741 [JavaFX Application Thread] DEBUG GameScene            - Added MainViewComponent
22:35:00.741 [JavaFX Application Thread] DEBUG GameScene            - Entity added to scene
22:35:00.741 [JavaFX Application Thread] DEBUG GameScene            - Added MainViewComponent
22:35:00.741 [JavaFX Application Thread] DEBUG GameScene            - Entity added to scene
22:35:00.741 [JavaFX Application Thread] DEBUG GameScene            - Added MainViewComponent
22:35:00.742 [JavaFX Application Thread] DEBUG GameScene            - Entity added to scene
22:35:00.742 [JavaFX Application Thread] DEBUG GameScene            - Added MainViewComponent
22:35:00.952 [JavaFX Application Thread] DEBUG FXGLAssetLoader      - Loading from cache: /assets/textures/Ground0.png
22:35:00.953 [JavaFX Application Thread] DEBUG FXGLAssetLoader      - Loading from cache: /assets/textures/Ground0.png
22:35:00.953 [JavaFX Application Thread] DEBUG FXGLAssetLoader      - Loading from disk: /assets/textures/Ground1.png
22:35:00.955 [JavaFX Application Thread] DEBUG FXGLAssetLoader      - Loading from cache: /assets/textures/Ground0.png
22:35:00.956 [JavaFX Application Thread] DEBUG FXGLAssetLoader      - Loading from cache: /assets/textures/Ground0.png
22:35:00.956 [JavaFX Application Thread] DEBUG FXGLAssetLoader      - Loading from cache: /assets/textures/Ground0.png
22:35:00.956 [JavaFX Application Thread] DEBUG FXGLAssetLoader      - Loading from cache: /assets/textures/Ground0.png
22:35:00.957 [JavaFX Application Thread] DEBUG FXGLAssetLoader      - Loading from cache: /assets/textures/Ground0.png
22:35:00.957 [JavaFX Application Thread] DEBUG FXGLAssetLoader      - Loading from cache: /assets/textures/Ground0.png
22:35:00.957 [JavaFX Application Thread] DEBUG FXGLAssetLoader      - Loading from cache: /assets/textures/Ground0.png
22:35:00.957 [JavaFX Application Thread] DEBUG FXGLAssetLoader      - Loading from cache: /assets/textures/Ground0.png
22:35:00.958 [JavaFX Application Thread] DEBUG FXGLAssetLoader      - Loading from cache: /assets/textures/Ground0.png
22:35:00.958 [JavaFX Application Thread] DEBUG FXGLAssetLoader      - Loading from cache: /assets/textures/Ground0.png
22:35:00.959 [JavaFX Application Thread] DEBUG FXGLAssetLoader      - Loading from cache: /assets/textures/Ground0.png
22:35:00.959 [JavaFX Application Thread] DEBUG FXGLAssetLoader      - Loading from cache: /assets/textures/Ground0.png
22:35:00.968 [JavaFX Application Thread] DEBUG GameScene            - Entity added to scene
22:35:00.968 [JavaFX Application Thread] DEBUG GameScene            - Added MainViewComponent
22:35:00.969 [JavaFX Application Thread] DEBUG GameScene            - Entity added to scene
22:35:00.969 [JavaFX Application Thread] DEBUG GameScene            - Added MainViewComponent
22:35:00.969 [JavaFX Application Thread] DEBUG GameScene            - Entity added to scene
22:35:00.969 [JavaFX Application Thread] DEBUG GameScene            - Added MainViewComponent
22:35:00.970 [JavaFX Application Thread] DEBUG GameScene            - Entity added to scene
22:35:00.970 [JavaFX Application Thread] DEBUG GameScene            - Added MainViewComponent
22:35:00.970 [JavaFX Application Thread] DEBUG GameScene            - Entity added to scene
22:35:00.970 [JavaFX Application Thread] DEBUG GameScene            - Added MainViewComponent
22:35:00.970 [JavaFX Application Thread] DEBUG GameScene            - Entity added to scene
22:35:00.970 [JavaFX Application Thread] DEBUG GameScene            - Added MainViewComponent
22:35:00.971 [JavaFX Application Thread] DEBUG GameScene            - Entity added to scene
22:35:00.971 [JavaFX Application Thread] DEBUG GameScene            - Added MainViewComponent
22:35:00.971 [JavaFX Application Thread] DEBUG GameScene            - Entity added to scene
22:35:00.971 [JavaFX Application Thread] DEBUG GameScene            - Added MainViewComponent
22:35:00.971 [JavaFX Application Thread] DEBUG GameScene            - Entity added to scene
22:35:00.971 [JavaFX Application Thread] DEBUG GameScene            - Added MainViewComponent
22:35:00.972 [JavaFX Application Thread] DEBUG GameScene            - Entity added to scene
22:35:00.972 [JavaFX Application Thread] DEBUG GameScene            - Added MainViewComponent
22:35:00.972 [JavaFX Application Thread] DEBUG GameScene            - Entity added to scene
22:35:00.972 [JavaFX Application Thread] DEBUG GameScene            - Added MainViewComponent
22:35:00.972 [JavaFX Application Thread] DEBUG GameScene            - Entity added to scene
22:35:00.972 [JavaFX Application Thread] DEBUG GameScene            - Added MainViewComponent
22:35:00.973 [JavaFX Application Thread] DEBUG GameScene            - Entity added to scene
22:35:00.973 [JavaFX Application Thread] DEBUG GameScene            - Added MainViewComponent
22:35:00.973 [JavaFX Application Thread] DEBUG GameScene            - Entity added to scene
22:35:00.973 [JavaFX Application Thread] DEBUG GameScene            - Added MainViewComponent
22:35:00.973 [JavaFX Application Thread] DEBUG GameScene            - Entity added to scene
22:35:00.973 [JavaFX Application Thread] DEBUG GameScene            - Added MainViewComponent
22:35:02.095 [JavaFX Application Thread] DEBUG GameScene            - Adding UI node: InGameWindow@234eb28[styleClass=window]
22:35:11.836 [JavaFX Application Thread] DEBUG FXGLAssetLoader      - Loading from cache: /assets/textures/Ground0.png
22:35:11.837 [JavaFX Application Thread] DEBUG FXGLAssetLoader      - Loading from cache: /assets/textures/Ground0.png
22:35:11.837 [JavaFX Application Thread] DEBUG FXGLAssetLoader      - Loading from cache: /assets/textures/Ground1.png
22:35:11.838 [JavaFX Application Thread] DEBUG FXGLAssetLoader      - Loading from cache: /assets/textures/Ground0.png
22:35:11.838 [JavaFX Application Thread] DEBUG FXGLAssetLoader      - Loading from cache: /assets/textures/Ground0.png
22:35:11.838 [JavaFX Application Thread] DEBUG FXGLAssetLoader      - Loading from cache: /assets/textures/Ground0.png
22:35:11.838 [JavaFX Application Thread] DEBUG FXGLAssetLoader      - Loading from cache: /assets/textures/Ground0.png
22:35:11.852 [JavaFX Application Thread] DEBUG GameScene            - Entity added to scene
22:35:11.852 [JavaFX Application Thread] DEBUG GameScene            - Added MainViewComponent
22:35:11.853 [JavaFX Application Thread] DEBUG GameScene            - Entity added to scene
22:35:11.853 [JavaFX Application Thread] DEBUG GameScene            - Added MainViewComponent
22:35:11.853 [JavaFX Application Thread] DEBUG GameScene            - Entity added to scene
22:35:11.853 [JavaFX Application Thread] DEBUG GameScene            - Added MainViewComponent
22:35:11.853 [JavaFX Application Thread] DEBUG GameScene            - Entity added to scene
22:35:11.853 [JavaFX Application Thread] DEBUG GameScene            - Added MainViewComponent
22:35:11.854 [JavaFX Application Thread] DEBUG GameScene            - Entity added to scene
22:35:11.854 [JavaFX Application Thread] DEBUG GameScene            - Added MainViewComponent
22:35:11.854 [JavaFX Application Thread] DEBUG GameScene            - Entity added to scene
22:35:11.854 [JavaFX Application Thread] DEBUG GameScene            - Added MainViewComponent
22:35:11.854 [JavaFX Application Thread] DEBUG GameScene            - Entity added to scene
22:35:11.854 [JavaFX Application Thread] DEBUG GameScene            - Added MainViewComponent
22:35:14.359 [JavaFX Application Thread] DEBUG FXGLEventBus         - Firing event: DisplayEvent[type=CLOSE_REQUEST]
22:35:14.360 [JavaFX Application Thread] DEBUG FXGLEventBus         - Firing event: FXGLEvent[type=EXIT]
22:35:14.363 [JavaFX Application Thread] DEBUG FXGL                 - Saving FXGL system data
22:35:14.364 [JavaFX Application Thread] DEBUG IOTask               - Executing task: writeDataTask(system/fxgl.bundle)
22:35:14.366 [JavaFX Application Thread] DEBUG FS                   - Writing to: system\fxgl.bundle
22:35:14.370 [JavaFX Application Thread] DEBUG IOTask               - Task succeeded: writeDataTask(system/fxgl.bundle)
