11:58:38.359 [FXGL Launcher Thread     ] DEBUG FXGLLoggerFactory    - Service [LoggerFactory] initialized
11:58:38.364 [FXGL Launcher Thread     ] DEBUG FXGL                 - FXGL configuration complete
11:58:38.364 [FXGL Launcher Thread     ] DEBUG FXGL                 - Loading FXGL system data
11:58:38.367 [FXGL Launcher Thread     ] DEBUG IOTask               - Executing task: readDataTask(system/fxgl.bundle)
11:58:38.370 [FXGL Launcher Thread     ] DEBUG FS                   - Reading from: system\fxgl.bundle
11:58:38.375 [FXGL Launcher Thread     ] DEBUG IOTask               - Task succeeded: readDataTask(system/fxgl.bundle)
11:58:38.375 [FXGL Launcher Thread     ] DEBUG Bundle               - Logging bundle: FXGL
11:58:38.375 [FXGL Launcher Thread     ] DEBUG Bundle               - FXGL.offline.timer.version.check=2017-01-12T08:38:28.585
11:58:38.383 [FXGL Launcher Thread     ] DEBUG GameApplication      - Configuring GameApplication
11:58:38.387 [FXGL Launcher Thread     ] DEBUG FXGLExceptionHandler - Service [ExceptionHandler] initialized
11:58:38.387 [FXGL Launcher Thread     ] DEBUG FXGLEventBus         - Service [EventBus] initialized
11:58:38.390 [FXGL Launcher Thread     ] DEBUG FXGLExecutor         - Service [Executor] initialized
11:58:38.390 [FXGL Launcher Thread     ] DEBUG PreInitTask          - Injecting gameWorld & physicsWorld
11:58:38.395 [FXGL Launcher Thread     ] DEBUG GameWorld            - Game world initialized
11:58:38.432 [FXGL Launcher Thread     ] DEBUG FXGLPooler           - Service [Pooler] initialized with default size = 128
11:58:38.432 [FXGL Launcher Thread     ] DEBUG PhysicsWorld         - Physics world initialized: appHeight=700.0, physics.ppm=50.0
11:58:38.433 [FXGL Launcher Thread     ] DEBUG FXGLInput            - Service [Input] initialized
11:58:38.451 [FXGL Launcher Thread     ] DEBUG FXGLInput            - Registered new binding: Screenshot - P
11:58:38.452 [FXGL Launcher Thread     ] DEBUG FXGLInput            - Registered new binding: Dev Options - CTRL+0
11:58:38.452 [FXGL Launcher Thread     ] DEBUG FXGLInput            - Registered new binding: Move With Mouse - PRIMARY
11:58:38.478 [FXGL Launcher Thread     ] DEBUG GameScene            - Game scene initialized: 800.0x700.0
11:58:38.489 [FXGL Launcher Thread     ] DEBUG FXGLAssetLoader      - Service [AssetLoader] initialized: cacheSize=35
11:58:38.492 [FXGL Launcher Thread     ] DEBUG FXGLAssetLoader      - Loading from disk: /assets/sounds/system/notification.wav
11:58:38.519 [FXGL Launcher Thread     ] DEBUG FXGLAssetLoader      - Loading from disk: /assets/sounds/menu/select.wav
11:58:38.521 [FXGL Launcher Thread     ] DEBUG FXGLAssetLoader      - Loading from disk: /assets/sounds/menu/back.wav
11:58:38.523 [FXGL Launcher Thread     ] DEBUG FXGLAssetLoader      - Loading from disk: /assets/sounds/menu/press.wav
11:58:38.526 [FXGL Launcher Thread     ] DEBUG FXGLAssetLoader      - Loading from disk: /assets/ui/fonts/Copperplate_Gothic_Light_Regular.ttf
11:58:38.617 [FXGL Launcher Thread     ] DEBUG FXGLAssetLoader      - Loading from disk: /assets/ui/css/fxgl.css
11:58:38.617 [FXGL Launcher Thread     ] DEBUG FXGLAssetLoader      - Loading from disk: /assets/ui/icons/fxgl_icon.png
11:58:38.648 [FXGL Launcher Thread     ] DEBUG FXGLAssetLoader      - Loading from disk: /assets/ui/css/fxgl_dark.css
11:58:38.657 [FXGL Launcher Thread     ] DEBUG FXGLDisplay          - Target size: DoubleProperty [value: 800.0] x DoubleProperty [value: 700.0] @ 1.0
11:58:38.657 [FXGL Launcher Thread     ] DEBUG FXGLDisplay          - New size:    800.0 x 700.0 @ DoubleProperty [value: 1.0]
11:58:38.657 [FXGL Launcher Thread     ] DEBUG FXGLDisplay          - Service [Display] initialized
11:58:38.657 [FXGL Launcher Thread     ] DEBUG FXGLDisplay          - Using CSS: CSS(externalForm=jar:file:/C:/Users/Mack/Documents/NetBeansProjects/MotherLoadProject/MotherLoad/lib/fxgl-0.2.9-uber.jar!/assets/ui/css/fxgl_dark.css)
11:58:38.658 [FXGL Launcher Thread     ] DEBUG InitScenesTask       - Injecting loadingScene & gameScene
11:58:38.688 [FXGL Launcher Thread     ] DEBUG FXGLMasterTimer      - Service [MasterTimer] initialized
11:58:38.690 [FXGL Launcher Thread     ] DEBUG FXGLAudioPlayer      - Service [AudioPlayer] initialized
11:58:38.701 [FXGL Launcher Thread     ] DEBUG InitProfilerTask     - Injecting profiler
11:58:38.701 [FXGL Launcher Thread     ] DEBUG GameApplication      - Starting new game
11:58:38.702 [FXGL Launcher Thread     ] DEBUG GameApplication      - Initializing App
11:58:38.703 [FXGL Launcher Thread     ] DEBUG FXGLInput            - Clearing active input actions
11:58:38.704 [FXGL Launcher Thread     ] DEBUG FXGLMasterTimer      - Stopping master timer
11:58:38.704 [FXGL Launcher Thread     ] DEBUG GameApplication      - State: STARTUP -> PAUSED
11:58:38.704 [FXGL Launcher Thread     ] DEBUG FXGLEventBus         - Firing event: FXGLEvent[type=PAUSE]
11:58:38.706 [FXGL Launcher Thread     ] DEBUG FXGLInput            - Clearing active input actions
11:58:38.706 [FXGL Launcher Thread     ] DEBUG FXGLMasterTimer      - Resetting ticks and clearing all actions
11:58:38.706 [FXGL Launcher Thread     ] DEBUG GameWorld            - Resetting game world
11:58:38.706 [FXGL Launcher Thread     ] TRACE EntityWorld          - Resetting entity world
11:58:38.707 [FXGL Launcher Thread     ] DEBUG PhysicsWorld         - Resetting physics world
11:58:38.707 [FXGL Launcher Thread     ] DEBUG GameScene            - Resetting game scene
11:58:38.708 [FXGL Launcher Thread     ] DEBUG FXGLEventBus         - Firing event: FXGLEvent[type=RESET]
11:58:38.774 [FXGL Launcher Thread     ] DEBUG GameApplication      - State: PAUSED -> LOADING
11:58:38.805 [FXGL Background Thread 1 ] DEBUG InitAppTask          - Initializing Assets
11:58:38.806 [FXGL Background Thread 1 ] DEBUG InitAppTask          - Initializing Game
11:58:38.820 [FXGL Background Thread 1 ] DEBUG FXGLAssetLoader      - Loading from disk: /assets/textures/PlayerLeft.png
11:58:38.827 [FXGL Background Thread 1 ] DEBUG InitAppTask          - Initializing Physics
11:58:38.828 [FXGL Background Thread 1 ] DEBUG InitAppTask          - Initializing UI
11:58:38.828 [FXGL Background Thread 1 ] DEBUG InitAppTask          - Initialization Complete
11:58:38.869 [JavaFX Application Thread] DEBUG FXGLDisplay          - Showing stage
11:58:38.870 [JavaFX Application Thread] DEBUG FXGLDisplay          - Root size: 800.0x700.0
11:58:38.870 [JavaFX Application Thread] DEBUG FXGLDisplay          - Scene size: 800.0x700.0
11:58:38.870 [JavaFX Application Thread] DEBUG FXGLDisplay          - Stage size: 816.0x739.0
11:58:38.946 [JavaFX Application Thread] DEBUG FXGLInput            - Clearing active input actions
11:58:38.946 [JavaFX Application Thread] DEBUG FXGLMasterTimer      - Starting master timer
11:58:38.947 [JavaFX Application Thread] DEBUG GameApplication      - State: LOADING -> PLAYING
11:58:38.953 [JavaFX Application Thread] DEBUG FXGLEventBus         - Firing event: FXGLEvent[type=RESUME]
11:58:38.955 [JavaFX Application Thread] DEBUG GameScene            - Entity added to scene
11:58:38.956 [JavaFX Application Thread] DEBUG GameScene            - Added MainViewComponent
11:58:38.958 [JavaFX Application Thread] DEBUG GameScene            - Creating render group for layer: TOP(2147483647)
11:58:38.962 [JavaFX Application Thread] DEBUG GameScene            - Entity added to scene
11:58:38.962 [JavaFX Application Thread] DEBUG GameScene            - Added MainViewComponent
11:58:59.552 [JavaFX Application Thread] DEBUG FXGLEventBus         - Firing event: DisplayEvent[type=CLOSE_REQUEST]
11:58:59.553 [JavaFX Application Thread] DEBUG FXGLEventBus         - Firing event: FXGLEvent[type=EXIT]
11:58:59.555 [JavaFX Application Thread] DEBUG FXGL                 - Saving FXGL system data
11:58:59.556 [JavaFX Application Thread] DEBUG IOTask               - Executing task: writeDataTask(system/fxgl.bundle)
11:58:59.558 [JavaFX Application Thread] DEBUG FS                   - Writing to: system\fxgl.bundle
11:58:59.561 [JavaFX Application Thread] DEBUG IOTask               - Task succeeded: writeDataTask(system/fxgl.bundle)
