18:10:58.613 [FXGL Launcher Thread     ] DEBUG FXGLLoggerFactory    - Service [LoggerFactory] initialized
18:10:58.616 [FXGL Launcher Thread     ] DEBUG FXGL                 - FXGL configuration complete
18:10:58.617 [FXGL Launcher Thread     ] DEBUG FXGL                 - Loading FXGL system data
18:10:58.619 [FXGL Launcher Thread     ] DEBUG IOTask               - Executing task: readDataTask(system/fxgl.bundle)
18:10:58.621 [FXGL Launcher Thread     ] DEBUG FS                   - Reading from: system\fxgl.bundle
18:10:58.626 [FXGL Launcher Thread     ] DEBUG IOTask               - Task succeeded: readDataTask(system/fxgl.bundle)
18:10:58.626 [FXGL Launcher Thread     ] DEBUG Bundle               - Logging bundle: FXGL
18:10:58.627 [FXGL Launcher Thread     ] DEBUG Bundle               - FXGL.offline.timer.version.check=2017-01-12T08:38:28.585
18:10:58.631 [FXGL Launcher Thread     ] DEBUG GameApplication      - Configuring GameApplication
18:10:58.634 [FXGL Launcher Thread     ] DEBUG FXGLExceptionHandler - Service [ExceptionHandler] initialized
18:10:58.634 [FXGL Launcher Thread     ] DEBUG FXGLEventBus         - Service [EventBus] initialized
18:10:58.637 [FXGL Launcher Thread     ] DEBUG FXGLExecutor         - Service [Executor] initialized
18:10:58.637 [FXGL Launcher Thread     ] DEBUG PreInitTask          - Injecting gameWorld & physicsWorld
18:10:58.641 [FXGL Launcher Thread     ] DEBUG GameWorld            - Game world initialized
18:10:58.673 [FXGL Launcher Thread     ] DEBUG FXGLPooler           - Service [Pooler] initialized with default size = 128
18:10:58.673 [FXGL Launcher Thread     ] DEBUG PhysicsWorld         - Physics world initialized: appHeight=700.0, physics.ppm=50.0
18:10:58.674 [FXGL Launcher Thread     ] DEBUG FXGLInput            - Service [Input] initialized
18:10:58.689 [FXGL Launcher Thread     ] DEBUG FXGLInput            - Registered new binding: Screenshot - P
18:10:58.689 [FXGL Launcher Thread     ] DEBUG FXGLInput            - Registered new binding: Dev Options - CTRL+0
18:10:58.689 [FXGL Launcher Thread     ] DEBUG FXGLInput            - Registered new binding: Move Up - W
18:10:58.689 [FXGL Launcher Thread     ] DEBUG FXGLInput            - Registered new binding: Move Right - A
18:10:58.689 [FXGL Launcher Thread     ] DEBUG FXGLInput            - Registered new binding: Move Left - D
18:10:58.689 [FXGL Launcher Thread     ] DEBUG FXGLInput            - Registered new binding: Move Down - S
18:10:58.711 [FXGL Launcher Thread     ] DEBUG GameScene            - Game scene initialized: 800.0x700.0
18:10:58.716 [FXGL Launcher Thread     ] DEBUG FXGLAssetLoader      - Service [AssetLoader] initialized: cacheSize=35
18:10:58.717 [FXGL Launcher Thread     ] DEBUG FXGLAssetLoader      - Loading from disk: /assets/sounds/system/notification.wav
18:10:58.737 [FXGL Launcher Thread     ] DEBUG FXGLAssetLoader      - Loading from disk: /assets/sounds/menu/select.wav
18:10:58.739 [FXGL Launcher Thread     ] DEBUG FXGLAssetLoader      - Loading from disk: /assets/sounds/menu/back.wav
18:10:58.740 [FXGL Launcher Thread     ] DEBUG FXGLAssetLoader      - Loading from disk: /assets/sounds/menu/press.wav
18:10:58.742 [FXGL Launcher Thread     ] DEBUG FXGLAssetLoader      - Loading from disk: /assets/ui/fonts/Copperplate_Gothic_Light_Regular.ttf
18:10:58.880 [FXGL Launcher Thread     ] DEBUG FXGLAssetLoader      - Loading from disk: /assets/ui/css/fxgl.css
18:10:58.880 [FXGL Launcher Thread     ] DEBUG FXGLAssetLoader      - Loading from disk: /assets/ui/icons/fxgl_icon.png
18:10:58.911 [FXGL Launcher Thread     ] DEBUG FXGLAssetLoader      - Loading from disk: /assets/ui/css/fxgl_dark.css
18:10:58.919 [FXGL Launcher Thread     ] DEBUG FXGLDisplay          - Target size: DoubleProperty [value: 800.0] x DoubleProperty [value: 700.0] @ 1.0
18:10:58.919 [FXGL Launcher Thread     ] DEBUG FXGLDisplay          - New size:    800.0 x 700.0 @ DoubleProperty [value: 1.0]
18:10:58.920 [FXGL Launcher Thread     ] DEBUG FXGLDisplay          - Service [Display] initialized
18:10:58.920 [FXGL Launcher Thread     ] DEBUG FXGLDisplay          - Using CSS: CSS(externalForm=jar:file:/I:/Documents/NetBeansProjects/MotherLoad/MotherLoad/lib/fxgl-0.2.9-uber.jar!/assets/ui/css/fxgl_dark.css)
18:10:58.920 [FXGL Launcher Thread     ] DEBUG InitScenesTask       - Injecting loadingScene & gameScene
18:10:58.941 [FXGL Launcher Thread     ] DEBUG FXGLMasterTimer      - Service [MasterTimer] initialized
18:10:58.943 [FXGL Launcher Thread     ] DEBUG FXGLAudioPlayer      - Service [AudioPlayer] initialized
18:10:58.950 [FXGL Launcher Thread     ] DEBUG InitProfilerTask     - Injecting profiler
18:10:58.950 [FXGL Launcher Thread     ] DEBUG GameApplication      - Starting new game
18:10:58.952 [FXGL Launcher Thread     ] DEBUG GameApplication      - Initializing App
18:10:58.953 [FXGL Launcher Thread     ] DEBUG FXGLInput            - Clearing active input actions
18:10:58.953 [FXGL Launcher Thread     ] DEBUG FXGLMasterTimer      - Stopping master timer
18:10:58.953 [FXGL Launcher Thread     ] DEBUG GameApplication      - State: STARTUP -> PAUSED
18:10:58.953 [FXGL Launcher Thread     ] DEBUG FXGLEventBus         - Firing event: FXGLEvent[type=PAUSE]
18:10:58.954 [FXGL Launcher Thread     ] DEBUG FXGLInput            - Clearing active input actions
18:10:58.954 [FXGL Launcher Thread     ] DEBUG FXGLMasterTimer      - Resetting ticks and clearing all actions
18:10:58.954 [FXGL Launcher Thread     ] DEBUG GameWorld            - Resetting game world
18:10:58.954 [FXGL Launcher Thread     ] TRACE EntityWorld          - Resetting entity world
18:10:58.955 [FXGL Launcher Thread     ] DEBUG PhysicsWorld         - Resetting physics world
18:10:58.955 [FXGL Launcher Thread     ] DEBUG GameScene            - Resetting game scene
18:10:58.956 [FXGL Launcher Thread     ] DEBUG FXGLEventBus         - Firing event: FXGLEvent[type=RESET]
18:10:59.005 [FXGL Launcher Thread     ] DEBUG GameApplication      - State: PAUSED -> LOADING
18:10:59.030 [FXGL Background Thread 1 ] DEBUG InitAppTask          - Initializing Assets
18:10:59.031 [FXGL Background Thread 1 ] DEBUG InitAppTask          - Initializing Game
18:10:59.047 [FXGL Background Thread 1 ] DEBUG FXGLAssetLoader      - Loading from disk: /assets/textures/player.png
18:10:59.053 [FXGL Background Thread 1 ] DEBUG InitAppTask          - Initializing Physics
18:10:59.054 [FXGL Background Thread 1 ] DEBUG InitAppTask          - Initializing UI
18:10:59.054 [FXGL Background Thread 1 ] DEBUG InitAppTask          - Initialization Complete
18:10:59.069 [JavaFX Application Thread] DEBUG FXGLDisplay          - Showing stage
18:10:59.069 [JavaFX Application Thread] DEBUG FXGLDisplay          - Root size: 800.0x700.0
18:10:59.069 [JavaFX Application Thread] DEBUG FXGLDisplay          - Scene size: 800.0x700.0
18:10:59.069 [JavaFX Application Thread] DEBUG FXGLDisplay          - Stage size: 816.0x739.0
18:10:59.112 [JavaFX Application Thread] DEBUG FXGLInput            - Clearing active input actions
18:10:59.113 [JavaFX Application Thread] DEBUG FXGLMasterTimer      - Starting master timer
18:10:59.113 [JavaFX Application Thread] DEBUG GameApplication      - State: LOADING -> PLAYING
18:10:59.118 [JavaFX Application Thread] DEBUG FXGLEventBus         - Firing event: FXGLEvent[type=RESUME]
18:10:59.120 [JavaFX Application Thread] DEBUG GameScene            - Entity added to scene
18:10:59.121 [JavaFX Application Thread] DEBUG GameScene            - Added MainViewComponent
18:10:59.122 [JavaFX Application Thread] DEBUG GameScene            - Creating render group for layer: TOP(2147483647)
18:11:14.587 [JavaFX Application Thread] DEBUG FXGLEventBus         - Firing event: DisplayEvent[type=CLOSE_REQUEST]
18:11:14.588 [JavaFX Application Thread] DEBUG FXGLEventBus         - Firing event: FXGLEvent[type=EXIT]
18:11:14.590 [JavaFX Application Thread] DEBUG FXGL                 - Saving FXGL system data
18:11:14.591 [JavaFX Application Thread] DEBUG IOTask               - Executing task: writeDataTask(system/fxgl.bundle)
18:11:14.592 [JavaFX Application Thread] DEBUG FS                   - Writing to: system\fxgl.bundle
18:11:14.597 [JavaFX Application Thread] DEBUG IOTask               - Task succeeded: writeDataTask(system/fxgl.bundle)
