15:00:26.546 [FXGL Launcher Thread     ] DEBUG FXGLLoggerFactory    - Service [LoggerFactory] initialized
15:00:26.551 [FXGL Launcher Thread     ] DEBUG FXGL                 - FXGL configuration complete
15:00:26.551 [FXGL Launcher Thread     ] DEBUG FXGL                 - Loading FXGL system data
15:00:26.554 [FXGL Launcher Thread     ] DEBUG IOTask               - Executing task: readDataTask(system/fxgl.bundle)
15:00:26.557 [FXGL Launcher Thread     ] DEBUG FS                   - Reading from: system\fxgl.bundle
15:00:26.562 [FXGL Launcher Thread     ] DEBUG IOTask               - Task succeeded: readDataTask(system/fxgl.bundle)
15:00:26.562 [FXGL Launcher Thread     ] DEBUG Bundle               - Logging bundle: FXGL
15:00:26.564 [FXGL Launcher Thread     ] DEBUG Bundle               - FXGL.offline.timer.version.check=2017-01-12T08:38:28.585
15:00:26.569 [FXGL Launcher Thread     ] DEBUG GameApplication      - Configuring GameApplication
15:00:26.572 [FXGL Launcher Thread     ] DEBUG FXGLExceptionHandler - Service [ExceptionHandler] initialized
15:00:26.573 [FXGL Launcher Thread     ] DEBUG FXGLEventBus         - Service [EventBus] initialized
15:00:26.575 [FXGL Launcher Thread     ] DEBUG FXGLExecutor         - Service [Executor] initialized
15:00:26.576 [FXGL Launcher Thread     ] DEBUG PreInitTask          - Injecting gameWorld & physicsWorld
15:00:26.580 [FXGL Launcher Thread     ] DEBUG GameWorld            - Game world initialized
15:00:26.614 [FXGL Launcher Thread     ] DEBUG FXGLPooler           - Service [Pooler] initialized with default size = 128
15:00:26.615 [FXGL Launcher Thread     ] DEBUG PhysicsWorld         - Physics world initialized: appHeight=700.0, physics.ppm=50.0
15:00:26.616 [FXGL Launcher Thread     ] DEBUG FXGLInput            - Service [Input] initialized
15:00:26.632 [FXGL Launcher Thread     ] DEBUG FXGLInput            - Registered new binding: Screenshot - P
15:00:26.632 [FXGL Launcher Thread     ] DEBUG FXGLInput            - Registered new binding: Dev Options - CTRL+0
15:00:26.633 [FXGL Launcher Thread     ] DEBUG FXGLInput            - Registered new binding: Move With Mouse - PRIMARY
15:00:26.633 [FXGL Launcher Thread     ] DEBUG FXGLInput            - Registered new binding: Move up - W
15:00:26.634 [FXGL Launcher Thread     ] DEBUG FXGLInput            - Registered new binding: Open Fuel Shop - 1
15:00:26.634 [FXGL Launcher Thread     ] DEBUG FXGLInput            - Registered new binding: Open Sell - 2
15:00:26.656 [FXGL Launcher Thread     ] DEBUG GameScene            - Game scene initialized: 800.0x700.0
15:00:26.662 [FXGL Launcher Thread     ] DEBUG FXGLAssetLoader      - Service [AssetLoader] initialized: cacheSize=35
15:00:26.670 [FXGL Launcher Thread     ] DEBUG FXGLAssetLoader      - Loading from disk: /assets/sounds/system/notification.wav
15:00:26.702 [FXGL Launcher Thread     ] DEBUG FXGLAssetLoader      - Loading from disk: /assets/sounds/menu/select.wav
15:00:26.703 [FXGL Launcher Thread     ] DEBUG FXGLAssetLoader      - Loading from disk: /assets/sounds/menu/back.wav
15:00:26.706 [FXGL Launcher Thread     ] DEBUG FXGLAssetLoader      - Loading from disk: /assets/sounds/menu/press.wav
15:00:26.708 [FXGL Launcher Thread     ] DEBUG FXGLAssetLoader      - Loading from disk: /assets/ui/fonts/Copperplate_Gothic_Light_Regular.ttf
15:00:26.816 [FXGL Launcher Thread     ] DEBUG FXGLAssetLoader      - Loading from disk: /assets/ui/css/fxgl.css
15:00:26.816 [FXGL Launcher Thread     ] DEBUG FXGLAssetLoader      - Loading from disk: /assets/ui/icons/fxgl_icon.png
15:00:26.842 [FXGL Launcher Thread     ] DEBUG FXGLAssetLoader      - Loading from disk: /assets/ui/css/fxgl_war3.css
15:00:26.851 [FXGL Launcher Thread     ] DEBUG FXGLDisplay          - Target size: DoubleProperty [value: 800.0] x DoubleProperty [value: 700.0] @ 1.0
15:00:26.851 [FXGL Launcher Thread     ] DEBUG FXGLDisplay          - New size:    800.0 x 700.0 @ DoubleProperty [value: 1.0]
15:00:26.852 [FXGL Launcher Thread     ] DEBUG FXGLDisplay          - Service [Display] initialized
15:00:26.852 [FXGL Launcher Thread     ] DEBUG FXGLDisplay          - Using CSS: CSS(externalForm=jar:file:/C:/Users/Vic%20Spet/Documents/NetBeansProjects/MotherLoadProject/MotherLoad/lib/fxgl-0.2.9-uber.jar!/assets/ui/css/fxgl_war3.css)
15:00:26.852 [FXGL Launcher Thread     ] DEBUG InitScenesTask       - Injecting loadingScene & gameScene
15:00:26.871 [FXGL Launcher Thread     ] DEBUG FXGLMasterTimer      - Service [MasterTimer] initialized
15:00:26.873 [FXGL Launcher Thread     ] DEBUG FXGLAudioPlayer      - Service [AudioPlayer] initialized
15:00:26.879 [FXGL Launcher Thread     ] DEBUG InitProfilerTask     - Injecting profiler
15:00:26.880 [FXGL Launcher Thread     ] DEBUG GameApplication      - Starting new game
15:00:26.882 [FXGL Launcher Thread     ] DEBUG GameApplication      - Initializing App
15:00:26.883 [FXGL Launcher Thread     ] DEBUG FXGLInput            - Clearing active input actions
15:00:26.883 [FXGL Launcher Thread     ] DEBUG FXGLMasterTimer      - Stopping master timer
15:00:26.884 [FXGL Launcher Thread     ] DEBUG GameApplication      - State: STARTUP -> PAUSED
15:00:26.884 [FXGL Launcher Thread     ] DEBUG FXGLEventBus         - Firing event: FXGLEvent[type=PAUSE]
15:00:26.885 [FXGL Launcher Thread     ] DEBUG FXGLInput            - Clearing active input actions
15:00:26.885 [FXGL Launcher Thread     ] DEBUG FXGLMasterTimer      - Resetting ticks and clearing all actions
15:00:26.885 [FXGL Launcher Thread     ] DEBUG GameWorld            - Resetting game world
15:00:26.885 [FXGL Launcher Thread     ] TRACE EntityWorld          - Resetting entity world
15:00:26.887 [FXGL Launcher Thread     ] DEBUG PhysicsWorld         - Resetting physics world
15:00:26.887 [FXGL Launcher Thread     ] DEBUG GameScene            - Resetting game scene
15:00:26.887 [FXGL Launcher Thread     ] DEBUG FXGLEventBus         - Firing event: FXGLEvent[type=RESET]
15:00:27.174 [FXGL Launcher Thread     ] DEBUG GameApplication      - State: PAUSED -> LOADING
15:00:27.199 [FXGL Background Thread 1 ] DEBUG InitAppTask          - Initializing Assets
15:00:27.200 [FXGL Background Thread 1 ] DEBUG InitAppTask          - Initializing Game
15:00:27.229 [FXGL Background Thread 1 ] DEBUG InitAppTask          - Initializing Physics
15:00:27.229 [FXGL Background Thread 1 ] DEBUG InitAppTask          - Initializing UI
15:00:27.229 [FXGL Background Thread 1 ] DEBUG InitAppTask          - Initialization Complete
15:00:27.267 [JavaFX Application Thread] DEBUG FXGLDisplay          - Showing stage
15:00:27.268 [JavaFX Application Thread] DEBUG FXGLDisplay          - Root size: 800.0x700.0
15:00:27.268 [JavaFX Application Thread] DEBUG FXGLDisplay          - Scene size: 800.0x700.0
15:00:27.268 [JavaFX Application Thread] DEBUG FXGLDisplay          - Stage size: 818.0x747.0
15:00:27.311 [JavaFX Application Thread] DEBUG FXGLInput            - Clearing active input actions
15:00:27.312 [JavaFX Application Thread] DEBUG FXGLMasterTimer      - Starting master timer
15:00:27.312 [JavaFX Application Thread] DEBUG GameApplication      - State: LOADING -> PLAYING
15:00:27.316 [JavaFX Application Thread] DEBUG FXGLEventBus         - Firing event: FXGLEvent[type=RESUME]
15:00:27.318 [JavaFX Application Thread] DEBUG GameScene            - Entity added to scene
15:00:27.319 [JavaFX Application Thread] DEBUG GameScene            - Added MainViewComponent
15:00:27.321 [JavaFX Application Thread] DEBUG GameScene            - Creating render group for layer: TOP(2147483647)
15:00:27.367 [JavaFX Application Thread] DEBUG FXGLAssetLoader      - Loading from disk: /assets/textures/Ground0.png
15:00:27.371 [JavaFX Application Thread] DEBUG FXGLAssetLoader      - Loading from cache: /assets/textures/Ground0.png
15:00:27.372 [JavaFX Application Thread] DEBUG FXGLAssetLoader      - Loading from cache: /assets/textures/Ground0.png
15:00:27.372 [JavaFX Application Thread] DEBUG FXGLAssetLoader      - Loading from cache: /assets/textures/Ground0.png
15:00:27.373 [JavaFX Application Thread] DEBUG FXGLAssetLoader      - Loading from cache: /assets/textures/Ground0.png
15:00:27.374 [JavaFX Application Thread] DEBUG FXGLAssetLoader      - Loading from disk: /assets/textures/Ground1.png
15:00:27.375 [JavaFX Application Thread] DEBUG FXGLAssetLoader      - Loading from cache: /assets/textures/Ground1.png
15:00:27.376 [JavaFX Application Thread] DEBUG FXGLAssetLoader      - Loading from cache: /assets/textures/Ground0.png
15:00:27.376 [JavaFX Application Thread] DEBUG FXGLAssetLoader      - Loading from cache: /assets/textures/Ground0.png
15:00:27.377 [JavaFX Application Thread] DEBUG FXGLAssetLoader      - Loading from cache: /assets/textures/Ground0.png
15:00:27.377 [JavaFX Application Thread] DEBUG FXGLAssetLoader      - Loading from cache: /assets/textures/Ground0.png
15:00:27.378 [JavaFX Application Thread] DEBUG FXGLAssetLoader      - Loading from cache: /assets/textures/Ground0.png
15:00:27.378 [JavaFX Application Thread] DEBUG FXGLAssetLoader      - Loading from cache: /assets/textures/Ground0.png
15:00:27.379 [JavaFX Application Thread] DEBUG FXGLAssetLoader      - Loading from cache: /assets/textures/Ground0.png
15:00:27.379 [JavaFX Application Thread] DEBUG FXGLAssetLoader      - Loading from cache: /assets/textures/Ground0.png
15:00:27.379 [JavaFX Application Thread] DEBUG FXGLAssetLoader      - Loading from cache: /assets/textures/Ground0.png
15:00:27.380 [JavaFX Application Thread] DEBUG FXGLAssetLoader      - Loading from cache: /assets/textures/Ground0.png
15:00:27.380 [JavaFX Application Thread] DEBUG FXGLAssetLoader      - Loading from cache: /assets/textures/Ground0.png
15:00:27.381 [JavaFX Application Thread] DEBUG FXGLAssetLoader      - Loading from cache: /assets/textures/Ground0.png
15:00:27.382 [JavaFX Application Thread] DEBUG FXGLAssetLoader      - Loading from cache: /assets/textures/Ground0.png
15:00:27.382 [JavaFX Application Thread] DEBUG FXGLAssetLoader      - Loading from cache: /assets/textures/Ground0.png
15:00:27.383 [JavaFX Application Thread] DEBUG FXGLAssetLoader      - Loading from cache: /assets/textures/Ground0.png
15:00:27.383 [JavaFX Application Thread] DEBUG FXGLAssetLoader      - Loading from cache: /assets/textures/Ground0.png
15:00:27.384 [JavaFX Application Thread] DEBUG FXGLAssetLoader      - Loading from cache: /assets/textures/Ground0.png
15:00:27.384 [JavaFX Application Thread] DEBUG FXGLAssetLoader      - Loading from cache: /assets/textures/Ground0.png
15:00:27.384 [JavaFX Application Thread] DEBUG FXGLAssetLoader      - Loading from cache: /assets/textures/Ground0.png
15:00:27.385 [JavaFX Application Thread] DEBUG FXGLAssetLoader      - Loading from cache: /assets/textures/Ground0.png
15:00:27.385 [JavaFX Application Thread] DEBUG FXGLAssetLoader      - Loading from cache: /assets/textures/Ground0.png
15:00:27.385 [JavaFX Application Thread] DEBUG FXGLAssetLoader      - Loading from cache: /assets/textures/Ground0.png
15:00:27.386 [JavaFX Application Thread] DEBUG FXGLAssetLoader      - Loading from cache: /assets/textures/Ground0.png
15:00:27.386 [JavaFX Application Thread] DEBUG FXGLAssetLoader      - Loading from cache: /assets/textures/Ground0.png
15:00:27.386 [JavaFX Application Thread] DEBUG FXGLAssetLoader      - Loading from cache: /assets/textures/Ground0.png
15:00:27.387 [JavaFX Application Thread] DEBUG FXGLAssetLoader      - Loading from cache: /assets/textures/Ground0.png
15:00:27.387 [JavaFX Application Thread] DEBUG FXGLAssetLoader      - Loading from cache: /assets/textures/Ground0.png
15:00:27.388 [JavaFX Application Thread] DEBUG FXGLAssetLoader      - Loading from cache: /assets/textures/Ground0.png
15:00:27.388 [JavaFX Application Thread] DEBUG FXGLAssetLoader      - Loading from cache: /assets/textures/Ground0.png
15:00:27.388 [JavaFX Application Thread] DEBUG FXGLAssetLoader      - Loading from cache: /assets/textures/Ground0.png
15:00:27.389 [JavaFX Application Thread] DEBUG FXGLAssetLoader      - Loading from cache: /assets/textures/Ground0.png
15:00:27.389 [JavaFX Application Thread] DEBUG FXGLAssetLoader      - Loading from cache: /assets/textures/Ground0.png
15:00:27.389 [JavaFX Application Thread] DEBUG FXGLAssetLoader      - Loading from cache: /assets/textures/Ground0.png
15:00:27.390 [JavaFX Application Thread] DEBUG FXGLAssetLoader      - Loading from cache: /assets/textures/Ground0.png
15:00:27.390 [JavaFX Application Thread] DEBUG FXGLAssetLoader      - Loading from cache: /assets/textures/Ground0.png
15:00:27.391 [JavaFX Application Thread] DEBUG FXGLAssetLoader      - Loading from cache: /assets/textures/Ground0.png
15:00:27.391 [JavaFX Application Thread] DEBUG FXGLAssetLoader      - Loading from cache: /assets/textures/Ground0.png
15:00:27.392 [JavaFX Application Thread] DEBUG FXGLAssetLoader      - Loading from cache: /assets/textures/Ground0.png
15:00:27.396 [JavaFX Application Thread] DEBUG GameScene            - Entity added to scene
15:00:27.396 [JavaFX Application Thread] DEBUG GameScene            - Added MainViewComponent
15:00:27.397 [JavaFX Application Thread] DEBUG GameScene            - Entity added to scene
15:00:27.397 [JavaFX Application Thread] DEBUG GameScene            - Added MainViewComponent
15:00:27.398 [JavaFX Application Thread] DEBUG GameScene            - Entity added to scene
15:00:27.398 [JavaFX Application Thread] DEBUG GameScene            - Added MainViewComponent
15:00:27.398 [JavaFX Application Thread] DEBUG GameScene            - Entity added to scene
15:00:27.399 [JavaFX Application Thread] DEBUG GameScene            - Added MainViewComponent
15:00:27.399 [JavaFX Application Thread] DEBUG GameScene            - Entity added to scene
15:00:27.399 [JavaFX Application Thread] DEBUG GameScene            - Added MainViewComponent
15:00:27.400 [JavaFX Application Thread] DEBUG GameScene            - Entity added to scene
15:00:27.400 [JavaFX Application Thread] DEBUG GameScene            - Added MainViewComponent
15:00:27.400 [JavaFX Application Thread] DEBUG GameScene            - Entity added to scene
15:00:27.400 [JavaFX Application Thread] DEBUG GameScene            - Added MainViewComponent
15:00:27.400 [JavaFX Application Thread] DEBUG GameScene            - Entity added to scene
15:00:27.400 [JavaFX Application Thread] DEBUG GameScene            - Added MainViewComponent
15:00:27.401 [JavaFX Application Thread] DEBUG GameScene            - Entity added to scene
15:00:27.401 [JavaFX Application Thread] DEBUG GameScene            - Added MainViewComponent
15:00:27.401 [JavaFX Application Thread] DEBUG GameScene            - Entity added to scene
15:00:27.401 [JavaFX Application Thread] DEBUG GameScene            - Added MainViewComponent
15:00:27.401 [JavaFX Application Thread] DEBUG GameScene            - Entity added to scene
15:00:27.401 [JavaFX Application Thread] DEBUG GameScene            - Added MainViewComponent
15:00:27.402 [JavaFX Application Thread] DEBUG GameScene            - Entity added to scene
15:00:27.402 [JavaFX Application Thread] DEBUG GameScene            - Added MainViewComponent
15:00:27.402 [JavaFX Application Thread] DEBUG GameScene            - Entity added to scene
15:00:27.402 [JavaFX Application Thread] DEBUG GameScene            - Added MainViewComponent
15:00:27.402 [JavaFX Application Thread] DEBUG GameScene            - Entity added to scene
15:00:27.402 [JavaFX Application Thread] DEBUG GameScene            - Added MainViewComponent
15:00:27.402 [JavaFX Application Thread] DEBUG GameScene            - Entity added to scene
15:00:27.402 [JavaFX Application Thread] DEBUG GameScene            - Added MainViewComponent
15:00:27.403 [JavaFX Application Thread] DEBUG GameScene            - Entity added to scene
15:00:27.403 [JavaFX Application Thread] DEBUG GameScene            - Added MainViewComponent
15:00:27.403 [JavaFX Application Thread] DEBUG GameScene            - Entity added to scene
15:00:27.403 [JavaFX Application Thread] DEBUG GameScene            - Added MainViewComponent
15:00:27.403 [JavaFX Application Thread] DEBUG GameScene            - Entity added to scene
15:00:27.403 [JavaFX Application Thread] DEBUG GameScene            - Added MainViewComponent
15:00:27.404 [JavaFX Application Thread] DEBUG GameScene            - Entity added to scene
15:00:27.404 [JavaFX Application Thread] DEBUG GameScene            - Added MainViewComponent
15:00:27.404 [JavaFX Application Thread] DEBUG GameScene            - Entity added to scene
15:00:27.404 [JavaFX Application Thread] DEBUG GameScene            - Added MainViewComponent
15:00:27.404 [JavaFX Application Thread] DEBUG GameScene            - Entity added to scene
15:00:27.404 [JavaFX Application Thread] DEBUG GameScene            - Added MainViewComponent
15:00:27.405 [JavaFX Application Thread] DEBUG GameScene            - Entity added to scene
15:00:27.405 [JavaFX Application Thread] DEBUG GameScene            - Added MainViewComponent
15:00:27.405 [JavaFX Application Thread] DEBUG GameScene            - Entity added to scene
15:00:27.405 [JavaFX Application Thread] DEBUG GameScene            - Added MainViewComponent
15:00:27.405 [JavaFX Application Thread] DEBUG GameScene            - Entity added to scene
15:00:27.405 [JavaFX Application Thread] DEBUG GameScene            - Added MainViewComponent
15:00:27.406 [JavaFX Application Thread] DEBUG GameScene            - Entity added to scene
15:00:27.406 [JavaFX Application Thread] DEBUG GameScene            - Added MainViewComponent
15:00:27.406 [JavaFX Application Thread] DEBUG GameScene            - Entity added to scene
15:00:27.406 [JavaFX Application Thread] DEBUG GameScene            - Added MainViewComponent
15:00:27.406 [JavaFX Application Thread] DEBUG GameScene            - Entity added to scene
15:00:27.406 [JavaFX Application Thread] DEBUG GameScene            - Added MainViewComponent
15:00:27.407 [JavaFX Application Thread] DEBUG GameScene            - Entity added to scene
15:00:27.407 [JavaFX Application Thread] DEBUG GameScene            - Added MainViewComponent
15:00:27.407 [JavaFX Application Thread] DEBUG GameScene            - Entity added to scene
15:00:27.407 [JavaFX Application Thread] DEBUG GameScene            - Added MainViewComponent
15:00:27.407 [JavaFX Application Thread] DEBUG GameScene            - Entity added to scene
15:00:27.407 [JavaFX Application Thread] DEBUG GameScene            - Added MainViewComponent
15:00:27.408 [JavaFX Application Thread] DEBUG GameScene            - Entity added to scene
15:00:27.408 [JavaFX Application Thread] DEBUG GameScene            - Added MainViewComponent
15:00:27.408 [JavaFX Application Thread] DEBUG GameScene            - Entity added to scene
15:00:27.408 [JavaFX Application Thread] DEBUG GameScene            - Added MainViewComponent
15:00:27.408 [JavaFX Application Thread] DEBUG GameScene            - Entity added to scene
15:00:27.408 [JavaFX Application Thread] DEBUG GameScene            - Added MainViewComponent
15:00:27.409 [JavaFX Application Thread] DEBUG GameScene            - Entity added to scene
15:00:27.409 [JavaFX Application Thread] DEBUG GameScene            - Added MainViewComponent
15:00:27.409 [JavaFX Application Thread] DEBUG GameScene            - Entity added to scene
15:00:27.409 [JavaFX Application Thread] DEBUG GameScene            - Added MainViewComponent
15:00:27.409 [JavaFX Application Thread] DEBUG GameScene            - Entity added to scene
15:00:27.409 [JavaFX Application Thread] DEBUG GameScene            - Added MainViewComponent
15:00:27.409 [JavaFX Application Thread] DEBUG GameScene            - Entity added to scene
15:00:27.409 [JavaFX Application Thread] DEBUG GameScene            - Added MainViewComponent
15:00:27.410 [JavaFX Application Thread] DEBUG GameScene            - Entity added to scene
15:00:27.410 [JavaFX Application Thread] DEBUG GameScene            - Added MainViewComponent
15:00:27.410 [JavaFX Application Thread] DEBUG GameScene            - Entity added to scene
15:00:27.410 [JavaFX Application Thread] DEBUG GameScene            - Added MainViewComponent
15:00:27.410 [JavaFX Application Thread] DEBUG GameScene            - Entity added to scene
15:00:27.410 [JavaFX Application Thread] DEBUG GameScene            - Added MainViewComponent
15:00:27.411 [JavaFX Application Thread] DEBUG GameScene            - Entity added to scene
15:00:27.411 [JavaFX Application Thread] DEBUG GameScene            - Added MainViewComponent
15:00:27.411 [JavaFX Application Thread] DEBUG GameScene            - Entity added to scene
15:00:27.411 [JavaFX Application Thread] DEBUG GameScene            - Added MainViewComponent
15:00:27.411 [JavaFX Application Thread] DEBUG GameScene            - Entity added to scene
15:00:27.411 [JavaFX Application Thread] DEBUG GameScene            - Added MainViewComponent
15:00:27.412 [JavaFX Application Thread] DEBUG GameScene            - Entity added to scene
15:00:27.412 [JavaFX Application Thread] DEBUG GameScene            - Added MainViewComponent
15:00:27.412 [JavaFX Application Thread] DEBUG GameScene            - Entity added to scene
15:00:27.412 [JavaFX Application Thread] DEBUG GameScene            - Added MainViewComponent
15:00:27.652 [JavaFX Application Thread] DEBUG FXGLAssetLoader      - Loading from cache: /assets/textures/Ground0.png
15:00:27.654 [JavaFX Application Thread] DEBUG FXGLAssetLoader      - Loading from cache: /assets/textures/Ground0.png
15:00:27.655 [JavaFX Application Thread] DEBUG FXGLAssetLoader      - Loading from cache: /assets/textures/Ground0.png
15:00:27.657 [JavaFX Application Thread] DEBUG FXGLAssetLoader      - Loading from cache: /assets/textures/Ground0.png
15:00:27.658 [JavaFX Application Thread] DEBUG FXGLAssetLoader      - Loading from cache: /assets/textures/Ground0.png
15:00:27.659 [JavaFX Application Thread] DEBUG FXGLAssetLoader      - Loading from cache: /assets/textures/Ground0.png
15:00:27.660 [JavaFX Application Thread] DEBUG FXGLAssetLoader      - Loading from cache: /assets/textures/Ground0.png
15:00:27.661 [JavaFX Application Thread] DEBUG FXGLAssetLoader      - Loading from cache: /assets/textures/Ground0.png
15:00:27.662 [JavaFX Application Thread] DEBUG FXGLAssetLoader      - Loading from cache: /assets/textures/Ground0.png
15:00:27.662 [JavaFX Application Thread] DEBUG FXGLAssetLoader      - Loading from cache: /assets/textures/Ground0.png
15:00:27.663 [JavaFX Application Thread] DEBUG FXGLAssetLoader      - Loading from cache: /assets/textures/Ground0.png
15:00:27.664 [JavaFX Application Thread] DEBUG FXGLAssetLoader      - Loading from cache: /assets/textures/Ground0.png
15:00:27.665 [JavaFX Application Thread] DEBUG FXGLAssetLoader      - Loading from cache: /assets/textures/Ground0.png
15:00:27.666 [JavaFX Application Thread] DEBUG FXGLAssetLoader      - Loading from cache: /assets/textures/Ground0.png
15:00:27.667 [JavaFX Application Thread] DEBUG FXGLAssetLoader      - Loading from cache: /assets/textures/Ground0.png
15:00:27.668 [JavaFX Application Thread] DEBUG GameScene            - Entity added to scene
15:00:27.668 [JavaFX Application Thread] DEBUG GameScene            - Added MainViewComponent
15:00:27.669 [JavaFX Application Thread] DEBUG GameScene            - Entity added to scene
15:00:27.669 [JavaFX Application Thread] DEBUG GameScene            - Added MainViewComponent
15:00:27.669 [JavaFX Application Thread] DEBUG GameScene            - Entity added to scene
15:00:27.669 [JavaFX Application Thread] DEBUG GameScene            - Added MainViewComponent
15:00:27.670 [JavaFX Application Thread] DEBUG GameScene            - Entity added to scene
15:00:27.670 [JavaFX Application Thread] DEBUG GameScene            - Added MainViewComponent
15:00:27.670 [JavaFX Application Thread] DEBUG GameScene            - Entity added to scene
15:00:27.670 [JavaFX Application Thread] DEBUG GameScene            - Added MainViewComponent
15:00:27.670 [JavaFX Application Thread] DEBUG GameScene            - Entity added to scene
15:00:27.670 [JavaFX Application Thread] DEBUG GameScene            - Added MainViewComponent
15:00:27.671 [JavaFX Application Thread] DEBUG GameScene            - Entity added to scene
15:00:27.671 [JavaFX Application Thread] DEBUG GameScene            - Added MainViewComponent
15:00:27.671 [JavaFX Application Thread] DEBUG GameScene            - Entity added to scene
15:00:27.671 [JavaFX Application Thread] DEBUG GameScene            - Added MainViewComponent
15:00:27.671 [JavaFX Application Thread] DEBUG GameScene            - Entity added to scene
15:00:27.671 [JavaFX Application Thread] DEBUG GameScene            - Added MainViewComponent
15:00:27.672 [JavaFX Application Thread] DEBUG GameScene            - Entity added to scene
15:00:27.672 [JavaFX Application Thread] DEBUG GameScene            - Added MainViewComponent
15:00:27.672 [JavaFX Application Thread] DEBUG GameScene            - Entity added to scene
15:00:27.672 [JavaFX Application Thread] DEBUG GameScene            - Added MainViewComponent
15:00:27.672 [JavaFX Application Thread] DEBUG GameScene            - Entity added to scene
15:00:27.672 [JavaFX Application Thread] DEBUG GameScene            - Added MainViewComponent
15:00:27.672 [JavaFX Application Thread] DEBUG GameScene            - Entity added to scene
15:00:27.672 [JavaFX Application Thread] DEBUG GameScene            - Added MainViewComponent
15:00:27.673 [JavaFX Application Thread] DEBUG GameScene            - Entity added to scene
15:00:27.673 [JavaFX Application Thread] DEBUG GameScene            - Added MainViewComponent
15:00:27.673 [JavaFX Application Thread] DEBUG GameScene            - Entity added to scene
15:00:27.673 [JavaFX Application Thread] DEBUG GameScene            - Added MainViewComponent
15:00:28.184 [JavaFX Application Thread] DEBUG FXGLAssetLoader      - Loading from cache: /assets/textures/Ground0.png
15:00:28.185 [JavaFX Application Thread] DEBUG FXGLAssetLoader      - Loading from cache: /assets/textures/Ground0.png
15:00:28.186 [JavaFX Application Thread] DEBUG FXGLAssetLoader      - Loading from cache: /assets/textures/Ground0.png
15:00:28.186 [JavaFX Application Thread] DEBUG FXGLAssetLoader      - Loading from cache: /assets/textures/Ground0.png
15:00:28.188 [JavaFX Application Thread] DEBUG FXGLAssetLoader      - Loading from cache: /assets/textures/Ground0.png
15:00:28.189 [JavaFX Application Thread] DEBUG FXGLAssetLoader      - Loading from cache: /assets/textures/Ground0.png
15:00:28.189 [JavaFX Application Thread] DEBUG FXGLAssetLoader      - Loading from cache: /assets/textures/Ground0.png
15:00:28.190 [JavaFX Application Thread] DEBUG FXGLAssetLoader      - Loading from cache: /assets/textures/Ground0.png
15:00:28.191 [JavaFX Application Thread] DEBUG FXGLAssetLoader      - Loading from cache: /assets/textures/Ground0.png
15:00:28.191 [JavaFX Application Thread] DEBUG FXGLAssetLoader      - Loading from cache: /assets/textures/Ground0.png
15:00:28.192 [JavaFX Application Thread] DEBUG FXGLAssetLoader      - Loading from cache: /assets/textures/Ground0.png
15:00:28.192 [JavaFX Application Thread] DEBUG FXGLAssetLoader      - Loading from cache: /assets/textures/Ground0.png
15:00:28.193 [JavaFX Application Thread] DEBUG FXGLAssetLoader      - Loading from cache: /assets/textures/Ground0.png
15:00:28.193 [JavaFX Application Thread] DEBUG FXGLAssetLoader      - Loading from cache: /assets/textures/Ground0.png
15:00:28.194 [JavaFX Application Thread] DEBUG FXGLAssetLoader      - Loading from cache: /assets/textures/Ground0.png
15:00:28.199 [JavaFX Application Thread] DEBUG GameScene            - Entity added to scene
15:00:28.199 [JavaFX Application Thread] DEBUG GameScene            - Added MainViewComponent
15:00:28.199 [JavaFX Application Thread] DEBUG GameScene            - Entity added to scene
15:00:28.200 [JavaFX Application Thread] DEBUG GameScene            - Added MainViewComponent
15:00:28.200 [JavaFX Application Thread] DEBUG GameScene            - Entity added to scene
15:00:28.200 [JavaFX Application Thread] DEBUG GameScene            - Added MainViewComponent
15:00:28.200 [JavaFX Application Thread] DEBUG GameScene            - Entity added to scene
15:00:28.200 [JavaFX Application Thread] DEBUG GameScene            - Added MainViewComponent
15:00:28.201 [JavaFX Application Thread] DEBUG GameScene            - Entity added to scene
15:00:28.201 [JavaFX Application Thread] DEBUG GameScene            - Added MainViewComponent
15:00:28.201 [JavaFX Application Thread] DEBUG GameScene            - Entity added to scene
15:00:28.201 [JavaFX Application Thread] DEBUG GameScene            - Added MainViewComponent
15:00:28.201 [JavaFX Application Thread] DEBUG GameScene            - Entity added to scene
15:00:28.201 [JavaFX Application Thread] DEBUG GameScene            - Added MainViewComponent
15:00:28.201 [JavaFX Application Thread] DEBUG GameScene            - Entity added to scene
15:00:28.201 [JavaFX Application Thread] DEBUG GameScene            - Added MainViewComponent
15:00:28.202 [JavaFX Application Thread] DEBUG GameScene            - Entity added to scene
15:00:28.202 [JavaFX Application Thread] DEBUG GameScene            - Added MainViewComponent
15:00:28.202 [JavaFX Application Thread] DEBUG GameScene            - Entity added to scene
15:00:28.202 [JavaFX Application Thread] DEBUG GameScene            - Added MainViewComponent
15:00:28.202 [JavaFX Application Thread] DEBUG GameScene            - Entity added to scene
15:00:28.202 [JavaFX Application Thread] DEBUG GameScene            - Added MainViewComponent
15:00:28.202 [JavaFX Application Thread] DEBUG GameScene            - Entity added to scene
15:00:28.202 [JavaFX Application Thread] DEBUG GameScene            - Added MainViewComponent
15:00:28.203 [JavaFX Application Thread] DEBUG GameScene            - Entity added to scene
15:00:28.203 [JavaFX Application Thread] DEBUG GameScene            - Added MainViewComponent
15:00:28.203 [JavaFX Application Thread] DEBUG GameScene            - Entity added to scene
15:00:28.203 [JavaFX Application Thread] DEBUG GameScene            - Added MainViewComponent
15:00:28.203 [JavaFX Application Thread] DEBUG GameScene            - Entity added to scene
15:00:28.203 [JavaFX Application Thread] DEBUG GameScene            - Added MainViewComponent
15:00:28.482 [JavaFX Application Thread] DEBUG FXGLAssetLoader      - Loading from cache: /assets/textures/Ground0.png
15:00:28.483 [JavaFX Application Thread] DEBUG FXGLAssetLoader      - Loading from cache: /assets/textures/Ground0.png
15:00:28.483 [JavaFX Application Thread] DEBUG FXGLAssetLoader      - Loading from cache: /assets/textures/Ground0.png
15:00:28.483 [JavaFX Application Thread] DEBUG FXGLAssetLoader      - Loading from cache: /assets/textures/Ground0.png
15:00:28.484 [JavaFX Application Thread] DEBUG FXGLAssetLoader      - Loading from cache: /assets/textures/Ground0.png
15:00:28.484 [JavaFX Application Thread] DEBUG FXGLAssetLoader      - Loading from cache: /assets/textures/Ground0.png
15:00:28.484 [JavaFX Application Thread] DEBUG FXGLAssetLoader      - Loading from cache: /assets/textures/Ground0.png
15:00:28.485 [JavaFX Application Thread] DEBUG FXGLAssetLoader      - Loading from cache: /assets/textures/Ground0.png
15:00:28.485 [JavaFX Application Thread] DEBUG FXGLAssetLoader      - Loading from cache: /assets/textures/Ground0.png
15:00:28.485 [JavaFX Application Thread] DEBUG FXGLAssetLoader      - Loading from cache: /assets/textures/Ground0.png
15:00:28.486 [JavaFX Application Thread] DEBUG FXGLAssetLoader      - Loading from cache: /assets/textures/Ground0.png
15:00:28.486 [JavaFX Application Thread] DEBUG FXGLAssetLoader      - Loading from cache: /assets/textures/Ground0.png
15:00:28.486 [JavaFX Application Thread] DEBUG FXGLAssetLoader      - Loading from cache: /assets/textures/Ground0.png
15:00:28.486 [JavaFX Application Thread] DEBUG FXGLAssetLoader      - Loading from cache: /assets/textures/Ground0.png
15:00:28.487 [JavaFX Application Thread] DEBUG FXGLAssetLoader      - Loading from cache: /assets/textures/Ground0.png
15:00:28.498 [JavaFX Application Thread] DEBUG GameScene            - Entity added to scene
15:00:28.498 [JavaFX Application Thread] DEBUG GameScene            - Added MainViewComponent
15:00:28.499 [JavaFX Application Thread] DEBUG GameScene            - Entity added to scene
15:00:28.499 [JavaFX Application Thread] DEBUG GameScene            - Added MainViewComponent
15:00:28.499 [JavaFX Application Thread] DEBUG GameScene            - Entity added to scene
15:00:28.499 [JavaFX Application Thread] DEBUG GameScene            - Added MainViewComponent
15:00:28.499 [JavaFX Application Thread] DEBUG GameScene            - Entity added to scene
15:00:28.499 [JavaFX Application Thread] DEBUG GameScene            - Added MainViewComponent
15:00:28.499 [JavaFX Application Thread] DEBUG GameScene            - Entity added to scene
15:00:28.500 [JavaFX Application Thread] DEBUG GameScene            - Added MainViewComponent
15:00:28.500 [JavaFX Application Thread] DEBUG GameScene            - Entity added to scene
15:00:28.500 [JavaFX Application Thread] DEBUG GameScene            - Added MainViewComponent
15:00:28.500 [JavaFX Application Thread] DEBUG GameScene            - Entity added to scene
15:00:28.500 [JavaFX Application Thread] DEBUG GameScene            - Added MainViewComponent
15:00:28.501 [JavaFX Application Thread] DEBUG GameScene            - Entity added to scene
15:00:28.501 [JavaFX Application Thread] DEBUG GameScene            - Added MainViewComponent
15:00:28.501 [JavaFX Application Thread] DEBUG GameScene            - Entity added to scene
15:00:28.501 [JavaFX Application Thread] DEBUG GameScene            - Added MainViewComponent
15:00:28.501 [JavaFX Application Thread] DEBUG GameScene            - Entity added to scene
15:00:28.501 [JavaFX Application Thread] DEBUG GameScene            - Added MainViewComponent
15:00:28.501 [JavaFX Application Thread] DEBUG GameScene            - Entity added to scene
15:00:28.501 [JavaFX Application Thread] DEBUG GameScene            - Added MainViewComponent
15:00:28.501 [JavaFX Application Thread] DEBUG GameScene            - Entity added to scene
15:00:28.501 [JavaFX Application Thread] DEBUG GameScene            - Added MainViewComponent
15:00:28.502 [JavaFX Application Thread] DEBUG GameScene            - Entity added to scene
15:00:28.502 [JavaFX Application Thread] DEBUG GameScene            - Added MainViewComponent
15:00:28.502 [JavaFX Application Thread] DEBUG GameScene            - Entity added to scene
15:00:28.502 [JavaFX Application Thread] DEBUG GameScene            - Added MainViewComponent
15:00:28.502 [JavaFX Application Thread] DEBUG GameScene            - Entity added to scene
15:00:28.502 [JavaFX Application Thread] DEBUG GameScene            - Added MainViewComponent
15:00:28.716 [JavaFX Application Thread] DEBUG FXGLAssetLoader      - Loading from cache: /assets/textures/Ground0.png
15:00:28.717 [JavaFX Application Thread] DEBUG FXGLAssetLoader      - Loading from cache: /assets/textures/Ground0.png
15:00:28.718 [JavaFX Application Thread] DEBUG FXGLAssetLoader      - Loading from cache: /assets/textures/Ground0.png
15:00:28.718 [JavaFX Application Thread] DEBUG FXGLAssetLoader      - Loading from cache: /assets/textures/Ground0.png
15:00:28.719 [JavaFX Application Thread] DEBUG FXGLAssetLoader      - Loading from cache: /assets/textures/Ground0.png
15:00:28.720 [JavaFX Application Thread] DEBUG FXGLAssetLoader      - Loading from cache: /assets/textures/Ground0.png
15:00:28.720 [JavaFX Application Thread] DEBUG FXGLAssetLoader      - Loading from cache: /assets/textures/Ground1.png
15:00:28.721 [JavaFX Application Thread] DEBUG FXGLAssetLoader      - Loading from cache: /assets/textures/Ground0.png
15:00:28.722 [JavaFX Application Thread] DEBUG FXGLAssetLoader      - Loading from cache: /assets/textures/Ground0.png
15:00:28.722 [JavaFX Application Thread] DEBUG FXGLAssetLoader      - Loading from cache: /assets/textures/Ground0.png
15:00:28.723 [JavaFX Application Thread] DEBUG FXGLAssetLoader      - Loading from cache: /assets/textures/Ground0.png
15:00:28.723 [JavaFX Application Thread] DEBUG FXGLAssetLoader      - Loading from cache: /assets/textures/Ground0.png
15:00:28.724 [JavaFX Application Thread] DEBUG FXGLAssetLoader      - Loading from cache: /assets/textures/Ground0.png
15:00:28.725 [JavaFX Application Thread] DEBUG FXGLAssetLoader      - Loading from cache: /assets/textures/Ground0.png
15:00:28.726 [JavaFX Application Thread] DEBUG FXGLAssetLoader      - Loading from cache: /assets/textures/Ground0.png
15:00:28.732 [JavaFX Application Thread] DEBUG GameScene            - Entity added to scene
15:00:28.732 [JavaFX Application Thread] DEBUG GameScene            - Added MainViewComponent
15:00:28.732 [JavaFX Application Thread] DEBUG GameScene            - Entity added to scene
15:00:28.733 [JavaFX Application Thread] DEBUG GameScene            - Added MainViewComponent
15:00:28.733 [JavaFX Application Thread] DEBUG GameScene            - Entity added to scene
15:00:28.733 [JavaFX Application Thread] DEBUG GameScene            - Added MainViewComponent
15:00:28.733 [JavaFX Application Thread] DEBUG GameScene            - Entity added to scene
15:00:28.733 [JavaFX Application Thread] DEBUG GameScene            - Added MainViewComponent
15:00:28.734 [JavaFX Application Thread] DEBUG GameScene            - Entity added to scene
15:00:28.734 [JavaFX Application Thread] DEBUG GameScene            - Added MainViewComponent
15:00:28.734 [JavaFX Application Thread] DEBUG GameScene            - Entity added to scene
15:00:28.734 [JavaFX Application Thread] DEBUG GameScene            - Added MainViewComponent
15:00:28.734 [JavaFX Application Thread] DEBUG GameScene            - Entity added to scene
15:00:28.734 [JavaFX Application Thread] DEBUG GameScene            - Added MainViewComponent
15:00:28.735 [JavaFX Application Thread] DEBUG GameScene            - Entity added to scene
15:00:28.735 [JavaFX Application Thread] DEBUG GameScene            - Added MainViewComponent
15:00:28.735 [JavaFX Application Thread] DEBUG GameScene            - Entity added to scene
15:00:28.735 [JavaFX Application Thread] DEBUG GameScene            - Added MainViewComponent
15:00:28.735 [JavaFX Application Thread] DEBUG GameScene            - Entity added to scene
15:00:28.735 [JavaFX Application Thread] DEBUG GameScene            - Added MainViewComponent
15:00:28.735 [JavaFX Application Thread] DEBUG GameScene            - Entity added to scene
15:00:28.735 [JavaFX Application Thread] DEBUG GameScene            - Added MainViewComponent
15:00:28.736 [JavaFX Application Thread] DEBUG GameScene            - Entity added to scene
15:00:28.736 [JavaFX Application Thread] DEBUG GameScene            - Added MainViewComponent
15:00:28.736 [JavaFX Application Thread] DEBUG GameScene            - Entity added to scene
15:00:28.736 [JavaFX Application Thread] DEBUG GameScene            - Added MainViewComponent
15:00:28.736 [JavaFX Application Thread] DEBUG GameScene            - Entity added to scene
15:00:28.736 [JavaFX Application Thread] DEBUG GameScene            - Added MainViewComponent
15:00:28.737 [JavaFX Application Thread] DEBUG GameScene            - Entity added to scene
15:00:28.737 [JavaFX Application Thread] DEBUG GameScene            - Added MainViewComponent
15:00:29.411 [JavaFX Application Thread] DEBUG FXGLEventBus         - Firing event: DisplayEvent[type=CLOSE_REQUEST]
15:00:29.412 [JavaFX Application Thread] DEBUG FXGLEventBus         - Firing event: FXGLEvent[type=EXIT]
15:00:29.415 [JavaFX Application Thread] DEBUG FXGL                 - Saving FXGL system data
15:00:29.417 [JavaFX Application Thread] DEBUG IOTask               - Executing task: writeDataTask(system/fxgl.bundle)
15:00:29.418 [JavaFX Application Thread] DEBUG FS                   - Writing to: system\fxgl.bundle
15:00:29.421 [JavaFX Application Thread] DEBUG IOTask               - Task succeeded: writeDataTask(system/fxgl.bundle)
