12:48:14.693 [FXGL Launcher Thread     ] DEBUG FXGLLoggerFactory    - Service [LoggerFactory] initialized
12:48:14.698 [FXGL Launcher Thread     ] DEBUG FXGL                 - FXGL configuration complete
12:48:14.698 [FXGL Launcher Thread     ] DEBUG FXGL                 - Loading FXGL system data
12:48:14.700 [FXGL Launcher Thread     ] DEBUG IOTask               - Executing task: readDataTask(system/fxgl.bundle)
12:48:14.703 [FXGL Launcher Thread     ] DEBUG FS                   - Reading from: system\fxgl.bundle
12:48:14.708 [FXGL Launcher Thread     ] DEBUG IOTask               - Task succeeded: readDataTask(system/fxgl.bundle)
12:48:14.708 [FXGL Launcher Thread     ] DEBUG Bundle               - Logging bundle: FXGL
12:48:14.709 [FXGL Launcher Thread     ] DEBUG Bundle               - FXGL.offline.timer.version.check=2017-01-12T08:38:28.585
12:48:14.713 [FXGL Launcher Thread     ] DEBUG GameApplication      - Configuring GameApplication
12:48:14.719 [FXGL Launcher Thread     ] DEBUG FXGLExceptionHandler - Service [ExceptionHandler] initialized
12:48:14.720 [FXGL Launcher Thread     ] DEBUG FXGLEventBus         - Service [EventBus] initialized
12:48:14.722 [FXGL Launcher Thread     ] DEBUG FXGLExecutor         - Service [Executor] initialized
12:48:14.722 [FXGL Launcher Thread     ] DEBUG PreInitTask          - Injecting gameWorld & physicsWorld
12:48:14.726 [FXGL Launcher Thread     ] DEBUG GameWorld            - Game world initialized
12:48:14.758 [FXGL Launcher Thread     ] DEBUG FXGLPooler           - Service [Pooler] initialized with default size = 128
12:48:14.758 [FXGL Launcher Thread     ] DEBUG PhysicsWorld         - Physics world initialized: appHeight=700.0, physics.ppm=50.0
12:48:14.759 [FXGL Launcher Thread     ] DEBUG FXGLInput            - Service [Input] initialized
12:48:14.775 [FXGL Launcher Thread     ] DEBUG FXGLInput            - Registered new binding: Screenshot - P
12:48:14.775 [FXGL Launcher Thread     ] DEBUG FXGLInput            - Registered new binding: Dev Options - CTRL+0
12:48:14.776 [FXGL Launcher Thread     ] DEBUG FXGLInput            - Registered new binding: Move With Mouse - PRIMARY
12:48:14.776 [FXGL Launcher Thread     ] DEBUG FXGLInput            - Registered new binding: Move up - W
12:48:14.777 [FXGL Launcher Thread     ] DEBUG FXGLInput            - Registered new binding: Open Fuel Shop - 1
12:48:14.777 [FXGL Launcher Thread     ] DEBUG FXGLInput            - Registered new binding: Open Sell - 2
12:48:14.807 [FXGL Launcher Thread     ] DEBUG GameScene            - Game scene initialized: 800.0x700.0
12:48:14.811 [FXGL Launcher Thread     ] DEBUG FXGLAssetLoader      - Service [AssetLoader] initialized: cacheSize=35
12:48:14.813 [FXGL Launcher Thread     ] DEBUG FXGLAssetLoader      - Loading from disk: /assets/sounds/system/notification.wav
12:48:14.833 [FXGL Launcher Thread     ] DEBUG FXGLAssetLoader      - Loading from disk: /assets/sounds/menu/select.wav
12:48:14.834 [FXGL Launcher Thread     ] DEBUG FXGLAssetLoader      - Loading from disk: /assets/sounds/menu/back.wav
12:48:14.835 [FXGL Launcher Thread     ] DEBUG FXGLAssetLoader      - Loading from disk: /assets/sounds/menu/press.wav
12:48:14.837 [FXGL Launcher Thread     ] DEBUG FXGLAssetLoader      - Loading from disk: /assets/ui/fonts/Copperplate_Gothic_Light_Regular.ttf
12:48:14.970 [FXGL Launcher Thread     ] DEBUG FXGLAssetLoader      - Loading from disk: /assets/ui/css/fxgl.css
12:48:14.970 [FXGL Launcher Thread     ] DEBUG FXGLAssetLoader      - Loading from disk: /assets/ui/icons/fxgl_icon.png
12:48:15.001 [FXGL Launcher Thread     ] DEBUG FXGLAssetLoader      - Loading from disk: /assets/ui/css/fxgl_war3.css
12:48:15.010 [FXGL Launcher Thread     ] DEBUG FXGLDisplay          - Target size: DoubleProperty [value: 800.0] x DoubleProperty [value: 700.0] @ 1.0
12:48:15.010 [FXGL Launcher Thread     ] DEBUG FXGLDisplay          - New size:    800.0 x 700.0 @ DoubleProperty [value: 1.0]
12:48:15.010 [FXGL Launcher Thread     ] DEBUG FXGLDisplay          - Service [Display] initialized
12:48:15.010 [FXGL Launcher Thread     ] DEBUG FXGLDisplay          - Using CSS: CSS(externalForm=jar:file:/I:/Documents/NetBeansProjects/MotherLoad/MotherLoad/lib/fxgl-0.2.9-uber.jar!/assets/ui/css/fxgl_war3.css)
12:48:15.011 [FXGL Launcher Thread     ] DEBUG InitScenesTask       - Injecting loadingScene & gameScene
12:48:15.032 [FXGL Launcher Thread     ] DEBUG FXGLMasterTimer      - Service [MasterTimer] initialized
12:48:15.034 [FXGL Launcher Thread     ] DEBUG FXGLAudioPlayer      - Service [AudioPlayer] initialized
12:48:15.041 [FXGL Launcher Thread     ] DEBUG InitProfilerTask     - Injecting profiler
12:48:15.041 [FXGL Launcher Thread     ] DEBUG GameApplication      - Starting new game
12:48:15.042 [FXGL Launcher Thread     ] DEBUG GameApplication      - Initializing App
12:48:15.043 [FXGL Launcher Thread     ] DEBUG FXGLInput            - Clearing active input actions
12:48:15.043 [FXGL Launcher Thread     ] DEBUG FXGLMasterTimer      - Stopping master timer
12:48:15.043 [FXGL Launcher Thread     ] DEBUG GameApplication      - State: STARTUP -> PAUSED
12:48:15.044 [FXGL Launcher Thread     ] DEBUG FXGLEventBus         - Firing event: FXGLEvent[type=PAUSE]
12:48:15.045 [FXGL Launcher Thread     ] DEBUG FXGLInput            - Clearing active input actions
12:48:15.045 [FXGL Launcher Thread     ] DEBUG FXGLMasterTimer      - Resetting ticks and clearing all actions
12:48:15.045 [FXGL Launcher Thread     ] DEBUG GameWorld            - Resetting game world
12:48:15.045 [FXGL Launcher Thread     ] TRACE EntityWorld          - Resetting entity world
12:48:15.046 [FXGL Launcher Thread     ] DEBUG PhysicsWorld         - Resetting physics world
12:48:15.046 [FXGL Launcher Thread     ] DEBUG GameScene            - Resetting game scene
12:48:15.046 [FXGL Launcher Thread     ] DEBUG FXGLEventBus         - Firing event: FXGLEvent[type=RESET]
12:48:15.457 [FXGL Launcher Thread     ] DEBUG GameApplication      - State: PAUSED -> LOADING
12:48:15.480 [FXGL Background Thread 1 ] DEBUG InitAppTask          - Initializing Assets
12:48:15.481 [FXGL Background Thread 1 ] DEBUG InitAppTask          - Initializing Game
12:48:15.500 [FXGL Background Thread 1 ] DEBUG InitAppTask          - Initializing Physics
12:48:15.500 [FXGL Background Thread 1 ] DEBUG InitAppTask          - Initializing UI
12:48:15.500 [FXGL Background Thread 1 ] DEBUG InitAppTask          - Initialization Complete
12:48:15.518 [JavaFX Application Thread] DEBUG FXGLDisplay          - Showing stage
12:48:15.518 [JavaFX Application Thread] DEBUG FXGLDisplay          - Root size: 800.0x700.0
12:48:15.518 [JavaFX Application Thread] DEBUG FXGLDisplay          - Scene size: 800.0x700.0
12:48:15.518 [JavaFX Application Thread] DEBUG FXGLDisplay          - Stage size: 816.0x739.0
12:48:15.560 [JavaFX Application Thread] DEBUG FXGLInput            - Clearing active input actions
12:48:15.561 [JavaFX Application Thread] DEBUG FXGLMasterTimer      - Starting master timer
12:48:15.561 [JavaFX Application Thread] DEBUG GameApplication      - State: LOADING -> PLAYING
12:48:15.564 [JavaFX Application Thread] DEBUG FXGLEventBus         - Firing event: FXGLEvent[type=RESUME]
12:48:15.568 [JavaFX Application Thread] DEBUG GameScene            - Entity added to scene
12:48:15.568 [JavaFX Application Thread] DEBUG GameScene            - Added MainViewComponent
12:48:15.570 [JavaFX Application Thread] DEBUG GameScene            - Creating render group for layer: TOP(2147483647)
12:48:15.619 [JavaFX Application Thread] DEBUG FXGLAssetLoader      - Loading from disk: /assets/textures/Ground0.png
12:48:15.622 [JavaFX Application Thread] DEBUG FXGLAssetLoader      - Loading from cache: /assets/textures/Ground0.png
12:48:15.623 [JavaFX Application Thread] DEBUG FXGLAssetLoader      - Loading from cache: /assets/textures/Ground0.png
12:48:15.623 [JavaFX Application Thread] DEBUG FXGLAssetLoader      - Loading from disk: /assets/textures/Ground1.png
12:48:15.625 [JavaFX Application Thread] DEBUG FXGLAssetLoader      - Loading from cache: /assets/textures/Ground0.png
12:48:15.626 [JavaFX Application Thread] DEBUG FXGLAssetLoader      - Loading from cache: /assets/textures/Ground0.png
12:48:15.626 [JavaFX Application Thread] DEBUG FXGLAssetLoader      - Loading from cache: /assets/textures/Ground0.png
12:48:15.626 [JavaFX Application Thread] DEBUG FXGLAssetLoader      - Loading from cache: /assets/textures/Ground0.png
12:48:15.627 [JavaFX Application Thread] DEBUG FXGLAssetLoader      - Loading from cache: /assets/textures/Ground0.png
12:48:15.628 [JavaFX Application Thread] DEBUG FXGLAssetLoader      - Loading from cache: /assets/textures/Ground1.png
12:48:15.628 [JavaFX Application Thread] DEBUG FXGLAssetLoader      - Loading from cache: /assets/textures/Ground0.png
12:48:15.628 [JavaFX Application Thread] DEBUG FXGLAssetLoader      - Loading from cache: /assets/textures/Ground0.png
12:48:15.629 [JavaFX Application Thread] DEBUG FXGLAssetLoader      - Loading from cache: /assets/textures/Ground0.png
12:48:15.629 [JavaFX Application Thread] DEBUG FXGLAssetLoader      - Loading from cache: /assets/textures/Ground0.png
12:48:15.630 [JavaFX Application Thread] DEBUG FXGLAssetLoader      - Loading from cache: /assets/textures/Ground0.png
12:48:15.630 [JavaFX Application Thread] DEBUG FXGLAssetLoader      - Loading from cache: /assets/textures/Ground0.png
12:48:15.631 [JavaFX Application Thread] DEBUG FXGLAssetLoader      - Loading from cache: /assets/textures/Ground0.png
12:48:15.631 [JavaFX Application Thread] DEBUG FXGLAssetLoader      - Loading from cache: /assets/textures/Ground0.png
12:48:15.632 [JavaFX Application Thread] DEBUG FXGLAssetLoader      - Loading from cache: /assets/textures/Ground0.png
12:48:15.632 [JavaFX Application Thread] DEBUG FXGLAssetLoader      - Loading from cache: /assets/textures/Ground0.png
12:48:15.633 [JavaFX Application Thread] DEBUG FXGLAssetLoader      - Loading from cache: /assets/textures/Ground0.png
12:48:15.633 [JavaFX Application Thread] DEBUG FXGLAssetLoader      - Loading from cache: /assets/textures/Ground0.png
12:48:15.634 [JavaFX Application Thread] DEBUG FXGLAssetLoader      - Loading from cache: /assets/textures/Ground0.png
12:48:15.634 [JavaFX Application Thread] DEBUG FXGLAssetLoader      - Loading from cache: /assets/textures/Ground0.png
12:48:15.635 [JavaFX Application Thread] DEBUG FXGLAssetLoader      - Loading from cache: /assets/textures/Ground0.png
12:48:15.635 [JavaFX Application Thread] DEBUG FXGLAssetLoader      - Loading from cache: /assets/textures/Ground0.png
12:48:15.635 [JavaFX Application Thread] DEBUG FXGLAssetLoader      - Loading from cache: /assets/textures/Ground0.png
12:48:15.636 [JavaFX Application Thread] DEBUG FXGLAssetLoader      - Loading from cache: /assets/textures/Ground0.png
12:48:15.636 [JavaFX Application Thread] DEBUG FXGLAssetLoader      - Loading from cache: /assets/textures/Ground0.png
12:48:15.637 [JavaFX Application Thread] DEBUG FXGLAssetLoader      - Loading from cache: /assets/textures/Ground0.png
12:48:15.637 [JavaFX Application Thread] DEBUG FXGLAssetLoader      - Loading from cache: /assets/textures/Ground0.png
12:48:15.638 [JavaFX Application Thread] DEBUG FXGLAssetLoader      - Loading from cache: /assets/textures/Ground0.png
12:48:15.638 [JavaFX Application Thread] DEBUG FXGLAssetLoader      - Loading from cache: /assets/textures/Ground0.png
12:48:15.638 [JavaFX Application Thread] DEBUG FXGLAssetLoader      - Loading from cache: /assets/textures/Ground0.png
12:48:15.639 [JavaFX Application Thread] DEBUG FXGLAssetLoader      - Loading from cache: /assets/textures/Ground0.png
12:48:15.639 [JavaFX Application Thread] DEBUG FXGLAssetLoader      - Loading from cache: /assets/textures/Ground0.png
12:48:15.643 [JavaFX Application Thread] DEBUG GameScene            - Entity added to scene
12:48:15.643 [JavaFX Application Thread] DEBUG GameScene            - Added MainViewComponent
12:48:15.645 [JavaFX Application Thread] DEBUG GameScene            - Entity added to scene
12:48:15.645 [JavaFX Application Thread] DEBUG GameScene            - Added MainViewComponent
12:48:15.645 [JavaFX Application Thread] DEBUG GameScene            - Entity added to scene
12:48:15.645 [JavaFX Application Thread] DEBUG GameScene            - Added MainViewComponent
12:48:15.645 [JavaFX Application Thread] DEBUG GameScene            - Entity added to scene
12:48:15.645 [JavaFX Application Thread] DEBUG GameScene            - Added MainViewComponent
12:48:15.646 [JavaFX Application Thread] DEBUG GameScene            - Entity added to scene
12:48:15.646 [JavaFX Application Thread] DEBUG GameScene            - Added MainViewComponent
12:48:15.646 [JavaFX Application Thread] DEBUG GameScene            - Entity added to scene
12:48:15.646 [JavaFX Application Thread] DEBUG GameScene            - Added MainViewComponent
12:48:15.646 [JavaFX Application Thread] DEBUG GameScene            - Entity added to scene
12:48:15.646 [JavaFX Application Thread] DEBUG GameScene            - Added MainViewComponent
12:48:15.647 [JavaFX Application Thread] DEBUG GameScene            - Entity added to scene
12:48:15.647 [JavaFX Application Thread] DEBUG GameScene            - Added MainViewComponent
12:48:15.647 [JavaFX Application Thread] DEBUG GameScene            - Entity added to scene
12:48:15.647 [JavaFX Application Thread] DEBUG GameScene            - Added MainViewComponent
12:48:15.647 [JavaFX Application Thread] DEBUG GameScene            - Entity added to scene
12:48:15.647 [JavaFX Application Thread] DEBUG GameScene            - Added MainViewComponent
12:48:15.647 [JavaFX Application Thread] DEBUG GameScene            - Entity added to scene
12:48:15.647 [JavaFX Application Thread] DEBUG GameScene            - Added MainViewComponent
12:48:15.648 [JavaFX Application Thread] DEBUG GameScene            - Entity added to scene
12:48:15.648 [JavaFX Application Thread] DEBUG GameScene            - Added MainViewComponent
12:48:15.648 [JavaFX Application Thread] DEBUG GameScene            - Entity added to scene
12:48:15.648 [JavaFX Application Thread] DEBUG GameScene            - Added MainViewComponent
12:48:15.648 [JavaFX Application Thread] DEBUG GameScene            - Entity added to scene
12:48:15.648 [JavaFX Application Thread] DEBUG GameScene            - Added MainViewComponent
12:48:15.648 [JavaFX Application Thread] DEBUG GameScene            - Entity added to scene
12:48:15.648 [JavaFX Application Thread] DEBUG GameScene            - Added MainViewComponent
12:48:15.649 [JavaFX Application Thread] DEBUG GameScene            - Entity added to scene
12:48:15.649 [JavaFX Application Thread] DEBUG GameScene            - Added MainViewComponent
12:48:15.649 [JavaFX Application Thread] DEBUG GameScene            - Entity added to scene
12:48:15.649 [JavaFX Application Thread] DEBUG GameScene            - Added MainViewComponent
12:48:15.649 [JavaFX Application Thread] DEBUG GameScene            - Entity added to scene
12:48:15.649 [JavaFX Application Thread] DEBUG GameScene            - Added MainViewComponent
12:48:15.649 [JavaFX Application Thread] DEBUG GameScene            - Entity added to scene
12:48:15.649 [JavaFX Application Thread] DEBUG GameScene            - Added MainViewComponent
12:48:15.650 [JavaFX Application Thread] DEBUG GameScene            - Entity added to scene
12:48:15.650 [JavaFX Application Thread] DEBUG GameScene            - Added MainViewComponent
12:48:15.650 [JavaFX Application Thread] DEBUG GameScene            - Entity added to scene
12:48:15.650 [JavaFX Application Thread] DEBUG GameScene            - Added MainViewComponent
12:48:15.650 [JavaFX Application Thread] DEBUG GameScene            - Entity added to scene
12:48:15.650 [JavaFX Application Thread] DEBUG GameScene            - Added MainViewComponent
12:48:15.650 [JavaFX Application Thread] DEBUG GameScene            - Entity added to scene
12:48:15.651 [JavaFX Application Thread] DEBUG GameScene            - Added MainViewComponent
12:48:15.651 [JavaFX Application Thread] DEBUG GameScene            - Entity added to scene
12:48:15.651 [JavaFX Application Thread] DEBUG GameScene            - Added MainViewComponent
12:48:15.651 [JavaFX Application Thread] DEBUG GameScene            - Entity added to scene
12:48:15.651 [JavaFX Application Thread] DEBUG GameScene            - Added MainViewComponent
12:48:15.651 [JavaFX Application Thread] DEBUG GameScene            - Entity added to scene
12:48:15.651 [JavaFX Application Thread] DEBUG GameScene            - Added MainViewComponent
12:48:15.652 [JavaFX Application Thread] DEBUG GameScene            - Entity added to scene
12:48:15.652 [JavaFX Application Thread] DEBUG GameScene            - Added MainViewComponent
12:48:15.652 [JavaFX Application Thread] DEBUG GameScene            - Entity added to scene
12:48:15.652 [JavaFX Application Thread] DEBUG GameScene            - Added MainViewComponent
12:48:15.652 [JavaFX Application Thread] DEBUG GameScene            - Entity added to scene
12:48:15.652 [JavaFX Application Thread] DEBUG GameScene            - Added MainViewComponent
12:48:15.652 [JavaFX Application Thread] DEBUG GameScene            - Entity added to scene
12:48:15.652 [JavaFX Application Thread] DEBUG GameScene            - Added MainViewComponent
12:48:15.653 [JavaFX Application Thread] DEBUG GameScene            - Entity added to scene
12:48:15.653 [JavaFX Application Thread] DEBUG GameScene            - Added MainViewComponent
12:48:15.653 [JavaFX Application Thread] DEBUG GameScene            - Entity added to scene
12:48:15.653 [JavaFX Application Thread] DEBUG GameScene            - Added MainViewComponent
12:48:15.653 [JavaFX Application Thread] DEBUG GameScene            - Entity added to scene
12:48:15.653 [JavaFX Application Thread] DEBUG GameScene            - Added MainViewComponent
12:48:15.653 [JavaFX Application Thread] DEBUG GameScene            - Entity added to scene
12:48:15.653 [JavaFX Application Thread] DEBUG GameScene            - Added MainViewComponent
12:48:15.653 [JavaFX Application Thread] DEBUG GameScene            - Entity added to scene
12:48:15.654 [JavaFX Application Thread] DEBUG GameScene            - Added MainViewComponent
12:48:15.654 [JavaFX Application Thread] DEBUG GameScene            - Entity added to scene
12:48:15.654 [JavaFX Application Thread] DEBUG GameScene            - Added MainViewComponent
12:48:15.806 [JavaFX Application Thread] DEBUG FXGLAssetLoader      - Loading from cache: /assets/textures/Ground0.png
12:48:15.807 [JavaFX Application Thread] DEBUG FXGLAssetLoader      - Loading from cache: /assets/textures/Ground0.png
12:48:15.807 [JavaFX Application Thread] DEBUG FXGLAssetLoader      - Loading from cache: /assets/textures/Ground0.png
12:48:15.807 [JavaFX Application Thread] DEBUG FXGLAssetLoader      - Loading from cache: /assets/textures/Ground0.png
12:48:15.808 [JavaFX Application Thread] DEBUG FXGLAssetLoader      - Loading from cache: /assets/textures/Ground0.png
12:48:15.808 [JavaFX Application Thread] DEBUG FXGLAssetLoader      - Loading from cache: /assets/textures/Ground0.png
12:48:15.809 [JavaFX Application Thread] DEBUG FXGLAssetLoader      - Loading from cache: /assets/textures/Ground0.png
12:48:15.809 [JavaFX Application Thread] DEBUG FXGLAssetLoader      - Loading from cache: /assets/textures/Ground0.png
12:48:15.809 [JavaFX Application Thread] DEBUG FXGLAssetLoader      - Loading from cache: /assets/textures/Ground0.png
12:48:15.810 [JavaFX Application Thread] DEBUG FXGLAssetLoader      - Loading from cache: /assets/textures/Ground0.png
12:48:15.810 [JavaFX Application Thread] DEBUG FXGLAssetLoader      - Loading from cache: /assets/textures/Ground0.png
12:48:15.811 [JavaFX Application Thread] DEBUG FXGLAssetLoader      - Loading from cache: /assets/textures/Ground0.png
12:48:15.813 [JavaFX Application Thread] DEBUG GameScene            - Entity added to scene
12:48:15.813 [JavaFX Application Thread] DEBUG GameScene            - Added MainViewComponent
12:48:15.813 [JavaFX Application Thread] DEBUG GameScene            - Entity added to scene
12:48:15.813 [JavaFX Application Thread] DEBUG GameScene            - Added MainViewComponent
12:48:15.813 [JavaFX Application Thread] DEBUG GameScene            - Entity added to scene
12:48:15.813 [JavaFX Application Thread] DEBUG GameScene            - Added MainViewComponent
12:48:15.814 [JavaFX Application Thread] DEBUG GameScene            - Entity added to scene
12:48:15.814 [JavaFX Application Thread] DEBUG GameScene            - Added MainViewComponent
12:48:15.814 [JavaFX Application Thread] DEBUG GameScene            - Entity added to scene
12:48:15.814 [JavaFX Application Thread] DEBUG GameScene            - Added MainViewComponent
12:48:15.814 [JavaFX Application Thread] DEBUG GameScene            - Entity added to scene
12:48:15.814 [JavaFX Application Thread] DEBUG GameScene            - Added MainViewComponent
12:48:15.814 [JavaFX Application Thread] DEBUG GameScene            - Entity added to scene
12:48:15.814 [JavaFX Application Thread] DEBUG GameScene            - Added MainViewComponent
12:48:15.814 [JavaFX Application Thread] DEBUG GameScene            - Entity added to scene
12:48:15.814 [JavaFX Application Thread] DEBUG GameScene            - Added MainViewComponent
12:48:15.815 [JavaFX Application Thread] DEBUG GameScene            - Entity added to scene
12:48:15.815 [JavaFX Application Thread] DEBUG GameScene            - Added MainViewComponent
12:48:15.815 [JavaFX Application Thread] DEBUG GameScene            - Entity added to scene
12:48:15.815 [JavaFX Application Thread] DEBUG GameScene            - Added MainViewComponent
12:48:15.815 [JavaFX Application Thread] DEBUG GameScene            - Entity added to scene
12:48:15.815 [JavaFX Application Thread] DEBUG GameScene            - Added MainViewComponent
12:48:15.815 [JavaFX Application Thread] DEBUG GameScene            - Entity added to scene
12:48:15.815 [JavaFX Application Thread] DEBUG GameScene            - Added MainViewComponent
12:48:16.078 [JavaFX Application Thread] DEBUG FXGLAssetLoader      - Loading from cache: /assets/textures/Ground0.png
12:48:16.079 [JavaFX Application Thread] DEBUG FXGLAssetLoader      - Loading from cache: /assets/textures/Ground0.png
12:48:16.080 [JavaFX Application Thread] DEBUG FXGLAssetLoader      - Loading from cache: /assets/textures/Ground0.png
12:48:16.081 [JavaFX Application Thread] DEBUG FXGLAssetLoader      - Loading from disk: /assets/textures/Ground2.png
12:48:16.084 [JavaFX Application Thread] DEBUG FXGLAssetLoader      - Loading from cache: /assets/textures/Ground0.png
12:48:16.085 [JavaFX Application Thread] DEBUG FXGLAssetLoader      - Loading from cache: /assets/textures/Ground0.png
12:48:16.086 [JavaFX Application Thread] DEBUG FXGLAssetLoader      - Loading from cache: /assets/textures/Ground2.png
12:48:16.087 [JavaFX Application Thread] DEBUG FXGLAssetLoader      - Loading from cache: /assets/textures/Ground1.png
12:48:16.088 [JavaFX Application Thread] DEBUG FXGLAssetLoader      - Loading from cache: /assets/textures/Ground0.png
12:48:16.088 [JavaFX Application Thread] DEBUG FXGLAssetLoader      - Loading from cache: /assets/textures/Ground0.png
12:48:16.089 [JavaFX Application Thread] DEBUG FXGLAssetLoader      - Loading from cache: /assets/textures/Ground0.png
12:48:16.090 [JavaFX Application Thread] DEBUG FXGLAssetLoader      - Loading from cache: /assets/textures/Ground0.png
12:48:16.092 [JavaFX Application Thread] DEBUG GameScene            - Entity added to scene
12:48:16.092 [JavaFX Application Thread] DEBUG GameScene            - Added MainViewComponent
12:48:16.092 [JavaFX Application Thread] DEBUG GameScene            - Entity added to scene
12:48:16.092 [JavaFX Application Thread] DEBUG GameScene            - Added MainViewComponent
12:48:16.093 [JavaFX Application Thread] DEBUG GameScene            - Entity added to scene
12:48:16.093 [JavaFX Application Thread] DEBUG GameScene            - Added MainViewComponent
12:48:16.093 [JavaFX Application Thread] DEBUG GameScene            - Entity added to scene
12:48:16.093 [JavaFX Application Thread] DEBUG GameScene            - Added MainViewComponent
12:48:16.094 [JavaFX Application Thread] DEBUG GameScene            - Entity added to scene
12:48:16.094 [JavaFX Application Thread] DEBUG GameScene            - Added MainViewComponent
12:48:16.094 [JavaFX Application Thread] DEBUG GameScene            - Entity added to scene
12:48:16.094 [JavaFX Application Thread] DEBUG GameScene            - Added MainViewComponent
12:48:16.095 [JavaFX Application Thread] DEBUG GameScene            - Entity added to scene
12:48:16.095 [JavaFX Application Thread] DEBUG GameScene            - Added MainViewComponent
12:48:16.095 [JavaFX Application Thread] DEBUG GameScene            - Entity added to scene
12:48:16.095 [JavaFX Application Thread] DEBUG GameScene            - Added MainViewComponent
12:48:16.096 [JavaFX Application Thread] DEBUG GameScene            - Entity added to scene
12:48:16.096 [JavaFX Application Thread] DEBUG GameScene            - Added MainViewComponent
12:48:16.096 [JavaFX Application Thread] DEBUG GameScene            - Entity added to scene
12:48:16.096 [JavaFX Application Thread] DEBUG GameScene            - Added MainViewComponent
12:48:16.096 [JavaFX Application Thread] DEBUG GameScene            - Entity added to scene
12:48:16.097 [JavaFX Application Thread] DEBUG GameScene            - Added MainViewComponent
12:48:16.097 [JavaFX Application Thread] DEBUG GameScene            - Entity added to scene
12:48:16.097 [JavaFX Application Thread] DEBUG GameScene            - Added MainViewComponent
12:48:16.202 [JavaFX Application Thread] DEBUG FXGLAssetLoader      - Loading from cache: /assets/textures/Ground0.png
12:48:16.202 [JavaFX Application Thread] DEBUG FXGLAssetLoader      - Loading from cache: /assets/textures/Ground0.png
12:48:16.203 [JavaFX Application Thread] DEBUG FXGLAssetLoader      - Loading from cache: /assets/textures/Ground0.png
12:48:16.203 [JavaFX Application Thread] DEBUG FXGLAssetLoader      - Loading from cache: /assets/textures/Ground0.png
12:48:16.204 [JavaFX Application Thread] DEBUG FXGLAssetLoader      - Loading from cache: /assets/textures/Ground0.png
12:48:16.204 [JavaFX Application Thread] DEBUG FXGLAssetLoader      - Loading from cache: /assets/textures/Ground0.png
12:48:16.204 [JavaFX Application Thread] DEBUG FXGLAssetLoader      - Loading from cache: /assets/textures/Ground0.png
12:48:16.205 [JavaFX Application Thread] DEBUG FXGLAssetLoader      - Loading from cache: /assets/textures/Ground0.png
12:48:16.205 [JavaFX Application Thread] DEBUG FXGLAssetLoader      - Loading from cache: /assets/textures/Ground0.png
12:48:16.206 [JavaFX Application Thread] DEBUG FXGLAssetLoader      - Loading from cache: /assets/textures/Ground0.png
12:48:16.206 [JavaFX Application Thread] DEBUG FXGLAssetLoader      - Loading from cache: /assets/textures/Ground0.png
12:48:16.206 [JavaFX Application Thread] DEBUG FXGLAssetLoader      - Loading from cache: /assets/textures/Ground0.png
12:48:16.208 [JavaFX Application Thread] DEBUG GameScene            - Entity added to scene
12:48:16.209 [JavaFX Application Thread] DEBUG GameScene            - Added MainViewComponent
12:48:16.209 [JavaFX Application Thread] DEBUG GameScene            - Entity added to scene
12:48:16.209 [JavaFX Application Thread] DEBUG GameScene            - Added MainViewComponent
12:48:16.209 [JavaFX Application Thread] DEBUG GameScene            - Entity added to scene
12:48:16.209 [JavaFX Application Thread] DEBUG GameScene            - Added MainViewComponent
12:48:16.210 [JavaFX Application Thread] DEBUG GameScene            - Entity added to scene
12:48:16.210 [JavaFX Application Thread] DEBUG GameScene            - Added MainViewComponent
12:48:16.210 [JavaFX Application Thread] DEBUG GameScene            - Entity added to scene
12:48:16.210 [JavaFX Application Thread] DEBUG GameScene            - Added MainViewComponent
12:48:16.210 [JavaFX Application Thread] DEBUG GameScene            - Entity added to scene
12:48:16.210 [JavaFX Application Thread] DEBUG GameScene            - Added MainViewComponent
12:48:16.210 [JavaFX Application Thread] DEBUG GameScene            - Entity added to scene
12:48:16.210 [JavaFX Application Thread] DEBUG GameScene            - Added MainViewComponent
12:48:16.211 [JavaFX Application Thread] DEBUG GameScene            - Entity added to scene
12:48:16.211 [JavaFX Application Thread] DEBUG GameScene            - Added MainViewComponent
12:48:16.211 [JavaFX Application Thread] DEBUG GameScene            - Entity added to scene
12:48:16.211 [JavaFX Application Thread] DEBUG GameScene            - Added MainViewComponent
12:48:16.211 [JavaFX Application Thread] DEBUG GameScene            - Entity added to scene
12:48:16.211 [JavaFX Application Thread] DEBUG GameScene            - Added MainViewComponent
12:48:16.211 [JavaFX Application Thread] DEBUG GameScene            - Entity added to scene
12:48:16.211 [JavaFX Application Thread] DEBUG GameScene            - Added MainViewComponent
12:48:16.211 [JavaFX Application Thread] DEBUG GameScene            - Entity added to scene
12:48:16.211 [JavaFX Application Thread] DEBUG GameScene            - Added MainViewComponent
12:48:16.299 [JavaFX Application Thread] DEBUG FXGLAssetLoader      - Loading from cache: /assets/textures/Ground0.png
12:48:16.299 [JavaFX Application Thread] DEBUG FXGLAssetLoader      - Loading from cache: /assets/textures/Ground0.png
12:48:16.299 [JavaFX Application Thread] DEBUG FXGLAssetLoader      - Loading from cache: /assets/textures/Ground0.png
12:48:16.300 [JavaFX Application Thread] DEBUG FXGLAssetLoader      - Loading from cache: /assets/textures/Ground0.png
12:48:16.300 [JavaFX Application Thread] DEBUG FXGLAssetLoader      - Loading from cache: /assets/textures/Ground0.png
12:48:16.300 [JavaFX Application Thread] DEBUG FXGLAssetLoader      - Loading from cache: /assets/textures/Ground0.png
12:48:16.301 [JavaFX Application Thread] DEBUG FXGLAssetLoader      - Loading from cache: /assets/textures/Ground0.png
12:48:16.301 [JavaFX Application Thread] DEBUG FXGLAssetLoader      - Loading from cache: /assets/textures/Ground0.png
12:48:16.301 [JavaFX Application Thread] DEBUG FXGLAssetLoader      - Loading from cache: /assets/textures/Ground0.png
12:48:16.302 [JavaFX Application Thread] DEBUG FXGLAssetLoader      - Loading from cache: /assets/textures/Ground0.png
12:48:16.302 [JavaFX Application Thread] DEBUG FXGLAssetLoader      - Loading from cache: /assets/textures/Ground0.png
12:48:16.303 [JavaFX Application Thread] DEBUG FXGLAssetLoader      - Loading from cache: /assets/textures/Ground0.png
12:48:16.306 [JavaFX Application Thread] DEBUG GameScene            - Entity added to scene
12:48:16.306 [JavaFX Application Thread] DEBUG GameScene            - Added MainViewComponent
12:48:16.306 [JavaFX Application Thread] DEBUG GameScene            - Entity added to scene
12:48:16.306 [JavaFX Application Thread] DEBUG GameScene            - Added MainViewComponent
12:48:16.306 [JavaFX Application Thread] DEBUG GameScene            - Entity added to scene
12:48:16.306 [JavaFX Application Thread] DEBUG GameScene            - Added MainViewComponent
12:48:16.306 [JavaFX Application Thread] DEBUG GameScene            - Entity added to scene
12:48:16.306 [JavaFX Application Thread] DEBUG GameScene            - Added MainViewComponent
12:48:16.307 [JavaFX Application Thread] DEBUG GameScene            - Entity added to scene
12:48:16.307 [JavaFX Application Thread] DEBUG GameScene            - Added MainViewComponent
12:48:16.307 [JavaFX Application Thread] DEBUG GameScene            - Entity added to scene
12:48:16.307 [JavaFX Application Thread] DEBUG GameScene            - Added MainViewComponent
12:48:16.307 [JavaFX Application Thread] DEBUG GameScene            - Entity added to scene
12:48:16.307 [JavaFX Application Thread] DEBUG GameScene            - Added MainViewComponent
12:48:16.307 [JavaFX Application Thread] DEBUG GameScene            - Entity added to scene
12:48:16.307 [JavaFX Application Thread] DEBUG GameScene            - Added MainViewComponent
12:48:16.307 [JavaFX Application Thread] DEBUG GameScene            - Entity added to scene
12:48:16.307 [JavaFX Application Thread] DEBUG GameScene            - Added MainViewComponent
12:48:16.307 [JavaFX Application Thread] DEBUG GameScene            - Entity added to scene
12:48:16.308 [JavaFX Application Thread] DEBUG GameScene            - Added MainViewComponent
12:48:16.308 [JavaFX Application Thread] DEBUG GameScene            - Entity added to scene
12:48:16.308 [JavaFX Application Thread] DEBUG GameScene            - Added MainViewComponent
12:48:16.308 [JavaFX Application Thread] DEBUG GameScene            - Entity added to scene
12:48:16.308 [JavaFX Application Thread] DEBUG GameScene            - Added MainViewComponent
12:48:20.099 [JavaFX Application Thread] DEBUG FXGLEventBus         - Firing event: DisplayEvent[type=CLOSE_REQUEST]
12:48:20.100 [JavaFX Application Thread] DEBUG FXGLEventBus         - Firing event: FXGLEvent[type=EXIT]
12:48:20.102 [JavaFX Application Thread] DEBUG FXGL                 - Saving FXGL system data
12:48:20.103 [JavaFX Application Thread] DEBUG IOTask               - Executing task: writeDataTask(system/fxgl.bundle)
12:48:20.104 [JavaFX Application Thread] DEBUG FS                   - Writing to: system\fxgl.bundle
12:48:20.107 [JavaFX Application Thread] DEBUG IOTask               - Task succeeded: writeDataTask(system/fxgl.bundle)
