12:35:29.228 [FXGL Launcher Thread     ] DEBUG FXGLLoggerFactory    - Service [LoggerFactory] initialized
12:35:29.234 [FXGL Launcher Thread     ] DEBUG FXGL                 - FXGL configuration complete
12:35:29.234 [FXGL Launcher Thread     ] DEBUG FXGL                 - Loading FXGL system data
12:35:29.236 [FXGL Launcher Thread     ] DEBUG IOTask               - Executing task: readDataTask(system/fxgl.bundle)
12:35:29.241 [FXGL Launcher Thread     ] DEBUG FS                   - Reading from: system\fxgl.bundle
12:35:29.248 [FXGL Launcher Thread     ] DEBUG IOTask               - Task succeeded: readDataTask(system/fxgl.bundle)
12:35:29.248 [FXGL Launcher Thread     ] DEBUG Bundle               - Logging bundle: FXGL
12:35:29.249 [FXGL Launcher Thread     ] DEBUG Bundle               - FXGL.offline.timer.version.check=2017-01-12T08:38:28.585
12:35:29.254 [FXGL Launcher Thread     ] DEBUG GameApplication      - Configuring GameApplication
12:35:29.258 [FXGL Launcher Thread     ] DEBUG FXGLExceptionHandler - Service [ExceptionHandler] initialized
12:35:29.258 [FXGL Launcher Thread     ] DEBUG FXGLEventBus         - Service [EventBus] initialized
12:35:29.262 [FXGL Launcher Thread     ] DEBUG FXGLExecutor         - Service [Executor] initialized
12:35:29.262 [FXGL Launcher Thread     ] DEBUG PreInitTask          - Injecting gameWorld & physicsWorld
12:35:29.267 [FXGL Launcher Thread     ] DEBUG GameWorld            - Game world initialized
12:35:29.305 [FXGL Launcher Thread     ] DEBUG FXGLPooler           - Service [Pooler] initialized with default size = 128
12:35:29.305 [FXGL Launcher Thread     ] DEBUG PhysicsWorld         - Physics world initialized: appHeight=700.0, physics.ppm=50.0
12:35:29.306 [FXGL Launcher Thread     ] DEBUG FXGLInput            - Service [Input] initialized
12:35:29.324 [FXGL Launcher Thread     ] DEBUG FXGLInput            - Registered new binding: Screenshot - P
12:35:29.324 [FXGL Launcher Thread     ] DEBUG FXGLInput            - Registered new binding: Dev Options - CTRL+0
12:35:29.324 [FXGL Launcher Thread     ] DEBUG FXGLInput            - Registered new binding: Move Up - W
12:35:29.324 [FXGL Launcher Thread     ] DEBUG FXGLInput            - Registered new binding: Move Right - A
12:35:29.324 [FXGL Launcher Thread     ] DEBUG FXGLInput            - Registered new binding: Move Left - D
12:35:29.324 [FXGL Launcher Thread     ] DEBUG FXGLInput            - Registered new binding: Move Down - S
12:35:29.354 [FXGL Launcher Thread     ] DEBUG GameScene            - Game scene initialized: 800.0x700.0
12:35:29.362 [FXGL Launcher Thread     ] DEBUG FXGLAssetLoader      - Service [AssetLoader] initialized: cacheSize=35
12:35:29.368 [FXGL Launcher Thread     ] DEBUG FXGLAssetLoader      - Loading from disk: /assets/sounds/system/notification.wav
12:35:29.407 [FXGL Launcher Thread     ] DEBUG FXGLAssetLoader      - Loading from disk: /assets/sounds/menu/select.wav
12:35:29.410 [FXGL Launcher Thread     ] DEBUG FXGLAssetLoader      - Loading from disk: /assets/sounds/menu/back.wav
12:35:29.412 [FXGL Launcher Thread     ] DEBUG FXGLAssetLoader      - Loading from disk: /assets/sounds/menu/press.wav
12:35:29.414 [FXGL Launcher Thread     ] DEBUG FXGLAssetLoader      - Loading from disk: /assets/ui/fonts/Copperplate_Gothic_Light_Regular.ttf
12:35:29.524 [FXGL Launcher Thread     ] DEBUG FXGLAssetLoader      - Loading from disk: /assets/ui/css/fxgl.css
12:35:29.524 [FXGL Launcher Thread     ] DEBUG FXGLAssetLoader      - Loading from disk: /assets/ui/icons/fxgl_icon.png
12:35:29.556 [FXGL Launcher Thread     ] DEBUG FXGLAssetLoader      - Loading from disk: /assets/ui/css/fxgl_dark.css
12:35:29.569 [FXGL Launcher Thread     ] DEBUG FXGLDisplay          - Target size: DoubleProperty [value: 800.0] x DoubleProperty [value: 700.0] @ 1.0
12:35:29.569 [FXGL Launcher Thread     ] DEBUG FXGLDisplay          - New size:    800.0 x 700.0 @ DoubleProperty [value: 1.0]
12:35:29.569 [FXGL Launcher Thread     ] DEBUG FXGLDisplay          - Service [Display] initialized
12:35:29.569 [FXGL Launcher Thread     ] DEBUG FXGLDisplay          - Using CSS: CSS(externalForm=jar:file:/C:/Users/Vic%20Spet/Documents/NetBeansProjects/MotherLoadProject/MotherLoad/lib/fxgl-0.2.9-uber.jar!/assets/ui/css/fxgl_dark.css)
12:35:29.570 [FXGL Launcher Thread     ] DEBUG InitScenesTask       - Injecting loadingScene & gameScene
12:35:29.593 [FXGL Launcher Thread     ] DEBUG FXGLMasterTimer      - Service [MasterTimer] initialized
12:35:29.596 [FXGL Launcher Thread     ] DEBUG FXGLAudioPlayer      - Service [AudioPlayer] initialized
12:35:29.604 [FXGL Launcher Thread     ] DEBUG InitProfilerTask     - Injecting profiler
12:35:29.605 [FXGL Launcher Thread     ] DEBUG GameApplication      - Starting new game
12:35:29.606 [FXGL Launcher Thread     ] DEBUG GameApplication      - Initializing App
12:35:29.608 [FXGL Launcher Thread     ] DEBUG FXGLInput            - Clearing active input actions
12:35:29.608 [FXGL Launcher Thread     ] DEBUG FXGLMasterTimer      - Stopping master timer
12:35:29.608 [FXGL Launcher Thread     ] DEBUG GameApplication      - State: STARTUP -> PAUSED
12:35:29.609 [FXGL Launcher Thread     ] DEBUG FXGLEventBus         - Firing event: FXGLEvent[type=PAUSE]
12:35:29.610 [FXGL Launcher Thread     ] DEBUG FXGLInput            - Clearing active input actions
12:35:29.611 [FXGL Launcher Thread     ] DEBUG FXGLMasterTimer      - Resetting ticks and clearing all actions
12:35:29.611 [FXGL Launcher Thread     ] DEBUG GameWorld            - Resetting game world
12:35:29.611 [FXGL Launcher Thread     ] TRACE EntityWorld          - Resetting entity world
12:35:29.612 [FXGL Launcher Thread     ] DEBUG PhysicsWorld         - Resetting physics world
12:35:29.612 [FXGL Launcher Thread     ] DEBUG GameScene            - Resetting game scene
12:35:29.612 [FXGL Launcher Thread     ] DEBUG FXGLEventBus         - Firing event: FXGLEvent[type=RESET]
12:35:29.665 [FXGL Launcher Thread     ] DEBUG GameApplication      - State: PAUSED -> LOADING
12:35:29.695 [FXGL Background Thread 1 ] DEBUG InitAppTask          - Initializing Assets
12:35:29.695 [FXGL Background Thread 1 ] DEBUG InitAppTask          - Initializing Game
12:35:29.712 [FXGL Background Thread 1 ] DEBUG FXGLAssetLoader      - Loading from disk: /assets/textures/PlayerLeft.png
12:35:29.728 [FXGL Background Thread 1 ] DEBUG FXGLAssetLoader      - Loading from disk: /assets/textures/Ground1.png
12:35:29.732 [FXGL Background Thread 1 ] DEBUG InitAppTask          - Initializing Physics
12:35:29.733 [FXGL Background Thread 1 ] DEBUG InitAppTask          - Initializing UI
12:35:29.733 [FXGL Background Thread 1 ] DEBUG FXGLAssetLoader      - Loading from disk: /assets/textures/Background.png
12:35:29.759 [JavaFX Application Thread] DEBUG FXGLDisplay          - Showing stage
12:35:29.760 [JavaFX Application Thread] DEBUG FXGLDisplay          - Root size: 800.0x700.0
12:35:29.761 [JavaFX Application Thread] DEBUG FXGLDisplay          - Scene size: 800.0x700.0
12:35:29.761 [JavaFX Application Thread] DEBUG FXGLDisplay          - Stage size: 818.0x747.0
12:35:29.772 [FXGL Background Thread 1 ] DEBUG GameScene            - Creating render group for layer: TOP(2147483647)
12:35:29.773 [FXGL Background Thread 1 ] DEBUG InitAppTask          - Initialization Complete
12:35:29.830 [JavaFX Application Thread] DEBUG FXGLInput            - Clearing active input actions
12:35:29.831 [JavaFX Application Thread] DEBUG FXGLMasterTimer      - Starting master timer
12:35:29.831 [JavaFX Application Thread] DEBUG GameApplication      - State: LOADING -> PLAYING
12:35:29.836 [JavaFX Application Thread] DEBUG FXGLEventBus         - Firing event: FXGLEvent[type=RESUME]
12:35:29.838 [JavaFX Application Thread] DEBUG GameScene            - Entity added to scene
12:35:29.839 [JavaFX Application Thread] DEBUG GameScene            - Added MainViewComponent
12:35:29.841 [JavaFX Application Thread] DEBUG GameScene            - Entity added to scene
12:35:29.841 [JavaFX Application Thread] DEBUG GameScene            - Added MainViewComponent
12:35:37.279 [JavaFX Application Thread] DEBUG FXGLEventBus         - Firing event: DisplayEvent[type=CLOSE_REQUEST]
12:35:37.280 [JavaFX Application Thread] DEBUG FXGLEventBus         - Firing event: FXGLEvent[type=EXIT]
12:35:37.283 [JavaFX Application Thread] DEBUG FXGL                 - Saving FXGL system data
12:35:37.284 [JavaFX Application Thread] DEBUG IOTask               - Executing task: writeDataTask(system/fxgl.bundle)
12:35:37.285 [JavaFX Application Thread] DEBUG FS                   - Writing to: system\fxgl.bundle
12:35:37.288 [JavaFX Application Thread] DEBUG IOTask               - Task succeeded: writeDataTask(system/fxgl.bundle)
