22:05:05.330 [FXGL Launcher Thread     ] DEBUG FXGLLoggerFactory    - Service [LoggerFactory] initialized
22:05:05.334 [FXGL Launcher Thread     ] DEBUG FXGL                 - FXGL configuration complete
22:05:05.334 [FXGL Launcher Thread     ] DEBUG FXGL                 - Loading FXGL system data
22:05:05.336 [FXGL Launcher Thread     ] DEBUG IOTask               - Executing task: readDataTask(system/fxgl.bundle)
22:05:05.339 [FXGL Launcher Thread     ] DEBUG FS                   - Reading from: system\fxgl.bundle
22:05:05.345 [FXGL Launcher Thread     ] DEBUG IOTask               - Task succeeded: readDataTask(system/fxgl.bundle)
22:05:05.345 [FXGL Launcher Thread     ] DEBUG Bundle               - Logging bundle: FXGL
22:05:05.346 [FXGL Launcher Thread     ] DEBUG Bundle               - FXGL.offline.timer.version.check=2017-01-12T08:38:28.585
22:05:05.370 [FXGL Launcher Thread     ] DEBUG GameApplication      - Configuring GameApplication
22:05:05.381 [FXGL Launcher Thread     ] DEBUG FXGLExceptionHandler - Service [ExceptionHandler] initialized
22:05:05.383 [FXGL Launcher Thread     ] DEBUG FXGLEventBus         - Service [EventBus] initialized
22:05:05.392 [FXGL Launcher Thread     ] DEBUG FXGLExecutor         - Service [Executor] initialized
22:05:05.392 [FXGL Launcher Thread     ] DEBUG PreInitTask          - Injecting gameWorld & physicsWorld
22:05:05.411 [FXGL Launcher Thread     ] DEBUG GameWorld            - Game world initialized
22:05:05.469 [FXGL Launcher Thread     ] DEBUG FXGLPooler           - Service [Pooler] initialized with default size = 128
22:05:05.470 [FXGL Launcher Thread     ] DEBUG PhysicsWorld         - Physics world initialized: appHeight=700.0, physics.ppm=50.0
22:05:05.471 [FXGL Launcher Thread     ] DEBUG FXGLInput            - Service [Input] initialized
22:05:05.490 [FXGL Launcher Thread     ] DEBUG FXGLInput            - Registered new binding: Screenshot - P
22:05:05.490 [FXGL Launcher Thread     ] DEBUG FXGLInput            - Registered new binding: Dev Options - CTRL+0
22:05:05.491 [FXGL Launcher Thread     ] DEBUG FXGLInput            - Registered new binding: Move With Mouse - PRIMARY
22:05:05.491 [FXGL Launcher Thread     ] DEBUG FXGLInput            - Registered new binding: Move up - W
22:05:05.492 [FXGL Launcher Thread     ] DEBUG FXGLInput            - Registered new binding: Open Fuel Shop - 1
22:05:05.492 [FXGL Launcher Thread     ] DEBUG FXGLInput            - Registered new binding: Open Sell - 2
22:05:05.515 [FXGL Launcher Thread     ] DEBUG GameScene            - Game scene initialized: 800.0x700.0
22:05:05.520 [FXGL Launcher Thread     ] DEBUG FXGLAssetLoader      - Service [AssetLoader] initialized: cacheSize=35
22:05:05.522 [FXGL Launcher Thread     ] DEBUG FXGLAssetLoader      - Loading from disk: /assets/sounds/system/notification.wav
22:05:05.557 [FXGL Launcher Thread     ] DEBUG FXGLAssetLoader      - Loading from disk: /assets/sounds/menu/select.wav
22:05:05.559 [FXGL Launcher Thread     ] DEBUG FXGLAssetLoader      - Loading from disk: /assets/sounds/menu/back.wav
22:05:05.561 [FXGL Launcher Thread     ] DEBUG FXGLAssetLoader      - Loading from disk: /assets/sounds/menu/press.wav
22:05:05.565 [FXGL Launcher Thread     ] DEBUG FXGLAssetLoader      - Loading from disk: /assets/ui/fonts/Copperplate_Gothic_Light_Regular.ttf
22:05:05.664 [FXGL Launcher Thread     ] DEBUG FXGLAssetLoader      - Loading from disk: /assets/ui/css/fxgl.css
22:05:05.664 [FXGL Launcher Thread     ] DEBUG FXGLAssetLoader      - Loading from disk: /assets/ui/icons/fxgl_icon.png
22:05:05.694 [FXGL Launcher Thread     ] DEBUG FXGLEventBus         - Firing event: SaveEvent
22:05:05.698 [FXGL Launcher Thread     ] DEBUG FXGLAssetLoader      - Loading from disk: /assets/textures/Menu Image.png
22:05:05.737 [FXGL Launcher Thread     ] DEBUG Menu                 - createMenuBodyMainMenu()
22:05:05.745 [FXGL Launcher Thread     ] DEBUG Menu                 - createOptionsMenu()
22:05:05.751 [FXGL Launcher Thread     ] DEBUG Menu                 - createExtraMenu()
22:05:05.756 [FXGL Launcher Thread     ] DEBUG FXGLAssetLoader      - Loading from cache: /assets/textures/Menu Image.png
22:05:05.757 [FXGL Launcher Thread     ] DEBUG Menu                 - createMenuBodyGameMenu()
22:05:05.759 [FXGL Launcher Thread     ] DEBUG Menu                 - createOptionsMenu()
22:05:05.760 [FXGL Launcher Thread     ] DEBUG Menu                 - createExtraMenu()
22:05:05.762 [FXGL Launcher Thread     ] DEBUG FXGLAssetLoader      - Loading from disk: /assets/ui/css/fxgl_dark.css
22:05:05.769 [FXGL Launcher Thread     ] DEBUG FXGLDisplay          - Target size: DoubleProperty [value: 800.0] x DoubleProperty [value: 700.0] @ 1.0
22:05:05.769 [FXGL Launcher Thread     ] DEBUG FXGLDisplay          - New size:    800.0 x 700.0 @ DoubleProperty [value: 1.0]
22:05:05.770 [FXGL Launcher Thread     ] DEBUG FXGLDisplay          - Service [Display] initialized
22:05:05.770 [FXGL Launcher Thread     ] DEBUG FXGLDisplay          - Using CSS: CSS(externalForm=jar:file:/C:/Users/Vic%20Spet/Documents/NetBeansProjects/MotherLoadProject/MotherLoad/lib/fxgl-0.2.9-uber.jar!/assets/ui/css/fxgl_dark.css)
22:05:05.770 [FXGL Launcher Thread     ] DEBUG InitScenesTask       - Injecting mainMenuScene & gameMenuScene
22:05:05.770 [FXGL Launcher Thread     ] DEBUG InitScenesTask       - Injecting loadingScene & gameScene
22:05:05.789 [FXGL Launcher Thread     ] DEBUG FXGLMasterTimer      - Service [MasterTimer] initialized
22:05:05.791 [FXGL Launcher Thread     ] DEBUG FXGLAudioPlayer      - Service [AudioPlayer] initialized
22:05:05.798 [FXGL Launcher Thread     ] DEBUG InitProfilerTask     - Injecting profiler
22:05:05.798 [FXGL Launcher Thread     ] DEBUG GameApplication      - State: STARTUP -> MAIN_MENU
22:05:05.833 [FXGL Launcher Thread     ] DEBUG SaveLoadManager      - Checking profiles dir: profiles/
22:05:05.834 [FXGL Launcher Thread     ] DEBUG SaveLoadManager      - Loading profile names
22:05:05.835 [FXGL Launcher Thread     ] DEBUG IOTask               - Showing dialog
22:05:05.842 [FXGL Launcher Thread     ] DEBUG FXGLEventBus         - Firing event: DisplayEvent[type=DIALOG_OPENED]
22:05:05.843 [FXGL Launcher Thread     ] DEBUG FXGLInput            - Clearing active input actions
22:05:05.845 [FXGL Background Thread 1 ] DEBUG IOTask               - Executing task: loadDirectoryNamesTask(./profiles/, false)
22:05:05.961 [JavaFX Application Thread] DEBUG FXGLDisplay          - Showing stage
22:05:05.961 [JavaFX Application Thread] DEBUG FXGLDisplay          - Root size: 800.0x700.0
22:05:05.961 [JavaFX Application Thread] DEBUG FXGLDisplay          - Scene size: 800.0x700.0
22:05:05.961 [JavaFX Application Thread] DEBUG FXGLDisplay          - Stage size: 818.0x747.0
22:05:06.058 [JavaFX Application Thread] DEBUG IOTask               - succeed(): Dismissing dialog
22:05:06.060 [JavaFX Application Thread] DEBUG FXGLEventBus         - Firing event: DisplayEvent[type=DIALOG_CLOSED]
22:05:06.060 [JavaFX Application Thread] DEBUG IOTask               - Task succeeded: loadDirectoryNamesTask(./profiles/, false)
22:05:06.063 [JavaFX Application Thread] DEBUG FXGLEventBus         - Firing event: DisplayEvent[type=DIALOG_OPENED]
22:05:06.063 [JavaFX Application Thread] DEBUG FXGLInput            - Clearing active input actions
22:05:06.626 [JavaFX Application Thread] DEBUG FXGLEventBus         - Firing event: DisplayEvent[type=DIALOG_CLOSED]
22:05:06.627 [JavaFX Application Thread] DEBUG SaveLoadManager      - Loading profile: Mack
22:05:06.628 [JavaFX Application Thread] DEBUG IOTask               - Showing dialog
22:05:06.630 [JavaFX Application Thread] DEBUG FXGLEventBus         - Firing event: DisplayEvent[type=DIALOG_OPENED]
22:05:06.630 [JavaFX Application Thread] DEBUG FXGLInput            - Clearing active input actions
22:05:06.630 [FXGL Background Thread 1 ] DEBUG IOTask               - Executing task: readDataTask(./profiles/Mack/user.profile)
22:05:06.630 [FXGL Background Thread 1 ] DEBUG FS                   - Reading from: .\profiles\Mack\user.profile
22:05:06.636 [JavaFX Application Thread] DEBUG IOTask               - succeed(): Dismissing dialog
22:05:06.636 [JavaFX Application Thread] DEBUG FXGLEventBus         - Firing event: DisplayEvent[type=DIALOG_CLOSED]
22:05:06.636 [JavaFX Application Thread] DEBUG IOTask               - Task succeeded: readDataTask(./profiles/Mack/user.profile)
22:05:06.637 [JavaFX Application Thread] DEBUG FXGLEventBus         - Firing event: LoadEvent[type=LOAD_PROFILE]
22:05:06.637 [JavaFX Application Thread] DEBUG FXGLInput            - Loading data from profile
22:05:06.637 [JavaFX Application Thread] DEBUG Bundle               - Logging bundle: input
22:05:06.637 [JavaFX Application Thread] DEBUG Bundle               - input.Open Fuel Shop=1
22:05:06.637 [JavaFX Application Thread] DEBUG Bundle               - input.Screenshot=H
22:05:06.637 [JavaFX Application Thread] DEBUG Bundle               - input.Dev Options=CTRL+0
22:05:06.637 [JavaFX Application Thread] DEBUG Bundle               - input.Move up=W
22:05:06.637 [JavaFX Application Thread] DEBUG Bundle               - input.Open Sell=2
22:05:06.637 [JavaFX Application Thread] DEBUG Bundle               - input.Move With Mouse=PRIMARY
22:05:06.638 [JavaFX Application Thread] DEBUG FXGLDisplay          - Loading data from profile
22:05:06.638 [JavaFX Application Thread] DEBUG Bundle               - Logging bundle: scene
22:05:06.638 [JavaFX Application Thread] DEBUG Bundle               - scene.sizeW=822.8571428571428
22:05:06.638 [JavaFX Application Thread] DEBUG Bundle               - scene.sizeH=720.0
22:05:06.638 [JavaFX Application Thread] DEBUG FXGLDisplay          - Target size: DoubleProperty [value: 822.8571428571428] x DoubleProperty [value: 720.0] @ 1.0
22:05:06.638 [JavaFX Application Thread] DEBUG FXGLDisplay          - New size:    822.8571428571428 x 720.0 @ DoubleProperty [value: 1.0285714285714285]
22:05:06.669 [JavaFX Application Thread] DEBUG FXGLAudioPlayer      - Loading data from profile
22:05:06.669 [JavaFX Application Thread] DEBUG Bundle               - Logging bundle: audio
22:05:06.669 [JavaFX Application Thread] DEBUG Bundle               - audio.musicVolume=0.5
22:05:06.669 [JavaFX Application Thread] DEBUG Bundle               - audio.soundVolume=0.47449908925318784
22:05:06.670 [JavaFX Application Thread] DEBUG AchievementManager   - Service [AchievementManager] initialized
22:05:06.670 [JavaFX Application Thread] DEBUG AchievementManager   - Loading data from profile
22:05:06.670 [JavaFX Application Thread] DEBUG Bundle               - Logging bundle: achievement
22:05:06.670 [JavaFX Application Thread] DEBUG FXGLMasterTimer      - Loading data from profile
22:05:06.670 [JavaFX Application Thread] DEBUG Bundle               - Logging bundle: timer
22:05:06.670 [JavaFX Application Thread] DEBUG Bundle               - timer.playtime=1702394056572
22:05:06.671 [JavaFX Application Thread] DEBUG SaveLoadManager      - Loading last modified save file
22:05:06.671 [JavaFX Application Thread] DEBUG SaveLoadManager      - Loading save files
22:05:06.674 [JavaFX Application Thread] DEBUG IOTask               - Showing dialog
22:05:06.677 [JavaFX Application Thread] DEBUG FXGLEventBus         - Firing event: DisplayEvent[type=DIALOG_OPENED]
22:05:06.677 [JavaFX Application Thread] DEBUG FXGLInput            - Clearing active input actions
22:05:06.677 [FXGL Background Thread 1 ] DEBUG IOTask               - Executing task: loadFileNamesTask(./profiles/Mack/saves/, true, [FileExtension(extension=.sav)])
22:05:06.677 [FXGL Background Thread 1 ] DEBUG IOTask               - Executing task: loadFileNamesTask(./profiles/Mack/saves/, true, [FileExtension(extension=.sav)])
22:05:06.677 [FXGL Background Thread 1 ] DEBUG IOTask               - Executing task: loadFileNamesTask(./profiles/Mack/saves/, true, [FileExtension(extension=.sav)])
22:05:06.679 [FXGL Background Thread 1 ] DEBUG IOTask               - Executing task: readSaveFiles
22:05:06.680 [FXGL Background Thread 1 ] DEBUG IOTask               - Executing task: readDataTask(./profiles/Mack/saves/hh.sav)
22:05:06.681 [FXGL Background Thread 1 ] DEBUG FS                   - Reading from: .\profiles\Mack\saves\hh.sav
22:05:06.683 [FXGL Background Thread 1 ] DEBUG IOTask               - Task succeeded: readDataTask(./profiles/Mack/saves/hh.sav)
22:05:06.683 [FXGL Background Thread 1 ] DEBUG IOTask               - Executing task: readDataTask(./profiles/Mack/saves/Test.sav)
22:05:06.683 [FXGL Background Thread 1 ] DEBUG FS                   - Reading from: .\profiles\Mack\saves\Test.sav
22:05:06.684 [FXGL Background Thread 1 ] DEBUG IOTask               - Task succeeded: readDataTask(./profiles/Mack/saves/Test.sav)
22:05:06.684 [FXGL Background Thread 1 ] DEBUG IOTask               - Executing task: findLastSave
22:05:06.714 [JavaFX Application Thread] DEBUG IOTask               - succeed(): Dismissing dialog
22:05:06.714 [JavaFX Application Thread] DEBUG FXGLEventBus         - Firing event: DisplayEvent[type=DIALOG_CLOSED]
22:05:06.714 [JavaFX Application Thread] DEBUG IOTask               - Task succeeded: loadFileNamesTask(./profiles/Mack/saves/, true, [FileExtension(extension=.sav)])
22:05:06.715 [JavaFX Application Thread] DEBUG FXGLEventBus         - Firing event: ProfileSelectedEvent[name=Mack,hasSaves=true]
22:05:07.164 [JavaFX Application Thread] DEBUG Menu                 - fireNewGame()
22:05:07.164 [JavaFX Application Thread] DEBUG GameApplication      - Starting new game
22:05:07.165 [JavaFX Application Thread] DEBUG GameApplication      - Initializing App
22:05:07.166 [JavaFX Application Thread] DEBUG FXGLInput            - Clearing active input actions
22:05:07.166 [JavaFX Application Thread] DEBUG FXGLMasterTimer      - Stopping master timer
22:05:07.166 [JavaFX Application Thread] DEBUG GameApplication      - State: MAIN_MENU -> PAUSED
22:05:07.166 [JavaFX Application Thread] DEBUG FXGLEventBus         - Firing event: FXGLEvent[type=PAUSE]
22:05:07.167 [JavaFX Application Thread] DEBUG FXGLInput            - Clearing active input actions
22:05:07.167 [JavaFX Application Thread] DEBUG FXGLMasterTimer      - Resetting ticks and clearing all actions
22:05:07.167 [JavaFX Application Thread] DEBUG GameWorld            - Resetting game world
22:05:07.167 [JavaFX Application Thread] TRACE EntityWorld          - Resetting entity world
22:05:07.168 [JavaFX Application Thread] DEBUG PhysicsWorld         - Resetting physics world
22:05:07.168 [JavaFX Application Thread] DEBUG GameScene            - Resetting game scene
22:05:07.168 [JavaFX Application Thread] DEBUG FXGLEventBus         - Firing event: FXGLEvent[type=RESET]
22:05:07.350 [JavaFX Application Thread] DEBUG GameApplication      - State: PAUSED -> LOADING
22:05:07.355 [JavaFX Application Thread] DEBUG FXGLEventBus         - Firing event: MenuEvent[type=NEW_GAME]
22:05:07.355 [FXGL Background Thread 1 ] DEBUG InitAppTask          - Initializing Assets
22:05:07.356 [FXGL Background Thread 1 ] DEBUG InitAppTask          - Initializing Game
22:05:07.358 [FXGL Background Thread 1 ] DEBUG FXGLAssetLoader      - Loading from disk: /assets/music/test.mp3
22:05:07.379 [FXGL Background Thread 1 ] DEBUG FXGLAudioPlayer      - Playing music Music [balance=0.0, volume=1.0, rate=1.0, cycleCount=1]
22:05:07.396 [FXGL Background Thread 1 ] DEBUG InitAppTask          - Initializing Physics
22:05:07.396 [FXGL Background Thread 1 ] DEBUG InitAppTask          - Initializing UI
22:05:07.396 [FXGL Background Thread 1 ] DEBUG InitAppTask          - Initialization Complete
22:05:07.398 [JavaFX Application Thread] DEBUG FXGLInput            - Clearing active input actions
22:05:07.398 [JavaFX Application Thread] DEBUG FXGLMasterTimer      - Starting master timer
22:05:07.398 [JavaFX Application Thread] DEBUG GameApplication      - State: LOADING -> PLAYING
22:05:07.400 [JavaFX Application Thread] DEBUG FXGLEventBus         - Firing event: FXGLEvent[type=RESUME]
22:05:07.409 [JavaFX Application Thread] DEBUG GameScene            - Entity added to scene
22:05:07.410 [JavaFX Application Thread] DEBUG GameScene            - Added MainViewComponent
22:05:07.411 [JavaFX Application Thread] DEBUG GameScene            - Creating render group for layer: TOP(2147483647)
22:05:07.455 [JavaFX Application Thread] DEBUG FXGLAssetLoader      - Loading from disk: /assets/textures/Ground1.png
22:05:07.457 [JavaFX Application Thread] DEBUG FXGLAssetLoader      - Loading from cache: /assets/textures/Ground1.png
22:05:07.457 [JavaFX Application Thread] DEBUG FXGLAssetLoader      - Loading from cache: /assets/textures/Ground1.png
22:05:07.458 [JavaFX Application Thread] DEBUG FXGLAssetLoader      - Loading from cache: /assets/textures/Ground1.png
22:05:07.459 [JavaFX Application Thread] DEBUG FXGLAssetLoader      - Loading from cache: /assets/textures/Ground1.png
22:05:07.459 [JavaFX Application Thread] DEBUG FXGLAssetLoader      - Loading from cache: /assets/textures/Ground1.png
22:05:07.460 [JavaFX Application Thread] DEBUG FXGLAssetLoader      - Loading from cache: /assets/textures/Ground1.png
22:05:07.460 [JavaFX Application Thread] DEBUG FXGLAssetLoader      - Loading from cache: /assets/textures/Ground1.png
22:05:07.460 [JavaFX Application Thread] DEBUG FXGLAssetLoader      - Loading from cache: /assets/textures/Ground1.png
22:05:07.461 [JavaFX Application Thread] DEBUG FXGLAssetLoader      - Loading from cache: /assets/textures/Ground1.png
22:05:07.461 [JavaFX Application Thread] DEBUG FXGLAssetLoader      - Loading from cache: /assets/textures/Ground1.png
22:05:07.462 [JavaFX Application Thread] DEBUG FXGLAssetLoader      - Loading from cache: /assets/textures/Ground1.png
22:05:07.462 [JavaFX Application Thread] DEBUG FXGLAssetLoader      - Loading from cache: /assets/textures/Ground1.png
22:05:07.463 [JavaFX Application Thread] DEBUG FXGLAssetLoader      - Loading from cache: /assets/textures/Ground1.png
22:05:07.463 [JavaFX Application Thread] DEBUG FXGLAssetLoader      - Loading from cache: /assets/textures/Ground1.png
22:05:07.464 [JavaFX Application Thread] DEBUG FXGLAssetLoader      - Loading from cache: /assets/textures/Ground1.png
22:05:07.464 [JavaFX Application Thread] DEBUG FXGLAssetLoader      - Loading from cache: /assets/textures/Ground1.png
22:05:07.465 [JavaFX Application Thread] DEBUG FXGLAssetLoader      - Loading from cache: /assets/textures/Ground1.png
22:05:07.465 [JavaFX Application Thread] DEBUG FXGLAssetLoader      - Loading from cache: /assets/textures/Ground1.png
22:05:07.465 [JavaFX Application Thread] DEBUG FXGLAssetLoader      - Loading from cache: /assets/textures/Ground1.png
22:05:07.466 [JavaFX Application Thread] DEBUG FXGLAssetLoader      - Loading from cache: /assets/textures/Ground1.png
22:05:07.466 [JavaFX Application Thread] DEBUG FXGLAssetLoader      - Loading from cache: /assets/textures/Ground1.png
22:05:07.466 [JavaFX Application Thread] DEBUG FXGLAssetLoader      - Loading from cache: /assets/textures/Ground1.png
22:05:07.467 [JavaFX Application Thread] DEBUG FXGLAssetLoader      - Loading from cache: /assets/textures/Ground1.png
22:05:07.467 [JavaFX Application Thread] DEBUG FXGLAssetLoader      - Loading from cache: /assets/textures/Ground1.png
22:05:07.468 [JavaFX Application Thread] DEBUG FXGLAssetLoader      - Loading from cache: /assets/textures/Ground1.png
22:05:07.468 [JavaFX Application Thread] DEBUG FXGLAssetLoader      - Loading from cache: /assets/textures/Ground1.png
22:05:07.468 [JavaFX Application Thread] DEBUG FXGLAssetLoader      - Loading from cache: /assets/textures/Ground1.png
22:05:07.469 [JavaFX Application Thread] DEBUG FXGLAssetLoader      - Loading from cache: /assets/textures/Ground1.png
22:05:07.469 [JavaFX Application Thread] DEBUG FXGLAssetLoader      - Loading from cache: /assets/textures/Ground1.png
22:05:07.470 [JavaFX Application Thread] DEBUG FXGLAssetLoader      - Loading from cache: /assets/textures/Ground1.png
22:05:07.470 [JavaFX Application Thread] DEBUG FXGLAssetLoader      - Loading from cache: /assets/textures/Ground1.png
22:05:07.471 [JavaFX Application Thread] DEBUG FXGLAssetLoader      - Loading from cache: /assets/textures/Ground1.png
22:05:07.471 [JavaFX Application Thread] DEBUG FXGLAssetLoader      - Loading from cache: /assets/textures/Ground1.png
22:05:07.471 [JavaFX Application Thread] DEBUG FXGLAssetLoader      - Loading from cache: /assets/textures/Ground1.png
22:05:07.472 [JavaFX Application Thread] DEBUG FXGLAssetLoader      - Loading from cache: /assets/textures/Ground1.png
22:05:07.472 [JavaFX Application Thread] DEBUG FXGLAssetLoader      - Loading from cache: /assets/textures/Ground1.png
22:05:07.473 [JavaFX Application Thread] DEBUG FXGLAssetLoader      - Loading from cache: /assets/textures/Ground1.png
22:05:07.473 [JavaFX Application Thread] DEBUG FXGLAssetLoader      - Loading from cache: /assets/textures/Ground1.png
22:05:07.474 [JavaFX Application Thread] DEBUG FXGLAssetLoader      - Loading from cache: /assets/textures/Ground1.png
22:05:07.474 [JavaFX Application Thread] DEBUG FXGLAssetLoader      - Loading from cache: /assets/textures/Ground1.png
22:05:07.474 [JavaFX Application Thread] DEBUG FXGLAssetLoader      - Loading from cache: /assets/textures/Ground1.png
22:05:07.475 [JavaFX Application Thread] DEBUG FXGLAssetLoader      - Loading from cache: /assets/textures/Ground1.png
22:05:07.475 [JavaFX Application Thread] DEBUG FXGLAssetLoader      - Loading from cache: /assets/textures/Ground1.png
22:05:07.476 [JavaFX Application Thread] DEBUG FXGLAssetLoader      - Loading from cache: /assets/textures/Ground1.png
22:05:07.487 [JavaFX Application Thread] DEBUG GameScene            - Entity added to scene
22:05:07.487 [JavaFX Application Thread] DEBUG GameScene            - Added MainViewComponent
22:05:07.487 [JavaFX Application Thread] DEBUG GameScene            - Entity added to scene
22:05:07.487 [JavaFX Application Thread] DEBUG GameScene            - Added MainViewComponent
22:05:07.488 [JavaFX Application Thread] DEBUG GameScene            - Entity added to scene
22:05:07.488 [JavaFX Application Thread] DEBUG GameScene            - Added MainViewComponent
22:05:07.488 [JavaFX Application Thread] DEBUG GameScene            - Entity added to scene
22:05:07.488 [JavaFX Application Thread] DEBUG GameScene            - Added MainViewComponent
22:05:07.488 [JavaFX Application Thread] DEBUG GameScene            - Entity added to scene
22:05:07.488 [JavaFX Application Thread] DEBUG GameScene            - Added MainViewComponent
22:05:07.489 [JavaFX Application Thread] DEBUG GameScene            - Entity added to scene
22:05:07.489 [JavaFX Application Thread] DEBUG GameScene            - Added MainViewComponent
22:05:07.489 [JavaFX Application Thread] DEBUG GameScene            - Entity added to scene
22:05:07.489 [JavaFX Application Thread] DEBUG GameScene            - Added MainViewComponent
22:05:07.489 [JavaFX Application Thread] DEBUG GameScene            - Entity added to scene
22:05:07.489 [JavaFX Application Thread] DEBUG GameScene            - Added MainViewComponent
22:05:07.490 [JavaFX Application Thread] DEBUG GameScene            - Entity added to scene
22:05:07.490 [JavaFX Application Thread] DEBUG GameScene            - Added MainViewComponent
22:05:07.490 [JavaFX Application Thread] DEBUG GameScene            - Entity added to scene
22:05:07.490 [JavaFX Application Thread] DEBUG GameScene            - Added MainViewComponent
22:05:07.490 [JavaFX Application Thread] DEBUG GameScene            - Entity added to scene
22:05:07.490 [JavaFX Application Thread] DEBUG GameScene            - Added MainViewComponent
22:05:07.490 [JavaFX Application Thread] DEBUG GameScene            - Entity added to scene
22:05:07.490 [JavaFX Application Thread] DEBUG GameScene            - Added MainViewComponent
22:05:07.491 [JavaFX Application Thread] DEBUG GameScene            - Entity added to scene
22:05:07.491 [JavaFX Application Thread] DEBUG GameScene            - Added MainViewComponent
22:05:07.491 [JavaFX Application Thread] DEBUG GameScene            - Entity added to scene
22:05:07.491 [JavaFX Application Thread] DEBUG GameScene            - Added MainViewComponent
22:05:07.492 [JavaFX Application Thread] DEBUG GameScene            - Entity added to scene
22:05:07.492 [JavaFX Application Thread] DEBUG GameScene            - Added MainViewComponent
22:05:07.492 [JavaFX Application Thread] DEBUG GameScene            - Entity added to scene
22:05:07.492 [JavaFX Application Thread] DEBUG GameScene            - Added MainViewComponent
22:05:07.492 [JavaFX Application Thread] DEBUG GameScene            - Entity added to scene
22:05:07.493 [JavaFX Application Thread] DEBUG GameScene            - Added MainViewComponent
22:05:07.493 [JavaFX Application Thread] DEBUG GameScene            - Entity added to scene
22:05:07.493 [JavaFX Application Thread] DEBUG GameScene            - Added MainViewComponent
22:05:07.493 [JavaFX Application Thread] DEBUG GameScene            - Entity added to scene
22:05:07.493 [JavaFX Application Thread] DEBUG GameScene            - Added MainViewComponent
22:05:07.493 [JavaFX Application Thread] DEBUG GameScene            - Entity added to scene
22:05:07.493 [JavaFX Application Thread] DEBUG GameScene            - Added MainViewComponent
22:05:07.494 [JavaFX Application Thread] DEBUG GameScene            - Entity added to scene
22:05:07.494 [JavaFX Application Thread] DEBUG GameScene            - Added MainViewComponent
22:05:07.494 [JavaFX Application Thread] DEBUG GameScene            - Entity added to scene
22:05:07.494 [JavaFX Application Thread] DEBUG GameScene            - Added MainViewComponent
22:05:07.494 [JavaFX Application Thread] DEBUG GameScene            - Entity added to scene
22:05:07.494 [JavaFX Application Thread] DEBUG GameScene            - Added MainViewComponent
22:05:07.494 [JavaFX Application Thread] DEBUG GameScene            - Entity added to scene
22:05:07.494 [JavaFX Application Thread] DEBUG GameScene            - Added MainViewComponent
22:05:07.495 [JavaFX Application Thread] DEBUG GameScene            - Entity added to scene
22:05:07.495 [JavaFX Application Thread] DEBUG GameScene            - Added MainViewComponent
22:05:07.495 [JavaFX Application Thread] DEBUG GameScene            - Entity added to scene
22:05:07.495 [JavaFX Application Thread] DEBUG GameScene            - Added MainViewComponent
22:05:07.495 [JavaFX Application Thread] DEBUG GameScene            - Entity added to scene
22:05:07.495 [JavaFX Application Thread] DEBUG GameScene            - Added MainViewComponent
22:05:07.495 [JavaFX Application Thread] DEBUG GameScene            - Entity added to scene
22:05:07.495 [JavaFX Application Thread] DEBUG GameScene            - Added MainViewComponent
22:05:07.495 [JavaFX Application Thread] DEBUG GameScene            - Entity added to scene
22:05:07.496 [JavaFX Application Thread] DEBUG GameScene            - Added MainViewComponent
22:05:07.496 [JavaFX Application Thread] DEBUG GameScene            - Entity added to scene
22:05:07.496 [JavaFX Application Thread] DEBUG GameScene            - Added MainViewComponent
22:05:07.496 [JavaFX Application Thread] DEBUG GameScene            - Entity added to scene
22:05:07.496 [JavaFX Application Thread] DEBUG GameScene            - Added MainViewComponent
22:05:07.496 [JavaFX Application Thread] DEBUG GameScene            - Entity added to scene
22:05:07.496 [JavaFX Application Thread] DEBUG GameScene            - Added MainViewComponent
22:05:07.496 [JavaFX Application Thread] DEBUG GameScene            - Entity added to scene
22:05:07.497 [JavaFX Application Thread] DEBUG GameScene            - Added MainViewComponent
22:05:07.497 [JavaFX Application Thread] DEBUG GameScene            - Entity added to scene
22:05:07.497 [JavaFX Application Thread] DEBUG GameScene            - Added MainViewComponent
22:05:07.497 [JavaFX Application Thread] DEBUG GameScene            - Entity added to scene
22:05:07.497 [JavaFX Application Thread] DEBUG GameScene            - Added MainViewComponent
22:05:07.497 [JavaFX Application Thread] DEBUG GameScene            - Entity added to scene
22:05:07.497 [JavaFX Application Thread] DEBUG GameScene            - Added MainViewComponent
22:05:07.497 [JavaFX Application Thread] DEBUG GameScene            - Entity added to scene
22:05:07.497 [JavaFX Application Thread] DEBUG GameScene            - Added MainViewComponent
22:05:07.498 [JavaFX Application Thread] DEBUG GameScene            - Entity added to scene
22:05:07.498 [JavaFX Application Thread] DEBUG GameScene            - Added MainViewComponent
22:05:07.498 [JavaFX Application Thread] DEBUG GameScene            - Entity added to scene
22:05:07.498 [JavaFX Application Thread] DEBUG GameScene            - Added MainViewComponent
22:05:07.498 [JavaFX Application Thread] DEBUG GameScene            - Entity added to scene
22:05:07.498 [JavaFX Application Thread] DEBUG GameScene            - Added MainViewComponent
22:05:07.498 [JavaFX Application Thread] DEBUG GameScene            - Entity added to scene
22:05:07.498 [JavaFX Application Thread] DEBUG GameScene            - Added MainViewComponent
22:05:07.499 [JavaFX Application Thread] DEBUG GameScene            - Entity added to scene
22:05:07.499 [JavaFX Application Thread] DEBUG GameScene            - Added MainViewComponent
22:05:07.499 [JavaFX Application Thread] DEBUG GameScene            - Entity added to scene
22:05:07.499 [JavaFX Application Thread] DEBUG GameScene            - Added MainViewComponent
22:05:07.500 [JavaFX Application Thread] DEBUG GameScene            - Entity added to scene
22:05:07.500 [JavaFX Application Thread] DEBUG GameScene            - Added MainViewComponent
22:05:07.500 [JavaFX Application Thread] DEBUG GameScene            - Entity added to scene
22:05:07.500 [JavaFX Application Thread] DEBUG GameScene            - Added MainViewComponent
22:05:07.743 [JavaFX Application Thread] DEBUG FXGLAssetLoader      - Loading from cache: /assets/textures/Ground1.png
22:05:07.744 [JavaFX Application Thread] DEBUG FXGLAssetLoader      - Loading from cache: /assets/textures/Ground1.png
22:05:07.744 [JavaFX Application Thread] DEBUG FXGLAssetLoader      - Loading from cache: /assets/textures/Ground1.png
22:05:07.745 [JavaFX Application Thread] DEBUG FXGLAssetLoader      - Loading from cache: /assets/textures/Ground1.png
22:05:07.745 [JavaFX Application Thread] DEBUG FXGLAssetLoader      - Loading from cache: /assets/textures/Ground1.png
22:05:07.745 [JavaFX Application Thread] DEBUG FXGLAssetLoader      - Loading from cache: /assets/textures/Ground1.png
22:05:07.745 [JavaFX Application Thread] DEBUG FXGLAssetLoader      - Loading from cache: /assets/textures/Ground1.png
22:05:07.746 [JavaFX Application Thread] DEBUG FXGLAssetLoader      - Loading from cache: /assets/textures/Ground1.png
22:05:07.746 [JavaFX Application Thread] DEBUG FXGLAssetLoader      - Loading from cache: /assets/textures/Ground1.png
22:05:07.746 [JavaFX Application Thread] DEBUG FXGLAssetLoader      - Loading from cache: /assets/textures/Ground1.png
22:05:07.747 [JavaFX Application Thread] DEBUG FXGLAssetLoader      - Loading from cache: /assets/textures/Ground1.png
22:05:07.747 [JavaFX Application Thread] DEBUG FXGLAssetLoader      - Loading from cache: /assets/textures/Ground1.png
22:05:07.747 [JavaFX Application Thread] DEBUG FXGLAssetLoader      - Loading from cache: /assets/textures/Ground1.png
22:05:07.748 [JavaFX Application Thread] DEBUG FXGLAssetLoader      - Loading from cache: /assets/textures/Ground1.png
22:05:07.748 [JavaFX Application Thread] DEBUG FXGLAssetLoader      - Loading from disk: /assets/textures/Ground2.png
22:05:07.759 [JavaFX Application Thread] DEBUG GameScene            - Entity added to scene
22:05:07.759 [JavaFX Application Thread] DEBUG GameScene            - Added MainViewComponent
22:05:07.759 [JavaFX Application Thread] DEBUG GameScene            - Entity added to scene
22:05:07.759 [JavaFX Application Thread] DEBUG GameScene            - Added MainViewComponent
22:05:07.760 [JavaFX Application Thread] DEBUG GameScene            - Entity added to scene
22:05:07.760 [JavaFX Application Thread] DEBUG GameScene            - Added MainViewComponent
22:05:07.760 [JavaFX Application Thread] DEBUG GameScene            - Entity added to scene
22:05:07.760 [JavaFX Application Thread] DEBUG GameScene            - Added MainViewComponent
22:05:07.760 [JavaFX Application Thread] DEBUG GameScene            - Entity added to scene
22:05:07.760 [JavaFX Application Thread] DEBUG GameScene            - Added MainViewComponent
22:05:07.760 [JavaFX Application Thread] DEBUG GameScene            - Entity added to scene
22:05:07.760 [JavaFX Application Thread] DEBUG GameScene            - Added MainViewComponent
22:05:07.760 [JavaFX Application Thread] DEBUG GameScene            - Entity added to scene
22:05:07.760 [JavaFX Application Thread] DEBUG GameScene            - Added MainViewComponent
22:05:07.761 [JavaFX Application Thread] DEBUG GameScene            - Entity added to scene
22:05:07.761 [JavaFX Application Thread] DEBUG GameScene            - Added MainViewComponent
22:05:07.761 [JavaFX Application Thread] DEBUG GameScene            - Entity added to scene
22:05:07.761 [JavaFX Application Thread] DEBUG GameScene            - Added MainViewComponent
22:05:07.761 [JavaFX Application Thread] DEBUG GameScene            - Entity added to scene
22:05:07.761 [JavaFX Application Thread] DEBUG GameScene            - Added MainViewComponent
22:05:07.761 [JavaFX Application Thread] DEBUG GameScene            - Entity added to scene
22:05:07.761 [JavaFX Application Thread] DEBUG GameScene            - Added MainViewComponent
22:05:07.761 [JavaFX Application Thread] DEBUG GameScene            - Entity added to scene
22:05:07.761 [JavaFX Application Thread] DEBUG GameScene            - Added MainViewComponent
22:05:07.761 [JavaFX Application Thread] DEBUG GameScene            - Entity added to scene
22:05:07.761 [JavaFX Application Thread] DEBUG GameScene            - Added MainViewComponent
22:05:07.762 [JavaFX Application Thread] DEBUG GameScene            - Entity added to scene
22:05:07.762 [JavaFX Application Thread] DEBUG GameScene            - Added MainViewComponent
22:05:07.762 [JavaFX Application Thread] DEBUG GameScene            - Entity added to scene
22:05:07.762 [JavaFX Application Thread] DEBUG GameScene            - Added MainViewComponent
22:05:08.288 [JavaFX Application Thread] DEBUG FXGLAssetLoader      - Loading from cache: /assets/textures/Ground1.png
22:05:08.289 [JavaFX Application Thread] DEBUG FXGLAssetLoader      - Loading from cache: /assets/textures/Ground1.png
22:05:08.289 [JavaFX Application Thread] DEBUG FXGLAssetLoader      - Loading from cache: /assets/textures/Ground1.png
22:05:08.289 [JavaFX Application Thread] DEBUG FXGLAssetLoader      - Loading from cache: /assets/textures/Ground1.png
22:05:08.289 [JavaFX Application Thread] DEBUG FXGLAssetLoader      - Loading from cache: /assets/textures/Ground1.png
22:05:08.290 [JavaFX Application Thread] DEBUG FXGLAssetLoader      - Loading from cache: /assets/textures/Ground1.png
22:05:08.290 [JavaFX Application Thread] DEBUG FXGLAssetLoader      - Loading from cache: /assets/textures/Ground1.png
22:05:08.290 [JavaFX Application Thread] DEBUG FXGLAssetLoader      - Loading from cache: /assets/textures/Ground1.png
22:05:08.291 [JavaFX Application Thread] DEBUG FXGLAssetLoader      - Loading from cache: /assets/textures/Ground1.png
22:05:08.291 [JavaFX Application Thread] DEBUG FXGLAssetLoader      - Loading from cache: /assets/textures/Ground1.png
22:05:08.291 [JavaFX Application Thread] DEBUG FXGLAssetLoader      - Loading from cache: /assets/textures/Ground1.png
22:05:08.292 [JavaFX Application Thread] DEBUG FXGLAssetLoader      - Loading from cache: /assets/textures/Ground1.png
22:05:08.292 [JavaFX Application Thread] DEBUG FXGLAssetLoader      - Loading from cache: /assets/textures/Ground1.png
22:05:08.292 [JavaFX Application Thread] DEBUG FXGLAssetLoader      - Loading from cache: /assets/textures/Ground1.png
22:05:08.293 [JavaFX Application Thread] DEBUG FXGLAssetLoader      - Loading from cache: /assets/textures/Ground1.png
22:05:08.308 [JavaFX Application Thread] DEBUG GameScene            - Entity added to scene
22:05:08.309 [JavaFX Application Thread] DEBUG GameScene            - Added MainViewComponent
22:05:08.309 [JavaFX Application Thread] DEBUG GameScene            - Entity added to scene
22:05:08.310 [JavaFX Application Thread] DEBUG GameScene            - Added MainViewComponent
22:05:08.310 [JavaFX Application Thread] DEBUG GameScene            - Entity added to scene
22:05:08.310 [JavaFX Application Thread] DEBUG GameScene            - Added MainViewComponent
22:05:08.310 [JavaFX Application Thread] DEBUG GameScene            - Entity added to scene
22:05:08.310 [JavaFX Application Thread] DEBUG GameScene            - Added MainViewComponent
22:05:08.310 [JavaFX Application Thread] DEBUG GameScene            - Entity added to scene
22:05:08.310 [JavaFX Application Thread] DEBUG GameScene            - Added MainViewComponent
22:05:08.310 [JavaFX Application Thread] DEBUG GameScene            - Entity added to scene
22:05:08.311 [JavaFX Application Thread] DEBUG GameScene            - Added MainViewComponent
22:05:08.311 [JavaFX Application Thread] DEBUG GameScene            - Entity added to scene
22:05:08.311 [JavaFX Application Thread] DEBUG GameScene            - Added MainViewComponent
22:05:08.311 [JavaFX Application Thread] DEBUG GameScene            - Entity added to scene
22:05:08.311 [JavaFX Application Thread] DEBUG GameScene            - Added MainViewComponent
22:05:08.311 [JavaFX Application Thread] DEBUG GameScene            - Entity added to scene
22:05:08.311 [JavaFX Application Thread] DEBUG GameScene            - Added MainViewComponent
22:05:08.311 [JavaFX Application Thread] DEBUG GameScene            - Entity added to scene
22:05:08.311 [JavaFX Application Thread] DEBUG GameScene            - Added MainViewComponent
22:05:08.311 [JavaFX Application Thread] DEBUG GameScene            - Entity added to scene
22:05:08.311 [JavaFX Application Thread] DEBUG GameScene            - Added MainViewComponent
22:05:08.311 [JavaFX Application Thread] DEBUG GameScene            - Entity added to scene
22:05:08.312 [JavaFX Application Thread] DEBUG GameScene            - Added MainViewComponent
22:05:08.312 [JavaFX Application Thread] DEBUG GameScene            - Entity added to scene
22:05:08.312 [JavaFX Application Thread] DEBUG GameScene            - Added MainViewComponent
22:05:08.312 [JavaFX Application Thread] DEBUG GameScene            - Entity added to scene
22:05:08.312 [JavaFX Application Thread] DEBUG GameScene            - Added MainViewComponent
22:05:08.312 [JavaFX Application Thread] DEBUG GameScene            - Entity added to scene
22:05:08.312 [JavaFX Application Thread] DEBUG GameScene            - Added MainViewComponent
22:05:08.577 [JavaFX Application Thread] DEBUG FXGLAssetLoader      - Loading from cache: /assets/textures/Ground1.png
22:05:08.577 [JavaFX Application Thread] DEBUG FXGLAssetLoader      - Loading from cache: /assets/textures/Ground1.png
22:05:08.578 [JavaFX Application Thread] DEBUG FXGLAssetLoader      - Loading from cache: /assets/textures/Ground1.png
22:05:08.578 [JavaFX Application Thread] DEBUG FXGLAssetLoader      - Loading from cache: /assets/textures/Ground1.png
22:05:08.578 [JavaFX Application Thread] DEBUG FXGLAssetLoader      - Loading from cache: /assets/textures/Ground1.png
22:05:08.578 [JavaFX Application Thread] DEBUG FXGLAssetLoader      - Loading from cache: /assets/textures/Ground1.png
22:05:08.578 [JavaFX Application Thread] DEBUG FXGLAssetLoader      - Loading from cache: /assets/textures/Ground1.png
22:05:08.579 [JavaFX Application Thread] DEBUG FXGLAssetLoader      - Loading from cache: /assets/textures/Ground1.png
22:05:08.579 [JavaFX Application Thread] DEBUG FXGLAssetLoader      - Loading from cache: /assets/textures/Ground1.png
22:05:08.580 [JavaFX Application Thread] DEBUG FXGLAssetLoader      - Loading from cache: /assets/textures/Ground1.png
22:05:08.580 [JavaFX Application Thread] DEBUG FXGLAssetLoader      - Loading from cache: /assets/textures/Ground1.png
22:05:08.580 [JavaFX Application Thread] DEBUG FXGLAssetLoader      - Loading from cache: /assets/textures/Ground1.png
22:05:08.580 [JavaFX Application Thread] DEBUG FXGLAssetLoader      - Loading from cache: /assets/textures/Ground1.png
22:05:08.581 [JavaFX Application Thread] DEBUG FXGLAssetLoader      - Loading from cache: /assets/textures/Ground1.png
22:05:08.581 [JavaFX Application Thread] DEBUG FXGLAssetLoader      - Loading from cache: /assets/textures/Ground1.png
22:05:08.607 [JavaFX Application Thread] DEBUG GameScene            - Entity added to scene
22:05:08.607 [JavaFX Application Thread] DEBUG GameScene            - Added MainViewComponent
22:05:08.607 [JavaFX Application Thread] DEBUG GameScene            - Entity added to scene
22:05:08.607 [JavaFX Application Thread] DEBUG GameScene            - Added MainViewComponent
22:05:08.608 [JavaFX Application Thread] DEBUG GameScene            - Entity added to scene
22:05:08.608 [JavaFX Application Thread] DEBUG GameScene            - Added MainViewComponent
22:05:08.608 [JavaFX Application Thread] DEBUG GameScene            - Entity added to scene
22:05:08.608 [JavaFX Application Thread] DEBUG GameScene            - Added MainViewComponent
22:05:08.608 [JavaFX Application Thread] DEBUG GameScene            - Entity added to scene
22:05:08.608 [JavaFX Application Thread] DEBUG GameScene            - Added MainViewComponent
22:05:08.608 [JavaFX Application Thread] DEBUG GameScene            - Entity added to scene
22:05:08.609 [JavaFX Application Thread] DEBUG GameScene            - Added MainViewComponent
22:05:08.609 [JavaFX Application Thread] DEBUG GameScene            - Entity added to scene
22:05:08.609 [JavaFX Application Thread] DEBUG GameScene            - Added MainViewComponent
22:05:08.609 [JavaFX Application Thread] DEBUG GameScene            - Entity added to scene
22:05:08.609 [JavaFX Application Thread] DEBUG GameScene            - Added MainViewComponent
22:05:08.609 [JavaFX Application Thread] DEBUG GameScene            - Entity added to scene
22:05:08.609 [JavaFX Application Thread] DEBUG GameScene            - Added MainViewComponent
22:05:08.610 [JavaFX Application Thread] DEBUG GameScene            - Entity added to scene
22:05:08.610 [JavaFX Application Thread] DEBUG GameScene            - Added MainViewComponent
22:05:08.610 [JavaFX Application Thread] DEBUG GameScene            - Entity added to scene
22:05:08.610 [JavaFX Application Thread] DEBUG GameScene            - Added MainViewComponent
22:05:08.610 [JavaFX Application Thread] DEBUG GameScene            - Entity added to scene
22:05:08.610 [JavaFX Application Thread] DEBUG GameScene            - Added MainViewComponent
22:05:08.610 [JavaFX Application Thread] DEBUG GameScene            - Entity added to scene
22:05:08.610 [JavaFX Application Thread] DEBUG GameScene            - Added MainViewComponent
22:05:08.610 [JavaFX Application Thread] DEBUG GameScene            - Entity added to scene
22:05:08.611 [JavaFX Application Thread] DEBUG GameScene            - Added MainViewComponent
22:05:08.611 [JavaFX Application Thread] DEBUG GameScene            - Entity added to scene
22:05:08.611 [JavaFX Application Thread] DEBUG GameScene            - Added MainViewComponent
22:05:08.816 [JavaFX Application Thread] DEBUG FXGLAssetLoader      - Loading from cache: /assets/textures/Ground2.png
22:05:08.816 [JavaFX Application Thread] DEBUG FXGLAssetLoader      - Loading from cache: /assets/textures/Ground1.png
22:05:08.816 [JavaFX Application Thread] DEBUG FXGLAssetLoader      - Loading from cache: /assets/textures/Ground1.png
22:05:08.817 [JavaFX Application Thread] DEBUG FXGLAssetLoader      - Loading from cache: /assets/textures/Ground1.png
22:05:08.817 [JavaFX Application Thread] DEBUG FXGLAssetLoader      - Loading from cache: /assets/textures/Ground1.png
22:05:08.817 [JavaFX Application Thread] DEBUG FXGLAssetLoader      - Loading from cache: /assets/textures/Ground1.png
22:05:08.817 [JavaFX Application Thread] DEBUG FXGLAssetLoader      - Loading from cache: /assets/textures/Ground1.png
22:05:08.818 [JavaFX Application Thread] DEBUG FXGLAssetLoader      - Loading from cache: /assets/textures/Ground1.png
22:05:08.818 [JavaFX Application Thread] DEBUG FXGLAssetLoader      - Loading from cache: /assets/textures/Ground1.png
22:05:08.818 [JavaFX Application Thread] DEBUG FXGLAssetLoader      - Loading from cache: /assets/textures/Ground1.png
22:05:08.818 [JavaFX Application Thread] DEBUG FXGLAssetLoader      - Loading from cache: /assets/textures/Ground1.png
22:05:08.819 [JavaFX Application Thread] DEBUG FXGLAssetLoader      - Loading from cache: /assets/textures/Ground1.png
22:05:08.819 [JavaFX Application Thread] DEBUG FXGLAssetLoader      - Loading from cache: /assets/textures/Ground1.png
22:05:08.819 [JavaFX Application Thread] DEBUG FXGLAssetLoader      - Loading from cache: /assets/textures/Ground1.png
22:05:08.819 [JavaFX Application Thread] DEBUG FXGLAssetLoader      - Loading from cache: /assets/textures/Ground1.png
22:05:08.831 [JavaFX Application Thread] DEBUG GameScene            - Entity added to scene
22:05:08.831 [JavaFX Application Thread] DEBUG GameScene            - Added MainViewComponent
22:05:08.831 [JavaFX Application Thread] DEBUG GameScene            - Entity added to scene
22:05:08.831 [JavaFX Application Thread] DEBUG GameScene            - Added MainViewComponent
22:05:08.832 [JavaFX Application Thread] DEBUG GameScene            - Entity added to scene
22:05:08.832 [JavaFX Application Thread] DEBUG GameScene            - Added MainViewComponent
22:05:08.832 [JavaFX Application Thread] DEBUG GameScene            - Entity added to scene
22:05:08.832 [JavaFX Application Thread] DEBUG GameScene            - Added MainViewComponent
22:05:08.832 [JavaFX Application Thread] DEBUG GameScene            - Entity added to scene
22:05:08.832 [JavaFX Application Thread] DEBUG GameScene            - Added MainViewComponent
22:05:08.832 [JavaFX Application Thread] DEBUG GameScene            - Entity added to scene
22:05:08.832 [JavaFX Application Thread] DEBUG GameScene            - Added MainViewComponent
22:05:08.832 [JavaFX Application Thread] DEBUG GameScene            - Entity added to scene
22:05:08.832 [JavaFX Application Thread] DEBUG GameScene            - Added MainViewComponent
22:05:08.832 [JavaFX Application Thread] DEBUG GameScene            - Entity added to scene
22:05:08.832 [JavaFX Application Thread] DEBUG GameScene            - Added MainViewComponent
22:05:08.832 [JavaFX Application Thread] DEBUG GameScene            - Entity added to scene
22:05:08.832 [JavaFX Application Thread] DEBUG GameScene            - Added MainViewComponent
22:05:08.832 [JavaFX Application Thread] DEBUG GameScene            - Entity added to scene
22:05:08.833 [JavaFX Application Thread] DEBUG GameScene            - Added MainViewComponent
22:05:08.833 [JavaFX Application Thread] DEBUG GameScene            - Entity added to scene
22:05:08.833 [JavaFX Application Thread] DEBUG GameScene            - Added MainViewComponent
22:05:08.833 [JavaFX Application Thread] DEBUG GameScene            - Entity added to scene
22:05:08.833 [JavaFX Application Thread] DEBUG GameScene            - Added MainViewComponent
22:05:08.833 [JavaFX Application Thread] DEBUG GameScene            - Entity added to scene
22:05:08.833 [JavaFX Application Thread] DEBUG GameScene            - Added MainViewComponent
22:05:08.833 [JavaFX Application Thread] DEBUG GameScene            - Entity added to scene
22:05:08.833 [JavaFX Application Thread] DEBUG GameScene            - Added MainViewComponent
22:05:08.833 [JavaFX Application Thread] DEBUG GameScene            - Entity added to scene
22:05:08.833 [JavaFX Application Thread] DEBUG GameScene            - Added MainViewComponent
22:05:21.488 [JavaFX Application Thread] DEBUG FXGLAssetLoader      - Loading from cache: /assets/textures/Ground1.png
22:05:21.488 [JavaFX Application Thread] DEBUG FXGLAssetLoader      - Loading from cache: /assets/textures/Ground1.png
22:05:21.488 [JavaFX Application Thread] DEBUG FXGLAssetLoader      - Loading from cache: /assets/textures/Ground1.png
22:05:21.489 [JavaFX Application Thread] DEBUG FXGLAssetLoader      - Loading from cache: /assets/textures/Ground1.png
22:05:21.489 [JavaFX Application Thread] DEBUG FXGLAssetLoader      - Loading from cache: /assets/textures/Ground1.png
22:05:21.489 [JavaFX Application Thread] DEBUG FXGLAssetLoader      - Loading from cache: /assets/textures/Ground1.png
22:05:21.490 [JavaFX Application Thread] DEBUG FXGLAssetLoader      - Loading from cache: /assets/textures/Ground1.png
22:05:21.503 [JavaFX Application Thread] DEBUG GameScene            - Entity added to scene
22:05:21.503 [JavaFX Application Thread] DEBUG GameScene            - Added MainViewComponent
22:05:21.504 [JavaFX Application Thread] DEBUG GameScene            - Entity added to scene
22:05:21.504 [JavaFX Application Thread] DEBUG GameScene            - Added MainViewComponent
22:05:21.504 [JavaFX Application Thread] DEBUG GameScene            - Entity added to scene
22:05:21.504 [JavaFX Application Thread] DEBUG GameScene            - Added MainViewComponent
22:05:21.504 [JavaFX Application Thread] DEBUG GameScene            - Entity added to scene
22:05:21.504 [JavaFX Application Thread] DEBUG GameScene            - Added MainViewComponent
22:05:21.504 [JavaFX Application Thread] DEBUG GameScene            - Entity added to scene
22:05:21.504 [JavaFX Application Thread] DEBUG GameScene            - Added MainViewComponent
22:05:21.504 [JavaFX Application Thread] DEBUG GameScene            - Entity added to scene
22:05:21.504 [JavaFX Application Thread] DEBUG GameScene            - Added MainViewComponent
22:05:21.504 [JavaFX Application Thread] DEBUG GameScene            - Entity added to scene
22:05:21.504 [JavaFX Application Thread] DEBUG GameScene            - Added MainViewComponent
22:05:21.505 [JavaFX Application Thread] DEBUG GameScene            - Entity removed from scene
22:05:21.505 [JavaFX Application Thread] DEBUG GameScene            - Removed MainViewComponent
22:05:21.935 [JavaFX Application Thread] DEBUG FXGLAssetLoader      - Loading from cache: /assets/textures/Ground1.png
22:05:21.936 [JavaFX Application Thread] DEBUG FXGLAssetLoader      - Loading from cache: /assets/textures/Ground1.png
22:05:21.936 [JavaFX Application Thread] DEBUG FXGLAssetLoader      - Loading from cache: /assets/textures/Ground1.png
22:05:21.936 [JavaFX Application Thread] DEBUG FXGLAssetLoader      - Loading from cache: /assets/textures/Ground1.png
22:05:21.936 [JavaFX Application Thread] DEBUG FXGLAssetLoader      - Loading from cache: /assets/textures/Ground1.png
22:05:21.936 [JavaFX Application Thread] DEBUG FXGLAssetLoader      - Loading from cache: /assets/textures/Ground1.png
22:05:21.937 [JavaFX Application Thread] DEBUG FXGLAssetLoader      - Loading from cache: /assets/textures/Ground1.png
22:05:21.937 [JavaFX Application Thread] DEBUG FXGLAssetLoader      - Loading from cache: /assets/textures/Ground1.png
22:05:21.937 [JavaFX Application Thread] DEBUG FXGLAssetLoader      - Loading from cache: /assets/textures/Ground1.png
22:05:21.937 [JavaFX Application Thread] DEBUG FXGLAssetLoader      - Loading from cache: /assets/textures/Ground1.png
22:05:21.937 [JavaFX Application Thread] DEBUG FXGLAssetLoader      - Loading from cache: /assets/textures/Ground1.png
22:05:21.937 [JavaFX Application Thread] DEBUG FXGLAssetLoader      - Loading from cache: /assets/textures/Ground1.png
22:05:21.938 [JavaFX Application Thread] DEBUG FXGLAssetLoader      - Loading from cache: /assets/textures/Ground1.png
22:05:21.938 [JavaFX Application Thread] DEBUG FXGLAssetLoader      - Loading from cache: /assets/textures/Ground1.png
22:05:21.939 [JavaFX Application Thread] DEBUG FXGLAssetLoader      - Loading from cache: /assets/textures/Ground1.png
22:05:21.951 [JavaFX Application Thread] DEBUG GameScene            - Entity added to scene
22:05:21.951 [JavaFX Application Thread] DEBUG GameScene            - Added MainViewComponent
22:05:21.951 [JavaFX Application Thread] DEBUG GameScene            - Entity added to scene
22:05:21.951 [JavaFX Application Thread] DEBUG GameScene            - Added MainViewComponent
22:05:21.952 [JavaFX Application Thread] DEBUG GameScene            - Entity added to scene
22:05:21.952 [JavaFX Application Thread] DEBUG GameScene            - Added MainViewComponent
22:05:21.952 [JavaFX Application Thread] DEBUG GameScene            - Entity added to scene
22:05:21.952 [JavaFX Application Thread] DEBUG GameScene            - Added MainViewComponent
22:05:21.952 [JavaFX Application Thread] DEBUG GameScene            - Entity added to scene
22:05:21.952 [JavaFX Application Thread] DEBUG GameScene            - Added MainViewComponent
22:05:21.952 [JavaFX Application Thread] DEBUG GameScene            - Entity added to scene
22:05:21.952 [JavaFX Application Thread] DEBUG GameScene            - Added MainViewComponent
22:05:21.953 [JavaFX Application Thread] DEBUG GameScene            - Entity added to scene
22:05:21.953 [JavaFX Application Thread] DEBUG GameScene            - Added MainViewComponent
22:05:21.953 [JavaFX Application Thread] DEBUG GameScene            - Entity added to scene
22:05:21.953 [JavaFX Application Thread] DEBUG GameScene            - Added MainViewComponent
22:05:21.953 [JavaFX Application Thread] DEBUG GameScene            - Entity added to scene
22:05:21.953 [JavaFX Application Thread] DEBUG GameScene            - Added MainViewComponent
22:05:21.953 [JavaFX Application Thread] DEBUG GameScene            - Entity added to scene
22:05:21.953 [JavaFX Application Thread] DEBUG GameScene            - Added MainViewComponent
22:05:21.953 [JavaFX Application Thread] DEBUG GameScene            - Entity added to scene
22:05:21.953 [JavaFX Application Thread] DEBUG GameScene            - Added MainViewComponent
22:05:21.953 [JavaFX Application Thread] DEBUG GameScene            - Entity added to scene
22:05:21.953 [JavaFX Application Thread] DEBUG GameScene            - Added MainViewComponent
22:05:21.953 [JavaFX Application Thread] DEBUG GameScene            - Entity added to scene
22:05:21.953 [JavaFX Application Thread] DEBUG GameScene            - Added MainViewComponent
22:05:21.954 [JavaFX Application Thread] DEBUG GameScene            - Entity added to scene
22:05:21.954 [JavaFX Application Thread] DEBUG GameScene            - Added MainViewComponent
22:05:21.954 [JavaFX Application Thread] DEBUG GameScene            - Entity added to scene
22:05:21.954 [JavaFX Application Thread] DEBUG GameScene            - Added MainViewComponent
22:05:22.335 [JavaFX Application Thread] DEBUG GameScene            - Entity removed from scene
22:05:22.335 [JavaFX Application Thread] DEBUG GameScene            - Removed MainViewComponent
22:05:22.751 [JavaFX Application Thread] DEBUG FXGLAssetLoader      - Loading from cache: /assets/textures/Ground1.png
22:05:22.751 [JavaFX Application Thread] DEBUG FXGLAssetLoader      - Loading from cache: /assets/textures/Ground1.png
22:05:22.752 [JavaFX Application Thread] DEBUG FXGLAssetLoader      - Loading from cache: /assets/textures/Ground1.png
22:05:22.752 [JavaFX Application Thread] DEBUG FXGLAssetLoader      - Loading from cache: /assets/textures/Ground1.png
22:05:22.752 [JavaFX Application Thread] DEBUG FXGLAssetLoader      - Loading from cache: /assets/textures/Ground1.png
22:05:22.752 [JavaFX Application Thread] DEBUG FXGLAssetLoader      - Loading from cache: /assets/textures/Ground1.png
22:05:22.752 [JavaFX Application Thread] DEBUG FXGLAssetLoader      - Loading from cache: /assets/textures/Ground1.png
22:05:22.752 [JavaFX Application Thread] DEBUG FXGLAssetLoader      - Loading from cache: /assets/textures/Ground1.png
22:05:22.753 [JavaFX Application Thread] DEBUG FXGLAssetLoader      - Loading from cache: /assets/textures/Ground1.png
22:05:22.753 [JavaFX Application Thread] DEBUG FXGLAssetLoader      - Loading from cache: /assets/textures/Ground1.png
22:05:22.753 [JavaFX Application Thread] DEBUG FXGLAssetLoader      - Loading from cache: /assets/textures/Ground1.png
22:05:22.753 [JavaFX Application Thread] DEBUG FXGLAssetLoader      - Loading from cache: /assets/textures/Ground1.png
22:05:22.753 [JavaFX Application Thread] DEBUG FXGLAssetLoader      - Loading from cache: /assets/textures/Ground1.png
22:05:22.754 [JavaFX Application Thread] DEBUG FXGLAssetLoader      - Loading from cache: /assets/textures/Ground1.png
22:05:22.754 [JavaFX Application Thread] DEBUG FXGLAssetLoader      - Loading from cache: /assets/textures/Ground1.png
22:05:22.767 [JavaFX Application Thread] DEBUG GameScene            - Entity added to scene
22:05:22.767 [JavaFX Application Thread] DEBUG GameScene            - Added MainViewComponent
22:05:22.768 [JavaFX Application Thread] DEBUG GameScene            - Entity added to scene
22:05:22.768 [JavaFX Application Thread] DEBUG GameScene            - Added MainViewComponent
22:05:22.768 [JavaFX Application Thread] DEBUG GameScene            - Entity added to scene
22:05:22.768 [JavaFX Application Thread] DEBUG GameScene            - Added MainViewComponent
22:05:22.768 [JavaFX Application Thread] DEBUG GameScene            - Entity added to scene
22:05:22.768 [JavaFX Application Thread] DEBUG GameScene            - Added MainViewComponent
22:05:22.768 [JavaFX Application Thread] DEBUG GameScene            - Entity added to scene
22:05:22.769 [JavaFX Application Thread] DEBUG GameScene            - Added MainViewComponent
22:05:22.769 [JavaFX Application Thread] DEBUG GameScene            - Entity added to scene
22:05:22.769 [JavaFX Application Thread] DEBUG GameScene            - Added MainViewComponent
22:05:22.769 [JavaFX Application Thread] DEBUG GameScene            - Entity added to scene
22:05:22.769 [JavaFX Application Thread] DEBUG GameScene            - Added MainViewComponent
22:05:22.769 [JavaFX Application Thread] DEBUG GameScene            - Entity added to scene
22:05:22.769 [JavaFX Application Thread] DEBUG GameScene            - Added MainViewComponent
22:05:22.769 [JavaFX Application Thread] DEBUG GameScene            - Entity added to scene
22:05:22.769 [JavaFX Application Thread] DEBUG GameScene            - Added MainViewComponent
22:05:22.769 [JavaFX Application Thread] DEBUG GameScene            - Entity added to scene
22:05:22.769 [JavaFX Application Thread] DEBUG GameScene            - Added MainViewComponent
22:05:22.769 [JavaFX Application Thread] DEBUG GameScene            - Entity added to scene
22:05:22.769 [JavaFX Application Thread] DEBUG GameScene            - Added MainViewComponent
22:05:22.769 [JavaFX Application Thread] DEBUG GameScene            - Entity added to scene
22:05:22.769 [JavaFX Application Thread] DEBUG GameScene            - Added MainViewComponent
22:05:22.769 [JavaFX Application Thread] DEBUG GameScene            - Entity added to scene
22:05:22.769 [JavaFX Application Thread] DEBUG GameScene            - Added MainViewComponent
22:05:22.769 [JavaFX Application Thread] DEBUG GameScene            - Entity added to scene
22:05:22.770 [JavaFX Application Thread] DEBUG GameScene            - Added MainViewComponent
22:05:22.770 [JavaFX Application Thread] DEBUG GameScene            - Entity added to scene
22:05:22.770 [JavaFX Application Thread] DEBUG GameScene            - Added MainViewComponent
22:05:23.071 [JavaFX Application Thread] DEBUG GameScene            - Entity removed from scene
22:05:23.071 [JavaFX Application Thread] DEBUG GameScene            - Removed MainViewComponent
22:05:23.456 [JavaFX Application Thread] DEBUG FXGLAssetLoader      - Loading from cache: /assets/textures/Ground1.png
22:05:23.456 [JavaFX Application Thread] DEBUG FXGLAssetLoader      - Loading from cache: /assets/textures/Ground1.png
22:05:23.456 [JavaFX Application Thread] DEBUG FXGLAssetLoader      - Loading from cache: /assets/textures/Ground1.png
22:05:23.457 [JavaFX Application Thread] DEBUG FXGLAssetLoader      - Loading from cache: /assets/textures/Ground1.png
22:05:23.457 [JavaFX Application Thread] DEBUG FXGLAssetLoader      - Loading from cache: /assets/textures/Ground1.png
22:05:23.457 [JavaFX Application Thread] DEBUG FXGLAssetLoader      - Loading from cache: /assets/textures/Ground1.png
22:05:23.458 [JavaFX Application Thread] DEBUG FXGLAssetLoader      - Loading from cache: /assets/textures/Ground1.png
22:05:23.458 [JavaFX Application Thread] DEBUG FXGLAssetLoader      - Loading from cache: /assets/textures/Ground1.png
22:05:23.459 [JavaFX Application Thread] DEBUG FXGLAssetLoader      - Loading from cache: /assets/textures/Ground1.png
22:05:23.459 [JavaFX Application Thread] DEBUG FXGLAssetLoader      - Loading from cache: /assets/textures/Ground1.png
22:05:23.459 [JavaFX Application Thread] DEBUG FXGLAssetLoader      - Loading from cache: /assets/textures/Ground1.png
22:05:23.459 [JavaFX Application Thread] DEBUG FXGLAssetLoader      - Loading from cache: /assets/textures/Ground1.png
22:05:23.459 [JavaFX Application Thread] DEBUG FXGLAssetLoader      - Loading from cache: /assets/textures/Ground1.png
22:05:23.459 [JavaFX Application Thread] DEBUG FXGLAssetLoader      - Loading from cache: /assets/textures/Ground1.png
22:05:23.459 [JavaFX Application Thread] DEBUG FXGLAssetLoader      - Loading from cache: /assets/textures/Ground1.png
22:05:23.471 [JavaFX Application Thread] DEBUG GameScene            - Entity added to scene
22:05:23.471 [JavaFX Application Thread] DEBUG GameScene            - Added MainViewComponent
22:05:23.471 [JavaFX Application Thread] DEBUG GameScene            - Entity added to scene
22:05:23.472 [JavaFX Application Thread] DEBUG GameScene            - Added MainViewComponent
22:05:23.472 [JavaFX Application Thread] DEBUG GameScene            - Entity added to scene
22:05:23.472 [JavaFX Application Thread] DEBUG GameScene            - Added MainViewComponent
22:05:23.472 [JavaFX Application Thread] DEBUG GameScene            - Entity added to scene
22:05:23.472 [JavaFX Application Thread] DEBUG GameScene            - Added MainViewComponent
22:05:23.472 [JavaFX Application Thread] DEBUG GameScene            - Entity added to scene
22:05:23.472 [JavaFX Application Thread] DEBUG GameScene            - Added MainViewComponent
22:05:23.472 [JavaFX Application Thread] DEBUG GameScene            - Entity added to scene
22:05:23.472 [JavaFX Application Thread] DEBUG GameScene            - Added MainViewComponent
22:05:23.472 [JavaFX Application Thread] DEBUG GameScene            - Entity added to scene
22:05:23.472 [JavaFX Application Thread] DEBUG GameScene            - Added MainViewComponent
22:05:23.472 [JavaFX Application Thread] DEBUG GameScene            - Entity added to scene
22:05:23.472 [JavaFX Application Thread] DEBUG GameScene            - Added MainViewComponent
22:05:23.472 [JavaFX Application Thread] DEBUG GameScene            - Entity added to scene
22:05:23.472 [JavaFX Application Thread] DEBUG GameScene            - Added MainViewComponent
22:05:23.473 [JavaFX Application Thread] DEBUG GameScene            - Entity added to scene
22:05:23.473 [JavaFX Application Thread] DEBUG GameScene            - Added MainViewComponent
22:05:23.473 [JavaFX Application Thread] DEBUG GameScene            - Entity added to scene
22:05:23.473 [JavaFX Application Thread] DEBUG GameScene            - Added MainViewComponent
22:05:23.473 [JavaFX Application Thread] DEBUG GameScene            - Entity added to scene
22:05:23.473 [JavaFX Application Thread] DEBUG GameScene            - Added MainViewComponent
22:05:23.473 [JavaFX Application Thread] DEBUG GameScene            - Entity added to scene
22:05:23.473 [JavaFX Application Thread] DEBUG GameScene            - Added MainViewComponent
22:05:23.473 [JavaFX Application Thread] DEBUG GameScene            - Entity added to scene
22:05:23.473 [JavaFX Application Thread] DEBUG GameScene            - Added MainViewComponent
22:05:23.473 [JavaFX Application Thread] DEBUG GameScene            - Entity added to scene
22:05:23.473 [JavaFX Application Thread] DEBUG GameScene            - Added MainViewComponent
22:05:25.407 [JavaFX Application Thread] DEBUG GameScene            - Entity removed from scene
22:05:25.407 [JavaFX Application Thread] DEBUG GameScene            - Removed MainViewComponent
22:05:25.408 [JavaFX Application Thread] DEBUG GameScene            - Entity removed from scene
22:05:25.408 [JavaFX Application Thread] DEBUG GameScene            - Removed MainViewComponent
22:05:25.408 [JavaFX Application Thread] DEBUG GameScene            - Entity removed from scene
22:05:25.408 [JavaFX Application Thread] DEBUG GameScene            - Removed MainViewComponent
22:05:25.408 [JavaFX Application Thread] DEBUG GameScene            - Entity removed from scene
22:05:25.408 [JavaFX Application Thread] DEBUG GameScene            - Removed MainViewComponent
22:05:25.409 [JavaFX Application Thread] DEBUG GameScene            - Entity removed from scene
22:05:25.409 [JavaFX Application Thread] DEBUG GameScene            - Removed MainViewComponent
22:05:25.409 [JavaFX Application Thread] DEBUG GameScene            - Entity removed from scene
22:05:25.409 [JavaFX Application Thread] DEBUG GameScene            - Removed MainViewComponent
22:05:25.409 [JavaFX Application Thread] DEBUG GameScene            - Entity removed from scene
22:05:25.409 [JavaFX Application Thread] DEBUG GameScene            - Removed MainViewComponent
22:05:25.410 [JavaFX Application Thread] DEBUG GameScene            - Entity removed from scene
22:05:25.410 [JavaFX Application Thread] DEBUG GameScene            - Removed MainViewComponent
22:05:25.410 [JavaFX Application Thread] DEBUG GameScene            - Entity removed from scene
22:05:25.410 [JavaFX Application Thread] DEBUG GameScene            - Removed MainViewComponent
22:05:25.410 [JavaFX Application Thread] DEBUG GameScene            - Entity removed from scene
22:05:25.410 [JavaFX Application Thread] DEBUG GameScene            - Removed MainViewComponent
22:05:25.410 [JavaFX Application Thread] DEBUG GameScene            - Entity removed from scene
22:05:25.410 [JavaFX Application Thread] DEBUG GameScene            - Removed MainViewComponent
22:05:25.411 [JavaFX Application Thread] DEBUG GameScene            - Entity removed from scene
22:05:25.411 [JavaFX Application Thread] DEBUG GameScene            - Removed MainViewComponent
22:05:25.411 [JavaFX Application Thread] DEBUG GameScene            - Entity removed from scene
22:05:25.411 [JavaFX Application Thread] DEBUG GameScene            - Removed MainViewComponent
22:05:25.411 [JavaFX Application Thread] DEBUG GameScene            - Entity removed from scene
22:05:25.411 [JavaFX Application Thread] DEBUG GameScene            - Removed MainViewComponent
22:05:25.411 [JavaFX Application Thread] DEBUG GameScene            - Entity removed from scene
22:05:25.411 [JavaFX Application Thread] DEBUG GameScene            - Removed MainViewComponent
22:05:25.663 [JavaFX Application Thread] DEBUG GameScene            - Entity removed from scene
22:05:25.664 [JavaFX Application Thread] DEBUG GameScene            - Removed MainViewComponent
22:05:25.664 [JavaFX Application Thread] DEBUG GameScene            - Entity removed from scene
22:05:25.664 [JavaFX Application Thread] DEBUG GameScene            - Removed MainViewComponent
22:05:25.664 [JavaFX Application Thread] DEBUG GameScene            - Entity removed from scene
22:05:25.664 [JavaFX Application Thread] DEBUG GameScene            - Removed MainViewComponent
22:05:25.664 [JavaFX Application Thread] DEBUG GameScene            - Entity removed from scene
22:05:25.664 [JavaFX Application Thread] DEBUG GameScene            - Removed MainViewComponent
22:05:25.664 [JavaFX Application Thread] DEBUG GameScene            - Entity removed from scene
22:05:25.664 [JavaFX Application Thread] DEBUG GameScene            - Removed MainViewComponent
22:05:25.665 [JavaFX Application Thread] DEBUG GameScene            - Entity removed from scene
22:05:25.665 [JavaFX Application Thread] DEBUG GameScene            - Removed MainViewComponent
22:05:25.665 [JavaFX Application Thread] DEBUG GameScene            - Entity removed from scene
22:05:25.665 [JavaFX Application Thread] DEBUG GameScene            - Removed MainViewComponent
22:05:25.665 [JavaFX Application Thread] DEBUG GameScene            - Entity removed from scene
22:05:25.665 [JavaFX Application Thread] DEBUG GameScene            - Removed MainViewComponent
22:05:25.665 [JavaFX Application Thread] DEBUG GameScene            - Entity removed from scene
22:05:25.665 [JavaFX Application Thread] DEBUG GameScene            - Removed MainViewComponent
22:05:25.665 [JavaFX Application Thread] DEBUG GameScene            - Entity removed from scene
22:05:25.665 [JavaFX Application Thread] DEBUG GameScene            - Removed MainViewComponent
22:05:25.665 [JavaFX Application Thread] DEBUG GameScene            - Entity removed from scene
22:05:25.665 [JavaFX Application Thread] DEBUG GameScene            - Removed MainViewComponent
22:05:25.666 [JavaFX Application Thread] DEBUG GameScene            - Entity removed from scene
22:05:25.666 [JavaFX Application Thread] DEBUG GameScene            - Removed MainViewComponent
22:05:25.666 [JavaFX Application Thread] DEBUG GameScene            - Entity removed from scene
22:05:25.666 [JavaFX Application Thread] DEBUG GameScene            - Removed MainViewComponent
22:05:25.666 [JavaFX Application Thread] DEBUG GameScene            - Entity removed from scene
22:05:25.666 [JavaFX Application Thread] DEBUG GameScene            - Removed MainViewComponent
22:05:25.666 [JavaFX Application Thread] DEBUG GameScene            - Entity removed from scene
22:05:25.666 [JavaFX Application Thread] DEBUG GameScene            - Removed MainViewComponent
22:05:25.999 [JavaFX Application Thread] DEBUG GameScene            - Entity removed from scene
22:05:25.999 [JavaFX Application Thread] DEBUG GameScene            - Removed MainViewComponent
22:05:26.000 [JavaFX Application Thread] DEBUG GameScene            - Entity removed from scene
22:05:26.000 [JavaFX Application Thread] DEBUG GameScene            - Removed MainViewComponent
22:05:26.000 [JavaFX Application Thread] DEBUG GameScene            - Entity removed from scene
22:05:26.000 [JavaFX Application Thread] DEBUG GameScene            - Removed MainViewComponent
22:05:26.000 [JavaFX Application Thread] DEBUG GameScene            - Entity removed from scene
22:05:26.000 [JavaFX Application Thread] DEBUG GameScene            - Removed MainViewComponent
22:05:26.000 [JavaFX Application Thread] DEBUG GameScene            - Entity removed from scene
22:05:26.000 [JavaFX Application Thread] DEBUG GameScene            - Removed MainViewComponent
22:05:26.000 [JavaFX Application Thread] DEBUG GameScene            - Entity removed from scene
22:05:26.000 [JavaFX Application Thread] DEBUG GameScene            - Removed MainViewComponent
22:05:26.001 [JavaFX Application Thread] DEBUG GameScene            - Entity removed from scene
22:05:26.001 [JavaFX Application Thread] DEBUG GameScene            - Removed MainViewComponent
22:05:26.001 [JavaFX Application Thread] DEBUG GameScene            - Entity removed from scene
22:05:26.001 [JavaFX Application Thread] DEBUG GameScene            - Removed MainViewComponent
22:05:26.001 [JavaFX Application Thread] DEBUG GameScene            - Entity removed from scene
22:05:26.001 [JavaFX Application Thread] DEBUG GameScene            - Removed MainViewComponent
22:05:26.001 [JavaFX Application Thread] DEBUG GameScene            - Entity removed from scene
22:05:26.001 [JavaFX Application Thread] DEBUG GameScene            - Removed MainViewComponent
22:05:26.001 [JavaFX Application Thread] DEBUG GameScene            - Entity removed from scene
22:05:26.001 [JavaFX Application Thread] DEBUG GameScene            - Removed MainViewComponent
22:05:26.001 [JavaFX Application Thread] DEBUG GameScene            - Entity removed from scene
22:05:26.001 [JavaFX Application Thread] DEBUG GameScene            - Removed MainViewComponent
22:05:26.002 [JavaFX Application Thread] DEBUG GameScene            - Entity removed from scene
22:05:26.002 [JavaFX Application Thread] DEBUG GameScene            - Removed MainViewComponent
22:05:26.002 [JavaFX Application Thread] DEBUG GameScene            - Entity removed from scene
22:05:26.002 [JavaFX Application Thread] DEBUG GameScene            - Removed MainViewComponent
22:05:26.002 [JavaFX Application Thread] DEBUG GameScene            - Entity removed from scene
22:05:26.002 [JavaFX Application Thread] DEBUG GameScene            - Removed MainViewComponent
22:05:26.608 [JavaFX Application Thread] DEBUG FXGLAssetLoader      - Loading from cache: /assets/textures/Ground1.png
22:05:26.609 [JavaFX Application Thread] DEBUG FXGLAssetLoader      - Loading from cache: /assets/textures/Ground1.png
22:05:26.609 [JavaFX Application Thread] DEBUG FXGLAssetLoader      - Loading from cache: /assets/textures/Ground1.png
22:05:26.610 [JavaFX Application Thread] DEBUG FXGLAssetLoader      - Loading from cache: /assets/textures/Ground1.png
22:05:26.610 [JavaFX Application Thread] DEBUG FXGLAssetLoader      - Loading from cache: /assets/textures/Ground1.png
22:05:26.623 [JavaFX Application Thread] DEBUG GameScene            - Entity added to scene
22:05:26.623 [JavaFX Application Thread] DEBUG GameScene            - Added MainViewComponent
22:05:26.624 [JavaFX Application Thread] DEBUG GameScene            - Entity added to scene
22:05:26.624 [JavaFX Application Thread] DEBUG GameScene            - Added MainViewComponent
22:05:26.624 [JavaFX Application Thread] DEBUG GameScene            - Entity added to scene
22:05:26.624 [JavaFX Application Thread] DEBUG GameScene            - Added MainViewComponent
22:05:26.624 [JavaFX Application Thread] DEBUG GameScene            - Entity added to scene
22:05:26.624 [JavaFX Application Thread] DEBUG GameScene            - Added MainViewComponent
22:05:26.624 [JavaFX Application Thread] DEBUG GameScene            - Entity added to scene
22:05:26.624 [JavaFX Application Thread] DEBUG GameScene            - Added MainViewComponent
22:05:26.768 [JavaFX Application Thread] DEBUG FXGLAssetLoader      - Loading from cache: /assets/textures/Ground1.png
22:05:26.783 [JavaFX Application Thread] DEBUG GameScene            - Entity added to scene
22:05:26.783 [JavaFX Application Thread] DEBUG GameScene            - Added MainViewComponent
22:05:27.055 [JavaFX Application Thread] DEBUG FXGLAssetLoader      - Loading from cache: /assets/textures/Ground1.png
22:05:27.056 [JavaFX Application Thread] DEBUG FXGLAssetLoader      - Loading from cache: /assets/textures/Ground1.png
22:05:27.056 [JavaFX Application Thread] DEBUG FXGLAssetLoader      - Loading from cache: /assets/textures/Ground1.png
22:05:27.057 [JavaFX Application Thread] DEBUG FXGLAssetLoader      - Loading from cache: /assets/textures/Ground1.png
22:05:27.057 [JavaFX Application Thread] DEBUG FXGLAssetLoader      - Loading from cache: /assets/textures/Ground1.png
22:05:27.058 [JavaFX Application Thread] DEBUG FXGLAssetLoader      - Loading from cache: /assets/textures/Ground1.png
22:05:27.058 [JavaFX Application Thread] DEBUG FXGLAssetLoader      - Loading from cache: /assets/textures/Ground1.png
22:05:27.058 [JavaFX Application Thread] DEBUG FXGLAssetLoader      - Loading from cache: /assets/textures/Ground1.png
22:05:27.058 [JavaFX Application Thread] DEBUG FXGLAssetLoader      - Loading from cache: /assets/textures/Ground1.png
22:05:27.059 [JavaFX Application Thread] DEBUG FXGLAssetLoader      - Loading from cache: /assets/textures/Ground1.png
22:05:27.059 [JavaFX Application Thread] DEBUG FXGLAssetLoader      - Loading from cache: /assets/textures/Ground1.png
22:05:27.059 [JavaFX Application Thread] DEBUG FXGLAssetLoader      - Loading from cache: /assets/textures/Ground1.png
22:05:27.059 [JavaFX Application Thread] DEBUG FXGLAssetLoader      - Loading from cache: /assets/textures/Ground1.png
22:05:27.059 [JavaFX Application Thread] DEBUG FXGLAssetLoader      - Loading from cache: /assets/textures/Ground1.png
22:05:27.060 [JavaFX Application Thread] DEBUG FXGLAssetLoader      - Loading from cache: /assets/textures/Ground1.png
22:05:27.060 [JavaFX Application Thread] DEBUG FXGLAssetLoader      - Loading from cache: /assets/textures/Ground1.png
22:05:27.071 [JavaFX Application Thread] DEBUG GameScene            - Entity added to scene
22:05:27.072 [JavaFX Application Thread] DEBUG GameScene            - Added MainViewComponent
22:05:27.072 [JavaFX Application Thread] DEBUG GameScene            - Entity added to scene
22:05:27.072 [JavaFX Application Thread] DEBUG GameScene            - Added MainViewComponent
22:05:27.072 [JavaFX Application Thread] DEBUG GameScene            - Entity added to scene
22:05:27.072 [JavaFX Application Thread] DEBUG GameScene            - Added MainViewComponent
22:05:27.072 [JavaFX Application Thread] DEBUG GameScene            - Entity added to scene
22:05:27.072 [JavaFX Application Thread] DEBUG GameScene            - Added MainViewComponent
22:05:27.072 [JavaFX Application Thread] DEBUG GameScene            - Entity added to scene
22:05:27.072 [JavaFX Application Thread] DEBUG GameScene            - Added MainViewComponent
22:05:27.072 [JavaFX Application Thread] DEBUG GameScene            - Entity added to scene
22:05:27.073 [JavaFX Application Thread] DEBUG GameScene            - Added MainViewComponent
22:05:27.073 [JavaFX Application Thread] DEBUG GameScene            - Entity added to scene
22:05:27.073 [JavaFX Application Thread] DEBUG GameScene            - Added MainViewComponent
22:05:27.073 [JavaFX Application Thread] DEBUG GameScene            - Entity added to scene
22:05:27.073 [JavaFX Application Thread] DEBUG GameScene            - Added MainViewComponent
22:05:27.073 [JavaFX Application Thread] DEBUG GameScene            - Entity added to scene
22:05:27.073 [JavaFX Application Thread] DEBUG GameScene            - Added MainViewComponent
22:05:27.073 [JavaFX Application Thread] DEBUG GameScene            - Entity added to scene
22:05:27.073 [JavaFX Application Thread] DEBUG GameScene            - Added MainViewComponent
22:05:27.073 [JavaFX Application Thread] DEBUG GameScene            - Entity added to scene
22:05:27.073 [JavaFX Application Thread] DEBUG GameScene            - Added MainViewComponent
22:05:27.074 [JavaFX Application Thread] DEBUG GameScene            - Entity added to scene
22:05:27.074 [JavaFX Application Thread] DEBUG GameScene            - Added MainViewComponent
22:05:27.074 [JavaFX Application Thread] DEBUG GameScene            - Entity added to scene
22:05:27.074 [JavaFX Application Thread] DEBUG GameScene            - Added MainViewComponent
22:05:27.074 [JavaFX Application Thread] DEBUG GameScene            - Entity added to scene
22:05:27.074 [JavaFX Application Thread] DEBUG GameScene            - Added MainViewComponent
22:05:27.074 [JavaFX Application Thread] DEBUG GameScene            - Entity added to scene
22:05:27.074 [JavaFX Application Thread] DEBUG GameScene            - Added MainViewComponent
22:05:27.075 [JavaFX Application Thread] DEBUG GameScene            - Entity added to scene
22:05:27.075 [JavaFX Application Thread] DEBUG GameScene            - Added MainViewComponent
22:05:31.609 [JavaFX Application Thread] DEBUG FXGLEventBus         - Firing event: DisplayEvent[type=CLOSE_REQUEST]
22:05:31.610 [JavaFX Application Thread] DEBUG FXGLEventBus         - Firing event: FXGLEvent[type=EXIT]
22:05:31.610 [JavaFX Application Thread] DEBUG FXGLEventBus         - Firing event: SaveEvent
22:05:31.610 [JavaFX Application Thread] DEBUG FXGLInput            - Saving data to profile
22:05:31.610 [JavaFX Application Thread] DEBUG Bundle               - Logging bundle: input
22:05:31.610 [JavaFX Application Thread] DEBUG Bundle               - input.Open Fuel Shop=1
22:05:31.610 [JavaFX Application Thread] DEBUG Bundle               - input.Screenshot=H
22:05:31.610 [JavaFX Application Thread] DEBUG Bundle               - input.Dev Options=CTRL+0
22:05:31.610 [JavaFX Application Thread] DEBUG Bundle               - input.Move up=W
22:05:31.610 [JavaFX Application Thread] DEBUG Bundle               - input.Open Sell=2
22:05:31.610 [JavaFX Application Thread] DEBUG Bundle               - input.Move With Mouse=PRIMARY
22:05:31.610 [JavaFX Application Thread] DEBUG FXGLDisplay          - Saving data to profile
22:05:31.610 [JavaFX Application Thread] DEBUG Bundle               - Logging bundle: scene
22:05:31.610 [JavaFX Application Thread] DEBUG Bundle               - scene.sizeW=822.8571428571428
22:05:31.610 [JavaFX Application Thread] DEBUG Bundle               - scene.sizeH=720.0
22:05:31.610 [JavaFX Application Thread] DEBUG FXGLAudioPlayer      - Saving data to profile
22:05:31.610 [JavaFX Application Thread] DEBUG Bundle               - Logging bundle: audio
22:05:31.610 [JavaFX Application Thread] DEBUG Bundle               - audio.musicVolume=1.0
22:05:31.610 [JavaFX Application Thread] DEBUG Bundle               - audio.soundVolume=0.47449908925318784
22:05:31.610 [JavaFX Application Thread] DEBUG AchievementManager   - Saving data to profile
22:05:31.610 [JavaFX Application Thread] DEBUG Bundle               - Logging bundle: achievement
22:05:31.610 [JavaFX Application Thread] DEBUG FXGLMasterTimer      - Saving data to profile
22:05:31.611 [JavaFX Application Thread] DEBUG Bundle               - Logging bundle: timer
22:05:31.611 [JavaFX Application Thread] DEBUG Bundle               - timer.playtime=1725455266694
22:05:31.611 [JavaFX Application Thread] DEBUG SaveLoadManager      - Saving profile: Mack
22:05:31.612 [JavaFX Application Thread] DEBUG IOTask               - Executing task: writeDataTask(./profiles/Mack/user.profile)
22:05:31.612 [JavaFX Application Thread] DEBUG IOTask               - Executing task: writeDataTask(./profiles/Mack/user.profile)
22:05:31.614 [JavaFX Application Thread] DEBUG FS                   - Writing to: .\profiles\Mack\user.profile
22:05:31.616 [JavaFX Application Thread] DEBUG IOTask               - Executing task: checkSavesDir(./profiles/Mack/saves/)
22:05:31.617 [JavaFX Application Thread] DEBUG IOTask               - Task succeeded: writeDataTask(./profiles/Mack/user.profile)
22:05:31.619 [JavaFX Application Thread] DEBUG FXGL                 - Saving FXGL system data
22:05:31.620 [JavaFX Application Thread] DEBUG IOTask               - Executing task: writeDataTask(system/fxgl.bundle)
22:05:31.620 [JavaFX Application Thread] DEBUG FS                   - Writing to: system\fxgl.bundle
22:05:31.623 [JavaFX Application Thread] DEBUG IOTask               - Task succeeded: writeDataTask(system/fxgl.bundle)
