18:06:41.751 [FXGL Launcher Thread     ] DEBUG FXGLLoggerFactory    - Service [LoggerFactory] initialized
18:06:41.755 [FXGL Launcher Thread     ] DEBUG FXGL                 - FXGL configuration complete
18:06:41.755 [FXGL Launcher Thread     ] DEBUG FXGL                 - Loading FXGL system data
18:06:41.758 [FXGL Launcher Thread     ] DEBUG IOTask               - Executing task: readDataTask(system/fxgl.bundle)
18:06:41.761 [FXGL Launcher Thread     ] DEBUG FS                   - Reading from: system\fxgl.bundle
18:06:41.766 [FXGL Launcher Thread     ] DEBUG IOTask               - Task succeeded: readDataTask(system/fxgl.bundle)
18:06:41.766 [FXGL Launcher Thread     ] DEBUG Bundle               - Logging bundle: FXGL
18:06:41.766 [FXGL Launcher Thread     ] DEBUG Bundle               - FXGL.offline.timer.version.check=2017-01-12T08:38:28.585
18:06:41.771 [FXGL Launcher Thread     ] DEBUG GameApplication      - Configuring GameApplication
18:06:41.774 [FXGL Launcher Thread     ] DEBUG FXGLExceptionHandler - Service [ExceptionHandler] initialized
18:06:41.775 [FXGL Launcher Thread     ] DEBUG FXGLEventBus         - Service [EventBus] initialized
18:06:41.777 [FXGL Launcher Thread     ] DEBUG FXGLExecutor         - Service [Executor] initialized
18:06:41.777 [FXGL Launcher Thread     ] DEBUG PreInitTask          - Injecting gameWorld & physicsWorld
18:06:41.781 [FXGL Launcher Thread     ] DEBUG GameWorld            - Game world initialized
18:06:41.813 [FXGL Launcher Thread     ] DEBUG FXGLPooler           - Service [Pooler] initialized with default size = 128
18:06:41.813 [FXGL Launcher Thread     ] DEBUG PhysicsWorld         - Physics world initialized: appHeight=700.0, physics.ppm=50.0
18:06:41.814 [FXGL Launcher Thread     ] DEBUG FXGLInput            - Service [Input] initialized
18:06:41.829 [FXGL Launcher Thread     ] DEBUG FXGLInput            - Registered new binding: Screenshot - P
18:06:41.829 [FXGL Launcher Thread     ] DEBUG FXGLInput            - Registered new binding: Dev Options - CTRL+0
18:06:41.829 [FXGL Launcher Thread     ] DEBUG FXGLInput            - Registered new binding: Move Up - W
18:06:41.829 [FXGL Launcher Thread     ] DEBUG FXGLInput            - Registered new binding: Move Right - A
18:06:41.830 [FXGL Launcher Thread     ] DEBUG FXGLInput            - Registered new binding: Move Left - D
18:06:41.830 [FXGL Launcher Thread     ] DEBUG FXGLInput            - Registered new binding: Move Down - S
18:06:41.852 [FXGL Launcher Thread     ] DEBUG GameScene            - Game scene initialized: 800.0x700.0
18:06:41.858 [FXGL Launcher Thread     ] DEBUG FXGLAssetLoader      - Service [AssetLoader] initialized: cacheSize=35
18:06:41.859 [FXGL Launcher Thread     ] DEBUG FXGLAssetLoader      - Loading from disk: /assets/sounds/system/notification.wav
18:06:41.877 [FXGL Launcher Thread     ] DEBUG FXGLAssetLoader      - Loading from disk: /assets/sounds/menu/select.wav
18:06:41.879 [FXGL Launcher Thread     ] DEBUG FXGLAssetLoader      - Loading from disk: /assets/sounds/menu/back.wav
18:06:41.880 [FXGL Launcher Thread     ] DEBUG FXGLAssetLoader      - Loading from disk: /assets/sounds/menu/press.wav
18:06:41.881 [FXGL Launcher Thread     ] DEBUG FXGLAssetLoader      - Loading from disk: /assets/ui/fonts/Copperplate_Gothic_Light_Regular.ttf
18:06:42.018 [FXGL Launcher Thread     ] DEBUG FXGLAssetLoader      - Loading from disk: /assets/ui/css/fxgl.css
18:06:42.018 [FXGL Launcher Thread     ] DEBUG FXGLAssetLoader      - Loading from disk: /assets/ui/icons/fxgl_icon.png
18:06:42.050 [FXGL Launcher Thread     ] DEBUG FXGLAssetLoader      - Loading from disk: /assets/ui/css/fxgl_dark.css
18:06:42.059 [FXGL Launcher Thread     ] DEBUG FXGLDisplay          - Target size: DoubleProperty [value: 800.0] x DoubleProperty [value: 700.0] @ 1.0
18:06:42.059 [FXGL Launcher Thread     ] DEBUG FXGLDisplay          - New size:    800.0 x 700.0 @ DoubleProperty [value: 1.0]
18:06:42.059 [FXGL Launcher Thread     ] DEBUG FXGLDisplay          - Service [Display] initialized
18:06:42.060 [FXGL Launcher Thread     ] DEBUG FXGLDisplay          - Using CSS: CSS(externalForm=jar:file:/I:/Documents/NetBeansProjects/MotherLoad/MotherLoad/lib/fxgl-0.2.9-uber.jar!/assets/ui/css/fxgl_dark.css)
18:06:42.060 [FXGL Launcher Thread     ] DEBUG InitScenesTask       - Injecting loadingScene & gameScene
18:06:42.081 [FXGL Launcher Thread     ] DEBUG FXGLMasterTimer      - Service [MasterTimer] initialized
18:06:42.083 [FXGL Launcher Thread     ] DEBUG FXGLAudioPlayer      - Service [AudioPlayer] initialized
18:06:42.090 [FXGL Launcher Thread     ] DEBUG InitProfilerTask     - Injecting profiler
18:06:42.090 [FXGL Launcher Thread     ] DEBUG GameApplication      - Starting new game
18:06:42.092 [FXGL Launcher Thread     ] DEBUG GameApplication      - Initializing App
18:06:42.093 [FXGL Launcher Thread     ] DEBUG FXGLInput            - Clearing active input actions
18:06:42.093 [FXGL Launcher Thread     ] DEBUG FXGLMasterTimer      - Stopping master timer
18:06:42.093 [FXGL Launcher Thread     ] DEBUG GameApplication      - State: STARTUP -> PAUSED
18:06:42.094 [FXGL Launcher Thread     ] DEBUG FXGLEventBus         - Firing event: FXGLEvent[type=PAUSE]
18:06:42.095 [FXGL Launcher Thread     ] DEBUG FXGLInput            - Clearing active input actions
18:06:42.095 [FXGL Launcher Thread     ] DEBUG FXGLMasterTimer      - Resetting ticks and clearing all actions
18:06:42.095 [FXGL Launcher Thread     ] DEBUG GameWorld            - Resetting game world
18:06:42.095 [FXGL Launcher Thread     ] TRACE EntityWorld          - Resetting entity world
18:06:42.096 [FXGL Launcher Thread     ] DEBUG PhysicsWorld         - Resetting physics world
18:06:42.096 [FXGL Launcher Thread     ] DEBUG GameScene            - Resetting game scene
18:06:42.096 [FXGL Launcher Thread     ] DEBUG FXGLEventBus         - Firing event: FXGLEvent[type=RESET]
18:06:42.146 [FXGL Launcher Thread     ] DEBUG GameApplication      - State: PAUSED -> LOADING
18:06:42.172 [FXGL Background Thread 1 ] DEBUG InitAppTask          - Initializing Assets
18:06:42.172 [FXGL Background Thread 1 ] DEBUG InitAppTask          - Initializing Game
18:06:42.184 [FXGL Background Thread 1 ] DEBUG FXGLAssetLoader      - Loading from disk: /assets/textures/player.png
18:06:42.191 [FXGL Background Thread 1 ] DEBUG InitAppTask          - Initializing Physics
18:06:42.191 [FXGL Background Thread 1 ] DEBUG InitAppTask          - Initializing UI
18:06:42.191 [FXGL Background Thread 1 ] DEBUG InitAppTask          - Initialization Complete
18:06:42.218 [JavaFX Application Thread] DEBUG FXGLDisplay          - Showing stage
18:06:42.218 [JavaFX Application Thread] DEBUG FXGLDisplay          - Root size: 800.0x700.0
18:06:42.218 [JavaFX Application Thread] DEBUG FXGLDisplay          - Scene size: 800.0x700.0
18:06:42.218 [JavaFX Application Thread] DEBUG FXGLDisplay          - Stage size: 816.0x739.0
18:06:42.261 [JavaFX Application Thread] DEBUG FXGLInput            - Clearing active input actions
18:06:42.262 [JavaFX Application Thread] DEBUG FXGLMasterTimer      - Starting master timer
18:06:42.262 [JavaFX Application Thread] DEBUG GameApplication      - State: LOADING -> PLAYING
18:06:42.266 [JavaFX Application Thread] DEBUG FXGLEventBus         - Firing event: FXGLEvent[type=RESUME]
18:06:42.269 [JavaFX Application Thread] DEBUG GameScene            - Entity added to scene
18:06:42.269 [JavaFX Application Thread] DEBUG GameScene            - Added MainViewComponent
18:06:42.271 [JavaFX Application Thread] DEBUG GameScene            - Creating render group for layer: TOP(2147483647)
18:06:46.758 [JavaFX Application Thread] DEBUG FXGLEventBus         - Firing event: DisplayEvent[type=CLOSE_REQUEST]
18:06:46.759 [JavaFX Application Thread] DEBUG FXGLEventBus         - Firing event: FXGLEvent[type=EXIT]
18:06:46.761 [JavaFX Application Thread] DEBUG FXGL                 - Saving FXGL system data
18:06:46.762 [JavaFX Application Thread] DEBUG IOTask               - Executing task: writeDataTask(system/fxgl.bundle)
18:06:46.763 [JavaFX Application Thread] DEBUG FS                   - Writing to: system\fxgl.bundle
18:06:46.766 [JavaFX Application Thread] DEBUG IOTask               - Task succeeded: writeDataTask(system/fxgl.bundle)
