19:21:50.118 [FXGL Launcher Thread     ] DEBUG FXGLLoggerFactory    - Service [LoggerFactory] initialized
19:21:50.121 [FXGL Launcher Thread     ] DEBUG FXGL                 - FXGL configuration complete
19:21:50.121 [FXGL Launcher Thread     ] DEBUG FXGL                 - Loading FXGL system data
19:21:50.124 [FXGL Launcher Thread     ] DEBUG IOTask               - Executing task: readDataTask(system/fxgl.bundle)
19:21:50.127 [FXGL Launcher Thread     ] DEBUG FS                   - Reading from: system\fxgl.bundle
19:21:50.131 [FXGL Launcher Thread     ] DEBUG IOTask               - Task succeeded: readDataTask(system/fxgl.bundle)
19:21:50.132 [FXGL Launcher Thread     ] DEBUG Bundle               - Logging bundle: FXGL
19:21:50.132 [FXGL Launcher Thread     ] DEBUG Bundle               - FXGL.offline.timer.version.check=2017-01-12T08:38:28.585
19:21:50.137 [FXGL Launcher Thread     ] DEBUG GameApplication      - Configuring GameApplication
19:21:50.141 [FXGL Launcher Thread     ] DEBUG FXGLExceptionHandler - Service [ExceptionHandler] initialized
19:21:50.141 [FXGL Launcher Thread     ] DEBUG FXGLEventBus         - Service [EventBus] initialized
19:21:50.144 [FXGL Launcher Thread     ] DEBUG FXGLExecutor         - Service [Executor] initialized
19:21:50.144 [FXGL Launcher Thread     ] DEBUG PreInitTask          - Injecting gameWorld & physicsWorld
19:21:50.148 [FXGL Launcher Thread     ] DEBUG GameWorld            - Game world initialized
19:21:50.179 [FXGL Launcher Thread     ] DEBUG FXGLPooler           - Service [Pooler] initialized with default size = 128
19:21:50.180 [FXGL Launcher Thread     ] DEBUG PhysicsWorld         - Physics world initialized: appHeight=700.0, physics.ppm=50.0
19:21:50.180 [FXGL Launcher Thread     ] DEBUG FXGLInput            - Service [Input] initialized
19:21:50.195 [FXGL Launcher Thread     ] DEBUG FXGLInput            - Registered new binding: Screenshot - P
19:21:50.196 [FXGL Launcher Thread     ] DEBUG FXGLInput            - Registered new binding: Dev Options - CTRL+0
19:21:50.196 [FXGL Launcher Thread     ] DEBUG FXGLInput            - Registered new binding: Move With Mouse - PRIMARY
19:21:50.218 [FXGL Launcher Thread     ] DEBUG GameScene            - Game scene initialized: 800.0x700.0
19:21:50.225 [FXGL Launcher Thread     ] DEBUG FXGLAssetLoader      - Service [AssetLoader] initialized: cacheSize=35
19:21:50.227 [FXGL Launcher Thread     ] DEBUG FXGLAssetLoader      - Loading from disk: /assets/sounds/system/notification.wav
19:21:50.247 [FXGL Launcher Thread     ] DEBUG FXGLAssetLoader      - Loading from disk: /assets/sounds/menu/select.wav
19:21:50.248 [FXGL Launcher Thread     ] DEBUG FXGLAssetLoader      - Loading from disk: /assets/sounds/menu/back.wav
19:21:50.249 [FXGL Launcher Thread     ] DEBUG FXGLAssetLoader      - Loading from disk: /assets/sounds/menu/press.wav
19:21:50.251 [FXGL Launcher Thread     ] DEBUG FXGLAssetLoader      - Loading from disk: /assets/ui/fonts/Copperplate_Gothic_Light_Regular.ttf
19:21:50.384 [FXGL Launcher Thread     ] DEBUG FXGLAssetLoader      - Loading from disk: /assets/ui/css/fxgl.css
19:21:50.384 [FXGL Launcher Thread     ] DEBUG FXGLAssetLoader      - Loading from disk: /assets/ui/icons/fxgl_icon.png
19:21:50.415 [FXGL Launcher Thread     ] DEBUG FXGLAssetLoader      - Loading from disk: /assets/ui/css/fxgl_dark.css
19:21:50.424 [FXGL Launcher Thread     ] DEBUG FXGLDisplay          - Target size: DoubleProperty [value: 800.0] x DoubleProperty [value: 700.0] @ 1.0
19:21:50.424 [FXGL Launcher Thread     ] DEBUG FXGLDisplay          - New size:    800.0 x 700.0 @ DoubleProperty [value: 1.0]
19:21:50.424 [FXGL Launcher Thread     ] DEBUG FXGLDisplay          - Service [Display] initialized
19:21:50.424 [FXGL Launcher Thread     ] DEBUG FXGLDisplay          - Using CSS: CSS(externalForm=jar:file:/I:/Documents/NetBeansProjects/MotherLoad/MotherLoad/lib/fxgl-0.2.9-uber.jar!/assets/ui/css/fxgl_dark.css)
19:21:50.425 [FXGL Launcher Thread     ] DEBUG InitScenesTask       - Injecting loadingScene & gameScene
19:21:50.445 [FXGL Launcher Thread     ] DEBUG FXGLMasterTimer      - Service [MasterTimer] initialized
19:21:50.447 [FXGL Launcher Thread     ] DEBUG FXGLAudioPlayer      - Service [AudioPlayer] initialized
19:21:50.453 [FXGL Launcher Thread     ] DEBUG InitProfilerTask     - Injecting profiler
19:21:50.454 [FXGL Launcher Thread     ] DEBUG GameApplication      - Starting new game
19:21:50.455 [FXGL Launcher Thread     ] DEBUG GameApplication      - Initializing App
19:21:50.456 [FXGL Launcher Thread     ] DEBUG FXGLInput            - Clearing active input actions
19:21:50.456 [FXGL Launcher Thread     ] DEBUG FXGLMasterTimer      - Stopping master timer
19:21:50.456 [FXGL Launcher Thread     ] DEBUG GameApplication      - State: STARTUP -> PAUSED
19:21:50.457 [FXGL Launcher Thread     ] DEBUG FXGLEventBus         - Firing event: FXGLEvent[type=PAUSE]
19:21:50.458 [FXGL Launcher Thread     ] DEBUG FXGLInput            - Clearing active input actions
19:21:50.458 [FXGL Launcher Thread     ] DEBUG FXGLMasterTimer      - Resetting ticks and clearing all actions
19:21:50.458 [FXGL Launcher Thread     ] DEBUG GameWorld            - Resetting game world
19:21:50.458 [FXGL Launcher Thread     ] TRACE EntityWorld          - Resetting entity world
19:21:50.459 [FXGL Launcher Thread     ] DEBUG PhysicsWorld         - Resetting physics world
19:21:50.459 [FXGL Launcher Thread     ] DEBUG GameScene            - Resetting game scene
19:21:50.459 [FXGL Launcher Thread     ] DEBUG FXGLEventBus         - Firing event: FXGLEvent[type=RESET]
19:21:50.509 [FXGL Launcher Thread     ] DEBUG GameApplication      - State: PAUSED -> LOADING
19:21:50.535 [FXGL Background Thread 1 ] DEBUG InitAppTask          - Initializing Assets
19:21:50.535 [FXGL Background Thread 1 ] DEBUG InitAppTask          - Initializing Game
19:21:50.550 [FXGL Background Thread 1 ] DEBUG FXGLAssetLoader      - Loading from disk: /assets/textures/PlayerLeft.png
19:21:50.557 [FXGL Background Thread 1 ] DEBUG FXGLAssetLoader      - Loading from disk: /assets/textures/Ground1.png
19:21:50.559 [FXGL Background Thread 1 ] DEBUG FXGLAssetLoader      - Loading from cache: /assets/textures/Ground1.png
19:21:50.560 [FXGL Background Thread 1 ] DEBUG FXGLAssetLoader      - Loading from cache: /assets/textures/Ground1.png
19:21:50.561 [FXGL Background Thread 1 ] DEBUG FXGLAssetLoader      - Loading from cache: /assets/textures/Ground1.png
19:21:50.562 [FXGL Background Thread 1 ] DEBUG FXGLAssetLoader      - Loading from cache: /assets/textures/Ground1.png
19:21:50.563 [FXGL Background Thread 1 ] DEBUG FXGLAssetLoader      - Loading from cache: /assets/textures/Ground1.png
19:21:50.564 [FXGL Background Thread 1 ] DEBUG FXGLAssetLoader      - Loading from cache: /assets/textures/Ground1.png
19:21:50.565 [FXGL Background Thread 1 ] DEBUG FXGLAssetLoader      - Loading from cache: /assets/textures/Ground1.png
19:21:50.566 [FXGL Background Thread 1 ] DEBUG FXGLAssetLoader      - Loading from cache: /assets/textures/Ground1.png
19:21:50.566 [FXGL Background Thread 1 ] DEBUG FXGLAssetLoader      - Loading from cache: /assets/textures/Ground1.png
19:21:50.567 [FXGL Background Thread 1 ] DEBUG FXGLAssetLoader      - Loading from cache: /assets/textures/Ground1.png
19:21:50.567 [FXGL Background Thread 1 ] DEBUG FXGLAssetLoader      - Loading from cache: /assets/textures/Ground1.png
19:21:50.568 [FXGL Background Thread 1 ] DEBUG FXGLAssetLoader      - Loading from cache: /assets/textures/Ground1.png
19:21:50.568 [FXGL Background Thread 1 ] DEBUG FXGLAssetLoader      - Loading from cache: /assets/textures/Ground1.png
19:21:50.569 [FXGL Background Thread 1 ] DEBUG FXGLAssetLoader      - Loading from cache: /assets/textures/Ground1.png
19:21:50.570 [FXGL Background Thread 1 ] DEBUG FXGLAssetLoader      - Loading from cache: /assets/textures/Ground1.png
19:21:50.570 [FXGL Background Thread 1 ] DEBUG FXGLAssetLoader      - Loading from cache: /assets/textures/Ground1.png
19:21:50.571 [FXGL Background Thread 1 ] DEBUG FXGLAssetLoader      - Loading from cache: /assets/textures/Ground1.png
19:21:50.571 [FXGL Background Thread 1 ] DEBUG FXGLAssetLoader      - Loading from cache: /assets/textures/Ground1.png
19:21:50.572 [FXGL Background Thread 1 ] DEBUG FXGLAssetLoader      - Loading from cache: /assets/textures/Ground1.png
19:21:50.573 [FXGL Background Thread 1 ] DEBUG FXGLAssetLoader      - Loading from cache: /assets/textures/Ground1.png
19:21:50.573 [FXGL Background Thread 1 ] DEBUG FXGLAssetLoader      - Loading from cache: /assets/textures/Ground1.png
19:21:50.574 [FXGL Background Thread 1 ] DEBUG FXGLAssetLoader      - Loading from cache: /assets/textures/Ground1.png
19:21:50.574 [FXGL Background Thread 1 ] DEBUG FXGLAssetLoader      - Loading from cache: /assets/textures/Ground1.png
19:21:50.575 [FXGL Background Thread 1 ] DEBUG FXGLAssetLoader      - Loading from cache: /assets/textures/Ground1.png
19:21:50.575 [FXGL Background Thread 1 ] DEBUG FXGLAssetLoader      - Loading from cache: /assets/textures/Ground1.png
19:21:50.576 [FXGL Background Thread 1 ] DEBUG FXGLAssetLoader      - Loading from cache: /assets/textures/Ground1.png
19:21:50.577 [FXGL Background Thread 1 ] DEBUG FXGLAssetLoader      - Loading from cache: /assets/textures/Ground1.png
19:21:50.577 [FXGL Background Thread 1 ] DEBUG FXGLAssetLoader      - Loading from cache: /assets/textures/Ground1.png
19:21:50.578 [FXGL Background Thread 1 ] DEBUG FXGLAssetLoader      - Loading from cache: /assets/textures/Ground1.png
19:21:50.578 [FXGL Background Thread 1 ] DEBUG FXGLAssetLoader      - Loading from cache: /assets/textures/Ground1.png
19:21:50.578 [FXGL Background Thread 1 ] DEBUG FXGLAssetLoader      - Loading from cache: /assets/textures/Ground1.png
19:21:50.579 [FXGL Background Thread 1 ] DEBUG FXGLAssetLoader      - Loading from cache: /assets/textures/Ground1.png
19:21:50.579 [FXGL Background Thread 1 ] DEBUG FXGLAssetLoader      - Loading from cache: /assets/textures/Ground1.png
19:21:50.580 [FXGL Background Thread 1 ] DEBUG FXGLAssetLoader      - Loading from cache: /assets/textures/Ground1.png
19:21:50.580 [FXGL Background Thread 1 ] DEBUG FXGLAssetLoader      - Loading from cache: /assets/textures/Ground1.png
19:21:50.581 [FXGL Background Thread 1 ] DEBUG FXGLAssetLoader      - Loading from cache: /assets/textures/Ground1.png
19:21:50.581 [JavaFX Application Thread] DEBUG FXGLDisplay          - Showing stage
19:21:50.582 [JavaFX Application Thread] DEBUG FXGLDisplay          - Root size: 800.0x700.0
19:21:50.582 [JavaFX Application Thread] DEBUG FXGLDisplay          - Scene size: 800.0x700.0
19:21:50.582 [JavaFX Application Thread] DEBUG FXGLDisplay          - Stage size: 816.0x739.0
19:21:50.582 [FXGL Background Thread 1 ] DEBUG FXGLAssetLoader      - Loading from cache: /assets/textures/Ground1.png
19:21:50.582 [FXGL Background Thread 1 ] DEBUG FXGLAssetLoader      - Loading from cache: /assets/textures/Ground1.png
19:21:50.583 [FXGL Background Thread 1 ] DEBUG FXGLAssetLoader      - Loading from cache: /assets/textures/Ground1.png
19:21:50.584 [FXGL Background Thread 1 ] DEBUG FXGLAssetLoader      - Loading from cache: /assets/textures/Ground1.png
19:21:50.585 [FXGL Background Thread 1 ] DEBUG FXGLAssetLoader      - Loading from cache: /assets/textures/Ground1.png
19:21:50.585 [FXGL Background Thread 1 ] DEBUG FXGLAssetLoader      - Loading from cache: /assets/textures/Ground1.png
19:21:50.585 [FXGL Background Thread 1 ] DEBUG FXGLAssetLoader      - Loading from cache: /assets/textures/Ground1.png
19:21:50.586 [FXGL Background Thread 1 ] DEBUG FXGLAssetLoader      - Loading from cache: /assets/textures/Ground1.png
19:21:50.586 [FXGL Background Thread 1 ] DEBUG FXGLAssetLoader      - Loading from cache: /assets/textures/Ground1.png
19:21:50.587 [FXGL Background Thread 1 ] DEBUG FXGLAssetLoader      - Loading from cache: /assets/textures/Ground1.png
19:21:50.588 [FXGL Background Thread 1 ] DEBUG FXGLAssetLoader      - Loading from cache: /assets/textures/Ground1.png
19:21:50.588 [FXGL Background Thread 1 ] DEBUG FXGLAssetLoader      - Loading from cache: /assets/textures/Ground1.png
19:21:50.589 [FXGL Background Thread 1 ] DEBUG FXGLAssetLoader      - Loading from cache: /assets/textures/Ground1.png
19:21:50.589 [FXGL Background Thread 1 ] DEBUG FXGLAssetLoader      - Loading from cache: /assets/textures/Ground1.png
19:21:50.589 [FXGL Background Thread 1 ] DEBUG FXGLAssetLoader      - Loading from cache: /assets/textures/Ground1.png
19:21:50.590 [FXGL Background Thread 1 ] DEBUG FXGLAssetLoader      - Loading from cache: /assets/textures/Ground1.png
19:21:50.590 [FXGL Background Thread 1 ] DEBUG FXGLAssetLoader      - Loading from cache: /assets/textures/Ground1.png
19:21:50.591 [FXGL Background Thread 1 ] DEBUG FXGLAssetLoader      - Loading from cache: /assets/textures/Ground1.png
19:21:50.591 [FXGL Background Thread 1 ] DEBUG FXGLAssetLoader      - Loading from cache: /assets/textures/Ground1.png
19:21:50.592 [FXGL Background Thread 1 ] DEBUG FXGLAssetLoader      - Loading from cache: /assets/textures/Ground1.png
19:21:50.593 [FXGL Background Thread 1 ] DEBUG FXGLAssetLoader      - Loading from cache: /assets/textures/Ground1.png
19:21:50.593 [FXGL Background Thread 1 ] DEBUG FXGLAssetLoader      - Loading from cache: /assets/textures/Ground1.png
19:21:50.594 [FXGL Background Thread 1 ] DEBUG FXGLAssetLoader      - Loading from cache: /assets/textures/Ground1.png
19:21:50.594 [FXGL Background Thread 1 ] DEBUG FXGLAssetLoader      - Loading from cache: /assets/textures/Ground1.png
19:21:50.595 [FXGL Background Thread 1 ] DEBUG FXGLAssetLoader      - Loading from cache: /assets/textures/Ground1.png
19:21:50.595 [FXGL Background Thread 1 ] DEBUG FXGLAssetLoader      - Loading from cache: /assets/textures/Ground1.png
19:21:50.597 [FXGL Background Thread 1 ] DEBUG FXGLAssetLoader      - Loading from cache: /assets/textures/Ground1.png
19:21:50.597 [FXGL Background Thread 1 ] DEBUG FXGLAssetLoader      - Loading from cache: /assets/textures/Ground1.png
19:21:50.598 [FXGL Background Thread 1 ] DEBUG FXGLAssetLoader      - Loading from cache: /assets/textures/Ground1.png
19:21:50.599 [FXGL Background Thread 1 ] DEBUG FXGLAssetLoader      - Loading from cache: /assets/textures/Ground1.png
19:21:50.599 [FXGL Background Thread 1 ] DEBUG FXGLAssetLoader      - Loading from cache: /assets/textures/Ground1.png
19:21:50.600 [FXGL Background Thread 1 ] DEBUG FXGLAssetLoader      - Loading from cache: /assets/textures/Ground1.png
19:21:50.600 [FXGL Background Thread 1 ] DEBUG FXGLAssetLoader      - Loading from cache: /assets/textures/Ground1.png
19:21:50.601 [FXGL Background Thread 1 ] DEBUG FXGLAssetLoader      - Loading from cache: /assets/textures/Ground1.png
19:21:50.601 [FXGL Background Thread 1 ] DEBUG FXGLAssetLoader      - Loading from cache: /assets/textures/Ground1.png
19:21:50.601 [FXGL Background Thread 1 ] DEBUG FXGLAssetLoader      - Loading from cache: /assets/textures/Ground1.png
19:21:50.602 [FXGL Background Thread 1 ] DEBUG FXGLAssetLoader      - Loading from cache: /assets/textures/Ground1.png
19:21:50.602 [FXGL Background Thread 1 ] DEBUG FXGLAssetLoader      - Loading from cache: /assets/textures/Ground1.png
19:21:50.602 [FXGL Background Thread 1 ] DEBUG InitAppTask          - Initializing Physics
19:21:50.603 [FXGL Background Thread 1 ] DEBUG InitAppTask          - Initializing UI
19:21:50.603 [FXGL Background Thread 1 ] DEBUG InitAppTask          - Initialization Complete
19:21:50.626 [JavaFX Application Thread] DEBUG FXGLInput            - Clearing active input actions
19:21:50.627 [JavaFX Application Thread] DEBUG FXGLMasterTimer      - Starting master timer
19:21:50.627 [JavaFX Application Thread] DEBUG GameApplication      - State: LOADING -> PLAYING
19:21:50.631 [JavaFX Application Thread] DEBUG FXGLEventBus         - Firing event: FXGLEvent[type=RESUME]
19:21:50.634 [JavaFX Application Thread] DEBUG GameScene            - Entity added to scene
19:21:50.635 [JavaFX Application Thread] DEBUG GameScene            - Added MainViewComponent
19:21:50.636 [JavaFX Application Thread] DEBUG GameScene            - Creating render group for layer: TOP(2147483647)
19:21:50.639 [JavaFX Application Thread] DEBUG GameScene            - Entity added to scene
19:21:50.639 [JavaFX Application Thread] DEBUG GameScene            - Added MainViewComponent
19:21:50.640 [JavaFX Application Thread] DEBUG GameScene            - Entity added to scene
19:21:50.640 [JavaFX Application Thread] DEBUG GameScene            - Added MainViewComponent
19:21:50.640 [JavaFX Application Thread] DEBUG GameScene            - Entity added to scene
19:21:50.640 [JavaFX Application Thread] DEBUG GameScene            - Added MainViewComponent
19:21:50.640 [JavaFX Application Thread] DEBUG GameScene            - Entity added to scene
19:21:50.640 [JavaFX Application Thread] DEBUG GameScene            - Added MainViewComponent
19:21:50.640 [JavaFX Application Thread] DEBUG GameScene            - Entity added to scene
19:21:50.640 [JavaFX Application Thread] DEBUG GameScene            - Added MainViewComponent
19:21:50.641 [JavaFX Application Thread] DEBUG GameScene            - Entity added to scene
19:21:50.641 [JavaFX Application Thread] DEBUG GameScene            - Added MainViewComponent
19:21:50.641 [JavaFX Application Thread] DEBUG GameScene            - Entity added to scene
19:21:50.641 [JavaFX Application Thread] DEBUG GameScene            - Added MainViewComponent
19:21:50.641 [JavaFX Application Thread] DEBUG GameScene            - Entity added to scene
19:21:50.641 [JavaFX Application Thread] DEBUG GameScene            - Added MainViewComponent
19:21:50.641 [JavaFX Application Thread] DEBUG GameScene            - Entity added to scene
19:21:50.641 [JavaFX Application Thread] DEBUG GameScene            - Added MainViewComponent
19:21:50.641 [JavaFX Application Thread] DEBUG GameScene            - Entity added to scene
19:21:50.641 [JavaFX Application Thread] DEBUG GameScene            - Added MainViewComponent
19:21:50.642 [JavaFX Application Thread] DEBUG GameScene            - Entity added to scene
19:21:50.642 [JavaFX Application Thread] DEBUG GameScene            - Added MainViewComponent
19:21:50.642 [JavaFX Application Thread] DEBUG GameScene            - Entity added to scene
19:21:50.642 [JavaFX Application Thread] DEBUG GameScene            - Added MainViewComponent
19:21:50.642 [JavaFX Application Thread] DEBUG GameScene            - Entity added to scene
19:21:50.642 [JavaFX Application Thread] DEBUG GameScene            - Added MainViewComponent
19:21:50.642 [JavaFX Application Thread] DEBUG GameScene            - Entity added to scene
19:21:50.642 [JavaFX Application Thread] DEBUG GameScene            - Added MainViewComponent
19:21:50.642 [JavaFX Application Thread] DEBUG GameScene            - Entity added to scene
19:21:50.643 [JavaFX Application Thread] DEBUG GameScene            - Added MainViewComponent
19:21:50.643 [JavaFX Application Thread] DEBUG GameScene            - Entity added to scene
19:21:50.643 [JavaFX Application Thread] DEBUG GameScene            - Added MainViewComponent
19:21:50.643 [JavaFX Application Thread] DEBUG GameScene            - Entity added to scene
19:21:50.643 [JavaFX Application Thread] DEBUG GameScene            - Added MainViewComponent
19:21:50.643 [JavaFX Application Thread] DEBUG GameScene            - Entity added to scene
19:21:50.643 [JavaFX Application Thread] DEBUG GameScene            - Added MainViewComponent
19:21:50.643 [JavaFX Application Thread] DEBUG GameScene            - Entity added to scene
19:21:50.643 [JavaFX Application Thread] DEBUG GameScene            - Added MainViewComponent
19:21:50.644 [JavaFX Application Thread] DEBUG GameScene            - Entity added to scene
19:21:50.644 [JavaFX Application Thread] DEBUG GameScene            - Added MainViewComponent
19:21:50.644 [JavaFX Application Thread] DEBUG GameScene            - Entity added to scene
19:21:50.644 [JavaFX Application Thread] DEBUG GameScene            - Added MainViewComponent
19:21:50.644 [JavaFX Application Thread] DEBUG GameScene            - Entity added to scene
19:21:50.644 [JavaFX Application Thread] DEBUG GameScene            - Added MainViewComponent
19:21:50.644 [JavaFX Application Thread] DEBUG GameScene            - Entity added to scene
19:21:50.644 [JavaFX Application Thread] DEBUG GameScene            - Added MainViewComponent
19:21:50.644 [JavaFX Application Thread] DEBUG GameScene            - Entity added to scene
19:21:50.644 [JavaFX Application Thread] DEBUG GameScene            - Added MainViewComponent
19:21:50.645 [JavaFX Application Thread] DEBUG GameScene            - Entity added to scene
19:21:50.645 [JavaFX Application Thread] DEBUG GameScene            - Added MainViewComponent
19:21:50.645 [JavaFX Application Thread] DEBUG GameScene            - Entity added to scene
19:21:50.645 [JavaFX Application Thread] DEBUG GameScene            - Added MainViewComponent
19:21:50.645 [JavaFX Application Thread] DEBUG GameScene            - Entity added to scene
19:21:50.645 [JavaFX Application Thread] DEBUG GameScene            - Added MainViewComponent
19:21:50.645 [JavaFX Application Thread] DEBUG GameScene            - Entity added to scene
19:21:50.645 [JavaFX Application Thread] DEBUG GameScene            - Added MainViewComponent
19:21:50.645 [JavaFX Application Thread] DEBUG GameScene            - Entity added to scene
19:21:50.645 [JavaFX Application Thread] DEBUG GameScene            - Added MainViewComponent
19:21:50.646 [JavaFX Application Thread] DEBUG GameScene            - Entity added to scene
19:21:50.646 [JavaFX Application Thread] DEBUG GameScene            - Added MainViewComponent
19:21:50.646 [JavaFX Application Thread] DEBUG GameScene            - Entity added to scene
19:21:50.646 [JavaFX Application Thread] DEBUG GameScene            - Added MainViewComponent
19:21:50.646 [JavaFX Application Thread] DEBUG GameScene            - Entity added to scene
19:21:50.646 [JavaFX Application Thread] DEBUG GameScene            - Added MainViewComponent
19:21:50.646 [JavaFX Application Thread] DEBUG GameScene            - Entity added to scene
19:21:50.646 [JavaFX Application Thread] DEBUG GameScene            - Added MainViewComponent
19:21:50.646 [JavaFX Application Thread] DEBUG GameScene            - Entity added to scene
19:21:50.646 [JavaFX Application Thread] DEBUG GameScene            - Added MainViewComponent
19:21:50.647 [JavaFX Application Thread] DEBUG GameScene            - Entity added to scene
19:21:50.647 [JavaFX Application Thread] DEBUG GameScene            - Added MainViewComponent
19:21:50.647 [JavaFX Application Thread] DEBUG GameScene            - Entity added to scene
19:21:50.647 [JavaFX Application Thread] DEBUG GameScene            - Added MainViewComponent
19:21:50.647 [JavaFX Application Thread] DEBUG GameScene            - Entity added to scene
19:21:50.647 [JavaFX Application Thread] DEBUG GameScene            - Added MainViewComponent
19:21:50.647 [JavaFX Application Thread] DEBUG GameScene            - Entity added to scene
19:21:50.647 [JavaFX Application Thread] DEBUG GameScene            - Added MainViewComponent
19:21:50.647 [JavaFX Application Thread] DEBUG GameScene            - Entity added to scene
19:21:50.647 [JavaFX Application Thread] DEBUG GameScene            - Added MainViewComponent
19:21:50.648 [JavaFX Application Thread] DEBUG GameScene            - Entity added to scene
19:21:50.648 [JavaFX Application Thread] DEBUG GameScene            - Added MainViewComponent
19:21:50.648 [JavaFX Application Thread] DEBUG GameScene            - Entity added to scene
19:21:50.648 [JavaFX Application Thread] DEBUG GameScene            - Added MainViewComponent
19:21:50.648 [JavaFX Application Thread] DEBUG GameScene            - Entity added to scene
19:21:50.648 [JavaFX Application Thread] DEBUG GameScene            - Added MainViewComponent
19:21:50.648 [JavaFX Application Thread] DEBUG GameScene            - Entity added to scene
19:21:50.648 [JavaFX Application Thread] DEBUG GameScene            - Added MainViewComponent
19:21:50.648 [JavaFX Application Thread] DEBUG GameScene            - Entity added to scene
19:21:50.648 [JavaFX Application Thread] DEBUG GameScene            - Added MainViewComponent
19:21:50.649 [JavaFX Application Thread] DEBUG GameScene            - Entity added to scene
19:21:50.649 [JavaFX Application Thread] DEBUG GameScene            - Added MainViewComponent
19:21:50.649 [JavaFX Application Thread] DEBUG GameScene            - Entity added to scene
19:21:50.649 [JavaFX Application Thread] DEBUG GameScene            - Added MainViewComponent
19:21:50.649 [JavaFX Application Thread] DEBUG GameScene            - Entity added to scene
19:21:50.649 [JavaFX Application Thread] DEBUG GameScene            - Added MainViewComponent
19:21:50.649 [JavaFX Application Thread] DEBUG GameScene            - Entity added to scene
19:21:50.649 [JavaFX Application Thread] DEBUG GameScene            - Added MainViewComponent
19:21:50.649 [JavaFX Application Thread] DEBUG GameScene            - Entity added to scene
19:21:50.649 [JavaFX Application Thread] DEBUG GameScene            - Added MainViewComponent
19:21:50.650 [JavaFX Application Thread] DEBUG GameScene            - Entity added to scene
19:21:50.650 [JavaFX Application Thread] DEBUG GameScene            - Added MainViewComponent
19:21:50.650 [JavaFX Application Thread] DEBUG GameScene            - Entity added to scene
19:21:50.650 [JavaFX Application Thread] DEBUG GameScene            - Added MainViewComponent
19:21:50.650 [JavaFX Application Thread] DEBUG GameScene            - Entity added to scene
19:21:50.650 [JavaFX Application Thread] DEBUG GameScene            - Added MainViewComponent
19:21:50.650 [JavaFX Application Thread] DEBUG GameScene            - Entity added to scene
19:21:50.650 [JavaFX Application Thread] DEBUG GameScene            - Added MainViewComponent
19:21:50.650 [JavaFX Application Thread] DEBUG GameScene            - Entity added to scene
19:21:50.651 [JavaFX Application Thread] DEBUG GameScene            - Added MainViewComponent
19:21:50.651 [JavaFX Application Thread] DEBUG GameScene            - Entity added to scene
19:21:50.651 [JavaFX Application Thread] DEBUG GameScene            - Added MainViewComponent
19:21:50.651 [JavaFX Application Thread] DEBUG GameScene            - Entity added to scene
19:21:50.651 [JavaFX Application Thread] DEBUG GameScene            - Added MainViewComponent
19:21:50.651 [JavaFX Application Thread] DEBUG GameScene            - Entity added to scene
19:21:50.651 [JavaFX Application Thread] DEBUG GameScene            - Added MainViewComponent
19:21:50.651 [JavaFX Application Thread] DEBUG GameScene            - Entity added to scene
19:21:50.651 [JavaFX Application Thread] DEBUG GameScene            - Added MainViewComponent
19:21:50.651 [JavaFX Application Thread] DEBUG GameScene            - Entity added to scene
19:21:50.652 [JavaFX Application Thread] DEBUG GameScene            - Added MainViewComponent
19:21:50.652 [JavaFX Application Thread] DEBUG GameScene            - Entity added to scene
19:21:50.652 [JavaFX Application Thread] DEBUG GameScene            - Added MainViewComponent
19:21:50.652 [JavaFX Application Thread] DEBUG GameScene            - Entity added to scene
19:21:50.652 [JavaFX Application Thread] DEBUG GameScene            - Added MainViewComponent
19:21:50.652 [JavaFX Application Thread] DEBUG GameScene            - Entity added to scene
19:21:50.652 [JavaFX Application Thread] DEBUG GameScene            - Added MainViewComponent
19:21:50.652 [JavaFX Application Thread] DEBUG GameScene            - Entity added to scene
19:21:50.653 [JavaFX Application Thread] DEBUG GameScene            - Added MainViewComponent
19:21:50.653 [JavaFX Application Thread] DEBUG GameScene            - Entity added to scene
19:21:50.653 [JavaFX Application Thread] DEBUG GameScene            - Added MainViewComponent
19:21:50.653 [JavaFX Application Thread] DEBUG GameScene            - Entity added to scene
19:21:50.653 [JavaFX Application Thread] DEBUG GameScene            - Added MainViewComponent
19:21:50.653 [JavaFX Application Thread] DEBUG GameScene            - Entity added to scene
19:21:50.653 [JavaFX Application Thread] DEBUG GameScene            - Added MainViewComponent
19:21:50.654 [JavaFX Application Thread] DEBUG GameScene            - Entity added to scene
19:21:50.654 [JavaFX Application Thread] DEBUG GameScene            - Added MainViewComponent
19:21:50.654 [JavaFX Application Thread] DEBUG GameScene            - Entity added to scene
19:21:50.654 [JavaFX Application Thread] DEBUG GameScene            - Added MainViewComponent
19:21:50.654 [JavaFX Application Thread] DEBUG GameScene            - Entity added to scene
19:21:50.654 [JavaFX Application Thread] DEBUG GameScene            - Added MainViewComponent
19:21:50.654 [JavaFX Application Thread] DEBUG GameScene            - Entity added to scene
19:21:50.654 [JavaFX Application Thread] DEBUG GameScene            - Added MainViewComponent
19:21:50.655 [JavaFX Application Thread] DEBUG GameScene            - Entity added to scene
19:21:50.655 [JavaFX Application Thread] DEBUG GameScene            - Added MainViewComponent
19:21:50.655 [JavaFX Application Thread] DEBUG GameScene            - Entity added to scene
19:21:50.655 [JavaFX Application Thread] DEBUG GameScene            - Added MainViewComponent
19:21:50.655 [JavaFX Application Thread] DEBUG GameScene            - Entity added to scene
19:21:50.655 [JavaFX Application Thread] DEBUG GameScene            - Added MainViewComponent
19:21:50.655 [JavaFX Application Thread] DEBUG GameScene            - Entity added to scene
19:21:50.655 [JavaFX Application Thread] DEBUG GameScene            - Added MainViewComponent
19:21:50.655 [JavaFX Application Thread] DEBUG GameScene            - Entity added to scene
19:21:50.655 [JavaFX Application Thread] DEBUG GameScene            - Added MainViewComponent
19:22:03.080 [JavaFX Application Thread] DEBUG FXGLEventBus         - Firing event: DisplayEvent[type=CLOSE_REQUEST]
19:22:03.081 [JavaFX Application Thread] DEBUG FXGLEventBus         - Firing event: FXGLEvent[type=EXIT]
19:22:03.083 [JavaFX Application Thread] DEBUG FXGL                 - Saving FXGL system data
19:22:03.084 [JavaFX Application Thread] DEBUG IOTask               - Executing task: writeDataTask(system/fxgl.bundle)
19:22:03.085 [JavaFX Application Thread] DEBUG FS                   - Writing to: system\fxgl.bundle
19:22:03.088 [JavaFX Application Thread] DEBUG IOTask               - Task succeeded: writeDataTask(system/fxgl.bundle)
