12:48:23.471 [FXGL Launcher Thread     ] DEBUG FXGLLoggerFactory    - Service [LoggerFactory] initialized
12:48:23.485 [FXGL Launcher Thread     ] DEBUG FXGL                 - FXGL configuration complete
12:48:23.485 [FXGL Launcher Thread     ] DEBUG FXGL                 - Loading FXGL system data
12:48:23.492 [FXGL Launcher Thread     ] DEBUG IOTask               - Executing task: readDataTask(system/fxgl.bundle)
12:48:23.500 [FXGL Launcher Thread     ] DEBUG FS                   - Reading from: system\fxgl.bundle
12:48:23.521 [FXGL Launcher Thread     ] DEBUG IOTask               - Task succeeded: readDataTask(system/fxgl.bundle)
12:48:23.522 [FXGL Launcher Thread     ] DEBUG Bundle               - Logging bundle: FXGL
12:48:23.523 [FXGL Launcher Thread     ] DEBUG Bundle               - FXGL.offline.timer.version.check=2017-01-12T08:38:28.585
12:48:23.537 [FXGL Launcher Thread     ] DEBUG GameApplication      - Configuring GameApplication
12:48:23.552 [FXGL Launcher Thread     ] DEBUG FXGLExceptionHandler - Service [ExceptionHandler] initialized
12:48:23.554 [FXGL Launcher Thread     ] DEBUG FXGLEventBus         - Service [EventBus] initialized
12:48:23.566 [FXGL Launcher Thread     ] DEBUG FXGLExecutor         - Service [Executor] initialized
12:48:23.567 [FXGL Launcher Thread     ] DEBUG PreInitTask          - Injecting gameWorld & physicsWorld
12:48:23.590 [FXGL Launcher Thread     ] DEBUG GameWorld            - Game world initialized
12:48:23.746 [FXGL Launcher Thread     ] DEBUG FXGLPooler           - Service [Pooler] initialized with default size = 128
12:48:23.747 [FXGL Launcher Thread     ] DEBUG PhysicsWorld         - Physics world initialized: appHeight=700.0, physics.ppm=50.0
12:48:23.753 [FXGL Launcher Thread     ] DEBUG FXGLInput            - Service [Input] initialized
12:48:23.840 [FXGL Launcher Thread     ] DEBUG FXGLInput            - Registered new binding: Screenshot - P
12:48:23.841 [FXGL Launcher Thread     ] DEBUG FXGLInput            - Registered new binding: Dev Options - CTRL+0
12:48:23.843 [FXGL Launcher Thread     ] DEBUG FXGLInput            - Registered new binding: Move With Mouse - PRIMARY
12:48:23.843 [FXGL Launcher Thread     ] DEBUG FXGLInput            - Registered new binding: Move up - W
12:48:23.846 [FXGL Launcher Thread     ] DEBUG FXGLInput            - Registered new binding: Open Fuel Shop - 1
12:48:23.847 [FXGL Launcher Thread     ] DEBUG FXGLInput            - Registered new binding: Open Sell - 2
12:48:23.947 [FXGL Launcher Thread     ] DEBUG GameScene            - Game scene initialized: 800.0x700.0
12:48:23.977 [FXGL Launcher Thread     ] DEBUG FXGLAssetLoader      - Service [AssetLoader] initialized: cacheSize=35
12:48:23.984 [FXGL Launcher Thread     ] DEBUG FXGLAssetLoader      - Loading from disk: /assets/sounds/system/notification.wav
12:48:24.098 [FXGL Launcher Thread     ] DEBUG FXGLAssetLoader      - Loading from disk: /assets/sounds/menu/select.wav
12:48:24.102 [FXGL Launcher Thread     ] DEBUG FXGLAssetLoader      - Loading from disk: /assets/sounds/menu/back.wav
12:48:24.117 [FXGL Launcher Thread     ] DEBUG FXGLAssetLoader      - Loading from disk: /assets/sounds/menu/press.wav
12:48:24.127 [FXGL Launcher Thread     ] DEBUG FXGLAssetLoader      - Loading from disk: /assets/ui/fonts/Copperplate_Gothic_Light_Regular.ttf
12:48:24.342 [FXGL Launcher Thread     ] DEBUG FXGLAssetLoader      - Loading from disk: /assets/ui/css/fxgl.css
12:48:24.342 [FXGL Launcher Thread     ] DEBUG FXGLAssetLoader      - Loading from disk: /assets/ui/icons/fxgl_icon.png
12:48:24.447 [FXGL Launcher Thread     ] DEBUG FXGLAssetLoader      - Loading from disk: /assets/ui/css/fxgl_gta5.css
12:48:24.481 [FXGL Launcher Thread     ] DEBUG FXGLDisplay          - Target size: DoubleProperty [value: 800.0] x DoubleProperty [value: 700.0] @ 1.0
12:48:24.481 [FXGL Launcher Thread     ] DEBUG FXGLDisplay          - New size:    800.0 x 700.0 @ DoubleProperty [value: 1.0]
12:48:24.482 [FXGL Launcher Thread     ] DEBUG FXGLDisplay          - Service [Display] initialized
12:48:24.483 [FXGL Launcher Thread     ] DEBUG FXGLDisplay          - Using CSS: CSS(externalForm=jar:file:/C:/Users/Tyler/Documents/NetBeansProjects/MotherLoad/MotherLoad/lib/fxgl-0.2.9-uber.jar!/assets/ui/css/fxgl_gta5.css)
12:48:24.484 [FXGL Launcher Thread     ] DEBUG InitScenesTask       - Injecting loadingScene & gameScene
12:48:24.549 [FXGL Launcher Thread     ] DEBUG FXGLMasterTimer      - Service [MasterTimer] initialized
12:48:24.561 [FXGL Launcher Thread     ] DEBUG FXGLAudioPlayer      - Service [AudioPlayer] initialized
12:48:24.587 [FXGL Launcher Thread     ] DEBUG InitProfilerTask     - Injecting profiler
12:48:24.587 [FXGL Launcher Thread     ] DEBUG GameApplication      - Starting new game
12:48:24.595 [FXGL Launcher Thread     ] DEBUG GameApplication      - Initializing App
12:48:24.599 [FXGL Launcher Thread     ] DEBUG FXGLInput            - Clearing active input actions
12:48:24.601 [FXGL Launcher Thread     ] DEBUG FXGLMasterTimer      - Stopping master timer
12:48:24.601 [FXGL Launcher Thread     ] DEBUG GameApplication      - State: STARTUP -> PAUSED
12:48:24.603 [FXGL Launcher Thread     ] DEBUG FXGLEventBus         - Firing event: FXGLEvent[type=PAUSE]
12:48:24.608 [FXGL Launcher Thread     ] DEBUG FXGLInput            - Clearing active input actions
12:48:24.609 [FXGL Launcher Thread     ] DEBUG FXGLMasterTimer      - Resetting ticks and clearing all actions
12:48:24.609 [FXGL Launcher Thread     ] DEBUG GameWorld            - Resetting game world
12:48:24.609 [FXGL Launcher Thread     ] TRACE EntityWorld          - Resetting entity world
12:48:24.616 [FXGL Launcher Thread     ] DEBUG PhysicsWorld         - Resetting physics world
12:48:24.616 [FXGL Launcher Thread     ] DEBUG GameScene            - Resetting game scene
12:48:24.616 [FXGL Launcher Thread     ] DEBUG FXGLEventBus         - Firing event: FXGLEvent[type=RESET]
12:48:25.150 [FXGL Launcher Thread     ] DEBUG GameApplication      - State: PAUSED -> LOADING
12:48:25.231 [FXGL Background Thread 1 ] DEBUG InitAppTask          - Initializing Assets
12:48:25.234 [FXGL Background Thread 1 ] DEBUG InitAppTask          - Initializing Game
12:48:25.349 [FXGL Background Thread 1 ] DEBUG InitAppTask          - Initializing Physics
12:48:25.350 [FXGL Background Thread 1 ] DEBUG InitAppTask          - Initializing UI
12:48:25.363 [FXGL Background Thread 1 ] DEBUG GameScene            - Adding UI node: InventoryView@1860e2d5[styleClass=window]
12:48:25.369 [FXGL Background Thread 1 ] DEBUG GameScene            - Adding UI node: Text[text="Fuel Remaining: 1000", x=0.0, y=0.0, alignment=LEFT, origin=BASELINE, boundsType=LOGICAL, font=Font[name=Copperplate Gothic Light, family=Copperplate Gothic Light, style=Regular, size=20.0], fontSmoothingType=GRAY, fill=0x5f9ea0ff]
12:48:25.370 [FXGL Background Thread 1 ] DEBUG GameScene            - Adding UI node: Text[text="Armour Level: 10", x=0.0, y=0.0, alignment=LEFT, origin=BASELINE, boundsType=LOGICAL, font=Font[name=Copperplate Gothic Light, family=Copperplate Gothic Light, style=Regular, size=20.0], fontSmoothingType=GRAY, fill=0xdc143cff]
12:48:25.371 [FXGL Background Thread 1 ] DEBUG GameScene            - Adding UI node: Text[text="Credits: 100", x=0.0, y=0.0, alignment=LEFT, origin=BASELINE, boundsType=LOGICAL, font=Font[name=Copperplate Gothic Light, family=Copperplate Gothic Light, style=Regular, size=20.0], fontSmoothingType=GRAY, fill=0x00ff00ff]
12:48:25.372 [FXGL Background Thread 1 ] DEBUG InitAppTask          - Initialization Complete
12:48:25.391 [JavaFX Application Thread] DEBUG FXGLDisplay          - Showing stage
12:48:25.391 [JavaFX Application Thread] DEBUG FXGLDisplay          - Root size: 800.0x700.0
12:48:25.392 [JavaFX Application Thread] DEBUG FXGLDisplay          - Scene size: 800.0x700.0
12:48:25.392 [JavaFX Application Thread] DEBUG FXGLDisplay          - Stage size: 816.0x739.0
12:48:25.568 [JavaFX Application Thread] DEBUG FXGLInput            - Clearing active input actions
12:48:25.569 [JavaFX Application Thread] DEBUG FXGLMasterTimer      - Starting master timer
12:48:25.570 [JavaFX Application Thread] DEBUG GameApplication      - State: LOADING -> PLAYING
12:48:25.593 [JavaFX Application Thread] DEBUG FXGLEventBus         - Firing event: FXGLEvent[type=RESUME]
12:48:25.608 [JavaFX Application Thread] DEBUG GameScene            - Entity added to scene
12:48:25.609 [JavaFX Application Thread] DEBUG GameScene            - Added MainViewComponent
12:48:25.618 [JavaFX Application Thread] DEBUG GameScene            - Creating render group for layer: TOP(2147483647)
12:48:25.808 [JavaFX Application Thread] DEBUG FXGLAssetLoader      - Loading from disk: /assets/textures/Ground0.png
12:48:25.824 [JavaFX Application Thread] DEBUG FXGLAssetLoader      - Loading from cache: /assets/textures/Ground0.png
12:48:25.826 [JavaFX Application Thread] DEBUG FXGLAssetLoader      - Loading from cache: /assets/textures/Ground0.png
12:48:25.828 [JavaFX Application Thread] DEBUG FXGLAssetLoader      - Loading from cache: /assets/textures/Ground0.png
12:48:25.833 [JavaFX Application Thread] DEBUG FXGLAssetLoader      - Loading from cache: /assets/textures/Ground0.png
12:48:25.835 [JavaFX Application Thread] DEBUG FXGLAssetLoader      - Loading from cache: /assets/textures/Ground0.png
12:48:25.837 [JavaFX Application Thread] DEBUG FXGLAssetLoader      - Loading from cache: /assets/textures/Ground0.png
12:48:25.839 [JavaFX Application Thread] DEBUG FXGLAssetLoader      - Loading from cache: /assets/textures/Ground0.png
12:48:25.841 [JavaFX Application Thread] DEBUG FXGLAssetLoader      - Loading from cache: /assets/textures/Ground0.png
12:48:25.843 [JavaFX Application Thread] DEBUG FXGLAssetLoader      - Loading from cache: /assets/textures/Ground0.png
12:48:25.845 [JavaFX Application Thread] DEBUG FXGLAssetLoader      - Loading from cache: /assets/textures/Ground0.png
12:48:25.846 [JavaFX Application Thread] DEBUG FXGLAssetLoader      - Loading from cache: /assets/textures/Ground0.png
12:48:25.847 [JavaFX Application Thread] DEBUG FXGLAssetLoader      - Loading from cache: /assets/textures/Ground0.png
12:48:25.849 [JavaFX Application Thread] DEBUG FXGLAssetLoader      - Loading from cache: /assets/textures/Ground0.png
12:48:25.851 [JavaFX Application Thread] DEBUG FXGLAssetLoader      - Loading from cache: /assets/textures/Ground0.png
12:48:25.852 [JavaFX Application Thread] DEBUG FXGLAssetLoader      - Loading from cache: /assets/textures/Ground0.png
12:48:25.853 [JavaFX Application Thread] DEBUG FXGLAssetLoader      - Loading from cache: /assets/textures/Ground0.png
12:48:25.854 [JavaFX Application Thread] DEBUG FXGLAssetLoader      - Loading from cache: /assets/textures/Ground0.png
12:48:25.855 [JavaFX Application Thread] DEBUG FXGLAssetLoader      - Loading from cache: /assets/textures/Ground0.png
12:48:25.856 [JavaFX Application Thread] DEBUG FXGLAssetLoader      - Loading from cache: /assets/textures/Ground0.png
12:48:25.857 [JavaFX Application Thread] DEBUG FXGLAssetLoader      - Loading from cache: /assets/textures/Ground0.png
12:48:25.859 [JavaFX Application Thread] DEBUG FXGLAssetLoader      - Loading from cache: /assets/textures/Ground0.png
12:48:25.860 [JavaFX Application Thread] DEBUG FXGLAssetLoader      - Loading from cache: /assets/textures/Ground0.png
12:48:25.861 [JavaFX Application Thread] DEBUG FXGLAssetLoader      - Loading from cache: /assets/textures/Ground0.png
12:48:25.862 [JavaFX Application Thread] DEBUG FXGLAssetLoader      - Loading from cache: /assets/textures/Ground0.png
12:48:25.863 [JavaFX Application Thread] DEBUG FXGLAssetLoader      - Loading from cache: /assets/textures/Ground0.png
12:48:25.865 [JavaFX Application Thread] DEBUG FXGLAssetLoader      - Loading from cache: /assets/textures/Ground0.png
12:48:25.867 [JavaFX Application Thread] DEBUG FXGLAssetLoader      - Loading from cache: /assets/textures/Ground0.png
12:48:25.868 [JavaFX Application Thread] DEBUG FXGLAssetLoader      - Loading from cache: /assets/textures/Ground0.png
12:48:25.870 [JavaFX Application Thread] DEBUG FXGLAssetLoader      - Loading from cache: /assets/textures/Ground0.png
12:48:25.872 [JavaFX Application Thread] DEBUG FXGLAssetLoader      - Loading from cache: /assets/textures/Ground0.png
12:48:25.873 [JavaFX Application Thread] DEBUG FXGLAssetLoader      - Loading from cache: /assets/textures/Ground0.png
12:48:25.875 [JavaFX Application Thread] DEBUG FXGLAssetLoader      - Loading from cache: /assets/textures/Ground0.png
12:48:25.876 [JavaFX Application Thread] DEBUG FXGLAssetLoader      - Loading from cache: /assets/textures/Ground0.png
12:48:25.878 [JavaFX Application Thread] DEBUG FXGLAssetLoader      - Loading from cache: /assets/textures/Ground0.png
12:48:25.879 [JavaFX Application Thread] DEBUG FXGLAssetLoader      - Loading from cache: /assets/textures/Ground0.png
12:48:25.881 [JavaFX Application Thread] DEBUG FXGLAssetLoader      - Loading from cache: /assets/textures/Ground0.png
12:48:25.883 [JavaFX Application Thread] DEBUG FXGLAssetLoader      - Loading from cache: /assets/textures/Ground0.png
12:48:25.884 [JavaFX Application Thread] DEBUG FXGLAssetLoader      - Loading from cache: /assets/textures/Ground0.png
12:48:25.886 [JavaFX Application Thread] DEBUG FXGLAssetLoader      - Loading from cache: /assets/textures/Ground0.png
12:48:25.887 [JavaFX Application Thread] DEBUG FXGLAssetLoader      - Loading from cache: /assets/textures/Ground0.png
12:48:25.888 [JavaFX Application Thread] DEBUG FXGLAssetLoader      - Loading from cache: /assets/textures/Ground0.png
12:48:25.889 [JavaFX Application Thread] DEBUG FXGLAssetLoader      - Loading from cache: /assets/textures/Ground0.png
12:48:25.890 [JavaFX Application Thread] DEBUG FXGLAssetLoader      - Loading from cache: /assets/textures/Ground0.png
12:48:25.891 [JavaFX Application Thread] DEBUG FXGLAssetLoader      - Loading from cache: /assets/textures/Ground0.png
12:48:25.968 [JavaFX Application Thread] DEBUG GameScene            - Entity added to scene
12:48:25.969 [JavaFX Application Thread] DEBUG GameScene            - Added MainViewComponent
12:48:25.972 [JavaFX Application Thread] DEBUG GameScene            - Entity added to scene
12:48:25.976 [JavaFX Application Thread] DEBUG GameScene            - Added MainViewComponent
12:48:25.977 [JavaFX Application Thread] DEBUG GameScene            - Entity added to scene
12:48:25.978 [JavaFX Application Thread] DEBUG GameScene            - Added MainViewComponent
12:48:25.981 [JavaFX Application Thread] DEBUG GameScene            - Entity added to scene
12:48:25.981 [JavaFX Application Thread] DEBUG GameScene            - Added MainViewComponent
12:48:25.983 [JavaFX Application Thread] DEBUG GameScene            - Entity added to scene
12:48:25.983 [JavaFX Application Thread] DEBUG GameScene            - Added MainViewComponent
12:48:25.984 [JavaFX Application Thread] DEBUG GameScene            - Entity added to scene
12:48:25.984 [JavaFX Application Thread] DEBUG GameScene            - Added MainViewComponent
12:48:25.985 [JavaFX Application Thread] DEBUG GameScene            - Entity added to scene
12:48:25.985 [JavaFX Application Thread] DEBUG GameScene            - Added MainViewComponent
12:48:25.986 [JavaFX Application Thread] DEBUG GameScene            - Entity added to scene
12:48:25.986 [JavaFX Application Thread] DEBUG GameScene            - Added MainViewComponent
12:48:25.987 [JavaFX Application Thread] DEBUG GameScene            - Entity added to scene
12:48:25.987 [JavaFX Application Thread] DEBUG GameScene            - Added MainViewComponent
12:48:25.988 [JavaFX Application Thread] DEBUG GameScene            - Entity added to scene
12:48:25.988 [JavaFX Application Thread] DEBUG GameScene            - Added MainViewComponent
12:48:25.990 [JavaFX Application Thread] DEBUG GameScene            - Entity added to scene
12:48:25.990 [JavaFX Application Thread] DEBUG GameScene            - Added MainViewComponent
12:48:25.991 [JavaFX Application Thread] DEBUG GameScene            - Entity added to scene
12:48:25.991 [JavaFX Application Thread] DEBUG GameScene            - Added MainViewComponent
12:48:25.992 [JavaFX Application Thread] DEBUG GameScene            - Entity added to scene
12:48:25.992 [JavaFX Application Thread] DEBUG GameScene            - Added MainViewComponent
12:48:25.993 [JavaFX Application Thread] DEBUG GameScene            - Entity added to scene
12:48:25.993 [JavaFX Application Thread] DEBUG GameScene            - Added MainViewComponent
12:48:25.994 [JavaFX Application Thread] DEBUG GameScene            - Entity added to scene
12:48:25.994 [JavaFX Application Thread] DEBUG GameScene            - Added MainViewComponent
12:48:25.995 [JavaFX Application Thread] DEBUG GameScene            - Entity added to scene
12:48:25.996 [JavaFX Application Thread] DEBUG GameScene            - Added MainViewComponent
12:48:25.997 [JavaFX Application Thread] DEBUG GameScene            - Entity added to scene
12:48:25.997 [JavaFX Application Thread] DEBUG GameScene            - Added MainViewComponent
12:48:25.998 [JavaFX Application Thread] DEBUG GameScene            - Entity added to scene
12:48:25.998 [JavaFX Application Thread] DEBUG GameScene            - Added MainViewComponent
12:48:25.999 [JavaFX Application Thread] DEBUG GameScene            - Entity added to scene
12:48:25.999 [JavaFX Application Thread] DEBUG GameScene            - Added MainViewComponent
12:48:26.000 [JavaFX Application Thread] DEBUG GameScene            - Entity added to scene
12:48:26.000 [JavaFX Application Thread] DEBUG GameScene            - Added MainViewComponent
12:48:26.001 [JavaFX Application Thread] DEBUG GameScene            - Entity added to scene
12:48:26.001 [JavaFX Application Thread] DEBUG GameScene            - Added MainViewComponent
12:48:26.002 [JavaFX Application Thread] DEBUG GameScene            - Entity added to scene
12:48:26.003 [JavaFX Application Thread] DEBUG GameScene            - Added MainViewComponent
12:48:26.004 [JavaFX Application Thread] DEBUG GameScene            - Entity added to scene
12:48:26.004 [JavaFX Application Thread] DEBUG GameScene            - Added MainViewComponent
12:48:26.005 [JavaFX Application Thread] DEBUG GameScene            - Entity added to scene
12:48:26.005 [JavaFX Application Thread] DEBUG GameScene            - Added MainViewComponent
12:48:26.006 [JavaFX Application Thread] DEBUG GameScene            - Entity added to scene
12:48:26.006 [JavaFX Application Thread] DEBUG GameScene            - Added MainViewComponent
12:48:26.007 [JavaFX Application Thread] DEBUG GameScene            - Entity added to scene
12:48:26.007 [JavaFX Application Thread] DEBUG GameScene            - Added MainViewComponent
12:48:26.008 [JavaFX Application Thread] DEBUG GameScene            - Entity added to scene
12:48:26.009 [JavaFX Application Thread] DEBUG GameScene            - Added MainViewComponent
12:48:26.010 [JavaFX Application Thread] DEBUG GameScene            - Entity added to scene
12:48:26.010 [JavaFX Application Thread] DEBUG GameScene            - Added MainViewComponent
12:48:26.011 [JavaFX Application Thread] DEBUG GameScene            - Entity added to scene
12:48:26.011 [JavaFX Application Thread] DEBUG GameScene            - Added MainViewComponent
12:48:26.012 [JavaFX Application Thread] DEBUG GameScene            - Entity added to scene
12:48:26.012 [JavaFX Application Thread] DEBUG GameScene            - Added MainViewComponent
12:48:26.013 [JavaFX Application Thread] DEBUG GameScene            - Entity added to scene
12:48:26.014 [JavaFX Application Thread] DEBUG GameScene            - Added MainViewComponent
12:48:26.015 [JavaFX Application Thread] DEBUG GameScene            - Entity added to scene
12:48:26.015 [JavaFX Application Thread] DEBUG GameScene            - Added MainViewComponent
12:48:26.016 [JavaFX Application Thread] DEBUG GameScene            - Entity added to scene
12:48:26.016 [JavaFX Application Thread] DEBUG GameScene            - Added MainViewComponent
12:48:26.017 [JavaFX Application Thread] DEBUG GameScene            - Entity added to scene
12:48:26.017 [JavaFX Application Thread] DEBUG GameScene            - Added MainViewComponent
12:48:26.019 [JavaFX Application Thread] DEBUG GameScene            - Entity added to scene
12:48:26.019 [JavaFX Application Thread] DEBUG GameScene            - Added MainViewComponent
12:48:26.020 [JavaFX Application Thread] DEBUG GameScene            - Entity added to scene
12:48:26.020 [JavaFX Application Thread] DEBUG GameScene            - Added MainViewComponent
12:48:26.022 [JavaFX Application Thread] DEBUG GameScene            - Entity added to scene
12:48:26.022 [JavaFX Application Thread] DEBUG GameScene            - Added MainViewComponent
12:48:26.023 [JavaFX Application Thread] DEBUG GameScene            - Entity added to scene
12:48:26.023 [JavaFX Application Thread] DEBUG GameScene            - Added MainViewComponent
12:48:26.024 [JavaFX Application Thread] DEBUG GameScene            - Entity added to scene
12:48:26.025 [JavaFX Application Thread] DEBUG GameScene            - Added MainViewComponent
12:48:26.025 [JavaFX Application Thread] DEBUG GameScene            - Entity added to scene
12:48:26.026 [JavaFX Application Thread] DEBUG GameScene            - Added MainViewComponent
12:48:26.027 [JavaFX Application Thread] DEBUG GameScene            - Entity added to scene
12:48:26.027 [JavaFX Application Thread] DEBUG GameScene            - Added MainViewComponent
12:48:26.028 [JavaFX Application Thread] DEBUG GameScene            - Entity added to scene
12:48:26.028 [JavaFX Application Thread] DEBUG GameScene            - Added MainViewComponent
12:48:26.029 [JavaFX Application Thread] DEBUG GameScene            - Entity added to scene
12:48:26.029 [JavaFX Application Thread] DEBUG GameScene            - Added MainViewComponent
12:48:26.031 [JavaFX Application Thread] DEBUG GameScene            - Entity added to scene
12:48:26.031 [JavaFX Application Thread] DEBUG GameScene            - Added MainViewComponent
12:48:26.033 [JavaFX Application Thread] DEBUG GameScene            - Entity added to scene
12:48:26.033 [JavaFX Application Thread] DEBUG GameScene            - Added MainViewComponent
12:48:26.436 [JavaFX Application Thread] DEBUG FXGLAssetLoader      - Loading from cache: /assets/textures/Ground0.png
12:48:26.438 [JavaFX Application Thread] DEBUG FXGLAssetLoader      - Loading from cache: /assets/textures/Ground0.png
12:48:26.440 [JavaFX Application Thread] DEBUG FXGLAssetLoader      - Loading from cache: /assets/textures/Ground0.png
12:48:26.442 [JavaFX Application Thread] DEBUG FXGLAssetLoader      - Loading from cache: /assets/textures/Ground0.png
12:48:26.443 [JavaFX Application Thread] DEBUG FXGLAssetLoader      - Loading from cache: /assets/textures/Ground0.png
12:48:26.444 [JavaFX Application Thread] DEBUG FXGLAssetLoader      - Loading from cache: /assets/textures/Ground0.png
12:48:26.446 [JavaFX Application Thread] DEBUG FXGLAssetLoader      - Loading from cache: /assets/textures/Ground0.png
12:48:26.447 [JavaFX Application Thread] DEBUG FXGLAssetLoader      - Loading from cache: /assets/textures/Ground0.png
12:48:26.449 [JavaFX Application Thread] DEBUG FXGLAssetLoader      - Loading from cache: /assets/textures/Ground0.png
12:48:26.451 [JavaFX Application Thread] DEBUG FXGLAssetLoader      - Loading from cache: /assets/textures/Ground0.png
12:48:26.452 [JavaFX Application Thread] DEBUG FXGLAssetLoader      - Loading from cache: /assets/textures/Ground0.png
12:48:26.453 [JavaFX Application Thread] DEBUG FXGLAssetLoader      - Loading from cache: /assets/textures/Ground0.png
12:48:26.454 [JavaFX Application Thread] DEBUG FXGLAssetLoader      - Loading from cache: /assets/textures/Ground0.png
12:48:26.455 [JavaFX Application Thread] DEBUG FXGLAssetLoader      - Loading from cache: /assets/textures/Ground0.png
12:48:26.456 [JavaFX Application Thread] DEBUG FXGLAssetLoader      - Loading from cache: /assets/textures/Ground0.png
12:48:26.458 [JavaFX Application Thread] DEBUG GameScene            - Entity added to scene
12:48:26.458 [JavaFX Application Thread] DEBUG GameScene            - Added MainViewComponent
12:48:26.460 [JavaFX Application Thread] DEBUG GameScene            - Entity added to scene
12:48:26.460 [JavaFX Application Thread] DEBUG GameScene            - Added MainViewComponent
12:48:26.461 [JavaFX Application Thread] DEBUG GameScene            - Entity added to scene
12:48:26.461 [JavaFX Application Thread] DEBUG GameScene            - Added MainViewComponent
12:48:26.462 [JavaFX Application Thread] DEBUG GameScene            - Entity added to scene
12:48:26.462 [JavaFX Application Thread] DEBUG GameScene            - Added MainViewComponent
12:48:26.463 [JavaFX Application Thread] DEBUG GameScene            - Entity added to scene
12:48:26.463 [JavaFX Application Thread] DEBUG GameScene            - Added MainViewComponent
12:48:26.464 [JavaFX Application Thread] DEBUG GameScene            - Entity added to scene
12:48:26.464 [JavaFX Application Thread] DEBUG GameScene            - Added MainViewComponent
12:48:26.464 [JavaFX Application Thread] DEBUG GameScene            - Entity added to scene
12:48:26.465 [JavaFX Application Thread] DEBUG GameScene            - Added MainViewComponent
12:48:26.466 [JavaFX Application Thread] DEBUG GameScene            - Entity added to scene
12:48:26.466 [JavaFX Application Thread] DEBUG GameScene            - Added MainViewComponent
12:48:26.467 [JavaFX Application Thread] DEBUG GameScene            - Entity added to scene
12:48:26.467 [JavaFX Application Thread] DEBUG GameScene            - Added MainViewComponent
12:48:26.468 [JavaFX Application Thread] DEBUG GameScene            - Entity added to scene
12:48:26.468 [JavaFX Application Thread] DEBUG GameScene            - Added MainViewComponent
12:48:26.469 [JavaFX Application Thread] DEBUG GameScene            - Entity added to scene
12:48:26.469 [JavaFX Application Thread] DEBUG GameScene            - Added MainViewComponent
12:48:26.470 [JavaFX Application Thread] DEBUG GameScene            - Entity added to scene
12:48:26.470 [JavaFX Application Thread] DEBUG GameScene            - Added MainViewComponent
12:48:26.471 [JavaFX Application Thread] DEBUG GameScene            - Entity added to scene
12:48:26.471 [JavaFX Application Thread] DEBUG GameScene            - Added MainViewComponent
12:48:26.471 [JavaFX Application Thread] DEBUG GameScene            - Entity added to scene
12:48:26.472 [JavaFX Application Thread] DEBUG GameScene            - Added MainViewComponent
12:48:26.472 [JavaFX Application Thread] DEBUG GameScene            - Entity added to scene
12:48:26.473 [JavaFX Application Thread] DEBUG GameScene            - Added MainViewComponent
12:48:26.980 [JavaFX Application Thread] DEBUG FXGLAssetLoader      - Loading from cache: /assets/textures/Ground0.png
12:48:26.982 [JavaFX Application Thread] DEBUG FXGLAssetLoader      - Loading from disk: /assets/textures/Ground1.png
12:48:26.990 [JavaFX Application Thread] DEBUG FXGLAssetLoader      - Loading from cache: /assets/textures/Ground0.png
12:48:26.991 [JavaFX Application Thread] DEBUG FXGLAssetLoader      - Loading from cache: /assets/textures/Ground0.png
12:48:26.993 [JavaFX Application Thread] DEBUG FXGLAssetLoader      - Loading from cache: /assets/textures/Ground0.png
12:48:26.994 [JavaFX Application Thread] DEBUG FXGLAssetLoader      - Loading from cache: /assets/textures/Ground0.png
12:48:26.995 [JavaFX Application Thread] DEBUG FXGLAssetLoader      - Loading from cache: /assets/textures/Ground1.png
12:48:26.997 [JavaFX Application Thread] DEBUG FXGLAssetLoader      - Loading from cache: /assets/textures/Ground0.png
12:48:26.998 [JavaFX Application Thread] DEBUG FXGLAssetLoader      - Loading from cache: /assets/textures/Ground0.png
12:48:27.000 [JavaFX Application Thread] DEBUG FXGLAssetLoader      - Loading from cache: /assets/textures/Ground0.png
12:48:27.002 [JavaFX Application Thread] DEBUG FXGLAssetLoader      - Loading from cache: /assets/textures/Ground0.png
12:48:27.004 [JavaFX Application Thread] DEBUG FXGLAssetLoader      - Loading from cache: /assets/textures/Ground0.png
12:48:27.005 [JavaFX Application Thread] DEBUG FXGLAssetLoader      - Loading from cache: /assets/textures/Ground0.png
12:48:27.007 [JavaFX Application Thread] DEBUG FXGLAssetLoader      - Loading from cache: /assets/textures/Ground0.png
12:48:27.008 [JavaFX Application Thread] DEBUG FXGLAssetLoader      - Loading from cache: /assets/textures/Ground0.png
12:48:27.022 [JavaFX Application Thread] DEBUG GameScene            - Entity added to scene
12:48:27.023 [JavaFX Application Thread] DEBUG GameScene            - Added MainViewComponent
12:48:27.025 [JavaFX Application Thread] DEBUG GameScene            - Entity added to scene
12:48:27.025 [JavaFX Application Thread] DEBUG GameScene            - Added MainViewComponent
12:48:27.026 [JavaFX Application Thread] DEBUG GameScene            - Entity added to scene
12:48:27.027 [JavaFX Application Thread] DEBUG GameScene            - Added MainViewComponent
12:48:27.027 [JavaFX Application Thread] DEBUG GameScene            - Entity added to scene
12:48:27.027 [JavaFX Application Thread] DEBUG GameScene            - Added MainViewComponent
12:48:27.028 [JavaFX Application Thread] DEBUG GameScene            - Entity added to scene
12:48:27.028 [JavaFX Application Thread] DEBUG GameScene            - Added MainViewComponent
12:48:27.029 [JavaFX Application Thread] DEBUG GameScene            - Entity added to scene
12:48:27.029 [JavaFX Application Thread] DEBUG GameScene            - Added MainViewComponent
12:48:27.030 [JavaFX Application Thread] DEBUG GameScene            - Entity added to scene
12:48:27.030 [JavaFX Application Thread] DEBUG GameScene            - Added MainViewComponent
12:48:27.031 [JavaFX Application Thread] DEBUG GameScene            - Entity added to scene
12:48:27.031 [JavaFX Application Thread] DEBUG GameScene            - Added MainViewComponent
12:48:27.031 [JavaFX Application Thread] DEBUG GameScene            - Entity added to scene
12:48:27.031 [JavaFX Application Thread] DEBUG GameScene            - Added MainViewComponent
12:48:27.032 [JavaFX Application Thread] DEBUG GameScene            - Entity added to scene
12:48:27.032 [JavaFX Application Thread] DEBUG GameScene            - Added MainViewComponent
12:48:27.033 [JavaFX Application Thread] DEBUG GameScene            - Entity added to scene
12:48:27.033 [JavaFX Application Thread] DEBUG GameScene            - Added MainViewComponent
12:48:27.034 [JavaFX Application Thread] DEBUG GameScene            - Entity added to scene
12:48:27.034 [JavaFX Application Thread] DEBUG GameScene            - Added MainViewComponent
12:48:27.035 [JavaFX Application Thread] DEBUG GameScene            - Entity added to scene
12:48:27.036 [JavaFX Application Thread] DEBUG GameScene            - Added MainViewComponent
12:48:27.038 [JavaFX Application Thread] DEBUG GameScene            - Entity added to scene
12:48:27.038 [JavaFX Application Thread] DEBUG GameScene            - Added MainViewComponent
12:48:27.039 [JavaFX Application Thread] DEBUG GameScene            - Entity added to scene
12:48:27.039 [JavaFX Application Thread] DEBUG GameScene            - Added MainViewComponent
12:48:27.308 [JavaFX Application Thread] DEBUG FXGLAssetLoader      - Loading from cache: /assets/textures/Ground0.png
12:48:27.310 [JavaFX Application Thread] DEBUG FXGLAssetLoader      - Loading from cache: /assets/textures/Ground0.png
12:48:27.312 [JavaFX Application Thread] DEBUG FXGLAssetLoader      - Loading from cache: /assets/textures/Ground0.png
12:48:27.313 [JavaFX Application Thread] DEBUG FXGLAssetLoader      - Loading from cache: /assets/textures/Ground0.png
12:48:27.314 [JavaFX Application Thread] DEBUG FXGLAssetLoader      - Loading from cache: /assets/textures/Ground0.png
12:48:27.316 [JavaFX Application Thread] DEBUG FXGLAssetLoader      - Loading from cache: /assets/textures/Ground0.png
12:48:27.317 [JavaFX Application Thread] DEBUG FXGLAssetLoader      - Loading from cache: /assets/textures/Ground0.png
12:48:27.319 [JavaFX Application Thread] DEBUG FXGLAssetLoader      - Loading from cache: /assets/textures/Ground0.png
12:48:27.320 [JavaFX Application Thread] DEBUG FXGLAssetLoader      - Loading from cache: /assets/textures/Ground0.png
12:48:27.322 [JavaFX Application Thread] DEBUG FXGLAssetLoader      - Loading from cache: /assets/textures/Ground0.png
12:48:27.324 [JavaFX Application Thread] DEBUG FXGLAssetLoader      - Loading from cache: /assets/textures/Ground0.png
12:48:27.326 [JavaFX Application Thread] DEBUG FXGLAssetLoader      - Loading from cache: /assets/textures/Ground0.png
12:48:27.327 [JavaFX Application Thread] DEBUG FXGLAssetLoader      - Loading from cache: /assets/textures/Ground0.png
12:48:27.328 [JavaFX Application Thread] DEBUG FXGLAssetLoader      - Loading from cache: /assets/textures/Ground0.png
12:48:27.330 [JavaFX Application Thread] DEBUG FXGLAssetLoader      - Loading from cache: /assets/textures/Ground0.png
12:48:27.332 [JavaFX Application Thread] DEBUG GameScene            - Entity added to scene
12:48:27.332 [JavaFX Application Thread] DEBUG GameScene            - Added MainViewComponent
12:48:27.333 [JavaFX Application Thread] DEBUG GameScene            - Entity added to scene
12:48:27.333 [JavaFX Application Thread] DEBUG GameScene            - Added MainViewComponent
12:48:27.335 [JavaFX Application Thread] DEBUG GameScene            - Entity added to scene
12:48:27.335 [JavaFX Application Thread] DEBUG GameScene            - Added MainViewComponent
12:48:27.336 [JavaFX Application Thread] DEBUG GameScene            - Entity added to scene
12:48:27.337 [JavaFX Application Thread] DEBUG GameScene            - Added MainViewComponent
12:48:27.338 [JavaFX Application Thread] DEBUG GameScene            - Entity added to scene
12:48:27.338 [JavaFX Application Thread] DEBUG GameScene            - Added MainViewComponent
12:48:27.339 [JavaFX Application Thread] DEBUG GameScene            - Entity added to scene
12:48:27.339 [JavaFX Application Thread] DEBUG GameScene            - Added MainViewComponent
12:48:27.340 [JavaFX Application Thread] DEBUG GameScene            - Entity added to scene
12:48:27.340 [JavaFX Application Thread] DEBUG GameScene            - Added MainViewComponent
12:48:27.341 [JavaFX Application Thread] DEBUG GameScene            - Entity added to scene
12:48:27.341 [JavaFX Application Thread] DEBUG GameScene            - Added MainViewComponent
12:48:27.342 [JavaFX Application Thread] DEBUG GameScene            - Entity added to scene
12:48:27.342 [JavaFX Application Thread] DEBUG GameScene            - Added MainViewComponent
12:48:27.342 [JavaFX Application Thread] DEBUG GameScene            - Entity added to scene
12:48:27.342 [JavaFX Application Thread] DEBUG GameScene            - Added MainViewComponent
12:48:27.343 [JavaFX Application Thread] DEBUG GameScene            - Entity added to scene
12:48:27.343 [JavaFX Application Thread] DEBUG GameScene            - Added MainViewComponent
12:48:27.343 [JavaFX Application Thread] DEBUG GameScene            - Entity added to scene
12:48:27.343 [JavaFX Application Thread] DEBUG GameScene            - Added MainViewComponent
12:48:27.344 [JavaFX Application Thread] DEBUG GameScene            - Entity added to scene
12:48:27.344 [JavaFX Application Thread] DEBUG GameScene            - Added MainViewComponent
12:48:27.345 [JavaFX Application Thread] DEBUG GameScene            - Entity added to scene
12:48:27.345 [JavaFX Application Thread] DEBUG GameScene            - Added MainViewComponent
12:48:27.346 [JavaFX Application Thread] DEBUG GameScene            - Entity added to scene
12:48:27.346 [JavaFX Application Thread] DEBUG GameScene            - Added MainViewComponent
12:48:27.543 [JavaFX Application Thread] DEBUG FXGLAssetLoader      - Loading from cache: /assets/textures/Ground1.png
12:48:27.545 [JavaFX Application Thread] DEBUG FXGLAssetLoader      - Loading from cache: /assets/textures/Ground0.png
12:48:27.547 [JavaFX Application Thread] DEBUG FXGLAssetLoader      - Loading from cache: /assets/textures/Ground0.png
12:48:27.548 [JavaFX Application Thread] DEBUG FXGLAssetLoader      - Loading from cache: /assets/textures/Ground0.png
12:48:27.550 [JavaFX Application Thread] DEBUG FXGLAssetLoader      - Loading from cache: /assets/textures/Ground0.png
12:48:27.551 [JavaFX Application Thread] DEBUG FXGLAssetLoader      - Loading from cache: /assets/textures/Ground0.png
12:48:27.552 [JavaFX Application Thread] DEBUG FXGLAssetLoader      - Loading from cache: /assets/textures/Ground0.png
12:48:27.554 [JavaFX Application Thread] DEBUG FXGLAssetLoader      - Loading from cache: /assets/textures/Ground0.png
12:48:27.557 [JavaFX Application Thread] DEBUG FXGLAssetLoader      - Loading from cache: /assets/textures/Ground0.png
12:48:27.559 [JavaFX Application Thread] DEBUG FXGLAssetLoader      - Loading from cache: /assets/textures/Ground0.png
12:48:27.560 [JavaFX Application Thread] DEBUG FXGLAssetLoader      - Loading from cache: /assets/textures/Ground0.png
12:48:27.561 [JavaFX Application Thread] DEBUG FXGLAssetLoader      - Loading from cache: /assets/textures/Ground0.png
12:48:27.563 [JavaFX Application Thread] DEBUG FXGLAssetLoader      - Loading from cache: /assets/textures/Ground0.png
12:48:27.564 [JavaFX Application Thread] DEBUG FXGLAssetLoader      - Loading from cache: /assets/textures/Ground0.png
12:48:27.565 [JavaFX Application Thread] DEBUG FXGLAssetLoader      - Loading from cache: /assets/textures/Ground0.png
12:48:27.579 [JavaFX Application Thread] DEBUG GameScene            - Entity added to scene
12:48:27.579 [JavaFX Application Thread] DEBUG GameScene            - Added MainViewComponent
12:48:27.580 [JavaFX Application Thread] DEBUG GameScene            - Entity added to scene
12:48:27.580 [JavaFX Application Thread] DEBUG GameScene            - Added MainViewComponent
12:48:27.581 [JavaFX Application Thread] DEBUG GameScene            - Entity added to scene
12:48:27.581 [JavaFX Application Thread] DEBUG GameScene            - Added MainViewComponent
12:48:27.583 [JavaFX Application Thread] DEBUG GameScene            - Entity added to scene
12:48:27.583 [JavaFX Application Thread] DEBUG GameScene            - Added MainViewComponent
12:48:27.583 [JavaFX Application Thread] DEBUG GameScene            - Entity added to scene
12:48:27.583 [JavaFX Application Thread] DEBUG GameScene            - Added MainViewComponent
12:48:27.584 [JavaFX Application Thread] DEBUG GameScene            - Entity added to scene
12:48:27.584 [JavaFX Application Thread] DEBUG GameScene            - Added MainViewComponent
12:48:27.585 [JavaFX Application Thread] DEBUG GameScene            - Entity added to scene
12:48:27.585 [JavaFX Application Thread] DEBUG GameScene            - Added MainViewComponent
12:48:27.585 [JavaFX Application Thread] DEBUG GameScene            - Entity added to scene
12:48:27.585 [JavaFX Application Thread] DEBUG GameScene            - Added MainViewComponent
12:48:27.586 [JavaFX Application Thread] DEBUG GameScene            - Entity added to scene
12:48:27.586 [JavaFX Application Thread] DEBUG GameScene            - Added MainViewComponent
12:48:27.587 [JavaFX Application Thread] DEBUG GameScene            - Entity added to scene
12:48:27.587 [JavaFX Application Thread] DEBUG GameScene            - Added MainViewComponent
12:48:27.587 [JavaFX Application Thread] DEBUG GameScene            - Entity added to scene
12:48:27.589 [JavaFX Application Thread] DEBUG GameScene            - Added MainViewComponent
12:48:27.590 [JavaFX Application Thread] DEBUG GameScene            - Entity added to scene
12:48:27.591 [JavaFX Application Thread] DEBUG GameScene            - Added MainViewComponent
12:48:27.591 [JavaFX Application Thread] DEBUG GameScene            - Entity added to scene
12:48:27.592 [JavaFX Application Thread] DEBUG GameScene            - Added MainViewComponent
12:48:27.592 [JavaFX Application Thread] DEBUG GameScene            - Entity added to scene
12:48:27.592 [JavaFX Application Thread] DEBUG GameScene            - Added MainViewComponent
12:48:27.593 [JavaFX Application Thread] DEBUG GameScene            - Entity added to scene
12:48:27.593 [JavaFX Application Thread] DEBUG GameScene            - Added MainViewComponent
12:48:28.467 [JavaFX Application Thread] DEBUG FXGLAssetLoader      - Loading from cache: /assets/textures/Ground0.png
12:48:28.469 [JavaFX Application Thread] DEBUG FXGLAssetLoader      - Loading from cache: /assets/textures/Ground0.png
12:48:28.470 [JavaFX Application Thread] DEBUG FXGLAssetLoader      - Loading from cache: /assets/textures/Ground0.png
12:48:28.471 [JavaFX Application Thread] DEBUG FXGLAssetLoader      - Loading from cache: /assets/textures/Ground0.png
12:48:28.472 [JavaFX Application Thread] DEBUG FXGLAssetLoader      - Loading from cache: /assets/textures/Ground0.png
12:48:28.473 [JavaFX Application Thread] DEBUG FXGLAssetLoader      - Loading from cache: /assets/textures/Ground0.png
12:48:28.474 [JavaFX Application Thread] DEBUG FXGLAssetLoader      - Loading from cache: /assets/textures/Ground0.png
12:48:28.477 [JavaFX Application Thread] DEBUG GameScene            - Entity added to scene
12:48:28.478 [JavaFX Application Thread] DEBUG GameScene            - Added MainViewComponent
12:48:28.479 [JavaFX Application Thread] DEBUG GameScene            - Entity added to scene
12:48:28.479 [JavaFX Application Thread] DEBUG GameScene            - Added MainViewComponent
12:48:28.479 [JavaFX Application Thread] DEBUG GameScene            - Entity added to scene
12:48:28.479 [JavaFX Application Thread] DEBUG GameScene            - Added MainViewComponent
12:48:28.480 [JavaFX Application Thread] DEBUG GameScene            - Entity added to scene
12:48:28.480 [JavaFX Application Thread] DEBUG GameScene            - Added MainViewComponent
12:48:28.481 [JavaFX Application Thread] DEBUG GameScene            - Entity added to scene
12:48:28.481 [JavaFX Application Thread] DEBUG GameScene            - Added MainViewComponent
12:48:28.481 [JavaFX Application Thread] DEBUG GameScene            - Entity added to scene
12:48:28.482 [JavaFX Application Thread] DEBUG GameScene            - Added MainViewComponent
12:48:28.482 [JavaFX Application Thread] DEBUG GameScene            - Entity added to scene
12:48:28.482 [JavaFX Application Thread] DEBUG GameScene            - Added MainViewComponent
12:48:28.483 [JavaFX Application Thread] DEBUG GameScene            - Entity removed from scene
12:48:28.484 [JavaFX Application Thread] DEBUG GameScene            - Removed MainViewComponent
12:48:28.783 [JavaFX Application Thread] DEBUG FXGLAssetLoader      - Loading from cache: /assets/textures/Ground0.png
12:48:28.785 [JavaFX Application Thread] DEBUG FXGLAssetLoader      - Loading from cache: /assets/textures/Ground0.png
12:48:28.786 [JavaFX Application Thread] DEBUG FXGLAssetLoader      - Loading from cache: /assets/textures/Ground0.png
12:48:28.787 [JavaFX Application Thread] DEBUG FXGLAssetLoader      - Loading from cache: /assets/textures/Ground0.png
12:48:28.788 [JavaFX Application Thread] DEBUG FXGLAssetLoader      - Loading from cache: /assets/textures/Ground0.png
12:48:28.789 [JavaFX Application Thread] DEBUG FXGLAssetLoader      - Loading from cache: /assets/textures/Ground0.png
12:48:28.791 [JavaFX Application Thread] DEBUG FXGLAssetLoader      - Loading from cache: /assets/textures/Ground0.png
12:48:28.792 [JavaFX Application Thread] DEBUG FXGLAssetLoader      - Loading from cache: /assets/textures/Ground0.png
12:48:28.793 [JavaFX Application Thread] DEBUG FXGLAssetLoader      - Loading from cache: /assets/textures/Ground0.png
12:48:28.794 [JavaFX Application Thread] DEBUG FXGLAssetLoader      - Loading from cache: /assets/textures/Ground0.png
12:48:28.797 [JavaFX Application Thread] DEBUG FXGLAssetLoader      - Loading from cache: /assets/textures/Ground0.png
12:48:28.798 [JavaFX Application Thread] DEBUG FXGLAssetLoader      - Loading from cache: /assets/textures/Ground0.png
12:48:28.799 [JavaFX Application Thread] DEBUG FXGLAssetLoader      - Loading from cache: /assets/textures/Ground0.png
12:48:28.801 [JavaFX Application Thread] DEBUG FXGLAssetLoader      - Loading from cache: /assets/textures/Ground0.png
12:48:28.803 [JavaFX Application Thread] DEBUG FXGLAssetLoader      - Loading from cache: /assets/textures/Ground0.png
12:48:28.820 [JavaFX Application Thread] DEBUG GameScene            - Entity added to scene
12:48:28.820 [JavaFX Application Thread] DEBUG GameScene            - Added MainViewComponent
12:48:28.821 [JavaFX Application Thread] DEBUG GameScene            - Entity added to scene
12:48:28.821 [JavaFX Application Thread] DEBUG GameScene            - Added MainViewComponent
12:48:28.822 [JavaFX Application Thread] DEBUG GameScene            - Entity added to scene
12:48:28.822 [JavaFX Application Thread] DEBUG GameScene            - Added MainViewComponent
12:48:28.822 [JavaFX Application Thread] DEBUG GameScene            - Entity added to scene
12:48:28.823 [JavaFX Application Thread] DEBUG GameScene            - Added MainViewComponent
12:48:28.823 [JavaFX Application Thread] DEBUG GameScene            - Entity added to scene
12:48:28.823 [JavaFX Application Thread] DEBUG GameScene            - Added MainViewComponent
12:48:28.824 [JavaFX Application Thread] DEBUG GameScene            - Entity added to scene
12:48:28.824 [JavaFX Application Thread] DEBUG GameScene            - Added MainViewComponent
12:48:28.825 [JavaFX Application Thread] DEBUG GameScene            - Entity added to scene
12:48:28.825 [JavaFX Application Thread] DEBUG GameScene            - Added MainViewComponent
12:48:28.826 [JavaFX Application Thread] DEBUG GameScene            - Entity added to scene
12:48:28.826 [JavaFX Application Thread] DEBUG GameScene            - Added MainViewComponent
12:48:28.827 [JavaFX Application Thread] DEBUG GameScene            - Entity added to scene
12:48:28.827 [JavaFX Application Thread] DEBUG GameScene            - Added MainViewComponent
12:48:28.828 [JavaFX Application Thread] DEBUG GameScene            - Entity added to scene
12:48:28.828 [JavaFX Application Thread] DEBUG GameScene            - Added MainViewComponent
12:48:28.830 [JavaFX Application Thread] DEBUG GameScene            - Entity added to scene
12:48:28.830 [JavaFX Application Thread] DEBUG GameScene            - Added MainViewComponent
12:48:28.831 [JavaFX Application Thread] DEBUG GameScene            - Entity added to scene
12:48:28.831 [JavaFX Application Thread] DEBUG GameScene            - Added MainViewComponent
12:48:28.832 [JavaFX Application Thread] DEBUG GameScene            - Entity added to scene
12:48:28.832 [JavaFX Application Thread] DEBUG GameScene            - Added MainViewComponent
12:48:28.833 [JavaFX Application Thread] DEBUG GameScene            - Entity added to scene
12:48:28.833 [JavaFX Application Thread] DEBUG GameScene            - Added MainViewComponent
12:48:28.833 [JavaFX Application Thread] DEBUG GameScene            - Entity added to scene
12:48:28.834 [JavaFX Application Thread] DEBUG GameScene            - Added MainViewComponent
12:48:28.966 [JavaFX Application Thread] DEBUG GameScene            - Entity removed from scene
12:48:28.966 [JavaFX Application Thread] DEBUG GameScene            - Removed MainViewComponent
12:48:29.286 [JavaFX Application Thread] DEBUG FXGLAssetLoader      - Loading from cache: /assets/textures/Ground0.png
12:48:29.288 [JavaFX Application Thread] DEBUG FXGLAssetLoader      - Loading from cache: /assets/textures/Ground0.png
12:48:29.289 [JavaFX Application Thread] DEBUG FXGLAssetLoader      - Loading from cache: /assets/textures/Ground0.png
12:48:29.290 [JavaFX Application Thread] DEBUG FXGLAssetLoader      - Loading from cache: /assets/textures/Ground0.png
12:48:29.291 [JavaFX Application Thread] DEBUG FXGLAssetLoader      - Loading from cache: /assets/textures/Ground0.png
12:48:29.292 [JavaFX Application Thread] DEBUG FXGLAssetLoader      - Loading from cache: /assets/textures/Ground0.png
12:48:29.293 [JavaFX Application Thread] DEBUG FXGLAssetLoader      - Loading from cache: /assets/textures/Ground0.png
12:48:29.294 [JavaFX Application Thread] DEBUG FXGLAssetLoader      - Loading from cache: /assets/textures/Ground1.png
12:48:29.295 [JavaFX Application Thread] DEBUG FXGLAssetLoader      - Loading from cache: /assets/textures/Ground0.png
12:48:29.296 [JavaFX Application Thread] DEBUG FXGLAssetLoader      - Loading from cache: /assets/textures/Ground0.png
12:48:29.298 [JavaFX Application Thread] DEBUG FXGLAssetLoader      - Loading from cache: /assets/textures/Ground0.png
12:48:29.299 [JavaFX Application Thread] DEBUG FXGLAssetLoader      - Loading from cache: /assets/textures/Ground0.png
12:48:29.300 [JavaFX Application Thread] DEBUG FXGLAssetLoader      - Loading from cache: /assets/textures/Ground0.png
12:48:29.301 [JavaFX Application Thread] DEBUG FXGLAssetLoader      - Loading from cache: /assets/textures/Ground0.png
12:48:29.302 [JavaFX Application Thread] DEBUG FXGLAssetLoader      - Loading from cache: /assets/textures/Ground0.png
12:48:29.305 [JavaFX Application Thread] DEBUG GameScene            - Entity added to scene
12:48:29.305 [JavaFX Application Thread] DEBUG GameScene            - Added MainViewComponent
12:48:29.306 [JavaFX Application Thread] DEBUG GameScene            - Entity added to scene
12:48:29.306 [JavaFX Application Thread] DEBUG GameScene            - Added MainViewComponent
12:48:29.309 [JavaFX Application Thread] DEBUG GameScene            - Entity added to scene
12:48:29.309 [JavaFX Application Thread] DEBUG GameScene            - Added MainViewComponent
12:48:29.310 [JavaFX Application Thread] DEBUG GameScene            - Entity added to scene
12:48:29.310 [JavaFX Application Thread] DEBUG GameScene            - Added MainViewComponent
12:48:29.311 [JavaFX Application Thread] DEBUG GameScene            - Entity added to scene
12:48:29.311 [JavaFX Application Thread] DEBUG GameScene            - Added MainViewComponent
12:48:29.311 [JavaFX Application Thread] DEBUG GameScene            - Entity added to scene
12:48:29.312 [JavaFX Application Thread] DEBUG GameScene            - Added MainViewComponent
12:48:29.312 [JavaFX Application Thread] DEBUG GameScene            - Entity added to scene
12:48:29.312 [JavaFX Application Thread] DEBUG GameScene            - Added MainViewComponent
12:48:29.313 [JavaFX Application Thread] DEBUG GameScene            - Entity added to scene
12:48:29.313 [JavaFX Application Thread] DEBUG GameScene            - Added MainViewComponent
12:48:29.313 [JavaFX Application Thread] DEBUG GameScene            - Entity added to scene
12:48:29.314 [JavaFX Application Thread] DEBUG GameScene            - Added MainViewComponent
12:48:29.316 [JavaFX Application Thread] DEBUG GameScene            - Entity added to scene
12:48:29.316 [JavaFX Application Thread] DEBUG GameScene            - Added MainViewComponent
12:48:29.317 [JavaFX Application Thread] DEBUG GameScene            - Entity added to scene
12:48:29.317 [JavaFX Application Thread] DEBUG GameScene            - Added MainViewComponent
12:48:29.318 [JavaFX Application Thread] DEBUG GameScene            - Entity added to scene
12:48:29.318 [JavaFX Application Thread] DEBUG GameScene            - Added MainViewComponent
12:48:29.319 [JavaFX Application Thread] DEBUG GameScene            - Entity added to scene
12:48:29.319 [JavaFX Application Thread] DEBUG GameScene            - Added MainViewComponent
12:48:29.319 [JavaFX Application Thread] DEBUG GameScene            - Entity added to scene
12:48:29.319 [JavaFX Application Thread] DEBUG GameScene            - Added MainViewComponent
12:48:29.320 [JavaFX Application Thread] DEBUG GameScene            - Entity added to scene
12:48:29.320 [JavaFX Application Thread] DEBUG GameScene            - Added MainViewComponent
12:48:29.468 [JavaFX Application Thread] DEBUG GameScene            - Entity removed from scene
12:48:29.468 [JavaFX Application Thread] DEBUG GameScene            - Removed MainViewComponent
12:48:29.771 [JavaFX Application Thread] DEBUG FXGLAssetLoader      - Loading from cache: /assets/textures/Ground0.png
12:48:29.773 [JavaFX Application Thread] DEBUG FXGLAssetLoader      - Loading from cache: /assets/textures/Ground0.png
12:48:29.774 [JavaFX Application Thread] DEBUG FXGLAssetLoader      - Loading from cache: /assets/textures/Ground0.png
12:48:29.775 [JavaFX Application Thread] DEBUG FXGLAssetLoader      - Loading from cache: /assets/textures/Ground0.png
12:48:29.777 [JavaFX Application Thread] DEBUG FXGLAssetLoader      - Loading from cache: /assets/textures/Ground0.png
12:48:29.779 [JavaFX Application Thread] DEBUG FXGLAssetLoader      - Loading from cache: /assets/textures/Ground0.png
12:48:29.780 [JavaFX Application Thread] DEBUG FXGLAssetLoader      - Loading from cache: /assets/textures/Ground0.png
12:48:29.781 [JavaFX Application Thread] DEBUG FXGLAssetLoader      - Loading from cache: /assets/textures/Ground0.png
12:48:29.782 [JavaFX Application Thread] DEBUG FXGLAssetLoader      - Loading from cache: /assets/textures/Ground0.png
12:48:29.783 [JavaFX Application Thread] DEBUG FXGLAssetLoader      - Loading from cache: /assets/textures/Ground0.png
12:48:29.785 [JavaFX Application Thread] DEBUG FXGLAssetLoader      - Loading from cache: /assets/textures/Ground0.png
12:48:29.786 [JavaFX Application Thread] DEBUG FXGLAssetLoader      - Loading from disk: /assets/textures/Ground2.png
12:48:29.794 [JavaFX Application Thread] DEBUG FXGLAssetLoader      - Loading from cache: /assets/textures/Ground0.png
12:48:29.795 [JavaFX Application Thread] DEBUG FXGLAssetLoader      - Loading from cache: /assets/textures/Ground0.png
12:48:29.796 [JavaFX Application Thread] DEBUG FXGLAssetLoader      - Loading from cache: /assets/textures/Ground0.png
12:48:29.798 [JavaFX Application Thread] DEBUG GameScene            - Entity added to scene
12:48:29.798 [JavaFX Application Thread] DEBUG GameScene            - Added MainViewComponent
12:48:29.800 [JavaFX Application Thread] DEBUG GameScene            - Entity added to scene
12:48:29.800 [JavaFX Application Thread] DEBUG GameScene            - Added MainViewComponent
12:48:29.801 [JavaFX Application Thread] DEBUG GameScene            - Entity added to scene
12:48:29.801 [JavaFX Application Thread] DEBUG GameScene            - Added MainViewComponent
12:48:29.802 [JavaFX Application Thread] DEBUG GameScene            - Entity added to scene
12:48:29.802 [JavaFX Application Thread] DEBUG GameScene            - Added MainViewComponent
12:48:29.802 [JavaFX Application Thread] DEBUG GameScene            - Entity added to scene
12:48:29.802 [JavaFX Application Thread] DEBUG GameScene            - Added MainViewComponent
12:48:29.803 [JavaFX Application Thread] DEBUG GameScene            - Entity added to scene
12:48:29.803 [JavaFX Application Thread] DEBUG GameScene            - Added MainViewComponent
12:48:29.804 [JavaFX Application Thread] DEBUG GameScene            - Entity added to scene
12:48:29.804 [JavaFX Application Thread] DEBUG GameScene            - Added MainViewComponent
12:48:29.804 [JavaFX Application Thread] DEBUG GameScene            - Entity added to scene
12:48:29.804 [JavaFX Application Thread] DEBUG GameScene            - Added MainViewComponent
12:48:29.805 [JavaFX Application Thread] DEBUG GameScene            - Entity added to scene
12:48:29.805 [JavaFX Application Thread] DEBUG GameScene            - Added MainViewComponent
12:48:29.805 [JavaFX Application Thread] DEBUG GameScene            - Entity added to scene
12:48:29.806 [JavaFX Application Thread] DEBUG GameScene            - Added MainViewComponent
12:48:29.806 [JavaFX Application Thread] DEBUG GameScene            - Entity added to scene
12:48:29.806 [JavaFX Application Thread] DEBUG GameScene            - Added MainViewComponent
12:48:29.807 [JavaFX Application Thread] DEBUG GameScene            - Entity added to scene
12:48:29.807 [JavaFX Application Thread] DEBUG GameScene            - Added MainViewComponent
12:48:29.807 [JavaFX Application Thread] DEBUG GameScene            - Entity added to scene
12:48:29.807 [JavaFX Application Thread] DEBUG GameScene            - Added MainViewComponent
12:48:29.808 [JavaFX Application Thread] DEBUG GameScene            - Entity added to scene
12:48:29.808 [JavaFX Application Thread] DEBUG GameScene            - Added MainViewComponent
12:48:29.809 [JavaFX Application Thread] DEBUG GameScene            - Entity added to scene
12:48:29.809 [JavaFX Application Thread] DEBUG GameScene            - Added MainViewComponent
12:48:29.954 [JavaFX Application Thread] DEBUG GameScene            - Entity removed from scene
12:48:29.954 [JavaFX Application Thread] DEBUG GameScene            - Removed MainViewComponent
12:48:30.407 [JavaFX Application Thread] DEBUG FXGLAssetLoader      - Loading from cache: /assets/textures/Ground0.png
12:48:30.409 [JavaFX Application Thread] DEBUG FXGLAssetLoader      - Loading from cache: /assets/textures/Ground1.png
12:48:30.410 [JavaFX Application Thread] DEBUG FXGLAssetLoader      - Loading from cache: /assets/textures/Ground0.png
12:48:30.411 [JavaFX Application Thread] DEBUG FXGLAssetLoader      - Loading from cache: /assets/textures/Ground0.png
12:48:30.412 [JavaFX Application Thread] DEBUG FXGLAssetLoader      - Loading from cache: /assets/textures/Ground0.png
12:48:30.413 [JavaFX Application Thread] DEBUG FXGLAssetLoader      - Loading from cache: /assets/textures/Ground0.png
12:48:30.414 [JavaFX Application Thread] DEBUG FXGLAssetLoader      - Loading from cache: /assets/textures/Ground0.png
12:48:30.415 [JavaFX Application Thread] DEBUG FXGLAssetLoader      - Loading from cache: /assets/textures/Ground0.png
12:48:30.416 [JavaFX Application Thread] DEBUG FXGLAssetLoader      - Loading from cache: /assets/textures/Ground0.png
12:48:30.417 [JavaFX Application Thread] DEBUG FXGLAssetLoader      - Loading from cache: /assets/textures/Ground0.png
12:48:30.417 [JavaFX Application Thread] DEBUG FXGLAssetLoader      - Loading from cache: /assets/textures/Ground0.png
12:48:30.418 [JavaFX Application Thread] DEBUG FXGLAssetLoader      - Loading from cache: /assets/textures/Ground0.png
12:48:30.419 [JavaFX Application Thread] DEBUG FXGLAssetLoader      - Loading from cache: /assets/textures/Ground0.png
12:48:30.422 [JavaFX Application Thread] DEBUG FXGLAssetLoader      - Loading from cache: /assets/textures/Ground0.png
12:48:30.424 [JavaFX Application Thread] DEBUG FXGLAssetLoader      - Loading from cache: /assets/textures/Ground0.png
12:48:30.426 [JavaFX Application Thread] DEBUG GameScene            - Entity added to scene
12:48:30.426 [JavaFX Application Thread] DEBUG GameScene            - Added MainViewComponent
12:48:30.427 [JavaFX Application Thread] DEBUG GameScene            - Entity added to scene
12:48:30.427 [JavaFX Application Thread] DEBUG GameScene            - Added MainViewComponent
12:48:30.428 [JavaFX Application Thread] DEBUG GameScene            - Entity added to scene
12:48:30.428 [JavaFX Application Thread] DEBUG GameScene            - Added MainViewComponent
12:48:30.429 [JavaFX Application Thread] DEBUG GameScene            - Entity added to scene
12:48:30.429 [JavaFX Application Thread] DEBUG GameScene            - Added MainViewComponent
12:48:30.430 [JavaFX Application Thread] DEBUG GameScene            - Entity added to scene
12:48:30.430 [JavaFX Application Thread] DEBUG GameScene            - Added MainViewComponent
12:48:30.430 [JavaFX Application Thread] DEBUG GameScene            - Entity added to scene
12:48:30.430 [JavaFX Application Thread] DEBUG GameScene            - Added MainViewComponent
12:48:30.431 [JavaFX Application Thread] DEBUG GameScene            - Entity added to scene
12:48:30.431 [JavaFX Application Thread] DEBUG GameScene            - Added MainViewComponent
12:48:30.432 [JavaFX Application Thread] DEBUG GameScene            - Entity added to scene
12:48:30.432 [JavaFX Application Thread] DEBUG GameScene            - Added MainViewComponent
12:48:30.432 [JavaFX Application Thread] DEBUG GameScene            - Entity added to scene
12:48:30.432 [JavaFX Application Thread] DEBUG GameScene            - Added MainViewComponent
12:48:30.433 [JavaFX Application Thread] DEBUG GameScene            - Entity added to scene
12:48:30.433 [JavaFX Application Thread] DEBUG GameScene            - Added MainViewComponent
12:48:30.433 [JavaFX Application Thread] DEBUG GameScene            - Entity added to scene
12:48:30.434 [JavaFX Application Thread] DEBUG GameScene            - Added MainViewComponent
12:48:30.434 [JavaFX Application Thread] DEBUG GameScene            - Entity added to scene
12:48:30.434 [JavaFX Application Thread] DEBUG GameScene            - Added MainViewComponent
12:48:30.435 [JavaFX Application Thread] DEBUG GameScene            - Entity added to scene
12:48:30.435 [JavaFX Application Thread] DEBUG GameScene            - Added MainViewComponent
12:48:30.436 [JavaFX Application Thread] DEBUG GameScene            - Entity added to scene
12:48:30.436 [JavaFX Application Thread] DEBUG GameScene            - Added MainViewComponent
12:48:30.436 [JavaFX Application Thread] DEBUG GameScene            - Entity added to scene
12:48:30.437 [JavaFX Application Thread] DEBUG GameScene            - Added MainViewComponent
12:48:31.015 [JavaFX Application Thread] DEBUG GameScene            - Adding UI node: InGameWindow@3be606ec[styleClass=window]
12:48:35.198 [JavaFX Application Thread] DEBUG GameScene            - Entity removed from scene
12:48:35.198 [JavaFX Application Thread] DEBUG GameScene            - Removed MainViewComponent
12:48:50.378 [JavaFX Application Thread] DEBUG FXGLEventBus         - Firing event: DisplayEvent[type=CLOSE_REQUEST]
12:48:50.381 [JavaFX Application Thread] DEBUG FXGLEventBus         - Firing event: FXGLEvent[type=EXIT]
12:48:50.391 [JavaFX Application Thread] DEBUG FXGL                 - Saving FXGL system data
12:48:50.395 [JavaFX Application Thread] DEBUG IOTask               - Executing task: writeDataTask(system/fxgl.bundle)
12:48:50.400 [JavaFX Application Thread] DEBUG FS                   - Writing to: system\fxgl.bundle
12:48:50.409 [JavaFX Application Thread] DEBUG IOTask               - Task succeeded: writeDataTask(system/fxgl.bundle)
