14:28:29.676 [FXGL Launcher Thread     ] DEBUG FXGLLoggerFactory    - Service [LoggerFactory] initialized
14:28:29.681 [FXGL Launcher Thread     ] DEBUG FXGL                 - FXGL configuration complete
14:28:29.681 [FXGL Launcher Thread     ] DEBUG FXGL                 - Loading FXGL system data
14:28:29.684 [FXGL Launcher Thread     ] DEBUG IOTask               - Executing task: readDataTask(system/fxgl.bundle)
14:28:29.687 [FXGL Launcher Thread     ] DEBUG FS                   - Reading from: system\fxgl.bundle
14:28:29.691 [FXGL Launcher Thread     ] DEBUG IOTask               - Task succeeded: readDataTask(system/fxgl.bundle)
14:28:29.692 [FXGL Launcher Thread     ] DEBUG Bundle               - Logging bundle: FXGL
14:28:29.692 [FXGL Launcher Thread     ] DEBUG Bundle               - FXGL.offline.timer.version.check=2017-01-12T08:38:28.585
14:28:29.697 [FXGL Launcher Thread     ] DEBUG GameApplication      - Configuring GameApplication
14:28:29.700 [FXGL Launcher Thread     ] DEBUG FXGLExceptionHandler - Service [ExceptionHandler] initialized
14:28:29.701 [FXGL Launcher Thread     ] DEBUG FXGLEventBus         - Service [EventBus] initialized
14:28:29.704 [FXGL Launcher Thread     ] DEBUG FXGLExecutor         - Service [Executor] initialized
14:28:29.704 [FXGL Launcher Thread     ] DEBUG PreInitTask          - Injecting gameWorld & physicsWorld
14:28:29.708 [FXGL Launcher Thread     ] DEBUG GameWorld            - Game world initialized
14:28:29.747 [FXGL Launcher Thread     ] DEBUG FXGLPooler           - Service [Pooler] initialized with default size = 128
14:28:29.747 [FXGL Launcher Thread     ] DEBUG PhysicsWorld         - Physics world initialized: appHeight=700.0, physics.ppm=50.0
14:28:29.748 [FXGL Launcher Thread     ] DEBUG FXGLInput            - Service [Input] initialized
14:28:29.769 [FXGL Launcher Thread     ] DEBUG FXGLInput            - Registered new binding: Screenshot - P
14:28:29.769 [FXGL Launcher Thread     ] DEBUG FXGLInput            - Registered new binding: Dev Options - CTRL+0
14:28:29.770 [FXGL Launcher Thread     ] DEBUG FXGLInput            - Registered new binding: Move With Mouse - PRIMARY
14:28:29.797 [FXGL Launcher Thread     ] DEBUG GameScene            - Game scene initialized: 800.0x700.0
14:28:29.804 [FXGL Launcher Thread     ] DEBUG FXGLAssetLoader      - Service [AssetLoader] initialized: cacheSize=35
14:28:29.807 [FXGL Launcher Thread     ] DEBUG FXGLAssetLoader      - Loading from disk: /assets/sounds/system/notification.wav
14:28:29.836 [FXGL Launcher Thread     ] DEBUG FXGLAssetLoader      - Loading from disk: /assets/sounds/menu/select.wav
14:28:29.837 [FXGL Launcher Thread     ] DEBUG FXGLAssetLoader      - Loading from disk: /assets/sounds/menu/back.wav
14:28:29.839 [FXGL Launcher Thread     ] DEBUG FXGLAssetLoader      - Loading from disk: /assets/sounds/menu/press.wav
14:28:29.841 [FXGL Launcher Thread     ] DEBUG FXGLAssetLoader      - Loading from disk: /assets/ui/fonts/Copperplate_Gothic_Light_Regular.ttf
14:28:29.928 [FXGL Launcher Thread     ] DEBUG FXGLAssetLoader      - Loading from disk: /assets/ui/css/fxgl.css
14:28:29.928 [FXGL Launcher Thread     ] DEBUG FXGLAssetLoader      - Loading from disk: /assets/ui/icons/fxgl_icon.png
14:28:29.959 [FXGL Launcher Thread     ] DEBUG FXGLAssetLoader      - Loading from disk: /assets/ui/css/fxgl_dark.css
14:28:29.969 [FXGL Launcher Thread     ] DEBUG FXGLDisplay          - Target size: DoubleProperty [value: 800.0] x DoubleProperty [value: 700.0] @ 1.0
14:28:29.969 [FXGL Launcher Thread     ] DEBUG FXGLDisplay          - New size:    800.0 x 700.0 @ DoubleProperty [value: 1.0]
14:28:29.969 [FXGL Launcher Thread     ] DEBUG FXGLDisplay          - Service [Display] initialized
14:28:29.969 [FXGL Launcher Thread     ] DEBUG FXGLDisplay          - Using CSS: CSS(externalForm=jar:file:/C:/Users/Mack/Documents/NetBeansProjects/MotherLoad/MotherLoad/lib/fxgl-0.2.9-uber.jar!/assets/ui/css/fxgl_dark.css)
14:28:29.970 [FXGL Launcher Thread     ] DEBUG InitScenesTask       - Injecting loadingScene & gameScene
14:28:29.999 [FXGL Launcher Thread     ] DEBUG FXGLMasterTimer      - Service [MasterTimer] initialized
14:28:30.002 [FXGL Launcher Thread     ] DEBUG FXGLAudioPlayer      - Service [AudioPlayer] initialized
14:28:30.009 [FXGL Launcher Thread     ] DEBUG InitProfilerTask     - Injecting profiler
14:28:30.010 [FXGL Launcher Thread     ] DEBUG GameApplication      - Starting new game
14:28:30.011 [FXGL Launcher Thread     ] DEBUG GameApplication      - Initializing App
14:28:30.012 [FXGL Launcher Thread     ] DEBUG FXGLInput            - Clearing active input actions
14:28:30.012 [FXGL Launcher Thread     ] DEBUG FXGLMasterTimer      - Stopping master timer
14:28:30.012 [FXGL Launcher Thread     ] DEBUG GameApplication      - State: STARTUP -> PAUSED
14:28:30.013 [FXGL Launcher Thread     ] DEBUG FXGLEventBus         - Firing event: FXGLEvent[type=PAUSE]
14:28:30.014 [FXGL Launcher Thread     ] DEBUG FXGLInput            - Clearing active input actions
14:28:30.014 [FXGL Launcher Thread     ] DEBUG FXGLMasterTimer      - Resetting ticks and clearing all actions
14:28:30.014 [FXGL Launcher Thread     ] DEBUG GameWorld            - Resetting game world
14:28:30.014 [FXGL Launcher Thread     ] TRACE EntityWorld          - Resetting entity world
14:28:30.015 [FXGL Launcher Thread     ] DEBUG PhysicsWorld         - Resetting physics world
14:28:30.016 [FXGL Launcher Thread     ] DEBUG GameScene            - Resetting game scene
14:28:30.016 [FXGL Launcher Thread     ] DEBUG FXGLEventBus         - Firing event: FXGLEvent[type=RESET]
14:28:30.086 [FXGL Launcher Thread     ] DEBUG GameApplication      - State: PAUSED -> LOADING
14:28:30.114 [FXGL Background Thread 1 ] DEBUG InitAppTask          - Initializing Assets
14:28:30.115 [FXGL Background Thread 1 ] DEBUG InitAppTask          - Initializing Game
14:28:30.132 [FXGL Background Thread 1 ] DEBUG FXGLAssetLoader      - Loading from disk: /assets/textures/PlayerLeft.png
14:28:30.141 [FXGL Background Thread 1 ] DEBUG FXGLAssetLoader      - Loading from disk: /assets/textures/Ground1.png
14:28:30.144 [FXGL Background Thread 1 ] DEBUG FXGLAssetLoader      - Loading from cache: /assets/textures/Ground1.png
14:28:30.145 [FXGL Background Thread 1 ] DEBUG FXGLAssetLoader      - Loading from cache: /assets/textures/Ground1.png
14:28:30.146 [FXGL Background Thread 1 ] DEBUG FXGLAssetLoader      - Loading from cache: /assets/textures/Ground1.png
14:28:30.147 [FXGL Background Thread 1 ] DEBUG FXGLAssetLoader      - Loading from cache: /assets/textures/Ground1.png
14:28:30.148 [FXGL Background Thread 1 ] DEBUG FXGLAssetLoader      - Loading from cache: /assets/textures/Ground1.png
14:28:30.149 [FXGL Background Thread 1 ] DEBUG FXGLAssetLoader      - Loading from cache: /assets/textures/Ground1.png
14:28:30.150 [FXGL Background Thread 1 ] DEBUG FXGLAssetLoader      - Loading from cache: /assets/textures/Ground1.png
14:28:30.152 [FXGL Background Thread 1 ] DEBUG FXGLAssetLoader      - Loading from cache: /assets/textures/Ground1.png
14:28:30.153 [FXGL Background Thread 1 ] DEBUG FXGLAssetLoader      - Loading from cache: /assets/textures/Ground1.png
14:28:30.153 [FXGL Background Thread 1 ] DEBUG InitAppTask          - Initializing Physics
14:28:30.154 [FXGL Background Thread 1 ] DEBUG InitAppTask          - Initializing UI
14:28:30.154 [FXGL Background Thread 1 ] DEBUG InitAppTask          - Initialization Complete
14:28:30.177 [JavaFX Application Thread] DEBUG FXGLDisplay          - Showing stage
14:28:30.178 [JavaFX Application Thread] DEBUG FXGLDisplay          - Root size: 800.0x700.0
14:28:30.178 [JavaFX Application Thread] DEBUG FXGLDisplay          - Scene size: 800.0x700.0
14:28:30.178 [JavaFX Application Thread] DEBUG FXGLDisplay          - Stage size: 816.0x739.0
14:28:30.241 [JavaFX Application Thread] DEBUG FXGLInput            - Clearing active input actions
14:28:30.241 [JavaFX Application Thread] DEBUG FXGLMasterTimer      - Starting master timer
14:28:30.241 [JavaFX Application Thread] DEBUG GameApplication      - State: LOADING -> PLAYING
14:28:30.245 [JavaFX Application Thread] DEBUG FXGLEventBus         - Firing event: FXGLEvent[type=RESUME]
14:28:30.248 [JavaFX Application Thread] DEBUG GameScene            - Entity added to scene
14:28:30.249 [JavaFX Application Thread] DEBUG GameScene            - Added MainViewComponent
14:28:30.251 [JavaFX Application Thread] DEBUG GameScene            - Creating render group for layer: TOP(2147483647)
14:28:30.255 [JavaFX Application Thread] DEBUG GameScene            - Entity added to scene
14:28:30.255 [JavaFX Application Thread] DEBUG GameScene            - Added MainViewComponent
14:28:30.256 [JavaFX Application Thread] DEBUG GameScene            - Entity added to scene
14:28:30.256 [JavaFX Application Thread] DEBUG GameScene            - Added MainViewComponent
14:28:30.256 [JavaFX Application Thread] DEBUG GameScene            - Entity added to scene
14:28:30.256 [JavaFX Application Thread] DEBUG GameScene            - Added MainViewComponent
14:28:30.256 [JavaFX Application Thread] DEBUG GameScene            - Entity added to scene
14:28:30.256 [JavaFX Application Thread] DEBUG GameScene            - Added MainViewComponent
14:28:30.257 [JavaFX Application Thread] DEBUG GameScene            - Entity added to scene
14:28:30.257 [JavaFX Application Thread] DEBUG GameScene            - Added MainViewComponent
14:28:30.257 [JavaFX Application Thread] DEBUG GameScene            - Entity added to scene
14:28:30.257 [JavaFX Application Thread] DEBUG GameScene            - Added MainViewComponent
14:28:30.257 [JavaFX Application Thread] DEBUG GameScene            - Entity added to scene
14:28:30.257 [JavaFX Application Thread] DEBUG GameScene            - Added MainViewComponent
14:28:30.258 [JavaFX Application Thread] DEBUG GameScene            - Entity added to scene
14:28:30.258 [JavaFX Application Thread] DEBUG GameScene            - Added MainViewComponent
14:28:30.258 [JavaFX Application Thread] DEBUG GameScene            - Entity added to scene
14:28:30.258 [JavaFX Application Thread] DEBUG GameScene            - Added MainViewComponent
14:28:30.258 [JavaFX Application Thread] DEBUG GameScene            - Entity added to scene
14:28:30.258 [JavaFX Application Thread] DEBUG GameScene            - Added MainViewComponent
14:28:45.158 [JavaFX Application Thread] DEBUG FXGLEventBus         - Firing event: DisplayEvent[type=CLOSE_REQUEST]
14:28:45.159 [JavaFX Application Thread] DEBUG FXGLEventBus         - Firing event: FXGLEvent[type=EXIT]
14:28:45.161 [JavaFX Application Thread] DEBUG FXGL                 - Saving FXGL system data
14:28:45.162 [JavaFX Application Thread] DEBUG IOTask               - Executing task: writeDataTask(system/fxgl.bundle)
14:28:45.164 [JavaFX Application Thread] DEBUG FS                   - Writing to: system\fxgl.bundle
14:28:45.167 [JavaFX Application Thread] DEBUG IOTask               - Task succeeded: writeDataTask(system/fxgl.bundle)
