17:01:23.306 [FXGL Launcher Thread     ] DEBUG FXGLLoggerFactory    - Service [LoggerFactory] initialized
17:01:23.310 [FXGL Launcher Thread     ] DEBUG FXGL                 - FXGL configuration complete
17:01:23.310 [FXGL Launcher Thread     ] DEBUG FXGL                 - Loading FXGL system data
17:01:23.314 [FXGL Launcher Thread     ] DEBUG IOTask               - Executing task: readDataTask(system/fxgl.bundle)
17:01:23.318 [FXGL Launcher Thread     ] DEBUG FS                   - Reading from: system\fxgl.bundle
17:01:23.323 [FXGL Launcher Thread     ] DEBUG IOTask               - Task succeeded: readDataTask(system/fxgl.bundle)
17:01:23.323 [FXGL Launcher Thread     ] DEBUG Bundle               - Logging bundle: FXGL
17:01:23.324 [FXGL Launcher Thread     ] DEBUG Bundle               - FXGL.offline.timer.version.check=2017-01-12T08:38:28.585
17:01:23.329 [FXGL Launcher Thread     ] DEBUG GameApplication      - Configuring GameApplication
17:01:23.332 [FXGL Launcher Thread     ] DEBUG FXGLExceptionHandler - Service [ExceptionHandler] initialized
17:01:23.332 [FXGL Launcher Thread     ] DEBUG FXGLEventBus         - Service [EventBus] initialized
17:01:23.335 [FXGL Launcher Thread     ] DEBUG FXGLExecutor         - Service [Executor] initialized
17:01:23.335 [FXGL Launcher Thread     ] DEBUG PreInitTask          - Injecting gameWorld & physicsWorld
17:01:23.339 [FXGL Launcher Thread     ] DEBUG GameWorld            - Game world initialized
17:01:23.370 [FXGL Launcher Thread     ] DEBUG FXGLPooler           - Service [Pooler] initialized with default size = 128
17:01:23.371 [FXGL Launcher Thread     ] DEBUG PhysicsWorld         - Physics world initialized: appHeight=700.0, physics.ppm=50.0
17:01:23.371 [FXGL Launcher Thread     ] DEBUG FXGLInput            - Service [Input] initialized
17:01:23.387 [FXGL Launcher Thread     ] DEBUG FXGLInput            - Registered new binding: Screenshot - P
17:01:23.388 [FXGL Launcher Thread     ] DEBUG FXGLInput            - Registered new binding: Dev Options - CTRL+0
17:01:23.388 [FXGL Launcher Thread     ] DEBUG FXGLInput            - Registered new binding: Move Up - W
17:01:23.388 [FXGL Launcher Thread     ] DEBUG FXGLInput            - Registered new binding: Move Right - A
17:01:23.388 [FXGL Launcher Thread     ] DEBUG FXGLInput            - Registered new binding: Move Left - D
17:01:23.388 [FXGL Launcher Thread     ] DEBUG FXGLInput            - Registered new binding: Move Down - S
17:01:23.410 [FXGL Launcher Thread     ] DEBUG GameScene            - Game scene initialized: 800.0x700.0
17:01:23.415 [FXGL Launcher Thread     ] DEBUG FXGLAssetLoader      - Service [AssetLoader] initialized: cacheSize=35
17:01:23.417 [FXGL Launcher Thread     ] DEBUG FXGLAssetLoader      - Loading from disk: /assets/sounds/system/notification.wav
17:01:23.437 [FXGL Launcher Thread     ] DEBUG FXGLAssetLoader      - Loading from disk: /assets/sounds/menu/select.wav
17:01:23.438 [FXGL Launcher Thread     ] DEBUG FXGLAssetLoader      - Loading from disk: /assets/sounds/menu/back.wav
17:01:23.440 [FXGL Launcher Thread     ] DEBUG FXGLAssetLoader      - Loading from disk: /assets/sounds/menu/press.wav
17:01:23.441 [FXGL Launcher Thread     ] DEBUG FXGLAssetLoader      - Loading from disk: /assets/ui/fonts/Copperplate_Gothic_Light_Regular.ttf
17:01:23.581 [FXGL Launcher Thread     ] DEBUG FXGLAssetLoader      - Loading from disk: /assets/ui/css/fxgl.css
17:01:23.581 [FXGL Launcher Thread     ] DEBUG FXGLAssetLoader      - Loading from disk: /assets/ui/icons/fxgl_icon.png
17:01:23.615 [FXGL Launcher Thread     ] DEBUG FXGLAssetLoader      - Loading from disk: /assets/ui/css/fxgl_dark.css
17:01:23.624 [FXGL Launcher Thread     ] DEBUG FXGLDisplay          - Target size: DoubleProperty [value: 800.0] x DoubleProperty [value: 700.0] @ 1.0
17:01:23.624 [FXGL Launcher Thread     ] DEBUG FXGLDisplay          - New size:    800.0 x 700.0 @ DoubleProperty [value: 1.0]
17:01:23.624 [FXGL Launcher Thread     ] DEBUG FXGLDisplay          - Service [Display] initialized
17:01:23.624 [FXGL Launcher Thread     ] DEBUG FXGLDisplay          - Using CSS: CSS(externalForm=jar:file:/I:/Documents/NetBeansProjects/MotherLoad/MotherLoad/lib/fxgl-0.2.9-uber.jar!/assets/ui/css/fxgl_dark.css)
17:01:23.625 [FXGL Launcher Thread     ] DEBUG InitScenesTask       - Injecting loadingScene & gameScene
17:01:23.645 [FXGL Launcher Thread     ] DEBUG FXGLMasterTimer      - Service [MasterTimer] initialized
17:01:23.648 [FXGL Launcher Thread     ] DEBUG FXGLAudioPlayer      - Service [AudioPlayer] initialized
17:01:23.655 [FXGL Launcher Thread     ] DEBUG InitProfilerTask     - Injecting profiler
17:01:23.655 [FXGL Launcher Thread     ] DEBUG GameApplication      - Starting new game
17:01:23.656 [FXGL Launcher Thread     ] DEBUG GameApplication      - Initializing App
17:01:23.657 [FXGL Launcher Thread     ] DEBUG FXGLInput            - Clearing active input actions
17:01:23.657 [FXGL Launcher Thread     ] DEBUG FXGLMasterTimer      - Stopping master timer
17:01:23.657 [FXGL Launcher Thread     ] DEBUG GameApplication      - State: STARTUP -> PAUSED
17:01:23.658 [FXGL Launcher Thread     ] DEBUG FXGLEventBus         - Firing event: FXGLEvent[type=PAUSE]
17:01:23.659 [FXGL Launcher Thread     ] DEBUG FXGLInput            - Clearing active input actions
17:01:23.659 [FXGL Launcher Thread     ] DEBUG FXGLMasterTimer      - Resetting ticks and clearing all actions
17:01:23.659 [FXGL Launcher Thread     ] DEBUG GameWorld            - Resetting game world
17:01:23.659 [FXGL Launcher Thread     ] TRACE EntityWorld          - Resetting entity world
17:01:23.660 [FXGL Launcher Thread     ] DEBUG PhysicsWorld         - Resetting physics world
17:01:23.660 [FXGL Launcher Thread     ] DEBUG GameScene            - Resetting game scene
17:01:23.660 [FXGL Launcher Thread     ] DEBUG FXGLEventBus         - Firing event: FXGLEvent[type=RESET]
17:01:23.706 [FXGL Launcher Thread     ] DEBUG GameApplication      - State: PAUSED -> LOADING
17:01:23.730 [FXGL Background Thread 1 ] DEBUG InitAppTask          - Initializing Assets
17:01:23.731 [FXGL Background Thread 1 ] DEBUG InitAppTask          - Initializing Game
17:01:23.750 [FXGL Background Thread 1 ] DEBUG InitAppTask          - Initializing Physics
17:01:23.750 [FXGL Background Thread 1 ] DEBUG InitAppTask          - Initializing UI
17:01:23.750 [FXGL Background Thread 1 ] DEBUG InitAppTask          - Initialization Complete
17:01:23.774 [JavaFX Application Thread] DEBUG FXGLDisplay          - Showing stage
17:01:23.774 [JavaFX Application Thread] DEBUG FXGLDisplay          - Root size: 800.0x700.0
17:01:23.774 [JavaFX Application Thread] DEBUG FXGLDisplay          - Scene size: 800.0x700.0
17:01:23.774 [JavaFX Application Thread] DEBUG FXGLDisplay          - Stage size: 816.0x739.0
17:01:23.817 [JavaFX Application Thread] DEBUG FXGLInput            - Clearing active input actions
17:01:23.817 [JavaFX Application Thread] DEBUG FXGLMasterTimer      - Starting master timer
17:01:23.817 [JavaFX Application Thread] DEBUG GameApplication      - State: LOADING -> PLAYING
17:01:23.822 [JavaFX Application Thread] DEBUG FXGLEventBus         - Firing event: FXGLEvent[type=RESUME]
17:01:23.825 [JavaFX Application Thread] DEBUG GameScene            - Entity added to scene
17:01:23.825 [JavaFX Application Thread] DEBUG GameScene            - Added MainViewComponent
17:01:23.827 [JavaFX Application Thread] DEBUG GameScene            - Creating render group for layer: TOP(2147483647)
17:01:27.168 [JavaFX Application Thread] DEBUG FXGLEventBus         - Firing event: DisplayEvent[type=CLOSE_REQUEST]
17:01:27.169 [JavaFX Application Thread] DEBUG FXGLEventBus         - Firing event: FXGLEvent[type=EXIT]
17:01:27.171 [JavaFX Application Thread] DEBUG FXGL                 - Saving FXGL system data
17:01:27.172 [JavaFX Application Thread] DEBUG IOTask               - Executing task: writeDataTask(system/fxgl.bundle)
17:01:27.173 [JavaFX Application Thread] DEBUG FS                   - Writing to: system\fxgl.bundle
17:01:27.175 [JavaFX Application Thread] DEBUG IOTask               - Task succeeded: writeDataTask(system/fxgl.bundle)
