11:35:50.909 [FXGL Launcher Thread     ] DEBUG FXGLLoggerFactory    - Service [LoggerFactory] initialized
11:35:50.913 [FXGL Launcher Thread     ] DEBUG FXGL                 - FXGL configuration complete
11:35:50.913 [FXGL Launcher Thread     ] DEBUG FXGL                 - Loading FXGL system data
11:35:50.915 [FXGL Launcher Thread     ] DEBUG IOTask               - Executing task: readDataTask(system/fxgl.bundle)
11:35:50.918 [FXGL Launcher Thread     ] DEBUG FS                   - Reading from: system\fxgl.bundle
11:35:50.923 [FXGL Launcher Thread     ] DEBUG IOTask               - Task succeeded: readDataTask(system/fxgl.bundle)
11:35:50.923 [FXGL Launcher Thread     ] DEBUG Bundle               - Logging bundle: FXGL
11:35:50.923 [FXGL Launcher Thread     ] DEBUG Bundle               - FXGL.offline.timer.version.check=2017-01-12T08:38:28.585
11:35:50.928 [FXGL Launcher Thread     ] DEBUG GameApplication      - Configuring GameApplication
11:35:50.931 [FXGL Launcher Thread     ] DEBUG FXGLExceptionHandler - Service [ExceptionHandler] initialized
11:35:50.931 [FXGL Launcher Thread     ] DEBUG FXGLEventBus         - Service [EventBus] initialized
11:35:50.935 [FXGL Launcher Thread     ] DEBUG FXGLExecutor         - Service [Executor] initialized
11:35:50.935 [FXGL Launcher Thread     ] DEBUG PreInitTask          - Injecting gameWorld & physicsWorld
11:35:50.939 [FXGL Launcher Thread     ] DEBUG GameWorld            - Game world initialized
11:35:50.972 [FXGL Launcher Thread     ] DEBUG FXGLPooler           - Service [Pooler] initialized with default size = 128
11:35:50.972 [FXGL Launcher Thread     ] DEBUG PhysicsWorld         - Physics world initialized: appHeight=700.0, physics.ppm=50.0
11:35:50.973 [FXGL Launcher Thread     ] DEBUG FXGLInput            - Service [Input] initialized
11:35:50.988 [FXGL Launcher Thread     ] DEBUG FXGLInput            - Registered new binding: Screenshot - P
11:35:50.988 [FXGL Launcher Thread     ] DEBUG FXGLInput            - Registered new binding: Dev Options - CTRL+0
11:35:50.988 [FXGL Launcher Thread     ] DEBUG FXGLInput            - Registered new binding: Move With Mouse - PRIMARY
11:35:51.010 [FXGL Launcher Thread     ] DEBUG GameScene            - Game scene initialized: 800.0x700.0
11:35:51.017 [FXGL Launcher Thread     ] DEBUG FXGLAssetLoader      - Service [AssetLoader] initialized: cacheSize=35
11:35:51.020 [FXGL Launcher Thread     ] DEBUG FXGLAssetLoader      - Loading from disk: /assets/sounds/system/notification.wav
11:35:51.042 [FXGL Launcher Thread     ] DEBUG FXGLAssetLoader      - Loading from disk: /assets/sounds/menu/select.wav
11:35:51.043 [FXGL Launcher Thread     ] DEBUG FXGLAssetLoader      - Loading from disk: /assets/sounds/menu/back.wav
11:35:51.044 [FXGL Launcher Thread     ] DEBUG FXGLAssetLoader      - Loading from disk: /assets/sounds/menu/press.wav
11:35:51.046 [FXGL Launcher Thread     ] DEBUG FXGLAssetLoader      - Loading from disk: /assets/ui/fonts/Copperplate_Gothic_Light_Regular.ttf
11:35:51.188 [FXGL Launcher Thread     ] DEBUG FXGLAssetLoader      - Loading from disk: /assets/ui/css/fxgl.css
11:35:51.189 [FXGL Launcher Thread     ] DEBUG FXGLAssetLoader      - Loading from disk: /assets/ui/icons/fxgl_icon.png
11:35:51.219 [FXGL Launcher Thread     ] DEBUG FXGLAssetLoader      - Loading from disk: /assets/ui/css/fxgl_dark.css
11:35:51.227 [FXGL Launcher Thread     ] DEBUG FXGLDisplay          - Target size: DoubleProperty [value: 800.0] x DoubleProperty [value: 700.0] @ 1.0
11:35:51.227 [FXGL Launcher Thread     ] DEBUG FXGLDisplay          - New size:    800.0 x 700.0 @ DoubleProperty [value: 1.0]
11:35:51.227 [FXGL Launcher Thread     ] DEBUG FXGLDisplay          - Service [Display] initialized
11:35:51.228 [FXGL Launcher Thread     ] DEBUG FXGLDisplay          - Using CSS: CSS(externalForm=jar:file:/I:/Documents/NetBeansProjects/MotherLoad/MotherLoad/lib/fxgl-0.2.9-uber.jar!/assets/ui/css/fxgl_dark.css)
11:35:51.228 [FXGL Launcher Thread     ] DEBUG InitScenesTask       - Injecting loadingScene & gameScene
11:35:51.248 [FXGL Launcher Thread     ] DEBUG FXGLMasterTimer      - Service [MasterTimer] initialized
11:35:51.250 [FXGL Launcher Thread     ] DEBUG FXGLAudioPlayer      - Service [AudioPlayer] initialized
11:35:51.257 [FXGL Launcher Thread     ] DEBUG InitProfilerTask     - Injecting profiler
11:35:51.257 [FXGL Launcher Thread     ] DEBUG GameApplication      - Starting new game
11:35:51.258 [FXGL Launcher Thread     ] DEBUG GameApplication      - Initializing App
11:35:51.259 [FXGL Launcher Thread     ] DEBUG FXGLInput            - Clearing active input actions
11:35:51.259 [FXGL Launcher Thread     ] DEBUG FXGLMasterTimer      - Stopping master timer
11:35:51.259 [FXGL Launcher Thread     ] DEBUG GameApplication      - State: STARTUP -> PAUSED
11:35:51.260 [FXGL Launcher Thread     ] DEBUG FXGLEventBus         - Firing event: FXGLEvent[type=PAUSE]
11:35:51.261 [FXGL Launcher Thread     ] DEBUG FXGLInput            - Clearing active input actions
11:35:51.261 [FXGL Launcher Thread     ] DEBUG FXGLMasterTimer      - Resetting ticks and clearing all actions
11:35:51.261 [FXGL Launcher Thread     ] DEBUG GameWorld            - Resetting game world
11:35:51.261 [FXGL Launcher Thread     ] TRACE EntityWorld          - Resetting entity world
11:35:51.263 [FXGL Launcher Thread     ] DEBUG PhysicsWorld         - Resetting physics world
11:35:51.263 [FXGL Launcher Thread     ] DEBUG GameScene            - Resetting game scene
11:35:51.263 [FXGL Launcher Thread     ] DEBUG FXGLEventBus         - Firing event: FXGLEvent[type=RESET]
11:35:51.312 [FXGL Launcher Thread     ] DEBUG GameApplication      - State: PAUSED -> LOADING
11:35:51.338 [FXGL Background Thread 1 ] DEBUG InitAppTask          - Initializing Assets
11:35:51.339 [FXGL Background Thread 1 ] DEBUG InitAppTask          - Initializing Game
11:35:51.354 [FXGL Background Thread 1 ] DEBUG FXGLAssetLoader      - Loading from disk: /assets/textures/PlayerLeft.png
11:35:51.361 [FXGL Background Thread 1 ] DEBUG FXGLAssetLoader      - Loading from disk: /assets/textures/Ground1.png
11:35:51.363 [FXGL Background Thread 1 ] DEBUG FXGLAssetLoader      - Loading from cache: /assets/textures/Ground1.png
11:35:51.364 [FXGL Background Thread 1 ] DEBUG FXGLAssetLoader      - Loading from cache: /assets/textures/Ground1.png
11:35:51.364 [FXGL Background Thread 1 ] DEBUG FXGLAssetLoader      - Loading from cache: /assets/textures/Ground1.png
11:35:51.365 [FXGL Background Thread 1 ] DEBUG FXGLAssetLoader      - Loading from cache: /assets/textures/Ground1.png
11:35:51.366 [FXGL Background Thread 1 ] DEBUG FXGLAssetLoader      - Loading from cache: /assets/textures/Ground1.png
11:35:51.366 [FXGL Background Thread 1 ] DEBUG FXGLAssetLoader      - Loading from cache: /assets/textures/Ground1.png
11:35:51.368 [FXGL Background Thread 1 ] DEBUG FXGLAssetLoader      - Loading from cache: /assets/textures/Ground1.png
11:35:51.368 [FXGL Background Thread 1 ] DEBUG FXGLAssetLoader      - Loading from cache: /assets/textures/Ground1.png
11:35:51.369 [FXGL Background Thread 1 ] DEBUG FXGLAssetLoader      - Loading from cache: /assets/textures/Ground1.png
11:35:51.369 [FXGL Background Thread 1 ] DEBUG FXGLAssetLoader      - Loading from cache: /assets/textures/Ground1.png
11:35:51.370 [FXGL Background Thread 1 ] DEBUG FXGLAssetLoader      - Loading from cache: /assets/textures/Ground1.png
11:35:51.370 [FXGL Background Thread 1 ] DEBUG FXGLAssetLoader      - Loading from cache: /assets/textures/Ground1.png
11:35:51.371 [FXGL Background Thread 1 ] DEBUG FXGLAssetLoader      - Loading from cache: /assets/textures/Ground1.png
11:35:51.371 [FXGL Background Thread 1 ] DEBUG FXGLAssetLoader      - Loading from cache: /assets/textures/Ground1.png
11:35:51.372 [FXGL Background Thread 1 ] DEBUG FXGLAssetLoader      - Loading from cache: /assets/textures/Ground1.png
11:35:51.373 [FXGL Background Thread 1 ] DEBUG FXGLAssetLoader      - Loading from cache: /assets/textures/Ground1.png
11:35:51.373 [FXGL Background Thread 1 ] DEBUG FXGLAssetLoader      - Loading from cache: /assets/textures/Ground1.png
11:35:51.374 [FXGL Background Thread 1 ] DEBUG FXGLAssetLoader      - Loading from cache: /assets/textures/Ground1.png
11:35:51.374 [FXGL Background Thread 1 ] DEBUG FXGLAssetLoader      - Loading from cache: /assets/textures/Ground1.png
11:35:51.375 [FXGL Background Thread 1 ] DEBUG FXGLAssetLoader      - Loading from cache: /assets/textures/Ground1.png
11:35:51.375 [FXGL Background Thread 1 ] DEBUG FXGLAssetLoader      - Loading from cache: /assets/textures/Ground1.png
11:35:51.376 [FXGL Background Thread 1 ] DEBUG FXGLAssetLoader      - Loading from cache: /assets/textures/Ground1.png
11:35:51.376 [FXGL Background Thread 1 ] DEBUG FXGLAssetLoader      - Loading from cache: /assets/textures/Ground1.png
11:35:51.377 [FXGL Background Thread 1 ] DEBUG FXGLAssetLoader      - Loading from cache: /assets/textures/Ground1.png
11:35:51.377 [FXGL Background Thread 1 ] DEBUG FXGLAssetLoader      - Loading from cache: /assets/textures/Ground1.png
11:35:51.378 [FXGL Background Thread 1 ] DEBUG FXGLAssetLoader      - Loading from cache: /assets/textures/Ground1.png
11:35:51.378 [FXGL Background Thread 1 ] DEBUG FXGLAssetLoader      - Loading from cache: /assets/textures/Ground1.png
11:35:51.378 [FXGL Background Thread 1 ] DEBUG FXGLAssetLoader      - Loading from cache: /assets/textures/Ground1.png
11:35:51.379 [FXGL Background Thread 1 ] DEBUG FXGLAssetLoader      - Loading from cache: /assets/textures/Ground1.png
11:35:51.379 [FXGL Background Thread 1 ] DEBUG FXGLAssetLoader      - Loading from cache: /assets/textures/Ground1.png
11:35:51.380 [FXGL Background Thread 1 ] DEBUG FXGLAssetLoader      - Loading from cache: /assets/textures/Ground1.png
11:35:51.380 [FXGL Background Thread 1 ] DEBUG FXGLAssetLoader      - Loading from cache: /assets/textures/Ground1.png
11:35:51.381 [FXGL Background Thread 1 ] DEBUG FXGLAssetLoader      - Loading from cache: /assets/textures/Ground1.png
11:35:51.381 [FXGL Background Thread 1 ] DEBUG FXGLAssetLoader      - Loading from cache: /assets/textures/Ground1.png
11:35:51.382 [FXGL Background Thread 1 ] DEBUG FXGLAssetLoader      - Loading from cache: /assets/textures/Ground1.png
11:35:51.382 [FXGL Background Thread 1 ] DEBUG FXGLAssetLoader      - Loading from cache: /assets/textures/Ground1.png
11:35:51.383 [FXGL Background Thread 1 ] DEBUG FXGLAssetLoader      - Loading from cache: /assets/textures/Ground1.png
11:35:51.383 [FXGL Background Thread 1 ] DEBUG FXGLAssetLoader      - Loading from cache: /assets/textures/Ground1.png
11:35:51.383 [FXGL Background Thread 1 ] DEBUG FXGLAssetLoader      - Loading from cache: /assets/textures/Ground1.png
11:35:51.384 [FXGL Background Thread 1 ] DEBUG FXGLAssetLoader      - Loading from cache: /assets/textures/Ground1.png
11:35:51.385 [FXGL Background Thread 1 ] DEBUG FXGLAssetLoader      - Loading from cache: /assets/textures/Ground1.png
11:35:51.385 [JavaFX Application Thread] DEBUG FXGLDisplay          - Showing stage
11:35:51.385 [JavaFX Application Thread] DEBUG FXGLDisplay          - Root size: 800.0x700.0
11:35:51.385 [JavaFX Application Thread] DEBUG FXGLDisplay          - Scene size: 800.0x700.0
11:35:51.385 [JavaFX Application Thread] DEBUG FXGLDisplay          - Stage size: 816.0x739.0
11:35:51.385 [FXGL Background Thread 1 ] DEBUG FXGLAssetLoader      - Loading from cache: /assets/textures/Ground1.png
11:35:51.386 [FXGL Background Thread 1 ] DEBUG FXGLAssetLoader      - Loading from cache: /assets/textures/Ground1.png
11:35:51.386 [FXGL Background Thread 1 ] DEBUG FXGLAssetLoader      - Loading from cache: /assets/textures/Ground1.png
11:35:51.387 [FXGL Background Thread 1 ] DEBUG FXGLAssetLoader      - Loading from cache: /assets/textures/Ground1.png
11:35:51.387 [FXGL Background Thread 1 ] DEBUG FXGLAssetLoader      - Loading from cache: /assets/textures/Ground1.png
11:35:51.388 [FXGL Background Thread 1 ] DEBUG FXGLAssetLoader      - Loading from cache: /assets/textures/Ground1.png
11:35:51.389 [FXGL Background Thread 1 ] DEBUG FXGLAssetLoader      - Loading from cache: /assets/textures/Ground1.png
11:35:51.389 [FXGL Background Thread 1 ] DEBUG FXGLAssetLoader      - Loading from cache: /assets/textures/Ground1.png
11:35:51.390 [FXGL Background Thread 1 ] DEBUG FXGLAssetLoader      - Loading from cache: /assets/textures/Ground1.png
11:35:51.390 [FXGL Background Thread 1 ] DEBUG FXGLAssetLoader      - Loading from cache: /assets/textures/Ground1.png
11:35:51.390 [FXGL Background Thread 1 ] DEBUG FXGLAssetLoader      - Loading from cache: /assets/textures/Ground1.png
11:35:51.391 [FXGL Background Thread 1 ] DEBUG FXGLAssetLoader      - Loading from cache: /assets/textures/Ground1.png
11:35:51.391 [FXGL Background Thread 1 ] DEBUG FXGLAssetLoader      - Loading from cache: /assets/textures/Ground1.png
11:35:51.392 [FXGL Background Thread 1 ] DEBUG FXGLAssetLoader      - Loading from cache: /assets/textures/Ground1.png
11:35:51.392 [FXGL Background Thread 1 ] DEBUG FXGLAssetLoader      - Loading from cache: /assets/textures/Ground1.png
11:35:51.393 [FXGL Background Thread 1 ] DEBUG FXGLAssetLoader      - Loading from cache: /assets/textures/Ground1.png
11:35:51.394 [FXGL Background Thread 1 ] DEBUG FXGLAssetLoader      - Loading from cache: /assets/textures/Ground1.png
11:35:51.394 [FXGL Background Thread 1 ] DEBUG FXGLAssetLoader      - Loading from cache: /assets/textures/Ground1.png
11:35:51.394 [FXGL Background Thread 1 ] DEBUG FXGLAssetLoader      - Loading from cache: /assets/textures/Ground1.png
11:35:51.395 [FXGL Background Thread 1 ] DEBUG FXGLAssetLoader      - Loading from cache: /assets/textures/Ground1.png
11:35:51.395 [FXGL Background Thread 1 ] DEBUG FXGLAssetLoader      - Loading from cache: /assets/textures/Ground1.png
11:35:51.396 [FXGL Background Thread 1 ] DEBUG FXGLAssetLoader      - Loading from cache: /assets/textures/Ground1.png
11:35:51.396 [FXGL Background Thread 1 ] DEBUG FXGLAssetLoader      - Loading from cache: /assets/textures/Ground1.png
11:35:51.397 [FXGL Background Thread 1 ] DEBUG FXGLAssetLoader      - Loading from cache: /assets/textures/Ground1.png
11:35:51.397 [FXGL Background Thread 1 ] DEBUG FXGLAssetLoader      - Loading from cache: /assets/textures/Ground1.png
11:35:51.398 [FXGL Background Thread 1 ] DEBUG FXGLAssetLoader      - Loading from cache: /assets/textures/Ground1.png
11:35:51.398 [FXGL Background Thread 1 ] DEBUG FXGLAssetLoader      - Loading from cache: /assets/textures/Ground1.png
11:35:51.398 [FXGL Background Thread 1 ] DEBUG FXGLAssetLoader      - Loading from cache: /assets/textures/Ground1.png
11:35:51.399 [FXGL Background Thread 1 ] DEBUG FXGLAssetLoader      - Loading from cache: /assets/textures/Ground1.png
11:35:51.400 [FXGL Background Thread 1 ] DEBUG FXGLAssetLoader      - Loading from cache: /assets/textures/Ground1.png
11:35:51.400 [FXGL Background Thread 1 ] DEBUG FXGLAssetLoader      - Loading from cache: /assets/textures/Ground1.png
11:35:51.401 [FXGL Background Thread 1 ] DEBUG FXGLAssetLoader      - Loading from cache: /assets/textures/Ground1.png
11:35:51.402 [FXGL Background Thread 1 ] DEBUG FXGLAssetLoader      - Loading from cache: /assets/textures/Ground1.png
11:35:51.402 [FXGL Background Thread 1 ] DEBUG InitAppTask          - Initializing Physics
11:35:51.403 [FXGL Background Thread 1 ] DEBUG InitAppTask          - Initializing UI
11:35:51.403 [FXGL Background Thread 1 ] DEBUG InitAppTask          - Initialization Complete
11:35:51.431 [JavaFX Application Thread] DEBUG FXGLInput            - Clearing active input actions
11:35:51.431 [JavaFX Application Thread] DEBUG FXGLMasterTimer      - Starting master timer
11:35:51.432 [JavaFX Application Thread] DEBUG GameApplication      - State: LOADING -> PLAYING
11:35:51.436 [JavaFX Application Thread] DEBUG FXGLEventBus         - Firing event: FXGLEvent[type=RESUME]
11:35:51.439 [JavaFX Application Thread] DEBUG GameScene            - Entity added to scene
11:35:51.440 [JavaFX Application Thread] DEBUG GameScene            - Added MainViewComponent
11:35:51.442 [JavaFX Application Thread] DEBUG GameScene            - Creating render group for layer: TOP(2147483647)
11:35:51.445 [JavaFX Application Thread] DEBUG GameScene            - Entity added to scene
11:35:51.445 [JavaFX Application Thread] DEBUG GameScene            - Added MainViewComponent
11:35:51.445 [JavaFX Application Thread] DEBUG GameScene            - Entity added to scene
11:35:51.445 [JavaFX Application Thread] DEBUG GameScene            - Added MainViewComponent
11:35:51.445 [JavaFX Application Thread] DEBUG GameScene            - Entity added to scene
11:35:51.445 [JavaFX Application Thread] DEBUG GameScene            - Added MainViewComponent
11:35:51.445 [JavaFX Application Thread] DEBUG GameScene            - Entity added to scene
11:35:51.445 [JavaFX Application Thread] DEBUG GameScene            - Added MainViewComponent
11:35:51.446 [JavaFX Application Thread] DEBUG GameScene            - Entity added to scene
11:35:51.446 [JavaFX Application Thread] DEBUG GameScene            - Added MainViewComponent
11:35:51.446 [JavaFX Application Thread] DEBUG GameScene            - Entity added to scene
11:35:51.446 [JavaFX Application Thread] DEBUG GameScene            - Added MainViewComponent
11:35:51.446 [JavaFX Application Thread] DEBUG GameScene            - Entity added to scene
11:35:51.446 [JavaFX Application Thread] DEBUG GameScene            - Added MainViewComponent
11:35:51.446 [JavaFX Application Thread] DEBUG GameScene            - Entity added to scene
11:35:51.446 [JavaFX Application Thread] DEBUG GameScene            - Added MainViewComponent
11:35:51.446 [JavaFX Application Thread] DEBUG GameScene            - Entity added to scene
11:35:51.446 [JavaFX Application Thread] DEBUG GameScene            - Added MainViewComponent
11:35:51.447 [JavaFX Application Thread] DEBUG GameScene            - Entity added to scene
11:35:51.447 [JavaFX Application Thread] DEBUG GameScene            - Added MainViewComponent
11:35:51.447 [JavaFX Application Thread] DEBUG GameScene            - Entity added to scene
11:35:51.447 [JavaFX Application Thread] DEBUG GameScene            - Added MainViewComponent
11:35:51.447 [JavaFX Application Thread] DEBUG GameScene            - Entity added to scene
11:35:51.447 [JavaFX Application Thread] DEBUG GameScene            - Added MainViewComponent
11:35:51.447 [JavaFX Application Thread] DEBUG GameScene            - Entity added to scene
11:35:51.447 [JavaFX Application Thread] DEBUG GameScene            - Added MainViewComponent
11:35:51.448 [JavaFX Application Thread] DEBUG GameScene            - Entity added to scene
11:35:51.448 [JavaFX Application Thread] DEBUG GameScene            - Added MainViewComponent
11:35:51.448 [JavaFX Application Thread] DEBUG GameScene            - Entity added to scene
11:35:51.448 [JavaFX Application Thread] DEBUG GameScene            - Added MainViewComponent
11:35:51.448 [JavaFX Application Thread] DEBUG GameScene            - Entity added to scene
11:35:51.448 [JavaFX Application Thread] DEBUG GameScene            - Added MainViewComponent
11:35:51.448 [JavaFX Application Thread] DEBUG GameScene            - Entity added to scene
11:35:51.448 [JavaFX Application Thread] DEBUG GameScene            - Added MainViewComponent
11:35:51.448 [JavaFX Application Thread] DEBUG GameScene            - Entity added to scene
11:35:51.449 [JavaFX Application Thread] DEBUG GameScene            - Added MainViewComponent
11:35:51.449 [JavaFX Application Thread] DEBUG GameScene            - Entity added to scene
11:35:51.449 [JavaFX Application Thread] DEBUG GameScene            - Added MainViewComponent
11:35:51.449 [JavaFX Application Thread] DEBUG GameScene            - Entity added to scene
11:35:51.449 [JavaFX Application Thread] DEBUG GameScene            - Added MainViewComponent
11:35:51.449 [JavaFX Application Thread] DEBUG GameScene            - Entity added to scene
11:35:51.449 [JavaFX Application Thread] DEBUG GameScene            - Added MainViewComponent
11:35:51.450 [JavaFX Application Thread] DEBUG GameScene            - Entity added to scene
11:35:51.450 [JavaFX Application Thread] DEBUG GameScene            - Added MainViewComponent
11:35:51.450 [JavaFX Application Thread] DEBUG GameScene            - Entity added to scene
11:35:51.450 [JavaFX Application Thread] DEBUG GameScene            - Added MainViewComponent
11:35:51.450 [JavaFX Application Thread] DEBUG GameScene            - Entity added to scene
11:35:51.450 [JavaFX Application Thread] DEBUG GameScene            - Added MainViewComponent
11:35:51.450 [JavaFX Application Thread] DEBUG GameScene            - Entity added to scene
11:35:51.450 [JavaFX Application Thread] DEBUG GameScene            - Added MainViewComponent
11:35:51.451 [JavaFX Application Thread] DEBUG GameScene            - Entity added to scene
11:35:51.451 [JavaFX Application Thread] DEBUG GameScene            - Added MainViewComponent
11:35:51.451 [JavaFX Application Thread] DEBUG GameScene            - Entity added to scene
11:35:51.451 [JavaFX Application Thread] DEBUG GameScene            - Added MainViewComponent
11:35:51.451 [JavaFX Application Thread] DEBUG GameScene            - Entity added to scene
11:35:51.451 [JavaFX Application Thread] DEBUG GameScene            - Added MainViewComponent
11:35:51.451 [JavaFX Application Thread] DEBUG GameScene            - Entity added to scene
11:35:51.451 [JavaFX Application Thread] DEBUG GameScene            - Added MainViewComponent
11:35:51.452 [JavaFX Application Thread] DEBUG GameScene            - Entity added to scene
11:35:51.452 [JavaFX Application Thread] DEBUG GameScene            - Added MainViewComponent
11:35:51.452 [JavaFX Application Thread] DEBUG GameScene            - Entity added to scene
11:35:51.452 [JavaFX Application Thread] DEBUG GameScene            - Added MainViewComponent
11:35:51.452 [JavaFX Application Thread] DEBUG GameScene            - Entity added to scene
11:35:51.452 [JavaFX Application Thread] DEBUG GameScene            - Added MainViewComponent
11:35:51.452 [JavaFX Application Thread] DEBUG GameScene            - Entity added to scene
11:35:51.452 [JavaFX Application Thread] DEBUG GameScene            - Added MainViewComponent
11:35:51.452 [JavaFX Application Thread] DEBUG GameScene            - Entity added to scene
11:35:51.452 [JavaFX Application Thread] DEBUG GameScene            - Added MainViewComponent
11:35:51.453 [JavaFX Application Thread] DEBUG GameScene            - Entity added to scene
11:35:51.453 [JavaFX Application Thread] DEBUG GameScene            - Added MainViewComponent
11:35:51.453 [JavaFX Application Thread] DEBUG GameScene            - Entity added to scene
11:35:51.453 [JavaFX Application Thread] DEBUG GameScene            - Added MainViewComponent
11:35:51.453 [JavaFX Application Thread] DEBUG GameScene            - Entity added to scene
11:35:51.453 [JavaFX Application Thread] DEBUG GameScene            - Added MainViewComponent
11:35:51.453 [JavaFX Application Thread] DEBUG GameScene            - Entity added to scene
11:35:51.453 [JavaFX Application Thread] DEBUG GameScene            - Added MainViewComponent
11:35:51.453 [JavaFX Application Thread] DEBUG GameScene            - Entity added to scene
11:35:51.453 [JavaFX Application Thread] DEBUG GameScene            - Added MainViewComponent
11:35:51.454 [JavaFX Application Thread] DEBUG GameScene            - Entity added to scene
11:35:51.454 [JavaFX Application Thread] DEBUG GameScene            - Added MainViewComponent
11:35:51.454 [JavaFX Application Thread] DEBUG GameScene            - Entity added to scene
11:35:51.454 [JavaFX Application Thread] DEBUG GameScene            - Added MainViewComponent
11:35:51.454 [JavaFX Application Thread] DEBUG GameScene            - Entity added to scene
11:35:51.454 [JavaFX Application Thread] DEBUG GameScene            - Added MainViewComponent
11:35:51.454 [JavaFX Application Thread] DEBUG GameScene            - Entity added to scene
11:35:51.454 [JavaFX Application Thread] DEBUG GameScene            - Added MainViewComponent
11:35:51.455 [JavaFX Application Thread] DEBUG GameScene            - Entity added to scene
11:35:51.455 [JavaFX Application Thread] DEBUG GameScene            - Added MainViewComponent
11:35:51.455 [JavaFX Application Thread] DEBUG GameScene            - Entity added to scene
11:35:51.455 [JavaFX Application Thread] DEBUG GameScene            - Added MainViewComponent
11:35:51.455 [JavaFX Application Thread] DEBUG GameScene            - Entity added to scene
11:35:51.455 [JavaFX Application Thread] DEBUG GameScene            - Added MainViewComponent
11:35:51.455 [JavaFX Application Thread] DEBUG GameScene            - Entity added to scene
11:35:51.455 [JavaFX Application Thread] DEBUG GameScene            - Added MainViewComponent
11:35:51.455 [JavaFX Application Thread] DEBUG GameScene            - Entity added to scene
11:35:51.455 [JavaFX Application Thread] DEBUG GameScene            - Added MainViewComponent
11:35:51.456 [JavaFX Application Thread] DEBUG GameScene            - Entity added to scene
11:35:51.456 [JavaFX Application Thread] DEBUG GameScene            - Added MainViewComponent
11:35:51.456 [JavaFX Application Thread] DEBUG GameScene            - Entity added to scene
11:35:51.456 [JavaFX Application Thread] DEBUG GameScene            - Added MainViewComponent
11:35:51.456 [JavaFX Application Thread] DEBUG GameScene            - Entity added to scene
11:35:51.456 [JavaFX Application Thread] DEBUG GameScene            - Added MainViewComponent
11:35:51.456 [JavaFX Application Thread] DEBUG GameScene            - Entity added to scene
11:35:51.456 [JavaFX Application Thread] DEBUG GameScene            - Added MainViewComponent
11:35:51.456 [JavaFX Application Thread] DEBUG GameScene            - Entity added to scene
11:35:51.456 [JavaFX Application Thread] DEBUG GameScene            - Added MainViewComponent
11:35:51.457 [JavaFX Application Thread] DEBUG GameScene            - Entity added to scene
11:35:51.457 [JavaFX Application Thread] DEBUG GameScene            - Added MainViewComponent
11:35:51.457 [JavaFX Application Thread] DEBUG GameScene            - Entity added to scene
11:35:51.457 [JavaFX Application Thread] DEBUG GameScene            - Added MainViewComponent
11:35:51.457 [JavaFX Application Thread] DEBUG GameScene            - Entity added to scene
11:35:51.457 [JavaFX Application Thread] DEBUG GameScene            - Added MainViewComponent
11:35:51.457 [JavaFX Application Thread] DEBUG GameScene            - Entity added to scene
11:35:51.457 [JavaFX Application Thread] DEBUG GameScene            - Added MainViewComponent
11:35:51.457 [JavaFX Application Thread] DEBUG GameScene            - Entity added to scene
11:35:51.457 [JavaFX Application Thread] DEBUG GameScene            - Added MainViewComponent
11:35:51.458 [JavaFX Application Thread] DEBUG GameScene            - Entity added to scene
11:35:51.458 [JavaFX Application Thread] DEBUG GameScene            - Added MainViewComponent
11:35:51.458 [JavaFX Application Thread] DEBUG GameScene            - Entity added to scene
11:35:51.458 [JavaFX Application Thread] DEBUG GameScene            - Added MainViewComponent
11:35:51.458 [JavaFX Application Thread] DEBUG GameScene            - Entity added to scene
11:35:51.458 [JavaFX Application Thread] DEBUG GameScene            - Added MainViewComponent
11:35:51.458 [JavaFX Application Thread] DEBUG GameScene            - Entity added to scene
11:35:51.458 [JavaFX Application Thread] DEBUG GameScene            - Added MainViewComponent
11:35:51.458 [JavaFX Application Thread] DEBUG GameScene            - Entity added to scene
11:35:51.459 [JavaFX Application Thread] DEBUG GameScene            - Added MainViewComponent
11:35:51.459 [JavaFX Application Thread] DEBUG GameScene            - Entity added to scene
11:35:51.459 [JavaFX Application Thread] DEBUG GameScene            - Added MainViewComponent
11:35:51.459 [JavaFX Application Thread] DEBUG GameScene            - Entity added to scene
11:35:51.459 [JavaFX Application Thread] DEBUG GameScene            - Added MainViewComponent
11:35:51.459 [JavaFX Application Thread] DEBUG GameScene            - Entity added to scene
11:35:51.459 [JavaFX Application Thread] DEBUG GameScene            - Added MainViewComponent
11:35:51.459 [JavaFX Application Thread] DEBUG GameScene            - Entity added to scene
11:35:51.459 [JavaFX Application Thread] DEBUG GameScene            - Added MainViewComponent
11:35:51.459 [JavaFX Application Thread] DEBUG GameScene            - Entity added to scene
11:35:51.460 [JavaFX Application Thread] DEBUG GameScene            - Added MainViewComponent
11:35:51.460 [JavaFX Application Thread] DEBUG GameScene            - Entity added to scene
11:35:51.460 [JavaFX Application Thread] DEBUG GameScene            - Added MainViewComponent
11:35:51.460 [JavaFX Application Thread] DEBUG GameScene            - Entity added to scene
11:35:51.460 [JavaFX Application Thread] DEBUG GameScene            - Added MainViewComponent
11:35:51.460 [JavaFX Application Thread] DEBUG GameScene            - Entity added to scene
11:35:51.460 [JavaFX Application Thread] DEBUG GameScene            - Added MainViewComponent
11:35:51.460 [JavaFX Application Thread] DEBUG GameScene            - Entity added to scene
11:35:51.460 [JavaFX Application Thread] DEBUG GameScene            - Added MainViewComponent
11:35:51.460 [JavaFX Application Thread] DEBUG GameScene            - Entity added to scene
11:35:51.460 [JavaFX Application Thread] DEBUG GameScene            - Added MainViewComponent
11:35:51.461 [JavaFX Application Thread] DEBUG GameScene            - Entity added to scene
11:35:51.461 [JavaFX Application Thread] DEBUG GameScene            - Added MainViewComponent
11:35:51.461 [JavaFX Application Thread] DEBUG GameScene            - Entity added to scene
11:35:51.461 [JavaFX Application Thread] DEBUG GameScene            - Added MainViewComponent
11:36:03.732 [JavaFX Application Thread] DEBUG FXGLEventBus         - Firing event: DisplayEvent[type=CLOSE_REQUEST]
11:36:03.732 [JavaFX Application Thread] DEBUG FXGLEventBus         - Firing event: FXGLEvent[type=EXIT]
11:36:03.735 [JavaFX Application Thread] DEBUG FXGL                 - Saving FXGL system data
11:36:03.736 [JavaFX Application Thread] DEBUG IOTask               - Executing task: writeDataTask(system/fxgl.bundle)
11:36:03.737 [JavaFX Application Thread] DEBUG FS                   - Writing to: system\fxgl.bundle
11:36:03.740 [JavaFX Application Thread] DEBUG IOTask               - Task succeeded: writeDataTask(system/fxgl.bundle)
