14:29:01.275 [FXGL Launcher Thread     ] DEBUG FXGLLoggerFactory    - Service [LoggerFactory] initialized
14:29:01.280 [FXGL Launcher Thread     ] DEBUG FXGL                 - FXGL configuration complete
14:29:01.280 [FXGL Launcher Thread     ] DEBUG FXGL                 - Loading FXGL system data
14:29:01.282 [FXGL Launcher Thread     ] DEBUG IOTask               - Executing task: readDataTask(system/fxgl.bundle)
14:29:01.285 [FXGL Launcher Thread     ] DEBUG FS                   - Reading from: system\fxgl.bundle
14:29:01.290 [FXGL Launcher Thread     ] DEBUG IOTask               - Task succeeded: readDataTask(system/fxgl.bundle)
14:29:01.290 [FXGL Launcher Thread     ] DEBUG Bundle               - Logging bundle: FXGL
14:29:01.291 [FXGL Launcher Thread     ] DEBUG Bundle               - FXGL.offline.timer.version.check=2017-01-12T08:38:28.585
14:29:01.306 [FXGL Launcher Thread     ] DEBUG GameApplication      - Configuring GameApplication
14:29:01.310 [FXGL Launcher Thread     ] DEBUG FXGLExceptionHandler - Service [ExceptionHandler] initialized
14:29:01.310 [FXGL Launcher Thread     ] DEBUG FXGLEventBus         - Service [EventBus] initialized
14:29:01.313 [FXGL Launcher Thread     ] DEBUG FXGLExecutor         - Service [Executor] initialized
14:29:01.313 [FXGL Launcher Thread     ] DEBUG PreInitTask          - Injecting gameWorld & physicsWorld
14:29:01.317 [FXGL Launcher Thread     ] DEBUG GameWorld            - Game world initialized
14:29:01.354 [FXGL Launcher Thread     ] DEBUG FXGLPooler           - Service [Pooler] initialized with default size = 128
14:29:01.354 [FXGL Launcher Thread     ] DEBUG PhysicsWorld         - Physics world initialized: appHeight=700.0, physics.ppm=50.0
14:29:01.355 [FXGL Launcher Thread     ] DEBUG FXGLInput            - Service [Input] initialized
14:29:01.373 [FXGL Launcher Thread     ] DEBUG FXGLInput            - Registered new binding: Screenshot - P
14:29:01.373 [FXGL Launcher Thread     ] DEBUG FXGLInput            - Registered new binding: Dev Options - CTRL+0
14:29:01.373 [FXGL Launcher Thread     ] DEBUG FXGLInput            - Registered new binding: Move With Mouse - PRIMARY
14:29:01.396 [FXGL Launcher Thread     ] DEBUG GameScene            - Game scene initialized: 800.0x700.0
14:29:01.402 [FXGL Launcher Thread     ] DEBUG FXGLAssetLoader      - Service [AssetLoader] initialized: cacheSize=35
14:29:01.405 [FXGL Launcher Thread     ] DEBUG FXGLAssetLoader      - Loading from disk: /assets/sounds/system/notification.wav
14:29:01.430 [FXGL Launcher Thread     ] DEBUG FXGLAssetLoader      - Loading from disk: /assets/sounds/menu/select.wav
14:29:01.432 [FXGL Launcher Thread     ] DEBUG FXGLAssetLoader      - Loading from disk: /assets/sounds/menu/back.wav
14:29:01.434 [FXGL Launcher Thread     ] DEBUG FXGLAssetLoader      - Loading from disk: /assets/sounds/menu/press.wav
14:29:01.437 [FXGL Launcher Thread     ] DEBUG FXGLAssetLoader      - Loading from disk: /assets/ui/fonts/Copperplate_Gothic_Light_Regular.ttf
14:29:01.520 [FXGL Launcher Thread     ] DEBUG FXGLAssetLoader      - Loading from disk: /assets/ui/css/fxgl.css
14:29:01.520 [FXGL Launcher Thread     ] DEBUG FXGLAssetLoader      - Loading from disk: /assets/ui/icons/fxgl_icon.png
14:29:01.550 [FXGL Launcher Thread     ] DEBUG FXGLAssetLoader      - Loading from disk: /assets/ui/css/fxgl_dark.css
14:29:01.560 [FXGL Launcher Thread     ] DEBUG FXGLDisplay          - Target size: DoubleProperty [value: 800.0] x DoubleProperty [value: 700.0] @ 1.0
14:29:01.560 [FXGL Launcher Thread     ] DEBUG FXGLDisplay          - New size:    800.0 x 700.0 @ DoubleProperty [value: 1.0]
14:29:01.560 [FXGL Launcher Thread     ] DEBUG FXGLDisplay          - Service [Display] initialized
14:29:01.560 [FXGL Launcher Thread     ] DEBUG FXGLDisplay          - Using CSS: CSS(externalForm=jar:file:/C:/Users/Mack/Documents/NetBeansProjects/MotherLoad/MotherLoad/lib/fxgl-0.2.9-uber.jar!/assets/ui/css/fxgl_dark.css)
14:29:01.560 [FXGL Launcher Thread     ] DEBUG InitScenesTask       - Injecting loadingScene & gameScene
14:29:01.589 [FXGL Launcher Thread     ] DEBUG FXGLMasterTimer      - Service [MasterTimer] initialized
14:29:01.591 [FXGL Launcher Thread     ] DEBUG FXGLAudioPlayer      - Service [AudioPlayer] initialized
14:29:01.599 [FXGL Launcher Thread     ] DEBUG InitProfilerTask     - Injecting profiler
14:29:01.599 [FXGL Launcher Thread     ] DEBUG GameApplication      - Starting new game
14:29:01.600 [FXGL Launcher Thread     ] DEBUG GameApplication      - Initializing App
14:29:01.601 [FXGL Launcher Thread     ] DEBUG FXGLInput            - Clearing active input actions
14:29:01.602 [FXGL Launcher Thread     ] DEBUG FXGLMasterTimer      - Stopping master timer
14:29:01.602 [FXGL Launcher Thread     ] DEBUG GameApplication      - State: STARTUP -> PAUSED
14:29:01.603 [FXGL Launcher Thread     ] DEBUG FXGLEventBus         - Firing event: FXGLEvent[type=PAUSE]
14:29:01.604 [FXGL Launcher Thread     ] DEBUG FXGLInput            - Clearing active input actions
14:29:01.604 [FXGL Launcher Thread     ] DEBUG FXGLMasterTimer      - Resetting ticks and clearing all actions
14:29:01.604 [FXGL Launcher Thread     ] DEBUG GameWorld            - Resetting game world
14:29:01.604 [FXGL Launcher Thread     ] TRACE EntityWorld          - Resetting entity world
14:29:01.605 [FXGL Launcher Thread     ] DEBUG PhysicsWorld         - Resetting physics world
14:29:01.606 [FXGL Launcher Thread     ] DEBUG GameScene            - Resetting game scene
14:29:01.606 [FXGL Launcher Thread     ] DEBUG FXGLEventBus         - Firing event: FXGLEvent[type=RESET]
14:29:01.668 [FXGL Launcher Thread     ] DEBUG GameApplication      - State: PAUSED -> LOADING
14:29:01.695 [FXGL Background Thread 1 ] DEBUG InitAppTask          - Initializing Assets
14:29:01.696 [FXGL Background Thread 1 ] DEBUG InitAppTask          - Initializing Game
14:29:01.709 [FXGL Background Thread 1 ] DEBUG FXGLAssetLoader      - Loading from disk: /assets/textures/PlayerLeft.png
14:29:01.715 [FXGL Background Thread 1 ] DEBUG FXGLAssetLoader      - Loading from disk: /assets/textures/Ground1.png
14:29:01.717 [FXGL Background Thread 1 ] DEBUG FXGLAssetLoader      - Loading from cache: /assets/textures/Ground1.png
14:29:01.717 [FXGL Background Thread 1 ] DEBUG FXGLAssetLoader      - Loading from cache: /assets/textures/Ground1.png
14:29:01.718 [FXGL Background Thread 1 ] DEBUG FXGLAssetLoader      - Loading from cache: /assets/textures/Ground1.png
14:29:01.719 [FXGL Background Thread 1 ] DEBUG FXGLAssetLoader      - Loading from cache: /assets/textures/Ground1.png
14:29:01.720 [FXGL Background Thread 1 ] DEBUG FXGLAssetLoader      - Loading from cache: /assets/textures/Ground1.png
14:29:01.721 [FXGL Background Thread 1 ] DEBUG FXGLAssetLoader      - Loading from cache: /assets/textures/Ground1.png
14:29:01.722 [FXGL Background Thread 1 ] DEBUG FXGLAssetLoader      - Loading from cache: /assets/textures/Ground1.png
14:29:01.723 [FXGL Background Thread 1 ] DEBUG FXGLAssetLoader      - Loading from cache: /assets/textures/Ground1.png
14:29:01.724 [FXGL Background Thread 1 ] DEBUG FXGLAssetLoader      - Loading from cache: /assets/textures/Ground1.png
14:29:01.725 [FXGL Background Thread 1 ] DEBUG InitAppTask          - Initializing Physics
14:29:01.725 [FXGL Background Thread 1 ] DEBUG InitAppTask          - Initializing UI
14:29:01.725 [FXGL Background Thread 1 ] DEBUG InitAppTask          - Initialization Complete
14:29:01.754 [JavaFX Application Thread] DEBUG FXGLDisplay          - Showing stage
14:29:01.754 [JavaFX Application Thread] DEBUG FXGLDisplay          - Root size: 800.0x700.0
14:29:01.754 [JavaFX Application Thread] DEBUG FXGLDisplay          - Scene size: 800.0x700.0
14:29:01.754 [JavaFX Application Thread] DEBUG FXGLDisplay          - Stage size: 816.0x739.0
14:29:01.827 [JavaFX Application Thread] DEBUG FXGLInput            - Clearing active input actions
14:29:01.828 [JavaFX Application Thread] DEBUG FXGLMasterTimer      - Starting master timer
14:29:01.828 [JavaFX Application Thread] DEBUG GameApplication      - State: LOADING -> PLAYING
14:29:01.833 [JavaFX Application Thread] DEBUG FXGLEventBus         - Firing event: FXGLEvent[type=RESUME]
14:29:01.837 [JavaFX Application Thread] DEBUG GameScene            - Entity added to scene
14:29:01.837 [JavaFX Application Thread] DEBUG GameScene            - Added MainViewComponent
14:29:01.840 [JavaFX Application Thread] DEBUG GameScene            - Creating render group for layer: TOP(2147483647)
14:29:01.843 [JavaFX Application Thread] DEBUG GameScene            - Entity added to scene
14:29:01.843 [JavaFX Application Thread] DEBUG GameScene            - Added MainViewComponent
14:29:01.844 [JavaFX Application Thread] DEBUG GameScene            - Entity added to scene
14:29:01.844 [JavaFX Application Thread] DEBUG GameScene            - Added MainViewComponent
14:29:01.844 [JavaFX Application Thread] DEBUG GameScene            - Entity added to scene
14:29:01.844 [JavaFX Application Thread] DEBUG GameScene            - Added MainViewComponent
14:29:01.845 [JavaFX Application Thread] DEBUG GameScene            - Entity added to scene
14:29:01.845 [JavaFX Application Thread] DEBUG GameScene            - Added MainViewComponent
14:29:01.845 [JavaFX Application Thread] DEBUG GameScene            - Entity added to scene
14:29:01.845 [JavaFX Application Thread] DEBUG GameScene            - Added MainViewComponent
14:29:01.845 [JavaFX Application Thread] DEBUG GameScene            - Entity added to scene
14:29:01.845 [JavaFX Application Thread] DEBUG GameScene            - Added MainViewComponent
14:29:01.846 [JavaFX Application Thread] DEBUG GameScene            - Entity added to scene
14:29:01.846 [JavaFX Application Thread] DEBUG GameScene            - Added MainViewComponent
14:29:01.846 [JavaFX Application Thread] DEBUG GameScene            - Entity added to scene
14:29:01.846 [JavaFX Application Thread] DEBUG GameScene            - Added MainViewComponent
14:29:01.846 [JavaFX Application Thread] DEBUG GameScene            - Entity added to scene
14:29:01.846 [JavaFX Application Thread] DEBUG GameScene            - Added MainViewComponent
14:29:01.847 [JavaFX Application Thread] DEBUG GameScene            - Entity added to scene
14:29:01.847 [JavaFX Application Thread] DEBUG GameScene            - Added MainViewComponent
14:29:09.990 [JavaFX Application Thread] DEBUG FXGLEventBus         - Firing event: DisplayEvent[type=CLOSE_REQUEST]
14:29:09.991 [JavaFX Application Thread] DEBUG FXGLEventBus         - Firing event: FXGLEvent[type=EXIT]
14:29:09.994 [JavaFX Application Thread] DEBUG FXGL                 - Saving FXGL system data
14:29:09.995 [JavaFX Application Thread] DEBUG IOTask               - Executing task: writeDataTask(system/fxgl.bundle)
14:29:09.996 [JavaFX Application Thread] DEBUG FS                   - Writing to: system\fxgl.bundle
14:29:10.001 [JavaFX Application Thread] DEBUG IOTask               - Task succeeded: writeDataTask(system/fxgl.bundle)
