17:01:46.638 [FXGL Launcher Thread     ] DEBUG FXGLLoggerFactory    - Service [LoggerFactory] initialized
17:01:46.642 [FXGL Launcher Thread     ] DEBUG FXGL                 - FXGL configuration complete
17:01:46.642 [FXGL Launcher Thread     ] DEBUG FXGL                 - Loading FXGL system data
17:01:46.644 [FXGL Launcher Thread     ] DEBUG IOTask               - Executing task: readDataTask(system/fxgl.bundle)
17:01:46.647 [FXGL Launcher Thread     ] DEBUG FS                   - Reading from: system\fxgl.bundle
17:01:46.651 [FXGL Launcher Thread     ] DEBUG IOTask               - Task succeeded: readDataTask(system/fxgl.bundle)
17:01:46.651 [FXGL Launcher Thread     ] DEBUG Bundle               - Logging bundle: FXGL
17:01:46.652 [FXGL Launcher Thread     ] DEBUG Bundle               - FXGL.offline.timer.version.check=2017-01-12T08:38:28.585
17:01:46.658 [FXGL Launcher Thread     ] DEBUG GameApplication      - Configuring GameApplication
17:01:46.661 [FXGL Launcher Thread     ] DEBUG FXGLExceptionHandler - Service [ExceptionHandler] initialized
17:01:46.661 [FXGL Launcher Thread     ] DEBUG FXGLEventBus         - Service [EventBus] initialized
17:01:46.664 [FXGL Launcher Thread     ] DEBUG FXGLExecutor         - Service [Executor] initialized
17:01:46.664 [FXGL Launcher Thread     ] DEBUG PreInitTask          - Injecting gameWorld & physicsWorld
17:01:46.668 [FXGL Launcher Thread     ] DEBUG GameWorld            - Game world initialized
17:01:46.700 [FXGL Launcher Thread     ] DEBUG FXGLPooler           - Service [Pooler] initialized with default size = 128
17:01:46.700 [FXGL Launcher Thread     ] DEBUG PhysicsWorld         - Physics world initialized: appHeight=700.0, physics.ppm=50.0
17:01:46.701 [FXGL Launcher Thread     ] DEBUG FXGLInput            - Service [Input] initialized
17:01:46.717 [FXGL Launcher Thread     ] DEBUG FXGLInput            - Registered new binding: Screenshot - P
17:01:46.717 [FXGL Launcher Thread     ] DEBUG FXGLInput            - Registered new binding: Dev Options - CTRL+0
17:01:46.717 [FXGL Launcher Thread     ] DEBUG FXGLInput            - Registered new binding: Move Up - W
17:01:46.717 [FXGL Launcher Thread     ] DEBUG FXGLInput            - Registered new binding: Move Right - A
17:01:46.717 [FXGL Launcher Thread     ] DEBUG FXGLInput            - Registered new binding: Move Left - D
17:01:46.718 [FXGL Launcher Thread     ] DEBUG FXGLInput            - Registered new binding: Move Down - S
17:01:46.739 [FXGL Launcher Thread     ] DEBUG GameScene            - Game scene initialized: 800.0x700.0
17:01:46.744 [FXGL Launcher Thread     ] DEBUG FXGLAssetLoader      - Service [AssetLoader] initialized: cacheSize=35
17:01:46.746 [FXGL Launcher Thread     ] DEBUG FXGLAssetLoader      - Loading from disk: /assets/sounds/system/notification.wav
17:01:46.769 [FXGL Launcher Thread     ] DEBUG FXGLAssetLoader      - Loading from disk: /assets/sounds/menu/select.wav
17:01:46.771 [FXGL Launcher Thread     ] DEBUG FXGLAssetLoader      - Loading from disk: /assets/sounds/menu/back.wav
17:01:46.773 [FXGL Launcher Thread     ] DEBUG FXGLAssetLoader      - Loading from disk: /assets/sounds/menu/press.wav
17:01:46.775 [FXGL Launcher Thread     ] DEBUG FXGLAssetLoader      - Loading from disk: /assets/ui/fonts/Copperplate_Gothic_Light_Regular.ttf
17:01:46.912 [FXGL Launcher Thread     ] DEBUG FXGLAssetLoader      - Loading from disk: /assets/ui/css/fxgl.css
17:01:46.912 [FXGL Launcher Thread     ] DEBUG FXGLAssetLoader      - Loading from disk: /assets/ui/icons/fxgl_icon.png
17:01:46.943 [FXGL Launcher Thread     ] DEBUG FXGLAssetLoader      - Loading from disk: /assets/ui/css/fxgl_dark.css
17:01:46.952 [FXGL Launcher Thread     ] DEBUG FXGLDisplay          - Target size: DoubleProperty [value: 800.0] x DoubleProperty [value: 700.0] @ 1.0
17:01:46.952 [FXGL Launcher Thread     ] DEBUG FXGLDisplay          - New size:    800.0 x 700.0 @ DoubleProperty [value: 1.0]
17:01:46.952 [FXGL Launcher Thread     ] DEBUG FXGLDisplay          - Service [Display] initialized
17:01:46.953 [FXGL Launcher Thread     ] DEBUG FXGLDisplay          - Using CSS: CSS(externalForm=jar:file:/I:/Documents/NetBeansProjects/MotherLoad/MotherLoad/lib/fxgl-0.2.9-uber.jar!/assets/ui/css/fxgl_dark.css)
17:01:46.953 [FXGL Launcher Thread     ] DEBUG InitScenesTask       - Injecting loadingScene & gameScene
17:01:46.974 [FXGL Launcher Thread     ] DEBUG FXGLMasterTimer      - Service [MasterTimer] initialized
17:01:46.976 [FXGL Launcher Thread     ] DEBUG FXGLAudioPlayer      - Service [AudioPlayer] initialized
17:01:46.983 [FXGL Launcher Thread     ] DEBUG InitProfilerTask     - Injecting profiler
17:01:46.983 [FXGL Launcher Thread     ] DEBUG GameApplication      - Starting new game
17:01:46.985 [FXGL Launcher Thread     ] DEBUG GameApplication      - Initializing App
17:01:46.986 [FXGL Launcher Thread     ] DEBUG FXGLInput            - Clearing active input actions
17:01:46.986 [FXGL Launcher Thread     ] DEBUG FXGLMasterTimer      - Stopping master timer
17:01:46.986 [FXGL Launcher Thread     ] DEBUG GameApplication      - State: STARTUP -> PAUSED
17:01:46.986 [FXGL Launcher Thread     ] DEBUG FXGLEventBus         - Firing event: FXGLEvent[type=PAUSE]
17:01:46.988 [FXGL Launcher Thread     ] DEBUG FXGLInput            - Clearing active input actions
17:01:46.988 [FXGL Launcher Thread     ] DEBUG FXGLMasterTimer      - Resetting ticks and clearing all actions
17:01:46.988 [FXGL Launcher Thread     ] DEBUG GameWorld            - Resetting game world
17:01:46.988 [FXGL Launcher Thread     ] TRACE EntityWorld          - Resetting entity world
17:01:46.990 [FXGL Launcher Thread     ] DEBUG PhysicsWorld         - Resetting physics world
17:01:46.990 [FXGL Launcher Thread     ] DEBUG GameScene            - Resetting game scene
17:01:46.990 [FXGL Launcher Thread     ] DEBUG FXGLEventBus         - Firing event: FXGLEvent[type=RESET]
17:01:47.040 [FXGL Launcher Thread     ] DEBUG GameApplication      - State: PAUSED -> LOADING
17:01:47.066 [FXGL Background Thread 1 ] DEBUG InitAppTask          - Initializing Assets
17:01:47.067 [FXGL Background Thread 1 ] DEBUG InitAppTask          - Initializing Game
17:01:47.082 [FXGL Background Thread 1 ] DEBUG InitAppTask          - Initializing Physics
17:01:47.082 [FXGL Background Thread 1 ] DEBUG InitAppTask          - Initializing UI
17:01:47.082 [FXGL Background Thread 1 ] DEBUG InitAppTask          - Initialization Complete
17:01:47.113 [JavaFX Application Thread] DEBUG FXGLDisplay          - Showing stage
17:01:47.113 [JavaFX Application Thread] DEBUG FXGLDisplay          - Root size: 800.0x700.0
17:01:47.113 [JavaFX Application Thread] DEBUG FXGLDisplay          - Scene size: 800.0x700.0
17:01:47.114 [JavaFX Application Thread] DEBUG FXGLDisplay          - Stage size: 816.0x739.0
17:01:47.156 [JavaFX Application Thread] DEBUG FXGLInput            - Clearing active input actions
17:01:47.156 [JavaFX Application Thread] DEBUG FXGLMasterTimer      - Starting master timer
17:01:47.156 [JavaFX Application Thread] DEBUG GameApplication      - State: LOADING -> PLAYING
17:01:47.161 [JavaFX Application Thread] DEBUG FXGLEventBus         - Firing event: FXGLEvent[type=RESUME]
17:01:47.164 [JavaFX Application Thread] DEBUG GameScene            - Entity added to scene
17:01:47.164 [JavaFX Application Thread] DEBUG GameScene            - Added MainViewComponent
17:01:47.166 [JavaFX Application Thread] DEBUG GameScene            - Creating render group for layer: TOP(2147483647)
17:01:49.952 [JavaFX Application Thread] DEBUG FXGLEventBus         - Firing event: DisplayEvent[type=CLOSE_REQUEST]
17:01:49.952 [JavaFX Application Thread] DEBUG FXGLEventBus         - Firing event: FXGLEvent[type=EXIT]
17:01:49.955 [JavaFX Application Thread] DEBUG FXGL                 - Saving FXGL system data
17:01:49.956 [JavaFX Application Thread] DEBUG IOTask               - Executing task: writeDataTask(system/fxgl.bundle)
17:01:49.957 [JavaFX Application Thread] DEBUG FS                   - Writing to: system\fxgl.bundle
17:01:49.960 [JavaFX Application Thread] DEBUG IOTask               - Task succeeded: writeDataTask(system/fxgl.bundle)
