16:15:03.309 [FXGL Launcher Thread     ] DEBUG FXGLLoggerFactory    - Service [LoggerFactory] initialized
16:15:03.313 [FXGL Launcher Thread     ] DEBUG FXGL                 - FXGL configuration complete
16:15:03.313 [FXGL Launcher Thread     ] DEBUG FXGL                 - Loading FXGL system data
16:15:03.315 [FXGL Launcher Thread     ] DEBUG IOTask               - Executing task: readDataTask(system/fxgl.bundle)
16:15:03.318 [FXGL Launcher Thread     ] DEBUG FS                   - Reading from: system\fxgl.bundle
16:15:03.323 [FXGL Launcher Thread     ] DEBUG IOTask               - Task succeeded: readDataTask(system/fxgl.bundle)
16:15:03.323 [FXGL Launcher Thread     ] DEBUG Bundle               - Logging bundle: FXGL
16:15:03.323 [FXGL Launcher Thread     ] DEBUG Bundle               - FXGL.offline.timer.version.check=2017-01-12T08:38:28.585
16:15:03.328 [FXGL Launcher Thread     ] DEBUG GameApplication      - Configuring GameApplication
16:15:03.331 [FXGL Launcher Thread     ] DEBUG FXGLExceptionHandler - Service [ExceptionHandler] initialized
16:15:03.332 [FXGL Launcher Thread     ] DEBUG FXGLEventBus         - Service [EventBus] initialized
16:15:03.335 [FXGL Launcher Thread     ] DEBUG FXGLExecutor         - Service [Executor] initialized
16:15:03.335 [FXGL Launcher Thread     ] DEBUG PreInitTask          - Injecting gameWorld & physicsWorld
16:15:03.339 [FXGL Launcher Thread     ] DEBUG GameWorld            - Game world initialized
16:15:03.372 [FXGL Launcher Thread     ] DEBUG FXGLPooler           - Service [Pooler] initialized with default size = 128
16:15:03.372 [FXGL Launcher Thread     ] DEBUG PhysicsWorld         - Physics world initialized: appHeight=700.0, physics.ppm=50.0
16:15:03.373 [FXGL Launcher Thread     ] DEBUG FXGLInput            - Service [Input] initialized
16:15:03.388 [FXGL Launcher Thread     ] DEBUG FXGLInput            - Registered new binding: Screenshot - P
16:15:03.388 [FXGL Launcher Thread     ] DEBUG FXGLInput            - Registered new binding: Dev Options - CTRL+0
16:15:03.389 [FXGL Launcher Thread     ] DEBUG FXGLInput            - Registered new binding: Move With Mouse - PRIMARY
16:15:03.412 [FXGL Launcher Thread     ] DEBUG GameScene            - Game scene initialized: 800.0x700.0
16:15:03.419 [FXGL Launcher Thread     ] DEBUG FXGLAssetLoader      - Service [AssetLoader] initialized: cacheSize=35
16:15:03.420 [FXGL Launcher Thread     ] DEBUG FXGLAssetLoader      - Loading from disk: /assets/sounds/system/notification.wav
16:15:03.445 [FXGL Launcher Thread     ] DEBUG FXGLAssetLoader      - Loading from disk: /assets/sounds/menu/select.wav
16:15:03.446 [FXGL Launcher Thread     ] DEBUG FXGLAssetLoader      - Loading from disk: /assets/sounds/menu/back.wav
16:15:03.448 [FXGL Launcher Thread     ] DEBUG FXGLAssetLoader      - Loading from disk: /assets/sounds/menu/press.wav
16:15:03.449 [FXGL Launcher Thread     ] DEBUG FXGLAssetLoader      - Loading from disk: /assets/ui/fonts/Copperplate_Gothic_Light_Regular.ttf
16:15:03.586 [FXGL Launcher Thread     ] DEBUG FXGLAssetLoader      - Loading from disk: /assets/ui/css/fxgl.css
16:15:03.586 [FXGL Launcher Thread     ] DEBUG FXGLAssetLoader      - Loading from disk: /assets/ui/icons/fxgl_icon.png
16:15:03.620 [FXGL Launcher Thread     ] DEBUG FXGLAssetLoader      - Loading from disk: /assets/ui/css/fxgl_dark.css
16:15:03.629 [FXGL Launcher Thread     ] DEBUG FXGLDisplay          - Target size: DoubleProperty [value: 800.0] x DoubleProperty [value: 700.0] @ 1.0
16:15:03.629 [FXGL Launcher Thread     ] DEBUG FXGLDisplay          - New size:    800.0 x 700.0 @ DoubleProperty [value: 1.0]
16:15:03.629 [FXGL Launcher Thread     ] DEBUG FXGLDisplay          - Service [Display] initialized
16:15:03.630 [FXGL Launcher Thread     ] DEBUG FXGLDisplay          - Using CSS: CSS(externalForm=jar:file:/I:/Documents/NetBeansProjects/MotherLoad/MotherLoad/lib/fxgl-0.2.9-uber.jar!/assets/ui/css/fxgl_dark.css)
16:15:03.630 [FXGL Launcher Thread     ] DEBUG InitScenesTask       - Injecting loadingScene & gameScene
16:15:03.652 [FXGL Launcher Thread     ] DEBUG FXGLMasterTimer      - Service [MasterTimer] initialized
16:15:03.654 [FXGL Launcher Thread     ] DEBUG FXGLAudioPlayer      - Service [AudioPlayer] initialized
16:15:03.661 [FXGL Launcher Thread     ] DEBUG InitProfilerTask     - Injecting profiler
16:15:03.661 [FXGL Launcher Thread     ] DEBUG GameApplication      - Starting new game
16:15:03.663 [FXGL Launcher Thread     ] DEBUG GameApplication      - Initializing App
16:15:03.664 [FXGL Launcher Thread     ] DEBUG FXGLInput            - Clearing active input actions
16:15:03.664 [FXGL Launcher Thread     ] DEBUG FXGLMasterTimer      - Stopping master timer
16:15:03.664 [FXGL Launcher Thread     ] DEBUG GameApplication      - State: STARTUP -> PAUSED
16:15:03.664 [FXGL Launcher Thread     ] DEBUG FXGLEventBus         - Firing event: FXGLEvent[type=PAUSE]
16:15:03.666 [FXGL Launcher Thread     ] DEBUG FXGLInput            - Clearing active input actions
16:15:03.666 [FXGL Launcher Thread     ] DEBUG FXGLMasterTimer      - Resetting ticks and clearing all actions
16:15:03.666 [FXGL Launcher Thread     ] DEBUG GameWorld            - Resetting game world
16:15:03.666 [FXGL Launcher Thread     ] TRACE EntityWorld          - Resetting entity world
16:15:03.667 [FXGL Launcher Thread     ] DEBUG PhysicsWorld         - Resetting physics world
16:15:03.667 [FXGL Launcher Thread     ] DEBUG GameScene            - Resetting game scene
16:15:03.667 [FXGL Launcher Thread     ] DEBUG FXGLEventBus         - Firing event: FXGLEvent[type=RESET]
16:15:03.717 [FXGL Launcher Thread     ] DEBUG GameApplication      - State: PAUSED -> LOADING
16:15:03.745 [FXGL Background Thread 1 ] DEBUG InitAppTask          - Initializing Assets
16:15:03.746 [FXGL Background Thread 1 ] DEBUG InitAppTask          - Initializing Game
16:15:03.765 [FXGL Background Thread 1 ] DEBUG FXGLAssetLoader      - Loading from disk: /assets/textures/Ground1.png
16:15:03.771 [FXGL Background Thread 1 ] DEBUG FXGLAssetLoader      - Loading from cache: /assets/textures/Ground1.png
16:15:03.772 [FXGL Background Thread 1 ] DEBUG FXGLAssetLoader      - Loading from cache: /assets/textures/Ground1.png
16:15:03.773 [FXGL Background Thread 1 ] DEBUG FXGLAssetLoader      - Loading from cache: /assets/textures/Ground1.png
16:15:03.774 [FXGL Background Thread 1 ] DEBUG FXGLAssetLoader      - Loading from cache: /assets/textures/Ground1.png
16:15:03.775 [FXGL Background Thread 1 ] DEBUG FXGLAssetLoader      - Loading from cache: /assets/textures/Ground1.png
16:15:03.776 [FXGL Background Thread 1 ] DEBUG FXGLAssetLoader      - Loading from cache: /assets/textures/Ground1.png
16:15:03.777 [FXGL Background Thread 1 ] DEBUG FXGLAssetLoader      - Loading from cache: /assets/textures/Ground1.png
16:15:03.778 [FXGL Background Thread 1 ] DEBUG FXGLAssetLoader      - Loading from cache: /assets/textures/Ground1.png
16:15:03.779 [FXGL Background Thread 1 ] DEBUG FXGLAssetLoader      - Loading from cache: /assets/textures/Ground1.png
16:15:03.780 [FXGL Background Thread 1 ] DEBUG FXGLAssetLoader      - Loading from cache: /assets/textures/Ground1.png
16:15:03.781 [FXGL Background Thread 1 ] DEBUG FXGLAssetLoader      - Loading from cache: /assets/textures/Ground1.png
16:15:03.782 [FXGL Background Thread 1 ] DEBUG FXGLAssetLoader      - Loading from cache: /assets/textures/Ground1.png
16:15:03.783 [FXGL Background Thread 1 ] DEBUG FXGLAssetLoader      - Loading from cache: /assets/textures/Ground1.png
16:15:03.783 [FXGL Background Thread 1 ] DEBUG FXGLAssetLoader      - Loading from cache: /assets/textures/Ground1.png
16:15:03.785 [FXGL Background Thread 1 ] DEBUG FXGLAssetLoader      - Loading from cache: /assets/textures/Ground1.png
16:15:03.786 [FXGL Background Thread 1 ] DEBUG FXGLAssetLoader      - Loading from cache: /assets/textures/Ground1.png
16:15:03.786 [FXGL Background Thread 1 ] DEBUG FXGLAssetLoader      - Loading from cache: /assets/textures/Ground1.png
16:15:03.787 [FXGL Background Thread 1 ] DEBUG FXGLAssetLoader      - Loading from cache: /assets/textures/Ground1.png
16:15:03.788 [FXGL Background Thread 1 ] DEBUG FXGLAssetLoader      - Loading from cache: /assets/textures/Ground1.png
16:15:03.789 [FXGL Background Thread 1 ] DEBUG FXGLAssetLoader      - Loading from cache: /assets/textures/Ground1.png
16:15:03.789 [FXGL Background Thread 1 ] DEBUG FXGLAssetLoader      - Loading from cache: /assets/textures/Ground1.png
16:15:03.790 [FXGL Background Thread 1 ] DEBUG FXGLAssetLoader      - Loading from cache: /assets/textures/Ground1.png
16:15:03.791 [FXGL Background Thread 1 ] DEBUG FXGLAssetLoader      - Loading from cache: /assets/textures/Ground1.png
16:15:03.791 [FXGL Background Thread 1 ] DEBUG FXGLAssetLoader      - Loading from cache: /assets/textures/Ground1.png
16:15:03.792 [FXGL Background Thread 1 ] DEBUG FXGLAssetLoader      - Loading from cache: /assets/textures/Ground1.png
16:15:03.793 [FXGL Background Thread 1 ] DEBUG FXGLAssetLoader      - Loading from cache: /assets/textures/Ground1.png
16:15:03.793 [FXGL Background Thread 1 ] DEBUG FXGLAssetLoader      - Loading from cache: /assets/textures/Ground1.png
16:15:03.794 [FXGL Background Thread 1 ] DEBUG FXGLAssetLoader      - Loading from cache: /assets/textures/Ground1.png
16:15:03.795 [FXGL Background Thread 1 ] DEBUG FXGLAssetLoader      - Loading from cache: /assets/textures/Ground1.png
16:15:03.795 [FXGL Background Thread 1 ] DEBUG FXGLAssetLoader      - Loading from cache: /assets/textures/Ground1.png
16:15:03.796 [FXGL Background Thread 1 ] DEBUG FXGLAssetLoader      - Loading from cache: /assets/textures/Ground1.png
16:15:03.796 [FXGL Background Thread 1 ] DEBUG FXGLAssetLoader      - Loading from cache: /assets/textures/Ground1.png
16:15:03.797 [FXGL Background Thread 1 ] DEBUG FXGLAssetLoader      - Loading from cache: /assets/textures/Ground1.png
16:15:03.797 [FXGL Background Thread 1 ] DEBUG FXGLAssetLoader      - Loading from cache: /assets/textures/Ground1.png
16:15:03.798 [FXGL Background Thread 1 ] DEBUG FXGLAssetLoader      - Loading from cache: /assets/textures/Ground1.png
16:15:03.799 [FXGL Background Thread 1 ] DEBUG FXGLAssetLoader      - Loading from cache: /assets/textures/Ground1.png
16:15:03.799 [FXGL Background Thread 1 ] DEBUG FXGLAssetLoader      - Loading from cache: /assets/textures/Ground1.png
16:15:03.800 [FXGL Background Thread 1 ] DEBUG FXGLAssetLoader      - Loading from cache: /assets/textures/Ground1.png
16:15:03.801 [FXGL Background Thread 1 ] DEBUG FXGLAssetLoader      - Loading from cache: /assets/textures/Ground1.png
16:15:03.801 [FXGL Background Thread 1 ] DEBUG FXGLAssetLoader      - Loading from cache: /assets/textures/Ground1.png
16:15:03.802 [FXGL Background Thread 1 ] DEBUG FXGLAssetLoader      - Loading from cache: /assets/textures/Ground1.png
16:15:03.803 [FXGL Background Thread 1 ] DEBUG FXGLAssetLoader      - Loading from cache: /assets/textures/Ground1.png
16:15:03.803 [JavaFX Application Thread] DEBUG FXGLDisplay          - Showing stage
16:15:03.803 [JavaFX Application Thread] DEBUG FXGLDisplay          - Root size: 800.0x700.0
16:15:03.803 [JavaFX Application Thread] DEBUG FXGLDisplay          - Scene size: 800.0x700.0
16:15:03.803 [FXGL Background Thread 1 ] DEBUG FXGLAssetLoader      - Loading from cache: /assets/textures/Ground1.png
16:15:03.804 [JavaFX Application Thread] DEBUG FXGLDisplay          - Stage size: 816.0x739.0
16:15:03.804 [FXGL Background Thread 1 ] DEBUG FXGLAssetLoader      - Loading from cache: /assets/textures/Ground1.png
16:15:03.805 [FXGL Background Thread 1 ] DEBUG FXGLAssetLoader      - Loading from cache: /assets/textures/Ground1.png
16:15:03.806 [FXGL Background Thread 1 ] DEBUG FXGLAssetLoader      - Loading from cache: /assets/textures/Ground1.png
16:15:03.806 [FXGL Background Thread 1 ] DEBUG FXGLAssetLoader      - Loading from cache: /assets/textures/Ground1.png
16:15:03.807 [FXGL Background Thread 1 ] DEBUG FXGLAssetLoader      - Loading from cache: /assets/textures/Ground1.png
16:15:03.807 [FXGL Background Thread 1 ] DEBUG FXGLAssetLoader      - Loading from cache: /assets/textures/Ground1.png
16:15:03.808 [FXGL Background Thread 1 ] DEBUG FXGLAssetLoader      - Loading from cache: /assets/textures/Ground1.png
16:15:03.808 [FXGL Background Thread 1 ] DEBUG FXGLAssetLoader      - Loading from cache: /assets/textures/Ground1.png
16:15:03.809 [FXGL Background Thread 1 ] DEBUG FXGLAssetLoader      - Loading from cache: /assets/textures/Ground1.png
16:15:03.810 [FXGL Background Thread 1 ] DEBUG FXGLAssetLoader      - Loading from cache: /assets/textures/Ground1.png
16:15:03.810 [FXGL Background Thread 1 ] DEBUG FXGLAssetLoader      - Loading from cache: /assets/textures/Ground1.png
16:15:03.811 [FXGL Background Thread 1 ] DEBUG FXGLAssetLoader      - Loading from cache: /assets/textures/Ground1.png
16:15:03.811 [FXGL Background Thread 1 ] DEBUG FXGLAssetLoader      - Loading from cache: /assets/textures/Ground1.png
16:15:03.812 [FXGL Background Thread 1 ] DEBUG FXGLAssetLoader      - Loading from cache: /assets/textures/Ground1.png
16:15:03.813 [FXGL Background Thread 1 ] DEBUG FXGLAssetLoader      - Loading from cache: /assets/textures/Ground1.png
16:15:03.813 [FXGL Background Thread 1 ] DEBUG FXGLAssetLoader      - Loading from cache: /assets/textures/Ground1.png
16:15:03.814 [FXGL Background Thread 1 ] DEBUG FXGLAssetLoader      - Loading from cache: /assets/textures/Ground1.png
16:15:03.815 [FXGL Background Thread 1 ] DEBUG FXGLAssetLoader      - Loading from cache: /assets/textures/Ground1.png
16:15:03.815 [FXGL Background Thread 1 ] DEBUG FXGLAssetLoader      - Loading from cache: /assets/textures/Ground1.png
16:15:03.816 [FXGL Background Thread 1 ] DEBUG FXGLAssetLoader      - Loading from cache: /assets/textures/Ground1.png
16:15:03.817 [FXGL Background Thread 1 ] DEBUG FXGLAssetLoader      - Loading from cache: /assets/textures/Ground1.png
16:15:03.817 [FXGL Background Thread 1 ] DEBUG FXGLAssetLoader      - Loading from cache: /assets/textures/Ground1.png
16:15:03.818 [FXGL Background Thread 1 ] DEBUG FXGLAssetLoader      - Loading from cache: /assets/textures/Ground1.png
16:15:03.819 [FXGL Background Thread 1 ] DEBUG FXGLAssetLoader      - Loading from cache: /assets/textures/Ground1.png
16:15:03.819 [FXGL Background Thread 1 ] DEBUG FXGLAssetLoader      - Loading from cache: /assets/textures/Ground1.png
16:15:03.820 [FXGL Background Thread 1 ] DEBUG FXGLAssetLoader      - Loading from cache: /assets/textures/Ground1.png
16:15:03.821 [FXGL Background Thread 1 ] DEBUG FXGLAssetLoader      - Loading from cache: /assets/textures/Ground1.png
16:15:03.821 [FXGL Background Thread 1 ] DEBUG FXGLAssetLoader      - Loading from cache: /assets/textures/Ground1.png
16:15:03.822 [FXGL Background Thread 1 ] DEBUG FXGLAssetLoader      - Loading from cache: /assets/textures/Ground1.png
16:15:03.822 [FXGL Background Thread 1 ] DEBUG FXGLAssetLoader      - Loading from cache: /assets/textures/Ground1.png
16:15:03.823 [FXGL Background Thread 1 ] DEBUG FXGLAssetLoader      - Loading from cache: /assets/textures/Ground1.png
16:15:03.823 [FXGL Background Thread 1 ] DEBUG InitAppTask          - Initializing Physics
16:15:03.823 [FXGL Background Thread 1 ] DEBUG InitAppTask          - Initializing UI
16:15:03.824 [FXGL Background Thread 1 ] DEBUG InitAppTask          - Initialization Complete
16:15:03.863 [JavaFX Application Thread] DEBUG FXGLInput            - Clearing active input actions
16:15:03.864 [JavaFX Application Thread] DEBUG FXGLMasterTimer      - Starting master timer
16:15:03.864 [JavaFX Application Thread] DEBUG GameApplication      - State: LOADING -> PLAYING
16:15:03.869 [JavaFX Application Thread] DEBUG FXGLEventBus         - Firing event: FXGLEvent[type=RESUME]
16:15:03.873 [JavaFX Application Thread] DEBUG GameScene            - Entity added to scene
16:15:03.873 [JavaFX Application Thread] DEBUG GameScene            - Added MainViewComponent
16:15:03.875 [JavaFX Application Thread] DEBUG GameScene            - Creating render group for layer: TOP(2147483647)
16:15:03.878 [JavaFX Application Thread] DEBUG GameScene            - Entity added to scene
16:15:03.878 [JavaFX Application Thread] DEBUG GameScene            - Added MainViewComponent
16:15:03.878 [JavaFX Application Thread] DEBUG GameScene            - Entity added to scene
16:15:03.878 [JavaFX Application Thread] DEBUG GameScene            - Added MainViewComponent
16:15:03.879 [JavaFX Application Thread] DEBUG GameScene            - Entity added to scene
16:15:03.879 [JavaFX Application Thread] DEBUG GameScene            - Added MainViewComponent
16:15:03.879 [JavaFX Application Thread] DEBUG GameScene            - Entity added to scene
16:15:03.879 [JavaFX Application Thread] DEBUG GameScene            - Added MainViewComponent
16:15:03.879 [JavaFX Application Thread] DEBUG GameScene            - Entity added to scene
16:15:03.879 [JavaFX Application Thread] DEBUG GameScene            - Added MainViewComponent
16:15:03.879 [JavaFX Application Thread] DEBUG GameScene            - Entity added to scene
16:15:03.879 [JavaFX Application Thread] DEBUG GameScene            - Added MainViewComponent
16:15:03.880 [JavaFX Application Thread] DEBUG GameScene            - Entity added to scene
16:15:03.880 [JavaFX Application Thread] DEBUG GameScene            - Added MainViewComponent
16:15:03.880 [JavaFX Application Thread] DEBUG GameScene            - Entity added to scene
16:15:03.880 [JavaFX Application Thread] DEBUG GameScene            - Added MainViewComponent
16:15:03.880 [JavaFX Application Thread] DEBUG GameScene            - Entity added to scene
16:15:03.880 [JavaFX Application Thread] DEBUG GameScene            - Added MainViewComponent
16:15:03.880 [JavaFX Application Thread] DEBUG GameScene            - Entity added to scene
16:15:03.880 [JavaFX Application Thread] DEBUG GameScene            - Added MainViewComponent
16:15:03.881 [JavaFX Application Thread] DEBUG GameScene            - Entity added to scene
16:15:03.881 [JavaFX Application Thread] DEBUG GameScene            - Added MainViewComponent
16:15:03.881 [JavaFX Application Thread] DEBUG GameScene            - Entity added to scene
16:15:03.881 [JavaFX Application Thread] DEBUG GameScene            - Added MainViewComponent
16:15:03.881 [JavaFX Application Thread] DEBUG GameScene            - Entity added to scene
16:15:03.881 [JavaFX Application Thread] DEBUG GameScene            - Added MainViewComponent
16:15:03.881 [JavaFX Application Thread] DEBUG GameScene            - Entity added to scene
16:15:03.881 [JavaFX Application Thread] DEBUG GameScene            - Added MainViewComponent
16:15:03.882 [JavaFX Application Thread] DEBUG GameScene            - Entity added to scene
16:15:03.882 [JavaFX Application Thread] DEBUG GameScene            - Added MainViewComponent
16:15:03.882 [JavaFX Application Thread] DEBUG GameScene            - Entity added to scene
16:15:03.882 [JavaFX Application Thread] DEBUG GameScene            - Added MainViewComponent
16:15:03.882 [JavaFX Application Thread] DEBUG GameScene            - Entity added to scene
16:15:03.882 [JavaFX Application Thread] DEBUG GameScene            - Added MainViewComponent
16:15:03.883 [JavaFX Application Thread] DEBUG GameScene            - Entity added to scene
16:15:03.883 [JavaFX Application Thread] DEBUG GameScene            - Added MainViewComponent
16:15:03.883 [JavaFX Application Thread] DEBUG GameScene            - Entity added to scene
16:15:03.883 [JavaFX Application Thread] DEBUG GameScene            - Added MainViewComponent
16:15:03.883 [JavaFX Application Thread] DEBUG GameScene            - Entity added to scene
16:15:03.883 [JavaFX Application Thread] DEBUG GameScene            - Added MainViewComponent
16:15:03.883 [JavaFX Application Thread] DEBUG GameScene            - Entity added to scene
16:15:03.883 [JavaFX Application Thread] DEBUG GameScene            - Added MainViewComponent
16:15:03.883 [JavaFX Application Thread] DEBUG GameScene            - Entity added to scene
16:15:03.883 [JavaFX Application Thread] DEBUG GameScene            - Added MainViewComponent
16:15:03.884 [JavaFX Application Thread] DEBUG GameScene            - Entity added to scene
16:15:03.884 [JavaFX Application Thread] DEBUG GameScene            - Added MainViewComponent
16:15:03.884 [JavaFX Application Thread] DEBUG GameScene            - Entity added to scene
16:15:03.884 [JavaFX Application Thread] DEBUG GameScene            - Added MainViewComponent
16:15:03.884 [JavaFX Application Thread] DEBUG GameScene            - Entity added to scene
16:15:03.884 [JavaFX Application Thread] DEBUG GameScene            - Added MainViewComponent
16:15:03.884 [JavaFX Application Thread] DEBUG GameScene            - Entity added to scene
16:15:03.884 [JavaFX Application Thread] DEBUG GameScene            - Added MainViewComponent
16:15:03.884 [JavaFX Application Thread] DEBUG GameScene            - Entity added to scene
16:15:03.885 [JavaFX Application Thread] DEBUG GameScene            - Added MainViewComponent
16:15:03.885 [JavaFX Application Thread] DEBUG GameScene            - Entity added to scene
16:15:03.885 [JavaFX Application Thread] DEBUG GameScene            - Added MainViewComponent
16:15:03.885 [JavaFX Application Thread] DEBUG GameScene            - Entity added to scene
16:15:03.885 [JavaFX Application Thread] DEBUG GameScene            - Added MainViewComponent
16:15:03.885 [JavaFX Application Thread] DEBUG GameScene            - Entity added to scene
16:15:03.885 [JavaFX Application Thread] DEBUG GameScene            - Added MainViewComponent
16:15:03.885 [JavaFX Application Thread] DEBUG GameScene            - Entity added to scene
16:15:03.885 [JavaFX Application Thread] DEBUG GameScene            - Added MainViewComponent
16:15:03.886 [JavaFX Application Thread] DEBUG GameScene            - Entity added to scene
16:15:03.886 [JavaFX Application Thread] DEBUG GameScene            - Added MainViewComponent
16:15:03.886 [JavaFX Application Thread] DEBUG GameScene            - Entity added to scene
16:15:03.886 [JavaFX Application Thread] DEBUG GameScene            - Added MainViewComponent
16:15:03.886 [JavaFX Application Thread] DEBUG GameScene            - Entity added to scene
16:15:03.886 [JavaFX Application Thread] DEBUG GameScene            - Added MainViewComponent
16:15:03.886 [JavaFX Application Thread] DEBUG GameScene            - Entity added to scene
16:15:03.886 [JavaFX Application Thread] DEBUG GameScene            - Added MainViewComponent
16:15:03.886 [JavaFX Application Thread] DEBUG GameScene            - Entity added to scene
16:15:03.886 [JavaFX Application Thread] DEBUG GameScene            - Added MainViewComponent
16:15:03.887 [JavaFX Application Thread] DEBUG GameScene            - Entity added to scene
16:15:03.887 [JavaFX Application Thread] DEBUG GameScene            - Added MainViewComponent
16:15:03.887 [JavaFX Application Thread] DEBUG GameScene            - Entity added to scene
16:15:03.887 [JavaFX Application Thread] DEBUG GameScene            - Added MainViewComponent
16:15:03.887 [JavaFX Application Thread] DEBUG GameScene            - Entity added to scene
16:15:03.887 [JavaFX Application Thread] DEBUG GameScene            - Added MainViewComponent
16:15:03.887 [JavaFX Application Thread] DEBUG GameScene            - Entity added to scene
16:15:03.887 [JavaFX Application Thread] DEBUG GameScene            - Added MainViewComponent
16:15:03.888 [JavaFX Application Thread] DEBUG GameScene            - Entity added to scene
16:15:03.888 [JavaFX Application Thread] DEBUG GameScene            - Added MainViewComponent
16:15:03.888 [JavaFX Application Thread] DEBUG GameScene            - Entity added to scene
16:15:03.888 [JavaFX Application Thread] DEBUG GameScene            - Added MainViewComponent
16:15:03.888 [JavaFX Application Thread] DEBUG GameScene            - Entity added to scene
16:15:03.888 [JavaFX Application Thread] DEBUG GameScene            - Added MainViewComponent
16:15:03.888 [JavaFX Application Thread] DEBUG GameScene            - Entity added to scene
16:15:03.888 [JavaFX Application Thread] DEBUG GameScene            - Added MainViewComponent
16:15:03.888 [JavaFX Application Thread] DEBUG GameScene            - Entity added to scene
16:15:03.888 [JavaFX Application Thread] DEBUG GameScene            - Added MainViewComponent
16:15:03.889 [JavaFX Application Thread] DEBUG GameScene            - Entity added to scene
16:15:03.889 [JavaFX Application Thread] DEBUG GameScene            - Added MainViewComponent
16:15:03.889 [JavaFX Application Thread] DEBUG GameScene            - Entity added to scene
16:15:03.889 [JavaFX Application Thread] DEBUG GameScene            - Added MainViewComponent
16:15:03.889 [JavaFX Application Thread] DEBUG GameScene            - Entity added to scene
16:15:03.889 [JavaFX Application Thread] DEBUG GameScene            - Added MainViewComponent
16:15:03.889 [JavaFX Application Thread] DEBUG GameScene            - Entity added to scene
16:15:03.889 [JavaFX Application Thread] DEBUG GameScene            - Added MainViewComponent
16:15:03.890 [JavaFX Application Thread] DEBUG GameScene            - Entity added to scene
16:15:03.890 [JavaFX Application Thread] DEBUG GameScene            - Added MainViewComponent
16:15:03.890 [JavaFX Application Thread] DEBUG GameScene            - Entity added to scene
16:15:03.890 [JavaFX Application Thread] DEBUG GameScene            - Added MainViewComponent
16:15:03.890 [JavaFX Application Thread] DEBUG GameScene            - Entity added to scene
16:15:03.890 [JavaFX Application Thread] DEBUG GameScene            - Added MainViewComponent
16:15:03.890 [JavaFX Application Thread] DEBUG GameScene            - Entity added to scene
16:15:03.890 [JavaFX Application Thread] DEBUG GameScene            - Added MainViewComponent
16:15:03.890 [JavaFX Application Thread] DEBUG GameScene            - Entity added to scene
16:15:03.890 [JavaFX Application Thread] DEBUG GameScene            - Added MainViewComponent
16:15:03.891 [JavaFX Application Thread] DEBUG GameScene            - Entity added to scene
16:15:03.891 [JavaFX Application Thread] DEBUG GameScene            - Added MainViewComponent
16:15:03.891 [JavaFX Application Thread] DEBUG GameScene            - Entity added to scene
16:15:03.891 [JavaFX Application Thread] DEBUG GameScene            - Added MainViewComponent
16:15:03.891 [JavaFX Application Thread] DEBUG GameScene            - Entity added to scene
16:15:03.891 [JavaFX Application Thread] DEBUG GameScene            - Added MainViewComponent
16:15:03.891 [JavaFX Application Thread] DEBUG GameScene            - Entity added to scene
16:15:03.891 [JavaFX Application Thread] DEBUG GameScene            - Added MainViewComponent
16:15:03.891 [JavaFX Application Thread] DEBUG GameScene            - Entity added to scene
16:15:03.891 [JavaFX Application Thread] DEBUG GameScene            - Added MainViewComponent
16:15:03.892 [JavaFX Application Thread] DEBUG GameScene            - Entity added to scene
16:15:03.892 [JavaFX Application Thread] DEBUG GameScene            - Added MainViewComponent
16:15:03.892 [JavaFX Application Thread] DEBUG GameScene            - Entity added to scene
16:15:03.892 [JavaFX Application Thread] DEBUG GameScene            - Added MainViewComponent
16:15:03.892 [JavaFX Application Thread] DEBUG GameScene            - Entity added to scene
16:15:03.892 [JavaFX Application Thread] DEBUG GameScene            - Added MainViewComponent
16:15:03.892 [JavaFX Application Thread] DEBUG GameScene            - Entity added to scene
16:15:03.892 [JavaFX Application Thread] DEBUG GameScene            - Added MainViewComponent
16:15:03.892 [JavaFX Application Thread] DEBUG GameScene            - Entity added to scene
16:15:03.892 [JavaFX Application Thread] DEBUG GameScene            - Added MainViewComponent
16:15:03.893 [JavaFX Application Thread] DEBUG GameScene            - Entity added to scene
16:15:03.893 [JavaFX Application Thread] DEBUG GameScene            - Added MainViewComponent
16:15:03.893 [JavaFX Application Thread] DEBUG GameScene            - Entity added to scene
16:15:03.893 [JavaFX Application Thread] DEBUG GameScene            - Added MainViewComponent
16:15:03.893 [JavaFX Application Thread] DEBUG GameScene            - Entity added to scene
16:15:03.893 [JavaFX Application Thread] DEBUG GameScene            - Added MainViewComponent
16:15:03.893 [JavaFX Application Thread] DEBUG GameScene            - Entity added to scene
16:15:03.893 [JavaFX Application Thread] DEBUG GameScene            - Added MainViewComponent
16:15:03.893 [JavaFX Application Thread] DEBUG GameScene            - Entity added to scene
16:15:03.894 [JavaFX Application Thread] DEBUG GameScene            - Added MainViewComponent
16:15:03.894 [JavaFX Application Thread] DEBUG GameScene            - Entity added to scene
16:15:03.894 [JavaFX Application Thread] DEBUG GameScene            - Added MainViewComponent
16:15:03.894 [JavaFX Application Thread] DEBUG GameScene            - Entity added to scene
16:15:03.894 [JavaFX Application Thread] DEBUG GameScene            - Added MainViewComponent
16:15:03.894 [JavaFX Application Thread] DEBUG GameScene            - Entity added to scene
16:15:03.894 [JavaFX Application Thread] DEBUG GameScene            - Added MainViewComponent
16:15:03.894 [JavaFX Application Thread] DEBUG GameScene            - Entity added to scene
16:15:03.894 [JavaFX Application Thread] DEBUG GameScene            - Added MainViewComponent
16:15:03.894 [JavaFX Application Thread] DEBUG GameScene            - Entity added to scene
16:15:03.894 [JavaFX Application Thread] DEBUG GameScene            - Added MainViewComponent
16:15:03.895 [JavaFX Application Thread] DEBUG GameScene            - Entity added to scene
16:15:03.895 [JavaFX Application Thread] DEBUG GameScene            - Added MainViewComponent
16:15:06.280 [JavaFX Application Thread] DEBUG FXGLEventBus         - Firing event: DisplayEvent[type=CLOSE_REQUEST]
16:15:06.281 [JavaFX Application Thread] DEBUG FXGLEventBus         - Firing event: FXGLEvent[type=EXIT]
16:15:06.283 [JavaFX Application Thread] DEBUG FXGL                 - Saving FXGL system data
16:15:06.284 [JavaFX Application Thread] DEBUG IOTask               - Executing task: writeDataTask(system/fxgl.bundle)
16:15:06.286 [JavaFX Application Thread] DEBUG FS                   - Writing to: system\fxgl.bundle
16:15:06.288 [JavaFX Application Thread] DEBUG IOTask               - Task succeeded: writeDataTask(system/fxgl.bundle)
